[VERSION]: 4.12
[INFO] Scanning for projects...
Downloading from central: https://repo.maven.apache.org/maven2/org/sonatype/plugins/nexus-staging-maven-plugin/1.6.3/nexus-staging-maven-plugin-1.6.3.pom
Progress (1): 2.2/12 kB
Progress (1): 5.0/12 kB
Progress (1): 7.8/12 kB
Progress (1): 11/12 kB 
Progress (1): 12 kB   
                   
Downloaded from central: https://repo.maven.apache.org/maven2/org/sonatype/plugins/nexus-staging-maven-plugin/1.6.3/nexus-staging-maven-plugin-1.6.3.pom (12 kB at 11 kB/s)
Downloading from central: https://repo.maven.apache.org/maven2/org/sonatype/nexus/maven/nexus-staging/1.6.3/nexus-staging-1.6.3.pom
Progress (1): 2.2/2.9 kB
Progress (1): 2.9 kB    
                    
Downloaded from central: https://repo.maven.apache.org/maven2/org/sonatype/nexus/maven/nexus-staging/1.6.3/nexus-staging-1.6.3.pom (2.9 kB at 7.9 kB/s)
Downloading from central: https://repo.maven.apache.org/maven2/org/sonatype/nexus/maven/nexus-maven-plugins/1.6.3/nexus-maven-plugins-1.6.3.pom
Progress (1): 2.2/17 kB
Progress (1): 5.0/17 kB
Progress (1): 7.8/17 kB
Progress (1): 11/17 kB 
Progress (1): 13/17 kB
Progress (1): 16/17 kB
Progress (1): 17 kB   
                   
Downloaded from central: https://repo.maven.apache.org/maven2/org/sonatype/nexus/maven/nexus-maven-plugins/1.6.3/nexus-maven-plugins-1.6.3.pom (17 kB at 32 kB/s)
Downloading from central: https://repo.maven.apache.org/maven2/org/sonatype/buildsupport/public-parent/5/public-parent-5.pom
Progress (1): 760 B
                   
Downloaded from central: https://repo.maven.apache.org/maven2/org/sonatype/buildsupport/public-parent/5/public-parent-5.pom (760 B at 2.1 kB/s)
Downloading from central: https://repo.maven.apache.org/maven2/org/sonatype/buildsupport/buildsupport/5/buildsupport-5.pom
Progress (1): 2.8/22 kB
Progress (1): 3.7/22 kB
Progress (1): 6.4/22 kB
Progress (1): 7.8/22 kB
Progress (1): 11/22 kB 
Progress (1): 12/22 kB
Progress (1): 15/22 kB
Progress (1): 16/22 kB
Progress (1): 19/22 kB
Progress (1): 21/22 kB
Progress (1): 22 kB   
                   
Downloaded from central: https://repo.maven.apache.org/maven2/org/sonatype/buildsupport/buildsupport/5/buildsupport-5.pom (22 kB at 60 kB/s)
Downloading from central: https://repo.maven.apache.org/maven2/org/sonatype/nexus/maven/nexus-common/1.6.3/nexus-common-1.6.3.pom
Progress (1): 2.2 kB
                    
Downloaded from central: https://repo.maven.apache.org/maven2/org/sonatype/nexus/maven/nexus-common/1.6.3/nexus-common-1.6.3.pom (2.2 kB at 6.1 kB/s)
Downloading from central: https://repo.maven.apache.org/maven2/org/sonatype/plexus/plexus-sec-dispatcher/1.4/plexus-sec-dispatcher-1.4.pom
Progress (1): 2.2/3.0 kB
Progress (1): 3.0 kB    
                    
Downloaded from central: https://repo.maven.apache.org/maven2/org/sonatype/plexus/plexus-sec-dispatcher/1.4/plexus-sec-dispatcher-1.4.pom (3.0 kB at 8.1 kB/s)
Downloading from central: https://repo.maven.apache.org/maven2/org/sonatype/plexus/plexus-cipher/1.7/plexus-cipher-1.7.pom
Progress (1): 2.8/4.2 kB
Progress (1): 4.2 kB    
                    
Downloaded from central: https://repo.maven.apache.org/maven2/org/sonatype/plexus/plexus-cipher/1.7/plexus-cipher-1.7.pom (4.2 kB at 11 kB/s)
Downloading from central: https://repo.maven.apache.org/maven2/com/google/guava/guava/14.0.1/guava-14.0.1.pom
Progress (1): 0.6/5.4 kB
Progress (1): 3.4/5.4 kB
Progress (1): 5.4 kB    
                    
Downloaded from central: https://repo.maven.apache.org/maven2/com/google/guava/guava/14.0.1/guava-14.0.1.pom (5.4 kB at 15 kB/s)
Downloading from central: https://repo.maven.apache.org/maven2/com/google/guava/guava-parent/14.0.1/guava-parent-14.0.1.pom
Progress (1): 2.6 kB
                    
Downloaded from central: https://repo.maven.apache.org/maven2/com/google/guava/guava-parent/14.0.1/guava-parent-14.0.1.pom (2.6 kB at 7.0 kB/s)
Downloading from central: https://repo.maven.apache.org/maven2/org/sonatype/nexus/nexus-client-core/2.7.2-01/nexus-client-core-2.7.2-01.pom
Progress (1): 2.2/4.7 kB
Progress (1): 4.7 kB    
                    
Downloaded from central: https://repo.maven.apache.org/maven2/org/sonatype/nexus/nexus-client-core/2.7.2-01/nexus-client-core-2.7.2-01.pom (4.7 kB at 13 kB/s)
Downloading from central: https://repo.maven.apache.org/maven2/org/sonatype/nexus/nexus-components/2.7.2-01/nexus-components-2.7.2-01.pom
Progress (1): 2.2/2.7 kB
Progress (1): 2.7 kB    
                    
Downloaded from central: https://repo.maven.apache.org/maven2/org/sonatype/nexus/nexus-components/2.7.2-01/nexus-components-2.7.2-01.pom (2.7 kB at 7.5 kB/s)
Downloading from central: https://repo.maven.apache.org/maven2/org/sonatype/nexus/nexus-oss/2.7.2-01/nexus-oss-2.7.2-01.pom
Progress (1): 2.2/36 kB
Progress (1): 5.0/36 kB
Progress (1): 7.8/36 kB
Progress (1): 11/36 kB 
Progress (1): 13/36 kB
Progress (1): 16/36 kB
Progress (1): 19/36 kB
Progress (1): 21/36 kB
Progress (1): 24/36 kB
Progress (1): 27/36 kB
Progress (1): 30/36 kB
Progress (1): 32/36 kB
Progress (1): 35/36 kB
Progress (1): 36 kB   
                   
Downloaded from central: https://repo.maven.apache.org/maven2/org/sonatype/nexus/nexus-oss/2.7.2-01/nexus-oss-2.7.2-01.pom (36 kB at 94 kB/s)
Downloading from central: https://repo.maven.apache.org/maven2/org/sonatype/nexus/buildsupport/nexus-buildsupport-all/2.7.2-01/nexus-buildsupport-all-2.7.2-01.pom
Progress (1): 2.2/5.2 kB
Progress (1): 5.0/5.2 kB
Progress (1): 5.2 kB    
                    
Downloaded from central: https://repo.maven.apache.org/maven2/org/sonatype/nexus/buildsupport/nexus-buildsupport-all/2.7.2-01/nexus-buildsupport-all-2.7.2-01.pom (5.2 kB at 14 kB/s)
Downloading from central: https://repo.maven.apache.org/maven2/org/sonatype/nexus/buildsupport/nexus-buildsupport/2.7.2-01/nexus-buildsupport-2.7.2-01.pom
Progress (1): 1.9 kB
                    
Downloaded from central: https://repo.maven.apache.org/maven2/org/sonatype/nexus/buildsupport/nexus-buildsupport/2.7.2-01/nexus-buildsupport-2.7.2-01.pom (1.9 kB at 5.2 kB/s)
Downloading from rso-public-grid: https://repository.sonatype.org/content/groups/sonatype-public-grid/org/sonatype/nexus/buildsupport/nexus-buildsupport-commons/2.7.2-01/nexus-buildsupport-commons-2.7.2-01.pom
Progress (1): 3.0 kB
                    
Downloaded from rso-public-grid: https://repository.sonatype.org/content/groups/sonatype-public-grid/org/sonatype/nexus/buildsupport/nexus-buildsupport-commons/2.7.2-01/nexus-buildsupport-commons-2.7.2-01.pom (3.0 kB at 2.2 kB/s)
Downloading from rso-public-grid: https://repository.sonatype.org/content/groups/sonatype-public-grid/org/sonatype/nexus/buildsupport/nexus-buildsupport-httpclient/2.7.2-01/nexus-buildsupport-httpclient-2.7.2-01.pom
Progress (1): 2.1 kB
                    
Downloaded from rso-public-grid: https://repository.sonatype.org/content/groups/sonatype-public-grid/org/sonatype/nexus/buildsupport/nexus-buildsupport-httpclient/2.7.2-01/nexus-buildsupport-httpclient-2.7.2-01.pom (2.1 kB at 4.2 kB/s)
Downloading from rso-public-grid: https://repository.sonatype.org/content/groups/sonatype-public-grid/org/sonatype/nexus/buildsupport/nexus-buildsupport-maven/2.7.2-01/nexus-buildsupport-maven-2.7.2-01.pom
Progress (1): 4.1/6.2 kB
Progress (1): 6.2 kB    
                    
Downloaded from rso-public-grid: https://repository.sonatype.org/content/groups/sonatype-public-grid/org/sonatype/nexus/buildsupport/nexus-buildsupport-maven/2.7.2-01/nexus-buildsupport-maven-2.7.2-01.pom (6.2 kB at 12 kB/s)
Downloading from rso-public-grid: https://repository.sonatype.org/content/groups/sonatype-public-grid/org/sonatype/nexus/buildsupport/nexus-buildsupport-shiro/2.7.2-01/nexus-buildsupport-shiro-2.7.2-01.pom
Progress (1): 3.4 kB
                    
Downloaded from rso-public-grid: https://repository.sonatype.org/content/groups/sonatype-public-grid/org/sonatype/nexus/buildsupport/nexus-buildsupport-shiro/2.7.2-01/nexus-buildsupport-shiro-2.7.2-01.pom (3.4 kB at 6.7 kB/s)
Downloading from rso-public-grid: https://repository.sonatype.org/content/groups/sonatype-public-grid/org/sonatype/nexus/buildsupport/nexus-buildsupport-bouncycastle/2.7.2-01/nexus-buildsupport-bouncycastle-2.7.2-01.pom
Progress (1): 2.1 kB
                    
Downloaded from rso-public-grid: https://repository.sonatype.org/content/groups/sonatype-public-grid/org/sonatype/nexus/buildsupport/nexus-buildsupport-bouncycastle/2.7.2-01/nexus-buildsupport-bouncycastle-2.7.2-01.pom (2.1 kB at 4.1 kB/s)
Downloading from rso-public-grid: https://repository.sonatype.org/content/groups/sonatype-public-grid/org/sonatype/nexus/buildsupport/nexus-buildsupport-jetty/2.7.2-01/nexus-buildsupport-jetty-2.7.2-01.pom
Progress (1): 3.8/4.5 kB
Progress (1): 4.5 kB    
                    
Downloaded from rso-public-grid: https://repository.sonatype.org/content/groups/sonatype-public-grid/org/sonatype/nexus/buildsupport/nexus-buildsupport-jetty/2.7.2-01/nexus-buildsupport-jetty-2.7.2-01.pom (4.5 kB at 8.9 kB/s)
Downloading from rso-public-grid: https://repository.sonatype.org/content/groups/sonatype-public-grid/org/sonatype/nexus/buildsupport/nexus-buildsupport-goodies/2.7.2-01/nexus-buildsupport-goodies-2.7.2-01.pom
Progress (1): 3.6 kB
                    
Downloaded from rso-public-grid: https://repository.sonatype.org/content/groups/sonatype-public-grid/org/sonatype/nexus/buildsupport/nexus-buildsupport-goodies/2.7.2-01/nexus-buildsupport-goodies-2.7.2-01.pom (3.6 kB at 7.2 kB/s)
Downloading from rso-public-grid: https://repository.sonatype.org/content/groups/sonatype-public-grid/org/sonatype/nexus/buildsupport/nexus-buildsupport-groovy/2.7.2-01/nexus-buildsupport-groovy-2.7.2-01.pom
Progress (1): 2.6 kB
                    
Downloaded from rso-public-grid: https://repository.sonatype.org/content/groups/sonatype-public-grid/org/sonatype/nexus/buildsupport/nexus-buildsupport-groovy/2.7.2-01/nexus-buildsupport-groovy-2.7.2-01.pom (2.6 kB at 5.3 kB/s)
Downloading from rso-public-grid: https://repository.sonatype.org/content/groups/sonatype-public-grid/org/sonatype/nexus/buildsupport/nexus-buildsupport-guice/2.7.2-01/nexus-buildsupport-guice-2.7.2-01.pom
Progress (1): 3.4 kB
                    
Downloaded from rso-public-grid: https://repository.sonatype.org/content/groups/sonatype-public-grid/org/sonatype/nexus/buildsupport/nexus-buildsupport-guice/2.7.2-01/nexus-buildsupport-guice-2.7.2-01.pom (3.4 kB at 6.9 kB/s)
Downloading from rso-public-grid: https://repository.sonatype.org/content/groups/sonatype-public-grid/org/sonatype/nexus/buildsupport/nexus-buildsupport-logging/2.7.2-01/nexus-buildsupport-logging-2.7.2-01.pom
Progress (1): 3.1 kB
                    
Downloaded from rso-public-grid: https://repository.sonatype.org/content/groups/sonatype-public-grid/org/sonatype/nexus/buildsupport/nexus-buildsupport-logging/2.7.2-01/nexus-buildsupport-logging-2.7.2-01.pom (3.1 kB at 6.2 kB/s)
Downloading from rso-public-grid: https://repository.sonatype.org/content/groups/sonatype-public-grid/org/sonatype/nexus/buildsupport/nexus-buildsupport-other/2.7.2-01/nexus-buildsupport-other-2.7.2-01.pom
Progress (1): 4.1/5.0 kB
Progress (1): 5.0 kB    
                    
Downloaded from rso-public-grid: https://repository.sonatype.org/content/groups/sonatype-public-grid/org/sonatype/nexus/buildsupport/nexus-buildsupport-other/2.7.2-01/nexus-buildsupport-other-2.7.2-01.pom (5.0 kB at 9.7 kB/s)
Downloading from rso-public-grid: https://repository.sonatype.org/content/groups/sonatype-public-grid/org/sonatype/nexus/buildsupport/nexus-buildsupport-plexus/2.7.2-01/nexus-buildsupport-plexus-2.7.2-01.pom
Progress (1): 4.1/4.3 kB
Progress (1): 4.3 kB    
                    
Downloaded from rso-public-grid: https://repository.sonatype.org/content/groups/sonatype-public-grid/org/sonatype/nexus/buildsupport/nexus-buildsupport-plexus/2.7.2-01/nexus-buildsupport-plexus-2.7.2-01.pom (4.3 kB at 8.6 kB/s)
Downloading from rso-public-grid: https://repository.sonatype.org/content/groups/sonatype-public-grid/org/sonatype/nexus/buildsupport/nexus-buildsupport-rest/2.7.2-01/nexus-buildsupport-rest-2.7.2-01.pom
Progress (1): 4.1/4.4 kB
Progress (1): 4.4 kB    
                    
Downloaded from rso-public-grid: https://repository.sonatype.org/content/groups/sonatype-public-grid/org/sonatype/nexus/buildsupport/nexus-buildsupport-rest/2.7.2-01/nexus-buildsupport-rest-2.7.2-01.pom (4.4 kB at 8.7 kB/s)
Downloading from rso-public-grid: https://repository.sonatype.org/content/groups/sonatype-public-grid/org/sonatype/nexus/buildsupport/nexus-buildsupport-testing/2.7.2-01/nexus-buildsupport-testing-2.7.2-01.pom
Progress (1): 4.1/4.5 kB
Progress (1): 4.5 kB    
                    
Downloaded from rso-public-grid: https://repository.sonatype.org/content/groups/sonatype-public-grid/org/sonatype/nexus/buildsupport/nexus-buildsupport-testing/2.7.2-01/nexus-buildsupport-testing-2.7.2-01.pom (4.5 kB at 9.0 kB/s)
Downloading from rso-public-grid: https://repository.sonatype.org/content/groups/sonatype-public-grid/org/sonatype/nexus/buildsupport/nexus-buildsupport-metrics/2.7.2-01/nexus-buildsupport-metrics-2.7.2-01.pom
Progress (1): 3.0 kB
                    
Downloaded from rso-public-grid: https://repository.sonatype.org/content/groups/sonatype-public-grid/org/sonatype/nexus/buildsupport/nexus-buildsupport-metrics/2.7.2-01/nexus-buildsupport-metrics-2.7.2-01.pom (3.0 kB at 6.1 kB/s)
Downloading from central: https://repo.maven.apache.org/maven2/org/sonatype/nexus/plugins/nexus-restlet1x-model/2.7.2-01/nexus-restlet1x-model-2.7.2-01.pom
Progress (1): 2.2/3.5 kB
Progress (1): 3.5 kB    
                    
Downloaded from central: https://repo.maven.apache.org/maven2/org/sonatype/nexus/plugins/nexus-restlet1x-model/2.7.2-01/nexus-restlet1x-model-2.7.2-01.pom (3.5 kB at 9.6 kB/s)
Downloading from central: https://repo.maven.apache.org/maven2/org/sonatype/nexus/plugins/nexus-plugins-restlet1x/2.7.2-01/nexus-plugins-restlet1x-2.7.2-01.pom
Progress (1): 2.2/6.0 kB
Progress (1): 5.0/6.0 kB
Progress (1): 6.0 kB    
                    
Downloaded from central: https://repo.maven.apache.org/maven2/org/sonatype/nexus/plugins/nexus-plugins-restlet1x/2.7.2-01/nexus-plugins-restlet1x-2.7.2-01.pom (6.0 kB at 16 kB/s)
Downloading from central: https://repo.maven.apache.org/maven2/org/sonatype/nexus/plugins/nexus-plugins/2.7.2-01/nexus-plugins-2.7.2-01.pom
Progress (1): 2.2/25 kB
Progress (1): 5.0/25 kB
Progress (1): 7.8/25 kB
Progress (1): 11/25 kB 
Progress (1): 13/25 kB
Progress (1): 16/25 kB
Progress (1): 19/25 kB
Progress (1): 21/25 kB
Progress (1): 24/25 kB
Progress (1): 25 kB   
                   
Downloaded from central: https://repo.maven.apache.org/maven2/org/sonatype/nexus/plugins/nexus-plugins/2.7.2-01/nexus-plugins-2.7.2-01.pom (25 kB at 68 kB/s)
Downloading from central: https://repo.maven.apache.org/maven2/org/apache/maven/maven-model/3.0.4/maven-model-3.0.4.pom
Progress (1): 2.8/3.8 kB
Progress (1): 3.8 kB    
                    
Downloaded from central: https://repo.maven.apache.org/maven2/org/apache/maven/maven-model/3.0.4/maven-model-3.0.4.pom (3.8 kB at 10 kB/s)
Downloading from central: https://repo.maven.apache.org/maven2/org/apache/maven/maven/3.0.4/maven-3.0.4.pom
Progress (1): 2.2/22 kB
Progress (1): 2.3/22 kB
Progress (1): 5.1/22 kB
Progress (1): 7.8/22 kB
Progress (1): 11/22 kB 
Progress (1): 13/22 kB
Progress (1): 16/22 kB
Progress (1): 19/22 kB
Progress (1): 21/22 kB
Progress (1): 22 kB   
                   
Downloaded from central: https://repo.maven.apache.org/maven2/org/apache/maven/maven/3.0.4/maven-3.0.4.pom (22 kB at 59 kB/s)
Downloading from central: https://repo.maven.apache.org/maven2/org/slf4j/slf4j-api/1.7.5/slf4j-api-1.7.5.pom
Progress (1): 2.7 kB
                    
Downloaded from central: https://repo.maven.apache.org/maven2/org/slf4j/slf4j-api/1.7.5/slf4j-api-1.7.5.pom (2.7 kB at 7.4 kB/s)
Downloading from central: https://repo.maven.apache.org/maven2/org/slf4j/slf4j-parent/1.7.5/slf4j-parent-1.7.5.pom
Progress (1): 2.2/12 kB
Progress (1): 2.4/12 kB
Progress (1): 5.1/12 kB
Progress (1): 7.9/12 kB
Progress (1): 11/12 kB 
Progress (1): 12 kB   
                   
Downloaded from central: https://repo.maven.apache.org/maven2/org/slf4j/slf4j-parent/1.7.5/slf4j-parent-1.7.5.pom (12 kB at 32 kB/s)
Downloading from central: https://repo.maven.apache.org/maven2/com/intellij/annotations/9.0.4/annotations-9.0.4.pom
Progress (1): 1.2 kB
                    
Downloaded from central: https://repo.maven.apache.org/maven2/com/intellij/annotations/9.0.4/annotations-9.0.4.pom (1.2 kB at 3.2 kB/s)
Downloading from central: https://repo.maven.apache.org/maven2/com/thoughtworks/xstream/xstream/1.4.5/xstream-1.4.5.pom
Progress (1): 2.2/11 kB
Progress (1): 5.0/11 kB
Progress (1): 7.8/11 kB
Progress (1): 11/11 kB 
Progress (1): 11 kB   
                   
Downloaded from central: https://repo.maven.apache.org/maven2/com/thoughtworks/xstream/xstream/1.4.5/xstream-1.4.5.pom (11 kB at 30 kB/s)
Downloading from central: https://repo.maven.apache.org/maven2/com/thoughtworks/xstream/xstream-parent/1.4.5/xstream-parent-1.4.5.pom
Progress (1): 2.2/25 kB
Progress (1): 5.0/25 kB
Progress (1): 7.8/25 kB
Progress (1): 11/25 kB 
Progress (1): 13/25 kB
Progress (1): 16/25 kB
Progress (1): 19/25 kB
Progress (1): 21/25 kB
Progress (1): 24/25 kB
Progress (1): 25 kB   
                   
Downloaded from central: https://repo.maven.apache.org/maven2/com/thoughtworks/xstream/xstream-parent/1.4.5/xstream-parent-1.4.5.pom (25 kB at 66 kB/s)
Downloading from central: https://repo.maven.apache.org/maven2/xmlpull/xmlpull/1.1.3.1/xmlpull-1.1.3.1.pom
Progress (1): 386 B
                   
Downloaded from central: https://repo.maven.apache.org/maven2/xmlpull/xmlpull/1.1.3.1/xmlpull-1.1.3.1.pom (386 B at 1.1 kB/s)
Downloading from central: https://repo.maven.apache.org/maven2/xpp3/xpp3_min/1.1.4c/xpp3_min-1.1.4c.pom
Progress (1): 1.6 kB
                    
Downloaded from central: https://repo.maven.apache.org/maven2/xpp3/xpp3_min/1.1.4c/xpp3_min-1.1.4c.pom (1.6 kB at 4.4 kB/s)
Downloading from central: https://repo.maven.apache.org/maven2/joda-time/joda-time/2.2/joda-time-2.2.pom
Progress (1): 2.8/16 kB
Progress (1): 4.3/16 kB
Progress (1): 7.1/16 kB
Progress (1): 9.8/16 kB
Progress (1): 13/16 kB 
Progress (1): 15/16 kB
Progress (1): 16 kB   
                   
Downloaded from central: https://repo.maven.apache.org/maven2/joda-time/joda-time/2.2/joda-time-2.2.pom (16 kB at 43 kB/s)
Downloading from central: https://repo.maven.apache.org/maven2/commons-beanutils/commons-beanutils-core/1.8.3/commons-beanutils-core-1.8.3.pom
Progress (1): 1.6 kB
                    
Downloaded from central: https://repo.maven.apache.org/maven2/commons-beanutils/commons-beanutils-core/1.8.3/commons-beanutils-core-1.8.3.pom (1.6 kB at 4.5 kB/s)
Downloading from central: https://repo.maven.apache.org/maven2/org/sonatype/sisu/siesta/siesta-client/1.5.2/siesta-client-1.5.2.pom
Progress (1): 1.9 kB
                    
Downloaded from central: https://repo.maven.apache.org/maven2/org/sonatype/sisu/siesta/siesta-client/1.5.2/siesta-client-1.5.2.pom (1.9 kB at 5.3 kB/s)
Downloading from central: https://repo.maven.apache.org/maven2/org/sonatype/sisu/siesta/siesta/1.5.2/siesta-1.5.2.pom
Progress (1): 2.2/12 kB
Progress (1): 5.0/12 kB
Progress (1): 7.8/12 kB
Progress (1): 11/12 kB 
Progress (1): 12 kB   
                   
Downloaded from central: https://repo.maven.apache.org/maven2/org/sonatype/sisu/siesta/siesta/1.5.2/siesta-1.5.2.pom (12 kB at 34 kB/s)
Downloading from central: https://repo.maven.apache.org/maven2/org/sonatype/buildsupport/public-parent/3/public-parent-3.pom
Progress (1): 760 B
                   
Downloaded from central: https://repo.maven.apache.org/maven2/org/sonatype/buildsupport/public-parent/3/public-parent-3.pom (760 B at 2.1 kB/s)
Downloading from central: https://repo.maven.apache.org/maven2/org/sonatype/buildsupport/buildsupport/3/buildsupport-3.pom
Progress (1): 2.2/23 kB
Progress (1): 5.0/23 kB
Progress (1): 7.8/23 kB
Progress (1): 11/23 kB 
Progress (1): 13/23 kB
Progress (1): 16/23 kB
Progress (1): 19/23 kB
Progress (1): 21/23 kB
Progress (1): 23 kB   
                   
Downloaded from central: https://repo.maven.apache.org/maven2/org/sonatype/buildsupport/buildsupport/3/buildsupport-3.pom (23 kB at 61 kB/s)
Downloading from central: https://repo.maven.apache.org/maven2/org/sonatype/sisu/siesta/siesta-common/1.5.2/siesta-common-1.5.2.pom
Progress (1): 2.1 kB
                    
Downloaded from central: https://repo.maven.apache.org/maven2/org/sonatype/sisu/siesta/siesta-common/1.5.2/siesta-common-1.5.2.pom (2.1 kB at 5.9 kB/s)
Downloading from central: https://repo.maven.apache.org/maven2/javax/ws/rs/jsr311-api/1.1.1/jsr311-api-1.1.1.pom
Progress (1): 2.2/5.5 kB
Progress (1): 5.0/5.5 kB
Progress (1): 5.5 kB    
                    
Downloaded from central: https://repo.maven.apache.org/maven2/javax/ws/rs/jsr311-api/1.1.1/jsr311-api-1.1.1.pom (5.5 kB at 15 kB/s)
Downloading from central: https://repo.maven.apache.org/maven2/com/sun/jersey/jersey-core/1.17.1/jersey-core-1.17.1.pom
Progress (1): 2.7/10 kB
Progress (1): 5.5/10 kB
Progress (1): 8.3/10 kB
Progress (1): 10 kB    
                   
Downloaded from central: https://repo.maven.apache.org/maven2/com/sun/jersey/jersey-core/1.17.1/jersey-core-1.17.1.pom (10 kB at 28 kB/s)
Downloading from central: https://repo.maven.apache.org/maven2/com/sun/jersey/jersey-project/1.17.1/jersey-project-1.17.1.pom
Progress (1): 1.5/21 kB
Progress (1): 4.2/21 kB
Progress (1): 5.6/21 kB
Progress (1): 8.3/21 kB
Progress (1): 9.7/21 kB
Progress (1): 12/21 kB 
Progress (1): 14/21 kB
Progress (1): 17/21 kB
Progress (1): 19/21 kB
Progress (1): 21 kB   
                   
Downloaded from central: https://repo.maven.apache.org/maven2/com/sun/jersey/jersey-project/1.17.1/jersey-project-1.17.1.pom (21 kB at 57 kB/s)
Downloading from central: https://repo.maven.apache.org/maven2/com/sun/jersey/jersey-client/1.17.1/jersey-client-1.17.1.pom
Progress (1): 2.8/6.7 kB
Progress (1): 5.5/6.7 kB
Progress (1): 6.7 kB    
                    
Downloaded from central: https://repo.maven.apache.org/maven2/com/sun/jersey/jersey-client/1.17.1/jersey-client-1.17.1.pom (6.7 kB at 17 kB/s)
Downloading from central: https://repo.maven.apache.org/maven2/com/sun/jersey/jersey-json/1.17.1/jersey-json-1.17.1.pom
Progress (1): 2.2/10 kB
Progress (1): 5.0/10 kB
Progress (1): 7.8/10 kB
Progress (1): 10 kB    
                   
Downloaded from central: https://repo.maven.apache.org/maven2/com/sun/jersey/jersey-json/1.17.1/jersey-json-1.17.1.pom (10 kB at 26 kB/s)
Downloading from central: https://repo.maven.apache.org/maven2/com/sun/xml/bind/jaxb-impl/2.2.3-1/jaxb-impl-2.2.3-1.pom
Progress (1): 2.2/5.3 kB
Progress (1): 5.0/5.3 kB
Progress (1): 5.3 kB    
                    
Downloaded from central: https://repo.maven.apache.org/maven2/com/sun/xml/bind/jaxb-impl/2.2.3-1/jaxb-impl-2.2.3-1.pom (5.3 kB at 14 kB/s)
Downloading from central: https://repo.maven.apache.org/maven2/org/codehaus/jackson/jackson-core-asl/1.9.2/jackson-core-asl-1.9.2.pom
Progress (1): 1.0 kB
                    
Downloaded from central: https://repo.maven.apache.org/maven2/org/codehaus/jackson/jackson-core-asl/1.9.2/jackson-core-asl-1.9.2.pom (1.0 kB at 2.7 kB/s)
Downloading from central: https://repo.maven.apache.org/maven2/org/codehaus/jackson/jackson-mapper-asl/1.9.2/jackson-mapper-asl-1.9.2.pom
Progress (1): 1.2 kB
                    
Downloaded from central: https://repo.maven.apache.org/maven2/org/codehaus/jackson/jackson-mapper-asl/1.9.2/jackson-mapper-asl-1.9.2.pom (1.2 kB at 3.3 kB/s)
Downloading from central: https://repo.maven.apache.org/maven2/org/codehaus/jackson/jackson-jaxrs/1.9.2/jackson-jaxrs-1.9.2.pom
Progress (1): 1.6 kB
                    
Downloaded from central: https://repo.maven.apache.org/maven2/org/codehaus/jackson/jackson-jaxrs/1.9.2/jackson-jaxrs-1.9.2.pom (1.6 kB at 4.4 kB/s)
Downloading from central: https://repo.maven.apache.org/maven2/org/codehaus/jackson/jackson-xc/1.9.2/jackson-xc-1.9.2.pom
Progress (1): 1.6 kB
                    
Downloaded from central: https://repo.maven.apache.org/maven2/org/codehaus/jackson/jackson-xc/1.9.2/jackson-xc-1.9.2.pom (1.6 kB at 4.5 kB/s)
Downloading from central: https://repo.maven.apache.org/maven2/com/sun/jersey/contribs/jersey-apache-client4/1.17.1/jersey-apache-client4-1.17.1.pom
Progress (1): 2.8/6.2 kB
Progress (1): 5.5/6.2 kB
Progress (1): 6.2 kB    
                    
Downloaded from central: https://repo.maven.apache.org/maven2/com/sun/jersey/contribs/jersey-apache-client4/1.17.1/jersey-apache-client4-1.17.1.pom (6.2 kB at 17 kB/s)
Downloading from central: https://repo.maven.apache.org/maven2/com/sun/jersey/contribs/jersey-contribs/1.17.1/jersey-contribs-1.17.1.pom
Progress (1): 2.8/3.6 kB
Progress (1): 3.6 kB    
                    
Downloaded from central: https://repo.maven.apache.org/maven2/com/sun/jersey/contribs/jersey-contribs/1.17.1/jersey-contribs-1.17.1.pom (3.6 kB at 9.3 kB/s)
Downloading from central: https://repo.maven.apache.org/maven2/org/apache/httpcomponents/httpclient/4.3.5/httpclient-4.3.5.pom
Progress (1): 0.4/5.2 kB
Progress (1): 3.1/5.2 kB
Progress (1): 5.2 kB    
                    
Downloaded from central: https://repo.maven.apache.org/maven2/org/apache/httpcomponents/httpclient/4.3.5/httpclient-4.3.5.pom (5.2 kB at 14 kB/s)
Downloading from central: https://repo.maven.apache.org/maven2/org/apache/httpcomponents/httpcomponents-client/4.3.5/httpcomponents-client-4.3.5.pom
Progress (1): 2.8/15 kB
Progress (1): 3.2/15 kB
Progress (1): 6.0/15 kB
Progress (1): 7.3/15 kB
Progress (1): 10/15 kB 
Progress (1): 13/15 kB
Progress (1): 15 kB   
                   
Downloaded from central: https://repo.maven.apache.org/maven2/org/apache/httpcomponents/httpcomponents-client/4.3.5/httpcomponents-client-4.3.5.pom (15 kB at 38 kB/s)
Downloading from central: https://repo.maven.apache.org/maven2/org/slf4j/jcl-over-slf4j/1.7.5/jcl-over-slf4j-1.7.5.pom
Progress (1): 1.9 kB
                    
Downloaded from central: https://repo.maven.apache.org/maven2/org/slf4j/jcl-over-slf4j/1.7.5/jcl-over-slf4j-1.7.5.pom (1.9 kB at 4.4 kB/s)
Downloading from central: https://repo.maven.apache.org/maven2/org/sonatype/spice/zapper/spice-zapper/1.2/spice-zapper-1.2.pom
Progress (1): 2.2/6.7 kB
Progress (1): 5.0/6.7 kB
Progress (1): 6.7 kB    
                    
Downloaded from central: https://repo.maven.apache.org/maven2/org/sonatype/spice/zapper/spice-zapper/1.2/spice-zapper-1.2.pom (6.7 kB at 16 kB/s)
Downloading from central: https://repo.maven.apache.org/maven2/org/sonatype/spice/spice-parent/20/spice-parent-20.pom
Progress (1): 2.2/9.9 kB
Progress (1): 5.0/9.9 kB
Progress (1): 7.8/9.9 kB
Progress (1): 9.9 kB    
                    
Downloaded from central: https://repo.maven.apache.org/maven2/org/sonatype/spice/spice-parent/20/spice-parent-20.pom (9.9 kB at 25 kB/s)
Downloading from central: https://repo.maven.apache.org/maven2/com/google/protobuf/protobuf-java/2.4.1/protobuf-java-2.4.1.pom
Progress (1): 1.2/7.3 kB
Progress (1): 4.0/7.3 kB
Progress (1): 6.8/7.3 kB
Progress (1): 7.3 kB    
                    
Downloaded from central: https://repo.maven.apache.org/maven2/com/google/protobuf/protobuf-java/2.4.1/protobuf-java-2.4.1.pom (7.3 kB at 19 kB/s)
Downloading from central: https://repo.maven.apache.org/maven2/org/sonatype/sisu/sisu-charger/1.1/sisu-charger-1.1.pom
Progress (1): 2.1 kB
                    
Downloaded from central: https://repo.maven.apache.org/maven2/org/sonatype/sisu/sisu-charger/1.1/sisu-charger-1.1.pom (2.1 kB at 5.5 kB/s)
Downloading from central: https://repo.maven.apache.org/maven2/org/sonatype/spice/spice-parent/18/spice-parent-18.pom
Progress (1): 2.2/6.8 kB
Progress (1): 5.0/6.8 kB
Progress (1): 6.8 kB    
                    
Downloaded from central: https://repo.maven.apache.org/maven2/org/sonatype/spice/spice-parent/18/spice-parent-18.pom (6.8 kB at 17 kB/s)
Downloading from central: https://repo.maven.apache.org/maven2/org/sonatype/forge/forge-parent/11/forge-parent-11.pom
Progress (1): 2.2/14 kB
Progress (1): 5.0/14 kB
Progress (1): 7.8/14 kB
Progress (1): 11/14 kB 
Progress (1): 13/14 kB
Progress (1): 14 kB   
                   
Downloaded from central: https://repo.maven.apache.org/maven2/org/sonatype/forge/forge-parent/11/forge-parent-11.pom (14 kB at 35 kB/s)
Downloading from central: https://repo.maven.apache.org/maven2/org/sonatype/aether/aether-api/1.13.1/aether-api-1.13.1.pom
Progress (1): 1.4 kB
                    
Downloaded from central: https://repo.maven.apache.org/maven2/org/sonatype/aether/aether-api/1.13.1/aether-api-1.13.1.pom (1.4 kB at 3.6 kB/s)
Downloading from central: https://repo.maven.apache.org/maven2/org/sonatype/aether/aether/1.13.1/aether-1.13.1.pom
Progress (1): 2.2/10 kB
Progress (1): 5.0/10 kB
Progress (1): 7.8/10 kB
Progress (1): 10 kB    
                   
Downloaded from central: https://repo.maven.apache.org/maven2/org/sonatype/aether/aether/1.13.1/aether-1.13.1.pom (10 kB at 26 kB/s)
Downloading from central: https://repo.maven.apache.org/maven2/org/slf4j/slf4j-simple/1.7.5/slf4j-simple-1.7.5.pom
Progress (1): 1.5 kB
                    
Downloaded from central: https://repo.maven.apache.org/maven2/org/slf4j/slf4j-simple/1.7.5/slf4j-simple-1.7.5.pom (1.5 kB at 3.9 kB/s)
Downloading from central: https://repo.maven.apache.org/maven2/org/sonatype/plugins/nexus-staging-maven-plugin/1.6.3/nexus-staging-maven-plugin-1.6.3.jar
Downloading from central: https://repo.maven.apache.org/maven2/org/sonatype/plexus/plexus-sec-dispatcher/1.4/plexus-sec-dispatcher-1.4.jar
Downloading from central: https://repo.maven.apache.org/maven2/org/sonatype/nexus/maven/nexus-common/1.6.3/nexus-common-1.6.3.jar
Downloading from central: https://repo.maven.apache.org/maven2/com/google/guava/guava/14.0.1/guava-14.0.1.jar
Downloading from central: https://repo.maven.apache.org/maven2/org/sonatype/plexus/plexus-cipher/1.7/plexus-cipher-1.7.jar
Progress (1): 2.2/248 kB
Progress (1): 5.0/248 kB
Progress (1): 7.7/248 kB
Progress (1): 10/248 kB 
Progress (1): 13/248 kB
Progress (1): 16/248 kB
Progress (1): 19/248 kB
Progress (1): 21/248 kB
Progress (1): 24/248 kB
Progress (1): 27/248 kB
Progress (1): 30/248 kB
Progress (1): 32/248 kB
Progress (1): 36/248 kB
Progress (1): 40/248 kB
Progress (1): 45/248 kB
Progress (1): 49/248 kB
Progress (1): 53/248 kB
Progress (1): 57/248 kB
Progress (1): 61/248 kB
Progress (1): 65/248 kB
Progress (1): 69/248 kB
Progress (1): 73/248 kB
Progress (1): 77/248 kB
Progress (1): 81/248 kB
Progress (1): 85/248 kB
Progress (1): 90/248 kB
Progress (1): 94/248 kB
Progress (1): 98/248 kB
Progress (1): 102/248 kB
Progress (1): 106/248 kB
Progress (1): 110/248 kB
Progress (1): 114/248 kB
Progress (1): 118/248 kB
Progress (1): 122/248 kB
Progress (1): 126/248 kB
Progress (1): 131/248 kB
Progress (1): 135/248 kB
Progress (1): 139/248 kB
Progress (1): 143/248 kB
Progress (1): 147/248 kB
Progress (1): 151/248 kB
Progress (1): 155/248 kB
Progress (1): 159/248 kB
Progress (1): 163/248 kB
Progress (1): 167/248 kB
Progress (1): 171/248 kB
Progress (1): 176/248 kB
Progress (1): 180/248 kB
Progress (2): 180/248 kB | 2.2/16 kB
Progress (2): 180/248 kB | 5.0/16 kB
Progress (2): 180/248 kB | 7.7/16 kB
Progress (2): 180/248 kB | 10/16 kB 
Progress (2): 180/248 kB | 13/16 kB
Progress (2): 184/248 kB | 13/16 kB
Progress (2): 188/248 kB | 13/16 kB
Progress (2): 192/248 kB | 13/16 kB
Progress (2): 196/248 kB | 13/16 kB
Progress (2): 200/248 kB | 13/16 kB
Progress (2): 204/248 kB | 13/16 kB
Progress (2): 208/248 kB | 13/16 kB
Progress (2): 212/248 kB | 13/16 kB
Progress (2): 217/248 kB | 13/16 kB
Progress (2): 221/248 kB | 13/16 kB
Progress (2): 225/248 kB | 13/16 kB
Progress (2): 229/248 kB | 13/16 kB
Progress (2): 233/248 kB | 13/16 kB
Progress (2): 237/248 kB | 13/16 kB
Progress (2): 241/248 kB | 13/16 kB
Progress (2): 245/248 kB | 13/16 kB
Progress (2): 248 kB | 13/16 kB    
Progress (3): 248 kB | 13/16 kB | 2.7/28 kB
Progress (3): 248 kB | 13/16 kB | 5.5/28 kB
Progress (3): 248 kB | 13/16 kB | 6.8/28 kB
Progress (3): 248 kB | 13/16 kB | 9.6/28 kB
Progress (3): 248 kB | 13/16 kB | 11/28 kB 
Progress (4): 248 kB | 13/16 kB | 11/28 kB | 2.2/13 kB
Progress (4): 248 kB | 13/16 kB | 11/28 kB | 5.0/13 kB
Progress (4): 248 kB | 13/16 kB | 11/28 kB | 7.7/13 kB
Progress (4): 248 kB | 13/16 kB | 11/28 kB | 10/13 kB 
Progress (4): 248 kB | 13/16 kB | 11/28 kB | 13/13 kB
Progress (5): 248 kB | 13/16 kB | 11/28 kB | 13/13 kB | 0/2.2 MB
Progress (5): 248 kB | 13/16 kB | 11/28 kB | 13/13 kB | 0/2.2 MB
Progress (5): 248 kB | 13/16 kB | 11/28 kB | 13/13 kB | 0/2.2 MB
Progress (5): 248 kB | 13/16 kB | 11/28 kB | 13/13 kB | 0/2.2 MB
Progress (5): 248 kB | 13/16 kB | 11/28 kB | 13/13 kB | 0/2.2 MB
Progress (5): 248 kB | 16/16 kB | 11/28 kB | 13/13 kB | 0/2.2 MB
Progress (5): 248 kB | 16 kB | 11/28 kB | 13/13 kB | 0/2.2 MB   
                                                             
Downloaded from central: https://repo.maven.apache.org/maven2/org/sonatype/plugins/nexus-staging-maven-plugin/1.6.3/nexus-staging-maven-plugin-1.6.3.jar (248 kB at 321 kB/s)
Downloading from central: https://repo.maven.apache.org/maven2/org/sonatype/nexus/nexus-client-core/2.7.2-01/nexus-client-core-2.7.2-01.jar
Progress (4): 16 kB | 14/28 kB | 13/13 kB | 0/2.2 MB
Progress (4): 16 kB | 14/28 kB | 13 kB | 0/2.2 MB   
Progress (4): 16 kB | 15/28 kB | 13 kB | 0/2.2 MB
Progress (4): 16 kB | 18/28 kB | 13 kB | 0/2.2 MB
Progress (4): 16 kB | 19/28 kB | 13 kB | 0/2.2 MB
Progress (4): 16 kB | 22/28 kB | 13 kB | 0/2.2 MB
Progress (4): 16 kB | 22/28 kB | 13 kB | 0/2.2 MB
Progress (4): 16 kB | 23/28 kB | 13 kB | 0/2.2 MB
Progress (4): 16 kB | 23/28 kB | 13 kB | 0/2.2 MB
Progress (4): 16 kB | 26/28 kB | 13 kB | 0/2.2 MB
Progress (4): 16 kB | 26/28 kB | 13 kB | 0/2.2 MB
Progress (4): 16 kB | 28 kB | 13 kB | 0/2.2 MB   
Progress (4): 16 kB | 28 kB | 13 kB | 0/2.2 MB
Progress (4): 16 kB | 28 kB | 13 kB | 0/2.2 MB
Progress (4): 16 kB | 28 kB | 13 kB | 0/2.2 MB
Progress (4): 16 kB | 28 kB | 13 kB | 0/2.2 MB
                                              
Downloaded from central: https://repo.maven.apache.org/maven2/org/sonatype/nexus/maven/nexus-common/1.6.3/nexus-common-1.6.3.jar (16 kB at 18 kB/s)
Downloading from central: https://repo.maven.apache.org/maven2/org/sonatype/nexus/plugins/nexus-restlet1x-model/2.7.2-01/nexus-restlet1x-model-2.7.2-01.jar
Progress (4): 28 kB | 13 kB | 0/2.2 MB | 4.1/212 kB
Progress (4): 28 kB | 13 kB | 0/2.2 MB | 7.7/212 kB
Progress (4): 28 kB | 13 kB | 0/2.2 MB | 12/212 kB 
Progress (4): 28 kB | 13 kB | 0/2.2 MB | 16/212 kB
Progress (4): 28 kB | 13 kB | 0/2.2 MB | 20/212 kB
Progress (4): 28 kB | 13 kB | 0/2.2 MB | 24/212 kB
Progress (4): 28 kB | 13 kB | 0/2.2 MB | 28/212 kB
Progress (4): 28 kB | 13 kB | 0/2.2 MB | 32/212 kB
Progress (4): 28 kB | 13 kB | 0/2.2 MB | 36/212 kB
Progress (4): 28 kB | 13 kB | 0/2.2 MB | 40/212 kB
Progress (4): 28 kB | 13 kB | 0/2.2 MB | 45/212 kB
Progress (4): 28 kB | 13 kB | 0/2.2 MB | 49/212 kB
Progress (4): 28 kB | 13 kB | 0/2.2 MB | 53/212 kB
Progress (4): 28 kB | 13 kB | 0/2.2 MB | 57/212 kB
Progress (4): 28 kB | 13 kB | 0/2.2 MB | 61/212 kB
Progress (4): 28 kB | 13 kB | 0/2.2 MB | 65/212 kB
Progress (4): 28 kB | 13 kB | 0/2.2 MB | 69/212 kB
Progress (4): 28 kB | 13 kB | 0/2.2 MB | 73/212 kB
Progress (4): 28 kB | 13 kB | 0/2.2 MB | 77/212 kB
Progress (4): 28 kB | 13 kB | 0/2.2 MB | 81/212 kB
Progress (4): 28 kB | 13 kB | 0/2.2 MB | 85/212 kB
Progress (4): 28 kB | 13 kB | 0/2.2 MB | 90/212 kB
Progress (4): 28 kB | 13 kB | 0/2.2 MB | 94/212 kB
Progress (4): 28 kB | 13 kB | 0/2.2 MB | 98/212 kB
Progress (4): 28 kB | 13 kB | 0/2.2 MB | 102/212 kB
Progress (4): 28 kB | 13 kB | 0/2.2 MB | 106/212 kB
Progress (4): 28 kB | 13 kB | 0/2.2 MB | 110/212 kB
Progress (4): 28 kB | 13 kB | 0/2.2 MB | 114/212 kB
Progress (4): 28 kB | 13 kB | 0/2.2 MB | 118/212 kB
Progress (4): 28 kB | 13 kB | 0/2.2 MB | 122/212 kB
Progress (4): 28 kB | 13 kB | 0/2.2 MB | 126/212 kB
Progress (4): 28 kB | 13 kB | 0/2.2 MB | 131/212 kB
Progress (4): 28 kB | 13 kB | 0/2.2 MB | 135/212 kB
Progress (4): 28 kB | 13 kB | 0/2.2 MB | 139/212 kB
Progress (4): 28 kB | 13 kB | 0/2.2 MB | 143/212 kB
Progress (4): 28 kB | 13 kB | 0/2.2 MB | 147/212 kB
Progress (4): 28 kB | 13 kB | 0/2.2 MB | 151/212 kB
Progress (4): 28 kB | 13 kB | 0/2.2 MB | 155/212 kB
Progress (4): 28 kB | 13 kB | 0/2.2 MB | 159/212 kB
Progress (4): 28 kB | 13 kB | 0/2.2 MB | 163/212 kB
Progress (4): 28 kB | 13 kB | 0/2.2 MB | 167/212 kB
Progress (4): 28 kB | 13 kB | 0/2.2 MB | 171/212 kB
Progress (4): 28 kB | 13 kB | 0/2.2 MB | 176/212 kB
                                                   
Downloaded from central: https://repo.maven.apache.org/maven2/org/sonatype/plexus/plexus-cipher/1.7/plexus-cipher-1.7.jar (13 kB at 14 kB/s)
Progress (3): 28 kB | 0/2.2 MB | 176/212 kB
Progress (3): 28 kB | 0/2.2 MB | 180/212 kB
Progress (3): 28 kB | 0/2.2 MB | 180/212 kB
                                           
Downloading from central: https://repo.maven.apache.org/maven2/org/apache/maven/maven-model/3.0.4/maven-model-3.0.4.jar
Progress (3): 28 kB | 0/2.2 MB | 184/212 kB
Progress (3): 28 kB | 0/2.2 MB | 184/212 kB
Progress (3): 28 kB | 0/2.2 MB | 188/212 kB
Progress (3): 28 kB | 0/2.2 MB | 188/212 kB
Progress (3): 28 kB | 0/2.2 MB | 192/212 kB
Progress (3): 28 kB | 0/2.2 MB | 196/212 kB
Progress (3): 28 kB | 0.1/2.2 MB | 196/212 kB
Progress (3): 28 kB | 0.1/2.2 MB | 196/212 kB
Progress (3): 28 kB | 0.1/2.2 MB | 200/212 kB
Progress (3): 28 kB | 0.1/2.2 MB | 200/212 kB
Progress (3): 28 kB | 0.1/2.2 MB | 204/212 kB
Progress (3): 28 kB | 0.1/2.2 MB | 204/212 kB
Progress (3): 28 kB | 0.1/2.2 MB | 208/212 kB
Progress (3): 28 kB | 0.1/2.2 MB | 212 kB    
Progress (3): 28 kB | 0.1/2.2 MB | 212 kB
Progress (3): 28 kB | 0.1/2.2 MB | 212 kB
Progress (3): 28 kB | 0.1/2.2 MB | 212 kB
Progress (3): 28 kB | 0.1/2.2 MB | 212 kB
                                         
Downloaded from central: https://repo.maven.apache.org/maven2/org/sonatype/plexus/plexus-sec-dispatcher/1.4/plexus-sec-dispatcher-1.4.jar (28 kB at 28 kB/s)
Downloading from central: https://repo.maven.apache.org/maven2/org/slf4j/slf4j-api/1.7.5/slf4j-api-1.7.5.jar
Progress (3): 0.1/2.2 MB | 212 kB | 2.8/160 kB
Progress (3): 0.1/2.2 MB | 212 kB | 5.5/160 kB
Progress (3): 0.1/2.2 MB | 212 kB | 8.3/160 kB
Progress (3): 0.1/2.2 MB | 212 kB | 11/160 kB 
Progress (3): 0.1/2.2 MB | 212 kB | 14/160 kB
Progress (3): 0.1/2.2 MB | 212 kB | 16/160 kB
Progress (3): 0.1/2.2 MB | 212 kB | 19/160 kB
Progress (3): 0.1/2.2 MB | 212 kB | 22/160 kB
Progress (3): 0.1/2.2 MB | 212 kB | 25/160 kB
Progress (3): 0.1/2.2 MB | 212 kB | 27/160 kB
Progress (3): 0.1/2.2 MB | 212 kB | 27/160 kB
Progress (3): 0.1/2.2 MB | 212 kB | 27/160 kB
Progress (3): 0.1/2.2 MB | 212 kB | 27/160 kB
Progress (3): 0.1/2.2 MB | 212 kB | 27/160 kB
Progress (3): 0.1/2.2 MB | 212 kB | 27/160 kB
Progress (4): 0.1/2.2 MB | 212 kB | 27/160 kB | 2.2/164 kB
Progress (4): 0.1/2.2 MB | 212 kB | 27/160 kB | 2.2/164 kB
Progress (4): 0.1/2.2 MB | 212 kB | 27/160 kB | 5.0/164 kB
Progress (4): 0.1/2.2 MB | 212 kB | 27/160 kB | 5.0/164 kB
Progress (4): 0.1/2.2 MB | 212 kB | 27/160 kB | 7.7/164 kB
Progress (4): 0.1/2.2 MB | 212 kB | 27/160 kB | 7.7/164 kB
Progress (4): 0.1/2.2 MB | 212 kB | 27/160 kB | 10/164 kB 
Progress (4): 0.1/2.2 MB | 212 kB | 27/160 kB | 13/164 kB
Progress (4): 0.1/2.2 MB | 212 kB | 27/160 kB | 13/164 kB
                                                         
Downloaded from central: https://repo.maven.apache.org/maven2/org/sonatype/nexus/nexus-client-core/2.7.2-01/nexus-client-core-2.7.2-01.jar (212 kB at 182 kB/s)
Progress (3): 0.1/2.2 MB | 27/160 kB | 16/164 kB
                                                
Downloading from central: https://repo.maven.apache.org/maven2/com/intellij/annotations/9.0.4/annotations-9.0.4.jar
Progress (3): 0.1/2.2 MB | 27/160 kB | 16/164 kB
Progress (3): 0.1/2.2 MB | 27/160 kB | 19/164 kB
Progress (3): 0.1/2.2 MB | 27/160 kB | 19/164 kB
Progress (3): 0.1/2.2 MB | 27/160 kB | 21/164 kB
Progress (3): 0.1/2.2 MB | 27/160 kB | 21/164 kB
Progress (3): 0.1/2.2 MB | 27/160 kB | 24/164 kB
Progress (3): 0.1/2.2 MB | 27/160 kB | 24/164 kB
Progress (3): 0.1/2.2 MB | 27/160 kB | 24/164 kB
Progress (3): 0.1/2.2 MB | 27/160 kB | 24/164 kB
Progress (3): 0.1/2.2 MB | 27/160 kB | 24/164 kB
Progress (3): 0.2/2.2 MB | 27/160 kB | 24/164 kB
Progress (3): 0.2/2.2 MB | 27/160 kB | 24/164 kB
Progress (3): 0.2/2.2 MB | 27/160 kB | 24/164 kB
Progress (3): 0.2/2.2 MB | 27/160 kB | 24/164 kB
Progress (3): 0.2/2.2 MB | 27/160 kB | 24/164 kB
Progress (3): 0.2/2.2 MB | 27/160 kB | 24/164 kB
Progress (4): 0.2/2.2 MB | 27/160 kB | 24/164 kB | 2.2/26 kB
Progress (4): 0.2/2.2 MB | 27/160 kB | 24/164 kB | 2.2/26 kB
Progress (4): 0.2/2.2 MB | 27/160 kB | 24/164 kB | 5.0/26 kB
Progress (4): 0.2/2.2 MB | 27/160 kB | 24/164 kB | 5.0/26 kB
Progress (4): 0.2/2.2 MB | 27/160 kB | 24/164 kB | 7.7/26 kB
Progress (4): 0.2/2.2 MB | 27/160 kB | 24/164 kB | 10/26 kB 
Progress (4): 0.2/2.2 MB | 27/160 kB | 24/164 kB | 13/26 kB
Progress (4): 0.2/2.2 MB | 27/160 kB | 24/164 kB | 16/26 kB
Progress (4): 0.2/2.2 MB | 27/160 kB | 24/164 kB | 19/26 kB
Progress (4): 0.2/2.2 MB | 27/160 kB | 24/164 kB | 21/26 kB
Progress (4): 0.2/2.2 MB | 27/160 kB | 24/164 kB | 24/26 kB
Progress (4): 0.2/2.2 MB | 27/160 kB | 24/164 kB | 26 kB   
Progress (4): 0.2/2.2 MB | 30/160 kB | 24/164 kB | 26 kB
Progress (4): 0.2/2.2 MB | 33/160 kB | 24/164 kB | 26 kB
Progress (4): 0.2/2.2 MB | 37/160 kB | 24/164 kB | 26 kB
Progress (4): 0.2/2.2 MB | 41/160 kB | 24/164 kB | 26 kB
Progress (4): 0.2/2.2 MB | 45/160 kB | 24/164 kB | 26 kB
Progress (4): 0.2/2.2 MB | 49/160 kB | 24/164 kB | 26 kB
Progress (4): 0.2/2.2 MB | 53/160 kB | 24/164 kB | 26 kB
Progress (4): 0.2/2.2 MB | 57/160 kB | 24/164 kB | 26 kB
Progress (4): 0.2/2.2 MB | 61/160 kB | 24/164 kB | 26 kB
Progress (4): 0.2/2.2 MB | 66/160 kB | 24/164 kB | 26 kB
Progress (4): 0.2/2.2 MB | 70/160 kB | 24/164 kB | 26 kB
Progress (4): 0.2/2.2 MB | 74/160 kB | 24/164 kB | 26 kB
Progress (4): 0.2/2.2 MB | 78/160 kB | 24/164 kB | 26 kB
Progress (4): 0.2/2.2 MB | 82/160 kB | 24/164 kB | 26 kB
Progress (4): 0.2/2.2 MB | 82/160 kB | 24/164 kB | 26 kB
Progress (4): 0.2/2.2 MB | 82/160 kB | 24/164 kB | 26 kB
Progress (4): 0.2/2.2 MB | 82/160 kB | 24/164 kB | 26 kB
Progress (4): 0.2/2.2 MB | 82/160 kB | 24/164 kB | 26 kB
Progress (4): 0.2/2.2 MB | 82/160 kB | 27/164 kB | 26 kB
Progress (4): 0.2/2.2 MB | 82/160 kB | 27/164 kB | 26 kB
Progress (4): 0.2/2.2 MB | 82/160 kB | 30/164 kB | 26 kB
Progress (4): 0.2/2.2 MB | 82/160 kB | 30/164 kB | 26 kB
Progress (4): 0.2/2.2 MB | 82/160 kB | 32/164 kB | 26 kB
Progress (4): 0.2/2.2 MB | 82/160 kB | 32/164 kB | 26 kB
Progress (4): 0.2/2.2 MB | 82/160 kB | 32/164 kB | 26 kB
Progress (4): 0.2/2.2 MB | 82/160 kB | 36/164 kB | 26 kB
Progress (4): 0.2/2.2 MB | 82/160 kB | 40/164 kB | 26 kB
Progress (4): 0.2/2.2 MB | 82/160 kB | 40/164 kB | 26 kB
Progress (4): 0.2/2.2 MB | 82/160 kB | 45/164 kB | 26 kB
Progress (4): 0.2/2.2 MB | 82/160 kB | 45/164 kB | 26 kB
Progress (4): 0.2/2.2 MB | 82/160 kB | 49/164 kB | 26 kB
Progress (4): 0.2/2.2 MB | 82/160 kB | 49/164 kB | 26 kB
Progress (4): 0.2/2.2 MB | 82/160 kB | 49/164 kB | 26 kB
Progress (4): 0.2/2.2 MB | 82/160 kB | 53/164 kB | 26 kB
Progress (4): 0.2/2.2 MB | 82/160 kB | 57/164 kB | 26 kB
Progress (4): 0.2/2.2 MB | 82/160 kB | 57/164 kB | 26 kB
Progress (4): 0.2/2.2 MB | 82/160 kB | 61/164 kB | 26 kB
Progress (4): 0.2/2.2 MB | 82/160 kB | 61/164 kB | 26 kB
Progress (5): 0.2/2.2 MB | 82/160 kB | 61/164 kB | 26 kB | 4.1/10.0 kB
Progress (5): 0.2/2.2 MB | 82/160 kB | 65/164 kB | 26 kB | 4.1/10.0 kB
Progress (5): 0.2/2.2 MB | 82/160 kB | 65/164 kB | 26 kB | 7.7/10.0 kB
Progress (5): 0.2/2.2 MB | 82/160 kB | 65/164 kB | 26 kB | 7.7/10.0 kB
Progress (5): 0.2/2.2 MB | 82/160 kB | 65/164 kB | 26 kB | 10.0 kB    
Progress (5): 0.2/2.2 MB | 82/160 kB | 65/164 kB | 26 kB | 10.0 kB
Progress (5): 0.2/2.2 MB | 82/160 kB | 65/164 kB | 26 kB | 10.0 kB
Progress (5): 0.3/2.2 MB | 82/160 kB | 65/164 kB | 26 kB | 10.0 kB
Progress (5): 0.3/2.2 MB | 82/160 kB | 65/164 kB | 26 kB | 10.0 kB
Progress (5): 0.3/2.2 MB | 82/160 kB | 65/164 kB | 26 kB | 10.0 kB
Progress (5): 0.3/2.2 MB | 82/160 kB | 65/164 kB | 26 kB | 10.0 kB
Progress (5): 0.3/2.2 MB | 82/160 kB | 65/164 kB | 26 kB | 10.0 kB
Progress (5): 0.3/2.2 MB | 82/160 kB | 65/164 kB | 26 kB | 10.0 kB
Progress (5): 0.3/2.2 MB | 82/160 kB | 65/164 kB | 26 kB | 10.0 kB
Progress (5): 0.3/2.2 MB | 82/160 kB | 65/164 kB | 26 kB | 10.0 kB
Progress (5): 0.3/2.2 MB | 82/160 kB | 65/164 kB | 26 kB | 10.0 kB
Progress (5): 0.3/2.2 MB | 82/160 kB | 65/164 kB | 26 kB | 10.0 kB
Progress (5): 0.3/2.2 MB | 82/160 kB | 65/164 kB | 26 kB | 10.0 kB
                                                                  
Downloaded from central: https://repo.maven.apache.org/maven2/org/slf4j/slf4j-api/1.7.5/slf4j-api-1.7.5.jar (26 kB at 19 kB/s)
Downloading from central: https://repo.maven.apache.org/maven2/com/thoughtworks/xstream/xstream/1.4.5/xstream-1.4.5.jar
Progress (4): 0.3/2.2 MB | 86/160 kB | 65/164 kB | 10.0 kB
Progress (4): 0.3/2.2 MB | 90/160 kB | 65/164 kB | 10.0 kB
Progress (4): 0.3/2.2 MB | 94/160 kB | 65/164 kB | 10.0 kB
Progress (4): 0.3/2.2 MB | 98/160 kB | 65/164 kB | 10.0 kB
Progress (4): 0.3/2.2 MB | 102/160 kB | 65/164 kB | 10.0 kB
Progress (4): 0.3/2.2 MB | 106/160 kB | 65/164 kB | 10.0 kB
Progress (4): 0.3/2.2 MB | 111/160 kB | 65/164 kB | 10.0 kB
Progress (4): 0.3/2.2 MB | 115/160 kB | 65/164 kB | 10.0 kB
Progress (4): 0.3/2.2 MB | 119/160 kB | 65/164 kB | 10.0 kB
Progress (4): 0.3/2.2 MB | 123/160 kB | 65/164 kB | 10.0 kB
Progress (4): 0.3/2.2 MB | 127/160 kB | 65/164 kB | 10.0 kB
Progress (4): 0.3/2.2 MB | 131/160 kB | 65/164 kB | 10.0 kB
Progress (4): 0.3/2.2 MB | 135/160 kB | 65/164 kB | 10.0 kB
Progress (4): 0.3/2.2 MB | 139/160 kB | 65/164 kB | 10.0 kB
Progress (4): 0.3/2.2 MB | 143/160 kB | 65/164 kB | 10.0 kB
Progress (4): 0.3/2.2 MB | 147/160 kB | 65/164 kB | 10.0 kB
Progress (4): 0.3/2.2 MB | 152/160 kB | 65/164 kB | 10.0 kB
Progress (4): 0.3/2.2 MB | 156/160 kB | 65/164 kB | 10.0 kB
Progress (4): 0.3/2.2 MB | 160/160 kB | 65/164 kB | 10.0 kB
Progress (4): 0.3/2.2 MB | 160 kB | 65/164 kB | 10.0 kB    
Progress (4): 0.3/2.2 MB | 160 kB | 65/164 kB | 10.0 kB
Progress (4): 0.3/2.2 MB | 160 kB | 65/164 kB | 10.0 kB
Progress (4): 0.3/2.2 MB | 160 kB | 65/164 kB | 10.0 kB
Progress (4): 0.3/2.2 MB | 160 kB | 65/164 kB | 10.0 kB
Progress (4): 0.3/2.2 MB | 160 kB | 69/164 kB | 10.0 kB
Progress (4): 0.3/2.2 MB | 160 kB | 69/164 kB | 10.0 kB
Progress (4): 0.3/2.2 MB | 160 kB | 73/164 kB | 10.0 kB
Progress (4): 0.3/2.2 MB | 160 kB | 73/164 kB | 10.0 kB
Progress (4): 0.3/2.2 MB | 160 kB | 77/164 kB | 10.0 kB
Progress (4): 0.3/2.2 MB | 160 kB | 77/164 kB | 10.0 kB
Progress (4): 0.3/2.2 MB | 160 kB | 81/164 kB | 10.0 kB
Progress (4): 0.3/2.2 MB | 160 kB | 81/164 kB | 10.0 kB
Progress (4): 0.3/2.2 MB | 160 kB | 85/164 kB | 10.0 kB
Progress (4): 0.3/2.2 MB | 160 kB | 85/164 kB | 10.0 kB
Progress (4): 0.3/2.2 MB | 160 kB | 90/164 kB | 10.0 kB
Progress (4): 0.3/2.2 MB | 160 kB | 90/164 kB | 10.0 kB
Progress (4): 0.3/2.2 MB | 160 kB | 94/164 kB | 10.0 kB
Progress (4): 0.3/2.2 MB | 160 kB | 94/164 kB | 10.0 kB
Progress (4): 0.3/2.2 MB | 160 kB | 98/164 kB | 10.0 kB
Progress (4): 0.3/2.2 MB | 160 kB | 98/164 kB | 10.0 kB
Progress (4): 0.3/2.2 MB | 160 kB | 102/164 kB | 10.0 kB
Progress (4): 0.3/2.2 MB | 160 kB | 102/164 kB | 10.0 kB
Progress (4): 0.3/2.2 MB | 160 kB | 106/164 kB | 10.0 kB
Progress (4): 0.4/2.2 MB | 160 kB | 106/164 kB | 10.0 kB
Progress (4): 0.4/2.2 MB | 160 kB | 110/164 kB | 10.0 kB
Progress (4): 0.4/2.2 MB | 160 kB | 110/164 kB | 10.0 kB
Progress (4): 0.4/2.2 MB | 160 kB | 114/164 kB | 10.0 kB
Progress (4): 0.4/2.2 MB | 160 kB | 114/164 kB | 10.0 kB
Progress (4): 0.4/2.2 MB | 160 kB | 118/164 kB | 10.0 kB
Progress (4): 0.4/2.2 MB | 160 kB | 118/164 kB | 10.0 kB
Progress (4): 0.4/2.2 MB | 160 kB | 122/164 kB | 10.0 kB
Progress (4): 0.4/2.2 MB | 160 kB | 122/164 kB | 10.0 kB
Progress (4): 0.4/2.2 MB | 160 kB | 126/164 kB | 10.0 kB
Progress (4): 0.4/2.2 MB | 160 kB | 126/164 kB | 10.0 kB
Progress (4): 0.4/2.2 MB | 160 kB | 131/164 kB | 10.0 kB
Progress (4): 0.4/2.2 MB | 160 kB | 131/164 kB | 10.0 kB
Progress (4): 0.4/2.2 MB | 160 kB | 135/164 kB | 10.0 kB
Progress (4): 0.4/2.2 MB | 160 kB | 135/164 kB | 10.0 kB
Progress (4): 0.4/2.2 MB | 160 kB | 139/164 kB | 10.0 kB
Progress (4): 0.4/2.2 MB | 160 kB | 139/164 kB | 10.0 kB
Progress (4): 0.4/2.2 MB | 160 kB | 143/164 kB | 10.0 kB
Progress (4): 0.4/2.2 MB | 160 kB | 143/164 kB | 10.0 kB
Progress (4): 0.4/2.2 MB | 160 kB | 147/164 kB | 10.0 kB
Progress (4): 0.4/2.2 MB | 160 kB | 147/164 kB | 10.0 kB
Progress (4): 0.4/2.2 MB | 160 kB | 151/164 kB | 10.0 kB
Progress (4): 0.4/2.2 MB | 160 kB | 151/164 kB | 10.0 kB
Progress (4): 0.4/2.2 MB | 160 kB | 155/164 kB | 10.0 kB
                                                        
Downloaded from central: https://repo.maven.apache.org/maven2/com/intellij/annotations/9.0.4/annotations-9.0.4.jar (10.0 kB at 6.5 kB/s)
Progress (3): 0.4/2.2 MB | 160 kB | 155/164 kB
                                              
Downloading from central: https://repo.maven.apache.org/maven2/xmlpull/xmlpull/1.1.3.1/xmlpull-1.1.3.1.jar
Progress (3): 0.4/2.2 MB | 160 kB | 159/164 kB
Progress (3): 0.4/2.2 MB | 160 kB | 159/164 kB
Progress (3): 0.4/2.2 MB | 160 kB | 163/164 kB
Progress (3): 0.4/2.2 MB | 160 kB | 163/164 kB
Progress (3): 0.4/2.2 MB | 160 kB | 164 kB    
Progress (3): 0.4/2.2 MB | 160 kB | 164 kB
Progress (3): 0.4/2.2 MB | 160 kB | 164 kB
Progress (3): 0.4/2.2 MB | 160 kB | 164 kB
Progress (3): 0.4/2.2 MB | 160 kB | 164 kB
Progress (3): 0.4/2.2 MB | 160 kB | 164 kB
Progress (3): 0.4/2.2 MB | 160 kB | 164 kB
Progress (3): 0.4/2.2 MB | 160 kB | 164 kB
Progress (3): 0.4/2.2 MB | 160 kB | 164 kB
Progress (3): 0.4/2.2 MB | 160 kB | 164 kB
Progress (3): 0.5/2.2 MB | 160 kB | 164 kB
Progress (3): 0.5/2.2 MB | 160 kB | 164 kB
Progress (3): 0.5/2.2 MB | 160 kB | 164 kB
Progress (3): 0.5/2.2 MB | 160 kB | 164 kB
Progress (3): 0.5/2.2 MB | 160 kB | 164 kB
Progress (3): 0.5/2.2 MB | 160 kB | 164 kB
Progress (3): 0.5/2.2 MB | 160 kB | 164 kB
Progress (4): 0.5/2.2 MB | 160 kB | 164 kB | 2.2/509 kB
Progress (4): 0.5/2.2 MB | 160 kB | 164 kB | 5.0/509 kB
Progress (4): 0.5/2.2 MB | 160 kB | 164 kB | 7.7/509 kB
Progress (4): 0.5/2.2 MB | 160 kB | 164 kB | 10/509 kB 
Progress (4): 0.5/2.2 MB | 160 kB | 164 kB | 13/509 kB
Progress (4): 0.5/2.2 MB | 160 kB | 164 kB | 16/509 kB
Progress (4): 0.5/2.2 MB | 160 kB | 164 kB | 19/509 kB
Progress (4): 0.5/2.2 MB | 160 kB | 164 kB | 21/509 kB
Progress (4): 0.5/2.2 MB | 160 kB | 164 kB | 24/509 kB
Progress (4): 0.5/2.2 MB | 160 kB | 164 kB | 27/509 kB
Progress (4): 0.5/2.2 MB | 160 kB | 164 kB | 30/509 kB
Progress (4): 0.5/2.2 MB | 160 kB | 164 kB | 32/509 kB
Progress (4): 0.5/2.2 MB | 160 kB | 164 kB | 36/509 kB
Progress (4): 0.5/2.2 MB | 160 kB | 164 kB | 40/509 kB
Progress (4): 0.5/2.2 MB | 160 kB | 164 kB | 45/509 kB
Progress (4): 0.5/2.2 MB | 160 kB | 164 kB | 49/509 kB
                                                      
Downloaded from central: https://repo.maven.apache.org/maven2/org/sonatype/nexus/plugins/nexus-restlet1x-model/2.7.2-01/nexus-restlet1x-model-2.7.2-01.jar (160 kB at 101 kB/s)
Downloading from central: https://repo.maven.apache.org/maven2/xpp3/xpp3_min/1.1.4c/xpp3_min-1.1.4c.jar
Progress (3): 0.5/2.2 MB | 164 kB | 49/509 kB
Progress (3): 0.5/2.2 MB | 164 kB | 49/509 kB
Progress (3): 0.5/2.2 MB | 164 kB | 49/509 kB
Progress (3): 0.5/2.2 MB | 164 kB | 49/509 kB
Progress (3): 0.5/2.2 MB | 164 kB | 49/509 kB
Progress (3): 0.5/2.2 MB | 164 kB | 49/509 kB
Progress (3): 0.5/2.2 MB | 164 kB | 49/509 kB
Progress (3): 0.5/2.2 MB | 164 kB | 49/509 kB
Progress (3): 0.5/2.2 MB | 164 kB | 49/509 kB
Progress (3): 0.5/2.2 MB | 164 kB | 49/509 kB
Progress (3): 0.5/2.2 MB | 164 kB | 49/509 kB
Progress (3): 0.5/2.2 MB | 164 kB | 49/509 kB
Progress (3): 0.5/2.2 MB | 164 kB | 49/509 kB
Progress (3): 0.5/2.2 MB | 164 kB | 49/509 kB
Progress (3): 0.5/2.2 MB | 164 kB | 49/509 kB
Progress (3): 0.5/2.2 MB | 164 kB | 49/509 kB
Progress (3): 0.5/2.2 MB | 164 kB | 49/509 kB
Progress (3): 0.5/2.2 MB | 164 kB | 49/509 kB
Progress (3): 0.6/2.2 MB | 164 kB | 49/509 kB
Progress (3): 0.6/2.2 MB | 164 kB | 49/509 kB
Progress (3): 0.6/2.2 MB | 164 kB | 49/509 kB
Progress (3): 0.6/2.2 MB | 164 kB | 49/509 kB
Progress (3): 0.6/2.2 MB | 164 kB | 49/509 kB
Progress (3): 0.6/2.2 MB | 164 kB | 49/509 kB
Progress (3): 0.6/2.2 MB | 164 kB | 49/509 kB
Progress (3): 0.6/2.2 MB | 164 kB | 49/509 kB
Progress (3): 0.6/2.2 MB | 164 kB | 49/509 kB
Progress (3): 0.6/2.2 MB | 164 kB | 49/509 kB
Progress (3): 0.6/2.2 MB | 164 kB | 49/509 kB
Progress (3): 0.6/2.2 MB | 164 kB | 49/509 kB
Progress (3): 0.6/2.2 MB | 164 kB | 49/509 kB
Progress (3): 0.6/2.2 MB | 164 kB | 49/509 kB
Progress (3): 0.6/2.2 MB | 164 kB | 49/509 kB
Progress (3): 0.6/2.2 MB | 164 kB | 49/509 kB
Progress (3): 0.6/2.2 MB | 164 kB | 49/509 kB
Progress (3): 0.6/2.2 MB | 164 kB | 49/509 kB
Progress (4): 0.6/2.2 MB | 164 kB | 49/509 kB | 4.1/7.2 kB
Progress (4): 0.6/2.2 MB | 164 kB | 49/509 kB | 7.2 kB    
                                                      
Downloaded from central: https://repo.maven.apache.org/maven2/org/apache/maven/maven-model/3.0.4/maven-model-3.0.4.jar (164 kB at 96 kB/s)
Downloading from central: https://repo.maven.apache.org/maven2/joda-time/joda-time/2.2/joda-time-2.2.jar
Progress (3): 0.6/2.2 MB | 53/509 kB | 7.2 kB
Progress (3): 0.6/2.2 MB | 57/509 kB | 7.2 kB
Progress (3): 0.6/2.2 MB | 61/509 kB | 7.2 kB
Progress (3): 0.6/2.2 MB | 65/509 kB | 7.2 kB
Progress (3): 0.6/2.2 MB | 69/509 kB | 7.2 kB
Progress (3): 0.6/2.2 MB | 73/509 kB | 7.2 kB
Progress (3): 0.6/2.2 MB | 77/509 kB | 7.2 kB
Progress (3): 0.6/2.2 MB | 81/509 kB | 7.2 kB
Progress (3): 0.6/2.2 MB | 85/509 kB | 7.2 kB
Progress (3): 0.6/2.2 MB | 90/509 kB | 7.2 kB
Progress (3): 0.6/2.2 MB | 94/509 kB | 7.2 kB
Progress (3): 0.6/2.2 MB | 98/509 kB | 7.2 kB
Progress (3): 0.6/2.2 MB | 102/509 kB | 7.2 kB
Progress (3): 0.6/2.2 MB | 106/509 kB | 7.2 kB
Progress (3): 0.6/2.2 MB | 110/509 kB | 7.2 kB
Progress (3): 0.6/2.2 MB | 114/509 kB | 7.2 kB
Progress (3): 0.6/2.2 MB | 118/509 kB | 7.2 kB
Progress (3): 0.6/2.2 MB | 122/509 kB | 7.2 kB
Progress (3): 0.6/2.2 MB | 126/509 kB | 7.2 kB
Progress (3): 0.6/2.2 MB | 131/509 kB | 7.2 kB
Progress (3): 0.6/2.2 MB | 135/509 kB | 7.2 kB
Progress (3): 0.6/2.2 MB | 139/509 kB | 7.2 kB
Progress (3): 0.6/2.2 MB | 143/509 kB | 7.2 kB
Progress (3): 0.6/2.2 MB | 147/509 kB | 7.2 kB
Progress (4): 0.6/2.2 MB | 147/509 kB | 7.2 kB | 4.1/25 kB
Progress (4): 0.6/2.2 MB | 147/509 kB | 7.2 kB | 7.7/25 kB
Progress (4): 0.6/2.2 MB | 147/509 kB | 7.2 kB | 12/25 kB 
Progress (4): 0.6/2.2 MB | 147/509 kB | 7.2 kB | 16/25 kB
Progress (4): 0.6/2.2 MB | 147/509 kB | 7.2 kB | 20/25 kB
Progress (4): 0.6/2.2 MB | 147/509 kB | 7.2 kB | 24/25 kB
Progress (4): 0.6/2.2 MB | 147/509 kB | 7.2 kB | 25 kB   
Progress (4): 0.6/2.2 MB | 147/509 kB | 7.2 kB | 25 kB
Progress (4): 0.6/2.2 MB | 147/509 kB | 7.2 kB | 25 kB
Progress (4): 0.6/2.2 MB | 147/509 kB | 7.2 kB | 25 kB
Progress (4): 0.6/2.2 MB | 147/509 kB | 7.2 kB | 25 kB
Progress (4): 0.6/2.2 MB | 147/509 kB | 7.2 kB | 25 kB
Progress (4): 0.6/2.2 MB | 147/509 kB | 7.2 kB | 25 kB
Progress (4): 0.7/2.2 MB | 147/509 kB | 7.2 kB | 25 kB
Progress (4): 0.7/2.2 MB | 147/509 kB | 7.2 kB | 25 kB
Progress (4): 0.7/2.2 MB | 147/509 kB | 7.2 kB | 25 kB
Progress (4): 0.7/2.2 MB | 147/509 kB | 7.2 kB | 25 kB
Progress (4): 0.7/2.2 MB | 147/509 kB | 7.2 kB | 25 kB
Progress (4): 0.7/2.2 MB | 147/509 kB | 7.2 kB | 25 kB
Progress (4): 0.7/2.2 MB | 147/509 kB | 7.2 kB | 25 kB
Progress (4): 0.7/2.2 MB | 147/509 kB | 7.2 kB | 25 kB
Progress (4): 0.7/2.2 MB | 147/509 kB | 7.2 kB | 25 kB
Progress (4): 0.7/2.2 MB | 147/509 kB | 7.2 kB | 25 kB
                                                      
Downloaded from central: https://repo.maven.apache.org/maven2/xmlpull/xmlpull/1.1.3.1/xmlpull-1.1.3.1.jar (7.2 kB at 3.8 kB/s)
Downloading from central: https://repo.maven.apache.org/maven2/commons-beanutils/commons-beanutils-core/1.8.3/commons-beanutils-core-1.8.3.jar
Progress (4): 0.7/2.2 MB | 147/509 kB | 25 kB | 4.1/574 kB
Progress (4): 0.7/2.2 MB | 147/509 kB | 25 kB | 7.7/574 kB
Progress (4): 0.7/2.2 MB | 147/509 kB | 25 kB | 12/574 kB 
Progress (4): 0.7/2.2 MB | 147/509 kB | 25 kB | 16/574 kB
Progress (4): 0.7/2.2 MB | 147/509 kB | 25 kB | 20/574 kB
Progress (4): 0.7/2.2 MB | 147/509 kB | 25 kB | 24/574 kB
Progress (4): 0.7/2.2 MB | 147/509 kB | 25 kB | 28/574 kB
Progress (4): 0.7/2.2 MB | 147/509 kB | 25 kB | 32/574 kB
Progress (4): 0.7/2.2 MB | 147/509 kB | 25 kB | 36/574 kB
Progress (4): 0.7/2.2 MB | 147/509 kB | 25 kB | 40/574 kB
Progress (4): 0.7/2.2 MB | 147/509 kB | 25 kB | 45/574 kB
Progress (4): 0.7/2.2 MB | 147/509 kB | 25 kB | 49/574 kB
Progress (4): 0.7/2.2 MB | 147/509 kB | 25 kB | 53/574 kB
Progress (4): 0.7/2.2 MB | 147/509 kB | 25 kB | 57/574 kB
Progress (4): 0.7/2.2 MB | 147/509 kB | 25 kB | 61/574 kB
Progress (4): 0.7/2.2 MB | 147/509 kB | 25 kB | 65/574 kB
Progress (4): 0.7/2.2 MB | 147/509 kB | 25 kB | 69/574 kB
Progress (4): 0.7/2.2 MB | 147/509 kB | 25 kB | 73/574 kB
Progress (4): 0.7/2.2 MB | 147/509 kB | 25 kB | 77/574 kB
Progress (4): 0.7/2.2 MB | 147/509 kB | 25 kB | 81/574 kB
Progress (4): 0.7/2.2 MB | 147/509 kB | 25 kB | 85/574 kB
Progress (4): 0.7/2.2 MB | 147/509 kB | 25 kB | 90/574 kB
Progress (4): 0.7/2.2 MB | 147/509 kB | 25 kB | 94/574 kB
Progress (4): 0.7/2.2 MB | 147/509 kB | 25 kB | 98/574 kB
Progress (4): 0.7/2.2 MB | 147/509 kB | 25 kB | 102/574 kB
Progress (4): 0.7/2.2 MB | 147/509 kB | 25 kB | 106/574 kB
Progress (4): 0.7/2.2 MB | 147/509 kB | 25 kB | 110/574 kB
Progress (4): 0.7/2.2 MB | 147/509 kB | 25 kB | 114/574 kB
Progress (4): 0.7/2.2 MB | 147/509 kB | 25 kB | 118/574 kB
Progress (4): 0.7/2.2 MB | 147/509 kB | 25 kB | 122/574 kB
Progress (4): 0.7/2.2 MB | 147/509 kB | 25 kB | 126/574 kB
Progress (4): 0.7/2.2 MB | 147/509 kB | 25 kB | 131/574 kB
Progress (4): 0.7/2.2 MB | 147/509 kB | 25 kB | 135/574 kB
Progress (4): 0.7/2.2 MB | 147/509 kB | 25 kB | 139/574 kB
Progress (4): 0.7/2.2 MB | 147/509 kB | 25 kB | 143/574 kB
Progress (4): 0.7/2.2 MB | 147/509 kB | 25 kB | 147/574 kB
Progress (4): 0.7/2.2 MB | 147/509 kB | 25 kB | 151/574 kB
Progress (4): 0.7/2.2 MB | 147/509 kB | 25 kB | 155/574 kB
Progress (4): 0.7/2.2 MB | 147/509 kB | 25 kB | 159/574 kB
Progress (4): 0.7/2.2 MB | 147/509 kB | 25 kB | 163/574 kB
Progress (4): 0.7/2.2 MB | 147/509 kB | 25 kB | 167/574 kB
Progress (4): 0.7/2.2 MB | 147/509 kB | 25 kB | 171/574 kB
Progress (4): 0.7/2.2 MB | 147/509 kB | 25 kB | 176/574 kB
Progress (4): 0.7/2.2 MB | 147/509 kB | 25 kB | 180/574 kB
Progress (4): 0.7/2.2 MB | 151/509 kB | 25 kB | 180/574 kB
Progress (4): 0.7/2.2 MB | 155/509 kB | 25 kB | 180/574 kB
Progress (4): 0.7/2.2 MB | 159/509 kB | 25 kB | 180/574 kB
Progress (4): 0.7/2.2 MB | 163/509 kB | 25 kB | 180/574 kB
Progress (4): 0.7/2.2 MB | 167/509 kB | 25 kB | 180/574 kB
Progress (4): 0.7/2.2 MB | 171/509 kB | 25 kB | 180/574 kB
Progress (4): 0.7/2.2 MB | 176/509 kB | 25 kB | 180/574 kB
Progress (4): 0.7/2.2 MB | 180/509 kB | 25 kB | 180/574 kB
Progress (4): 0.7/2.2 MB | 184/509 kB | 25 kB | 180/574 kB
Progress (4): 0.7/2.2 MB | 188/509 kB | 25 kB | 180/574 kB
Progress (4): 0.7/2.2 MB | 192/509 kB | 25 kB | 180/574 kB
Progress (4): 0.7/2.2 MB | 196/509 kB | 25 kB | 180/574 kB
Progress (4): 0.7/2.2 MB | 200/509 kB | 25 kB | 180/574 kB
Progress (4): 0.7/2.2 MB | 204/509 kB | 25 kB | 180/574 kB
Progress (4): 0.7/2.2 MB | 208/509 kB | 25 kB | 180/574 kB
Progress (4): 0.7/2.2 MB | 212/509 kB | 25 kB | 180/574 kB
Progress (4): 0.7/2.2 MB | 217/509 kB | 25 kB | 180/574 kB
Progress (4): 0.7/2.2 MB | 221/509 kB | 25 kB | 180/574 kB
Progress (4): 0.7/2.2 MB | 225/509 kB | 25 kB | 180/574 kB
Progress (4): 0.7/2.2 MB | 229/509 kB | 25 kB | 180/574 kB
Progress (4): 0.7/2.2 MB | 233/509 kB | 25 kB | 180/574 kB
Progress (4): 0.7/2.2 MB | 237/509 kB | 25 kB | 180/574 kB
Progress (4): 0.7/2.2 MB | 241/509 kB | 25 kB | 180/574 kB
Progress (4): 0.7/2.2 MB | 245/509 kB | 25 kB | 180/574 kB
Progress (4): 0.7/2.2 MB | 249/509 kB | 25 kB | 180/574 kB
Progress (4): 0.7/2.2 MB | 253/509 kB | 25 kB | 180/574 kB
Progress (4): 0.7/2.2 MB | 258/509 kB | 25 kB | 180/574 kB
Progress (4): 0.7/2.2 MB | 262/509 kB | 25 kB | 180/574 kB
Progress (4): 0.7/2.2 MB | 266/509 kB | 25 kB | 180/574 kB
Progress (4): 0.7/2.2 MB | 270/509 kB | 25 kB | 180/574 kB
Progress (4): 0.7/2.2 MB | 274/509 kB | 25 kB | 180/574 kB
Progress (4): 0.7/2.2 MB | 278/509 kB | 25 kB | 180/574 kB
Progress (4): 0.7/2.2 MB | 282/509 kB | 25 kB | 180/574 kB
Progress (4): 0.7/2.2 MB | 286/509 kB | 25 kB | 180/574 kB
Progress (4): 0.7/2.2 MB | 290/509 kB | 25 kB | 180/574 kB
Progress (4): 0.7/2.2 MB | 294/509 kB | 25 kB | 180/574 kB
Progress (4): 0.7/2.2 MB | 298/509 kB | 25 kB | 180/574 kB
Progress (4): 0.7/2.2 MB | 303/509 kB | 25 kB | 180/574 kB
Progress (4): 0.7/2.2 MB | 307/509 kB | 25 kB | 180/574 kB
Progress (4): 0.7/2.2 MB | 311/509 kB | 25 kB | 180/574 kB
Progress (4): 0.7/2.2 MB | 315/509 kB | 25 kB | 180/574 kB
Progress (4): 0.7/2.2 MB | 319/509 kB | 25 kB | 180/574 kB
Progress (4): 0.7/2.2 MB | 323/509 kB | 25 kB | 180/574 kB
Progress (4): 0.7/2.2 MB | 327/509 kB | 25 kB | 180/574 kB
                                                          
Downloaded from central: https://repo.maven.apache.org/maven2/xpp3/xpp3_min/1.1.4c/xpp3_min-1.1.4c.jar (25 kB at 13 kB/s)
Downloading from central: https://repo.maven.apache.org/maven2/org/sonatype/sisu/siesta/siesta-client/1.5.2/siesta-client-1.5.2.jar
Progress (3): 0.7/2.2 MB | 327/509 kB | 180/574 kB
Progress (3): 0.7/2.2 MB | 327/509 kB | 180/574 kB
Progress (3): 0.7/2.2 MB | 327/509 kB | 180/574 kB
Progress (3): 0.7/2.2 MB | 327/509 kB | 180/574 kB
Progress (3): 0.7/2.2 MB | 327/509 kB | 180/574 kB
Progress (3): 0.7/2.2 MB | 327/509 kB | 180/574 kB
Progress (3): 0.7/2.2 MB | 327/509 kB | 180/574 kB
Progress (3): 0.7/2.2 MB | 327/509 kB | 180/574 kB
Progress (3): 0.7/2.2 MB | 327/509 kB | 180/574 kB
Progress (3): 0.7/2.2 MB | 327/509 kB | 180/574 kB
Progress (3): 0.7/2.2 MB | 327/509 kB | 180/574 kB
Progress (3): 0.7/2.2 MB | 327/509 kB | 180/574 kB
Progress (3): 0.7/2.2 MB | 327/509 kB | 180/574 kB
Progress (3): 0.7/2.2 MB | 327/509 kB | 180/574 kB
Progress (3): 0.7/2.2 MB | 327/509 kB | 180/574 kB
Progress (3): 0.8/2.2 MB | 327/509 kB | 180/574 kB
Progress (3): 0.8/2.2 MB | 327/509 kB | 180/574 kB
Progress (3): 0.8/2.2 MB | 327/509 kB | 180/574 kB
Progress (3): 0.8/2.2 MB | 327/509 kB | 180/574 kB
Progress (3): 0.8/2.2 MB | 327/509 kB | 180/574 kB
Progress (3): 0.8/2.2 MB | 327/509 kB | 180/574 kB
Progress (3): 0.8/2.2 MB | 327/509 kB | 180/574 kB
Progress (3): 0.8/2.2 MB | 327/509 kB | 180/574 kB
Progress (3): 0.8/2.2 MB | 327/509 kB | 180/574 kB
Progress (3): 0.8/2.2 MB | 327/509 kB | 180/574 kB
Progress (3): 0.8/2.2 MB | 327/509 kB | 180/574 kB
Progress (3): 0.8/2.2 MB | 327/509 kB | 180/574 kB
Progress (3): 0.8/2.2 MB | 327/509 kB | 180/574 kB
Progress (3): 0.8/2.2 MB | 327/509 kB | 180/574 kB
Progress (3): 0.8/2.2 MB | 327/509 kB | 180/574 kB
Progress (3): 0.8/2.2 MB | 327/509 kB | 180/574 kB
Progress (3): 0.8/2.2 MB | 327/509 kB | 180/574 kB
Progress (3): 0.8/2.2 MB | 327/509 kB | 180/574 kB
Progress (3): 0.8/2.2 MB | 327/509 kB | 180/574 kB
Progress (3): 0.8/2.2 MB | 327/509 kB | 180/574 kB
Progress (3): 0.8/2.2 MB | 327/509 kB | 180/574 kB
Progress (3): 0.8/2.2 MB | 327/509 kB | 180/574 kB
Progress (3): 0.8/2.2 MB | 327/509 kB | 180/574 kB
Progress (3): 0.8/2.2 MB | 327/509 kB | 180/574 kB
Progress (3): 0.9/2.2 MB | 327/509 kB | 180/574 kB
Progress (3): 0.9/2.2 MB | 327/509 kB | 180/574 kB
Progress (3): 0.9/2.2 MB | 327/509 kB | 180/574 kB
Progress (3): 0.9/2.2 MB | 327/509 kB | 180/574 kB
Progress (3): 0.9/2.2 MB | 327/509 kB | 180/574 kB
Progress (3): 0.9/2.2 MB | 327/509 kB | 180/574 kB
Progress (3): 0.9/2.2 MB | 327/509 kB | 180/574 kB
Progress (3): 0.9/2.2 MB | 327/509 kB | 180/574 kB
Progress (3): 0.9/2.2 MB | 327/509 kB | 180/574 kB
Progress (3): 0.9/2.2 MB | 327/509 kB | 180/574 kB
Progress (3): 0.9/2.2 MB | 327/509 kB | 180/574 kB
Progress (3): 0.9/2.2 MB | 327/509 kB | 180/574 kB
Progress (3): 0.9/2.2 MB | 327/509 kB | 180/574 kB
Progress (3): 0.9/2.2 MB | 327/509 kB | 184/574 kB
Progress (3): 0.9/2.2 MB | 327/509 kB | 188/574 kB
Progress (3): 0.9/2.2 MB | 327/509 kB | 192/574 kB
Progress (3): 0.9/2.2 MB | 327/509 kB | 192/574 kB
Progress (3): 0.9/2.2 MB | 327/509 kB | 196/574 kB
Progress (3): 0.9/2.2 MB | 327/509 kB | 196/574 kB
Progress (3): 0.9/2.2 MB | 327/509 kB | 196/574 kB
Progress (3): 0.9/2.2 MB | 327/509 kB | 200/574 kB
Progress (3): 0.9/2.2 MB | 327/509 kB | 200/574 kB
Progress (4): 0.9/2.2 MB | 327/509 kB | 200/574 kB | 2.2/207 kB
Progress (4): 0.9/2.2 MB | 327/509 kB | 204/574 kB | 2.2/207 kB
Progress (4): 0.9/2.2 MB | 327/509 kB | 204/574 kB | 5.0/207 kB
Progress (4): 0.9/2.2 MB | 327/509 kB | 208/574 kB | 5.0/207 kB
Progress (4): 0.9/2.2 MB | 327/509 kB | 208/574 kB | 5.0/207 kB
Progress (4): 0.9/2.2 MB | 327/509 kB | 212/574 kB | 5.0/207 kB
Progress (4): 0.9/2.2 MB | 327/509 kB | 212/574 kB | 7.7/207 kB
Progress (4): 0.9/2.2 MB | 327/509 kB | 212/574 kB | 7.7/207 kB
Progress (4): 0.9/2.2 MB | 327/509 kB | 217/574 kB | 7.7/207 kB
Progress (4): 0.9/2.2 MB | 327/509 kB | 217/574 kB | 10/207 kB 
Progress (4): 0.9/2.2 MB | 327/509 kB | 221/574 kB | 10/207 kB
Progress (4): 0.9/2.2 MB | 327/509 kB | 221/574 kB | 10/207 kB
Progress (4): 0.9/2.2 MB | 327/509 kB | 225/574 kB | 10/207 kB
Progress (4): 0.9/2.2 MB | 327/509 kB | 225/574 kB | 13/207 kB
Progress (4): 0.9/2.2 MB | 327/509 kB | 229/574 kB | 13/207 kB
Progress (4): 0.9/2.2 MB | 327/509 kB | 229/574 kB | 13/207 kB
Progress (4): 0.9/2.2 MB | 327/509 kB | 229/574 kB | 16/207 kB
Progress (4): 0.9/2.2 MB | 327/509 kB | 233/574 kB | 16/207 kB
Progress (4): 0.9/2.2 MB | 327/509 kB | 233/574 kB | 19/207 kB
Progress (4): 0.9/2.2 MB | 327/509 kB | 237/574 kB | 19/207 kB
Progress (4): 0.9/2.2 MB | 327/509 kB | 237/574 kB | 19/207 kB
Progress (4): 0.9/2.2 MB | 327/509 kB | 241/574 kB | 19/207 kB
Progress (4): 0.9/2.2 MB | 327/509 kB | 241/574 kB | 21/207 kB
Progress (4): 0.9/2.2 MB | 327/509 kB | 245/574 kB | 21/207 kB
Progress (4): 0.9/2.2 MB | 327/509 kB | 245/574 kB | 21/207 kB
Progress (4): 0.9/2.2 MB | 327/509 kB | 245/574 kB | 24/207 kB
Progress (4): 0.9/2.2 MB | 327/509 kB | 249/574 kB | 24/207 kB
Progress (4): 0.9/2.2 MB | 327/509 kB | 249/574 kB | 24/207 kB
Progress (4): 0.9/2.2 MB | 327/509 kB | 253/574 kB | 24/207 kB
Progress (4): 0.9/2.2 MB | 327/509 kB | 253/574 kB | 27/207 kB
Progress (4): 0.9/2.2 MB | 327/509 kB | 258/574 kB | 27/207 kB
Progress (4): 0.9/2.2 MB | 327/509 kB | 258/574 kB | 27/207 kB
Progress (4): 0.9/2.2 MB | 327/509 kB | 262/574 kB | 27/207 kB
Progress (4): 0.9/2.2 MB | 327/509 kB | 262/574 kB | 30/207 kB
Progress (4): 1.0/2.2 MB | 327/509 kB | 262/574 kB | 30/207 kB
Progress (4): 1.0/2.2 MB | 327/509 kB | 266/574 kB | 30/207 kB
Progress (4): 1.0/2.2 MB | 327/509 kB | 266/574 kB | 32/207 kB
Progress (4): 1.0/2.2 MB | 327/509 kB | 270/574 kB | 32/207 kB
Progress (4): 1.0/2.2 MB | 327/509 kB | 270/574 kB | 32/207 kB
Progress (4): 1.0/2.2 MB | 327/509 kB | 270/574 kB | 36/207 kB
Progress (4): 1.0/2.2 MB | 327/509 kB | 274/574 kB | 36/207 kB
Progress (4): 1.0/2.2 MB | 327/509 kB | 274/574 kB | 40/207 kB
Progress (4): 1.0/2.2 MB | 327/509 kB | 274/574 kB | 40/207 kB
Progress (4): 1.0/2.2 MB | 327/509 kB | 274/574 kB | 45/207 kB
Progress (4): 1.0/2.2 MB | 327/509 kB | 278/574 kB | 45/207 kB
Progress (4): 1.0/2.2 MB | 327/509 kB | 278/574 kB | 49/207 kB
Progress (4): 1.0/2.2 MB | 327/509 kB | 278/574 kB | 49/207 kB
Progress (4): 1.0/2.2 MB | 327/509 kB | 282/574 kB | 49/207 kB
Progress (4): 1.0/2.2 MB | 327/509 kB | 286/574 kB | 49/207 kB
Progress (4): 1.0/2.2 MB | 327/509 kB | 286/574 kB | 53/207 kB
Progress (4): 1.0/2.2 MB | 327/509 kB | 290/574 kB | 53/207 kB
Progress (4): 1.0/2.2 MB | 327/509 kB | 290/574 kB | 53/207 kB
Progress (4): 1.0/2.2 MB | 327/509 kB | 294/574 kB | 53/207 kB
Progress (4): 1.0/2.2 MB | 327/509 kB | 294/574 kB | 57/207 kB
Progress (4): 1.0/2.2 MB | 327/509 kB | 294/574 kB | 57/207 kB
Progress (4): 1.0/2.2 MB | 327/509 kB | 298/574 kB | 57/207 kB
Progress (4): 1.0/2.2 MB | 327/509 kB | 298/574 kB | 61/207 kB
Progress (4): 1.0/2.2 MB | 327/509 kB | 303/574 kB | 61/207 kB
Progress (4): 1.0/2.2 MB | 327/509 kB | 303/574 kB | 61/207 kB
Progress (4): 1.0/2.2 MB | 327/509 kB | 307/574 kB | 61/207 kB
Progress (4): 1.0/2.2 MB | 327/509 kB | 307/574 kB | 65/207 kB
Progress (4): 1.0/2.2 MB | 327/509 kB | 311/574 kB | 65/207 kB
Progress (4): 1.0/2.2 MB | 327/509 kB | 311/574 kB | 65/207 kB
Progress (4): 1.0/2.2 MB | 327/509 kB | 311/574 kB | 69/207 kB
Progress (4): 1.0/2.2 MB | 327/509 kB | 315/574 kB | 69/207 kB
Progress (4): 1.0/2.2 MB | 327/509 kB | 315/574 kB | 73/207 kB
Progress (4): 1.0/2.2 MB | 327/509 kB | 315/574 kB | 73/207 kB
Progress (4): 1.0/2.2 MB | 327/509 kB | 319/574 kB | 73/207 kB
Progress (4): 1.0/2.2 MB | 327/509 kB | 319/574 kB | 73/207 kB
Progress (4): 1.0/2.2 MB | 327/509 kB | 319/574 kB | 77/207 kB
Progress (4): 1.0/2.2 MB | 327/509 kB | 319/574 kB | 77/207 kB
Progress (4): 1.0/2.2 MB | 327/509 kB | 323/574 kB | 77/207 kB
Progress (4): 1.0/2.2 MB | 327/509 kB | 323/574 kB | 77/207 kB
Progress (4): 1.0/2.2 MB | 327/509 kB | 323/574 kB | 81/207 kB
Progress (4): 1.0/2.2 MB | 327/509 kB | 327/574 kB | 81/207 kB
Progress (4): 1.0/2.2 MB | 327/509 kB | 327/574 kB | 81/207 kB
Progress (4): 1.0/2.2 MB | 327/509 kB | 327/574 kB | 81/207 kB
Progress (4): 1.0/2.2 MB | 327/509 kB | 327/574 kB | 85/207 kB
Progress (4): 1.0/2.2 MB | 327/509 kB | 331/574 kB | 85/207 kB
Progress (4): 1.0/2.2 MB | 327/509 kB | 331/574 kB | 85/207 kB
Progress (4): 1.0/2.2 MB | 327/509 kB | 335/574 kB | 85/207 kB
Progress (4): 1.0/2.2 MB | 327/509 kB | 335/574 kB | 90/207 kB
Progress (4): 1.0/2.2 MB | 327/509 kB | 339/574 kB | 90/207 kB
Progress (4): 1.0/2.2 MB | 327/509 kB | 339/574 kB | 90/207 kB
Progress (4): 1.0/2.2 MB | 327/509 kB | 344/574 kB | 90/207 kB
Progress (4): 1.0/2.2 MB | 327/509 kB | 344/574 kB | 94/207 kB
Progress (4): 1.0/2.2 MB | 327/509 kB | 344/574 kB | 94/207 kB
Progress (4): 1.0/2.2 MB | 327/509 kB | 348/574 kB | 94/207 kB
Progress (4): 1.0/2.2 MB | 327/509 kB | 348/574 kB | 98/207 kB
Progress (4): 1.0/2.2 MB | 327/509 kB | 352/574 kB | 98/207 kB
Progress (4): 1.0/2.2 MB | 327/509 kB | 352/574 kB | 98/207 kB
Progress (4): 1.0/2.2 MB | 327/509 kB | 352/574 kB | 102/207 kB
Progress (4): 1.0/2.2 MB | 327/509 kB | 356/574 kB | 102/207 kB
Progress (4): 1.0/2.2 MB | 327/509 kB | 356/574 kB | 106/207 kB
Progress (4): 1.0/2.2 MB | 327/509 kB | 356/574 kB | 106/207 kB
Progress (4): 1.0/2.2 MB | 327/509 kB | 356/574 kB | 110/207 kB
Progress (4): 1.0/2.2 MB | 327/509 kB | 360/574 kB | 110/207 kB
Progress (4): 1.0/2.2 MB | 327/509 kB | 360/574 kB | 114/207 kB
Progress (4): 1.0/2.2 MB | 327/509 kB | 360/574 kB | 114/207 kB
Progress (4): 1.0/2.2 MB | 327/509 kB | 364/574 kB | 114/207 kB
Progress (4): 1.0/2.2 MB | 327/509 kB | 364/574 kB | 118/207 kB
Progress (4): 1.0/2.2 MB | 327/509 kB | 368/574 kB | 118/207 kB
Progress (4): 1.0/2.2 MB | 327/509 kB | 368/574 kB | 118/207 kB
Progress (4): 1.0/2.2 MB | 327/509 kB | 368/574 kB | 122/207 kB
Progress (4): 1.0/2.2 MB | 327/509 kB | 368/574 kB | 122/207 kB
Progress (4): 1.0/2.2 MB | 327/509 kB | 372/574 kB | 122/207 kB
Progress (4): 1.0/2.2 MB | 327/509 kB | 372/574 kB | 122/207 kB
Progress (4): 1.0/2.2 MB | 327/509 kB | 372/574 kB | 126/207 kB
Progress (4): 1.0/2.2 MB | 327/509 kB | 372/574 kB | 126/207 kB
Progress (4): 1.0/2.2 MB | 327/509 kB | 376/574 kB | 126/207 kB
Progress (4): 1.0/2.2 MB | 327/509 kB | 376/574 kB | 131/207 kB
Progress (4): 1.1/2.2 MB | 327/509 kB | 376/574 kB | 131/207 kB
Progress (4): 1.1/2.2 MB | 327/509 kB | 376/574 kB | 135/207 kB
Progress (4): 1.1/2.2 MB | 327/509 kB | 380/574 kB | 135/207 kB
Progress (4): 1.1/2.2 MB | 327/509 kB | 380/574 kB | 139/207 kB
Progress (4): 1.1/2.2 MB | 327/509 kB | 380/574 kB | 139/207 kB
Progress (4): 1.1/2.2 MB | 327/509 kB | 380/574 kB | 143/207 kB
Progress (4): 1.1/2.2 MB | 327/509 kB | 384/574 kB | 143/207 kB
Progress (4): 1.1/2.2 MB | 327/509 kB | 384/574 kB | 147/207 kB
Progress (4): 1.1/2.2 MB | 327/509 kB | 384/574 kB | 147/207 kB
Progress (4): 1.1/2.2 MB | 327/509 kB | 389/574 kB | 147/207 kB
Progress (4): 1.1/2.2 MB | 327/509 kB | 389/574 kB | 151/207 kB
Progress (4): 1.1/2.2 MB | 327/509 kB | 389/574 kB | 151/207 kB
Progress (4): 1.1/2.2 MB | 327/509 kB | 389/574 kB | 155/207 kB
Progress (4): 1.1/2.2 MB | 327/509 kB | 393/574 kB | 155/207 kB
Progress (4): 1.1/2.2 MB | 327/509 kB | 393/574 kB | 159/207 kB
Progress (4): 1.1/2.2 MB | 327/509 kB | 393/574 kB | 159/207 kB
Progress (4): 1.1/2.2 MB | 327/509 kB | 397/574 kB | 159/207 kB
Progress (4): 1.1/2.2 MB | 327/509 kB | 397/574 kB | 163/207 kB
Progress (4): 1.1/2.2 MB | 327/509 kB | 401/574 kB | 163/207 kB
Progress (4): 1.1/2.2 MB | 327/509 kB | 401/574 kB | 163/207 kB
Progress (4): 1.1/2.2 MB | 327/509 kB | 401/574 kB | 167/207 kB
Progress (4): 1.1/2.2 MB | 327/509 kB | 405/574 kB | 167/207 kB
Progress (4): 1.1/2.2 MB | 327/509 kB | 405/574 kB | 171/207 kB
Progress (4): 1.1/2.2 MB | 327/509 kB | 405/574 kB | 171/207 kB
Progress (4): 1.1/2.2 MB | 327/509 kB | 405/574 kB | 176/207 kB
Progress (4): 1.1/2.2 MB | 327/509 kB | 409/574 kB | 176/207 kB
Progress (4): 1.1/2.2 MB | 327/509 kB | 409/574 kB | 180/207 kB
Progress (4): 1.1/2.2 MB | 327/509 kB | 409/574 kB | 180/207 kB
Progress (4): 1.1/2.2 MB | 327/509 kB | 413/574 kB | 180/207 kB
Progress (4): 1.1/2.2 MB | 327/509 kB | 413/574 kB | 184/207 kB
Progress (4): 1.1/2.2 MB | 327/509 kB | 417/574 kB | 184/207 kB
Progress (4): 1.1/2.2 MB | 327/509 kB | 417/574 kB | 188/207 kB
Progress (4): 1.1/2.2 MB | 327/509 kB | 417/574 kB | 188/207 kB
Progress (4): 1.1/2.2 MB | 327/509 kB | 421/574 kB | 188/207 kB
Progress (4): 1.1/2.2 MB | 327/509 kB | 421/574 kB | 188/207 kB
Progress (4): 1.1/2.2 MB | 327/509 kB | 421/574 kB | 192/207 kB
Progress (4): 1.1/2.2 MB | 327/509 kB | 421/574 kB | 192/207 kB
Progress (4): 1.1/2.2 MB | 327/509 kB | 425/574 kB | 192/207 kB
Progress (4): 1.1/2.2 MB | 327/509 kB | 425/574 kB | 192/207 kB
Progress (4): 1.1/2.2 MB | 327/509 kB | 425/574 kB | 196/207 kB
Progress (4): 1.1/2.2 MB | 327/509 kB | 430/574 kB | 196/207 kB
Progress (4): 1.1/2.2 MB | 327/509 kB | 434/574 kB | 196/207 kB
Progress (4): 1.1/2.2 MB | 327/509 kB | 434/574 kB | 200/207 kB
Progress (4): 1.1/2.2 MB | 327/509 kB | 434/574 kB | 200/207 kB
Progress (4): 1.1/2.2 MB | 327/509 kB | 438/574 kB | 200/207 kB
Progress (4): 1.1/2.2 MB | 327/509 kB | 438/574 kB | 200/207 kB
Progress (4): 1.1/2.2 MB | 327/509 kB | 438/574 kB | 204/207 kB
Progress (4): 1.1/2.2 MB | 327/509 kB | 438/574 kB | 204/207 kB
Progress (4): 1.1/2.2 MB | 327/509 kB | 442/574 kB | 204/207 kB
Progress (4): 1.1/2.2 MB | 327/509 kB | 442/574 kB | 204/207 kB
Progress (4): 1.1/2.2 MB | 327/509 kB | 442/574 kB | 207 kB    
Progress (4): 1.1/2.2 MB | 331/509 kB | 442/574 kB | 207 kB
Progress (4): 1.1/2.2 MB | 335/509 kB | 442/574 kB | 207 kB
Progress (4): 1.1/2.2 MB | 335/509 kB | 442/574 kB | 207 kB
Progress (4): 1.1/2.2 MB | 339/509 kB | 442/574 kB | 207 kB
Progress (4): 1.1/2.2 MB | 339/509 kB | 442/574 kB | 207 kB
Progress (4): 1.1/2.2 MB | 344/509 kB | 442/574 kB | 207 kB
Progress (4): 1.1/2.2 MB | 344/509 kB | 442/574 kB | 207 kB
Progress (4): 1.1/2.2 MB | 344/509 kB | 442/574 kB | 207 kB
Progress (4): 1.1/2.2 MB | 348/509 kB | 442/574 kB | 207 kB
Progress (4): 1.1/2.2 MB | 352/509 kB | 442/574 kB | 207 kB
Progress (4): 1.1/2.2 MB | 356/509 kB | 442/574 kB | 207 kB
Progress (4): 1.1/2.2 MB | 356/509 kB | 442/574 kB | 207 kB
Progress (4): 1.1/2.2 MB | 360/509 kB | 442/574 kB | 207 kB
Progress (4): 1.1/2.2 MB | 360/509 kB | 442/574 kB | 207 kB
Progress (4): 1.1/2.2 MB | 360/509 kB | 442/574 kB | 207 kB
Progress (4): 1.1/2.2 MB | 364/509 kB | 442/574 kB | 207 kB
Progress (4): 1.1/2.2 MB | 364/509 kB | 442/574 kB | 207 kB
Progress (4): 1.1/2.2 MB | 368/509 kB | 442/574 kB | 207 kB
Progress (4): 1.1/2.2 MB | 372/509 kB | 442/574 kB | 207 kB
Progress (4): 1.1/2.2 MB | 376/509 kB | 442/574 kB | 207 kB
Progress (4): 1.1/2.2 MB | 380/509 kB | 442/574 kB | 207 kB
Progress (4): 1.1/2.2 MB | 384/509 kB | 442/574 kB | 207 kB
Progress (4): 1.1/2.2 MB | 389/509 kB | 442/574 kB | 207 kB
Progress (4): 1.1/2.2 MB | 393/509 kB | 442/574 kB | 207 kB
Progress (4): 1.1/2.2 MB | 397/509 kB | 442/574 kB | 207 kB
Progress (4): 1.1/2.2 MB | 401/509 kB | 442/574 kB | 207 kB
Progress (4): 1.1/2.2 MB | 405/509 kB | 442/574 kB | 207 kB
Progress (4): 1.1/2.2 MB | 409/509 kB | 442/574 kB | 207 kB
Progress (4): 1.1/2.2 MB | 413/509 kB | 442/574 kB | 207 kB
Progress (4): 1.1/2.2 MB | 417/509 kB | 442/574 kB | 207 kB
Progress (4): 1.1/2.2 MB | 421/509 kB | 442/574 kB | 207 kB
Progress (4): 1.1/2.2 MB | 425/509 kB | 442/574 kB | 207 kB
Progress (4): 1.1/2.2 MB | 430/509 kB | 442/574 kB | 207 kB
Progress (4): 1.1/2.2 MB | 434/509 kB | 442/574 kB | 207 kB
Progress (4): 1.1/2.2 MB | 438/509 kB | 442/574 kB | 207 kB
Progress (4): 1.1/2.2 MB | 442/509 kB | 442/574 kB | 207 kB
Progress (4): 1.1/2.2 MB | 446/509 kB | 442/574 kB | 207 kB
Progress (4): 1.1/2.2 MB | 450/509 kB | 442/574 kB | 207 kB
Progress (4): 1.1/2.2 MB | 454/509 kB | 442/574 kB | 207 kB
Progress (4): 1.1/2.2 MB | 458/509 kB | 442/574 kB | 207 kB
Progress (4): 1.1/2.2 MB | 462/509 kB | 442/574 kB | 207 kB
Progress (4): 1.1/2.2 MB | 466/509 kB | 442/574 kB | 207 kB
Progress (4): 1.1/2.2 MB | 471/509 kB | 442/574 kB | 207 kB
Progress (4): 1.1/2.2 MB | 475/509 kB | 442/574 kB | 207 kB
Progress (4): 1.1/2.2 MB | 479/509 kB | 442/574 kB | 207 kB
Progress (4): 1.1/2.2 MB | 483/509 kB | 442/574 kB | 207 kB
Progress (4): 1.1/2.2 MB | 487/509 kB | 442/574 kB | 207 kB
Progress (4): 1.1/2.2 MB | 491/509 kB | 442/574 kB | 207 kB
Progress (4): 1.1/2.2 MB | 495/509 kB | 442/574 kB | 207 kB
Progress (4): 1.1/2.2 MB | 499/509 kB | 442/574 kB | 207 kB
Progress (4): 1.1/2.2 MB | 503/509 kB | 442/574 kB | 207 kB
Progress (4): 1.1/2.2 MB | 507/509 kB | 442/574 kB | 207 kB
Progress (4): 1.1/2.2 MB | 509 kB | 442/574 kB | 207 kB    
Progress (5): 1.1/2.2 MB | 509 kB | 442/574 kB | 207 kB | 4.1/20 kB
Progress (5): 1.1/2.2 MB | 509 kB | 442/574 kB | 207 kB | 7.7/20 kB
Progress (5): 1.1/2.2 MB | 509 kB | 442/574 kB | 207 kB | 12/20 kB 
Progress (5): 1.1/2.2 MB | 509 kB | 442/574 kB | 207 kB | 16/20 kB
Progress (5): 1.1/2.2 MB | 509 kB | 442/574 kB | 207 kB | 20/20 kB
Progress (5): 1.1/2.2 MB | 509 kB | 442/574 kB | 207 kB | 20 kB   
Progress (5): 1.2/2.2 MB | 509 kB | 442/574 kB | 207 kB | 20 kB
Progress (5): 1.2/2.2 MB | 509 kB | 442/574 kB | 207 kB | 20 kB
Progress (5): 1.2/2.2 MB | 509 kB | 442/574 kB | 207 kB | 20 kB
Progress (5): 1.2/2.2 MB | 509 kB | 442/574 kB | 207 kB | 20 kB
Progress (5): 1.2/2.2 MB | 509 kB | 442/574 kB | 207 kB | 20 kB
Progress (5): 1.2/2.2 MB | 509 kB | 442/574 kB | 207 kB | 20 kB
Progress (5): 1.2/2.2 MB | 509 kB | 442/574 kB | 207 kB | 20 kB
Progress (5): 1.2/2.2 MB | 509 kB | 442/574 kB | 207 kB | 20 kB
Progress (5): 1.2/2.2 MB | 509 kB | 442/574 kB | 207 kB | 20 kB
Progress (5): 1.2/2.2 MB | 509 kB | 442/574 kB | 207 kB | 20 kB
Progress (5): 1.2/2.2 MB | 509 kB | 442/574 kB | 207 kB | 20 kB
Progress (5): 1.2/2.2 MB | 509 kB | 442/574 kB | 207 kB | 20 kB
Progress (5): 1.2/2.2 MB | 509 kB | 442/574 kB | 207 kB | 20 kB
Progress (5): 1.2/2.2 MB | 509 kB | 442/574 kB | 207 kB | 20 kB
Progress (5): 1.2/2.2 MB | 509 kB | 442/574 kB | 207 kB | 20 kB
Progress (5): 1.2/2.2 MB | 509 kB | 442/574 kB | 207 kB | 20 kB
Progress (5): 1.2/2.2 MB | 509 kB | 442/574 kB | 207 kB | 20 kB
Progress (5): 1.2/2.2 MB | 509 kB | 442/574 kB | 207 kB | 20 kB
Progress (5): 1.2/2.2 MB | 509 kB | 442/574 kB | 207 kB | 20 kB
Progress (5): 1.2/2.2 MB | 509 kB | 442/574 kB | 207 kB | 20 kB
Progress (5): 1.2/2.2 MB | 509 kB | 442/574 kB | 207 kB | 20 kB
Progress (5): 1.2/2.2 MB | 509 kB | 442/574 kB | 207 kB | 20 kB
Progress (5): 1.2/2.2 MB | 509 kB | 442/574 kB | 207 kB | 20 kB
Progress (5): 1.2/2.2 MB | 509 kB | 442/574 kB | 207 kB | 20 kB
Progress (5): 1.2/2.2 MB | 509 kB | 442/574 kB | 207 kB | 20 kB
Progress (5): 1.3/2.2 MB | 509 kB | 442/574 kB | 207 kB | 20 kB
Progress (5): 1.3/2.2 MB | 509 kB | 442/574 kB | 207 kB | 20 kB
Progress (5): 1.3/2.2 MB | 509 kB | 442/574 kB | 207 kB | 20 kB
Progress (5): 1.3/2.2 MB | 509 kB | 442/574 kB | 207 kB | 20 kB
Progress (5): 1.3/2.2 MB | 509 kB | 442/574 kB | 207 kB | 20 kB
Progress (5): 1.3/2.2 MB | 509 kB | 442/574 kB | 207 kB | 20 kB
Progress (5): 1.3/2.2 MB | 509 kB | 442/574 kB | 207 kB | 20 kB
Progress (5): 1.3/2.2 MB | 509 kB | 442/574 kB | 207 kB | 20 kB
Progress (5): 1.3/2.2 MB | 509 kB | 442/574 kB | 207 kB | 20 kB
Progress (5): 1.3/2.2 MB | 509 kB | 442/574 kB | 207 kB | 20 kB
Progress (5): 1.3/2.2 MB | 509 kB | 442/574 kB | 207 kB | 20 kB
Progress (5): 1.3/2.2 MB | 509 kB | 442/574 kB | 207 kB | 20 kB
Progress (5): 1.3/2.2 MB | 509 kB | 442/574 kB | 207 kB | 20 kB
Progress (5): 1.3/2.2 MB | 509 kB | 442/574 kB | 207 kB | 20 kB
Progress (5): 1.3/2.2 MB | 509 kB | 442/574 kB | 207 kB | 20 kB
Progress (5): 1.3/2.2 MB | 509 kB | 442/574 kB | 207 kB | 20 kB
Progress (5): 1.3/2.2 MB | 509 kB | 442/574 kB | 207 kB | 20 kB
Progress (5): 1.3/2.2 MB | 509 kB | 442/574 kB | 207 kB | 20 kB
Progress (5): 1.3/2.2 MB | 509 kB | 442/574 kB | 207 kB | 20 kB
Progress (5): 1.3/2.2 MB | 509 kB | 442/574 kB | 207 kB | 20 kB
Progress (5): 1.3/2.2 MB | 509 kB | 442/574 kB | 207 kB | 20 kB
Progress (5): 1.3/2.2 MB | 509 kB | 442/574 kB | 207 kB | 20 kB
Progress (5): 1.3/2.2 MB | 509 kB | 442/574 kB | 207 kB | 20 kB
Progress (5): 1.3/2.2 MB | 509 kB | 442/574 kB | 207 kB | 20 kB
Progress (5): 1.4/2.2 MB | 509 kB | 442/574 kB | 207 kB | 20 kB
Progress (5): 1.4/2.2 MB | 509 kB | 442/574 kB | 207 kB | 20 kB
Progress (5): 1.4/2.2 MB | 509 kB | 442/574 kB | 207 kB | 20 kB
Progress (5): 1.4/2.2 MB | 509 kB | 442/574 kB | 207 kB | 20 kB
Progress (5): 1.4/2.2 MB | 509 kB | 442/574 kB | 207 kB | 20 kB
Progress (5): 1.4/2.2 MB | 509 kB | 442/574 kB | 207 kB | 20 kB
Progress (5): 1.4/2.2 MB | 509 kB | 442/574 kB | 207 kB | 20 kB
Progress (5): 1.4/2.2 MB | 509 kB | 442/574 kB | 207 kB | 20 kB
Progress (5): 1.4/2.2 MB | 509 kB | 442/574 kB | 207 kB | 20 kB
Progress (5): 1.4/2.2 MB | 509 kB | 446/574 kB | 207 kB | 20 kB
Progress (5): 1.4/2.2 MB | 509 kB | 446/574 kB | 207 kB | 20 kB
Progress (5): 1.4/2.2 MB | 509 kB | 450/574 kB | 207 kB | 20 kB
Progress (5): 1.4/2.2 MB | 509 kB | 450/574 kB | 207 kB | 20 kB
Progress (5): 1.4/2.2 MB | 509 kB | 454/574 kB | 207 kB | 20 kB
Progress (5): 1.4/2.2 MB | 509 kB | 458/574 kB | 207 kB | 20 kB
Progress (5): 1.4/2.2 MB | 509 kB | 458/574 kB | 207 kB | 20 kB
Progress (5): 1.4/2.2 MB | 509 kB | 458/574 kB | 207 kB | 20 kB
Progress (5): 1.4/2.2 MB | 509 kB | 462/574 kB | 207 kB | 20 kB
Progress (5): 1.4/2.2 MB | 509 kB | 462/574 kB | 207 kB | 20 kB
Progress (5): 1.4/2.2 MB | 509 kB | 466/574 kB | 207 kB | 20 kB
Progress (5): 1.4/2.2 MB | 509 kB | 466/574 kB | 207 kB | 20 kB
Progress (5): 1.4/2.2 MB | 509 kB | 470/574 kB | 207 kB | 20 kB
Progress (5): 1.4/2.2 MB | 509 kB | 475/574 kB | 207 kB | 20 kB
Progress (5): 1.4/2.2 MB | 509 kB | 475/574 kB | 207 kB | 20 kB
Progress (5): 1.4/2.2 MB | 509 kB | 475/574 kB | 207 kB | 20 kB
Progress (5): 1.4/2.2 MB | 509 kB | 479/574 kB | 207 kB | 20 kB
Progress (5): 1.4/2.2 MB | 509 kB | 479/574 kB | 207 kB | 20 kB
Progress (5): 1.4/2.2 MB | 509 kB | 483/574 kB | 207 kB | 20 kB
Progress (5): 1.4/2.2 MB | 509 kB | 483/574 kB | 207 kB | 20 kB
Progress (5): 1.4/2.2 MB | 509 kB | 487/574 kB | 207 kB | 20 kB
Progress (5): 1.4/2.2 MB | 509 kB | 491/574 kB | 207 kB | 20 kB
Progress (5): 1.4/2.2 MB | 509 kB | 491/574 kB | 207 kB | 20 kB
Progress (5): 1.4/2.2 MB | 509 kB | 491/574 kB | 207 kB | 20 kB
Progress (5): 1.4/2.2 MB | 509 kB | 495/574 kB | 207 kB | 20 kB
Progress (5): 1.4/2.2 MB | 509 kB | 495/574 kB | 207 kB | 20 kB
Progress (5): 1.4/2.2 MB | 509 kB | 499/574 kB | 207 kB | 20 kB
Progress (5): 1.4/2.2 MB | 509 kB | 499/574 kB | 207 kB | 20 kB
Progress (5): 1.4/2.2 MB | 509 kB | 503/574 kB | 207 kB | 20 kB
Progress (5): 1.4/2.2 MB | 509 kB | 507/574 kB | 207 kB | 20 kB
Progress (5): 1.4/2.2 MB | 509 kB | 507/574 kB | 207 kB | 20 kB
Progress (5): 1.4/2.2 MB | 509 kB | 507/574 kB | 207 kB | 20 kB
Progress (5): 1.4/2.2 MB | 509 kB | 511/574 kB | 207 kB | 20 kB
Progress (5): 1.5/2.2 MB | 509 kB | 511/574 kB | 207 kB | 20 kB
Progress (5): 1.5/2.2 MB | 509 kB | 516/574 kB | 207 kB | 20 kB
Progress (5): 1.5/2.2 MB | 509 kB | 516/574 kB | 207 kB | 20 kB
Progress (5): 1.5/2.2 MB | 509 kB | 520/574 kB | 207 kB | 20 kB
Progress (5): 1.5/2.2 MB | 509 kB | 524/574 kB | 207 kB | 20 kB
Progress (5): 1.5/2.2 MB | 509 kB | 524/574 kB | 207 kB | 20 kB
Progress (5): 1.5/2.2 MB | 509 kB | 524/574 kB | 207 kB | 20 kB
Progress (5): 1.5/2.2 MB | 509 kB | 528/574 kB | 207 kB | 20 kB
Progress (5): 1.5/2.2 MB | 509 kB | 528/574 kB | 207 kB | 20 kB
Progress (5): 1.5/2.2 MB | 509 kB | 532/574 kB | 207 kB | 20 kB
Progress (5): 1.5/2.2 MB | 509 kB | 532/574 kB | 207 kB | 20 kB
Progress (5): 1.5/2.2 MB | 509 kB | 536/574 kB | 207 kB | 20 kB
Progress (5): 1.5/2.2 MB | 509 kB | 540/574 kB | 207 kB | 20 kB
Progress (5): 1.5/2.2 MB | 509 kB | 540/574 kB | 207 kB | 20 kB
Progress (5): 1.5/2.2 MB | 509 kB | 540/574 kB | 207 kB | 20 kB
Progress (5): 1.5/2.2 MB | 509 kB | 544/574 kB | 207 kB | 20 kB
Progress (5): 1.5/2.2 MB | 509 kB | 544/574 kB | 207 kB | 20 kB
Progress (5): 1.5/2.2 MB | 509 kB | 548/574 kB | 207 kB | 20 kB
Progress (5): 1.5/2.2 MB | 509 kB | 548/574 kB | 207 kB | 20 kB
Progress (5): 1.5/2.2 MB | 509 kB | 552/574 kB | 207 kB | 20 kB
Progress (5): 1.5/2.2 MB | 509 kB | 557/574 kB | 207 kB | 20 kB
Progress (5): 1.5/2.2 MB | 509 kB | 557/574 kB | 207 kB | 20 kB
Progress (5): 1.5/2.2 MB | 509 kB | 557/574 kB | 207 kB | 20 kB
Progress (5): 1.5/2.2 MB | 509 kB | 561/574 kB | 207 kB | 20 kB
Progress (5): 1.5/2.2 MB | 509 kB | 561/574 kB | 207 kB | 20 kB
Progress (5): 1.5/2.2 MB | 509 kB | 565/574 kB | 207 kB | 20 kB
Progress (5): 1.5/2.2 MB | 509 kB | 565/574 kB | 207 kB | 20 kB
Progress (5): 1.5/2.2 MB | 509 kB | 569/574 kB | 207 kB | 20 kB
Progress (5): 1.5/2.2 MB | 509 kB | 573/574 kB | 207 kB | 20 kB
Progress (5): 1.5/2.2 MB | 509 kB | 573/574 kB | 207 kB | 20 kB
Progress (5): 1.5/2.2 MB | 509 kB | 574 kB | 207 kB | 20 kB    
Progress (5): 1.5/2.2 MB | 509 kB | 574 kB | 207 kB | 20 kB
Progress (5): 1.5/2.2 MB | 509 kB | 574 kB | 207 kB | 20 kB
Progress (5): 1.5/2.2 MB | 509 kB | 574 kB | 207 kB | 20 kB
Progress (5): 1.5/2.2 MB | 509 kB | 574 kB | 207 kB | 20 kB
Progress (5): 1.5/2.2 MB | 509 kB | 574 kB | 207 kB | 20 kB
Progress (5): 1.5/2.2 MB | 509 kB | 574 kB | 207 kB | 20 kB
Progress (5): 1.5/2.2 MB | 509 kB | 574 kB | 207 kB | 20 kB
Progress (5): 1.5/2.2 MB | 509 kB | 574 kB | 207 kB | 20 kB
Progress (5): 1.5/2.2 MB | 509 kB | 574 kB | 207 kB | 20 kB
Progress (5): 1.6/2.2 MB | 509 kB | 574 kB | 207 kB | 20 kB
Progress (5): 1.6/2.2 MB | 509 kB | 574 kB | 207 kB | 20 kB
Progress (5): 1.6/2.2 MB | 509 kB | 574 kB | 207 kB | 20 kB
Progress (5): 1.6/2.2 MB | 509 kB | 574 kB | 207 kB | 20 kB
Progress (5): 1.6/2.2 MB | 509 kB | 574 kB | 207 kB | 20 kB
Progress (5): 1.6/2.2 MB | 509 kB | 574 kB | 207 kB | 20 kB
Progress (5): 1.6/2.2 MB | 509 kB | 574 kB | 207 kB | 20 kB
Progress (5): 1.6/2.2 MB | 509 kB | 574 kB | 207 kB | 20 kB
Progress (5): 1.6/2.2 MB | 509 kB | 574 kB | 207 kB | 20 kB
Progress (5): 1.6/2.2 MB | 509 kB | 574 kB | 207 kB | 20 kB
Progress (5): 1.6/2.2 MB | 509 kB | 574 kB | 207 kB | 20 kB
Progress (5): 1.6/2.2 MB | 509 kB | 574 kB | 207 kB | 20 kB
Progress (5): 1.6/2.2 MB | 509 kB | 574 kB | 207 kB | 20 kB
Progress (5): 1.6/2.2 MB | 509 kB | 574 kB | 207 kB | 20 kB
                                                           
Downloaded from central: https://repo.maven.apache.org/maven2/commons-beanutils/commons-beanutils-core/1.8.3/commons-beanutils-core-1.8.3.jar (207 kB at 90 kB/s)
Downloading from central: https://repo.maven.apache.org/maven2/org/sonatype/sisu/siesta/siesta-common/1.5.2/siesta-common-1.5.2.jar
Downloaded from central: https://repo.maven.apache.org/maven2/org/sonatype/sisu/siesta/siesta-client/1.5.2/siesta-client-1.5.2.jar (20 kB at 8.6 kB/s)
Downloading from central: https://repo.maven.apache.org/maven2/javax/ws/rs/jsr311-api/1.1.1/jsr311-api-1.1.1.jar
Downloaded from central: https://repo.maven.apache.org/maven2/com/thoughtworks/xstream/xstream/1.4.5/xstream-1.4.5.jar (509 kB at 219 kB/s)
Downloading from central: https://repo.maven.apache.org/maven2/com/sun/jersey/jersey-core/1.17.1/jersey-core-1.17.1.jar
Progress (2): 1.6/2.2 MB | 574 kB
Progress (2): 1.6/2.2 MB | 574 kB
Progress (2): 1.6/2.2 MB | 574 kB
Progress (2): 1.6/2.2 MB | 574 kB
Progress (2): 1.6/2.2 MB | 574 kB
Progress (2): 1.6/2.2 MB | 574 kB
Progress (2): 1.6/2.2 MB | 574 kB
Progress (2): 1.6/2.2 MB | 574 kB
Progress (2): 1.6/2.2 MB | 574 kB
Progress (2): 1.6/2.2 MB | 574 kB
Progress (2): 1.6/2.2 MB | 574 kB
Progress (2): 1.7/2.2 MB | 574 kB
Progress (2): 1.7/2.2 MB | 574 kB
Progress (2): 1.7/2.2 MB | 574 kB
Progress (2): 1.7/2.2 MB | 574 kB
Progress (2): 1.7/2.2 MB | 574 kB
Progress (2): 1.7/2.2 MB | 574 kB
Progress (2): 1.7/2.2 MB | 574 kB
Progress (2): 1.7/2.2 MB | 574 kB
Progress (2): 1.7/2.2 MB | 574 kB
Progress (2): 1.7/2.2 MB | 574 kB
Progress (2): 1.7/2.2 MB | 574 kB
Progress (2): 1.7/2.2 MB | 574 kB
Progress (2): 1.7/2.2 MB | 574 kB
Progress (2): 1.7/2.2 MB | 574 kB
Progress (2): 1.7/2.2 MB | 574 kB
Progress (2): 1.7/2.2 MB | 574 kB
Progress (2): 1.7/2.2 MB | 574 kB
Progress (2): 1.7/2.2 MB | 574 kB
Progress (2): 1.7/2.2 MB | 574 kB
Progress (2): 1.7/2.2 MB | 574 kB
Progress (2): 1.7/2.2 MB | 574 kB
Progress (2): 1.7/2.2 MB | 574 kB
Progress (2): 1.7/2.2 MB | 574 kB
Progress (2): 1.7/2.2 MB | 574 kB
Progress (2): 1.8/2.2 MB | 574 kB
Progress (2): 1.8/2.2 MB | 574 kB
Progress (2): 1.8/2.2 MB | 574 kB
Progress (2): 1.8/2.2 MB | 574 kB
Progress (2): 1.8/2.2 MB | 574 kB
Progress (2): 1.8/2.2 MB | 574 kB
Progress (2): 1.8/2.2 MB | 574 kB
Progress (2): 1.8/2.2 MB | 574 kB
Progress (2): 1.8/2.2 MB | 574 kB
Progress (2): 1.8/2.2 MB | 574 kB
Progress (2): 1.8/2.2 MB | 574 kB
Progress (2): 1.8/2.2 MB | 574 kB
Progress (2): 1.8/2.2 MB | 574 kB
Progress (2): 1.8/2.2 MB | 574 kB
Progress (2): 1.8/2.2 MB | 574 kB
Progress (2): 1.8/2.2 MB | 574 kB
Progress (2): 1.8/2.2 MB | 574 kB
Progress (2): 1.8/2.2 MB | 574 kB
Progress (2): 1.8/2.2 MB | 574 kB
Progress (2): 1.8/2.2 MB | 574 kB
Progress (2): 1.8/2.2 MB | 574 kB
Progress (2): 1.8/2.2 MB | 574 kB
Progress (2): 1.8/2.2 MB | 574 kB
Progress (2): 1.8/2.2 MB | 574 kB
Progress (2): 1.8/2.2 MB | 574 kB
Progress (2): 1.9/2.2 MB | 574 kB
Progress (2): 1.9/2.2 MB | 574 kB
Progress (2): 1.9/2.2 MB | 574 kB
Progress (2): 1.9/2.2 MB | 574 kB
Progress (2): 1.9/2.2 MB | 574 kB
Progress (2): 1.9/2.2 MB | 574 kB
Progress (2): 1.9/2.2 MB | 574 kB
Progress (2): 1.9/2.2 MB | 574 kB
Progress (2): 1.9/2.2 MB | 574 kB
Progress (2): 1.9/2.2 MB | 574 kB
Progress (2): 1.9/2.2 MB | 574 kB
Progress (2): 1.9/2.2 MB | 574 kB
Progress (2): 1.9/2.2 MB | 574 kB
Progress (2): 1.9/2.2 MB | 574 kB
Progress (2): 1.9/2.2 MB | 574 kB
Progress (2): 1.9/2.2 MB | 574 kB
Progress (2): 1.9/2.2 MB | 574 kB
Progress (2): 1.9/2.2 MB | 574 kB
Progress (2): 1.9/2.2 MB | 574 kB
Progress (2): 1.9/2.2 MB | 574 kB
Progress (2): 1.9/2.2 MB | 574 kB
Progress (2): 1.9/2.2 MB | 574 kB
Progress (2): 1.9/2.2 MB | 574 kB
Progress (2): 1.9/2.2 MB | 574 kB
Progress (2): 1.9/2.2 MB | 574 kB
Progress (2): 2.0/2.2 MB | 574 kB
Progress (2): 2.0/2.2 MB | 574 kB
Progress (2): 2.0/2.2 MB | 574 kB
Progress (2): 2.0/2.2 MB | 574 kB
Progress (2): 2.0/2.2 MB | 574 kB
Progress (2): 2.0/2.2 MB | 574 kB
Progress (2): 2.0/2.2 MB | 574 kB
Progress (2): 2.0/2.2 MB | 574 kB
Progress (2): 2.0/2.2 MB | 574 kB
Progress (2): 2.0/2.2 MB | 574 kB
Progress (2): 2.0/2.2 MB | 574 kB
Progress (2): 2.0/2.2 MB | 574 kB
Progress (2): 2.0/2.2 MB | 574 kB
Progress (2): 2.0/2.2 MB | 574 kB
Progress (2): 2.0/2.2 MB | 574 kB
Progress (2): 2.0/2.2 MB | 574 kB
Progress (2): 2.0/2.2 MB | 574 kB
Progress (2): 2.0/2.2 MB | 574 kB
Progress (2): 2.0/2.2 MB | 574 kB
Progress (2): 2.0/2.2 MB | 574 kB
Progress (2): 2.0/2.2 MB | 574 kB
Progress (2): 2.0/2.2 MB | 574 kB
Progress (2): 2.0/2.2 MB | 574 kB
Progress (2): 2.0/2.2 MB | 574 kB
Progress (2): 2.1/2.2 MB | 574 kB
Progress (2): 2.1/2.2 MB | 574 kB
Progress (2): 2.1/2.2 MB | 574 kB
Progress (2): 2.1/2.2 MB | 574 kB
Progress (2): 2.1/2.2 MB | 574 kB
Progress (2): 2.1/2.2 MB | 574 kB
Progress (2): 2.1/2.2 MB | 574 kB
Progress (2): 2.1/2.2 MB | 574 kB
                                 
Downloaded from central: https://repo.maven.apache.org/maven2/joda-time/joda-time/2.2/joda-time-2.2.jar (574 kB at 235 kB/s)
Downloading from central: https://repo.maven.apache.org/maven2/com/sun/jersey/jersey-client/1.17.1/jersey-client-1.17.1.jar
Progress (2): 2.1/2.2 MB | 0.9/11 kB
Progress (2): 2.1/2.2 MB | 3.6/11 kB
Progress (2): 2.1/2.2 MB | 5.0/11 kB
Progress (2): 2.1/2.2 MB | 7.7/11 kB
Progress (2): 2.1/2.2 MB | 11/11 kB 
Progress (2): 2.1/2.2 MB | 11 kB   
Progress (3): 2.1/2.2 MB | 11 kB | 4.1/46 kB
Progress (3): 2.1/2.2 MB | 11 kB | 7.7/46 kB
Progress (3): 2.1/2.2 MB | 11 kB | 12/46 kB 
Progress (3): 2.1/2.2 MB | 11 kB | 16/46 kB
Progress (3): 2.1/2.2 MB | 11 kB | 20/46 kB
Progress (3): 2.1/2.2 MB | 11 kB | 24/46 kB
Progress (3): 2.1/2.2 MB | 11 kB | 28/46 kB
Progress (3): 2.1/2.2 MB | 11 kB | 32/46 kB
Progress (3): 2.1/2.2 MB | 11 kB | 36/46 kB
Progress (3): 2.1/2.2 MB | 11 kB | 40/46 kB
Progress (3): 2.1/2.2 MB | 11 kB | 45/46 kB
Progress (3): 2.1/2.2 MB | 11 kB | 46 kB   
Progress (4): 2.1/2.2 MB | 11 kB | 46 kB | 4.1/467 kB
Progress (4): 2.1/2.2 MB | 11 kB | 46 kB | 7.7/467 kB
Progress (4): 2.1/2.2 MB | 11 kB | 46 kB | 12/467 kB 
Progress (4): 2.1/2.2 MB | 11 kB | 46 kB | 16/467 kB
Progress (4): 2.1/2.2 MB | 11 kB | 46 kB | 20/467 kB
Progress (4): 2.1/2.2 MB | 11 kB | 46 kB | 24/467 kB
Progress (4): 2.1/2.2 MB | 11 kB | 46 kB | 28/467 kB
Progress (4): 2.1/2.2 MB | 11 kB | 46 kB | 32/467 kB
Progress (4): 2.1/2.2 MB | 11 kB | 46 kB | 36/467 kB
Progress (4): 2.1/2.2 MB | 11 kB | 46 kB | 40/467 kB
Progress (4): 2.1/2.2 MB | 11 kB | 46 kB | 45/467 kB
Progress (4): 2.1/2.2 MB | 11 kB | 46 kB | 49/467 kB
Progress (4): 2.1/2.2 MB | 11 kB | 46 kB | 53/467 kB
Progress (4): 2.1/2.2 MB | 11 kB | 46 kB | 57/467 kB
Progress (4): 2.1/2.2 MB | 11 kB | 46 kB | 61/467 kB
Progress (4): 2.1/2.2 MB | 11 kB | 46 kB | 65/467 kB
Progress (4): 2.1/2.2 MB | 11 kB | 46 kB | 69/467 kB
Progress (4): 2.1/2.2 MB | 11 kB | 46 kB | 73/467 kB
Progress (4): 2.1/2.2 MB | 11 kB | 46 kB | 77/467 kB
Progress (4): 2.1/2.2 MB | 11 kB | 46 kB | 81/467 kB
Progress (4): 2.1/2.2 MB | 11 kB | 46 kB | 85/467 kB
Progress (4): 2.1/2.2 MB | 11 kB | 46 kB | 90/467 kB
Progress (4): 2.1/2.2 MB | 11 kB | 46 kB | 94/467 kB
Progress (4): 2.1/2.2 MB | 11 kB | 46 kB | 98/467 kB
Progress (4): 2.1/2.2 MB | 11 kB | 46 kB | 102/467 kB
Progress (4): 2.1/2.2 MB | 11 kB | 46 kB | 106/467 kB
Progress (4): 2.1/2.2 MB | 11 kB | 46 kB | 110/467 kB
Progress (4): 2.1/2.2 MB | 11 kB | 46 kB | 114/467 kB
Progress (4): 2.1/2.2 MB | 11 kB | 46 kB | 118/467 kB
Progress (4): 2.1/2.2 MB | 11 kB | 46 kB | 122/467 kB
Progress (4): 2.1/2.2 MB | 11 kB | 46 kB | 126/467 kB
Progress (4): 2.1/2.2 MB | 11 kB | 46 kB | 131/467 kB
Progress (4): 2.1/2.2 MB | 11 kB | 46 kB | 135/467 kB
Progress (4): 2.1/2.2 MB | 11 kB | 46 kB | 139/467 kB
Progress (4): 2.1/2.2 MB | 11 kB | 46 kB | 143/467 kB
Progress (4): 2.1/2.2 MB | 11 kB | 46 kB | 147/467 kB
Progress (4): 2.1/2.2 MB | 11 kB | 46 kB | 151/467 kB
Progress (4): 2.1/2.2 MB | 11 kB | 46 kB | 155/467 kB
Progress (4): 2.1/2.2 MB | 11 kB | 46 kB | 159/467 kB
Progress (4): 2.1/2.2 MB | 11 kB | 46 kB | 163/467 kB
Progress (4): 2.1/2.2 MB | 11 kB | 46 kB | 167/467 kB
Progress (4): 2.1/2.2 MB | 11 kB | 46 kB | 171/467 kB
Progress (4): 2.1/2.2 MB | 11 kB | 46 kB | 176/467 kB
Progress (4): 2.1/2.2 MB | 11 kB | 46 kB | 180/467 kB
Progress (4): 2.1/2.2 MB | 11 kB | 46 kB | 184/467 kB
Progress (4): 2.1/2.2 MB | 11 kB | 46 kB | 188/467 kB
Progress (4): 2.1/2.2 MB | 11 kB | 46 kB | 192/467 kB
Progress (4): 2.1/2.2 MB | 11 kB | 46 kB | 196/467 kB
Progress (4): 2.1/2.2 MB | 11 kB | 46 kB | 200/467 kB
Progress (4): 2.1/2.2 MB | 11 kB | 46 kB | 204/467 kB
Progress (4): 2.1/2.2 MB | 11 kB | 46 kB | 208/467 kB
Progress (4): 2.1/2.2 MB | 11 kB | 46 kB | 212/467 kB
Progress (4): 2.1/2.2 MB | 11 kB | 46 kB | 217/467 kB
Progress (4): 2.1/2.2 MB | 11 kB | 46 kB | 221/467 kB
Progress (4): 2.1/2.2 MB | 11 kB | 46 kB | 225/467 kB
Progress (4): 2.1/2.2 MB | 11 kB | 46 kB | 229/467 kB
Progress (4): 2.1/2.2 MB | 11 kB | 46 kB | 233/467 kB
Progress (4): 2.1/2.2 MB | 11 kB | 46 kB | 237/467 kB
Progress (4): 2.1/2.2 MB | 11 kB | 46 kB | 241/467 kB
Progress (4): 2.1/2.2 MB | 11 kB | 46 kB | 245/467 kB
Progress (4): 2.1/2.2 MB | 11 kB | 46 kB | 249/467 kB
Progress (4): 2.1/2.2 MB | 11 kB | 46 kB | 253/467 kB
Progress (4): 2.1/2.2 MB | 11 kB | 46 kB | 258/467 kB
Progress (4): 2.1/2.2 MB | 11 kB | 46 kB | 262/467 kB
Progress (4): 2.1/2.2 MB | 11 kB | 46 kB | 262/467 kB
Progress (4): 2.1/2.2 MB | 11 kB | 46 kB | 262/467 kB
Progress (4): 2.1/2.2 MB | 11 kB | 46 kB | 262/467 kB
Progress (4): 2.1/2.2 MB | 11 kB | 46 kB | 262/467 kB
Progress (4): 2.1/2.2 MB | 11 kB | 46 kB | 262/467 kB
Progress (4): 2.1/2.2 MB | 11 kB | 46 kB | 262/467 kB
Progress (4): 2.1/2.2 MB | 11 kB | 46 kB | 262/467 kB
Progress (4): 2.1/2.2 MB | 11 kB | 46 kB | 262/467 kB
Progress (4): 2.1/2.2 MB | 11 kB | 46 kB | 262/467 kB
Progress (4): 2.1/2.2 MB | 11 kB | 46 kB | 262/467 kB
Progress (4): 2.1/2.2 MB | 11 kB | 46 kB | 262/467 kB
Progress (4): 2.1/2.2 MB | 11 kB | 46 kB | 262/467 kB
Progress (4): 2.1/2.2 MB | 11 kB | 46 kB | 262/467 kB
Progress (4): 2.1/2.2 MB | 11 kB | 46 kB | 262/467 kB
Progress (4): 2.1/2.2 MB | 11 kB | 46 kB | 262/467 kB
Progress (4): 2.1/2.2 MB | 11 kB | 46 kB | 262/467 kB
Progress (4): 2.1/2.2 MB | 11 kB | 46 kB | 262/467 kB
Progress (4): 2.2/2.2 MB | 11 kB | 46 kB | 262/467 kB
Progress (4): 2.2/2.2 MB | 11 kB | 46 kB | 262/467 kB
Progress (4): 2.2/2.2 MB | 11 kB | 46 kB | 262/467 kB
Progress (4): 2.2/2.2 MB | 11 kB | 46 kB | 262/467 kB
Progress (4): 2.2/2.2 MB | 11 kB | 46 kB | 262/467 kB
Progress (4): 2.2/2.2 MB | 11 kB | 46 kB | 262/467 kB
Progress (4): 2.2/2.2 MB | 11 kB | 46 kB | 262/467 kB
Progress (4): 2.2/2.2 MB | 11 kB | 46 kB | 262/467 kB
Progress (4): 2.2/2.2 MB | 11 kB | 46 kB | 262/467 kB
Progress (4): 2.2 MB | 11 kB | 46 kB | 262/467 kB    
Progress (5): 2.2 MB | 11 kB | 46 kB | 262/467 kB | 4.1/131 kB
Progress (5): 2.2 MB | 11 kB | 46 kB | 262/467 kB | 7.7/131 kB
Progress (5): 2.2 MB | 11 kB | 46 kB | 262/467 kB | 12/131 kB 
Progress (5): 2.2 MB | 11 kB | 46 kB | 262/467 kB | 16/131 kB
Progress (5): 2.2 MB | 11 kB | 46 kB | 262/467 kB | 20/131 kB
Progress (5): 2.2 MB | 11 kB | 46 kB | 262/467 kB | 24/131 kB
Progress (5): 2.2 MB | 11 kB | 46 kB | 262/467 kB | 28/131 kB
Progress (5): 2.2 MB | 11 kB | 46 kB | 262/467 kB | 32/131 kB
Progress (5): 2.2 MB | 11 kB | 46 kB | 262/467 kB | 36/131 kB
Progress (5): 2.2 MB | 11 kB | 46 kB | 262/467 kB | 40/131 kB
Progress (5): 2.2 MB | 11 kB | 46 kB | 262/467 kB | 45/131 kB
Progress (5): 2.2 MB | 11 kB | 46 kB | 262/467 kB | 49/131 kB
Progress (5): 2.2 MB | 11 kB | 46 kB | 262/467 kB | 53/131 kB
Progress (5): 2.2 MB | 11 kB | 46 kB | 262/467 kB | 57/131 kB
Progress (5): 2.2 MB | 11 kB | 46 kB | 262/467 kB | 61/131 kB
Progress (5): 2.2 MB | 11 kB | 46 kB | 262/467 kB | 65/131 kB
Progress (5): 2.2 MB | 11 kB | 46 kB | 262/467 kB | 69/131 kB
Progress (5): 2.2 MB | 11 kB | 46 kB | 262/467 kB | 73/131 kB
Progress (5): 2.2 MB | 11 kB | 46 kB | 262/467 kB | 77/131 kB
Progress (5): 2.2 MB | 11 kB | 46 kB | 262/467 kB | 81/131 kB
Progress (5): 2.2 MB | 11 kB | 46 kB | 262/467 kB | 85/131 kB
Progress (5): 2.2 MB | 11 kB | 46 kB | 262/467 kB | 90/131 kB
Progress (5): 2.2 MB | 11 kB | 46 kB | 262/467 kB | 94/131 kB
Progress (5): 2.2 MB | 11 kB | 46 kB | 262/467 kB | 98/131 kB
Progress (5): 2.2 MB | 11 kB | 46 kB | 262/467 kB | 102/131 kB
Progress (5): 2.2 MB | 11 kB | 46 kB | 262/467 kB | 106/131 kB
Progress (5): 2.2 MB | 11 kB | 46 kB | 262/467 kB | 110/131 kB
Progress (5): 2.2 MB | 11 kB | 46 kB | 262/467 kB | 114/131 kB
Progress (5): 2.2 MB | 11 kB | 46 kB | 262/467 kB | 118/131 kB
Progress (5): 2.2 MB | 11 kB | 46 kB | 262/467 kB | 122/131 kB
Progress (5): 2.2 MB | 11 kB | 46 kB | 262/467 kB | 126/131 kB
Progress (5): 2.2 MB | 11 kB | 46 kB | 262/467 kB | 131/131 kB
Progress (5): 2.2 MB | 11 kB | 46 kB | 262/467 kB | 131 kB    
                                                          
Downloaded from central: https://repo.maven.apache.org/maven2/javax/ws/rs/jsr311-api/1.1.1/jsr311-api-1.1.1.jar (46 kB at 17 kB/s)
Downloading from central: https://repo.maven.apache.org/maven2/com/sun/jersey/jersey-json/1.17.1/jersey-json-1.17.1.jar
Downloaded from central: https://repo.maven.apache.org/maven2/org/sonatype/sisu/siesta/siesta-common/1.5.2/siesta-common-1.5.2.jar (11 kB at 4.0 kB/s)
Downloading from central: https://repo.maven.apache.org/maven2/com/sun/xml/bind/jaxb-impl/2.2.3-1/jaxb-impl-2.2.3-1.jar
Progress (3): 2.2 MB | 266/467 kB | 131 kB
Progress (3): 2.2 MB | 270/467 kB | 131 kB
Progress (3): 2.2 MB | 274/467 kB | 131 kB
Progress (3): 2.2 MB | 278/467 kB | 131 kB
Progress (3): 2.2 MB | 282/467 kB | 131 kB
Progress (3): 2.2 MB | 286/467 kB | 131 kB
Progress (3): 2.2 MB | 290/467 kB | 131 kB
Progress (3): 2.2 MB | 294/467 kB | 131 kB
Progress (3): 2.2 MB | 298/467 kB | 131 kB
Progress (3): 2.2 MB | 303/467 kB | 131 kB
Progress (3): 2.2 MB | 307/467 kB | 131 kB
Progress (3): 2.2 MB | 311/467 kB | 131 kB
Progress (3): 2.2 MB | 315/467 kB | 131 kB
Progress (3): 2.2 MB | 319/467 kB | 131 kB
Progress (3): 2.2 MB | 323/467 kB | 131 kB
Progress (3): 2.2 MB | 327/467 kB | 131 kB
Progress (3): 2.2 MB | 331/467 kB | 131 kB
Progress (3): 2.2 MB | 335/467 kB | 131 kB
Progress (3): 2.2 MB | 339/467 kB | 131 kB
Progress (3): 2.2 MB | 344/467 kB | 131 kB
Progress (3): 2.2 MB | 348/467 kB | 131 kB
Progress (3): 2.2 MB | 352/467 kB | 131 kB
Progress (3): 2.2 MB | 356/467 kB | 131 kB
Progress (3): 2.2 MB | 360/467 kB | 131 kB
Progress (3): 2.2 MB | 364/467 kB | 131 kB
Progress (3): 2.2 MB | 368/467 kB | 131 kB
Progress (3): 2.2 MB | 372/467 kB | 131 kB
Progress (3): 2.2 MB | 376/467 kB | 131 kB
Progress (3): 2.2 MB | 380/467 kB | 131 kB
Progress (3): 2.2 MB | 384/467 kB | 131 kB
Progress (3): 2.2 MB | 389/467 kB | 131 kB
Progress (3): 2.2 MB | 393/467 kB | 131 kB
Progress (3): 2.2 MB | 397/467 kB | 131 kB
Progress (3): 2.2 MB | 401/467 kB | 131 kB
Progress (3): 2.2 MB | 405/467 kB | 131 kB
Progress (3): 2.2 MB | 409/467 kB | 131 kB
Progress (3): 2.2 MB | 413/467 kB | 131 kB
Progress (3): 2.2 MB | 417/467 kB | 131 kB
Progress (3): 2.2 MB | 421/467 kB | 131 kB
Progress (3): 2.2 MB | 425/467 kB | 131 kB
Progress (3): 2.2 MB | 430/467 kB | 131 kB
Progress (3): 2.2 MB | 434/467 kB | 131 kB
Progress (3): 2.2 MB | 438/467 kB | 131 kB
Progress (3): 2.2 MB | 442/467 kB | 131 kB
Progress (3): 2.2 MB | 446/467 kB | 131 kB
Progress (3): 2.2 MB | 450/467 kB | 131 kB
Progress (3): 2.2 MB | 454/467 kB | 131 kB
Progress (3): 2.2 MB | 458/467 kB | 131 kB
Progress (3): 2.2 MB | 462/467 kB | 131 kB
Progress (3): 2.2 MB | 466/467 kB | 131 kB
Progress (3): 2.2 MB | 467 kB | 131 kB    
                                      
Downloaded from central: https://repo.maven.apache.org/maven2/com/google/guava/guava/14.0.1/guava-14.0.1.jar (2.2 MB at 788 kB/s)
Downloading from central: https://repo.maven.apache.org/maven2/org/codehaus/jackson/jackson-core-asl/1.9.2/jackson-core-asl-1.9.2.jar
Downloaded from central: https://repo.maven.apache.org/maven2/com/sun/jersey/jersey-client/1.17.1/jersey-client-1.17.1.jar (131 kB at 46 kB/s)
Downloading from central: https://repo.maven.apache.org/maven2/org/codehaus/jackson/jackson-mapper-asl/1.9.2/jackson-mapper-asl-1.9.2.jar
Progress (2): 467 kB | 4.1/164 kB
Progress (2): 467 kB | 7.7/164 kB
Progress (2): 467 kB | 12/164 kB 
Progress (2): 467 kB | 16/164 kB
Progress (2): 467 kB | 20/164 kB
Progress (2): 467 kB | 24/164 kB
Progress (2): 467 kB | 28/164 kB
Progress (2): 467 kB | 32/164 kB
Progress (2): 467 kB | 36/164 kB
Progress (2): 467 kB | 40/164 kB
Progress (2): 467 kB | 45/164 kB
Progress (2): 467 kB | 49/164 kB
Progress (2): 467 kB | 53/164 kB
Progress (2): 467 kB | 57/164 kB
Progress (2): 467 kB | 61/164 kB
Progress (2): 467 kB | 65/164 kB
Progress (2): 467 kB | 69/164 kB
Progress (2): 467 kB | 73/164 kB
Progress (2): 467 kB | 77/164 kB
Progress (2): 467 kB | 81/164 kB
Progress (2): 467 kB | 85/164 kB
Progress (2): 467 kB | 90/164 kB
Progress (2): 467 kB | 94/164 kB
Progress (2): 467 kB | 98/164 kB
Progress (2): 467 kB | 102/164 kB
Progress (2): 467 kB | 106/164 kB
Progress (2): 467 kB | 110/164 kB
Progress (2): 467 kB | 114/164 kB
Progress (3): 467 kB | 114/164 kB | 2.2/890 kB
Progress (3): 467 kB | 114/164 kB | 5.0/890 kB
Progress (3): 467 kB | 114/164 kB | 7.7/890 kB
Progress (3): 467 kB | 114/164 kB | 10/890 kB 
Progress (3): 467 kB | 114/164 kB | 13/890 kB
Progress (3): 467 kB | 114/164 kB | 16/890 kB
Progress (3): 467 kB | 114/164 kB | 19/890 kB
Progress (3): 467 kB | 114/164 kB | 21/890 kB
Progress (3): 467 kB | 114/164 kB | 24/890 kB
Progress (3): 467 kB | 114/164 kB | 27/890 kB
Progress (3): 467 kB | 114/164 kB | 30/890 kB
Progress (3): 467 kB | 114/164 kB | 32/890 kB
Progress (3): 467 kB | 114/164 kB | 36/890 kB
Progress (3): 467 kB | 114/164 kB | 40/890 kB
Progress (3): 467 kB | 114/164 kB | 45/890 kB
Progress (3): 467 kB | 114/164 kB | 49/890 kB
Progress (3): 467 kB | 114/164 kB | 53/890 kB
Progress (3): 467 kB | 114/164 kB | 57/890 kB
Progress (3): 467 kB | 114/164 kB | 61/890 kB
Progress (3): 467 kB | 114/164 kB | 65/890 kB
Progress (3): 467 kB | 114/164 kB | 69/890 kB
Progress (3): 467 kB | 114/164 kB | 73/890 kB
Progress (3): 467 kB | 114/164 kB | 77/890 kB
Progress (3): 467 kB | 114/164 kB | 81/890 kB
Progress (3): 467 kB | 114/164 kB | 85/890 kB
Progress (3): 467 kB | 114/164 kB | 90/890 kB
Progress (3): 467 kB | 114/164 kB | 94/890 kB
Progress (3): 467 kB | 114/164 kB | 98/890 kB
Progress (3): 467 kB | 114/164 kB | 102/890 kB
Progress (3): 467 kB | 114/164 kB | 106/890 kB
Progress (3): 467 kB | 114/164 kB | 110/890 kB
Progress (3): 467 kB | 114/164 kB | 114/890 kB
Progress (3): 467 kB | 114/164 kB | 118/890 kB
Progress (3): 467 kB | 114/164 kB | 122/890 kB
Progress (3): 467 kB | 114/164 kB | 126/890 kB
Progress (3): 467 kB | 114/164 kB | 131/890 kB
Progress (3): 467 kB | 114/164 kB | 135/890 kB
Progress (3): 467 kB | 114/164 kB | 139/890 kB
Progress (3): 467 kB | 114/164 kB | 143/890 kB
Progress (3): 467 kB | 114/164 kB | 147/890 kB
Progress (3): 467 kB | 114/164 kB | 151/890 kB
Progress (3): 467 kB | 114/164 kB | 155/890 kB
Progress (3): 467 kB | 114/164 kB | 159/890 kB
Progress (3): 467 kB | 114/164 kB | 163/890 kB
Progress (3): 467 kB | 114/164 kB | 167/890 kB
Progress (3): 467 kB | 114/164 kB | 171/890 kB
Progress (3): 467 kB | 114/164 kB | 176/890 kB
Progress (3): 467 kB | 114/164 kB | 180/890 kB
Progress (3): 467 kB | 114/164 kB | 184/890 kB
Progress (3): 467 kB | 114/164 kB | 188/890 kB
Progress (3): 467 kB | 114/164 kB | 192/890 kB
Progress (3): 467 kB | 114/164 kB | 196/890 kB
Progress (3): 467 kB | 114/164 kB | 200/890 kB
Progress (3): 467 kB | 114/164 kB | 204/890 kB
Progress (3): 467 kB | 114/164 kB | 208/890 kB
Progress (3): 467 kB | 114/164 kB | 212/890 kB
Progress (3): 467 kB | 114/164 kB | 217/890 kB
Progress (3): 467 kB | 114/164 kB | 221/890 kB
Progress (3): 467 kB | 114/164 kB | 225/890 kB
Progress (3): 467 kB | 114/164 kB | 229/890 kB
Progress (3): 467 kB | 114/164 kB | 233/890 kB
Progress (3): 467 kB | 114/164 kB | 237/890 kB
Progress (3): 467 kB | 114/164 kB | 241/890 kB
Progress (3): 467 kB | 114/164 kB | 245/890 kB
                                              
Downloaded from central: https://repo.maven.apache.org/maven2/com/sun/jersey/jersey-core/1.17.1/jersey-core-1.17.1.jar (467 kB at 160 kB/s)
Downloading from central: https://repo.maven.apache.org/maven2/org/codehaus/jackson/jackson-jaxrs/1.9.2/jackson-jaxrs-1.9.2.jar
Progress (3): 114/164 kB | 245/890 kB | 4.1/228 kB
Progress (3): 114/164 kB | 245/890 kB | 7.7/228 kB
Progress (3): 114/164 kB | 245/890 kB | 12/228 kB 
Progress (3): 114/164 kB | 245/890 kB | 16/228 kB
Progress (3): 114/164 kB | 245/890 kB | 20/228 kB
Progress (3): 114/164 kB | 245/890 kB | 24/228 kB
Progress (3): 114/164 kB | 245/890 kB | 28/228 kB
Progress (3): 114/164 kB | 245/890 kB | 32/228 kB
Progress (3): 114/164 kB | 245/890 kB | 36/228 kB
Progress (3): 114/164 kB | 245/890 kB | 40/228 kB
Progress (3): 114/164 kB | 245/890 kB | 45/228 kB
Progress (3): 114/164 kB | 245/890 kB | 49/228 kB
Progress (3): 114/164 kB | 245/890 kB | 53/228 kB
Progress (3): 114/164 kB | 245/890 kB | 57/228 kB
Progress (3): 114/164 kB | 245/890 kB | 61/228 kB
Progress (3): 114/164 kB | 245/890 kB | 65/228 kB
Progress (3): 114/164 kB | 245/890 kB | 69/228 kB
Progress (3): 114/164 kB | 245/890 kB | 73/228 kB
Progress (3): 114/164 kB | 245/890 kB | 77/228 kB
Progress (3): 114/164 kB | 245/890 kB | 81/228 kB
Progress (3): 114/164 kB | 245/890 kB | 85/228 kB
Progress (3): 114/164 kB | 245/890 kB | 90/228 kB
Progress (3): 114/164 kB | 245/890 kB | 94/228 kB
Progress (3): 114/164 kB | 245/890 kB | 98/228 kB
Progress (3): 114/164 kB | 245/890 kB | 102/228 kB
Progress (3): 114/164 kB | 245/890 kB | 106/228 kB
Progress (3): 114/164 kB | 245/890 kB | 110/228 kB
Progress (3): 114/164 kB | 245/890 kB | 114/228 kB
Progress (3): 114/164 kB | 245/890 kB | 118/228 kB
Progress (3): 114/164 kB | 245/890 kB | 122/228 kB
Progress (3): 114/164 kB | 245/890 kB | 126/228 kB
Progress (3): 114/164 kB | 245/890 kB | 131/228 kB
Progress (3): 114/164 kB | 245/890 kB | 135/228 kB
Progress (3): 114/164 kB | 245/890 kB | 139/228 kB
Progress (3): 114/164 kB | 245/890 kB | 143/228 kB
Progress (3): 114/164 kB | 245/890 kB | 147/228 kB
Progress (3): 114/164 kB | 245/890 kB | 151/228 kB
Progress (3): 114/164 kB | 245/890 kB | 155/228 kB
Progress (3): 114/164 kB | 245/890 kB | 159/228 kB
Progress (3): 114/164 kB | 245/890 kB | 163/228 kB
Progress (3): 114/164 kB | 245/890 kB | 167/228 kB
Progress (3): 114/164 kB | 245/890 kB | 171/228 kB
Progress (3): 114/164 kB | 245/890 kB | 176/228 kB
Progress (3): 114/164 kB | 245/890 kB | 180/228 kB
Progress (3): 114/164 kB | 245/890 kB | 184/228 kB
Progress (3): 114/164 kB | 245/890 kB | 188/228 kB
Progress (3): 114/164 kB | 245/890 kB | 192/228 kB
Progress (3): 114/164 kB | 245/890 kB | 196/228 kB
Progress (3): 114/164 kB | 245/890 kB | 200/228 kB
Progress (3): 114/164 kB | 245/890 kB | 204/228 kB
Progress (3): 114/164 kB | 245/890 kB | 208/228 kB
Progress (3): 114/164 kB | 245/890 kB | 212/228 kB
Progress (3): 114/164 kB | 245/890 kB | 217/228 kB
Progress (3): 114/164 kB | 245/890 kB | 221/228 kB
Progress (3): 114/164 kB | 245/890 kB | 225/228 kB
Progress (3): 114/164 kB | 245/890 kB | 228 kB    
Progress (4): 114/164 kB | 245/890 kB | 228 kB | 2.2/766 kB
Progress (4): 114/164 kB | 245/890 kB | 228 kB | 5.0/766 kB
Progress (4): 114/164 kB | 245/890 kB | 228 kB | 7.7/766 kB
Progress (4): 114/164 kB | 245/890 kB | 228 kB | 10/766 kB 
Progress (4): 114/164 kB | 245/890 kB | 228 kB | 13/766 kB
Progress (4): 114/164 kB | 245/890 kB | 228 kB | 16/766 kB
Progress (4): 114/164 kB | 245/890 kB | 228 kB | 19/766 kB
Progress (4): 114/164 kB | 245/890 kB | 228 kB | 21/766 kB
Progress (4): 114/164 kB | 245/890 kB | 228 kB | 24/766 kB
Progress (4): 118/164 kB | 245/890 kB | 228 kB | 24/766 kB
Progress (4): 118/164 kB | 245/890 kB | 228 kB | 27/766 kB
Progress (4): 122/164 kB | 245/890 kB | 228 kB | 27/766 kB
Progress (4): 122/164 kB | 245/890 kB | 228 kB | 30/766 kB
Progress (4): 126/164 kB | 245/890 kB | 228 kB | 30/766 kB
Progress (4): 126/164 kB | 245/890 kB | 228 kB | 32/766 kB
Progress (4): 131/164 kB | 245/890 kB | 228 kB | 32/766 kB
Progress (4): 131/164 kB | 245/890 kB | 228 kB | 36/766 kB
Progress (4): 135/164 kB | 245/890 kB | 228 kB | 36/766 kB
Progress (4): 135/164 kB | 245/890 kB | 228 kB | 40/766 kB
Progress (4): 139/164 kB | 245/890 kB | 228 kB | 40/766 kB
Progress (4): 139/164 kB | 245/890 kB | 228 kB | 45/766 kB
Progress (4): 143/164 kB | 245/890 kB | 228 kB | 45/766 kB
Progress (4): 143/164 kB | 245/890 kB | 228 kB | 49/766 kB
Progress (4): 147/164 kB | 245/890 kB | 228 kB | 49/766 kB
Progress (4): 147/164 kB | 245/890 kB | 228 kB | 53/766 kB
Progress (4): 151/164 kB | 245/890 kB | 228 kB | 53/766 kB
Progress (4): 151/164 kB | 245/890 kB | 228 kB | 57/766 kB
Progress (4): 155/164 kB | 245/890 kB | 228 kB | 57/766 kB
Progress (4): 155/164 kB | 245/890 kB | 228 kB | 61/766 kB
Progress (4): 159/164 kB | 245/890 kB | 228 kB | 61/766 kB
Progress (4): 159/164 kB | 245/890 kB | 228 kB | 65/766 kB
Progress (4): 163/164 kB | 245/890 kB | 228 kB | 65/766 kB
Progress (4): 164 kB | 245/890 kB | 228 kB | 65/766 kB    
Progress (4): 164 kB | 245/890 kB | 228 kB | 69/766 kB
Progress (4): 164 kB | 245/890 kB | 228 kB | 73/766 kB
Progress (4): 164 kB | 245/890 kB | 228 kB | 77/766 kB
Progress (4): 164 kB | 245/890 kB | 228 kB | 81/766 kB
Progress (4): 164 kB | 245/890 kB | 228 kB | 85/766 kB
Progress (4): 164 kB | 245/890 kB | 228 kB | 90/766 kB
Progress (4): 164 kB | 245/890 kB | 228 kB | 94/766 kB
Progress (4): 164 kB | 245/890 kB | 228 kB | 98/766 kB
Progress (4): 164 kB | 245/890 kB | 228 kB | 102/766 kB
Progress (4): 164 kB | 245/890 kB | 228 kB | 106/766 kB
Progress (4): 164 kB | 245/890 kB | 228 kB | 110/766 kB
Progress (4): 164 kB | 245/890 kB | 228 kB | 114/766 kB
Progress (4): 164 kB | 245/890 kB | 228 kB | 118/766 kB
Progress (4): 164 kB | 245/890 kB | 228 kB | 122/766 kB
Progress (4): 164 kB | 245/890 kB | 228 kB | 126/766 kB
Progress (4): 164 kB | 245/890 kB | 228 kB | 131/766 kB
Progress (4): 164 kB | 245/890 kB | 228 kB | 135/766 kB
Progress (4): 164 kB | 245/890 kB | 228 kB | 139/766 kB
Progress (4): 164 kB | 245/890 kB | 228 kB | 143/766 kB
Progress (4): 164 kB | 245/890 kB | 228 kB | 147/766 kB
Progress (4): 164 kB | 245/890 kB | 228 kB | 151/766 kB
Progress (4): 164 kB | 245/890 kB | 228 kB | 155/766 kB
Progress (4): 164 kB | 245/890 kB | 228 kB | 159/766 kB
Progress (4): 164 kB | 245/890 kB | 228 kB | 163/766 kB
Progress (4): 164 kB | 245/890 kB | 228 kB | 167/766 kB
Progress (4): 164 kB | 245/890 kB | 228 kB | 171/766 kB
Progress (4): 164 kB | 245/890 kB | 228 kB | 176/766 kB
Progress (4): 164 kB | 245/890 kB | 228 kB | 180/766 kB
Progress (4): 164 kB | 245/890 kB | 228 kB | 184/766 kB
Progress (4): 164 kB | 245/890 kB | 228 kB | 188/766 kB
Progress (4): 164 kB | 245/890 kB | 228 kB | 192/766 kB
Progress (4): 164 kB | 245/890 kB | 228 kB | 196/766 kB
Progress (4): 164 kB | 245/890 kB | 228 kB | 200/766 kB
Progress (4): 164 kB | 245/890 kB | 228 kB | 204/766 kB
Progress (4): 164 kB | 245/890 kB | 228 kB | 208/766 kB
Progress (4): 164 kB | 245/890 kB | 228 kB | 212/766 kB
Progress (4): 164 kB | 245/890 kB | 228 kB | 217/766 kB
Progress (4): 164 kB | 245/890 kB | 228 kB | 221/766 kB
Progress (4): 164 kB | 245/890 kB | 228 kB | 225/766 kB
Progress (4): 164 kB | 245/890 kB | 228 kB | 229/766 kB
Progress (4): 164 kB | 249/890 kB | 228 kB | 229/766 kB
Progress (4): 164 kB | 249/890 kB | 228 kB | 233/766 kB
Progress (4): 164 kB | 253/890 kB | 228 kB | 233/766 kB
Progress (4): 164 kB | 253/890 kB | 228 kB | 237/766 kB
Progress (4): 164 kB | 258/890 kB | 228 kB | 237/766 kB
Progress (4): 164 kB | 258/890 kB | 228 kB | 241/766 kB
Progress (4): 164 kB | 262/890 kB | 228 kB | 241/766 kB
Progress (4): 164 kB | 262/890 kB | 228 kB | 245/766 kB
Progress (4): 164 kB | 266/890 kB | 228 kB | 245/766 kB
Progress (4): 164 kB | 270/890 kB | 228 kB | 245/766 kB
Progress (4): 164 kB | 270/890 kB | 228 kB | 249/766 kB
Progress (4): 164 kB | 274/890 kB | 228 kB | 249/766 kB
Progress (4): 164 kB | 274/890 kB | 228 kB | 253/766 kB
Progress (4): 164 kB | 278/890 kB | 228 kB | 253/766 kB
Progress (4): 164 kB | 278/890 kB | 228 kB | 258/766 kB
Progress (4): 164 kB | 278/890 kB | 228 kB | 262/766 kB
Progress (4): 164 kB | 282/890 kB | 228 kB | 262/766 kB
Progress (4): 164 kB | 286/890 kB | 228 kB | 262/766 kB
Progress (4): 164 kB | 290/890 kB | 228 kB | 262/766 kB
Progress (4): 164 kB | 290/890 kB | 228 kB | 266/766 kB
Progress (4): 164 kB | 294/890 kB | 228 kB | 266/766 kB
Progress (4): 164 kB | 294/890 kB | 228 kB | 270/766 kB
Progress (4): 164 kB | 294/890 kB | 228 kB | 274/766 kB
Progress (4): 164 kB | 294/890 kB | 228 kB | 278/766 kB
Progress (4): 164 kB | 298/890 kB | 228 kB | 278/766 kB
Progress (4): 164 kB | 303/890 kB | 228 kB | 278/766 kB
Progress (4): 164 kB | 307/890 kB | 228 kB | 278/766 kB
Progress (4): 164 kB | 307/890 kB | 228 kB | 282/766 kB
Progress (4): 164 kB | 311/890 kB | 228 kB | 282/766 kB
Progress (4): 164 kB | 311/890 kB | 228 kB | 286/766 kB
Progress (4): 164 kB | 311/890 kB | 228 kB | 290/766 kB
Progress (4): 164 kB | 311/890 kB | 228 kB | 294/766 kB
Progress (4): 164 kB | 315/890 kB | 228 kB | 294/766 kB
Progress (4): 164 kB | 319/890 kB | 228 kB | 294/766 kB
Progress (4): 164 kB | 323/890 kB | 228 kB | 294/766 kB
Progress (4): 164 kB | 323/890 kB | 228 kB | 298/766 kB
Progress (4): 164 kB | 327/890 kB | 228 kB | 298/766 kB
Progress (4): 164 kB | 327/890 kB | 228 kB | 303/766 kB
Progress (4): 164 kB | 327/890 kB | 228 kB | 307/766 kB
Progress (4): 164 kB | 327/890 kB | 228 kB | 311/766 kB
Progress (4): 164 kB | 331/890 kB | 228 kB | 311/766 kB
Progress (4): 164 kB | 335/890 kB | 228 kB | 311/766 kB
Progress (4): 164 kB | 339/890 kB | 228 kB | 311/766 kB
Progress (4): 164 kB | 339/890 kB | 228 kB | 315/766 kB
Progress (4): 164 kB | 344/890 kB | 228 kB | 315/766 kB
Progress (4): 164 kB | 344/890 kB | 228 kB | 319/766 kB
Progress (4): 164 kB | 344/890 kB | 228 kB | 323/766 kB
Progress (4): 164 kB | 344/890 kB | 228 kB | 327/766 kB
Progress (4): 164 kB | 348/890 kB | 228 kB | 327/766 kB
Progress (4): 164 kB | 352/890 kB | 228 kB | 327/766 kB
Progress (4): 164 kB | 356/890 kB | 228 kB | 327/766 kB
Progress (4): 164 kB | 356/890 kB | 228 kB | 331/766 kB
Progress (4): 164 kB | 360/890 kB | 228 kB | 331/766 kB
Progress (4): 164 kB | 360/890 kB | 228 kB | 335/766 kB
Progress (4): 164 kB | 360/890 kB | 228 kB | 339/766 kB
Progress (4): 164 kB | 360/890 kB | 228 kB | 344/766 kB
Progress (4): 164 kB | 364/890 kB | 228 kB | 344/766 kB
Progress (4): 164 kB | 368/890 kB | 228 kB | 344/766 kB
Progress (4): 164 kB | 372/890 kB | 228 kB | 344/766 kB
Progress (4): 164 kB | 372/890 kB | 228 kB | 348/766 kB
Progress (4): 164 kB | 376/890 kB | 228 kB | 348/766 kB
Progress (4): 164 kB | 376/890 kB | 228 kB | 352/766 kB
Progress (4): 164 kB | 376/890 kB | 228 kB | 356/766 kB
Progress (4): 164 kB | 376/890 kB | 228 kB | 360/766 kB
Progress (4): 164 kB | 380/890 kB | 228 kB | 360/766 kB
Progress (4): 164 kB | 384/890 kB | 228 kB | 360/766 kB
Progress (4): 164 kB | 389/890 kB | 228 kB | 360/766 kB
Progress (4): 164 kB | 389/890 kB | 228 kB | 364/766 kB
Progress (4): 164 kB | 393/890 kB | 228 kB | 364/766 kB
Progress (4): 164 kB | 393/890 kB | 228 kB | 368/766 kB
Progress (4): 164 kB | 393/890 kB | 228 kB | 372/766 kB
Progress (4): 164 kB | 393/890 kB | 228 kB | 376/766 kB
Progress (4): 164 kB | 397/890 kB | 228 kB | 376/766 kB
Progress (4): 164 kB | 401/890 kB | 228 kB | 376/766 kB
Progress (4): 164 kB | 405/890 kB | 228 kB | 376/766 kB
Progress (4): 164 kB | 405/890 kB | 228 kB | 380/766 kB
Progress (4): 164 kB | 409/890 kB | 228 kB | 380/766 kB
Progress (4): 164 kB | 409/890 kB | 228 kB | 384/766 kB
Progress (4): 164 kB | 409/890 kB | 228 kB | 389/766 kB
Progress (4): 164 kB | 409/890 kB | 228 kB | 393/766 kB
Progress (4): 164 kB | 413/890 kB | 228 kB | 393/766 kB
Progress (4): 164 kB | 417/890 kB | 228 kB | 393/766 kB
Progress (4): 164 kB | 421/890 kB | 228 kB | 393/766 kB
Progress (4): 164 kB | 421/890 kB | 228 kB | 397/766 kB
Progress (4): 164 kB | 425/890 kB | 228 kB | 397/766 kB
Progress (4): 164 kB | 425/890 kB | 228 kB | 401/766 kB
Progress (4): 164 kB | 425/890 kB | 228 kB | 405/766 kB
Progress (4): 164 kB | 425/890 kB | 228 kB | 409/766 kB
Progress (4): 164 kB | 430/890 kB | 228 kB | 409/766 kB
Progress (4): 164 kB | 434/890 kB | 228 kB | 409/766 kB
Progress (4): 164 kB | 438/890 kB | 228 kB | 409/766 kB
Progress (4): 164 kB | 438/890 kB | 228 kB | 413/766 kB
Progress (4): 164 kB | 442/890 kB | 228 kB | 413/766 kB
Progress (4): 164 kB | 442/890 kB | 228 kB | 417/766 kB
Progress (4): 164 kB | 442/890 kB | 228 kB | 421/766 kB
Progress (4): 164 kB | 442/890 kB | 228 kB | 425/766 kB
Progress (4): 164 kB | 446/890 kB | 228 kB | 425/766 kB
Progress (4): 164 kB | 450/890 kB | 228 kB | 425/766 kB
Progress (4): 164 kB | 454/890 kB | 228 kB | 425/766 kB
Progress (4): 164 kB | 454/890 kB | 228 kB | 430/766 kB
Progress (4): 164 kB | 458/890 kB | 228 kB | 430/766 kB
Progress (4): 164 kB | 458/890 kB | 228 kB | 434/766 kB
Progress (4): 164 kB | 458/890 kB | 228 kB | 438/766 kB
Progress (4): 164 kB | 458/890 kB | 228 kB | 442/766 kB
Progress (4): 164 kB | 462/890 kB | 228 kB | 442/766 kB
Progress (4): 164 kB | 466/890 kB | 228 kB | 442/766 kB
Progress (4): 164 kB | 470/890 kB | 228 kB | 442/766 kB
Progress (4): 164 kB | 470/890 kB | 228 kB | 446/766 kB
Progress (4): 164 kB | 475/890 kB | 228 kB | 446/766 kB
Progress (4): 164 kB | 475/890 kB | 228 kB | 450/766 kB
Progress (4): 164 kB | 475/890 kB | 228 kB | 454/766 kB
Progress (4): 164 kB | 475/890 kB | 228 kB | 458/766 kB
Progress (4): 164 kB | 479/890 kB | 228 kB | 458/766 kB
Progress (4): 164 kB | 483/890 kB | 228 kB | 458/766 kB
Progress (4): 164 kB | 487/890 kB | 228 kB | 458/766 kB
Progress (4): 164 kB | 487/890 kB | 228 kB | 462/766 kB
Progress (4): 164 kB | 491/890 kB | 228 kB | 462/766 kB
Progress (4): 164 kB | 491/890 kB | 228 kB | 466/766 kB
Progress (4): 164 kB | 491/890 kB | 228 kB | 470/766 kB
Progress (4): 164 kB | 491/890 kB | 228 kB | 475/766 kB
Progress (4): 164 kB | 495/890 kB | 228 kB | 475/766 kB
Progress (4): 164 kB | 499/890 kB | 228 kB | 475/766 kB
Progress (4): 164 kB | 503/890 kB | 228 kB | 475/766 kB
Progress (4): 164 kB | 503/890 kB | 228 kB | 479/766 kB
Progress (4): 164 kB | 507/890 kB | 228 kB | 479/766 kB
Progress (4): 164 kB | 507/890 kB | 228 kB | 483/766 kB
Progress (4): 164 kB | 507/890 kB | 228 kB | 487/766 kB
Progress (4): 164 kB | 507/890 kB | 228 kB | 491/766 kB
Progress (4): 164 kB | 511/890 kB | 228 kB | 491/766 kB
Progress (4): 164 kB | 516/890 kB | 228 kB | 491/766 kB
Progress (4): 164 kB | 520/890 kB | 228 kB | 491/766 kB
Progress (4): 164 kB | 520/890 kB | 228 kB | 495/766 kB
Progress (4): 164 kB | 524/890 kB | 228 kB | 495/766 kB
Progress (4): 164 kB | 524/890 kB | 228 kB | 499/766 kB
Progress (4): 164 kB | 524/890 kB | 228 kB | 503/766 kB
Progress (4): 164 kB | 524/890 kB | 228 kB | 507/766 kB
Progress (4): 164 kB | 528/890 kB | 228 kB | 507/766 kB
Progress (4): 164 kB | 532/890 kB | 228 kB | 507/766 kB
Progress (4): 164 kB | 536/890 kB | 228 kB | 507/766 kB
Progress (4): 164 kB | 536/890 kB | 228 kB | 511/766 kB
Progress (4): 164 kB | 540/890 kB | 228 kB | 511/766 kB
Progress (4): 164 kB | 540/890 kB | 228 kB | 516/766 kB
Progress (4): 164 kB | 540/890 kB | 228 kB | 520/766 kB
Progress (4): 164 kB | 540/890 kB | 228 kB | 524/766 kB
Progress (4): 164 kB | 544/890 kB | 228 kB | 524/766 kB
Progress (4): 164 kB | 548/890 kB | 228 kB | 524/766 kB
Progress (4): 164 kB | 552/890 kB | 228 kB | 524/766 kB
Progress (4): 164 kB | 552/890 kB | 228 kB | 528/766 kB
Progress (4): 164 kB | 557/890 kB | 228 kB | 528/766 kB
Progress (4): 164 kB | 557/890 kB | 228 kB | 532/766 kB
Progress (4): 164 kB | 557/890 kB | 228 kB | 536/766 kB
Progress (4): 164 kB | 557/890 kB | 228 kB | 540/766 kB
Progress (4): 164 kB | 561/890 kB | 228 kB | 540/766 kB
Progress (4): 164 kB | 565/890 kB | 228 kB | 540/766 kB
Progress (4): 164 kB | 569/890 kB | 228 kB | 540/766 kB
Progress (4): 164 kB | 569/890 kB | 228 kB | 544/766 kB
Progress (4): 164 kB | 573/890 kB | 228 kB | 544/766 kB
Progress (4): 164 kB | 573/890 kB | 228 kB | 548/766 kB
Progress (4): 164 kB | 573/890 kB | 228 kB | 552/766 kB
Progress (4): 164 kB | 573/890 kB | 228 kB | 557/766 kB
Progress (4): 164 kB | 577/890 kB | 228 kB | 557/766 kB
Progress (4): 164 kB | 581/890 kB | 228 kB | 557/766 kB
Progress (4): 164 kB | 585/890 kB | 228 kB | 557/766 kB
Progress (4): 164 kB | 585/890 kB | 228 kB | 561/766 kB
Progress (4): 164 kB | 589/890 kB | 228 kB | 561/766 kB
Progress (4): 164 kB | 589/890 kB | 228 kB | 565/766 kB
Progress (4): 164 kB | 589/890 kB | 228 kB | 569/766 kB
Progress (4): 164 kB | 589/890 kB | 228 kB | 573/766 kB
Progress (4): 164 kB | 593/890 kB | 228 kB | 573/766 kB
Progress (4): 164 kB | 597/890 kB | 228 kB | 573/766 kB
Progress (4): 164 kB | 602/890 kB | 228 kB | 573/766 kB
Progress (4): 164 kB | 602/890 kB | 228 kB | 577/766 kB
Progress (4): 164 kB | 606/890 kB | 228 kB | 577/766 kB
Progress (4): 164 kB | 606/890 kB | 228 kB | 581/766 kB
Progress (4): 164 kB | 606/890 kB | 228 kB | 585/766 kB
Progress (4): 164 kB | 606/890 kB | 228 kB | 589/766 kB
Progress (4): 164 kB | 610/890 kB | 228 kB | 589/766 kB
Progress (4): 164 kB | 614/890 kB | 228 kB | 589/766 kB
Progress (4): 164 kB | 618/890 kB | 228 kB | 589/766 kB
Progress (4): 164 kB | 622/890 kB | 228 kB | 589/766 kB
Progress (4): 164 kB | 626/890 kB | 228 kB | 589/766 kB
Progress (4): 164 kB | 630/890 kB | 228 kB | 589/766 kB
Progress (4): 164 kB | 634/890 kB | 228 kB | 589/766 kB
Progress (4): 164 kB | 638/890 kB | 228 kB | 589/766 kB
Progress (4): 164 kB | 643/890 kB | 228 kB | 589/766 kB
Progress (4): 164 kB | 647/890 kB | 228 kB | 589/766 kB
Progress (4): 164 kB | 651/890 kB | 228 kB | 589/766 kB
Progress (4): 164 kB | 655/890 kB | 228 kB | 589/766 kB
Progress (4): 164 kB | 659/890 kB | 228 kB | 589/766 kB
Progress (4): 164 kB | 663/890 kB | 228 kB | 589/766 kB
Progress (4): 164 kB | 667/890 kB | 228 kB | 589/766 kB
Progress (4): 164 kB | 671/890 kB | 228 kB | 589/766 kB
Progress (4): 164 kB | 675/890 kB | 228 kB | 589/766 kB
Progress (4): 164 kB | 679/890 kB | 228 kB | 589/766 kB
Progress (4): 164 kB | 683/890 kB | 228 kB | 589/766 kB
Progress (4): 164 kB | 688/890 kB | 228 kB | 589/766 kB
Progress (4): 164 kB | 692/890 kB | 228 kB | 589/766 kB
Progress (4): 164 kB | 696/890 kB | 228 kB | 589/766 kB
Progress (4): 164 kB | 700/890 kB | 228 kB | 589/766 kB
Progress (4): 164 kB | 704/890 kB | 228 kB | 589/766 kB
Progress (4): 164 kB | 708/890 kB | 228 kB | 589/766 kB
Progress (4): 164 kB | 712/890 kB | 228 kB | 589/766 kB
Progress (4): 164 kB | 716/890 kB | 228 kB | 589/766 kB
Progress (4): 164 kB | 720/890 kB | 228 kB | 589/766 kB
Progress (4): 164 kB | 724/890 kB | 228 kB | 589/766 kB
Progress (4): 164 kB | 729/890 kB | 228 kB | 589/766 kB
Progress (4): 164 kB | 733/890 kB | 228 kB | 589/766 kB
Progress (4): 164 kB | 737/890 kB | 228 kB | 589/766 kB
Progress (4): 164 kB | 741/890 kB | 228 kB | 589/766 kB
Progress (4): 164 kB | 745/890 kB | 228 kB | 589/766 kB
Progress (4): 164 kB | 749/890 kB | 228 kB | 589/766 kB
Progress (4): 164 kB | 753/890 kB | 228 kB | 589/766 kB
Progress (5): 164 kB | 753/890 kB | 228 kB | 589/766 kB | 2.8/18 kB
Progress (5): 164 kB | 753/890 kB | 228 kB | 589/766 kB | 3.2/18 kB
Progress (5): 164 kB | 753/890 kB | 228 kB | 589/766 kB | 6.0/18 kB
Progress (5): 164 kB | 753/890 kB | 228 kB | 589/766 kB | 7.3/18 kB
Progress (5): 164 kB | 753/890 kB | 228 kB | 589/766 kB | 10/18 kB 
Progress (5): 164 kB | 753/890 kB | 228 kB | 589/766 kB | 11/18 kB
Progress (5): 164 kB | 753/890 kB | 228 kB | 589/766 kB | 14/18 kB
Progress (5): 164 kB | 753/890 kB | 228 kB | 589/766 kB | 17/18 kB
Progress (5): 164 kB | 753/890 kB | 228 kB | 589/766 kB | 18 kB   
                                                               
Downloaded from central: https://repo.maven.apache.org/maven2/org/codehaus/jackson/jackson-core-asl/1.9.2/jackson-core-asl-1.9.2.jar (228 kB at 72 kB/s)
Downloading from central: https://repo.maven.apache.org/maven2/org/codehaus/jackson/jackson-xc/1.9.2/jackson-xc-1.9.2.jar
Progress (4): 164 kB | 753/890 kB | 593/766 kB | 18 kB
Progress (4): 164 kB | 753/890 kB | 597/766 kB | 18 kB
Progress (4): 164 kB | 753/890 kB | 602/766 kB | 18 kB
Progress (4): 164 kB | 753/890 kB | 606/766 kB | 18 kB
Progress (4): 164 kB | 753/890 kB | 610/766 kB | 18 kB
Progress (4): 164 kB | 753/890 kB | 614/766 kB | 18 kB
Progress (4): 164 kB | 753/890 kB | 618/766 kB | 18 kB
Progress (4): 164 kB | 753/890 kB | 622/766 kB | 18 kB
Progress (4): 164 kB | 753/890 kB | 626/766 kB | 18 kB
Progress (4): 164 kB | 753/890 kB | 630/766 kB | 18 kB
Progress (4): 164 kB | 753/890 kB | 634/766 kB | 18 kB
Progress (4): 164 kB | 753/890 kB | 638/766 kB | 18 kB
Progress (4): 164 kB | 753/890 kB | 643/766 kB | 18 kB
Progress (4): 164 kB | 753/890 kB | 647/766 kB | 18 kB
Progress (4): 164 kB | 753/890 kB | 651/766 kB | 18 kB
                                                      
Downloaded from central: https://repo.maven.apache.org/maven2/com/sun/jersey/jersey-json/1.17.1/jersey-json-1.17.1.jar (164 kB at 51 kB/s)
Progress (3): 753/890 kB | 655/766 kB | 18 kB
                                             
Downloading from central: https://repo.maven.apache.org/maven2/com/sun/jersey/contribs/jersey-apache-client4/1.17.1/jersey-apache-client4-1.17.1.jar
Progress (3): 753/890 kB | 659/766 kB | 18 kB
Progress (3): 753/890 kB | 663/766 kB | 18 kB
Progress (3): 753/890 kB | 667/766 kB | 18 kB
Progress (3): 753/890 kB | 671/766 kB | 18 kB
Progress (3): 753/890 kB | 675/766 kB | 18 kB
Progress (3): 753/890 kB | 679/766 kB | 18 kB
Progress (3): 753/890 kB | 683/766 kB | 18 kB
Progress (3): 753/890 kB | 688/766 kB | 18 kB
Progress (3): 753/890 kB | 692/766 kB | 18 kB
Progress (3): 753/890 kB | 696/766 kB | 18 kB
Progress (3): 753/890 kB | 700/766 kB | 18 kB
Progress (3): 753/890 kB | 704/766 kB | 18 kB
Progress (3): 753/890 kB | 708/766 kB | 18 kB
Progress (3): 753/890 kB | 712/766 kB | 18 kB
Progress (3): 753/890 kB | 716/766 kB | 18 kB
Progress (3): 753/890 kB | 720/766 kB | 18 kB
Progress (3): 753/890 kB | 724/766 kB | 18 kB
Progress (3): 753/890 kB | 729/766 kB | 18 kB
Progress (3): 753/890 kB | 733/766 kB | 18 kB
Progress (3): 753/890 kB | 737/766 kB | 18 kB
Progress (3): 753/890 kB | 741/766 kB | 18 kB
Progress (3): 753/890 kB | 745/766 kB | 18 kB
Progress (3): 753/890 kB | 749/766 kB | 18 kB
Progress (3): 753/890 kB | 753/766 kB | 18 kB
Progress (3): 753/890 kB | 757/766 kB | 18 kB
Progress (3): 753/890 kB | 761/766 kB | 18 kB
Progress (3): 753/890 kB | 765/766 kB | 18 kB
Progress (3): 753/890 kB | 766 kB | 18 kB    
Progress (3): 757/890 kB | 766 kB | 18 kB
Progress (3): 761/890 kB | 766 kB | 18 kB
Progress (3): 765/890 kB | 766 kB | 18 kB
Progress (3): 770/890 kB | 766 kB | 18 kB
Progress (3): 774/890 kB | 766 kB | 18 kB
Progress (3): 778/890 kB | 766 kB | 18 kB
Progress (3): 782/890 kB | 766 kB | 18 kB
Progress (3): 786/890 kB | 766 kB | 18 kB
Progress (3): 790/890 kB | 766 kB | 18 kB
Progress (3): 794/890 kB | 766 kB | 18 kB
Progress (3): 798/890 kB | 766 kB | 18 kB
Progress (3): 802/890 kB | 766 kB | 18 kB
Progress (3): 806/890 kB | 766 kB | 18 kB
Progress (3): 810/890 kB | 766 kB | 18 kB
Progress (3): 815/890 kB | 766 kB | 18 kB
Progress (3): 819/890 kB | 766 kB | 18 kB
Progress (3): 823/890 kB | 766 kB | 18 kB
Progress (3): 827/890 kB | 766 kB | 18 kB
Progress (3): 831/890 kB | 766 kB | 18 kB
Progress (3): 835/890 kB | 766 kB | 18 kB
Progress (3): 839/890 kB | 766 kB | 18 kB
Progress (3): 843/890 kB | 766 kB | 18 kB
Progress (3): 847/890 kB | 766 kB | 18 kB
Progress (3): 851/890 kB | 766 kB | 18 kB
Progress (3): 856/890 kB | 766 kB | 18 kB
Progress (3): 860/890 kB | 766 kB | 18 kB
Progress (3): 864/890 kB | 766 kB | 18 kB
Progress (3): 868/890 kB | 766 kB | 18 kB
Progress (3): 872/890 kB | 766 kB | 18 kB
Progress (3): 876/890 kB | 766 kB | 18 kB
Progress (3): 880/890 kB | 766 kB | 18 kB
Progress (3): 884/890 kB | 766 kB | 18 kB
Progress (3): 888/890 kB | 766 kB | 18 kB
Progress (3): 890 kB | 766 kB | 18 kB    
                                     
Downloaded from central: https://repo.maven.apache.org/maven2/org/codehaus/jackson/jackson-jaxrs/1.9.2/jackson-jaxrs-1.9.2.jar (18 kB at 5.6 kB/s)
Downloading from central: https://repo.maven.apache.org/maven2/org/apache/httpcomponents/httpclient/4.3.5/httpclient-4.3.5.jar
Progress (3): 890 kB | 766 kB | 4.1/27 kB
Progress (3): 890 kB | 766 kB | 7.7/27 kB
Progress (3): 890 kB | 766 kB | 12/27 kB 
Progress (3): 890 kB | 766 kB | 16/27 kB
Progress (3): 890 kB | 766 kB | 20/27 kB
Progress (3): 890 kB | 766 kB | 24/27 kB
Progress (3): 890 kB | 766 kB | 27 kB   
Progress (4): 890 kB | 766 kB | 27 kB | 2.8/16 kB
Progress (4): 890 kB | 766 kB | 27 kB | 5.5/16 kB
Progress (4): 890 kB | 766 kB | 27 kB | 8.3/16 kB
Progress (4): 890 kB | 766 kB | 27 kB | 11/16 kB 
Progress (4): 890 kB | 766 kB | 27 kB | 14/16 kB
Progress (4): 890 kB | 766 kB | 27 kB | 16 kB   
                                             
Downloaded from central: https://repo.maven.apache.org/maven2/org/codehaus/jackson/jackson-mapper-asl/1.9.2/jackson-mapper-asl-1.9.2.jar (766 kB at 226 kB/s)
Downloading from central: https://repo.maven.apache.org/maven2/org/slf4j/jcl-over-slf4j/1.7.5/jcl-over-slf4j-1.7.5.jar
Downloaded from central: https://repo.maven.apache.org/maven2/com/sun/xml/bind/jaxb-impl/2.2.3-1/jaxb-impl-2.2.3-1.jar (890 kB at 262 kB/s)
Downloading from central: https://repo.maven.apache.org/maven2/org/sonatype/spice/zapper/spice-zapper/1.2/spice-zapper-1.2.jar
Progress (3): 27 kB | 16 kB | 2.2/591 kB
Progress (3): 27 kB | 16 kB | 5.0/591 kB
Progress (3): 27 kB | 16 kB | 7.7/591 kB
Progress (3): 27 kB | 16 kB | 10/591 kB 
Progress (3): 27 kB | 16 kB | 13/591 kB
Progress (3): 27 kB | 16 kB | 16/591 kB
Progress (3): 27 kB | 16 kB | 19/591 kB
Progress (3): 27 kB | 16 kB | 21/591 kB
Progress (3): 27 kB | 16 kB | 24/591 kB
Progress (3): 27 kB | 16 kB | 27/591 kB
Progress (3): 27 kB | 16 kB | 30/591 kB
Progress (3): 27 kB | 16 kB | 32/591 kB
Progress (3): 27 kB | 16 kB | 36/591 kB
Progress (3): 27 kB | 16 kB | 40/591 kB
Progress (3): 27 kB | 16 kB | 45/591 kB
Progress (3): 27 kB | 16 kB | 49/591 kB
Progress (3): 27 kB | 16 kB | 53/591 kB
Progress (3): 27 kB | 16 kB | 57/591 kB
Progress (3): 27 kB | 16 kB | 61/591 kB
Progress (3): 27 kB | 16 kB | 65/591 kB
Progress (3): 27 kB | 16 kB | 69/591 kB
Progress (3): 27 kB | 16 kB | 73/591 kB
Progress (3): 27 kB | 16 kB | 77/591 kB
Progress (3): 27 kB | 16 kB | 81/591 kB
Progress (3): 27 kB | 16 kB | 85/591 kB
Progress (3): 27 kB | 16 kB | 90/591 kB
Progress (3): 27 kB | 16 kB | 94/591 kB
Progress (3): 27 kB | 16 kB | 98/591 kB
Progress (3): 27 kB | 16 kB | 102/591 kB
Progress (3): 27 kB | 16 kB | 106/591 kB
Progress (3): 27 kB | 16 kB | 110/591 kB
Progress (3): 27 kB | 16 kB | 114/591 kB
Progress (3): 27 kB | 16 kB | 118/591 kB
Progress (3): 27 kB | 16 kB | 122/591 kB
Progress (3): 27 kB | 16 kB | 126/591 kB
Progress (3): 27 kB | 16 kB | 131/591 kB
Progress (3): 27 kB | 16 kB | 135/591 kB
Progress (3): 27 kB | 16 kB | 139/591 kB
Progress (3): 27 kB | 16 kB | 143/591 kB
Progress (3): 27 kB | 16 kB | 147/591 kB
Progress (3): 27 kB | 16 kB | 151/591 kB
Progress (3): 27 kB | 16 kB | 155/591 kB
Progress (3): 27 kB | 16 kB | 159/591 kB
Progress (3): 27 kB | 16 kB | 163/591 kB
Progress (3): 27 kB | 16 kB | 167/591 kB
Progress (3): 27 kB | 16 kB | 171/591 kB
Progress (3): 27 kB | 16 kB | 176/591 kB
Progress (3): 27 kB | 16 kB | 180/591 kB
Progress (3): 27 kB | 16 kB | 184/591 kB
Progress (3): 27 kB | 16 kB | 188/591 kB
Progress (3): 27 kB | 16 kB | 192/591 kB
Progress (3): 27 kB | 16 kB | 196/591 kB
Progress (3): 27 kB | 16 kB | 200/591 kB
Progress (3): 27 kB | 16 kB | 204/591 kB
Progress (3): 27 kB | 16 kB | 208/591 kB
Progress (3): 27 kB | 16 kB | 212/591 kB
Progress (3): 27 kB | 16 kB | 217/591 kB
Progress (3): 27 kB | 16 kB | 221/591 kB
Progress (3): 27 kB | 16 kB | 225/591 kB
Progress (3): 27 kB | 16 kB | 229/591 kB
Progress (3): 27 kB | 16 kB | 233/591 kB
Progress (3): 27 kB | 16 kB | 237/591 kB
Progress (3): 27 kB | 16 kB | 241/591 kB
Progress (3): 27 kB | 16 kB | 245/591 kB
Progress (3): 27 kB | 16 kB | 249/591 kB
Progress (3): 27 kB | 16 kB | 253/591 kB
Progress (3): 27 kB | 16 kB | 258/591 kB
Progress (3): 27 kB | 16 kB | 262/591 kB
Progress (3): 27 kB | 16 kB | 266/591 kB
Progress (3): 27 kB | 16 kB | 270/591 kB
Progress (3): 27 kB | 16 kB | 274/591 kB
Progress (3): 27 kB | 16 kB | 278/591 kB
                                        
Downloaded from central: https://repo.maven.apache.org/maven2/org/codehaus/jackson/jackson-xc/1.9.2/jackson-xc-1.9.2.jar (27 kB at 7.7 kB/s)
Downloading from central: https://repo.maven.apache.org/maven2/com/google/protobuf/protobuf-java/2.4.1/protobuf-java-2.4.1.jar
Downloaded from central: https://repo.maven.apache.org/maven2/com/sun/jersey/contribs/jersey-apache-client4/1.17.1/jersey-apache-client4-1.17.1.jar (16 kB at 4.5 kB/s)
Downloading from central: https://repo.maven.apache.org/maven2/org/sonatype/sisu/sisu-charger/1.1/sisu-charger-1.1.jar
Progress (2): 278/591 kB | 2.8/17 kB
Progress (2): 278/591 kB | 5.5/17 kB
Progress (2): 278/591 kB | 8.3/17 kB
Progress (2): 278/591 kB | 11/17 kB 
Progress (2): 278/591 kB | 14/17 kB
Progress (2): 278/591 kB | 16/17 kB
Progress (2): 278/591 kB | 17 kB   
Progress (3): 278/591 kB | 17 kB | 4.1/168 kB
Progress (3): 278/591 kB | 17 kB | 7.7/168 kB
Progress (3): 278/591 kB | 17 kB | 12/168 kB 
Progress (3): 278/591 kB | 17 kB | 16/168 kB
Progress (3): 278/591 kB | 17 kB | 20/168 kB
Progress (3): 278/591 kB | 17 kB | 24/168 kB
Progress (3): 278/591 kB | 17 kB | 28/168 kB
Progress (3): 278/591 kB | 17 kB | 32/168 kB
Progress (3): 278/591 kB | 17 kB | 36/168 kB
Progress (3): 278/591 kB | 17 kB | 40/168 kB
Progress (3): 278/591 kB | 17 kB | 45/168 kB
Progress (3): 278/591 kB | 17 kB | 49/168 kB
Progress (3): 278/591 kB | 17 kB | 53/168 kB
Progress (3): 278/591 kB | 17 kB | 57/168 kB
Progress (3): 278/591 kB | 17 kB | 61/168 kB
Progress (3): 278/591 kB | 17 kB | 65/168 kB
Progress (3): 278/591 kB | 17 kB | 69/168 kB
Progress (3): 278/591 kB | 17 kB | 73/168 kB
Progress (3): 278/591 kB | 17 kB | 77/168 kB
Progress (3): 278/591 kB | 17 kB | 81/168 kB
Progress (3): 278/591 kB | 17 kB | 85/168 kB
Progress (3): 278/591 kB | 17 kB | 90/168 kB
Progress (3): 278/591 kB | 17 kB | 94/168 kB
Progress (3): 278/591 kB | 17 kB | 98/168 kB
Progress (3): 278/591 kB | 17 kB | 102/168 kB
Progress (3): 278/591 kB | 17 kB | 106/168 kB
Progress (3): 278/591 kB | 17 kB | 110/168 kB
Progress (3): 278/591 kB | 17 kB | 114/168 kB
Progress (3): 278/591 kB | 17 kB | 118/168 kB
Progress (3): 278/591 kB | 17 kB | 122/168 kB
Progress (3): 278/591 kB | 17 kB | 126/168 kB
Progress (3): 278/591 kB | 17 kB | 131/168 kB
Progress (3): 278/591 kB | 17 kB | 135/168 kB
Progress (3): 278/591 kB | 17 kB | 139/168 kB
Progress (3): 278/591 kB | 17 kB | 143/168 kB
Progress (3): 278/591 kB | 17 kB | 147/168 kB
Progress (3): 278/591 kB | 17 kB | 151/168 kB
Progress (3): 278/591 kB | 17 kB | 155/168 kB
Progress (3): 278/591 kB | 17 kB | 159/168 kB
Progress (3): 278/591 kB | 17 kB | 163/168 kB
Progress (3): 278/591 kB | 17 kB | 167/168 kB
Progress (3): 278/591 kB | 17 kB | 168 kB    
Progress (3): 282/591 kB | 17 kB | 168 kB
Progress (3): 286/591 kB | 17 kB | 168 kB
Progress (3): 290/591 kB | 17 kB | 168 kB
Progress (3): 294/591 kB | 17 kB | 168 kB
Progress (3): 298/591 kB | 17 kB | 168 kB
Progress (3): 303/591 kB | 17 kB | 168 kB
Progress (3): 307/591 kB | 17 kB | 168 kB
Progress (3): 311/591 kB | 17 kB | 168 kB
Progress (3): 315/591 kB | 17 kB | 168 kB
Progress (3): 319/591 kB | 17 kB | 168 kB
Progress (3): 323/591 kB | 17 kB | 168 kB
Progress (3): 327/591 kB | 17 kB | 168 kB
Progress (3): 331/591 kB | 17 kB | 168 kB
Progress (3): 335/591 kB | 17 kB | 168 kB
Progress (3): 339/591 kB | 17 kB | 168 kB
Progress (3): 344/591 kB | 17 kB | 168 kB
Progress (3): 348/591 kB | 17 kB | 168 kB
Progress (3): 352/591 kB | 17 kB | 168 kB
Progress (3): 356/591 kB | 17 kB | 168 kB
Progress (3): 360/591 kB | 17 kB | 168 kB
Progress (3): 364/591 kB | 17 kB | 168 kB
Progress (3): 368/591 kB | 17 kB | 168 kB
Progress (3): 372/591 kB | 17 kB | 168 kB
Progress (3): 376/591 kB | 17 kB | 168 kB
Progress (3): 380/591 kB | 17 kB | 168 kB
Progress (3): 384/591 kB | 17 kB | 168 kB
Progress (3): 389/591 kB | 17 kB | 168 kB
Progress (3): 393/591 kB | 17 kB | 168 kB
Progress (3): 397/591 kB | 17 kB | 168 kB
Progress (3): 401/591 kB | 17 kB | 168 kB
Progress (3): 405/591 kB | 17 kB | 168 kB
Progress (3): 409/591 kB | 17 kB | 168 kB
Progress (3): 413/591 kB | 17 kB | 168 kB
Progress (3): 417/591 kB | 17 kB | 168 kB
Progress (3): 421/591 kB | 17 kB | 168 kB
Progress (3): 425/591 kB | 17 kB | 168 kB
Progress (3): 430/591 kB | 17 kB | 168 kB
Progress (3): 434/591 kB | 17 kB | 168 kB
Progress (3): 438/591 kB | 17 kB | 168 kB
Progress (3): 442/591 kB | 17 kB | 168 kB
Progress (3): 446/591 kB | 17 kB | 168 kB
Progress (3): 450/591 kB | 17 kB | 168 kB
Progress (3): 454/591 kB | 17 kB | 168 kB
Progress (3): 458/591 kB | 17 kB | 168 kB
Progress (3): 462/591 kB | 17 kB | 168 kB
Progress (3): 466/591 kB | 17 kB | 168 kB
Progress (3): 471/591 kB | 17 kB | 168 kB
Progress (3): 475/591 kB | 17 kB | 168 kB
Progress (4): 475/591 kB | 17 kB | 168 kB | 4.1/450 kB
Progress (4): 475/591 kB | 17 kB | 168 kB | 7.7/450 kB
Progress (4): 475/591 kB | 17 kB | 168 kB | 12/450 kB 
Progress (4): 475/591 kB | 17 kB | 168 kB | 16/450 kB
Progress (4): 475/591 kB | 17 kB | 168 kB | 20/450 kB
Progress (4): 475/591 kB | 17 kB | 168 kB | 24/450 kB
Progress (4): 475/591 kB | 17 kB | 168 kB | 28/450 kB
Progress (4): 475/591 kB | 17 kB | 168 kB | 32/450 kB
Progress (4): 475/591 kB | 17 kB | 168 kB | 36/450 kB
Progress (4): 475/591 kB | 17 kB | 168 kB | 40/450 kB
Progress (4): 475/591 kB | 17 kB | 168 kB | 45/450 kB
Progress (4): 475/591 kB | 17 kB | 168 kB | 49/450 kB
Progress (4): 475/591 kB | 17 kB | 168 kB | 53/450 kB
Progress (4): 475/591 kB | 17 kB | 168 kB | 57/450 kB
Progress (4): 475/591 kB | 17 kB | 168 kB | 61/450 kB
Progress (4): 475/591 kB | 17 kB | 168 kB | 65/450 kB
Progress (4): 475/591 kB | 17 kB | 168 kB | 69/450 kB
Progress (5): 475/591 kB | 17 kB | 168 kB | 69/450 kB | 2.2/19 kB
Progress (5): 475/591 kB | 17 kB | 168 kB | 73/450 kB | 2.2/19 kB
Progress (5): 475/591 kB | 17 kB | 168 kB | 73/450 kB | 5.0/19 kB
Progress (5): 475/591 kB | 17 kB | 168 kB | 77/450 kB | 5.0/19 kB
Progress (5): 475/591 kB | 17 kB | 168 kB | 77/450 kB | 7.7/19 kB
Progress (5): 475/591 kB | 17 kB | 168 kB | 81/450 kB | 7.7/19 kB
Progress (5): 475/591 kB | 17 kB | 168 kB | 81/450 kB | 10/19 kB 
Progress (5): 475/591 kB | 17 kB | 168 kB | 85/450 kB | 10/19 kB
Progress (5): 475/591 kB | 17 kB | 168 kB | 85/450 kB | 13/19 kB
Progress (5): 475/591 kB | 17 kB | 168 kB | 90/450 kB | 13/19 kB
Progress (5): 475/591 kB | 17 kB | 168 kB | 90/450 kB | 16/19 kB
Progress (5): 475/591 kB | 17 kB | 168 kB | 94/450 kB | 16/19 kB
Progress (5): 475/591 kB | 17 kB | 168 kB | 94/450 kB | 19/19 kB
Progress (5): 475/591 kB | 17 kB | 168 kB | 98/450 kB | 19/19 kB
Progress (5): 475/591 kB | 17 kB | 168 kB | 98/450 kB | 19 kB   
Progress (5): 475/591 kB | 17 kB | 168 kB | 102/450 kB | 19 kB
Progress (5): 475/591 kB | 17 kB | 168 kB | 106/450 kB | 19 kB
Progress (5): 475/591 kB | 17 kB | 168 kB | 110/450 kB | 19 kB
Progress (5): 475/591 kB | 17 kB | 168 kB | 114/450 kB | 19 kB
Progress (5): 475/591 kB | 17 kB | 168 kB | 118/450 kB | 19 kB
Progress (5): 475/591 kB | 17 kB | 168 kB | 122/450 kB | 19 kB
Progress (5): 475/591 kB | 17 kB | 168 kB | 126/450 kB | 19 kB
Progress (5): 475/591 kB | 17 kB | 168 kB | 131/450 kB | 19 kB
Progress (5): 475/591 kB | 17 kB | 168 kB | 135/450 kB | 19 kB
Progress (5): 475/591 kB | 17 kB | 168 kB | 139/450 kB | 19 kB
Progress (5): 475/591 kB | 17 kB | 168 kB | 143/450 kB | 19 kB
Progress (5): 475/591 kB | 17 kB | 168 kB | 147/450 kB | 19 kB
Progress (5): 475/591 kB | 17 kB | 168 kB | 151/450 kB | 19 kB
Progress (5): 475/591 kB | 17 kB | 168 kB | 155/450 kB | 19 kB
Progress (5): 475/591 kB | 17 kB | 168 kB | 159/450 kB | 19 kB
Progress (5): 475/591 kB | 17 kB | 168 kB | 163/450 kB | 19 kB
Progress (5): 475/591 kB | 17 kB | 168 kB | 167/450 kB | 19 kB
Progress (5): 475/591 kB | 17 kB | 168 kB | 171/450 kB | 19 kB
Progress (5): 475/591 kB | 17 kB | 168 kB | 176/450 kB | 19 kB
Progress (5): 475/591 kB | 17 kB | 168 kB | 180/450 kB | 19 kB
                                                              
Downloaded from central: https://repo.maven.apache.org/maven2/org/slf4j/jcl-over-slf4j/1.7.5/jcl-over-slf4j-1.7.5.jar (17 kB at 4.4 kB/s)
Downloading from central: https://repo.maven.apache.org/maven2/org/sonatype/aether/aether-api/1.13.1/aether-api-1.13.1.jar
Downloaded from central: https://repo.maven.apache.org/maven2/org/sonatype/spice/zapper/spice-zapper/1.2/spice-zapper-1.2.jar (168 kB at 44 kB/s)
Downloading from central: https://repo.maven.apache.org/maven2/org/slf4j/slf4j-simple/1.7.5/slf4j-simple-1.7.5.jar
Progress (3): 479/591 kB | 180/450 kB | 19 kB
Progress (3): 483/591 kB | 180/450 kB | 19 kB
Progress (3): 487/591 kB | 180/450 kB | 19 kB
Progress (3): 491/591 kB | 180/450 kB | 19 kB
Progress (3): 495/591 kB | 180/450 kB | 19 kB
Progress (3): 499/591 kB | 180/450 kB | 19 kB
Progress (3): 503/591 kB | 180/450 kB | 19 kB
Progress (3): 507/591 kB | 180/450 kB | 19 kB
Progress (3): 511/591 kB | 180/450 kB | 19 kB
Progress (3): 516/591 kB | 180/450 kB | 19 kB
Progress (3): 520/591 kB | 180/450 kB | 19 kB
Progress (3): 524/591 kB | 180/450 kB | 19 kB
Progress (3): 528/591 kB | 180/450 kB | 19 kB
Progress (3): 532/591 kB | 180/450 kB | 19 kB
Progress (3): 536/591 kB | 180/450 kB | 19 kB
Progress (3): 540/591 kB | 180/450 kB | 19 kB
                                             
Downloaded from central: https://repo.maven.apache.org/maven2/org/sonatype/sisu/sisu-charger/1.1/sisu-charger-1.1.jar (19 kB at 4.9 kB/s)
Progress (3): 540/591 kB | 180/450 kB | 2.8/90 kB
Progress (3): 540/591 kB | 180/450 kB | 5.5/90 kB
Progress (3): 540/591 kB | 180/450 kB | 8.3/90 kB
Progress (3): 540/591 kB | 180/450 kB | 11/90 kB 
Progress (3): 540/591 kB | 180/450 kB | 14/90 kB
Progress (3): 540/591 kB | 180/450 kB | 16/90 kB
Progress (3): 540/591 kB | 180/450 kB | 19/90 kB
Progress (3): 540/591 kB | 180/450 kB | 22/90 kB
Progress (3): 540/591 kB | 180/450 kB | 25/90 kB
Progress (3): 540/591 kB | 180/450 kB | 27/90 kB
Progress (3): 540/591 kB | 180/450 kB | 30/90 kB
Progress (3): 540/591 kB | 180/450 kB | 33/90 kB
Progress (3): 540/591 kB | 180/450 kB | 37/90 kB
Progress (3): 540/591 kB | 180/450 kB | 41/90 kB
Progress (3): 540/591 kB | 180/450 kB | 45/90 kB
Progress (3): 540/591 kB | 180/450 kB | 49/90 kB
Progress (3): 540/591 kB | 180/450 kB | 53/90 kB
Progress (3): 540/591 kB | 180/450 kB | 57/90 kB
Progress (3): 540/591 kB | 180/450 kB | 61/90 kB
Progress (3): 540/591 kB | 180/450 kB | 64/90 kB
Progress (3): 540/591 kB | 180/450 kB | 68/90 kB
Progress (3): 540/591 kB | 180/450 kB | 72/90 kB
Progress (3): 540/591 kB | 180/450 kB | 77/90 kB
Progress (3): 540/591 kB | 180/450 kB | 81/90 kB
Progress (3): 540/591 kB | 180/450 kB | 85/90 kB
Progress (3): 540/591 kB | 180/450 kB | 89/90 kB
Progress (3): 540/591 kB | 180/450 kB | 90 kB   
Progress (4): 540/591 kB | 180/450 kB | 90 kB | 4.1/11 kB
Progress (4): 540/591 kB | 180/450 kB | 90 kB | 7.7/11 kB
Progress (4): 540/591 kB | 180/450 kB | 90 kB | 11 kB    
Progress (4): 544/591 kB | 180/450 kB | 90 kB | 11 kB
Progress (4): 548/591 kB | 180/450 kB | 90 kB | 11 kB
Progress (4): 552/591 kB | 180/450 kB | 90 kB | 11 kB
Progress (4): 557/591 kB | 180/450 kB | 90 kB | 11 kB
Progress (4): 561/591 kB | 180/450 kB | 90 kB | 11 kB
Progress (4): 565/591 kB | 180/450 kB | 90 kB | 11 kB
Progress (4): 569/591 kB | 180/450 kB | 90 kB | 11 kB
Progress (4): 573/591 kB | 180/450 kB | 90 kB | 11 kB
Progress (4): 577/591 kB | 180/450 kB | 90 kB | 11 kB
Progress (4): 581/591 kB | 180/450 kB | 90 kB | 11 kB
Progress (4): 585/591 kB | 180/450 kB | 90 kB | 11 kB
Progress (4): 589/591 kB | 180/450 kB | 90 kB | 11 kB
Progress (4): 591 kB | 180/450 kB | 90 kB | 11 kB    
                                                 
Downloaded from central: https://repo.maven.apache.org/maven2/org/sonatype/aether/aether-api/1.13.1/aether-api-1.13.1.jar (90 kB at 22 kB/s)
Downloaded from central: https://repo.maven.apache.org/maven2/org/slf4j/slf4j-simple/1.7.5/slf4j-simple-1.7.5.jar (11 kB at 2.6 kB/s)
Downloaded from central: https://repo.maven.apache.org/maven2/org/apache/httpcomponents/httpclient/4.3.5/httpclient-4.3.5.jar (591 kB at 138 kB/s)
Progress (1): 184/450 kB
Progress (1): 188/450 kB
Progress (1): 192/450 kB
Progress (1): 196/450 kB
Progress (1): 200/450 kB
Progress (1): 204/450 kB
Progress (1): 208/450 kB
Progress (1): 212/450 kB
Progress (1): 217/450 kB
Progress (1): 221/450 kB
Progress (1): 225/450 kB
Progress (1): 229/450 kB
Progress (1): 233/450 kB
Progress (1): 237/450 kB
Progress (1): 241/450 kB
Progress (1): 245/450 kB
Progress (1): 249/450 kB
Progress (1): 253/450 kB
Progress (1): 258/450 kB
Progress (1): 262/450 kB
Progress (1): 266/450 kB
Progress (1): 270/450 kB
Progress (1): 274/450 kB
Progress (1): 278/450 kB
Progress (1): 282/450 kB
Progress (1): 286/450 kB
Progress (1): 290/450 kB
Progress (1): 294/450 kB
Progress (1): 298/450 kB
Progress (1): 303/450 kB
Progress (1): 307/450 kB
Progress (1): 311/450 kB
Progress (1): 315/450 kB
Progress (1): 319/450 kB
Progress (1): 323/450 kB
Progress (1): 327/450 kB
Progress (1): 331/450 kB
Progress (1): 335/450 kB
Progress (1): 339/450 kB
Progress (1): 344/450 kB
Progress (1): 348/450 kB
Progress (1): 352/450 kB
Progress (1): 356/450 kB
Progress (1): 360/450 kB
Progress (1): 364/450 kB
Progress (1): 368/450 kB
Progress (1): 372/450 kB
Progress (1): 376/450 kB
Progress (1): 380/450 kB
Progress (1): 384/450 kB
Progress (1): 389/450 kB
Progress (1): 393/450 kB
Progress (1): 397/450 kB
Progress (1): 401/450 kB
Progress (1): 405/450 kB
Progress (1): 409/450 kB
Progress (1): 413/450 kB
Progress (1): 417/450 kB
Progress (1): 421/450 kB
Progress (1): 425/450 kB
Progress (1): 430/450 kB
Progress (1): 434/450 kB
Progress (1): 438/450 kB
Progress (1): 442/450 kB
Progress (1): 446/450 kB
Progress (1): 450/450 kB
Progress (1): 450 kB    
                    
Downloaded from central: https://repo.maven.apache.org/maven2/com/google/protobuf/protobuf-java/2.4.1/protobuf-java-2.4.1.jar (450 kB at 78 kB/s)
[WARNING] 
[WARNING] Some problems were encountered while building the effective model for eu.bitwalker:UserAgentUtils:jar:1.21
[WARNING] 'build.plugins.plugin.version' for org.apache.maven.plugins:maven-source-plugin is missing. @ line 130, column 12
[WARNING] 
[WARNING] It is highly recommended to fix these problems because they threaten the stability of your build.
[WARNING] 
[WARNING] For this reason, future Maven versions might no longer support building such malformed projects.
[WARNING] 
[INFO] Inspecting build with total of 1 modules...
[INFO] Installing Nexus Staging features:
[INFO]   ... total of 1 executions of maven-deploy-plugin replaced with nexus-staging-maven-plugin
Downloading from central: https://repo.maven.apache.org/maven2/org/apache/maven/plugins/maven-source-plugin/maven-metadata.xml
Progress (1): 843 B
                   
Downloaded from central: https://repo.maven.apache.org/maven2/org/apache/maven/plugins/maven-source-plugin/maven-metadata.xml (843 B at 2.2 kB/s)
Downloading from central: https://repo.maven.apache.org/maven2/org/apache/maven/plugins/maven-source-plugin/3.1.0/maven-source-plugin-3.1.0.pom
Progress (1): 2.8/5.5 kB
Progress (1): 5.5/5.5 kB
Progress (1): 5.5 kB    
                    
Downloaded from central: https://repo.maven.apache.org/maven2/org/apache/maven/plugins/maven-source-plugin/3.1.0/maven-source-plugin-3.1.0.pom (5.5 kB at 15 kB/s)
Downloading from central: https://repo.maven.apache.org/maven2/org/apache/maven/plugins/maven-plugins/33/maven-plugins-33.pom
Progress (1): 2.2/11 kB
Progress (1): 5.0/11 kB
Progress (1): 7.8/11 kB
Progress (1): 11/11 kB 
Progress (1): 11 kB   
                   
Downloaded from central: https://repo.maven.apache.org/maven2/org/apache/maven/plugins/maven-plugins/33/maven-plugins-33.pom (11 kB at 29 kB/s)
Downloading from central: https://repo.maven.apache.org/maven2/org/apache/maven/maven-parent/33/maven-parent-33.pom
Progress (1): 2.2/44 kB
Progress (1): 5.0/44 kB
Progress (1): 7.8/44 kB
Progress (1): 11/44 kB 
Progress (1): 13/44 kB
Progress (1): 16/44 kB
Progress (1): 19/44 kB
Progress (1): 21/44 kB
Progress (1): 24/44 kB
Progress (1): 27/44 kB
Progress (1): 30/44 kB
Progress (1): 32/44 kB
Progress (1): 36/44 kB
Progress (1): 40/44 kB
Progress (1): 44 kB   
                   
Downloaded from central: https://repo.maven.apache.org/maven2/org/apache/maven/maven-parent/33/maven-parent-33.pom (44 kB at 114 kB/s)
Downloading from central: https://repo.maven.apache.org/maven2/org/apache/maven/plugins/maven-source-plugin/3.1.0/maven-source-plugin-3.1.0.jar
Progress (1): 4.1/31 kB
Progress (1): 7.7/31 kB
Progress (1): 12/31 kB 
Progress (1): 16/31 kB
Progress (1): 20/31 kB
Progress (1): 24/31 kB
Progress (1): 28/31 kB
Progress (1): 31 kB   
                   
Downloaded from central: https://repo.maven.apache.org/maven2/org/apache/maven/plugins/maven-source-plugin/3.1.0/maven-source-plugin-3.1.0.jar (31 kB at 86 kB/s)
Downloading from central: https://repo.maven.apache.org/maven2/org/apache/maven/plugins/maven-surefire-plugin/2.4/maven-surefire-plugin-2.4.pom
Progress (1): 4.1/6.4 kB
Progress (1): 6.4 kB    
                    
Downloaded from central: https://repo.maven.apache.org/maven2/org/apache/maven/plugins/maven-surefire-plugin/2.4/maven-surefire-plugin-2.4.pom (6.4 kB at 18 kB/s)
Downloading from central: https://repo.maven.apache.org/maven2/org/apache/maven/surefire/surefire/2.4/surefire-2.4.pom
Progress (1): 2.2/6.6 kB
Progress (1): 5.0/6.6 kB
Progress (1): 6.6 kB    
                    
Downloaded from central: https://repo.maven.apache.org/maven2/org/apache/maven/surefire/surefire/2.4/surefire-2.4.pom (6.6 kB at 18 kB/s)
Downloading from central: https://repo.maven.apache.org/maven2/org/apache/maven/plugins/maven-surefire-plugin/2.4/maven-surefire-plugin-2.4.jar
Progress (1): 2.2/22 kB
Progress (1): 5.0/22 kB
Progress (1): 7.7/22 kB
Progress (1): 10/22 kB 
Progress (1): 13/22 kB
Progress (1): 16/22 kB
Progress (1): 19/22 kB
Progress (1): 21/22 kB
Progress (1): 22 kB   
                   
Downloaded from central: https://repo.maven.apache.org/maven2/org/apache/maven/plugins/maven-surefire-plugin/2.4/maven-surefire-plugin-2.4.jar (22 kB at 59 kB/s)
Downloading from central: https://repo.maven.apache.org/maven2/org/apache/maven/plugins/maven-resources-plugin/2.7/maven-resources-plugin-2.7.pom
Progress (1): 2.2/7.7 kB
Progress (1): 5.0/7.7 kB
Progress (1): 7.7 kB    
                    
Downloaded from central: https://repo.maven.apache.org/maven2/org/apache/maven/plugins/maven-resources-plugin/2.7/maven-resources-plugin-2.7.pom (7.7 kB at 21 kB/s)
Downloading from central: https://repo.maven.apache.org/maven2/org/apache/maven/plugins/maven-resources-plugin/2.7/maven-resources-plugin-2.7.jar
Progress (1): 2.2/31 kB
Progress (1): 5.0/31 kB
Progress (1): 7.7/31 kB
Progress (1): 10/31 kB 
Progress (1): 13/31 kB
Progress (1): 16/31 kB
Progress (1): 19/31 kB
Progress (1): 21/31 kB
Progress (1): 24/31 kB
Progress (1): 27/31 kB
Progress (1): 30/31 kB
Progress (1): 31 kB   
                   
Downloaded from central: https://repo.maven.apache.org/maven2/org/apache/maven/plugins/maven-resources-plugin/2.7/maven-resources-plugin-2.7.jar (31 kB at 84 kB/s)
Downloading from central: https://repo.maven.apache.org/maven2/org/apache/maven/plugins/maven-gpg-plugin/1.6/maven-gpg-plugin-1.6.pom
Progress (1): 2.2/5.3 kB
Progress (1): 5.0/5.3 kB
Progress (1): 5.3 kB    
                    
Downloaded from central: https://repo.maven.apache.org/maven2/org/apache/maven/plugins/maven-gpg-plugin/1.6/maven-gpg-plugin-1.6.pom (5.3 kB at 14 kB/s)
Downloading from central: https://repo.maven.apache.org/maven2/org/apache/maven/plugins/maven-gpg-plugin/1.6/maven-gpg-plugin-1.6.jar
Progress (1): 2.2/47 kB
Progress (1): 5.0/47 kB
Progress (1): 7.7/47 kB
Progress (1): 10/47 kB 
Progress (1): 13/47 kB
Progress (1): 16/47 kB
Progress (1): 19/47 kB
Progress (1): 21/47 kB
Progress (1): 24/47 kB
Progress (1): 27/47 kB
Progress (1): 30/47 kB
Progress (1): 32/47 kB
Progress (1): 36/47 kB
Progress (1): 40/47 kB
Progress (1): 45/47 kB
Progress (1): 47 kB   
                   
Downloaded from central: https://repo.maven.apache.org/maven2/org/apache/maven/plugins/maven-gpg-plugin/1.6/maven-gpg-plugin-1.6.jar (47 kB at 127 kB/s)
[INFO] 
[INFO] --------------------< eu.bitwalker:UserAgentUtils >---------------------
[INFO] Building User-Agent-Utils 1.21
[INFO] --------------------------------[ jar ]---------------------------------
[INFO] 
[INFO] --- maven-clean-plugin:2.5:clean (default-clean) @ UserAgentUtils ---
[INFO] 
[INFO] --- maven-dependency-plugin:2.8:list (default-cli) @ UserAgentUtils ---
[INFO] 
[INFO] The following files have been resolved:
[INFO]    org.hamcrest:hamcrest-core:jar:1.3:test
[INFO]    junit:junit:jar:4.12:test
[INFO] 
[INFO] 
[INFO] --- maven-resources-plugin:2.7:resources (default-resources) @ UserAgentUtils ---
Downloading from central: https://repo.maven.apache.org/maven2/org/apache/maven/shared/maven-filtering/1.2/maven-filtering-1.2.pom
Progress (1): 4.1/6.5 kB
Progress (1): 6.5 kB    
                    
Downloaded from central: https://repo.maven.apache.org/maven2/org/apache/maven/shared/maven-filtering/1.2/maven-filtering-1.2.pom (6.5 kB at 18 kB/s)
Downloading from central: https://repo.maven.apache.org/maven2/org/apache/maven/shared/maven-filtering/1.2/maven-filtering-1.2.jar
Downloading from central: https://repo.maven.apache.org/maven2/org/apache/maven/shared/maven-shared-utils/0.3/maven-shared-utils-0.3.jar
Downloading from central: https://repo.maven.apache.org/maven2/org/codehaus/plexus/plexus-interpolation/1.19/plexus-interpolation-1.19.jar
Progress (1): 2.2/44 kB
Progress (1): 5.0/44 kB
Progress (1): 7.7/44 kB
Progress (1): 10/44 kB 
Progress (1): 13/44 kB
Progress (1): 16/44 kB
Progress (1): 19/44 kB
Progress (1): 21/44 kB
Progress (1): 24/44 kB
Progress (1): 27/44 kB
Progress (1): 30/44 kB
Progress (1): 32/44 kB
Progress (2): 32/44 kB | 2.3/62 kB
Progress (2): 32/44 kB | 5.1/62 kB
Progress (2): 36/44 kB | 5.1/62 kB
Progress (2): 36/44 kB | 6.4/62 kB
Progress (2): 40/44 kB | 6.4/62 kB
Progress (2): 40/44 kB | 9.2/62 kB
Progress (2): 44 kB | 9.2/62 kB   
Progress (2): 44 kB | 11/62 kB 
Progress (2): 44 kB | 13/62 kB
Progress (2): 44 kB | 15/62 kB
Progress (2): 44 kB | 17/62 kB
Progress (2): 44 kB | 19/62 kB
Progress (2): 44 kB | 21/62 kB
Progress (2): 44 kB | 23/62 kB
Progress (2): 44 kB | 26/62 kB
Progress (2): 44 kB | 27/62 kB
Progress (2): 44 kB | 30/62 kB
Progress (2): 44 kB | 31/62 kB
Progress (2): 44 kB | 34/62 kB
Progress (2): 44 kB | 35/62 kB
Progress (2): 44 kB | 38/62 kB
Progress (2): 44 kB | 39/62 kB
Progress (2): 44 kB | 42/62 kB
Progress (2): 44 kB | 43/62 kB
Progress (2): 44 kB | 46/62 kB
Progress (2): 44 kB | 47/62 kB
Progress (2): 44 kB | 50/62 kB
Progress (2): 44 kB | 51/62 kB
Progress (2): 44 kB | 54/62 kB
Progress (2): 44 kB | 57/62 kB
Progress (2): 44 kB | 60/62 kB
Progress (2): 44 kB | 62 kB   
Progress (3): 44 kB | 62 kB | 2.2/155 kB
Progress (3): 44 kB | 62 kB | 5.0/155 kB
Progress (3): 44 kB | 62 kB | 7.7/155 kB
Progress (3): 44 kB | 62 kB | 10/155 kB 
Progress (3): 44 kB | 62 kB | 13/155 kB
Progress (3): 44 kB | 62 kB | 16/155 kB
Progress (3): 44 kB | 62 kB | 19/155 kB
Progress (3): 44 kB | 62 kB | 21/155 kB
Progress (3): 44 kB | 62 kB | 24/155 kB
Progress (3): 44 kB | 62 kB | 27/155 kB
Progress (3): 44 kB | 62 kB | 30/155 kB
Progress (3): 44 kB | 62 kB | 32/155 kB
Progress (3): 44 kB | 62 kB | 36/155 kB
Progress (3): 44 kB | 62 kB | 40/155 kB
Progress (3): 44 kB | 62 kB | 45/155 kB
Progress (3): 44 kB | 62 kB | 49/155 kB
Progress (3): 44 kB | 62 kB | 53/155 kB
Progress (3): 44 kB | 62 kB | 57/155 kB
Progress (3): 44 kB | 62 kB | 61/155 kB
Progress (3): 44 kB | 62 kB | 65/155 kB
Progress (3): 44 kB | 62 kB | 69/155 kB
Progress (3): 44 kB | 62 kB | 73/155 kB
Progress (3): 44 kB | 62 kB | 77/155 kB
Progress (3): 44 kB | 62 kB | 81/155 kB
Progress (3): 44 kB | 62 kB | 85/155 kB
Progress (3): 44 kB | 62 kB | 90/155 kB
Progress (3): 44 kB | 62 kB | 94/155 kB
Progress (3): 44 kB | 62 kB | 98/155 kB
Progress (3): 44 kB | 62 kB | 102/155 kB
Progress (3): 44 kB | 62 kB | 106/155 kB
Progress (3): 44 kB | 62 kB | 110/155 kB
Progress (3): 44 kB | 62 kB | 114/155 kB
Progress (3): 44 kB | 62 kB | 118/155 kB
Progress (3): 44 kB | 62 kB | 122/155 kB
Progress (3): 44 kB | 62 kB | 126/155 kB
Progress (3): 44 kB | 62 kB | 131/155 kB
Progress (3): 44 kB | 62 kB | 135/155 kB
Progress (3): 44 kB | 62 kB | 139/155 kB
Progress (3): 44 kB | 62 kB | 143/155 kB
Progress (3): 44 kB | 62 kB | 147/155 kB
Progress (3): 44 kB | 62 kB | 151/155 kB
Progress (3): 44 kB | 62 kB | 155/155 kB
Progress (3): 44 kB | 62 kB | 155 kB    
                                    
Downloaded from central: https://repo.maven.apache.org/maven2/org/apache/maven/shared/maven-filtering/1.2/maven-filtering-1.2.jar (44 kB at 121 kB/s)
Downloaded from central: https://repo.maven.apache.org/maven2/org/codehaus/plexus/plexus-interpolation/1.19/plexus-interpolation-1.19.jar (62 kB at 167 kB/s)
Downloaded from central: https://repo.maven.apache.org/maven2/org/apache/maven/shared/maven-shared-utils/0.3/maven-shared-utils-0.3.jar (155 kB at 402 kB/s)
[WARNING] Using platform encoding (UTF-8 actually) to copy filtered resources, i.e. build is platform dependent!
[INFO] skip non existing resourceDirectory /home/cgzhu/projects/gitslice/resources/facts/upgrade_jars_exp/_downloads/user-agent-utils/src/main/resources
[INFO] 
[INFO] --- maven-compiler-plugin:3.1:compile (default-compile) @ UserAgentUtils ---
[INFO] Changes detected - recompiling the module!
[WARNING] File encoding has not been set, using platform encoding UTF-8, i.e. build is platform dependent!
[INFO] Compiling 16 source files to /home/cgzhu/projects/gitslice/resources/facts/upgrade_jars_exp/_downloads/user-agent-utils/target/classes
[INFO] 
[INFO] --- maven-resources-plugin:2.7:testResources (default-testResources) @ UserAgentUtils ---
[WARNING] Using platform encoding (UTF-8 actually) to copy filtered resources, i.e. build is platform dependent!
[INFO] skip non existing resourceDirectory /home/cgzhu/projects/gitslice/resources/facts/upgrade_jars_exp/_downloads/user-agent-utils/src/test/resources
[INFO] 
[INFO] --- maven-compiler-plugin:3.1:testCompile (default-testCompile) @ UserAgentUtils ---
[INFO] Changes detected - recompiling the module!
[WARNING] File encoding has not been set, using platform encoding UTF-8, i.e. build is platform dependent!
[INFO] Compiling 29 source files to /home/cgzhu/projects/gitslice/resources/facts/upgrade_jars_exp/_downloads/user-agent-utils/target/test-classes
[INFO] 
[INFO] --- maven-surefire-plugin:2.4:test (default-test) @ UserAgentUtils ---
Downloading from central: https://repo.maven.apache.org/maven2/org/apache/maven/surefire/surefire-booter/2.4/surefire-booter-2.4.pom
Progress (1): 2.0 kB
                    
Downloaded from central: https://repo.maven.apache.org/maven2/org/apache/maven/surefire/surefire-booter/2.4/surefire-booter-2.4.pom (2.0 kB at 5.6 kB/s)
Downloading from central: https://repo.maven.apache.org/maven2/org/apache/maven/surefire/surefire-api/2.4/surefire-api-2.4.pom
Progress (1): 2.1 kB
                    
Downloaded from central: https://repo.maven.apache.org/maven2/org/apache/maven/surefire/surefire-api/2.4/surefire-api-2.4.pom (2.1 kB at 5.8 kB/s)
Downloading from central: https://repo.maven.apache.org/maven2/org/apache/maven/surefire/surefire-booter/2.4/surefire-booter-2.4.jar
Downloading from central: https://repo.maven.apache.org/maven2/org/codehaus/plexus/plexus-utils/1.4.9/plexus-utils-1.4.9.jar
Downloading from central: https://repo.maven.apache.org/maven2/org/apache/maven/surefire/surefire-api/2.4/surefire-api-2.4.jar
Progress (1): 2.2/204 kB
Progress (1): 5.0/204 kB
Progress (1): 7.7/204 kB
Progress (1): 10/204 kB 
Progress (1): 13/204 kB
Progress (1): 16/204 kB
Progress (1): 19/204 kB
Progress (1): 21/204 kB
Progress (1): 24/204 kB
Progress (1): 27/204 kB
Progress (1): 30/204 kB
Progress (1): 32/204 kB
Progress (1): 36/204 kB
Progress (1): 40/204 kB
Progress (1): 45/204 kB
Progress (1): 49/204 kB
Progress (1): 53/204 kB
Progress (1): 57/204 kB
Progress (1): 61/204 kB
Progress (2): 61/204 kB | 2.2/507 kB
Progress (2): 65/204 kB | 2.2/507 kB
Progress (2): 65/204 kB | 5.0/507 kB
Progress (2): 65/204 kB | 7.7/507 kB
Progress (2): 65/204 kB | 10/507 kB 
Progress (2): 69/204 kB | 10/507 kB
Progress (2): 69/204 kB | 13/507 kB
Progress (2): 73/204 kB | 13/507 kB
Progress (2): 73/204 kB | 16/507 kB
Progress (2): 77/204 kB | 16/507 kB
Progress (2): 77/204 kB | 19/507 kB
Progress (2): 81/204 kB | 19/507 kB
Progress (2): 81/204 kB | 21/507 kB
Progress (2): 81/204 kB | 24/507 kB
Progress (2): 81/204 kB | 27/507 kB
Progress (2): 85/204 kB | 27/507 kB
Progress (2): 85/204 kB | 30/507 kB
Progress (2): 90/204 kB | 30/507 kB
Progress (2): 90/204 kB | 32/507 kB
Progress (2): 94/204 kB | 32/507 kB
Progress (2): 98/204 kB | 32/507 kB
Progress (2): 98/204 kB | 36/507 kB
Progress (2): 98/204 kB | 40/507 kB
Progress (2): 98/204 kB | 45/507 kB
Progress (2): 102/204 kB | 45/507 kB
Progress (2): 102/204 kB | 49/507 kB
Progress (2): 106/204 kB | 49/507 kB
Progress (3): 106/204 kB | 49/507 kB | 2.2/261 kB
Progress (3): 110/204 kB | 49/507 kB | 2.2/261 kB
Progress (3): 110/204 kB | 49/507 kB | 5.0/261 kB
Progress (3): 110/204 kB | 53/507 kB | 5.0/261 kB
Progress (3): 114/204 kB | 53/507 kB | 5.0/261 kB
Progress (3): 114/204 kB | 57/507 kB | 5.0/261 kB
Progress (3): 114/204 kB | 57/507 kB | 7.7/261 kB
Progress (3): 114/204 kB | 61/507 kB | 7.7/261 kB
Progress (3): 114/204 kB | 61/507 kB | 10/261 kB 
Progress (3): 118/204 kB | 61/507 kB | 10/261 kB
Progress (3): 118/204 kB | 61/507 kB | 13/261 kB
Progress (3): 118/204 kB | 65/507 kB | 13/261 kB
Progress (3): 118/204 kB | 65/507 kB | 16/261 kB
Progress (3): 122/204 kB | 65/507 kB | 16/261 kB
Progress (3): 122/204 kB | 65/507 kB | 19/261 kB
Progress (3): 122/204 kB | 69/507 kB | 19/261 kB
Progress (3): 126/204 kB | 69/507 kB | 19/261 kB
Progress (3): 126/204 kB | 73/507 kB | 19/261 kB
Progress (3): 126/204 kB | 73/507 kB | 21/261 kB
Progress (3): 126/204 kB | 77/507 kB | 21/261 kB
Progress (3): 131/204 kB | 77/507 kB | 21/261 kB
Progress (3): 131/204 kB | 81/507 kB | 21/261 kB
Progress (3): 131/204 kB | 81/507 kB | 24/261 kB
Progress (3): 131/204 kB | 81/507 kB | 27/261 kB
Progress (3): 131/204 kB | 81/507 kB | 30/261 kB
Progress (3): 131/204 kB | 81/507 kB | 32/261 kB
Progress (3): 131/204 kB | 85/507 kB | 32/261 kB
Progress (3): 131/204 kB | 90/507 kB | 32/261 kB
Progress (3): 131/204 kB | 94/507 kB | 32/261 kB
Progress (3): 131/204 kB | 98/507 kB | 32/261 kB
Progress (3): 131/204 kB | 102/507 kB | 32/261 kB
Progress (3): 131/204 kB | 106/507 kB | 32/261 kB
Progress (3): 131/204 kB | 110/507 kB | 32/261 kB
Progress (3): 131/204 kB | 114/507 kB | 32/261 kB
Progress (3): 131/204 kB | 118/507 kB | 32/261 kB
Progress (3): 131/204 kB | 122/507 kB | 32/261 kB
Progress (3): 131/204 kB | 126/507 kB | 32/261 kB
Progress (3): 131/204 kB | 131/507 kB | 32/261 kB
Progress (3): 131/204 kB | 135/507 kB | 32/261 kB
Progress (3): 131/204 kB | 135/507 kB | 36/261 kB
Progress (3): 131/204 kB | 139/507 kB | 36/261 kB
Progress (3): 131/204 kB | 139/507 kB | 40/261 kB
Progress (3): 131/204 kB | 143/507 kB | 40/261 kB
Progress (3): 131/204 kB | 143/507 kB | 45/261 kB
Progress (3): 131/204 kB | 147/507 kB | 45/261 kB
Progress (3): 131/204 kB | 147/507 kB | 49/261 kB
Progress (3): 131/204 kB | 151/507 kB | 49/261 kB
Progress (3): 131/204 kB | 151/507 kB | 53/261 kB
Progress (3): 131/204 kB | 155/507 kB | 53/261 kB
Progress (3): 131/204 kB | 155/507 kB | 57/261 kB
Progress (3): 131/204 kB | 159/507 kB | 57/261 kB
Progress (3): 131/204 kB | 159/507 kB | 61/261 kB
Progress (3): 131/204 kB | 163/507 kB | 61/261 kB
Progress (3): 131/204 kB | 163/507 kB | 65/261 kB
Progress (3): 131/204 kB | 167/507 kB | 65/261 kB
Progress (3): 131/204 kB | 171/507 kB | 65/261 kB
Progress (3): 131/204 kB | 171/507 kB | 69/261 kB
Progress (3): 131/204 kB | 176/507 kB | 69/261 kB
Progress (3): 131/204 kB | 176/507 kB | 73/261 kB
Progress (3): 131/204 kB | 180/507 kB | 73/261 kB
Progress (3): 131/204 kB | 180/507 kB | 77/261 kB
Progress (3): 131/204 kB | 180/507 kB | 81/261 kB
Progress (3): 131/204 kB | 184/507 kB | 81/261 kB
Progress (3): 131/204 kB | 188/507 kB | 81/261 kB
Progress (3): 131/204 kB | 192/507 kB | 81/261 kB
Progress (3): 131/204 kB | 196/507 kB | 81/261 kB
Progress (3): 131/204 kB | 200/507 kB | 81/261 kB
Progress (3): 131/204 kB | 204/507 kB | 81/261 kB
Progress (3): 131/204 kB | 208/507 kB | 81/261 kB
Progress (3): 131/204 kB | 212/507 kB | 81/261 kB
Progress (3): 131/204 kB | 217/507 kB | 81/261 kB
Progress (3): 131/204 kB | 221/507 kB | 81/261 kB
Progress (3): 131/204 kB | 225/507 kB | 81/261 kB
Progress (3): 131/204 kB | 229/507 kB | 81/261 kB
Progress (3): 131/204 kB | 233/507 kB | 81/261 kB
Progress (3): 131/204 kB | 237/507 kB | 81/261 kB
Progress (3): 131/204 kB | 241/507 kB | 81/261 kB
Progress (3): 131/204 kB | 245/507 kB | 81/261 kB
Progress (3): 131/204 kB | 249/507 kB | 81/261 kB
Progress (3): 131/204 kB | 253/507 kB | 81/261 kB
Progress (3): 131/204 kB | 258/507 kB | 81/261 kB
Progress (3): 131/204 kB | 262/507 kB | 81/261 kB
Progress (3): 131/204 kB | 266/507 kB | 81/261 kB
Progress (3): 131/204 kB | 270/507 kB | 81/261 kB
Progress (3): 131/204 kB | 274/507 kB | 81/261 kB
Progress (3): 131/204 kB | 278/507 kB | 81/261 kB
Progress (3): 131/204 kB | 282/507 kB | 81/261 kB
Progress (3): 131/204 kB | 286/507 kB | 81/261 kB
Progress (3): 131/204 kB | 290/507 kB | 81/261 kB
Progress (3): 131/204 kB | 294/507 kB | 81/261 kB
Progress (3): 131/204 kB | 298/507 kB | 81/261 kB
Progress (3): 131/204 kB | 303/507 kB | 81/261 kB
Progress (3): 131/204 kB | 307/507 kB | 81/261 kB
Progress (3): 131/204 kB | 311/507 kB | 81/261 kB
Progress (3): 131/204 kB | 315/507 kB | 81/261 kB
Progress (3): 131/204 kB | 319/507 kB | 81/261 kB
Progress (3): 131/204 kB | 323/507 kB | 81/261 kB
Progress (3): 131/204 kB | 327/507 kB | 81/261 kB
Progress (3): 131/204 kB | 331/507 kB | 81/261 kB
Progress (3): 131/204 kB | 335/507 kB | 81/261 kB
Progress (3): 131/204 kB | 339/507 kB | 81/261 kB
Progress (3): 131/204 kB | 344/507 kB | 81/261 kB
Progress (3): 131/204 kB | 348/507 kB | 81/261 kB
Progress (3): 131/204 kB | 352/507 kB | 81/261 kB
Progress (3): 131/204 kB | 356/507 kB | 81/261 kB
Progress (3): 131/204 kB | 360/507 kB | 81/261 kB
Progress (3): 131/204 kB | 364/507 kB | 81/261 kB
Progress (3): 131/204 kB | 368/507 kB | 81/261 kB
Progress (3): 131/204 kB | 372/507 kB | 81/261 kB
Progress (3): 131/204 kB | 376/507 kB | 81/261 kB
Progress (3): 131/204 kB | 380/507 kB | 81/261 kB
Progress (3): 131/204 kB | 384/507 kB | 81/261 kB
Progress (3): 131/204 kB | 389/507 kB | 81/261 kB
Progress (3): 131/204 kB | 393/507 kB | 81/261 kB
Progress (3): 131/204 kB | 397/507 kB | 81/261 kB
Progress (3): 131/204 kB | 401/507 kB | 81/261 kB
Progress (3): 131/204 kB | 405/507 kB | 81/261 kB
Progress (3): 131/204 kB | 409/507 kB | 81/261 kB
Progress (3): 131/204 kB | 413/507 kB | 81/261 kB
Progress (3): 131/204 kB | 417/507 kB | 81/261 kB
Progress (3): 131/204 kB | 421/507 kB | 81/261 kB
Progress (3): 131/204 kB | 425/507 kB | 81/261 kB
Progress (3): 131/204 kB | 430/507 kB | 81/261 kB
Progress (3): 131/204 kB | 434/507 kB | 81/261 kB
Progress (3): 131/204 kB | 438/507 kB | 81/261 kB
Progress (3): 131/204 kB | 442/507 kB | 81/261 kB
Progress (3): 131/204 kB | 446/507 kB | 81/261 kB
Progress (3): 131/204 kB | 450/507 kB | 81/261 kB
Progress (3): 131/204 kB | 454/507 kB | 81/261 kB
Progress (3): 131/204 kB | 458/507 kB | 81/261 kB
Progress (3): 131/204 kB | 462/507 kB | 81/261 kB
Progress (3): 131/204 kB | 466/507 kB | 81/261 kB
Progress (3): 131/204 kB | 470/507 kB | 81/261 kB
Progress (3): 131/204 kB | 475/507 kB | 81/261 kB
Progress (3): 131/204 kB | 479/507 kB | 81/261 kB
Progress (3): 131/204 kB | 483/507 kB | 81/261 kB
Progress (3): 131/204 kB | 487/507 kB | 81/261 kB
Progress (3): 131/204 kB | 491/507 kB | 81/261 kB
Progress (3): 131/204 kB | 495/507 kB | 81/261 kB
Progress (3): 131/204 kB | 499/507 kB | 81/261 kB
Progress (3): 131/204 kB | 503/507 kB | 81/261 kB
Progress (3): 131/204 kB | 507 kB | 81/261 kB    
Progress (3): 131/204 kB | 507 kB | 85/261 kB
Progress (3): 131/204 kB | 507 kB | 90/261 kB
Progress (3): 131/204 kB | 507 kB | 94/261 kB
Progress (3): 131/204 kB | 507 kB | 98/261 kB
Progress (3): 131/204 kB | 507 kB | 102/261 kB
Progress (3): 131/204 kB | 507 kB | 106/261 kB
Progress (3): 131/204 kB | 507 kB | 110/261 kB
Progress (3): 131/204 kB | 507 kB | 114/261 kB
Progress (3): 131/204 kB | 507 kB | 118/261 kB
Progress (3): 131/204 kB | 507 kB | 122/261 kB
Progress (3): 131/204 kB | 507 kB | 126/261 kB
Progress (3): 131/204 kB | 507 kB | 131/261 kB
Progress (3): 131/204 kB | 507 kB | 135/261 kB
Progress (3): 131/204 kB | 507 kB | 139/261 kB
Progress (3): 131/204 kB | 507 kB | 143/261 kB
Progress (3): 131/204 kB | 507 kB | 147/261 kB
Progress (3): 131/204 kB | 507 kB | 151/261 kB
Progress (3): 131/204 kB | 507 kB | 155/261 kB
Progress (3): 131/204 kB | 507 kB | 159/261 kB
Progress (3): 131/204 kB | 507 kB | 163/261 kB
Progress (3): 131/204 kB | 507 kB | 167/261 kB
Progress (3): 131/204 kB | 507 kB | 171/261 kB
Progress (3): 131/204 kB | 507 kB | 176/261 kB
Progress (3): 131/204 kB | 507 kB | 180/261 kB
                                              
Downloaded from central: https://repo.maven.apache.org/maven2/org/apache/maven/surefire/surefire-api/2.4/surefire-api-2.4.jar (507 kB at 546 kB/s)
Progress (2): 131/204 kB | 184/261 kB
Progress (2): 131/204 kB | 188/261 kB
Progress (2): 131/204 kB | 192/261 kB
Progress (2): 131/204 kB | 196/261 kB
Progress (2): 131/204 kB | 200/261 kB
Progress (2): 131/204 kB | 204/261 kB
Progress (2): 131/204 kB | 208/261 kB
Progress (2): 131/204 kB | 212/261 kB
Progress (2): 131/204 kB | 217/261 kB
Progress (2): 131/204 kB | 221/261 kB
Progress (2): 131/204 kB | 225/261 kB
Progress (2): 131/204 kB | 229/261 kB
Progress (2): 131/204 kB | 233/261 kB
Progress (2): 131/204 kB | 237/261 kB
Progress (2): 131/204 kB | 241/261 kB
Progress (2): 131/204 kB | 245/261 kB
Progress (2): 131/204 kB | 249/261 kB
Progress (2): 131/204 kB | 253/261 kB
Progress (2): 131/204 kB | 258/261 kB
Progress (2): 131/204 kB | 261 kB    
Progress (2): 135/204 kB | 261 kB
Progress (2): 139/204 kB | 261 kB
Progress (2): 143/204 kB | 261 kB
Progress (2): 147/204 kB | 261 kB
                                 
Downloaded from central: https://repo.maven.apache.org/maven2/org/apache/maven/surefire/surefire-booter/2.4/surefire-booter-2.4.jar (261 kB at 233 kB/s)
Progress (1): 151/204 kB
Progress (1): 155/204 kB
Progress (1): 159/204 kB
Progress (1): 163/204 kB
Progress (1): 167/204 kB
Progress (1): 171/204 kB
Progress (1): 176/204 kB
Progress (1): 180/204 kB
Progress (1): 184/204 kB
Progress (1): 188/204 kB
Progress (1): 192/204 kB
Progress (1): 196/204 kB
Progress (1): 200/204 kB
Progress (1): 204 kB    
                    
Downloaded from central: https://repo.maven.apache.org/maven2/org/codehaus/plexus/plexus-utils/1.4.9/plexus-utils-1.4.9.jar (204 kB at 124 kB/s)
Downloading from central: https://repo.maven.apache.org/maven2/org/apache/maven/surefire/surefire-junit4/2.4/surefire-junit4-2.4.pom
Progress (1): 2.0 kB
                    
Downloaded from central: https://repo.maven.apache.org/maven2/org/apache/maven/surefire/surefire-junit4/2.4/surefire-junit4-2.4.pom (2.0 kB at 4.0 kB/s)
Downloading from central: https://repo.maven.apache.org/maven2/org/apache/maven/surefire/surefire-providers/2.4/surefire-providers-2.4.pom
Progress (1): 1.7 kB
                    
Downloaded from central: https://repo.maven.apache.org/maven2/org/apache/maven/surefire/surefire-providers/2.4/surefire-providers-2.4.pom (1.7 kB at 4.6 kB/s)
Downloading from central: https://repo.maven.apache.org/maven2/junit/junit/4.0/junit-4.0.pom
Progress (1): 210 B
                   
Downloaded from central: https://repo.maven.apache.org/maven2/junit/junit/4.0/junit-4.0.pom (210 B at 572 B/s)
Downloading from central: https://repo.maven.apache.org/maven2/org/apache/maven/surefire/surefire-junit4/2.4/surefire-junit4-2.4.jar
Downloading from central: https://repo.maven.apache.org/maven2/junit/junit/4.0/junit-4.0.jar
Progress (1): 2.2/106 kB
Progress (1): 5.0/106 kB
Progress (1): 7.7/106 kB
Progress (1): 10/106 kB 
Progress (1): 13/106 kB
Progress (1): 16/106 kB
Progress (1): 19/106 kB
Progress (1): 21/106 kB
Progress (1): 24/106 kB
Progress (1): 27/106 kB
Progress (1): 30/106 kB
Progress (1): 32/106 kB
Progress (1): 36/106 kB
Progress (1): 40/106 kB
Progress (1): 45/106 kB
Progress (1): 49/106 kB
Progress (1): 53/106 kB
Progress (1): 57/106 kB
Progress (1): 61/106 kB
Progress (1): 65/106 kB
Progress (1): 69/106 kB
Progress (1): 73/106 kB
Progress (1): 77/106 kB
Progress (1): 81/106 kB
Progress (2): 81/106 kB | 2.2/11 kB
Progress (2): 81/106 kB | 5.0/11 kB
Progress (2): 81/106 kB | 7.7/11 kB
Progress (2): 81/106 kB | 11/11 kB 
Progress (2): 81/106 kB | 11 kB   
                               
Downloaded from central: https://repo.maven.apache.org/maven2/org/apache/maven/surefire/surefire-junit4/2.4/surefire-junit4-2.4.jar (11 kB at 23 kB/s)
Progress (1): 85/106 kB
Progress (1): 90/106 kB
Progress (1): 94/106 kB
Progress (1): 98/106 kB
Progress (1): 102/106 kB
Progress (1): 106 kB    
                    
Downloaded from central: https://repo.maven.apache.org/maven2/junit/junit/4.0/junit-4.0.jar (106 kB at 58 kB/s)
[INFO] Surefire report directory: /home/cgzhu/projects/gitslice/resources/facts/upgrade_jars_exp/_downloads/user-agent-utils/target/surefire-reports

-------------------------------------------------------
 T E S T S
-------------------------------------------------------
Running eu.bitwalker.useragentutils.browser.CFNetworkParameterizedTest
Tests run: 3, Failures: 0, Errors: 0, Skipped: 0, Time elapsed: 0.019 sec
Running eu.bitwalker.useragentutils.browser.LotusParameterizedTest
Tests run: 2, Failures: 0, Errors: 0, Skipped: 0, Time elapsed: 0.002 sec
Running eu.bitwalker.useragentutils.ApplicationTest
Tests run: 2, Failures: 0, Errors: 0, Skipped: 0, Time elapsed: 0.002 sec
Running eu.bitwalker.useragentutils.browser.OthersParameterizedTest
Tests run: 40, Failures: 0, Errors: 0, Skipped: 0, Time elapsed: 0.014 sec
Running eu.bitwalker.useragentutils.VersionTest
Tests run: 1, Failures: 0, Errors: 0, Skipped: 0, Time elapsed: 0.002 sec
Running eu.bitwalker.useragentutils.browser.OutlookParameterizedTest
Tests run: 5, Failures: 0, Errors: 0, Skipped: 0, Time elapsed: 0.005 sec
Running eu.bitwalker.useragentutils.browser.SafariParameterizedTest
Tests run: 27, Failures: 0, Errors: 0, Skipped: 0, Time elapsed: 0.009 sec
Running eu.bitwalker.useragentutils.UserAgentTest
Tests run: 5, Failures: 0, Errors: 0, Skipped: 0, Time elapsed: 0.002 sec
Running eu.bitwalker.useragentutils.OperatingSystemTest
Tests run: 7, Failures: 0, Errors: 0, Skipped: 0, Time elapsed: 0.005 sec
Running eu.bitwalker.useragentutils.browser.CaminoParameterizedTest
Tests run: 4, Failures: 0, Errors: 0, Skipped: 0, Time elapsed: 0.002 sec
Running eu.bitwalker.useragentutils.browser.LynxParameterizedTest
Tests run: 2, Failures: 0, Errors: 0, Skipped: 0, Time elapsed: 0.002 sec
Running eu.bitwalker.useragentutils.ApplicationParameterizedTest
Tests run: 40, Failures: 0, Errors: 0, Skipped: 0, Time elapsed: 0.009 sec
Running eu.bitwalker.useragentutils.browser.BotParameterizedTest
Tests run: 20, Failures: 0, Errors: 0, Skipped: 0, Time elapsed: 0.005 sec
Running eu.bitwalker.useragentutils.browser.InternetExplorerMobileParameterizedTest
Tests run: 8, Failures: 0, Errors: 0, Skipped: 0, Time elapsed: 0.002 sec
Running eu.bitwalker.useragentutils.browser.ThunderbirdParameterizedTest
Tests run: 4, Failures: 0, Errors: 0, Skipped: 0, Time elapsed: 0.002 sec
Running eu.bitwalker.useragentutils.browser.ChromeMobileParameterizedTest
Tests run: 3, Failures: 0, Errors: 0, Skipped: 0, Time elapsed: 0.001 sec
Running eu.bitwalker.useragentutils.browser.ChromeParameterizedTest
Tests run: 15, Failures: 0, Errors: 0, Skipped: 0, Time elapsed: 0.004 sec
Running eu.bitwalker.useragentutils.BrowserTest
Tests run: 6, Failures: 0, Errors: 0, Skipped: 0, Time elapsed: 0.006 sec
Running eu.bitwalker.useragentutils.ManufacturerTest
Tests run: 1, Failures: 0, Errors: 0, Skipped: 0, Time elapsed: 0.002 sec
Running eu.bitwalker.useragentutils.browser.InternetExplorerParameterizedTest
Tests run: 21, Failures: 0, Errors: 0, Skipped: 0, Time elapsed: 0.005 sec
Running eu.bitwalker.useragentutils.browser.OperaParameterizedTest
Tests run: 17, Failures: 0, Errors: 0, Skipped: 0, Time elapsed: 0.004 sec
Running eu.bitwalker.useragentutils.browser.KonquerorParameterizedTest
Tests run: 3, Failures: 0, Errors: 0, Skipped: 0, Time elapsed: 0.001 sec
Running eu.bitwalker.useragentutils.browser.InternetExplorerXboxParameterizedTest
Tests run: 2, Failures: 0, Errors: 0, Skipped: 0, Time elapsed: 0.001 sec
Running eu.bitwalker.useragentutils.browser.BlackberryParameterizedTest
Tests run: 2, Failures: 0, Errors: 0, Skipped: 0, Time elapsed: 0.001 sec
Running eu.bitwalker.useragentutils.browser.FirefoxParameterizedTest
Tests run: 14, Failures: 0, Errors: 0, Skipped: 0, Time elapsed: 0.004 sec
Running eu.bitwalker.useragentutils.browser.EdgeParameterizedTest
Tests run: 3, Failures: 0, Errors: 0, Skipped: 0, Time elapsed: 0.001 sec
Running eu.bitwalker.useragentutils.browser.ToolParameterizedTest
Tests run: 2, Failures: 0, Errors: 0, Skipped: 0, Time elapsed: 0.001 sec

Results :

Tests run: 259, Failures: 0, Errors: 0, Skipped: 0

[INFO] ------------------------------------------------------------------------
[INFO] BUILD SUCCESS
[INFO] ------------------------------------------------------------------------
[INFO] Total time: 50.833 s
[INFO] Finished at: 2019-08-20T16:34:02+08:00
[INFO] ------------------------------------------------------------------------
