[VERSION]: 4.12
[INFO] Scanning for projects...
Downloading from central: https://repo.maven.apache.org/maven2/org/sonatype/plugins/nexus-staging-maven-plugin/1.6.6/nexus-staging-maven-plugin-1.6.6.pom
Progress (1): 2.2/12 kB
Progress (1): 5.0/12 kB
Progress (1): 7.8/12 kB
Progress (1): 11/12 kB 
Progress (1): 12 kB   
                   
Downloaded from central: https://repo.maven.apache.org/maven2/org/sonatype/plugins/nexus-staging-maven-plugin/1.6.6/nexus-staging-maven-plugin-1.6.6.pom (12 kB at 11 kB/s)
Downloading from central: https://repo.maven.apache.org/maven2/org/sonatype/nexus/maven/nexus-staging/1.6.6/nexus-staging-1.6.6.pom
Progress (1): 2.2/2.8 kB
Progress (1): 2.8 kB    
                    
Downloaded from central: https://repo.maven.apache.org/maven2/org/sonatype/nexus/maven/nexus-staging/1.6.6/nexus-staging-1.6.6.pom (2.8 kB at 6.8 kB/s)
Downloading from central: https://repo.maven.apache.org/maven2/org/sonatype/nexus/maven/nexus-maven-plugins/1.6.6/nexus-maven-plugins-1.6.6.pom
Progress (1): 2.2/18 kB
Progress (1): 5.0/18 kB
Progress (1): 7.8/18 kB
Progress (1): 11/18 kB 
Progress (1): 13/18 kB
Progress (1): 16/18 kB
Progress (1): 18 kB   
                   
Downloaded from central: https://repo.maven.apache.org/maven2/org/sonatype/nexus/maven/nexus-maven-plugins/1.6.6/nexus-maven-plugins-1.6.6.pom (18 kB at 43 kB/s)
Downloading from central: https://repo.maven.apache.org/maven2/org/sonatype/nexus/maven/nexus-common/1.6.6/nexus-common-1.6.6.pom
Progress (1): 2.2 kB
                    
Downloaded from central: https://repo.maven.apache.org/maven2/org/sonatype/nexus/maven/nexus-common/1.6.6/nexus-common-1.6.6.pom (2.2 kB at 5.4 kB/s)
Downloading from central: https://repo.maven.apache.org/maven2/org/sonatype/plugins/nexus-staging-maven-plugin/1.6.6/nexus-staging-maven-plugin-1.6.6.jar
Downloading from central: https://repo.maven.apache.org/maven2/org/sonatype/nexus/maven/nexus-common/1.6.6/nexus-common-1.6.6.jar
Progress (1): 2.2/249 kB
Progress (1): 5.0/249 kB
Progress (1): 7.7/249 kB
Progress (1): 10/249 kB 
Progress (1): 13/249 kB
Progress (1): 16/249 kB
Progress (1): 19/249 kB
Progress (1): 21/249 kB
Progress (1): 24/249 kB
Progress (1): 27/249 kB
Progress (1): 30/249 kB
Progress (1): 32/249 kB
Progress (1): 36/249 kB
Progress (1): 40/249 kB
Progress (1): 45/249 kB
Progress (1): 49/249 kB
Progress (1): 53/249 kB
Progress (1): 57/249 kB
Progress (1): 61/249 kB
Progress (1): 65/249 kB
Progress (1): 69/249 kB
Progress (1): 73/249 kB
Progress (1): 77/249 kB
Progress (1): 81/249 kB
Progress (1): 85/249 kB
Progress (1): 90/249 kB
Progress (1): 94/249 kB
Progress (1): 98/249 kB
Progress (1): 102/249 kB
Progress (1): 106/249 kB
Progress (1): 110/249 kB
Progress (1): 114/249 kB
Progress (2): 114/249 kB | 2.2/16 kB
Progress (2): 114/249 kB | 5.0/16 kB
Progress (2): 114/249 kB | 7.7/16 kB
Progress (2): 114/249 kB | 10/16 kB 
Progress (2): 114/249 kB | 13/16 kB
Progress (2): 118/249 kB | 13/16 kB
Progress (2): 122/249 kB | 13/16 kB
Progress (2): 126/249 kB | 13/16 kB
Progress (2): 131/249 kB | 13/16 kB
Progress (2): 135/249 kB | 13/16 kB
Progress (2): 139/249 kB | 13/16 kB
Progress (2): 143/249 kB | 13/16 kB
Progress (2): 147/249 kB | 13/16 kB
Progress (2): 151/249 kB | 13/16 kB
Progress (2): 155/249 kB | 13/16 kB
Progress (2): 159/249 kB | 13/16 kB
Progress (2): 163/249 kB | 13/16 kB
Progress (2): 167/249 kB | 13/16 kB
Progress (2): 171/249 kB | 13/16 kB
Progress (2): 176/249 kB | 13/16 kB
Progress (2): 180/249 kB | 13/16 kB
Progress (2): 184/249 kB | 13/16 kB
Progress (2): 188/249 kB | 13/16 kB
Progress (2): 192/249 kB | 13/16 kB
Progress (2): 196/249 kB | 13/16 kB
Progress (2): 200/249 kB | 13/16 kB
Progress (2): 204/249 kB | 13/16 kB
Progress (2): 208/249 kB | 13/16 kB
Progress (2): 212/249 kB | 13/16 kB
Progress (2): 217/249 kB | 13/16 kB
Progress (2): 221/249 kB | 13/16 kB
Progress (2): 225/249 kB | 13/16 kB
Progress (2): 229/249 kB | 13/16 kB
Progress (2): 233/249 kB | 13/16 kB
Progress (2): 237/249 kB | 13/16 kB
Progress (2): 241/249 kB | 13/16 kB
Progress (2): 245/249 kB | 13/16 kB
Progress (2): 249 kB | 13/16 kB    
Progress (2): 249 kB | 16/16 kB
Progress (2): 249 kB | 16 kB   
                            
Downloaded from central: https://repo.maven.apache.org/maven2/org/sonatype/plugins/nexus-staging-maven-plugin/1.6.6/nexus-staging-maven-plugin-1.6.6.jar (249 kB at 310 kB/s)
Downloaded from central: https://repo.maven.apache.org/maven2/org/sonatype/nexus/maven/nexus-common/1.6.6/nexus-common-1.6.6.jar (16 kB at 17 kB/s)
[INFO] Inspecting build with total of 1 modules...
[INFO] Installing Nexus Staging features:
[INFO]   ... total of 1 executions of maven-deploy-plugin replaced with nexus-staging-maven-plugin
[WARNING] The project org.mitre.dsmiley.httpproxy:smiley-http-proxy-servlet:jar:1.10 uses prerequisites which is only intended for maven-plugin projects but not for non maven-plugin projects. For such purposes you should use the maven-enforcer-plugin. See https://maven.apache.org/enforcer/enforcer-rules/requireMavenVersion.html
[INFO] 
[INFO] -------< org.mitre.dsmiley.httpproxy:smiley-http-proxy-servlet >--------
[INFO] Building Smiley's HTTP Proxy Servlet 1.10
[INFO] --------------------------------[ jar ]---------------------------------
Downloading from central: https://repo.maven.apache.org/maven2/javax/servlet/servlet-api/2.4/servlet-api-2.4.pom
Progress (1): 156 B
                   
Downloaded from central: https://repo.maven.apache.org/maven2/javax/servlet/servlet-api/2.4/servlet-api-2.4.pom (156 B at 425 B/s)
Downloading from central: https://repo.maven.apache.org/maven2/httpunit/httpunit/1.7/httpunit-1.7.pom
Progress (1): 2.2 kB
                    
Downloaded from central: https://repo.maven.apache.org/maven2/httpunit/httpunit/1.7/httpunit-1.7.pom (2.2 kB at 6.0 kB/s)
Downloading from central: https://repo.maven.apache.org/maven2/jtidy/jtidy/4aug2000r7-dev/jtidy-4aug2000r7-dev.pom
Progress (1): 1.3 kB
                    
Downloaded from central: https://repo.maven.apache.org/maven2/jtidy/jtidy/4aug2000r7-dev/jtidy-4aug2000r7-dev.pom (1.3 kB at 3.6 kB/s)
Downloading from central: https://repo.maven.apache.org/maven2/javax/servlet/servlet-api/2.4/servlet-api-2.4.jar
Downloading from central: https://repo.maven.apache.org/maven2/httpunit/httpunit/1.7/httpunit-1.7.jar
Downloading from central: https://repo.maven.apache.org/maven2/jtidy/jtidy/4aug2000r7-dev/jtidy-4aug2000r7-dev.jar
Downloading from central: https://repo.maven.apache.org/maven2/org/apache/httpcomponents/httpclient/4.3.5/httpclient-4.3.5-tests.jar
Progress (1): 2.2/98 kB
Progress (1): 5.0/98 kB
Progress (1): 7.7/98 kB
Progress (1): 10/98 kB 
Progress (1): 13/98 kB
Progress (1): 16/98 kB
Progress (1): 19/98 kB
Progress (1): 21/98 kB
Progress (1): 24/98 kB
Progress (1): 27/98 kB
Progress (2): 27/98 kB | 2.2/138 kB
Progress (2): 27/98 kB | 5.0/138 kB
Progress (2): 27/98 kB | 7.7/138 kB
Progress (2): 27/98 kB | 10/138 kB 
Progress (2): 27/98 kB | 13/138 kB
Progress (2): 27/98 kB | 16/138 kB
Progress (2): 27/98 kB | 19/138 kB
Progress (2): 27/98 kB | 21/138 kB
Progress (2): 27/98 kB | 24/138 kB
Progress (2): 27/98 kB | 27/138 kB
Progress (2): 27/98 kB | 30/138 kB
Progress (2): 27/98 kB | 32/138 kB
Progress (2): 27/98 kB | 36/138 kB
Progress (2): 27/98 kB | 40/138 kB
Progress (2): 27/98 kB | 45/138 kB
Progress (2): 27/98 kB | 49/138 kB
Progress (2): 27/98 kB | 53/138 kB
Progress (2): 27/98 kB | 57/138 kB
Progress (2): 27/98 kB | 61/138 kB
Progress (2): 27/98 kB | 65/138 kB
Progress (2): 27/98 kB | 69/138 kB
Progress (2): 27/98 kB | 73/138 kB
Progress (2): 27/98 kB | 77/138 kB
Progress (2): 27/98 kB | 81/138 kB
Progress (2): 27/98 kB | 85/138 kB
Progress (2): 27/98 kB | 90/138 kB
Progress (2): 27/98 kB | 94/138 kB
Progress (2): 27/98 kB | 98/138 kB
Progress (2): 27/98 kB | 102/138 kB
Progress (2): 27/98 kB | 106/138 kB
Progress (2): 27/98 kB | 110/138 kB
Progress (2): 27/98 kB | 114/138 kB
Progress (2): 27/98 kB | 118/138 kB
Progress (2): 27/98 kB | 122/138 kB
Progress (2): 27/98 kB | 126/138 kB
Progress (2): 27/98 kB | 131/138 kB
Progress (2): 27/98 kB | 135/138 kB
Progress (2): 27/98 kB | 138 kB    
Progress (2): 30/98 kB | 138 kB
Progress (2): 32/98 kB | 138 kB
Progress (2): 36/98 kB | 138 kB
Progress (2): 40/98 kB | 138 kB
Progress (2): 45/98 kB | 138 kB
Progress (2): 49/98 kB | 138 kB
Progress (2): 53/98 kB | 138 kB
Progress (2): 57/98 kB | 138 kB
Progress (2): 61/98 kB | 138 kB
Progress (2): 65/98 kB | 138 kB
Progress (2): 69/98 kB | 138 kB
Progress (2): 73/98 kB | 138 kB
Progress (2): 77/98 kB | 138 kB
Progress (2): 81/98 kB | 138 kB
                               
Downloaded from central: https://repo.maven.apache.org/maven2/jtidy/jtidy/4aug2000r7-dev/jtidy-4aug2000r7-dev.jar (138 kB at 334 kB/s)
Progress (1): 85/98 kB
Progress (1): 90/98 kB
Progress (1): 94/98 kB
Progress (1): 98 kB   
Progress (2): 98 kB | 2.2/518 kB
Progress (2): 98 kB | 5.0/518 kB
Progress (2): 98 kB | 7.7/518 kB
Progress (2): 98 kB | 10/518 kB 
Progress (2): 98 kB | 13/518 kB
                               
Downloaded from central: https://repo.maven.apache.org/maven2/javax/servlet/servlet-api/2.4/servlet-api-2.4.jar (98 kB at 135 kB/s)
Progress (1): 16/518 kB
Progress (1): 19/518 kB
Progress (1): 21/518 kB
Progress (1): 24/518 kB
Progress (1): 27/518 kB
Progress (1): 30/518 kB
Progress (1): 32/518 kB
Progress (2): 32/518 kB | 2.2/420 kB
Progress (2): 32/518 kB | 5.0/420 kB
Progress (2): 32/518 kB | 7.7/420 kB
Progress (2): 32/518 kB | 10/420 kB 
Progress (2): 32/518 kB | 13/420 kB
Progress (2): 36/518 kB | 13/420 kB
Progress (2): 40/518 kB | 13/420 kB
Progress (2): 45/518 kB | 13/420 kB
Progress (2): 49/518 kB | 13/420 kB
Progress (2): 53/518 kB | 13/420 kB
Progress (2): 57/518 kB | 13/420 kB
Progress (2): 61/518 kB | 13/420 kB
Progress (2): 65/518 kB | 13/420 kB
Progress (2): 69/518 kB | 13/420 kB
Progress (2): 73/518 kB | 13/420 kB
Progress (2): 77/518 kB | 13/420 kB
Progress (2): 81/518 kB | 13/420 kB
Progress (2): 81/518 kB | 16/420 kB
Progress (2): 81/518 kB | 19/420 kB
Progress (2): 81/518 kB | 21/420 kB
Progress (2): 81/518 kB | 24/420 kB
Progress (2): 81/518 kB | 27/420 kB
Progress (2): 81/518 kB | 30/420 kB
Progress (2): 81/518 kB | 32/420 kB
Progress (2): 85/518 kB | 32/420 kB
Progress (2): 90/518 kB | 32/420 kB
Progress (2): 94/518 kB | 32/420 kB
Progress (2): 98/518 kB | 32/420 kB
Progress (2): 102/518 kB | 32/420 kB
Progress (2): 106/518 kB | 32/420 kB
Progress (2): 110/518 kB | 32/420 kB
Progress (2): 114/518 kB | 32/420 kB
Progress (2): 118/518 kB | 32/420 kB
Progress (2): 122/518 kB | 32/420 kB
Progress (2): 126/518 kB | 32/420 kB
Progress (2): 131/518 kB | 32/420 kB
Progress (2): 135/518 kB | 32/420 kB
Progress (2): 139/518 kB | 32/420 kB
Progress (2): 143/518 kB | 32/420 kB
Progress (2): 147/518 kB | 32/420 kB
Progress (2): 151/518 kB | 32/420 kB
Progress (2): 155/518 kB | 32/420 kB
Progress (2): 159/518 kB | 32/420 kB
Progress (2): 163/518 kB | 32/420 kB
Progress (2): 167/518 kB | 32/420 kB
Progress (2): 171/518 kB | 32/420 kB
Progress (2): 176/518 kB | 32/420 kB
Progress (2): 180/518 kB | 32/420 kB
Progress (2): 184/518 kB | 32/420 kB
Progress (2): 188/518 kB | 32/420 kB
Progress (2): 192/518 kB | 32/420 kB
Progress (2): 196/518 kB | 32/420 kB
Progress (2): 196/518 kB | 36/420 kB
Progress (2): 196/518 kB | 40/420 kB
Progress (2): 196/518 kB | 45/420 kB
Progress (2): 196/518 kB | 49/420 kB
Progress (2): 196/518 kB | 53/420 kB
Progress (2): 196/518 kB | 57/420 kB
Progress (2): 196/518 kB | 61/420 kB
Progress (2): 196/518 kB | 65/420 kB
Progress (2): 196/518 kB | 69/420 kB
Progress (2): 196/518 kB | 73/420 kB
Progress (2): 196/518 kB | 77/420 kB
Progress (2): 196/518 kB | 81/420 kB
Progress (2): 200/518 kB | 81/420 kB
Progress (2): 204/518 kB | 81/420 kB
Progress (2): 208/518 kB | 81/420 kB
Progress (2): 212/518 kB | 81/420 kB
Progress (2): 217/518 kB | 81/420 kB
Progress (2): 221/518 kB | 81/420 kB
Progress (2): 225/518 kB | 81/420 kB
Progress (2): 229/518 kB | 81/420 kB
Progress (2): 233/518 kB | 81/420 kB
Progress (2): 237/518 kB | 81/420 kB
Progress (2): 241/518 kB | 81/420 kB
Progress (2): 245/518 kB | 81/420 kB
Progress (2): 249/518 kB | 81/420 kB
Progress (2): 253/518 kB | 81/420 kB
Progress (2): 258/518 kB | 81/420 kB
Progress (2): 262/518 kB | 81/420 kB
Progress (2): 266/518 kB | 81/420 kB
Progress (2): 270/518 kB | 81/420 kB
Progress (2): 274/518 kB | 81/420 kB
Progress (2): 278/518 kB | 81/420 kB
Progress (2): 282/518 kB | 81/420 kB
Progress (2): 286/518 kB | 81/420 kB
Progress (2): 290/518 kB | 81/420 kB
Progress (2): 294/518 kB | 81/420 kB
Progress (2): 298/518 kB | 81/420 kB
Progress (2): 303/518 kB | 81/420 kB
Progress (2): 307/518 kB | 81/420 kB
Progress (2): 311/518 kB | 81/420 kB
Progress (2): 315/518 kB | 81/420 kB
Progress (2): 319/518 kB | 81/420 kB
Progress (2): 323/518 kB | 81/420 kB
Progress (2): 327/518 kB | 81/420 kB
Progress (2): 331/518 kB | 81/420 kB
Progress (2): 335/518 kB | 81/420 kB
Progress (2): 339/518 kB | 81/420 kB
Progress (2): 344/518 kB | 81/420 kB
Progress (2): 348/518 kB | 81/420 kB
Progress (2): 352/518 kB | 81/420 kB
Progress (2): 356/518 kB | 81/420 kB
Progress (2): 360/518 kB | 81/420 kB
Progress (2): 364/518 kB | 81/420 kB
Progress (2): 368/518 kB | 81/420 kB
Progress (2): 372/518 kB | 81/420 kB
Progress (2): 376/518 kB | 81/420 kB
Progress (2): 380/518 kB | 81/420 kB
Progress (2): 384/518 kB | 81/420 kB
Progress (2): 389/518 kB | 81/420 kB
Progress (2): 393/518 kB | 81/420 kB
Progress (2): 397/518 kB | 81/420 kB
Progress (2): 401/518 kB | 81/420 kB
Progress (2): 405/518 kB | 81/420 kB
Progress (2): 409/518 kB | 81/420 kB
Progress (2): 413/518 kB | 81/420 kB
Progress (2): 417/518 kB | 81/420 kB
Progress (2): 421/518 kB | 81/420 kB
Progress (2): 425/518 kB | 81/420 kB
Progress (2): 425/518 kB | 85/420 kB
Progress (2): 425/518 kB | 90/420 kB
Progress (2): 425/518 kB | 94/420 kB
Progress (2): 425/518 kB | 98/420 kB
Progress (2): 425/518 kB | 102/420 kB
Progress (2): 425/518 kB | 106/420 kB
Progress (2): 425/518 kB | 110/420 kB
Progress (2): 425/518 kB | 114/420 kB
Progress (2): 425/518 kB | 118/420 kB
Progress (2): 425/518 kB | 122/420 kB
Progress (2): 425/518 kB | 126/420 kB
Progress (2): 425/518 kB | 131/420 kB
Progress (2): 425/518 kB | 135/420 kB
Progress (2): 425/518 kB | 139/420 kB
Progress (2): 425/518 kB | 143/420 kB
Progress (2): 425/518 kB | 147/420 kB
Progress (2): 425/518 kB | 151/420 kB
Progress (2): 425/518 kB | 155/420 kB
Progress (2): 425/518 kB | 159/420 kB
Progress (2): 425/518 kB | 163/420 kB
Progress (2): 425/518 kB | 167/420 kB
Progress (2): 425/518 kB | 171/420 kB
Progress (2): 425/518 kB | 176/420 kB
Progress (2): 425/518 kB | 180/420 kB
Progress (2): 430/518 kB | 180/420 kB
Progress (2): 434/518 kB | 180/420 kB
Progress (2): 438/518 kB | 180/420 kB
Progress (2): 442/518 kB | 180/420 kB
Progress (2): 446/518 kB | 180/420 kB
Progress (2): 450/518 kB | 180/420 kB
Progress (2): 454/518 kB | 180/420 kB
Progress (2): 458/518 kB | 180/420 kB
Progress (2): 462/518 kB | 180/420 kB
Progress (2): 466/518 kB | 180/420 kB
Progress (2): 470/518 kB | 180/420 kB
Progress (2): 475/518 kB | 180/420 kB
Progress (2): 479/518 kB | 180/420 kB
Progress (2): 483/518 kB | 180/420 kB
Progress (2): 487/518 kB | 180/420 kB
Progress (2): 491/518 kB | 180/420 kB
Progress (2): 495/518 kB | 180/420 kB
Progress (2): 499/518 kB | 180/420 kB
Progress (2): 503/518 kB | 180/420 kB
Progress (2): 507/518 kB | 180/420 kB
Progress (2): 511/518 kB | 180/420 kB
Progress (2): 516/518 kB | 180/420 kB
Progress (2): 518 kB | 180/420 kB    
Progress (2): 518 kB | 184/420 kB
Progress (2): 518 kB | 188/420 kB
Progress (2): 518 kB | 192/420 kB
Progress (2): 518 kB | 196/420 kB
Progress (2): 518 kB | 200/420 kB
Progress (2): 518 kB | 204/420 kB
Progress (2): 518 kB | 208/420 kB
Progress (2): 518 kB | 212/420 kB
Progress (2): 518 kB | 217/420 kB
Progress (2): 518 kB | 221/420 kB
Progress (2): 518 kB | 225/420 kB
Progress (2): 518 kB | 229/420 kB
Progress (2): 518 kB | 233/420 kB
Progress (2): 518 kB | 237/420 kB
Progress (2): 518 kB | 241/420 kB
Progress (2): 518 kB | 245/420 kB
Progress (2): 518 kB | 249/420 kB
Progress (2): 518 kB | 253/420 kB
Progress (2): 518 kB | 258/420 kB
Progress (2): 518 kB | 262/420 kB
Progress (2): 518 kB | 266/420 kB
Progress (2): 518 kB | 270/420 kB
Progress (2): 518 kB | 274/420 kB
Progress (2): 518 kB | 278/420 kB
Progress (2): 518 kB | 282/420 kB
Progress (2): 518 kB | 286/420 kB
Progress (2): 518 kB | 290/420 kB
Progress (2): 518 kB | 294/420 kB
Progress (2): 518 kB | 298/420 kB
Progress (2): 518 kB | 303/420 kB
Progress (2): 518 kB | 307/420 kB
Progress (2): 518 kB | 311/420 kB
Progress (2): 518 kB | 315/420 kB
Progress (2): 518 kB | 319/420 kB
Progress (2): 518 kB | 323/420 kB
Progress (2): 518 kB | 327/420 kB
Progress (2): 518 kB | 331/420 kB
Progress (2): 518 kB | 335/420 kB
Progress (2): 518 kB | 339/420 kB
Progress (2): 518 kB | 344/420 kB
                                 
Downloaded from central: https://repo.maven.apache.org/maven2/httpunit/httpunit/1.7/httpunit-1.7.jar (518 kB at 316 kB/s)
Progress (1): 348/420 kB
Progress (1): 352/420 kB
Progress (1): 356/420 kB
Progress (1): 360/420 kB
Progress (1): 364/420 kB
Progress (1): 368/420 kB
Progress (1): 372/420 kB
Progress (1): 376/420 kB
Progress (1): 380/420 kB
Progress (1): 384/420 kB
Progress (1): 389/420 kB
Progress (1): 393/420 kB
Progress (1): 397/420 kB
Progress (1): 401/420 kB
Progress (1): 405/420 kB
Progress (1): 409/420 kB
Progress (1): 413/420 kB
Progress (1): 417/420 kB
Progress (1): 420 kB    
                    
Downloaded from central: https://repo.maven.apache.org/maven2/org/apache/httpcomponents/httpclient/4.3.5/httpclient-4.3.5-tests.jar (420 kB at 213 kB/s)
[INFO] 
[INFO] --- maven-clean-plugin:2.5:clean (default-clean) @ smiley-http-proxy-servlet ---
[INFO] 
[INFO] --- maven-dependency-plugin:2.8:list (default-cli) @ smiley-http-proxy-servlet ---
[INFO] 
[INFO] The following files have been resolved:
[INFO]    commons-logging:commons-logging:jar:1.2:compile
[INFO]    httpunit:httpunit:jar:1.7:test
[INFO]    org.apache.httpcomponents:httpclient:jar:4.5.3:compile
[INFO]    org.apache.httpcomponents:httpclient:jar:tests:4.3.5:test
[INFO]    log4j:log4j:jar:1.2.17:test
[INFO]    javax.servlet:servlet-api:jar:2.4:provided
[INFO]    org.apache.httpcomponents:httpcore:jar:4.4.6:compile
[INFO]    org.hamcrest:hamcrest-core:jar:1.3:test
[INFO]    commons-codec:commons-codec:jar:1.9:compile
[INFO]    junit:junit:jar:4.12:test
[INFO]    jtidy:jtidy:jar:4aug2000r7-dev:test
[INFO] 
[INFO] 
[INFO] --- maven-resources-plugin:2.6:resources (default-resources) @ smiley-http-proxy-servlet ---
[INFO] Using 'UTF-8' encoding to copy filtered resources.
[INFO] skip non existing resourceDirectory /home/cgzhu/projects/gitslice/resources/facts/upgrade_jars_exp/_downloads/HTTP-Proxy-Servlet/src/main/resources
[INFO] 
[INFO] --- maven-compiler-plugin:3.5.1:compile (default-compile) @ smiley-http-proxy-servlet ---
[INFO] Changes detected - recompiling the module!
[INFO] Compiling 2 source files to /home/cgzhu/projects/gitslice/resources/facts/upgrade_jars_exp/_downloads/HTTP-Proxy-Servlet/target/classes
[INFO] /home/cgzhu/projects/gitslice/resources/facts/upgrade_jars_exp/_downloads/HTTP-Proxy-Servlet/src/main/java/org/mitre/dsmiley/httpproxy/ProxyServlet.java: Some input files use or override a deprecated API.
[INFO] /home/cgzhu/projects/gitslice/resources/facts/upgrade_jars_exp/_downloads/HTTP-Proxy-Servlet/src/main/java/org/mitre/dsmiley/httpproxy/ProxyServlet.java: Recompile with -Xlint:deprecation for details.
[INFO] 
[INFO] --- maven-resources-plugin:2.6:testResources (default-testResources) @ smiley-http-proxy-servlet ---
[INFO] Using 'UTF-8' encoding to copy filtered resources.
[INFO] Copying 1 resource
[INFO] 
[INFO] --- maven-compiler-plugin:3.5.1:testCompile (default-testCompile) @ smiley-http-proxy-servlet ---
[INFO] Changes detected - recompiling the module!
[INFO] Compiling 3 source files to /home/cgzhu/projects/gitslice/resources/facts/upgrade_jars_exp/_downloads/HTTP-Proxy-Servlet/target/test-classes
[INFO] 
[INFO] --- maven-surefire-plugin:2.12.4:test (default-test) @ smiley-http-proxy-servlet ---
[INFO] Surefire report directory: /home/cgzhu/projects/gitslice/resources/facts/upgrade_jars_exp/_downloads/HTTP-Proxy-Servlet/target/surefire-reports

-------------------------------------------------------
 T E S T S
-------------------------------------------------------
Running org.mitre.dsmiley.httpproxy.ProxyServletTest
Rhino classes (js.jar) not found - Javascript disabled
org.mitre.dsmiley.httpproxy.ProxyServlet: proxy GET uri: /proxyMe -- http://localhost:42705/targetPath
org.mitre.dsmiley.httpproxy.ProxyServlet: proxy GET uri: /proxyMe -- http://localhost:41415/targetPath
org.mitre.dsmiley.httpproxy.ProxyServlet: proxy GET uri: /proxyMe/pathInfo -- http://localhost:41415/targetPath/pathInfo
org.mitre.dsmiley.httpproxy.ProxyServlet: proxy GET uri: /proxyMe/pathInfo/%23%25abc -- http://localhost:41415/targetPath/pathInfo/%23%25abc
org.mitre.dsmiley.httpproxy.ProxyServlet: proxy GET uri: /proxyMe -- http://localhost:41415/targetPath?q=v
org.mitre.dsmiley.httpproxy.ProxyServlet: proxy GET uri: /proxyMe/p -- http://localhost:41415/targetPath/p?q=v
org.mitre.dsmiley.httpproxy.ProxyServlet: proxy GET uri: /proxyMe/p -- http://localhost:41415/targetPath/p?query=note:Leitbild
org.mitre.dsmiley.httpproxy.ProxyServlet: proxy GET uri: /proxyMe/p -- http://localhost:41415/targetPath/p?id=p%20i
org.mitre.dsmiley.httpproxy.ProxyServlet: proxy GET uri: /proxyMe/p%20i -- http://localhost:41415/targetPath/p%20i
org.mitre.dsmiley.httpproxy.ProxyServlet: proxy POST uri: /proxyMe -- http://localhost:39289/targetPath
org.mitre.dsmiley.httpproxy.ProxyServlet: proxy POST uri: /proxyMe/pathInfo -- http://localhost:39289/targetPath/pathInfo
org.mitre.dsmiley.httpproxy.ProxyServlet: proxy POST uri: /proxyMe/pathInfo/%23%25abc -- http://localhost:39289/targetPath/pathInfo/%23%25abc
org.mitre.dsmiley.httpproxy.ProxyServlet: proxy POST uri: /proxyMe -- http://localhost:39289/targetPath?q=v
org.mitre.dsmiley.httpproxy.ProxyServlet: proxy POST uri: /proxyMe/p -- http://localhost:39289/targetPath/p?q=v
org.mitre.dsmiley.httpproxy.ProxyServlet: proxy POST uri: /proxyMe/p -- http://localhost:39289/targetPath/p?query=note:Leitbild
org.mitre.dsmiley.httpproxy.ProxyServlet: proxy POST uri: /proxyMe/p -- http://localhost:39289/targetPath/p?id=p%20i
org.mitre.dsmiley.httpproxy.ProxyServlet: proxy POST uri: /proxyMe/p%20i -- http://localhost:39289/targetPath/p%20i
org.mitre.dsmiley.httpproxy.ProxyServlet: proxy GET uri: /proxyMe -- http://localhost:44333/targetPath
org.mitre.dsmiley.httpproxy.ProxyServlet: proxy GET uri: /proxyMe/%64%69%72%2F -- http://localhost:33945/targetPath/dir/
org.mitre.dsmiley.httpproxy.ProxyServlet: proxy GET uri: /proxyMe/%64%69%72%2F -- http://localhost:33945/targetPath/dir/
org.mitre.dsmiley.httpproxy.ProxyServlet: proxy GET uri: /proxyMe/%64%69%72%2F -- http://localhost:33945/targetPath/dir/
org.mitre.dsmiley.httpproxy.ProxyServlet: proxy GET uri: /proxyMe/%64%69%72%2F -- http://localhost:33945/targetPath/dir/
org.mitre.dsmiley.httpproxy.ProxyServlet: proxy GET uri: /proxyMe/%64%69%72%2F -- http://localhost:33945/targetPath/dir/
org.mitre.dsmiley.httpproxy.ProxyServlet: proxy GET uri: /proxyMe/%64%69%72%2F -- http://localhost:33945/targetPath/dir/
org.mitre.dsmiley.httpproxy.ProxyServlet: proxy GET uri: /proxyMe/%64%69%72%2F -- http://localhost:33945/targetPath/dir/
org.mitre.dsmiley.httpproxy.ProxyServlet: proxy GET uri: /proxyMe/%64%69%72%2F -- http://localhost:33945/targetPath/dir/
org.mitre.dsmiley.httpproxy.ProxyServlet: proxy GET uri: /proxyMe/%64%69%72%2F -- http://localhost:33945/targetPath/dir/
org.mitre.dsmiley.httpproxy.ProxyServlet: proxy GET uri: /proxyMe/%64%69%72%2F -- http://localhost:33945/targetPath/dir/
org.mitre.dsmiley.httpproxy.ProxyServlet: proxy GET uri: /proxyMe -- http://localhost:40295/targetPath
org.mitre.dsmiley.httpproxy.ProxyServlet: proxy GET uri: /proxyMe -- http://localhost:45597/targetPath
org.mitre.dsmiley.httpproxy.ProxyServlet: proxy GET uri: /proxyMe -- http://localhost:45647/targetPath
org.mitre.dsmiley.httpproxy.ProxyServlet: proxy GET uri: /proxyMe -- http://localhost:33511/targetPath
org.mitre.dsmiley.httpproxy.ProxyServlet: proxy GET uri: /proxyMe -- http://localhost:36431/targetPath
org.mitre.dsmiley.httpproxy.ProxyServlet: proxy GET uri: /proxyMe -- http://localhost:37749/targetPath
org.mitre.dsmiley.httpproxy.ProxyServlet: proxy GET uri: /proxyMe -- http://localhost:34381/targetPath?fq=%7B!f=field%7D
org.mitre.dsmiley.httpproxy.ProxyServlet: proxy GET uri: /proxyMe -- http://localhost:34381/targetPath?fq=%7B!f=field%7D
org.mitre.dsmiley.httpproxy.ProxyServlet: proxy GET uri: /proxyMe -- http://localhost:43711/targetPath
org.mitre.dsmiley.httpproxy.ProxyServlet: proxy GET uri: /proxyMe -- http://localhost:37113/targetPath
org.mitre.dsmiley.httpproxy.ProxyServlet: proxy GET uri: /proxyMe -- http://localhost:46473/targetPath
org.mitre.dsmiley.httpproxy.ProxyServlet: proxy GET uri: /proxyMe/test -- http://localhost:46631/targetPath/test
org.mitre.dsmiley.httpproxy.ProxyServlet: proxy GET uri: /proxyMe -- http://localhost:46159/targetPath
org.mitre.dsmiley.httpproxy.ProxyServlet: proxy GET uri: /proxyMe -- http://localhost:46159/targetPath
org.mitre.dsmiley.httpproxy.ProxyServlet: proxy POST uri: /proxyMe -- http://localhost:44329/targetPath
Tests run: 18, Failures: 0, Errors: 0, Skipped: 0, Time elapsed: 5.572 sec
Running org.mitre.dsmiley.httpproxy.ModifyHeadersProxyServletTest
org.mitre.dsmiley.httpproxy.ModifyHeadersProxyServletTest$ModifyHeadersProxyServlet: proxy GET uri: /proxyMe -- http://localhost:39281/targetPath
org.mitre.dsmiley.httpproxy.ModifyHeadersProxyServletTest$ModifyHeadersProxyServlet: proxy GET uri: /proxyMe -- http://localhost:35387/targetPath
org.mitre.dsmiley.httpproxy.ModifyHeadersProxyServletTest$ModifyHeadersProxyServlet: proxy GET uri: /proxyMe -- http://localhost:38033/targetPath
org.mitre.dsmiley.httpproxy.ModifyHeadersProxyServletTest$ModifyHeadersProxyServlet: proxy GET uri: /proxyMe -- http://localhost:39187/targetPath
org.mitre.dsmiley.httpproxy.ModifyHeadersProxyServletTest$ModifyHeadersProxyServlet: proxy GET uri: /proxyMe/pathInfo -- http://localhost:39187/targetPath/pathInfo
org.mitre.dsmiley.httpproxy.ModifyHeadersProxyServletTest$ModifyHeadersProxyServlet: proxy GET uri: /proxyMe/pathInfo/%23%25abc -- http://localhost:39187/targetPath/pathInfo/%23%25abc
org.mitre.dsmiley.httpproxy.ModifyHeadersProxyServletTest$ModifyHeadersProxyServlet: proxy GET uri: /proxyMe -- http://localhost:39187/targetPath?q=v
org.mitre.dsmiley.httpproxy.ModifyHeadersProxyServletTest$ModifyHeadersProxyServlet: proxy GET uri: /proxyMe/p -- http://localhost:39187/targetPath/p?q=v
org.mitre.dsmiley.httpproxy.ModifyHeadersProxyServletTest$ModifyHeadersProxyServlet: proxy GET uri: /proxyMe/p -- http://localhost:39187/targetPath/p?query=note:Leitbild
org.mitre.dsmiley.httpproxy.ModifyHeadersProxyServletTest$ModifyHeadersProxyServlet: proxy GET uri: /proxyMe/p -- http://localhost:39187/targetPath/p?id=p%20i
org.mitre.dsmiley.httpproxy.ModifyHeadersProxyServletTest$ModifyHeadersProxyServlet: proxy GET uri: /proxyMe/p%20i -- http://localhost:39187/targetPath/p%20i
org.mitre.dsmiley.httpproxy.ModifyHeadersProxyServletTest$ModifyHeadersProxyServlet: proxy POST uri: /proxyMe -- http://localhost:44209/targetPath
org.mitre.dsmiley.httpproxy.ModifyHeadersProxyServletTest$ModifyHeadersProxyServlet: proxy POST uri: /proxyMe/pathInfo -- http://localhost:44209/targetPath/pathInfo
org.mitre.dsmiley.httpproxy.ModifyHeadersProxyServletTest$ModifyHeadersProxyServlet: proxy POST uri: /proxyMe/pathInfo/%23%25abc -- http://localhost:44209/targetPath/pathInfo/%23%25abc
org.mitre.dsmiley.httpproxy.ModifyHeadersProxyServletTest$ModifyHeadersProxyServlet: proxy POST uri: /proxyMe -- http://localhost:44209/targetPath?q=v
org.mitre.dsmiley.httpproxy.ModifyHeadersProxyServletTest$ModifyHeadersProxyServlet: proxy POST uri: /proxyMe/p -- http://localhost:44209/targetPath/p?q=v
org.mitre.dsmiley.httpproxy.ModifyHeadersProxyServletTest$ModifyHeadersProxyServlet: proxy POST uri: /proxyMe/p -- http://localhost:44209/targetPath/p?query=note:Leitbild
org.mitre.dsmiley.httpproxy.ModifyHeadersProxyServletTest$ModifyHeadersProxyServlet: proxy POST uri: /proxyMe/p -- http://localhost:44209/targetPath/p?id=p%20i
org.mitre.dsmiley.httpproxy.ModifyHeadersProxyServletTest$ModifyHeadersProxyServlet: proxy POST uri: /proxyMe/p%20i -- http://localhost:44209/targetPath/p%20i
org.mitre.dsmiley.httpproxy.ModifyHeadersProxyServletTest$ModifyHeadersProxyServlet: proxy GET uri: /proxyMe -- http://localhost:42337/targetPath
org.mitre.dsmiley.httpproxy.ModifyHeadersProxyServletTest$ModifyHeadersProxyServlet: proxy GET uri: /proxyMe/%64%69%72%2F -- http://localhost:43299/targetPath/dir/
org.mitre.dsmiley.httpproxy.ModifyHeadersProxyServletTest$ModifyHeadersProxyServlet: proxy GET uri: /proxyMe/%64%69%72%2F -- http://localhost:43299/targetPath/dir/
org.mitre.dsmiley.httpproxy.ModifyHeadersProxyServletTest$ModifyHeadersProxyServlet: proxy GET uri: /proxyMe/%64%69%72%2F -- http://localhost:43299/targetPath/dir/
org.mitre.dsmiley.httpproxy.ModifyHeadersProxyServletTest$ModifyHeadersProxyServlet: proxy GET uri: /proxyMe/%64%69%72%2F -- http://localhost:43299/targetPath/dir/
org.mitre.dsmiley.httpproxy.ModifyHeadersProxyServletTest$ModifyHeadersProxyServlet: proxy GET uri: /proxyMe/%64%69%72%2F -- http://localhost:43299/targetPath/dir/
org.mitre.dsmiley.httpproxy.ModifyHeadersProxyServletTest$ModifyHeadersProxyServlet: proxy GET uri: /proxyMe/%64%69%72%2F -- http://localhost:43299/targetPath/dir/
org.mitre.dsmiley.httpproxy.ModifyHeadersProxyServletTest$ModifyHeadersProxyServlet: proxy GET uri: /proxyMe/%64%69%72%2F -- http://localhost:43299/targetPath/dir/
org.mitre.dsmiley.httpproxy.ModifyHeadersProxyServletTest$ModifyHeadersProxyServlet: proxy GET uri: /proxyMe/%64%69%72%2F -- http://localhost:43299/targetPath/dir/
org.mitre.dsmiley.httpproxy.ModifyHeadersProxyServletTest$ModifyHeadersProxyServlet: proxy GET uri: /proxyMe/%64%69%72%2F -- http://localhost:43299/targetPath/dir/
org.mitre.dsmiley.httpproxy.ModifyHeadersProxyServletTest$ModifyHeadersProxyServlet: proxy GET uri: /proxyMe/%64%69%72%2F -- http://localhost:43299/targetPath/dir/
org.mitre.dsmiley.httpproxy.ModifyHeadersProxyServletTest$ModifyHeadersProxyServlet: proxy GET uri: /proxyMe -- http://localhost:44135/targetPath
org.mitre.dsmiley.httpproxy.ModifyHeadersProxyServletTest$ModifyHeadersProxyServlet: proxy GET uri: /proxyMe -- http://localhost:46679/targetPath
org.mitre.dsmiley.httpproxy.ModifyHeadersProxyServletTest$ModifyHeadersProxyServlet: proxy GET uri: /proxyMe -- http://localhost:43177/targetPath
org.mitre.dsmiley.httpproxy.ModifyHeadersProxyServletTest$ModifyHeadersProxyServlet: proxy GET uri: /proxyMe -- http://localhost:40417/targetPath
org.mitre.dsmiley.httpproxy.ModifyHeadersProxyServletTest$ModifyHeadersProxyServlet: proxy GET uri: /proxyMe -- http://localhost:43179/targetPath
org.mitre.dsmiley.httpproxy.ModifyHeadersProxyServletTest$ModifyHeadersProxyServlet: proxy GET uri: /proxyMe -- http://localhost:46853/targetPath
org.mitre.dsmiley.httpproxy.ModifyHeadersProxyServletTest$ModifyHeadersProxyServlet: proxy GET uri: /proxyMe -- http://localhost:34307/targetPath?fq=%7B!f=field%7D
org.mitre.dsmiley.httpproxy.ModifyHeadersProxyServletTest$ModifyHeadersProxyServlet: proxy GET uri: /proxyMe -- http://localhost:34307/targetPath?fq=%7B!f=field%7D
org.mitre.dsmiley.httpproxy.ModifyHeadersProxyServletTest$ModifyHeadersProxyServlet: proxy GET uri: /proxyMe -- http://localhost:46367/targetPath
org.mitre.dsmiley.httpproxy.ModifyHeadersProxyServletTest$ModifyHeadersProxyServlet: proxy GET uri: /proxyMe -- http://localhost:46201/targetPath
org.mitre.dsmiley.httpproxy.ModifyHeadersProxyServletTest$ModifyHeadersProxyServlet: proxy GET uri: /proxyMe -- http://localhost:43311/targetPath
org.mitre.dsmiley.httpproxy.ModifyHeadersProxyServletTest$ModifyHeadersProxyServlet: proxy GET uri: /proxyMe/test -- http://localhost:34239/targetPath/test
org.mitre.dsmiley.httpproxy.ModifyHeadersProxyServletTest$ModifyHeadersProxyServlet: proxy GET uri: /proxyMe -- http://localhost:42059/targetPath
org.mitre.dsmiley.httpproxy.ModifyHeadersProxyServletTest$ModifyHeadersProxyServlet: proxy GET uri: /proxyMe -- http://localhost:42059/targetPath
org.mitre.dsmiley.httpproxy.ModifyHeadersProxyServletTest$ModifyHeadersProxyServlet: proxy POST uri: /proxyMe -- http://localhost:44099/targetPath
Tests run: 20, Failures: 0, Errors: 0, Skipped: 0, Time elapsed: 5.156 sec
Running org.mitre.dsmiley.httpproxy.URITemplateProxyServletTest
org.mitre.dsmiley.httpproxy.URITemplateProxyServlet: proxy GET uri: /proxyParameterized -- http://localhost:34573/targetPath
org.mitre.dsmiley.httpproxy.URITemplateProxyServlet: proxy GET uri: /proxyParameterized -- http://localhost:37603/targetPath
org.mitre.dsmiley.httpproxy.URITemplateProxyServlet: proxy GET uri: /proxyParameterized/pathInfo -- http://localhost:37603/targetPath/pathInfo
org.mitre.dsmiley.httpproxy.URITemplateProxyServlet: proxy GET uri: /proxyParameterized/pathInfo/%23%25abc -- http://localhost:37603/targetPath/pathInfo/%23%25abc
org.mitre.dsmiley.httpproxy.URITemplateProxyServlet: proxy GET uri: /proxyParameterized -- http://localhost:37603/targetPath?q=v
org.mitre.dsmiley.httpproxy.URITemplateProxyServlet: proxy GET uri: /proxyParameterized/p -- http://localhost:37603/targetPath/p?q=v
org.mitre.dsmiley.httpproxy.URITemplateProxyServlet: proxy GET uri: /proxyParameterized/p -- http://localhost:37603/targetPath/p?query=note:Leitbild
org.mitre.dsmiley.httpproxy.URITemplateProxyServlet: proxy GET uri: /proxyParameterized/p -- http://localhost:37603/targetPath/p?id=p%20i
org.mitre.dsmiley.httpproxy.URITemplateProxyServlet: proxy GET uri: /proxyParameterized/p%20i -- http://localhost:37603/targetPath/p%20i
org.mitre.dsmiley.httpproxy.URITemplateProxyServlet: proxy POST uri: /proxyParameterized -- http://localhost:37205/targetPath
org.mitre.dsmiley.httpproxy.URITemplateProxyServlet: proxy POST uri: /proxyParameterized/pathInfo -- http://localhost:37205/targetPath/pathInfo
org.mitre.dsmiley.httpproxy.URITemplateProxyServlet: proxy POST uri: /proxyParameterized/pathInfo/%23%25abc -- http://localhost:37205/targetPath/pathInfo/%23%25abc
org.mitre.dsmiley.httpproxy.URITemplateProxyServlet: proxy POST uri: /proxyParameterized -- http://localhost:37205/targetPath?q=v
org.mitre.dsmiley.httpproxy.URITemplateProxyServlet: proxy POST uri: /proxyParameterized/p -- http://localhost:37205/targetPath/p?q=v
org.mitre.dsmiley.httpproxy.URITemplateProxyServlet: proxy POST uri: /proxyParameterized/p -- http://localhost:37205/targetPath/p?query=note:Leitbild
org.mitre.dsmiley.httpproxy.URITemplateProxyServlet: proxy POST uri: /proxyParameterized/p -- http://localhost:37205/targetPath/p?id=p%20i
org.mitre.dsmiley.httpproxy.URITemplateProxyServlet: proxy POST uri: /proxyParameterized/p%20i -- http://localhost:37205/targetPath/p%20i
org.mitre.dsmiley.httpproxy.URITemplateProxyServlet: proxy GET uri: /proxyParameterized -- http://localhost:33007/targetPath
org.mitre.dsmiley.httpproxy.URITemplateProxyServlet: proxy GET uri: /proxyParameterized/%64%69%72%2F -- http://localhost:34213/targetPath/dir/
org.mitre.dsmiley.httpproxy.URITemplateProxyServlet: proxy GET uri: /proxyParameterized/%64%69%72%2F -- http://localhost:34213/targetPath/dir/
org.mitre.dsmiley.httpproxy.URITemplateProxyServlet: proxy GET uri: /proxyParameterized/%64%69%72%2F -- http://localhost:34213/targetPath/dir/
org.mitre.dsmiley.httpproxy.URITemplateProxyServlet: proxy GET uri: /proxyParameterized/%64%69%72%2F -- http://localhost:34213/targetPath/dir/
org.mitre.dsmiley.httpproxy.URITemplateProxyServlet: proxy GET uri: /proxyParameterized/%64%69%72%2F -- http://localhost:34213/targetPath/dir/
org.mitre.dsmiley.httpproxy.URITemplateProxyServlet: proxy GET uri: /proxyParameterized/%64%69%72%2F -- http://localhost:34213/targetPath/dir/
org.mitre.dsmiley.httpproxy.URITemplateProxyServlet: proxy GET uri: /proxyParameterized/%64%69%72%2F -- http://localhost:34213/targetPath/dir/
org.mitre.dsmiley.httpproxy.URITemplateProxyServlet: proxy GET uri: /proxyParameterized/%64%69%72%2F -- http://localhost:34213/targetPath/dir/
org.mitre.dsmiley.httpproxy.URITemplateProxyServlet: proxy GET uri: /proxyParameterized/%64%69%72%2F -- http://localhost:34213/targetPath/dir/
org.mitre.dsmiley.httpproxy.URITemplateProxyServlet: proxy GET uri: /proxyParameterized/%64%69%72%2F -- http://localhost:34213/targetPath/dir/
org.mitre.dsmiley.httpproxy.URITemplateProxyServlet: proxy GET uri: /proxyParameterized -- http://localhost:39989/targetPath
org.mitre.dsmiley.httpproxy.URITemplateProxyServlet: proxy GET uri: /proxyParameterized -- http://localhost:35887/targetPath
org.mitre.dsmiley.httpproxy.URITemplateProxyServlet: proxy GET uri: /proxyParameterized -- http://localhost:42015/targetPath
org.mitre.dsmiley.httpproxy.URITemplateProxyServlet: proxy GET uri: /proxyParameterized -- http://localhost:37139/targetPath
org.mitre.dsmiley.httpproxy.URITemplateProxyServlet: proxy GET uri: /proxyParameterized -- http://localhost:42525/targetPath
org.mitre.dsmiley.httpproxy.URITemplateProxyServlet: proxy GET uri: /proxyParameterized -- http://localhost:44297/targetPath
org.mitre.dsmiley.httpproxy.URITemplateProxyServlet: proxy GET uri: /proxyParameterized -- http://localhost:37789/targetPath
org.mitre.dsmiley.httpproxy.URITemplateProxyServlet: proxy GET uri: /proxyParameterized -- http://localhost:33663/targetPath
org.mitre.dsmiley.httpproxy.URITemplateProxyServlet: proxy GET uri: /proxyParameterized -- http://localhost:41293/targetPath
org.mitre.dsmiley.httpproxy.URITemplateProxyServlet: proxy GET uri: /proxyParameterized/test -- http://localhost:38955/targetPath/test
org.mitre.dsmiley.httpproxy.URITemplateProxyServlet: proxy GET uri: /proxyParameterized -- http://localhost:34681/targetPath
org.mitre.dsmiley.httpproxy.URITemplateProxyServlet: proxy GET uri: /proxyParameterized -- http://localhost:34681/targetPath
Tests run: 18, Failures: 0, Errors: 0, Skipped: 2, Time elapsed: 5.148 sec

Results :

Tests run: 56, Failures: 0, Errors: 0, Skipped: 2

[INFO] ------------------------------------------------------------------------
[INFO] BUILD SUCCESS
[INFO] ------------------------------------------------------------------------
[INFO] Total time: 24.221 s
[INFO] Finished at: 2019-08-16T01:07:47+08:00
[INFO] ------------------------------------------------------------------------
