[VERSION]: 4.13-beta-3
[INFO] Scanning for projects...
[WARNING] The project net.logstash.logback:logstash-logback-encoder:jar:5.1 uses prerequisites which is only intended for maven-plugin projects but not for non maven-plugin projects. For such purposes you should use the maven-enforcer-plugin. See https://maven.apache.org/enforcer/enforcer-rules/requireMavenVersion.html
[INFO] 
[INFO] -----------< net.logstash.logback:logstash-logback-encoder >------------
[INFO] Building Logstash Logback Encoder 5.1
[INFO] --------------------------------[ jar ]---------------------------------
[INFO] 
[INFO] --- maven-clean-plugin:2.5:clean (default-clean) @ logstash-logback-encoder ---
[INFO] Deleting /home/cgzhu/projects/gitslice/resources/facts/upgrade_jars_exp/_downloads/logstash-logback-encoder/target
[INFO] 
[INFO] --- maven-dependency-plugin:2.8:list (default-cli) @ logstash-logback-encoder ---
[INFO] 
[INFO] The following files have been resolved:
[INFO]    com.fasterxml.jackson.core:jackson-core:jar:2.9.5:compile
[INFO]    net.bytebuddy:byte-buddy:jar:1.7.0:test
[INFO]    com.lmax:disruptor:jar:3.3.8:compile
[INFO]    commons-lang:commons-lang:jar:2.6:compile
[INFO]    org.assertj:assertj-core:jar:2.9.0:test
[INFO]    ch.qos.logback:logback-core:jar:1.2.3:compile
[INFO]    org.objenesis:objenesis:jar:2.6:test
[INFO]    commons-io:commons-io:jar:2.6:test
[INFO]    org.javassist:javassist:jar:3.21.0-GA:test
[INFO]    ch.qos.logback:logback-classic:jar:1.2.3:compile
[INFO]    org.powermock:powermock-api-mockito-common:jar:1.7.3:test
[INFO]    org.powermock:powermock-module-junit4:jar:1.7.3:test
[INFO]    org.powermock:powermock-reflect:jar:1.7.3:test
[INFO]    org.powermock:powermock-api-mockito2:jar:1.7.3:test
[INFO]    org.hamcrest:hamcrest-core:jar:1.3:test
[INFO]    com.fasterxml.jackson.core:jackson-annotations:jar:2.9.0:compile
[INFO]    ch.qos.logback:logback-access:jar:1.2.3:compile
[INFO]    org.powermock:powermock-module-junit4-common:jar:1.7.3:test
[INFO]    com.fasterxml.uuid:java-uuid-generator:jar:3.1.4:compile
[INFO]    net.bytebuddy:byte-buddy-agent:jar:1.7.0:test
[INFO]    junit:junit:jar:4.12:test
[INFO]    org.slf4j:slf4j-api:jar:1.7.25:compile
[INFO]    javax.servlet:servlet-api:jar:2.5:provided
[INFO]    org.mockito:mockito-core:jar:2.9.0:test
[INFO]    org.powermock:powermock-api-support:jar:1.7.3:test
[INFO]    org.codehaus.mojo:animal-sniffer-annotations:jar:1.16:provided
[INFO]    com.fasterxml.jackson.core:jackson-databind:jar:2.9.5:compile
[INFO]    org.powermock:powermock-core:jar:1.7.3:test
[INFO] 
[INFO] 
[INFO] --- maven-enforcer-plugin:1.4:enforce (enforce-maven) @ logstash-logback-encoder ---
[INFO] 
[INFO] --- maven-license-plugin:1.9.0:format (default) @ logstash-logback-encoder ---
[INFO] Updating license headers...
[INFO] 
[INFO] --- maven-resources-plugin:2.6:resources (default-resources) @ logstash-logback-encoder ---
[INFO] Using 'UTF-8' encoding to copy filtered resources.
[INFO] skip non existing resourceDirectory /home/cgzhu/projects/gitslice/resources/facts/upgrade_jars_exp/_downloads/logstash-logback-encoder/src/main/resources
[INFO] 
[INFO] --- maven-compiler-plugin:2.3.2:compile (default-compile) @ logstash-logback-encoder ---
[INFO] Compiling 134 source files to /home/cgzhu/projects/gitslice/resources/facts/upgrade_jars_exp/_downloads/logstash-logback-encoder/target/classes
[INFO] 
[INFO] --- maven-bundle-plugin:2.3.7:manifest (bundle-manifest) @ logstash-logback-encoder ---
[INFO] 
[INFO] --- maven-resources-plugin:2.6:testResources (default-testResources) @ logstash-logback-encoder ---
[INFO] Using 'UTF-8' encoding to copy filtered resources.
[INFO] Copying 1 resource
[INFO] 
[INFO] --- maven-compiler-plugin:2.3.2:testCompile (default-testCompile) @ logstash-logback-encoder ---
[INFO] Compiling 55 source files to /home/cgzhu/projects/gitslice/resources/facts/upgrade_jars_exp/_downloads/logstash-logback-encoder/target/test-classes
[INFO] 
[INFO] --- maven-surefire-plugin:2.12.4:test (default-test) @ logstash-logback-encoder ---
[INFO] Surefire report directory: /home/cgzhu/projects/gitslice/resources/facts/upgrade_jars_exp/_downloads/logstash-logback-encoder/target/surefire-reports

-------------------------------------------------------
 T E S T S
-------------------------------------------------------
Running net.logstash.logback.argument.StructuredArgumentsToStringTest
01:01:41,889 |-INFO in ch.qos.logback.classic.LoggerContext[default] - Found resource [logback-test.xml] at [file:/home/cgzhu/projects/gitslice/resources/facts/upgrade_jars_exp/_downloads/logstash-logback-encoder/target/test-classes/logback-test.xml]
01:01:41,934 |-INFO in ch.qos.logback.classic.joran.action.ContextNameAction - Setting logger context name as [testContext]
01:01:41,934 |-INFO in ch.qos.logback.core.joran.action.AppenderAction - About to instantiate appender of type [ch.qos.logback.core.rolling.RollingFileAppender]
01:01:41,937 |-INFO in ch.qos.logback.core.joran.action.AppenderAction - Naming appender as [stash]
01:01:41,950 |-INFO in c.q.l.core.rolling.TimeBasedRollingPolicy@1386767190 - No compression will be used
01:01:41,951 |-INFO in c.q.l.core.rolling.TimeBasedRollingPolicy@1386767190 - Will use the pattern /tmp/test.log.%d{yyyy-MM-dd}.log for the active file
01:01:41,953 |-INFO in c.q.l.core.rolling.DefaultTimeBasedFileNamingAndTriggeringPolicy - The date pattern is 'yyyy-MM-dd' from file name pattern '/tmp/test.log.%d{yyyy-MM-dd}.log'.
01:01:41,953 |-INFO in c.q.l.core.rolling.DefaultTimeBasedFileNamingAndTriggeringPolicy - Roll-over at midnight.
01:01:41,955 |-INFO in c.q.l.core.rolling.DefaultTimeBasedFileNamingAndTriggeringPolicy - Setting initial period to Fri Aug 16 01:01:34 SGT 2019
01:01:42,060 |-INFO in ch.qos.logback.core.rolling.RollingFileAppender[stash] - Active log file name: /tmp/test.log
01:01:42,060 |-INFO in ch.qos.logback.core.rolling.RollingFileAppender[stash] - File property is set to [/tmp/test.log]
01:01:42,060 |-INFO in ch.qos.logback.core.joran.action.AppenderAction - About to instantiate appender of type [ch.qos.logback.core.ConsoleAppender]
01:01:42,061 |-INFO in ch.qos.logback.core.joran.action.AppenderAction - Naming appender as [logstashEncoderAppender]
01:01:42,062 |-INFO in ch.qos.logback.core.joran.action.NestedComplexPropertyIA - Assuming default type [net.logstash.logback.fieldnames.LogstashFieldNames] for [fieldNames] property
01:01:42,067 |-INFO in ch.qos.logback.core.joran.action.NestedComplexPropertyIA - Assuming default type [net.logstash.logback.composite.loggingevent.LoggingEventJsonProviders] for [providers] property
01:01:42,085 |-INFO in ch.qos.logback.core.joran.action.AppenderAction - About to instantiate appender of type [ch.qos.logback.core.ConsoleAppender]
01:01:42,085 |-INFO in ch.qos.logback.core.joran.action.AppenderAction - Naming appender as [loggingEventCompositeJsonEncoderAppender]
01:01:42,086 |-INFO in ch.qos.logback.core.joran.action.NestedComplexPropertyIA - Assuming default type [net.logstash.logback.composite.loggingevent.LoggingEventJsonProviders] for [providers] property
01:01:42,086 |-INFO in ch.qos.logback.core.joran.action.NestedComplexPropertyIA - Assuming default type [net.logstash.logback.composite.loggingevent.LoggingEventFormattedTimestampJsonProvider] for [timestamp] property
01:01:42,086 |-INFO in ch.qos.logback.core.joran.action.NestedComplexPropertyIA - Assuming default type [net.logstash.logback.composite.LogstashVersionJsonProvider] for [version] property
01:01:42,086 |-INFO in ch.qos.logback.core.joran.action.NestedComplexPropertyIA - Assuming default type [net.logstash.logback.composite.loggingevent.MessageJsonProvider] for [message] property
01:01:42,086 |-INFO in ch.qos.logback.core.joran.action.NestedComplexPropertyIA - Assuming default type [net.logstash.logback.composite.loggingevent.LoggingEventNestedJsonProvider] for [nestedField] property
01:01:42,087 |-INFO in ch.qos.logback.core.joran.action.NestedComplexPropertyIA - Assuming default type [net.logstash.logback.composite.loggingevent.LoggingEventJsonProviders] for [providers] property
01:01:42,087 |-INFO in ch.qos.logback.core.joran.action.NestedComplexPropertyIA - Assuming default type [net.logstash.logback.composite.loggingevent.UuidProvider] for [uuid] property
01:01:42,087 |-INFO in ch.qos.logback.core.joran.action.NestedComplexPropertyIA - Assuming default type [net.logstash.logback.composite.loggingevent.RawMessageJsonProvider] for [rawMessage] property
01:01:42,087 |-INFO in ch.qos.logback.core.joran.action.NestedComplexPropertyIA - Assuming default type [net.logstash.logback.composite.loggingevent.LoggerNameJsonProvider] for [loggerName] property
01:01:42,088 |-INFO in ch.qos.logback.core.joran.action.NestedComplexPropertyIA - Assuming default type [net.logstash.logback.composite.loggingevent.ThreadNameJsonProvider] for [threadName] property
01:01:42,088 |-INFO in ch.qos.logback.core.joran.action.NestedComplexPropertyIA - Assuming default type [net.logstash.logback.composite.loggingevent.LogLevelJsonProvider] for [logLevel] property
01:01:42,088 |-INFO in ch.qos.logback.core.joran.action.NestedComplexPropertyIA - Assuming default type [net.logstash.logback.composite.loggingevent.LogLevelValueJsonProvider] for [logLevelValue] property
01:01:42,088 |-INFO in ch.qos.logback.core.joran.action.NestedComplexPropertyIA - Assuming default type [net.logstash.logback.composite.loggingevent.CallerDataJsonProvider] for [callerData] property
01:01:42,089 |-INFO in ch.qos.logback.core.joran.action.NestedComplexPropertyIA - Assuming default type [net.logstash.logback.composite.loggingevent.StackTraceJsonProvider] for [stackTrace] property
01:01:42,090 |-INFO in ch.qos.logback.core.joran.action.NestedComplexPropertyIA - Assuming default type [net.logstash.logback.composite.loggingevent.StackHashJsonProvider] for [stackHash] property
01:01:42,090 |-INFO in ch.qos.logback.core.joran.action.NestedComplexPropertyIA - Assuming default type [net.logstash.logback.composite.ContextJsonProvider] for [context] property
01:01:42,090 |-INFO in ch.qos.logback.core.joran.action.NestedComplexPropertyIA - Assuming default type [net.logstash.logback.composite.loggingevent.ContextNameJsonProvider] for [contextName] property
01:01:42,090 |-INFO in ch.qos.logback.core.joran.action.NestedComplexPropertyIA - Assuming default type [net.logstash.logback.composite.loggingevent.JsonMessageJsonProvider] for [jsonMessage] property
01:01:42,091 |-INFO in ch.qos.logback.core.joran.action.NestedComplexPropertyIA - Assuming default type [net.logstash.logback.composite.loggingevent.MdcJsonProvider] for [mdc] property
01:01:42,092 |-INFO in ch.qos.logback.core.joran.action.NestedComplexPropertyIA - Assuming default type [net.logstash.logback.composite.loggingevent.ContextMapJsonProvider] for [contextMap] property
01:01:42,092 |-INFO in ch.qos.logback.core.joran.action.NestedComplexPropertyIA - Assuming default type [net.logstash.logback.composite.GlobalCustomFieldsJsonProvider] for [globalCustomFields] property
01:01:42,093 |-INFO in ch.qos.logback.core.joran.action.NestedComplexPropertyIA - Assuming default type [net.logstash.logback.composite.loggingevent.TagsJsonProvider] for [tags] property
01:01:42,093 |-INFO in ch.qos.logback.core.joran.action.NestedComplexPropertyIA - Assuming default type [net.logstash.logback.composite.loggingevent.LogstashMarkersJsonProvider] for [logstashMarkers] property
01:01:42,093 |-INFO in ch.qos.logback.core.joran.action.NestedComplexPropertyIA - Assuming default type [net.logstash.logback.composite.loggingevent.LoggingEventPatternJsonProvider] for [pattern] property
01:01:42,094 |-INFO in ch.qos.logback.core.joran.action.NestedComplexPropertyIA - Assuming default type [net.logstash.logback.composite.loggingevent.ArgumentsJsonProvider] for [arguments] property
01:01:42,094 |-INFO in ch.qos.logback.core.joran.action.NestedComplexPropertyIA - Assuming default type [net.logstash.logback.composite.loggingevent.ThrowableClassNameJsonProvider] for [throwableClassName] property
01:01:42,095 |-INFO in ch.qos.logback.core.joran.action.NestedComplexPropertyIA - Assuming default type [net.logstash.logback.composite.loggingevent.ThrowableRootCauseClassNameJsonProvider] for [throwableRootCauseClassName] property
01:01:42,095 |-INFO in ch.qos.logback.core.joran.action.AppenderAction - About to instantiate appender of type [ch.qos.logback.core.read.ListAppender]
01:01:42,096 |-INFO in ch.qos.logback.core.joran.action.AppenderAction - Naming appender as [listAppender]
01:01:42,096 |-INFO in ch.qos.logback.core.joran.action.AppenderAction - About to instantiate appender of type [net.logstash.logback.appender.LoggingEventAsyncDisruptorAppender]
01:01:42,099 |-INFO in ch.qos.logback.core.joran.action.AppenderAction - Naming appender as [asyncAppender]
01:01:42,112 |-INFO in ch.qos.logback.classic.joran.action.LoggerAction - Setting level of logger [net.logstash.logback.encoder.LogstashEncoderTest] to DEBUG
01:01:42,112 |-INFO in ch.qos.logback.core.joran.action.AppenderRefAction - Attaching appender named [stash] to Logger[net.logstash.logback.encoder.LogstashEncoderTest]
01:01:42,112 |-INFO in ch.qos.logback.classic.joran.action.LoggerAction - Setting level of logger [net.logstash.logback.ConfigurationTest] to DEBUG
01:01:42,112 |-INFO in ch.qos.logback.core.joran.action.AppenderRefAction - Attaching appender named [loggingEventCompositeJsonEncoderAppender] to Logger[net.logstash.logback.ConfigurationTest]
01:01:42,112 |-INFO in ch.qos.logback.core.joran.action.AppenderRefAction - Attaching appender named [logstashEncoderAppender] to Logger[net.logstash.logback.ConfigurationTest]
01:01:42,112 |-INFO in ch.qos.logback.core.joran.action.AppenderRefAction - Attaching appender named [listAppender] to Logger[net.logstash.logback.ConfigurationTest]
01:01:42,112 |-INFO in ch.qos.logback.core.joran.action.AppenderRefAction - Attaching appender named [asyncAppender] to Logger[net.logstash.logback.ConfigurationTest]
01:01:42,112 |-INFO in ch.qos.logback.classic.joran.action.ConfigurationAction - End of configuration.
01:01:42,113 |-INFO in ch.qos.logback.classic.joran.JoranConfigurator@31368b99 - Registering current configuration as safe fallback point
01:01:42,113 |-WARN in class net.logstash.logback.argument.StructuredArguments - Failed toString() invocation on an object of type [net.logstash.logback.argument.StructuredArgumentsToStringTest$BuguyToString] java.lang.NullPointerException: npe
	at java.lang.NullPointerException: npe
	at 	at net.logstash.logback.argument.StructuredArgumentsToStringTest$BuguyToString.toString(StructuredArgumentsToStringTest.java:32)
	at 	at java.lang.String.valueOf(String.java:2994)
	at 	at net.logstash.logback.argument.StructuredArguments.toString(StructuredArguments.java:206)
	at 	at net.logstash.logback.argument.StructuredArgumentsToStringTest.testToString(StructuredArgumentsToStringTest.java:58)
	at 	at sun.reflect.NativeMethodAccessorImpl.invoke0(Native Method)
	at 	at sun.reflect.NativeMethodAccessorImpl.invoke(NativeMethodAccessorImpl.java:62)
	at 	at sun.reflect.DelegatingMethodAccessorImpl.invoke(DelegatingMethodAccessorImpl.java:43)
	at 	at java.lang.reflect.Method.invoke(Method.java:498)
	at 	at org.junit.runners.model.FrameworkMethod$1.runReflectiveCall(FrameworkMethod.java:50)
	at 	at org.junit.internal.runners.model.ReflectiveCallable.run(ReflectiveCallable.java:12)
	at 	at org.junit.runners.model.FrameworkMethod.invokeExplosively(FrameworkMethod.java:47)
	at 	at org.junit.internal.runners.statements.InvokeMethod.evaluate(InvokeMethod.java:17)
	at 	at org.junit.runners.ParentRunner.runLeaf(ParentRunner.java:325)
	at 	at org.junit.runners.BlockJUnit4ClassRunner.runChild(BlockJUnit4ClassRunner.java:78)
	at 	at org.junit.runners.BlockJUnit4ClassRunner.runChild(BlockJUnit4ClassRunner.java:57)
	at 	at org.junit.runners.ParentRunner$3.run(ParentRunner.java:290)
	at 	at org.junit.runners.ParentRunner$1.schedule(ParentRunner.java:71)
	at 	at org.junit.runners.ParentRunner.runChildren(ParentRunner.java:288)
	at 	at org.junit.runners.ParentRunner.access$000(ParentRunner.java:58)
	at 	at org.junit.runners.ParentRunner$2.evaluate(ParentRunner.java:268)
	at 	at org.junit.runners.ParentRunner.run(ParentRunner.java:363)
	at 	at org.junit.runners.Suite.runChild(Suite.java:128)
	at 	at org.junit.runners.Suite.runChild(Suite.java:27)
	at 	at org.junit.runners.ParentRunner$3.run(ParentRunner.java:290)
	at 	at org.junit.runners.ParentRunner$1.schedule(ParentRunner.java:71)
	at 	at org.junit.runners.ParentRunner.runChildren(ParentRunner.java:288)
	at 	at org.junit.runners.ParentRunner.access$000(ParentRunner.java:58)
	at 	at org.junit.runners.ParentRunner$2.evaluate(ParentRunner.java:268)
	at 	at org.junit.runners.ParentRunner.run(ParentRunner.java:363)
	at 	at org.apache.maven.surefire.junit4.JUnit4Provider.execute(JUnit4Provider.java:252)
	at 	at org.apache.maven.surefire.junit4.JUnit4Provider.executeTestSet(JUnit4Provider.java:141)
	at 	at org.apache.maven.surefire.junit4.JUnit4Provider.invoke(JUnit4Provider.java:112)
	at 	at sun.reflect.NativeMethodAccessorImpl.invoke0(Native Method)
	at 	at sun.reflect.NativeMethodAccessorImpl.invoke(NativeMethodAccessorImpl.java:62)
	at 	at sun.reflect.DelegatingMethodAccessorImpl.invoke(DelegatingMethodAccessorImpl.java:43)
	at 	at java.lang.reflect.Method.invoke(Method.java:498)
	at 	at org.apache.maven.surefire.util.ReflectionUtils.invokeMethodWithArray(ReflectionUtils.java:189)
	at 	at org.apache.maven.surefire.booter.ProviderFactory$ProviderProxy.invoke(ProviderFactory.java:165)
	at 	at org.apache.maven.surefire.booter.ProviderFactory.invokeProvider(ProviderFactory.java:85)
	at 	at org.apache.maven.surefire.booter.ForkedBooter.runSuitesInProcess(ForkedBooter.java:115)
	at 	at org.apache.maven.surefire.booter.ForkedBooter.main(ForkedBooter.java:75)
SLF4J: Failed toString() invocation on an object of type [net.logstash.logback.argument.StructuredArgumentsToStringTest$BuguyToString]
Reported exception:
java.lang.NullPointerException: npe
	at net.logstash.logback.argument.StructuredArgumentsToStringTest$BuguyToString.toString(StructuredArgumentsToStringTest.java:32)
	at org.slf4j.helpers.MessageFormatter.safeObjectAppend(MessageFormatter.java:299)
	at org.slf4j.helpers.MessageFormatter.deeplyAppendParameter(MessageFormatter.java:271)
	at org.slf4j.helpers.MessageFormatter.arrayFormat(MessageFormatter.java:233)
	at org.slf4j.helpers.MessageFormatter.arrayFormat(MessageFormatter.java:173)
	at org.slf4j.helpers.MessageFormatter.format(MessageFormatter.java:124)
	at net.logstash.logback.argument.StructuredArgumentsToStringTest.testToString(StructuredArgumentsToStringTest.java:59)
	at sun.reflect.NativeMethodAccessorImpl.invoke0(Native Method)
	at sun.reflect.NativeMethodAccessorImpl.invoke(NativeMethodAccessorImpl.java:62)
	at sun.reflect.DelegatingMethodAccessorImpl.invoke(DelegatingMethodAccessorImpl.java:43)
	at java.lang.reflect.Method.invoke(Method.java:498)
	at org.junit.runners.model.FrameworkMethod$1.runReflectiveCall(FrameworkMethod.java:50)
	at org.junit.internal.runners.model.ReflectiveCallable.run(ReflectiveCallable.java:12)
	at org.junit.runners.model.FrameworkMethod.invokeExplosively(FrameworkMethod.java:47)
	at org.junit.internal.runners.statements.InvokeMethod.evaluate(InvokeMethod.java:17)
	at org.junit.runners.ParentRunner.runLeaf(ParentRunner.java:325)
	at org.junit.runners.BlockJUnit4ClassRunner.runChild(BlockJUnit4ClassRunner.java:78)
	at org.junit.runners.BlockJUnit4ClassRunner.runChild(BlockJUnit4ClassRunner.java:57)
	at org.junit.runners.ParentRunner$3.run(ParentRunner.java:290)
	at org.junit.runners.ParentRunner$1.schedule(ParentRunner.java:71)
	at org.junit.runners.ParentRunner.runChildren(ParentRunner.java:288)
	at org.junit.runners.ParentRunner.access$000(ParentRunner.java:58)
	at org.junit.runners.ParentRunner$2.evaluate(ParentRunner.java:268)
	at org.junit.runners.ParentRunner.run(ParentRunner.java:363)
	at org.junit.runners.Suite.runChild(Suite.java:128)
	at org.junit.runners.Suite.runChild(Suite.java:27)
	at org.junit.runners.ParentRunner$3.run(ParentRunner.java:290)
	at org.junit.runners.ParentRunner$1.schedule(ParentRunner.java:71)
	at org.junit.runners.ParentRunner.runChildren(ParentRunner.java:288)
	at org.junit.runners.ParentRunner.access$000(ParentRunner.java:58)
	at org.junit.runners.ParentRunner$2.evaluate(ParentRunner.java:268)
	at org.junit.runners.ParentRunner.run(ParentRunner.java:363)
	at org.apache.maven.surefire.junit4.JUnit4Provider.execute(JUnit4Provider.java:252)
	at org.apache.maven.surefire.junit4.JUnit4Provider.executeTestSet(JUnit4Provider.java:141)
	at org.apache.maven.surefire.junit4.JUnit4Provider.invoke(JUnit4Provider.java:112)
	at sun.reflect.NativeMethodAccessorImpl.invoke0(Native Method)
	at sun.reflect.NativeMethodAccessorImpl.invoke(NativeMethodAccessorImpl.java:62)
	at sun.reflect.DelegatingMethodAccessorImpl.invoke(DelegatingMethodAccessorImpl.java:43)
	at java.lang.reflect.Method.invoke(Method.java:498)
	at org.apache.maven.surefire.util.ReflectionUtils.invokeMethodWithArray(ReflectionUtils.java:189)
	at org.apache.maven.surefire.booter.ProviderFactory$ProviderProxy.invoke(ProviderFactory.java:165)
	at org.apache.maven.surefire.booter.ProviderFactory.invokeProvider(ProviderFactory.java:85)
	at org.apache.maven.surefire.booter.ForkedBooter.runSuitesInProcess(ForkedBooter.java:115)
	at org.apache.maven.surefire.booter.ForkedBooter.main(ForkedBooter.java:75)
01:01:42,116 |-WARN in class net.logstash.logback.argument.StructuredArguments - Failed toString() invocation on an object of type [net.logstash.logback.argument.StructuredArgumentsToStringTest$BuguyToString] java.lang.NullPointerException: npe
	at java.lang.NullPointerException: npe
	at 	at net.logstash.logback.argument.StructuredArgumentsToStringTest$BuguyToString.toString(StructuredArgumentsToStringTest.java:32)
	at 	at java.lang.String.valueOf(String.java:2994)
	at 	at net.logstash.logback.argument.StructuredArguments.toString(StructuredArguments.java:206)
	at 	at net.logstash.logback.argument.StructuredArgumentsToStringTest.testToString(StructuredArgumentsToStringTest.java:59)
	at 	at sun.reflect.NativeMethodAccessorImpl.invoke0(Native Method)
	at 	at sun.reflect.NativeMethodAccessorImpl.invoke(NativeMethodAccessorImpl.java:62)
	at 	at sun.reflect.DelegatingMethodAccessorImpl.invoke(DelegatingMethodAccessorImpl.java:43)
	at 	at java.lang.reflect.Method.invoke(Method.java:498)
	at 	at org.junit.runners.model.FrameworkMethod$1.runReflectiveCall(FrameworkMethod.java:50)
	at 	at org.junit.internal.runners.model.ReflectiveCallable.run(ReflectiveCallable.java:12)
	at 	at org.junit.runners.model.FrameworkMethod.invokeExplosively(FrameworkMethod.java:47)
	at 	at org.junit.internal.runners.statements.InvokeMethod.evaluate(InvokeMethod.java:17)
	at 	at org.junit.runners.ParentRunner.runLeaf(ParentRunner.java:325)
	at 	at org.junit.runners.BlockJUnit4ClassRunner.runChild(BlockJUnit4ClassRunner.java:78)
	at 	at org.junit.runners.BlockJUnit4ClassRunner.runChild(BlockJUnit4ClassRunner.java:57)
	at 	at org.junit.runners.ParentRunner$3.run(ParentRunner.java:290)
	at 	at org.junit.runners.ParentRunner$1.schedule(ParentRunner.java:71)
	at 	at org.junit.runners.ParentRunner.runChildren(ParentRunner.java:288)
	at 	at org.junit.runners.ParentRunner.access$000(ParentRunner.java:58)
	at 	at org.junit.runners.ParentRunner$2.evaluate(ParentRunner.java:268)
	at 	at org.junit.runners.ParentRunner.run(ParentRunner.java:363)
	at 	at org.junit.runners.Suite.runChild(Suite.java:128)
	at 	at org.junit.runners.Suite.runChild(Suite.java:27)
	at 	at org.junit.runners.ParentRunner$3.run(ParentRunner.java:290)
	at 	at org.junit.runners.ParentRunner$1.schedule(ParentRunner.java:71)
	at 	at org.junit.runners.ParentRunner.runChildren(ParentRunner.java:288)
	at 	at org.junit.runners.ParentRunner.access$000(ParentRunner.java:58)
	at 	at org.junit.runners.ParentRunner$2.evaluate(ParentRunner.java:268)
	at 	at org.junit.runners.ParentRunner.run(ParentRunner.java:363)
	at 	at org.apache.maven.surefire.junit4.JUnit4Provider.execute(JUnit4Provider.java:252)
	at 	at org.apache.maven.surefire.junit4.JUnit4Provider.executeTestSet(JUnit4Provider.java:141)
	at 	at org.apache.maven.surefire.junit4.JUnit4Provider.invoke(JUnit4Provider.java:112)
	at 	at sun.reflect.NativeMethodAccessorImpl.invoke0(Native Method)
	at 	at sun.reflect.NativeMethodAccessorImpl.invoke(NativeMethodAccessorImpl.java:62)
	at 	at sun.reflect.DelegatingMethodAccessorImpl.invoke(DelegatingMethodAccessorImpl.java:43)
	at 	at java.lang.reflect.Method.invoke(Method.java:498)
	at 	at org.apache.maven.surefire.util.ReflectionUtils.invokeMethodWithArray(ReflectionUtils.java:189)
	at 	at org.apache.maven.surefire.booter.ProviderFactory$ProviderProxy.invoke(ProviderFactory.java:165)
	at 	at org.apache.maven.surefire.booter.ProviderFactory.invokeProvider(ProviderFactory.java:85)
	at 	at org.apache.maven.surefire.booter.ForkedBooter.runSuitesInProcess(ForkedBooter.java:115)
	at 	at org.apache.maven.surefire.booter.ForkedBooter.main(ForkedBooter.java:75)
Tests run: 5, Failures: 0, Errors: 0, Skipped: 0, Time elapsed: 0.272 sec
Running net.logstash.logback.composite.accessevent.ResponseHeadersJsonProviderTest
Tests run: 4, Failures: 0, Errors: 0, Skipped: 0, Time elapsed: 0.382 sec
Running net.logstash.logback.composite.accessevent.AccessEventPatternJsonProviderTest
Tests run: 1, Failures: 0, Errors: 0, Skipped: 0, Time elapsed: 0.13 sec
Running net.logstash.logback.composite.accessevent.RequestHeadersJsonProviderTest
Tests run: 4, Failures: 0, Errors: 0, Skipped: 0, Time elapsed: 0.005 sec
Running net.logstash.logback.composite.accessevent.AccessEventNestedJsonProviderTest
Tests run: 1, Failures: 0, Errors: 0, Skipped: 0, Time elapsed: 0.04 sec
Running net.logstash.logback.composite.accessevent.IncludeExcludeHeaderFilterTest
Tests run: 4, Failures: 0, Errors: 0, Skipped: 0, Time elapsed: 0.001 sec
Running net.logstash.logback.composite.LogstashVersionJsonProviderTest
Tests run: 6, Failures: 0, Errors: 0, Skipped: 0, Time elapsed: 0.013 sec
Running net.logstash.logback.composite.loggingevent.LogLevelJsonProviderTest
Tests run: 3, Failures: 0, Errors: 0, Skipped: 0, Time elapsed: 0.001 sec
Running net.logstash.logback.composite.loggingevent.RawMessageJsonProviderTest
Tests run: 2, Failures: 0, Errors: 0, Skipped: 0, Time elapsed: 0.001 sec
Running net.logstash.logback.composite.loggingevent.MessageJsonProviderTest
Tests run: 3, Failures: 0, Errors: 0, Skipped: 0, Time elapsed: 0.001 sec
Running net.logstash.logback.composite.loggingevent.ContextNameJsonProviderTest
Tests run: 2, Failures: 0, Errors: 0, Skipped: 0, Time elapsed: 0.012 sec
Running net.logstash.logback.composite.loggingevent.ThrowableRootCauseClassNameJsonProviderTest
Tests run: 4, Failures: 0, Errors: 0, Skipped: 0, Time elapsed: 0.003 sec
Running net.logstash.logback.composite.loggingevent.LoggingEventCompositeJsonFormatterTest
Tests run: 1, Failures: 0, Errors: 0, Skipped: 0, Time elapsed: 0.008 sec
Running net.logstash.logback.composite.loggingevent.LogLevelValueJsonProviderTest
Tests run: 3, Failures: 0, Errors: 0, Skipped: 0, Time elapsed: 0.002 sec
Running net.logstash.logback.composite.loggingevent.LogstashMarkersJsonProviderTest
Tests run: 1, Failures: 0, Errors: 0, Skipped: 0, Time elapsed: 0.016 sec
Running net.logstash.logback.composite.loggingevent.TagsJsonProviderTest
Tests run: 3, Failures: 0, Errors: 0, Skipped: 0, Time elapsed: 0.01 sec
Running net.logstash.logback.composite.loggingevent.ThreadNameJsonProviderTest
Tests run: 3, Failures: 0, Errors: 0, Skipped: 0, Time elapsed: 0.001 sec
Running net.logstash.logback.composite.loggingevent.ThrowableClassNameJsonProviderTest
Tests run: 4, Failures: 0, Errors: 0, Skipped: 0, Time elapsed: 0.001 sec
Running net.logstash.logback.composite.loggingevent.StackHashJsonProviderTest
Tests run: 2, Failures: 0, Errors: 0, Skipped: 0, Time elapsed: 0.014 sec
Running net.logstash.logback.composite.loggingevent.UuidProviderTest
Tests run: 4, Failures: 0, Errors: 0, Skipped: 0, Time elapsed: 0.002 sec
Running net.logstash.logback.composite.loggingevent.StackTraceJsonProviderTest
Tests run: 3, Failures: 0, Errors: 0, Skipped: 0, Time elapsed: 0.027 sec
Running net.logstash.logback.composite.loggingevent.CallerDataJsonProviderTest
[MockitoHint] CallerDataJsonProviderTest.testFieldName (see javadoc for MockitoHint):
[MockitoHint] 1. Unused -> at net.logstash.logback.composite.loggingevent.CallerDataJsonProviderTest.testFieldName(CallerDataJsonProviderTest.java:109)

Tests run: 6, Failures: 0, Errors: 0, Skipped: 0, Time elapsed: 0.005 sec
Running net.logstash.logback.composite.loggingevent.LoggingEventNestedJsonProviderTest
Tests run: 1, Failures: 0, Errors: 0, Skipped: 0, Time elapsed: 0.033 sec
Running net.logstash.logback.composite.loggingevent.LoggingEventPatternJsonProviderTest
Tests run: 1, Failures: 0, Errors: 0, Skipped: 0, Time elapsed: 0.01 sec
Running net.logstash.logback.composite.loggingevent.LoggerNameJsonProviderTest
Tests run: 4, Failures: 0, Errors: 0, Skipped: 0, Time elapsed: 0.001 sec
Running net.logstash.logback.composite.loggingevent.MdcJsonProviderTest
Tests run: 5, Failures: 0, Errors: 0, Skipped: 0, Time elapsed: 0.003 sec
Running net.logstash.logback.composite.loggingevent.ArgumentsJsonProviderTest
Tests run: 4, Failures: 0, Errors: 0, Skipped: 0, Time elapsed: 0.038 sec
Running net.logstash.logback.composite.GlobalCustomFieldsJsonProviderTest
Tests run: 1, Failures: 0, Errors: 0, Skipped: 0, Time elapsed: 0.001 sec
Running net.logstash.logback.decorate.CharacterEscapesJsonFactoryDecoratorTest
Tests run: 3, Failures: 0, Errors: 0, Skipped: 0, Time elapsed: 0.001 sec
Running net.logstash.logback.marker.ObjectFieldsAppendingMarkerTest
Tests run: 4, Failures: 0, Errors: 0, Skipped: 0, Time elapsed: 0.006 sec
Running net.logstash.logback.marker.MapEntriesAppendingMarkerTest
Tests run: 3, Failures: 0, Errors: 0, Skipped: 0, Time elapsed: 0 sec
Running net.logstash.logback.marker.ObjectAppendingMarkerTest
Tests run: 3, Failures: 0, Errors: 0, Skipped: 0, Time elapsed: 0 sec
Running net.logstash.logback.marker.RawJsonAppendingMarkerTest
Tests run: 3, Failures: 0, Errors: 0, Skipped: 0, Time elapsed: 0 sec
Running net.logstash.logback.ConfigurationTest
{"@timestamp":"2019-08-16T01:01:42.916+08:00","@version":"1","customMessage":"message arg k1=v1 k2=[v2] v3","nested":{"id":"5b3f7339-bf7e-11e9-aa9e-00c0f03d5b7c","customRawMessage":"message {} {} {} {}"},"logger_name":"n.l.l.ConfigurationTest","thread_name":"main","level":"INFO","level_value":20000,"caller":{"class":"net.logstash.logback.ConfigurationTest","method":"verifyOutput","file":"ConfigurationTest.java","line":211},"stack_trace":"<#4b0e87ad> java.lang.Throwable: null\n\tat n.l.logback.ConfigurationTest.verifyOutput(ConfigurationTest.java:216)\n\tat n.l.logback.ConfigurationTest.testLogstashEncoderAppender(ConfigurationTest.java:89)\n\tat s.r.NativeMethodAccessorImpl.invoke0(NativeMethodAccessorImpl.java)\n\tat s.r.NativeMethodAccessorImpl.invoke(NativeMethodAccessorImpl.java:62)\n\tat s.r.DelegatingMethodAccessorImpl.invoke(DelegatingMethodAccessorImpl.java:43)\n\tat java.lang.reflect.Method.invoke(Method.java:498)\n\tat o.j.r.model.FrameworkMethod$1.runReflectiveCall(FrameworkMethod.java:50)\n\tat o.j.i.r.m.ReflectiveCallable.run(ReflectiveCallable.java:12)\n\tat o.j.r.model.FrameworkMethod.invokeExplosively(FrameworkMethod.java:47)\n\tat o.j.i.r.s.InvokeMethod.evaluate(InvokeMethod.java:17)\n\tat o.j.i.r.statements.RunBefores.evaluate(RunBefores.java:26)\n\tat org.junit.runners.ParentRunner.runLeaf(ParentRunner.java:325)\n\tat o.j.r.BlockJUnit4ClassRunner.runChild(BlockJUnit4ClassRunner.java:78)\n\tat o.j.r.BlockJUnit4ClassRunner.run...","stack_hash":"4b0e87ad","context":"testContext","customName":"customValue","markerFieldName":"markerFieldValue","patternName":"patternValue","relativeTime":1037,"prefix0":"arg","k1":"v1","k2":"v2","k3":"v3","throwable_class":"Throwable","throwable_root_cause_class":"java.lang.Throwable"}
{"@timestamp":"2019-08-16T01:01:42.916+08:00","@version":"1","customMessage":"message arg k1=v1 k2=[v2] v3","logger_name":"n.l.l.ConfigurationTest","thread_name":"main","level":"INFO","level_value":20000,"stack_trace":"<#4b0e87ad> java.lang.Throwable: null\n\tat n.l.logback.ConfigurationTest.verifyOutput(ConfigurationTest.java:216)\n\tat n.l.logback.ConfigurationTest.testLogstashEncoderAppender(ConfigurationTest.java:89)\n\tat s.r.NativeMethodAccessorImpl.invoke0(NativeMethodAccessorImpl.java)\n\tat s.r.NativeMethodAccessorImpl.invoke(NativeMethodAccessorImpl.java:62)\n\tat s.r.DelegatingMethodAccessorImpl.invoke(DelegatingMethodAccessorImpl.java:43)\n\tat java.lang.reflect.Method.invoke(Method.java:498)\n\tat o.j.r.model.FrameworkMethod$1.runReflectiveCall(FrameworkMethod.java:50)\n\tat o.j.i.r.m.ReflectiveCallable.run(ReflectiveCallable.java:12)\n\tat o.j.r.model.FrameworkMethod.invokeExplosively(FrameworkMethod.java:47)\n\tat o.j.i.r.s.InvokeMethod.evaluate(InvokeMethod.java:17)\n\tat o.j.i.r.statements.RunBefores.evaluate(RunBefores.java:26)\n\tat org.junit.runners.ParentRunner.runLeaf(ParentRunner.java:325)\n\tat o.j.r.BlockJUnit4ClassRunner.runChild(BlockJUnit4ClassRunner.java:78)\n\tat o.j.r.BlockJUnit4ClassRunner.run...","markerFieldName":"markerFieldValue","caller":{"class":"net.logstash.logback.ConfigurationTest","method":"verifyOutput","file":"ConfigurationTest.java","line":211},"customName":"customValue","patternName":"patternValue","relativeTime":1037,"nested":{"customRawMessage":"message {} {} {} {}","id":"5b400f7a-bf7e-11e9-aa9e-00c0f03d5b7c","customErrorHash":"4b0e87ad"},"prefix0":"arg","k1":"v1","k2":"v2","k3":"v3","context":"testContext"}
{"@timestamp":"2019-08-16T01:01:42.966+08:00","@version":"1","customMessage":"message arg k1=v1 k2=[v2] v3","nested":{"id":"5b46c63c-bf7e-11e9-aa9e-00c0f03d5b7c","customRawMessage":"message {} {} {} {}"},"logger_name":"n.l.l.ConfigurationTest","thread_name":"main","level":"INFO","level_value":20000,"caller":{"class":"net.logstash.logback.ConfigurationTest","method":"verifyOutput","file":"ConfigurationTest.java","line":211},"stack_trace":"<#f0f23b39> java.lang.Throwable: null\n\tat n.l.logback.ConfigurationTest.verifyOutput(ConfigurationTest.java:216)\n\tat n.l.logback.ConfigurationTest.testLoggingEventCompositeJsonEncoderAppender(ConfigurationTest.java:102)\n\tat s.r.NativeMethodAccessorImpl.invoke0(NativeMethodAccessorImpl.java)\n\tat s.r.NativeMethodAccessorImpl.invoke(NativeMethodAccessorImpl.java:62)\n\tat s.r.DelegatingMethodAccessorImpl.invoke(DelegatingMethodAccessorImpl.java:43)\n\tat java.lang.reflect.Method.invoke(Method.java:498)\n\tat o.j.r.model.FrameworkMethod$1.runReflectiveCall(FrameworkMethod.java:50)\n\tat o.j.i.r.m.ReflectiveCallable.run(ReflectiveCallable.java:12)\n\tat o.j.r.model.FrameworkMethod.invokeExplosively(FrameworkMethod.java:47)\n\tat o.j.i.r.s.InvokeMethod.evaluate(InvokeMethod.java:17)\n\tat o.j.i.r.statements.RunBefores.evaluate(RunBefores.java:26)\n\tat org.junit.runners.ParentRunner.runLeaf(ParentRunner.java:325)\n\tat o.j.r.BlockJUnit4ClassRunner.runChild(BlockJUnit4ClassRunner.java:78)\n\tat o.j.r.BlockJUn...","stack_hash":"f0f23b39","context":"testContext","customName":"customValue","markerFieldName":"markerFieldValue","patternName":"patternValue","relativeTime":1087,"prefix0":"arg","k1":"v1","k2":"v2","k3":"v3","throwable_class":"Throwable","throwable_root_cause_class":"java.lang.Throwable"}
{"@timestamp":"2019-08-16T01:01:42.966+08:00","@version":"1","customMessage":"message arg k1=v1 k2=[v2] v3","logger_name":"n.l.l.ConfigurationTest","thread_name":"main","level":"INFO","level_value":20000,"stack_trace":"<#f0f23b39> java.lang.Throwable: null\n\tat n.l.logback.ConfigurationTest.verifyOutput(ConfigurationTest.java:216)\n\tat n.l.logback.ConfigurationTest.testLoggingEventCompositeJsonEncoderAppender(ConfigurationTest.java:102)\n\tat s.r.NativeMethodAccessorImpl.invoke0(NativeMethodAccessorImpl.java)\n\tat s.r.NativeMethodAccessorImpl.invoke(NativeMethodAccessorImpl.java:62)\n\tat s.r.DelegatingMethodAccessorImpl.invoke(DelegatingMethodAccessorImpl.java:43)\n\tat java.lang.reflect.Method.invoke(Method.java:498)\n\tat o.j.r.model.FrameworkMethod$1.runReflectiveCall(FrameworkMethod.java:50)\n\tat o.j.i.r.m.ReflectiveCallable.run(ReflectiveCallable.java:12)\n\tat o.j.r.model.FrameworkMethod.invokeExplosively(FrameworkMethod.java:47)\n\tat o.j.i.r.s.InvokeMethod.evaluate(InvokeMethod.java:17)\n\tat o.j.i.r.statements.RunBefores.evaluate(RunBefores.java:26)\n\tat org.junit.runners.ParentRunner.runLeaf(ParentRunner.java:325)\n\tat o.j.r.BlockJUnit4ClassRunner.runChild(BlockJUnit4ClassRunner.java:78)\n\tat o.j.r.BlockJUn...","markerFieldName":"markerFieldValue","caller":{"class":"net.logstash.logback.ConfigurationTest","method":"verifyOutput","file":"ConfigurationTest.java","line":211},"customName":"customValue","patternName":"patternValue","relativeTime":1087,"nested":{"customRawMessage":"message {} {} {} {}","id":"5b46ed4d-bf7e-11e9-aa9e-00c0f03d5b7c","customErrorHash":"f0f23b39"},"prefix0":"arg","k1":"v1","k2":"v2","k3":"v3","context":"testContext"}
Tests run: 3, Failures: 0, Errors: 0, Skipped: 0, Time elapsed: 0.058 sec
Running net.logstash.logback.encoder.CompositeJsonEncoderTest
Tests run: 8, Failures: 0, Errors: 0, Skipped: 0, Time elapsed: 0.818 sec
Running net.logstash.logback.encoder.LogstashEncoderTest
01:01:43,982 |-INFO in ch.qos.logback.classic.LoggerContext[default] - Found resource [logback-test.xml] at [file:/home/cgzhu/projects/gitslice/resources/facts/upgrade_jars_exp/_downloads/logstash-logback-encoder/target/test-classes/logback-test.xml]
01:01:44,072 |-INFO in ch.qos.logback.classic.joran.action.ContextNameAction - Setting logger context name as [testContext]
01:01:44,072 |-INFO in ch.qos.logback.core.joran.action.AppenderAction - About to instantiate appender of type [ch.qos.logback.core.rolling.RollingFileAppender]
01:01:44,075 |-INFO in ch.qos.logback.core.joran.action.AppenderAction - Naming appender as [stash]
01:01:44,089 |-INFO in c.q.l.core.rolling.TimeBasedRollingPolicy@893281161 - No compression will be used
01:01:44,090 |-INFO in c.q.l.core.rolling.TimeBasedRollingPolicy@893281161 - Will use the pattern /tmp/test.log.%d{yyyy-MM-dd}.log for the active file
01:01:44,093 |-INFO in c.q.l.core.rolling.DefaultTimeBasedFileNamingAndTriggeringPolicy - The date pattern is 'yyyy-MM-dd' from file name pattern '/tmp/test.log.%d{yyyy-MM-dd}.log'.
01:01:44,093 |-INFO in c.q.l.core.rolling.DefaultTimeBasedFileNamingAndTriggeringPolicy - Roll-over at midnight.
01:01:44,093 |-INFO in c.q.l.core.rolling.DefaultTimeBasedFileNamingAndTriggeringPolicy - Setting initial period to Fri Aug 16 01:01:34 SGT 2019
01:01:44,265 |-INFO in ch.qos.logback.core.rolling.RollingFileAppender[stash] - Active log file name: /tmp/test.log
01:01:44,265 |-INFO in ch.qos.logback.core.rolling.RollingFileAppender[stash] - File property is set to [/tmp/test.log]
01:01:44,266 |-INFO in ch.qos.logback.core.joran.action.AppenderAction - About to instantiate appender of type [ch.qos.logback.core.ConsoleAppender]
01:01:44,266 |-INFO in ch.qos.logback.core.joran.action.AppenderAction - Naming appender as [logstashEncoderAppender]
01:01:44,267 |-INFO in ch.qos.logback.core.joran.action.NestedComplexPropertyIA - Assuming default type [net.logstash.logback.fieldnames.LogstashFieldNames] for [fieldNames] property
01:01:44,274 |-INFO in ch.qos.logback.core.joran.action.NestedComplexPropertyIA - Assuming default type [net.logstash.logback.composite.loggingevent.LoggingEventJsonProviders] for [providers] property
01:01:44,290 |-INFO in ch.qos.logback.core.joran.action.AppenderAction - About to instantiate appender of type [ch.qos.logback.core.ConsoleAppender]
01:01:44,290 |-INFO in ch.qos.logback.core.joran.action.AppenderAction - Naming appender as [loggingEventCompositeJsonEncoderAppender]
01:01:44,291 |-INFO in ch.qos.logback.core.joran.action.NestedComplexPropertyIA - Assuming default type [net.logstash.logback.composite.loggingevent.LoggingEventJsonProviders] for [providers] property
01:01:44,291 |-INFO in ch.qos.logback.core.joran.action.NestedComplexPropertyIA - Assuming default type [net.logstash.logback.composite.loggingevent.LoggingEventFormattedTimestampJsonProvider] for [timestamp] property
01:01:44,291 |-INFO in ch.qos.logback.core.joran.action.NestedComplexPropertyIA - Assuming default type [net.logstash.logback.composite.LogstashVersionJsonProvider] for [version] property
01:01:44,291 |-INFO in ch.qos.logback.core.joran.action.NestedComplexPropertyIA - Assuming default type [net.logstash.logback.composite.loggingevent.MessageJsonProvider] for [message] property
01:01:44,291 |-INFO in ch.qos.logback.core.joran.action.NestedComplexPropertyIA - Assuming default type [net.logstash.logback.composite.loggingevent.LoggingEventNestedJsonProvider] for [nestedField] property
01:01:44,292 |-INFO in ch.qos.logback.core.joran.action.NestedComplexPropertyIA - Assuming default type [net.logstash.logback.composite.loggingevent.LoggingEventJsonProviders] for [providers] property
01:01:44,292 |-INFO in ch.qos.logback.core.joran.action.NestedComplexPropertyIA - Assuming default type [net.logstash.logback.composite.loggingevent.UuidProvider] for [uuid] property
01:01:44,292 |-INFO in ch.qos.logback.core.joran.action.NestedComplexPropertyIA - Assuming default type [net.logstash.logback.composite.loggingevent.RawMessageJsonProvider] for [rawMessage] property
01:01:44,292 |-INFO in ch.qos.logback.core.joran.action.NestedComplexPropertyIA - Assuming default type [net.logstash.logback.composite.loggingevent.LoggerNameJsonProvider] for [loggerName] property
01:01:44,293 |-INFO in ch.qos.logback.core.joran.action.NestedComplexPropertyIA - Assuming default type [net.logstash.logback.composite.loggingevent.ThreadNameJsonProvider] for [threadName] property
01:01:44,293 |-INFO in ch.qos.logback.core.joran.action.NestedComplexPropertyIA - Assuming default type [net.logstash.logback.composite.loggingevent.LogLevelJsonProvider] for [logLevel] property
01:01:44,293 |-INFO in ch.qos.logback.core.joran.action.NestedComplexPropertyIA - Assuming default type [net.logstash.logback.composite.loggingevent.LogLevelValueJsonProvider] for [logLevelValue] property
01:01:44,293 |-INFO in ch.qos.logback.core.joran.action.NestedComplexPropertyIA - Assuming default type [net.logstash.logback.composite.loggingevent.CallerDataJsonProvider] for [callerData] property
01:01:44,294 |-INFO in ch.qos.logback.core.joran.action.NestedComplexPropertyIA - Assuming default type [net.logstash.logback.composite.loggingevent.StackTraceJsonProvider] for [stackTrace] property
01:01:44,294 |-INFO in ch.qos.logback.core.joran.action.NestedComplexPropertyIA - Assuming default type [net.logstash.logback.composite.loggingevent.StackHashJsonProvider] for [stackHash] property
01:01:44,294 |-INFO in ch.qos.logback.core.joran.action.NestedComplexPropertyIA - Assuming default type [net.logstash.logback.composite.ContextJsonProvider] for [context] property
01:01:44,295 |-INFO in ch.qos.logback.core.joran.action.NestedComplexPropertyIA - Assuming default type [net.logstash.logback.composite.loggingevent.ContextNameJsonProvider] for [contextName] property
01:01:44,295 |-INFO in ch.qos.logback.core.joran.action.NestedComplexPropertyIA - Assuming default type [net.logstash.logback.composite.loggingevent.JsonMessageJsonProvider] for [jsonMessage] property
01:01:44,295 |-INFO in ch.qos.logback.core.joran.action.NestedComplexPropertyIA - Assuming default type [net.logstash.logback.composite.loggingevent.MdcJsonProvider] for [mdc] property
01:01:44,295 |-INFO in ch.qos.logback.core.joran.action.NestedComplexPropertyIA - Assuming default type [net.logstash.logback.composite.loggingevent.ContextMapJsonProvider] for [contextMap] property
01:01:44,295 |-INFO in ch.qos.logback.core.joran.action.NestedComplexPropertyIA - Assuming default type [net.logstash.logback.composite.GlobalCustomFieldsJsonProvider] for [globalCustomFields] property
01:01:44,295 |-INFO in ch.qos.logback.core.joran.action.NestedComplexPropertyIA - Assuming default type [net.logstash.logback.composite.loggingevent.TagsJsonProvider] for [tags] property
01:01:44,296 |-INFO in ch.qos.logback.core.joran.action.NestedComplexPropertyIA - Assuming default type [net.logstash.logback.composite.loggingevent.LogstashMarkersJsonProvider] for [logstashMarkers] property
01:01:44,296 |-INFO in ch.qos.logback.core.joran.action.NestedComplexPropertyIA - Assuming default type [net.logstash.logback.composite.loggingevent.LoggingEventPatternJsonProvider] for [pattern] property
01:01:44,296 |-INFO in ch.qos.logback.core.joran.action.NestedComplexPropertyIA - Assuming default type [net.logstash.logback.composite.loggingevent.ArgumentsJsonProvider] for [arguments] property
01:01:44,296 |-INFO in ch.qos.logback.core.joran.action.NestedComplexPropertyIA - Assuming default type [net.logstash.logback.composite.loggingevent.ThrowableClassNameJsonProvider] for [throwableClassName] property
01:01:44,297 |-INFO in ch.qos.logback.core.joran.action.NestedComplexPropertyIA - Assuming default type [net.logstash.logback.composite.loggingevent.ThrowableRootCauseClassNameJsonProvider] for [throwableRootCauseClassName] property
01:01:44,297 |-INFO in ch.qos.logback.core.joran.action.AppenderAction - About to instantiate appender of type [ch.qos.logback.core.read.ListAppender]
01:01:44,297 |-INFO in ch.qos.logback.core.joran.action.AppenderAction - Naming appender as [listAppender]
01:01:44,297 |-INFO in ch.qos.logback.core.joran.action.AppenderAction - About to instantiate appender of type [net.logstash.logback.appender.LoggingEventAsyncDisruptorAppender]
01:01:44,302 |-INFO in ch.qos.logback.core.joran.action.AppenderAction - Naming appender as [asyncAppender]
01:01:44,313 |-INFO in ch.qos.logback.classic.joran.action.LoggerAction - Setting level of logger [net.logstash.logback.encoder.LogstashEncoderTest] to DEBUG
01:01:44,313 |-INFO in ch.qos.logback.core.joran.action.AppenderRefAction - Attaching appender named [stash] to Logger[net.logstash.logback.encoder.LogstashEncoderTest]
01:01:44,313 |-INFO in ch.qos.logback.classic.joran.action.LoggerAction - Setting level of logger [net.logstash.logback.ConfigurationTest] to DEBUG
01:01:44,313 |-INFO in ch.qos.logback.core.joran.action.AppenderRefAction - Attaching appender named [loggingEventCompositeJsonEncoderAppender] to Logger[net.logstash.logback.ConfigurationTest]
01:01:44,313 |-INFO in ch.qos.logback.core.joran.action.AppenderRefAction - Attaching appender named [logstashEncoderAppender] to Logger[net.logstash.logback.ConfigurationTest]
01:01:44,313 |-INFO in ch.qos.logback.core.joran.action.AppenderRefAction - Attaching appender named [listAppender] to Logger[net.logstash.logback.ConfigurationTest]
01:01:44,313 |-INFO in ch.qos.logback.core.joran.action.AppenderRefAction - Attaching appender named [asyncAppender] to Logger[net.logstash.logback.ConfigurationTest]
01:01:44,313 |-INFO in ch.qos.logback.classic.joran.action.ConfigurationAction - End of configuration.
01:01:44,314 |-INFO in ch.qos.logback.classic.joran.JoranConfigurator@5002fde9 - Registering current configuration as safe fallback point
LOGBACK: No context given for net.logstash.logback.encoder.LogstashEncoder@485c84d7
LOGBACK: No context given for net.logstash.logback.encoder.LogstashEncoder@177ddd24
LOGBACK: No context given for net.logstash.logback.encoder.LogstashEncoder@126675fd
Tests run: 34, Failures: 0, Errors: 0, Skipped: 0, Time elapsed: 0.984 sec
Running net.logstash.logback.encoder.LogstashAccessEncoderTest
LOGBACK: No context given for net.logstash.logback.encoder.LogstashAccessEncoder@19ce19b7
LOGBACK: No context given for net.logstash.logback.encoder.LogstashAccessEncoder@1b9c716f
Tests run: 9, Failures: 0, Errors: 0, Skipped: 0, Time elapsed: 0.61 sec
Running net.logstash.logback.stacktrace.StackHasherTest
Tests run: 3, Failures: 0, Errors: 0, Skipped: 0, Time elapsed: 0.001 sec
Running net.logstash.logback.stacktrace.ShortenedThrowableConverterTest
LOGBACK: No context given for ch.qos.logback.core.spi.ContextAwareBase@59d0fac9
LOGBACK: No context given for ch.qos.logback.core.spi.ContextAwareBase@767d9b9
LOGBACK: No context given for ch.qos.logback.core.spi.ContextAwareBase@593f7d2e
Tests run: 14, Failures: 0, Errors: 0, Skipped: 0, Time elapsed: 0.034 sec
Running net.logstash.logback.pattern.LoggingEventJsonPatternParserTest
Tests run: 11, Failures: 0, Errors: 0, Skipped: 0, Time elapsed: 0.029 sec
Running net.logstash.logback.pattern.AccessEventJsonPatternParserTest
Tests run: 11, Failures: 0, Errors: 0, Skipped: 0, Time elapsed: 0.021 sec
Running net.logstash.logback.layout.CompositeJsonLayoutTest
Tests run: 4, Failures: 0, Errors: 0, Skipped: 0, Time elapsed: 0.012 sec
Running net.logstash.logback.appender.destination.DestinationParserTest
Tests run: 10, Failures: 0, Errors: 0, Skipped: 0, Time elapsed: 0.007 sec
Running net.logstash.logback.appender.destination.RandomDestinationConnectionStrategyTest
Tests run: 4, Failures: 0, Errors: 0, Skipped: 0, Time elapsed: 0.038 sec
Running net.logstash.logback.appender.destination.PreferPrimaryDestinationConnectionStrategyTest
Tests run: 4, Failures: 0, Errors: 0, Skipped: 0, Time elapsed: 0 sec
Running net.logstash.logback.appender.destination.RoundRobinDestinationConnectionStrategyTest
Tests run: 4, Failures: 0, Errors: 0, Skipped: 0, Time elapsed: 0.001 sec
Running net.logstash.logback.appender.LogstashTcpSocketAppenderTest
Tests run: 16, Failures: 0, Errors: 0, Skipped: 0, Time elapsed: 1.713 sec
Running net.logstash.logback.appender.LogstashSocketAppenderTest
Tests run: 2, Failures: 0, Errors: 0, Skipped: 0, Time elapsed: 0.004 sec
Running net.logstash.logback.appender.WaitStrategyFactoryTest
Tests run: 21, Failures: 0, Errors: 0, Skipped: 0, Time elapsed: 0.008 sec
Running net.logstash.logback.appender.AsyncDisruptorAppenderTest
Tests run: 5, Failures: 0, Errors: 0, Skipped: 0, Time elapsed: 0.049 sec
Running net.logstash.logback.appender.CachingAbbreviatorTest
Tests run: 1, Failures: 0, Errors: 0, Skipped: 0, Time elapsed: 0.006 sec
Running net.logstash.logback.appender.DelegatingAsyncDisruptorAppenderTest
Tests run: 1, Failures: 0, Errors: 0, Skipped: 0, Time elapsed: 0.022 sec

Results :

Tests run: 266, Failures: 0, Errors: 0, Skipped: 0

[INFO] 
[INFO] --- animal-sniffer-maven-plugin:1.16:check (ensure-java-1.7-compatible) @ logstash-logback-encoder ---
[INFO] Checking unresolved references to org.codehaus.mojo.signature:java17:1.0
[INFO] ------------------------------------------------------------------------
[INFO] BUILD SUCCESS
[INFO] ------------------------------------------------------------------------
[INFO] Total time: 9.111 s
[INFO] Finished at: 2019-08-16T01:01:47+08:00
[INFO] ------------------------------------------------------------------------
