[VERSION]: 28.0-jre
[INFO] Scanning for projects...
[WARNING] 
[WARNING] Some problems were encountered while building the effective model for org.bukkit:bukkit:jar:1.7.9-R0.2
[WARNING] Reporting configuration should be done in <reporting> section, not in maven-site-plugin <configuration> as reportPlugins parameter. @ line 69, column 32
[WARNING] 
[WARNING] It is highly recommended to fix these problems because they threaten the stability of your build.
[WARNING] 
[WARNING] For this reason, future Maven versions might no longer support building such malformed projects.
[WARNING] 
[INFO] 
[INFO] -------------------------< org.bukkit:bukkit >--------------------------
[INFO] Building Bukkit 1.7.9-R0.2
[INFO] --------------------------------[ jar ]---------------------------------
Downloading from central: https://repo.maven.apache.org/maven2/com/google/guava/guava/28.0-jre/guava-28.0-jre.pom
Progress (1): 2.2/8.7 kB
Progress (1): 5.0/8.7 kB
Progress (1): 7.8/8.7 kB
Progress (1): 8.7 kB    
                    
Downloaded from central: https://repo.maven.apache.org/maven2/com/google/guava/guava/28.0-jre/guava-28.0-jre.pom (8.7 kB at 7.2 kB/s)
Downloading from central: https://repo.maven.apache.org/maven2/com/google/guava/guava-parent/28.0-jre/guava-parent-28.0-jre.pom
Progress (1): 2.2/13 kB
Progress (1): 5.0/13 kB
Progress (1): 7.8/13 kB
Progress (1): 11/13 kB 
Progress (1): 13 kB   
                   
Downloaded from central: https://repo.maven.apache.org/maven2/com/google/guava/guava-parent/28.0-jre/guava-parent-28.0-jre.pom (13 kB at 32 kB/s)
Downloading from central: https://repo.maven.apache.org/maven2/com/google/guava/failureaccess/1.0.1/failureaccess-1.0.1.pom
Progress (1): 2.2/2.4 kB
Progress (1): 2.4 kB    
                    
Downloaded from central: https://repo.maven.apache.org/maven2/com/google/guava/failureaccess/1.0.1/failureaccess-1.0.1.pom (2.4 kB at 6.0 kB/s)
Downloading from central: https://repo.maven.apache.org/maven2/com/google/guava/guava-parent/26.0-android/guava-parent-26.0-android.pom
Progress (1): 2.8/10 kB
Progress (1): 5.5/10 kB
Progress (1): 8.3/10 kB
Progress (1): 10 kB    
                   
Downloaded from central: https://repo.maven.apache.org/maven2/com/google/guava/guava-parent/26.0-android/guava-parent-26.0-android.pom (10 kB at 25 kB/s)
Downloading from central: https://repo.maven.apache.org/maven2/com/google/guava/listenablefuture/9999.0-empty-to-avoid-conflict-with-guava/listenablefuture-9999.0-empty-to-avoid-conflict-with-guava.pom
Progress (1): 2.2/2.3 kB
Progress (1): 2.3 kB    
                    
Downloaded from central: https://repo.maven.apache.org/maven2/com/google/guava/listenablefuture/9999.0-empty-to-avoid-conflict-with-guava/listenablefuture-9999.0-empty-to-avoid-conflict-with-guava.pom (2.3 kB at 5.6 kB/s)
Downloading from central: https://repo.maven.apache.org/maven2/com/google/code/findbugs/jsr305/3.0.2/jsr305-3.0.2.pom
Progress (1): 2.2/4.3 kB
Progress (1): 4.3 kB    
                    
Downloaded from central: https://repo.maven.apache.org/maven2/com/google/code/findbugs/jsr305/3.0.2/jsr305-3.0.2.pom (4.3 kB at 11 kB/s)
Downloading from central: https://repo.maven.apache.org/maven2/org/checkerframework/checker-qual/2.8.1/checker-qual-2.8.1.pom
Progress (1): 2.4 kB
                    
Downloaded from central: https://repo.maven.apache.org/maven2/org/checkerframework/checker-qual/2.8.1/checker-qual-2.8.1.pom (2.4 kB at 6.0 kB/s)
Downloading from central: https://repo.maven.apache.org/maven2/com/google/errorprone/error_prone_annotations/2.3.2/error_prone_annotations-2.3.2.pom
Progress (1): 1.8 kB
                    
Downloaded from central: https://repo.maven.apache.org/maven2/com/google/errorprone/error_prone_annotations/2.3.2/error_prone_annotations-2.3.2.pom (1.8 kB at 4.5 kB/s)
Downloading from central: https://repo.maven.apache.org/maven2/com/google/errorprone/error_prone_parent/2.3.2/error_prone_parent-2.3.2.pom
Progress (1): 2.2/5.2 kB
Progress (1): 5.0/5.2 kB
Progress (1): 5.2 kB    
                    
Downloaded from central: https://repo.maven.apache.org/maven2/com/google/errorprone/error_prone_parent/2.3.2/error_prone_parent-2.3.2.pom (5.2 kB at 13 kB/s)
Downloading from central: https://repo.maven.apache.org/maven2/com/google/j2objc/j2objc-annotations/1.3/j2objc-annotations-1.3.pom
Progress (1): 2.2/2.8 kB
Progress (1): 2.8 kB    
                    
Downloaded from central: https://repo.maven.apache.org/maven2/com/google/j2objc/j2objc-annotations/1.3/j2objc-annotations-1.3.pom (2.8 kB at 6.9 kB/s)
Downloading from central: https://repo.maven.apache.org/maven2/org/codehaus/mojo/animal-sniffer-annotations/1.17/animal-sniffer-annotations-1.17.pom
Progress (1): 2.2/2.6 kB
Progress (1): 2.6 kB    
                    
Downloaded from central: https://repo.maven.apache.org/maven2/org/codehaus/mojo/animal-sniffer-annotations/1.17/animal-sniffer-annotations-1.17.pom (2.6 kB at 6.8 kB/s)
Downloading from central: https://repo.maven.apache.org/maven2/org/codehaus/mojo/animal-sniffer-parent/1.17/animal-sniffer-parent-1.17.pom
Progress (1): 2.8/8.6 kB
Progress (1): 5.5/8.6 kB
Progress (1): 8.3/8.6 kB
Progress (1): 8.6 kB    
                    
Downloaded from central: https://repo.maven.apache.org/maven2/org/codehaus/mojo/animal-sniffer-parent/1.17/animal-sniffer-parent-1.17.pom (8.6 kB at 23 kB/s)
Downloading from central: https://repo.maven.apache.org/maven2/com/google/guava/guava/28.0-jre/guava-28.0-jre.jar
Downloading from central: https://repo.maven.apache.org/maven2/com/google/guava/listenablefuture/9999.0-empty-to-avoid-conflict-with-guava/listenablefuture-9999.0-empty-to-avoid-conflict-with-guava.jar
Downloading from central: https://repo.maven.apache.org/maven2/org/checkerframework/checker-qual/2.8.1/checker-qual-2.8.1.jar
Downloading from central: https://repo.maven.apache.org/maven2/com/google/code/findbugs/jsr305/3.0.2/jsr305-3.0.2.jar
Downloading from central: https://repo.maven.apache.org/maven2/com/google/guava/failureaccess/1.0.1/failureaccess-1.0.1.jar
Progress (1): 0/2.7 MB
Progress (1): 0/2.7 MB
Progress (1): 0/2.7 MB
Progress (1): 0/2.7 MB
Progress (1): 0/2.7 MB
Progress (1): 0/2.7 MB
Progress (1): 0/2.7 MB
Progress (1): 0/2.7 MB
Progress (1): 0/2.7 MB
Progress (1): 0/2.7 MB
Progress (1): 0/2.7 MB
Progress (1): 0/2.7 MB
Progress (1): 0/2.7 MB
Progress (1): 0/2.7 MB
Progress (1): 0/2.7 MB
Progress (1): 0/2.7 MB
Progress (2): 0/2.7 MB | 2.2/4.6 kB
Progress (2): 0/2.7 MB | 4.6 kB    
Progress (3): 0/2.7 MB | 4.6 kB | 2.2 kB
Progress (3): 0.1/2.7 MB | 4.6 kB | 2.2 kB
Progress (3): 0.1/2.7 MB | 4.6 kB | 2.2 kB
Progress (3): 0.1/2.7 MB | 4.6 kB | 2.2 kB
Progress (3): 0.1/2.7 MB | 4.6 kB | 2.2 kB
Progress (3): 0.1/2.7 MB | 4.6 kB | 2.2 kB
Progress (3): 0.1/2.7 MB | 4.6 kB | 2.2 kB
Progress (3): 0.1/2.7 MB | 4.6 kB | 2.2 kB
Progress (3): 0.1/2.7 MB | 4.6 kB | 2.2 kB
Progress (4): 0.1/2.7 MB | 4.6 kB | 2.2 kB | 2.2/201 kB
Progress (4): 0.1/2.7 MB | 4.6 kB | 2.2 kB | 5.0/201 kB
Progress (4): 0.1/2.7 MB | 4.6 kB | 2.2 kB | 7.7/201 kB
Progress (4): 0.1/2.7 MB | 4.6 kB | 2.2 kB | 10/201 kB 
Progress (4): 0.1/2.7 MB | 4.6 kB | 2.2 kB | 13/201 kB
Progress (5): 0.1/2.7 MB | 4.6 kB | 2.2 kB | 13/201 kB | 2.2/20 kB
Progress (5): 0.1/2.7 MB | 4.6 kB | 2.2 kB | 13/201 kB | 5.0/20 kB
Progress (5): 0.1/2.7 MB | 4.6 kB | 2.2 kB | 13/201 kB | 7.7/20 kB
Progress (5): 0.1/2.7 MB | 4.6 kB | 2.2 kB | 13/201 kB | 10/20 kB 
Progress (5): 0.1/2.7 MB | 4.6 kB | 2.2 kB | 13/201 kB | 13/20 kB
                                                                 
Downloaded from central: https://repo.maven.apache.org/maven2/com/google/guava/failureaccess/1.0.1/failureaccess-1.0.1.jar (4.6 kB at 6.4 kB/s)
Downloading from central: https://repo.maven.apache.org/maven2/com/google/errorprone/error_prone_annotations/2.3.2/error_prone_annotations-2.3.2.jar
Downloaded from central: https://repo.maven.apache.org/maven2/com/google/guava/listenablefuture/9999.0-empty-to-avoid-conflict-with-guava/listenablefuture-9999.0-empty-to-avoid-conflict-with-guava.jar (2.2 kB at 3.0 kB/s)
Downloading from central: https://repo.maven.apache.org/maven2/com/google/j2objc/j2objc-annotations/1.3/j2objc-annotations-1.3.jar
Progress (3): 0.1/2.7 MB | 13/201 kB | 13/20 kB
Progress (3): 0.1/2.7 MB | 13/201 kB | 13/20 kB
Progress (3): 0.1/2.7 MB | 13/201 kB | 13/20 kB
Progress (3): 0.1/2.7 MB | 13/201 kB | 13/20 kB
Progress (3): 0.1/2.7 MB | 13/201 kB | 13/20 kB
Progress (3): 0.1/2.7 MB | 13/201 kB | 13/20 kB
Progress (3): 0.1/2.7 MB | 13/201 kB | 13/20 kB
Progress (3): 0.1/2.7 MB | 13/201 kB | 13/20 kB
Progress (3): 0.1/2.7 MB | 16/201 kB | 13/20 kB
Progress (3): 0.1/2.7 MB | 19/201 kB | 13/20 kB
Progress (3): 0.1/2.7 MB | 21/201 kB | 13/20 kB
Progress (3): 0.1/2.7 MB | 24/201 kB | 13/20 kB
Progress (3): 0.1/2.7 MB | 27/201 kB | 13/20 kB
Progress (3): 0.1/2.7 MB | 30/201 kB | 13/20 kB
Progress (3): 0.1/2.7 MB | 30/201 kB | 16/20 kB
Progress (3): 0.1/2.7 MB | 32/201 kB | 16/20 kB
Progress (3): 0.1/2.7 MB | 32/201 kB | 19/20 kB
Progress (3): 0.1/2.7 MB | 32/201 kB | 20 kB   
Progress (4): 0.1/2.7 MB | 32/201 kB | 20 kB | 2.2/13 kB
Progress (4): 0.1/2.7 MB | 32/201 kB | 20 kB | 5.0/13 kB
Progress (4): 0.1/2.7 MB | 32/201 kB | 20 kB | 7.7/13 kB
Progress (4): 0.1/2.7 MB | 32/201 kB | 20 kB | 10/13 kB 
Progress (4): 0.1/2.7 MB | 32/201 kB | 20 kB | 13 kB   
Progress (5): 0.1/2.7 MB | 32/201 kB | 20 kB | 13 kB | 2.2/8.8 kB
Progress (5): 0.1/2.7 MB | 32/201 kB | 20 kB | 13 kB | 5.0/8.8 kB
Progress (5): 0.1/2.7 MB | 32/201 kB | 20 kB | 13 kB | 7.7/8.8 kB
Progress (5): 0.1/2.7 MB | 32/201 kB | 20 kB | 13 kB | 8.8 kB    
Progress (5): 0.1/2.7 MB | 32/201 kB | 20 kB | 13 kB | 8.8 kB
Progress (5): 0.1/2.7 MB | 32/201 kB | 20 kB | 13 kB | 8.8 kB
Progress (5): 0.1/2.7 MB | 32/201 kB | 20 kB | 13 kB | 8.8 kB
Progress (5): 0.1/2.7 MB | 32/201 kB | 20 kB | 13 kB | 8.8 kB
Progress (5): 0.1/2.7 MB | 32/201 kB | 20 kB | 13 kB | 8.8 kB
Progress (5): 0.1/2.7 MB | 32/201 kB | 20 kB | 13 kB | 8.8 kB
Progress (5): 0.1/2.7 MB | 32/201 kB | 20 kB | 13 kB | 8.8 kB
Progress (5): 0.1/2.7 MB | 32/201 kB | 20 kB | 13 kB | 8.8 kB
Progress (5): 0.1/2.7 MB | 36/201 kB | 20 kB | 13 kB | 8.8 kB
Progress (5): 0.1/2.7 MB | 40/201 kB | 20 kB | 13 kB | 8.8 kB
Progress (5): 0.1/2.7 MB | 45/201 kB | 20 kB | 13 kB | 8.8 kB
Progress (5): 0.1/2.7 MB | 49/201 kB | 20 kB | 13 kB | 8.8 kB
Progress (5): 0.1/2.7 MB | 53/201 kB | 20 kB | 13 kB | 8.8 kB
Progress (5): 0.1/2.7 MB | 57/201 kB | 20 kB | 13 kB | 8.8 kB
Progress (5): 0.1/2.7 MB | 61/201 kB | 20 kB | 13 kB | 8.8 kB
Progress (5): 0.1/2.7 MB | 65/201 kB | 20 kB | 13 kB | 8.8 kB
Progress (5): 0.1/2.7 MB | 69/201 kB | 20 kB | 13 kB | 8.8 kB
Progress (5): 0.1/2.7 MB | 73/201 kB | 20 kB | 13 kB | 8.8 kB
Progress (5): 0.1/2.7 MB | 77/201 kB | 20 kB | 13 kB | 8.8 kB
Progress (5): 0.1/2.7 MB | 81/201 kB | 20 kB | 13 kB | 8.8 kB
                                                             
Downloaded from central: https://repo.maven.apache.org/maven2/com/google/code/findbugs/jsr305/3.0.2/jsr305-3.0.2.jar (20 kB at 20 kB/s)
Downloading from central: https://repo.maven.apache.org/maven2/org/codehaus/mojo/animal-sniffer-annotations/1.17/animal-sniffer-annotations-1.17.jar
Downloaded from central: https://repo.maven.apache.org/maven2/com/google/errorprone/error_prone_annotations/2.3.2/error_prone_annotations-2.3.2.jar (13 kB at 12 kB/s)
Downloaded from central: https://repo.maven.apache.org/maven2/com/google/j2objc/j2objc-annotations/1.3/j2objc-annotations-1.3.jar (8.8 kB at 8.0 kB/s)
Progress (2): 0.2/2.7 MB | 81/201 kB
Progress (2): 0.2/2.7 MB | 81/201 kB
Progress (2): 0.2/2.7 MB | 81/201 kB
Progress (2): 0.2/2.7 MB | 81/201 kB
Progress (2): 0.2/2.7 MB | 81/201 kB
Progress (2): 0.2/2.7 MB | 81/201 kB
Progress (2): 0.2/2.7 MB | 81/201 kB
Progress (2): 0.2/2.7 MB | 81/201 kB
Progress (2): 0.2/2.7 MB | 85/201 kB
Progress (2): 0.2/2.7 MB | 90/201 kB
Progress (2): 0.2/2.7 MB | 94/201 kB
Progress (2): 0.2/2.7 MB | 98/201 kB
Progress (2): 0.2/2.7 MB | 102/201 kB
Progress (2): 0.2/2.7 MB | 106/201 kB
Progress (2): 0.2/2.7 MB | 110/201 kB
Progress (2): 0.2/2.7 MB | 114/201 kB
Progress (2): 0.2/2.7 MB | 118/201 kB
Progress (2): 0.2/2.7 MB | 122/201 kB
Progress (2): 0.2/2.7 MB | 126/201 kB
Progress (2): 0.2/2.7 MB | 131/201 kB
Progress (2): 0.2/2.7 MB | 135/201 kB
Progress (2): 0.2/2.7 MB | 139/201 kB
Progress (2): 0.2/2.7 MB | 143/201 kB
Progress (2): 0.2/2.7 MB | 147/201 kB
Progress (2): 0.2/2.7 MB | 151/201 kB
Progress (2): 0.2/2.7 MB | 155/201 kB
Progress (2): 0.2/2.7 MB | 159/201 kB
Progress (2): 0.2/2.7 MB | 163/201 kB
Progress (2): 0.2/2.7 MB | 167/201 kB
Progress (2): 0.2/2.7 MB | 171/201 kB
Progress (2): 0.2/2.7 MB | 176/201 kB
Progress (2): 0.2/2.7 MB | 180/201 kB
Progress (2): 0.2/2.7 MB | 184/201 kB
Progress (2): 0.2/2.7 MB | 188/201 kB
Progress (2): 0.2/2.7 MB | 192/201 kB
Progress (2): 0.2/2.7 MB | 196/201 kB
Progress (3): 0.2/2.7 MB | 196/201 kB | 2.2/3.4 kB
Progress (3): 0.2/2.7 MB | 200/201 kB | 2.2/3.4 kB
Progress (3): 0.2/2.7 MB | 200/201 kB | 3.4 kB    
Progress (3): 0.2/2.7 MB | 201 kB | 3.4 kB    
Progress (3): 0.2/2.7 MB | 201 kB | 3.4 kB
Progress (3): 0.2/2.7 MB | 201 kB | 3.4 kB
Progress (3): 0.2/2.7 MB | 201 kB | 3.4 kB
Progress (3): 0.2/2.7 MB | 201 kB | 3.4 kB
Progress (3): 0.2/2.7 MB | 201 kB | 3.4 kB
Progress (3): 0.2/2.7 MB | 201 kB | 3.4 kB
Progress (3): 0.2/2.7 MB | 201 kB | 3.4 kB
Progress (3): 0.2/2.7 MB | 201 kB | 3.4 kB
                                          
Downloaded from central: https://repo.maven.apache.org/maven2/org/codehaus/mojo/animal-sniffer-annotations/1.17/animal-sniffer-annotations-1.17.jar (3.4 kB at 2.4 kB/s)
Downloaded from central: https://repo.maven.apache.org/maven2/org/checkerframework/checker-qual/2.8.1/checker-qual-2.8.1.jar (201 kB at 142 kB/s)
Progress (1): 0.2/2.7 MB
Progress (1): 0.2/2.7 MB
Progress (1): 0.2/2.7 MB
Progress (1): 0.2/2.7 MB
Progress (1): 0.2/2.7 MB
Progress (1): 0.2/2.7 MB
Progress (1): 0.2/2.7 MB
Progress (1): 0.2/2.7 MB
Progress (1): 0.2/2.7 MB
Progress (1): 0.3/2.7 MB
Progress (1): 0.3/2.7 MB
Progress (1): 0.3/2.7 MB
Progress (1): 0.3/2.7 MB
Progress (1): 0.3/2.7 MB
Progress (1): 0.3/2.7 MB
Progress (1): 0.3/2.7 MB
Progress (1): 0.3/2.7 MB
Progress (1): 0.3/2.7 MB
Progress (1): 0.3/2.7 MB
Progress (1): 0.3/2.7 MB
Progress (1): 0.3/2.7 MB
Progress (1): 0.3/2.7 MB
Progress (1): 0.3/2.7 MB
Progress (1): 0.3/2.7 MB
Progress (1): 0.3/2.7 MB
Progress (1): 0.3/2.7 MB
Progress (1): 0.3/2.7 MB
Progress (1): 0.3/2.7 MB
Progress (1): 0.3/2.7 MB
Progress (1): 0.3/2.7 MB
Progress (1): 0.3/2.7 MB
Progress (1): 0.3/2.7 MB
Progress (1): 0.3/2.7 MB
Progress (1): 0.4/2.7 MB
Progress (1): 0.4/2.7 MB
Progress (1): 0.4/2.7 MB
Progress (1): 0.4/2.7 MB
Progress (1): 0.4/2.7 MB
Progress (1): 0.4/2.7 MB
Progress (1): 0.4/2.7 MB
Progress (1): 0.4/2.7 MB
Progress (1): 0.4/2.7 MB
Progress (1): 0.4/2.7 MB
Progress (1): 0.4/2.7 MB
Progress (1): 0.4/2.7 MB
Progress (1): 0.4/2.7 MB
Progress (1): 0.4/2.7 MB
Progress (1): 0.4/2.7 MB
Progress (1): 0.4/2.7 MB
Progress (1): 0.4/2.7 MB
Progress (1): 0.4/2.7 MB
Progress (1): 0.4/2.7 MB
Progress (1): 0.4/2.7 MB
Progress (1): 0.4/2.7 MB
Progress (1): 0.4/2.7 MB
Progress (1): 0.4/2.7 MB
Progress (1): 0.4/2.7 MB
Progress (1): 0.5/2.7 MB
Progress (1): 0.5/2.7 MB
Progress (1): 0.5/2.7 MB
Progress (1): 0.5/2.7 MB
Progress (1): 0.5/2.7 MB
Progress (1): 0.5/2.7 MB
Progress (1): 0.5/2.7 MB
Progress (1): 0.5/2.7 MB
Progress (1): 0.5/2.7 MB
Progress (1): 0.5/2.7 MB
Progress (1): 0.5/2.7 MB
Progress (1): 0.5/2.7 MB
Progress (1): 0.5/2.7 MB
Progress (1): 0.5/2.7 MB
Progress (1): 0.5/2.7 MB
Progress (1): 0.5/2.7 MB
Progress (1): 0.5/2.7 MB
Progress (1): 0.5/2.7 MB
Progress (1): 0.5/2.7 MB
Progress (1): 0.5/2.7 MB
Progress (1): 0.5/2.7 MB
Progress (1): 0.5/2.7 MB
Progress (1): 0.5/2.7 MB
Progress (1): 0.5/2.7 MB
Progress (1): 0.5/2.7 MB
Progress (1): 0.6/2.7 MB
Progress (1): 0.6/2.7 MB
Progress (1): 0.6/2.7 MB
Progress (1): 0.6/2.7 MB
Progress (1): 0.6/2.7 MB
Progress (1): 0.6/2.7 MB
Progress (1): 0.6/2.7 MB
Progress (1): 0.6/2.7 MB
Progress (1): 0.6/2.7 MB
Progress (1): 0.6/2.7 MB
Progress (1): 0.6/2.7 MB
Progress (1): 0.6/2.7 MB
Progress (1): 0.6/2.7 MB
Progress (1): 0.6/2.7 MB
Progress (1): 0.6/2.7 MB
Progress (1): 0.6/2.7 MB
Progress (1): 0.6/2.7 MB
Progress (1): 0.6/2.7 MB
Progress (1): 0.6/2.7 MB
Progress (1): 0.6/2.7 MB
Progress (1): 0.6/2.7 MB
Progress (1): 0.6/2.7 MB
Progress (1): 0.6/2.7 MB
Progress (1): 0.6/2.7 MB
Progress (1): 0.7/2.7 MB
Progress (1): 0.7/2.7 MB
Progress (1): 0.7/2.7 MB
Progress (1): 0.7/2.7 MB
Progress (1): 0.7/2.7 MB
Progress (1): 0.7/2.7 MB
Progress (1): 0.7/2.7 MB
Progress (1): 0.7/2.7 MB
Progress (1): 0.7/2.7 MB
Progress (1): 0.7/2.7 MB
Progress (1): 0.7/2.7 MB
Progress (1): 0.7/2.7 MB
Progress (1): 0.7/2.7 MB
Progress (1): 0.7/2.7 MB
Progress (1): 0.7/2.7 MB
Progress (1): 0.7/2.7 MB
Progress (1): 0.7/2.7 MB
Progress (1): 0.7/2.7 MB
Progress (1): 0.7/2.7 MB
Progress (1): 0.7/2.7 MB
Progress (1): 0.7/2.7 MB
Progress (1): 0.7/2.7 MB
Progress (1): 0.7/2.7 MB
Progress (1): 0.7/2.7 MB
Progress (1): 0.7/2.7 MB
Progress (1): 0.8/2.7 MB
Progress (1): 0.8/2.7 MB
Progress (1): 0.8/2.7 MB
Progress (1): 0.8/2.7 MB
Progress (1): 0.8/2.7 MB
Progress (1): 0.8/2.7 MB
Progress (1): 0.8/2.7 MB
Progress (1): 0.8/2.7 MB
Progress (1): 0.8/2.7 MB
Progress (1): 0.8/2.7 MB
Progress (1): 0.8/2.7 MB
Progress (1): 0.8/2.7 MB
Progress (1): 0.8/2.7 MB
Progress (1): 0.8/2.7 MB
Progress (1): 0.8/2.7 MB
Progress (1): 0.8/2.7 MB
Progress (1): 0.8/2.7 MB
Progress (1): 0.8/2.7 MB
Progress (1): 0.8/2.7 MB
Progress (1): 0.8/2.7 MB
Progress (1): 0.8/2.7 MB
Progress (1): 0.8/2.7 MB
Progress (1): 0.8/2.7 MB
Progress (1): 0.8/2.7 MB
Progress (1): 0.9/2.7 MB
Progress (1): 0.9/2.7 MB
Progress (1): 0.9/2.7 MB
Progress (1): 0.9/2.7 MB
Progress (1): 0.9/2.7 MB
Progress (1): 0.9/2.7 MB
Progress (1): 0.9/2.7 MB
Progress (1): 0.9/2.7 MB
Progress (1): 0.9/2.7 MB
Progress (1): 0.9/2.7 MB
Progress (1): 0.9/2.7 MB
Progress (1): 0.9/2.7 MB
Progress (1): 0.9/2.7 MB
Progress (1): 0.9/2.7 MB
Progress (1): 0.9/2.7 MB
Progress (1): 0.9/2.7 MB
Progress (1): 0.9/2.7 MB
Progress (1): 0.9/2.7 MB
Progress (1): 0.9/2.7 MB
Progress (1): 0.9/2.7 MB
Progress (1): 0.9/2.7 MB
Progress (1): 0.9/2.7 MB
Progress (1): 0.9/2.7 MB
Progress (1): 0.9/2.7 MB
Progress (1): 0.9/2.7 MB
Progress (1): 1.0/2.7 MB
Progress (1): 1.0/2.7 MB
Progress (1): 1.0/2.7 MB
Progress (1): 1.0/2.7 MB
Progress (1): 1.0/2.7 MB
Progress (1): 1.0/2.7 MB
Progress (1): 1.0/2.7 MB
Progress (1): 1.0/2.7 MB
Progress (1): 1.0/2.7 MB
Progress (1): 1.0/2.7 MB
Progress (1): 1.0/2.7 MB
Progress (1): 1.0/2.7 MB
Progress (1): 1.0/2.7 MB
Progress (1): 1.0/2.7 MB
Progress (1): 1.0/2.7 MB
Progress (1): 1.0/2.7 MB
Progress (1): 1.0/2.7 MB
Progress (1): 1.0/2.7 MB
Progress (1): 1.0/2.7 MB
Progress (1): 1.0/2.7 MB
Progress (1): 1.0/2.7 MB
Progress (1): 1.0/2.7 MB
Progress (1): 1.0/2.7 MB
Progress (1): 1.0/2.7 MB
Progress (1): 1.1/2.7 MB
Progress (1): 1.1/2.7 MB
Progress (1): 1.1/2.7 MB
Progress (1): 1.1/2.7 MB
Progress (1): 1.1/2.7 MB
Progress (1): 1.1/2.7 MB
Progress (1): 1.1/2.7 MB
Progress (1): 1.1/2.7 MB
Progress (1): 1.1/2.7 MB
Progress (1): 1.1/2.7 MB
Progress (1): 1.1/2.7 MB
Progress (1): 1.1/2.7 MB
Progress (1): 1.1/2.7 MB
Progress (1): 1.1/2.7 MB
Progress (1): 1.1/2.7 MB
Progress (1): 1.1/2.7 MB
Progress (1): 1.1/2.7 MB
Progress (1): 1.1/2.7 MB
Progress (1): 1.1/2.7 MB
Progress (1): 1.1/2.7 MB
Progress (1): 1.1/2.7 MB
Progress (1): 1.1/2.7 MB
Progress (1): 1.1/2.7 MB
Progress (1): 1.1/2.7 MB
Progress (1): 1.2/2.7 MB
Progress (1): 1.2/2.7 MB
Progress (1): 1.2/2.7 MB
Progress (1): 1.2/2.7 MB
Progress (1): 1.2/2.7 MB
Progress (1): 1.2/2.7 MB
Progress (1): 1.2/2.7 MB
Progress (1): 1.2/2.7 MB
Progress (1): 1.2/2.7 MB
Progress (1): 1.2/2.7 MB
Progress (1): 1.2/2.7 MB
Progress (1): 1.2/2.7 MB
Progress (1): 1.2/2.7 MB
Progress (1): 1.2/2.7 MB
Progress (1): 1.2/2.7 MB
Progress (1): 1.2/2.7 MB
Progress (1): 1.2/2.7 MB
Progress (1): 1.2/2.7 MB
Progress (1): 1.2/2.7 MB
Progress (1): 1.2/2.7 MB
Progress (1): 1.2/2.7 MB
Progress (1): 1.2/2.7 MB
Progress (1): 1.2/2.7 MB
Progress (1): 1.2/2.7 MB
Progress (1): 1.2/2.7 MB
Progress (1): 1.3/2.7 MB
Progress (1): 1.3/2.7 MB
Progress (1): 1.3/2.7 MB
Progress (1): 1.3/2.7 MB
Progress (1): 1.3/2.7 MB
Progress (1): 1.3/2.7 MB
Progress (1): 1.3/2.7 MB
Progress (1): 1.3/2.7 MB
Progress (1): 1.3/2.7 MB
Progress (1): 1.3/2.7 MB
Progress (1): 1.3/2.7 MB
Progress (1): 1.3/2.7 MB
Progress (1): 1.3/2.7 MB
Progress (1): 1.3/2.7 MB
Progress (1): 1.3/2.7 MB
Progress (1): 1.3/2.7 MB
Progress (1): 1.3/2.7 MB
Progress (1): 1.3/2.7 MB
Progress (1): 1.3/2.7 MB
Progress (1): 1.3/2.7 MB
Progress (1): 1.3/2.7 MB
Progress (1): 1.3/2.7 MB
Progress (1): 1.3/2.7 MB
Progress (1): 1.3/2.7 MB
Progress (1): 1.4/2.7 MB
Progress (1): 1.4/2.7 MB
Progress (1): 1.4/2.7 MB
Progress (1): 1.4/2.7 MB
Progress (1): 1.4/2.7 MB
Progress (1): 1.4/2.7 MB
Progress (1): 1.4/2.7 MB
Progress (1): 1.4/2.7 MB
Progress (1): 1.4/2.7 MB
Progress (1): 1.4/2.7 MB
Progress (1): 1.4/2.7 MB
Progress (1): 1.4/2.7 MB
Progress (1): 1.4/2.7 MB
Progress (1): 1.4/2.7 MB
Progress (1): 1.4/2.7 MB
Progress (1): 1.4/2.7 MB
Progress (1): 1.4/2.7 MB
Progress (1): 1.4/2.7 MB
Progress (1): 1.4/2.7 MB
Progress (1): 1.4/2.7 MB
Progress (1): 1.4/2.7 MB
Progress (1): 1.4/2.7 MB
Progress (1): 1.4/2.7 MB
Progress (1): 1.4/2.7 MB
Progress (1): 1.4/2.7 MB
Progress (1): 1.5/2.7 MB
Progress (1): 1.5/2.7 MB
Progress (1): 1.5/2.7 MB
Progress (1): 1.5/2.7 MB
Progress (1): 1.5/2.7 MB
Progress (1): 1.5/2.7 MB
Progress (1): 1.5/2.7 MB
Progress (1): 1.5/2.7 MB
Progress (1): 1.5/2.7 MB
Progress (1): 1.5/2.7 MB
Progress (1): 1.5/2.7 MB
Progress (1): 1.5/2.7 MB
Progress (1): 1.5/2.7 MB
Progress (1): 1.5/2.7 MB
Progress (1): 1.5/2.7 MB
Progress (1): 1.5/2.7 MB
Progress (1): 1.5/2.7 MB
Progress (1): 1.5/2.7 MB
Progress (1): 1.5/2.7 MB
Progress (1): 1.5/2.7 MB
Progress (1): 1.5/2.7 MB
Progress (1): 1.5/2.7 MB
Progress (1): 1.5/2.7 MB
Progress (1): 1.5/2.7 MB
Progress (1): 1.6/2.7 MB
Progress (1): 1.6/2.7 MB
Progress (1): 1.6/2.7 MB
Progress (1): 1.6/2.7 MB
Progress (1): 1.6/2.7 MB
Progress (1): 1.6/2.7 MB
Progress (1): 1.6/2.7 MB
Progress (1): 1.6/2.7 MB
Progress (1): 1.6/2.7 MB
Progress (1): 1.6/2.7 MB
Progress (1): 1.6/2.7 MB
Progress (1): 1.6/2.7 MB
Progress (1): 1.6/2.7 MB
Progress (1): 1.6/2.7 MB
Progress (1): 1.6/2.7 MB
Progress (1): 1.6/2.7 MB
Progress (1): 1.6/2.7 MB
Progress (1): 1.6/2.7 MB
Progress (1): 1.6/2.7 MB
Progress (1): 1.6/2.7 MB
Progress (1): 1.6/2.7 MB
Progress (1): 1.6/2.7 MB
Progress (1): 1.6/2.7 MB
Progress (1): 1.6/2.7 MB
Progress (1): 1.7/2.7 MB
Progress (1): 1.7/2.7 MB
Progress (1): 1.7/2.7 MB
Progress (1): 1.7/2.7 MB
Progress (1): 1.7/2.7 MB
Progress (1): 1.7/2.7 MB
Progress (1): 1.7/2.7 MB
Progress (1): 1.7/2.7 MB
Progress (1): 1.7/2.7 MB
Progress (1): 1.7/2.7 MB
Progress (1): 1.7/2.7 MB
Progress (1): 1.7/2.7 MB
Progress (1): 1.7/2.7 MB
Progress (1): 1.7/2.7 MB
Progress (1): 1.7/2.7 MB
Progress (1): 1.7/2.7 MB
Progress (1): 1.7/2.7 MB
Progress (1): 1.7/2.7 MB
Progress (1): 1.7/2.7 MB
Progress (1): 1.7/2.7 MB
Progress (1): 1.7/2.7 MB
Progress (1): 1.7/2.7 MB
Progress (1): 1.7/2.7 MB
Progress (1): 1.7/2.7 MB
Progress (1): 1.7/2.7 MB
Progress (1): 1.8/2.7 MB
Progress (1): 1.8/2.7 MB
Progress (1): 1.8/2.7 MB
Progress (1): 1.8/2.7 MB
Progress (1): 1.8/2.7 MB
Progress (1): 1.8/2.7 MB
Progress (1): 1.8/2.7 MB
Progress (1): 1.8/2.7 MB
Progress (1): 1.8/2.7 MB
Progress (1): 1.8/2.7 MB
Progress (1): 1.8/2.7 MB
Progress (1): 1.8/2.7 MB
Progress (1): 1.8/2.7 MB
Progress (1): 1.8/2.7 MB
Progress (1): 1.8/2.7 MB
Progress (1): 1.8/2.7 MB
Progress (1): 1.8/2.7 MB
Progress (1): 1.8/2.7 MB
Progress (1): 1.8/2.7 MB
Progress (1): 1.8/2.7 MB
Progress (1): 1.8/2.7 MB
Progress (1): 1.8/2.7 MB
Progress (1): 1.8/2.7 MB
Progress (1): 1.8/2.7 MB
Progress (1): 1.9/2.7 MB
Progress (1): 1.9/2.7 MB
Progress (1): 1.9/2.7 MB
Progress (1): 1.9/2.7 MB
Progress (1): 1.9/2.7 MB
Progress (1): 1.9/2.7 MB
Progress (1): 1.9/2.7 MB
Progress (1): 1.9/2.7 MB
Progress (1): 1.9/2.7 MB
Progress (1): 1.9/2.7 MB
Progress (1): 1.9/2.7 MB
Progress (1): 1.9/2.7 MB
Progress (1): 1.9/2.7 MB
Progress (1): 1.9/2.7 MB
Progress (1): 1.9/2.7 MB
Progress (1): 1.9/2.7 MB
Progress (1): 1.9/2.7 MB
Progress (1): 1.9/2.7 MB
Progress (1): 1.9/2.7 MB
Progress (1): 1.9/2.7 MB
Progress (1): 1.9/2.7 MB
Progress (1): 1.9/2.7 MB
Progress (1): 1.9/2.7 MB
Progress (1): 1.9/2.7 MB
Progress (1): 1.9/2.7 MB
Progress (1): 2.0/2.7 MB
Progress (1): 2.0/2.7 MB
Progress (1): 2.0/2.7 MB
Progress (1): 2.0/2.7 MB
Progress (1): 2.0/2.7 MB
Progress (1): 2.0/2.7 MB
Progress (1): 2.0/2.7 MB
Progress (1): 2.0/2.7 MB
Progress (1): 2.0/2.7 MB
Progress (1): 2.0/2.7 MB
Progress (1): 2.0/2.7 MB
Progress (1): 2.0/2.7 MB
Progress (1): 2.0/2.7 MB
Progress (1): 2.0/2.7 MB
Progress (1): 2.0/2.7 MB
Progress (1): 2.0/2.7 MB
Progress (1): 2.0/2.7 MB
Progress (1): 2.0/2.7 MB
Progress (1): 2.0/2.7 MB
Progress (1): 2.0/2.7 MB
Progress (1): 2.0/2.7 MB
Progress (1): 2.0/2.7 MB
Progress (1): 2.0/2.7 MB
Progress (1): 2.0/2.7 MB
Progress (1): 2.1/2.7 MB
Progress (1): 2.1/2.7 MB
Progress (1): 2.1/2.7 MB
Progress (1): 2.1/2.7 MB
Progress (1): 2.1/2.7 MB
Progress (1): 2.1/2.7 MB
Progress (1): 2.1/2.7 MB
Progress (1): 2.1/2.7 MB
Progress (1): 2.1/2.7 MB
Progress (1): 2.1/2.7 MB
Progress (1): 2.1/2.7 MB
Progress (1): 2.1/2.7 MB
Progress (1): 2.1/2.7 MB
Progress (1): 2.1/2.7 MB
Progress (1): 2.1/2.7 MB
Progress (1): 2.1/2.7 MB
Progress (1): 2.1/2.7 MB
Progress (1): 2.1/2.7 MB
Progress (1): 2.1/2.7 MB
Progress (1): 2.1/2.7 MB
Progress (1): 2.1/2.7 MB
Progress (1): 2.1/2.7 MB
Progress (1): 2.1/2.7 MB
Progress (1): 2.1/2.7 MB
Progress (1): 2.1/2.7 MB
Progress (1): 2.2/2.7 MB
Progress (1): 2.2/2.7 MB
Progress (1): 2.2/2.7 MB
Progress (1): 2.2/2.7 MB
Progress (1): 2.2/2.7 MB
Progress (1): 2.2/2.7 MB
Progress (1): 2.2/2.7 MB
Progress (1): 2.2/2.7 MB
Progress (1): 2.2/2.7 MB
Progress (1): 2.2/2.7 MB
Progress (1): 2.2/2.7 MB
Progress (1): 2.2/2.7 MB
Progress (1): 2.2/2.7 MB
Progress (1): 2.2/2.7 MB
Progress (1): 2.2/2.7 MB
Progress (1): 2.2/2.7 MB
Progress (1): 2.2/2.7 MB
Progress (1): 2.2/2.7 MB
Progress (1): 2.2/2.7 MB
Progress (1): 2.2/2.7 MB
Progress (1): 2.2/2.7 MB
Progress (1): 2.2/2.7 MB
Progress (1): 2.2/2.7 MB
Progress (1): 2.2/2.7 MB
Progress (1): 2.3/2.7 MB
Progress (1): 2.3/2.7 MB
Progress (1): 2.3/2.7 MB
Progress (1): 2.3/2.7 MB
Progress (1): 2.3/2.7 MB
Progress (1): 2.3/2.7 MB
Progress (1): 2.3/2.7 MB
Progress (1): 2.3/2.7 MB
Progress (1): 2.3/2.7 MB
Progress (1): 2.3/2.7 MB
Progress (1): 2.3/2.7 MB
Progress (1): 2.3/2.7 MB
Progress (1): 2.3/2.7 MB
Progress (1): 2.3/2.7 MB
Progress (1): 2.3/2.7 MB
Progress (1): 2.3/2.7 MB
Progress (1): 2.3/2.7 MB
Progress (1): 2.3/2.7 MB
Progress (1): 2.3/2.7 MB
Progress (1): 2.3/2.7 MB
Progress (1): 2.3/2.7 MB
Progress (1): 2.3/2.7 MB
Progress (1): 2.3/2.7 MB
Progress (1): 2.3/2.7 MB
Progress (1): 2.4/2.7 MB
Progress (1): 2.4/2.7 MB
Progress (1): 2.4/2.7 MB
Progress (1): 2.4/2.7 MB
Progress (1): 2.4/2.7 MB
Progress (1): 2.4/2.7 MB
Progress (1): 2.4/2.7 MB
Progress (1): 2.4/2.7 MB
Progress (1): 2.4/2.7 MB
Progress (1): 2.4/2.7 MB
Progress (1): 2.4/2.7 MB
Progress (1): 2.4/2.7 MB
Progress (1): 2.4/2.7 MB
Progress (1): 2.4/2.7 MB
Progress (1): 2.4/2.7 MB
Progress (1): 2.4/2.7 MB
Progress (1): 2.4/2.7 MB
Progress (1): 2.4/2.7 MB
Progress (1): 2.4/2.7 MB
Progress (1): 2.4/2.7 MB
Progress (1): 2.4/2.7 MB
Progress (1): 2.4/2.7 MB
Progress (1): 2.4/2.7 MB
Progress (1): 2.4/2.7 MB
Progress (1): 2.4/2.7 MB
Progress (1): 2.5/2.7 MB
Progress (1): 2.5/2.7 MB
Progress (1): 2.5/2.7 MB
Progress (1): 2.5/2.7 MB
Progress (1): 2.5/2.7 MB
Progress (1): 2.5/2.7 MB
Progress (1): 2.5/2.7 MB
Progress (1): 2.5/2.7 MB
Progress (1): 2.5/2.7 MB
Progress (1): 2.5/2.7 MB
Progress (1): 2.5/2.7 MB
Progress (1): 2.5/2.7 MB
Progress (1): 2.5/2.7 MB
Progress (1): 2.5/2.7 MB
Progress (1): 2.5/2.7 MB
Progress (1): 2.5/2.7 MB
Progress (1): 2.5/2.7 MB
Progress (1): 2.5/2.7 MB
Progress (1): 2.5/2.7 MB
Progress (1): 2.5/2.7 MB
Progress (1): 2.5/2.7 MB
Progress (1): 2.5/2.7 MB
Progress (1): 2.5/2.7 MB
Progress (1): 2.5/2.7 MB
Progress (1): 2.6/2.7 MB
Progress (1): 2.6/2.7 MB
Progress (1): 2.6/2.7 MB
Progress (1): 2.6/2.7 MB
Progress (1): 2.6/2.7 MB
Progress (1): 2.6/2.7 MB
Progress (1): 2.6/2.7 MB
Progress (1): 2.6/2.7 MB
Progress (1): 2.6/2.7 MB
Progress (1): 2.6/2.7 MB
Progress (1): 2.6/2.7 MB
Progress (1): 2.6/2.7 MB
Progress (1): 2.6/2.7 MB
Progress (1): 2.6/2.7 MB
Progress (1): 2.6/2.7 MB
Progress (1): 2.6/2.7 MB
Progress (1): 2.6/2.7 MB
Progress (1): 2.6/2.7 MB
Progress (1): 2.6/2.7 MB
Progress (1): 2.6/2.7 MB
Progress (1): 2.6/2.7 MB
Progress (1): 2.6/2.7 MB
Progress (1): 2.6/2.7 MB
Progress (1): 2.6/2.7 MB
Progress (1): 2.6/2.7 MB
Progress (1): 2.7/2.7 MB
Progress (1): 2.7/2.7 MB
Progress (1): 2.7/2.7 MB
Progress (1): 2.7/2.7 MB
Progress (1): 2.7/2.7 MB
Progress (1): 2.7/2.7 MB
Progress (1): 2.7/2.7 MB
Progress (1): 2.7/2.7 MB
Progress (1): 2.7/2.7 MB
Progress (1): 2.7/2.7 MB
Progress (1): 2.7/2.7 MB
Progress (1): 2.7/2.7 MB
Progress (1): 2.7/2.7 MB
Progress (1): 2.7/2.7 MB
Progress (1): 2.7/2.7 MB
Progress (1): 2.7/2.7 MB
Progress (1): 2.7/2.7 MB
Progress (1): 2.7/2.7 MB
Progress (1): 2.7/2.7 MB
Progress (1): 2.7/2.7 MB
Progress (1): 2.7/2.7 MB
Progress (1): 2.7/2.7 MB
Progress (1): 2.7/2.7 MB
Progress (1): 2.7 MB    
                    
Downloaded from central: https://repo.maven.apache.org/maven2/com/google/guava/guava/28.0-jre/guava-28.0-jre.jar (2.7 MB at 366 kB/s)
[INFO] 
[INFO] --- maven-clean-plugin:2.5:clean (default-clean) @ bukkit ---
[INFO] Deleting /home/cgzhu/projects/gitslice/resources/facts/upgrade_jars_exp/_downloads/Bukkit/target
[INFO] 
[INFO] --- maven-dependency-plugin:2.8:list (default-cli) @ bukkit ---
[INFO] 
[INFO] The following files have been resolved:
[INFO]    commons-lang:commons-lang:jar:2.3:compile
[INFO]    com.google.code.findbugs:jsr305:jar:3.0.2:compile
[INFO]    org.checkerframework:checker-qual:jar:2.8.1:compile
[INFO]    org.yaml:snakeyaml:jar:1.9:compile
[INFO]    com.google.guava:failureaccess:jar:1.0.1:compile
[INFO]    com.google.guava:listenablefuture:jar:9999.0-empty-to-avoid-conflict-with-guava:compile
[INFO]    org.hamcrest:hamcrest-core:jar:1.3:test
[INFO]    org.hamcrest:hamcrest-library:jar:1.3:test
[INFO]    org.avaje:ebean:jar:2.7.3:compile
[INFO]    javax.persistence:persistence-api:jar:1.0:compile
[INFO]    junit:junit:jar:4.11:test
[INFO]    com.google.errorprone:error_prone_annotations:jar:2.3.2:compile
[INFO]    com.googlecode.json-simple:json-simple:jar:1.1:compile
[INFO]    com.google.j2objc:j2objc-annotations:jar:1.3:compile
[INFO]    org.codehaus.mojo:animal-sniffer-annotations:jar:1.17:compile
[INFO]    com.google.guava:guava:jar:28.0-jre:compile
[INFO] 
[INFO] 
[INFO] --- maven-resources-plugin:2.6:resources (default-resources) @ bukkit ---
[INFO] Using 'UTF-8' encoding to copy filtered resources.
[INFO] skip non existing resourceDirectory /home/cgzhu/projects/gitslice/resources/facts/upgrade_jars_exp/_downloads/Bukkit/src/main/resources
[INFO] 
[INFO] --- maven-compiler-plugin:2.3.2:compile (default-compile) @ bukkit ---
[INFO] Compiling 641 source files to /home/cgzhu/projects/gitslice/resources/facts/upgrade_jars_exp/_downloads/Bukkit/target/classes
[INFO] 
[INFO] --- maven-resources-plugin:2.6:testResources (default-testResources) @ bukkit ---
[INFO] Using 'UTF-8' encoding to copy filtered resources.
[INFO] skip non existing resourceDirectory /home/cgzhu/projects/gitslice/resources/facts/upgrade_jars_exp/_downloads/Bukkit/src/test/resources
[INFO] 
[INFO] --- maven-compiler-plugin:2.3.2:testCompile (default-testCompile) @ bukkit ---
[INFO] Compiling 47 source files to /home/cgzhu/projects/gitslice/resources/facts/upgrade_jars_exp/_downloads/Bukkit/target/test-classes
[INFO] 
[INFO] --- maven-surefire-plugin:2.12.4:test (default-test) @ bukkit ---
[INFO] Surefire report directory: /home/cgzhu/projects/gitslice/resources/facts/upgrade_jars_exp/_downloads/Bukkit/target/surefire-reports

-------------------------------------------------------
 T E S T S
-------------------------------------------------------
Running org.bukkit.plugin.PluginManagerTest
Aug 20, 2019 4:10:24 PM org.bukkit.Bukkit setServer
INFO: This server is running TestServer version Version_null (Implementing API version BukkitVersion_null)
Tests run: 11, Failures: 0, Errors: 0, Skipped: 0, Time elapsed: 0.165 sec
Running org.bukkit.plugin.TimedRegisteredListenerTest
Tests run: 1, Failures: 0, Errors: 0, Skipped: 0, Time elapsed: 0 sec
Running org.bukkit.plugin.messaging.StandardMessengerTest
Tests run: 16, Failures: 0, Errors: 0, Skipped: 0, Time elapsed: 0.078 sec
Running org.bukkit.ArtTest
Tests run: 5, Failures: 0, Errors: 0, Skipped: 0, Time elapsed: 0.003 sec
Running org.bukkit.CoalTypeTest
Tests run: 1, Failures: 0, Errors: 0, Skipped: 0, Time elapsed: 0.001 sec
Running org.bukkit.MaterialTest
Tests run: 10, Failures: 0, Errors: 0, Skipped: 0, Time elapsed: 0.039 sec
Running org.bukkit.ColorTest
Tests run: 52, Failures: 0, Errors: 0, Skipped: 0, Time elapsed: 0.073 sec
Running org.bukkit.configuration.MemorySectionTest
Tests run: 42, Failures: 0, Errors: 0, Skipped: 0, Time elapsed: 0.012 sec
Running org.bukkit.configuration.MemoryConfigurationTest
Tests run: 6, Failures: 0, Errors: 0, Skipped: 0, Time elapsed: 0 sec
Running org.bukkit.configuration.file.YamlConfigurationTest
Tests run: 17, Failures: 0, Errors: 0, Skipped: 0, Time elapsed: 0.041 sec
Running org.bukkit.TreeSpeciesTest
Tests run: 1, Failures: 0, Errors: 0, Skipped: 0, Time elapsed: 0 sec
Running org.bukkit.GameModeTest
Tests run: 1, Failures: 0, Errors: 0, Skipped: 0, Time elapsed: 0 sec
Running org.bukkit.event.PlayerChatTabCompleteEventTest
Tests run: 1, Failures: 0, Errors: 0, Skipped: 0, Time elapsed: 0 sec
Running org.bukkit.LocationTest
Tests run: 60, Failures: 0, Errors: 0, Skipped: 0, Time elapsed: 0.02 sec
Running org.bukkit.DifficultyTest
Tests run: 1, Failures: 0, Errors: 0, Skipped: 0, Time elapsed: 0 sec
Running org.bukkit.util.StringUtilStartsWithTest
Tests run: 10, Failures: 0, Errors: 0, Skipped: 0, Time elapsed: 0.002 sec
Running org.bukkit.util.io.BukkitObjectStreamTest
Tests run: 6, Failures: 0, Errors: 0, Skipped: 3, Time elapsed: 0.03 sec
Running org.bukkit.util.StringUtilTest
Tests run: 8, Failures: 0, Errors: 0, Skipped: 0, Time elapsed: 0.003 sec
Running org.bukkit.InstrumentTest
Tests run: 1, Failures: 0, Errors: 0, Skipped: 0, Time elapsed: 0 sec
Running org.bukkit.NoteTest
Tests run: 17, Failures: 0, Errors: 0, Skipped: 0, Time elapsed: 0.015 sec
Running org.bukkit.BukkitMirrorTest
Tests run: 1, Failures: 0, Errors: 0, Skipped: 0, Time elapsed: 0 sec
Running org.bukkit.GrassSpeciesTest
Tests run: 1, Failures: 0, Errors: 0, Skipped: 0, Time elapsed: 0 sec
Running org.bukkit.ChatColorTest
Tests run: 10, Failures: 0, Errors: 0, Skipped: 0, Time elapsed: 0.004 sec
Running org.bukkit.EffectTest
Tests run: 1, Failures: 0, Errors: 0, Skipped: 0, Time elapsed: 0 sec
Running org.bukkit.potion.PotionTest
Tests run: 15, Failures: 0, Errors: 0, Skipped: 0, Time elapsed: 0.003 sec
Running org.bukkit.DyeColorTest
Tests run: 80, Failures: 0, Errors: 0, Skipped: 0, Time elapsed: 0.013 sec
Running org.bukkit.WorldTypeTest
Tests run: 1, Failures: 0, Errors: 0, Skipped: 0, Time elapsed: 0 sec
Running org.bukkit.EntityEffectTest
Tests run: 1, Failures: 0, Errors: 0, Skipped: 0, Time elapsed: 0 sec
Running org.bukkit.ChatPaginatorTest
Tests run: 14, Failures: 0, Errors: 0, Skipped: 0, Time elapsed: 0.003 sec
Running org.bukkit.conversations.ValidatingPromptTest
Tests run: 4, Failures: 0, Errors: 0, Skipped: 0, Time elapsed: 0.008 sec
Running org.bukkit.conversations.ConversationContextTest
Tests run: 3, Failures: 0, Errors: 0, Skipped: 0, Time elapsed: 0.001 sec
Running org.bukkit.conversations.ConversationTest
Tests run: 4, Failures: 0, Errors: 0, Skipped: 0, Time elapsed: 0.002 sec
Running org.bukkit.CropStateTest
Tests run: 1, Failures: 0, Errors: 0, Skipped: 0, Time elapsed: 0 sec
Running org.bukkit.metadata.FixedMetadataValueTest
Tests run: 3, Failures: 0, Errors: 0, Skipped: 0, Time elapsed: 0.001 sec
Running org.bukkit.metadata.MetadataValueAdapterTest
Tests run: 4, Failures: 0, Errors: 0, Skipped: 0, Time elapsed: 0 sec
Running org.bukkit.metadata.MetadataStoreTest
Tests run: 9, Failures: 0, Errors: 0, Skipped: 0, Time elapsed: 0.003 sec
Running org.bukkit.metadata.LazyMetadataValueTest
Tests run: 8, Failures: 0, Errors: 0, Skipped: 0, Time elapsed: 0.003 sec
Running org.bukkit.metadata.MetadataConversionTest
Tests run: 5, Failures: 0, Errors: 0, Skipped: 0, Time elapsed: 0.001 sec

Results :

Tests run: 432, Failures: 0, Errors: 0, Skipped: 3

[INFO] ------------------------------------------------------------------------
[INFO] BUILD SUCCESS
[INFO] ------------------------------------------------------------------------
[INFO] Total time: 18.927 s
[INFO] Finished at: 2019-08-20T16:10:24+08:00
[INFO] ------------------------------------------------------------------------
