[INFO] Scanning for projects...
Downloading from central: https://repo.maven.apache.org/maven2/org/apache/maven/plugins/maven-checkstyle-plugin/3.0.0/maven-checkstyle-plugin-3.0.0.pom
Progress (1): 2.2/15 kBProgress (1): 5.0/15 kBProgress (1): 7.8/15 kBProgress (1): 11/15 kB Progress (1): 13/15 kBProgress (1): 15 kB                      Downloaded from central: https://repo.maven.apache.org/maven2/org/apache/maven/plugins/maven-checkstyle-plugin/3.0.0/maven-checkstyle-plugin-3.0.0.pom (15 kB at 11 kB/s)
Downloading from central: https://repo.maven.apache.org/maven2/org/apache/maven/plugins/maven-checkstyle-plugin/3.0.0/maven-checkstyle-plugin-3.0.0.jar
Progress (1): 2.2/108 kBProgress (1): 5.0/108 kBProgress (1): 7.7/108 kBProgress (1): 10/108 kB Progress (1): 13/108 kBProgress (1): 16/108 kBProgress (1): 19/108 kBProgress (1): 21/108 kBProgress (1): 24/108 kBProgress (1): 27/108 kBProgress (1): 30/108 kBProgress (1): 32/108 kBProgress (1): 36/108 kBProgress (1): 40/108 kBProgress (1): 45/108 kBProgress (1): 49/108 kBProgress (1): 53/108 kBProgress (1): 57/108 kBProgress (1): 61/108 kBProgress (1): 65/108 kBProgress (1): 69/108 kBProgress (1): 73/108 kBProgress (1): 77/108 kBProgress (1): 81/108 kBProgress (1): 85/108 kBProgress (1): 90/108 kBProgress (1): 94/108 kBProgress (1): 98/108 kBProgress (1): 102/108 kBProgress (1): 106/108 kBProgress (1): 108 kB                        Downloaded from central: https://repo.maven.apache.org/maven2/org/apache/maven/plugins/maven-checkstyle-plugin/3.0.0/maven-checkstyle-plugin-3.0.0.jar (108 kB at 137 kB/s)
Downloading from central: https://repo.maven.apache.org/maven2/org/codehaus/mojo/findbugs-maven-plugin/3.0.5/findbugs-maven-plugin-3.0.5.pom
Progress (1): 4.1/23 kBProgress (1): 7.7/23 kBProgress (1): 12/23 kB Progress (1): 16/23 kBProgress (1): 20/23 kBProgress (1): 23 kB                      Downloaded from central: https://repo.maven.apache.org/maven2/org/codehaus/mojo/findbugs-maven-plugin/3.0.5/findbugs-maven-plugin-3.0.5.pom (23 kB at 58 kB/s)
Downloading from central: https://repo.maven.apache.org/maven2/org/codehaus/mojo/findbugs-maven-plugin/3.0.5/findbugs-maven-plugin-3.0.5.jar
Progress (1): 4.1/145 kBProgress (1): 7.7/145 kBProgress (1): 12/145 kB Progress (1): 16/145 kBProgress (1): 20/145 kBProgress (1): 24/145 kBProgress (1): 28/145 kBProgress (1): 32/145 kBProgress (1): 36/145 kBProgress (1): 40/145 kBProgress (1): 45/145 kBProgress (1): 49/145 kBProgress (1): 53/145 kBProgress (1): 57/145 kBProgress (1): 61/145 kBProgress (1): 65/145 kBProgress (1): 69/145 kBProgress (1): 73/145 kBProgress (1): 77/145 kBProgress (1): 81/145 kBProgress (1): 85/145 kBProgress (1): 90/145 kBProgress (1): 94/145 kBProgress (1): 98/145 kBProgress (1): 102/145 kBProgress (1): 106/145 kBProgress (1): 110/145 kBProgress (1): 114/145 kBProgress (1): 118/145 kBProgress (1): 122/145 kBProgress (1): 126/145 kBProgress (1): 131/145 kBProgress (1): 135/145 kBProgress (1): 139/145 kBProgress (1): 143/145 kBProgress (1): 145 kB                        Downloaded from central: https://repo.maven.apache.org/maven2/org/codehaus/mojo/findbugs-maven-plugin/3.0.5/findbugs-maven-plugin-3.0.5.jar (145 kB at 241 kB/s)
Downloading from central: https://repo.maven.apache.org/maven2/org/apache/maven/plugins/maven-enforcer-plugin/3.0.0-M2/maven-enforcer-plugin-3.0.0-M2.pom
Progress (1): 4.1/6.8 kBProgress (1): 6.8 kB                        Downloaded from central: https://repo.maven.apache.org/maven2/org/apache/maven/plugins/maven-enforcer-plugin/3.0.0-M2/maven-enforcer-plugin-3.0.0-M2.pom (6.8 kB at 17 kB/s)
Downloading from central: https://repo.maven.apache.org/maven2/org/apache/maven/enforcer/enforcer/3.0.0-M2/enforcer-3.0.0-M2.pom
Progress (1): 2.2/7.9 kBProgress (1): 5.0/7.9 kBProgress (1): 7.8/7.9 kBProgress (1): 7.9 kB                        Downloaded from central: https://repo.maven.apache.org/maven2/org/apache/maven/enforcer/enforcer/3.0.0-M2/enforcer-3.0.0-M2.pom (7.9 kB at 20 kB/s)
Downloading from central: https://repo.maven.apache.org/maven2/org/apache/maven/plugins/maven-enforcer-plugin/3.0.0-M2/maven-enforcer-plugin-3.0.0-M2.jar
Progress (1): 2.2/26 kBProgress (1): 5.0/26 kBProgress (1): 7.7/26 kBProgress (1): 10/26 kB Progress (1): 13/26 kBProgress (1): 16/26 kBProgress (1): 19/26 kBProgress (1): 21/26 kBProgress (1): 24/26 kBProgress (1): 26 kB                      Downloaded from central: https://repo.maven.apache.org/maven2/org/apache/maven/plugins/maven-enforcer-plugin/3.0.0-M2/maven-enforcer-plugin-3.0.0-M2.jar (26 kB at 65 kB/s)
Downloading from central: https://repo.maven.apache.org/maven2/org/apache/maven/plugins/maven-site-plugin/3.7.1/maven-site-plugin-3.7.1.pom
Progress (1): 2.0/19 kBProgress (1): 4.7/19 kBProgress (1): 6.1/19 kBProgress (1): 8.8/19 kBProgress (1): 10/19 kB Progress (1): 13/19 kBProgress (1): 14/19 kBProgress (1): 17/19 kBProgress (1): 19 kB                      Downloaded from central: https://repo.maven.apache.org/maven2/org/apache/maven/plugins/maven-site-plugin/3.7.1/maven-site-plugin-3.7.1.pom (19 kB at 49 kB/s)
Downloading from central: https://repo.maven.apache.org/maven2/org/apache/maven/plugins/maven-site-plugin/3.7.1/maven-site-plugin-3.7.1.jar
Progress (1): 2.2/135 kBProgress (1): 5.0/135 kBProgress (1): 7.7/135 kBProgress (1): 10/135 kB Progress (1): 13/135 kBProgress (1): 16/135 kBProgress (1): 19/135 kBProgress (1): 21/135 kBProgress (1): 24/135 kBProgress (1): 27/135 kBProgress (1): 30/135 kBProgress (1): 32/135 kBProgress (1): 36/135 kBProgress (1): 40/135 kBProgress (1): 45/135 kBProgress (1): 49/135 kBProgress (1): 53/135 kBProgress (1): 57/135 kBProgress (1): 61/135 kBProgress (1): 65/135 kBProgress (1): 69/135 kBProgress (1): 73/135 kBProgress (1): 77/135 kBProgress (1): 81/135 kBProgress (1): 85/135 kBProgress (1): 90/135 kBProgress (1): 94/135 kBProgress (1): 98/135 kBProgress (1): 102/135 kBProgress (1): 106/135 kBProgress (1): 110/135 kBProgress (1): 114/135 kBProgress (1): 118/135 kBProgress (1): 122/135 kBProgress (1): 126/135 kBProgress (1): 131/135 kBProgress (1): 135/135 kBProgress (1): 135 kB                        Downloaded from central: https://repo.maven.apache.org/maven2/org/apache/maven/plugins/maven-site-plugin/3.7.1/maven-site-plugin-3.7.1.jar (135 kB at 326 kB/s)
Downloading from central: https://repo.maven.apache.org/maven2/org/apache/maven/plugins/maven-jar-plugin/3.1.0/maven-jar-plugin-3.1.0.pom
Progress (1): 2.8/6.6 kBProgress (1): 5.5/6.6 kBProgress (1): 6.6 kB                        Downloaded from central: https://repo.maven.apache.org/maven2/org/apache/maven/plugins/maven-jar-plugin/3.1.0/maven-jar-plugin-3.1.0.pom (6.6 kB at 17 kB/s)
Downloading from central: https://repo.maven.apache.org/maven2/org/apache/maven/plugins/maven-jar-plugin/3.1.0/maven-jar-plugin-3.1.0.jar
Progress (1): 2.2/27 kBProgress (1): 5.0/27 kBProgress (1): 7.7/27 kBProgress (1): 10/27 kB Progress (1): 13/27 kBProgress (1): 16/27 kBProgress (1): 19/27 kBProgress (1): 21/27 kBProgress (1): 24/27 kBProgress (1): 27/27 kBProgress (1): 27 kB                      Downloaded from central: https://repo.maven.apache.org/maven2/org/apache/maven/plugins/maven-jar-plugin/3.1.0/maven-jar-plugin-3.1.0.jar (27 kB at 67 kB/s)
Downloading from central: https://repo.maven.apache.org/maven2/org/apache/maven/plugins/maven-surefire-plugin/2.22.0/maven-surefire-plugin-2.22.0.pom
Progress (1): 2.2/5.0 kBProgress (1): 5.0/5.0 kBProgress (1): 5.0 kB                        Downloaded from central: https://repo.maven.apache.org/maven2/org/apache/maven/plugins/maven-surefire-plugin/2.22.0/maven-surefire-plugin-2.22.0.pom (5.0 kB at 13 kB/s)
Downloading from central: https://repo.maven.apache.org/maven2/org/apache/maven/surefire/surefire/2.22.0/surefire-2.22.0.pom
Progress (1): 2.2/27 kBProgress (1): 5.0/27 kBProgress (1): 7.8/27 kBProgress (1): 11/27 kB Progress (1): 13/27 kBProgress (1): 16/27 kBProgress (1): 19/27 kBProgress (1): 21/27 kBProgress (1): 24/27 kBProgress (1): 27/27 kBProgress (1): 27 kB                      Downloaded from central: https://repo.maven.apache.org/maven2/org/apache/maven/surefire/surefire/2.22.0/surefire-2.22.0.pom (27 kB at 68 kB/s)
Downloading from central: https://repo.maven.apache.org/maven2/org/apache/maven/plugins/maven-surefire-plugin/2.22.0/maven-surefire-plugin-2.22.0.jar
Progress (1): 2.2/41 kBProgress (1): 5.0/41 kBProgress (1): 7.7/41 kBProgress (1): 10/41 kB Progress (1): 13/41 kBProgress (1): 16/41 kBProgress (1): 19/41 kBProgress (1): 21/41 kBProgress (1): 24/41 kBProgress (1): 27/41 kBProgress (1): 30/41 kBProgress (1): 32/41 kBProgress (1): 36/41 kBProgress (1): 40/41 kBProgress (1): 41 kB                      Downloaded from central: https://repo.maven.apache.org/maven2/org/apache/maven/plugins/maven-surefire-plugin/2.22.0/maven-surefire-plugin-2.22.0.jar (41 kB at 100 kB/s)
Downloading from central: https://repo.maven.apache.org/maven2/org/apache/commons/commons-build-plugin/1.9/commons-build-plugin-1.9.pom
Progress (1): 4.1/9.8 kBProgress (1): 7.7/9.8 kBProgress (1): 9.8 kB                        Downloaded from central: https://repo.maven.apache.org/maven2/org/apache/commons/commons-build-plugin/1.9/commons-build-plugin-1.9.pom (9.8 kB at 25 kB/s)
Downloading from central: https://repo.maven.apache.org/maven2/org/apache/commons/commons-parent/46/commons-parent-46.pom
Progress (1): 4.1/75 kBProgress (1): 7.7/75 kBProgress (1): 12/75 kB Progress (1): 16/75 kBProgress (1): 20/75 kBProgress (1): 24/75 kBProgress (1): 28/75 kBProgress (1): 32/75 kBProgress (1): 36/75 kBProgress (1): 40/75 kBProgress (1): 45/75 kBProgress (1): 49/75 kBProgress (1): 53/75 kBProgress (1): 57/75 kBProgress (1): 61/75 kBProgress (1): 65/75 kBProgress (1): 69/75 kBProgress (1): 73/75 kBProgress (1): 75 kB                      Downloaded from central: https://repo.maven.apache.org/maven2/org/apache/commons/commons-parent/46/commons-parent-46.pom (75 kB at 185 kB/s)
Downloading from central: https://repo.maven.apache.org/maven2/org/apache/commons/commons-build-plugin/1.9/commons-build-plugin-1.9.jar
Progress (1): 4.1/35 kBProgress (1): 7.7/35 kBProgress (1): 12/35 kB Progress (1): 16/35 kBProgress (1): 20/35 kBProgress (1): 24/35 kBProgress (1): 28/35 kBProgress (1): 32/35 kBProgress (1): 35 kB                      Downloaded from central: https://repo.maven.apache.org/maven2/org/apache/commons/commons-build-plugin/1.9/commons-build-plugin-1.9.jar (35 kB at 86 kB/s)
Downloading from central: https://repo.maven.apache.org/maven2/org/apache/felix/maven-bundle-plugin/3.5.0/maven-bundle-plugin-3.5.0.pom
Progress (1): 4.1/10 kBProgress (1): 7.7/10 kBProgress (1): 10 kB                       Downloaded from central: https://repo.maven.apache.org/maven2/org/apache/felix/maven-bundle-plugin/3.5.0/maven-bundle-plugin-3.5.0.pom (10 kB at 26 kB/s)
Downloading from central: https://repo.maven.apache.org/maven2/org/apache/felix/maven-bundle-plugin/3.5.0/maven-bundle-plugin-3.5.0.jar
Progress (1): 4.1/232 kBProgress (1): 7.7/232 kBProgress (1): 12/232 kB Progress (1): 16/232 kBProgress (1): 20/232 kBProgress (1): 24/232 kBProgress (1): 28/232 kBProgress (1): 32/232 kBProgress (1): 36/232 kBProgress (1): 40/232 kBProgress (1): 45/232 kBProgress (1): 49/232 kBProgress (1): 53/232 kBProgress (1): 57/232 kBProgress (1): 61/232 kBProgress (1): 65/232 kBProgress (1): 69/232 kBProgress (1): 73/232 kBProgress (1): 77/232 kBProgress (1): 81/232 kBProgress (1): 85/232 kBProgress (1): 90/232 kBProgress (1): 94/232 kBProgress (1): 98/232 kBProgress (1): 102/232 kBProgress (1): 106/232 kBProgress (1): 110/232 kBProgress (1): 114/232 kBProgress (1): 118/232 kBProgress (1): 122/232 kBProgress (1): 126/232 kBProgress (1): 131/232 kBProgress (1): 135/232 kBProgress (1): 139/232 kBProgress (1): 143/232 kBProgress (1): 147/232 kBProgress (1): 151/232 kBProgress (1): 155/232 kBProgress (1): 159/232 kBProgress (1): 163/232 kBProgress (1): 167/232 kBProgress (1): 171/232 kBProgress (1): 176/232 kBProgress (1): 180/232 kBProgress (1): 184/232 kBProgress (1): 188/232 kBProgress (1): 192/232 kBProgress (1): 196/232 kBProgress (1): 200/232 kBProgress (1): 204/232 kBProgress (1): 208/232 kBProgress (1): 212/232 kBProgress (1): 217/232 kBProgress (1): 221/232 kBProgress (1): 225/232 kBProgress (1): 229/232 kBProgress (1): 232 kB                        Downloaded from central: https://repo.maven.apache.org/maven2/org/apache/felix/maven-bundle-plugin/3.5.0/maven-bundle-plugin-3.5.0.jar (232 kB at 555 kB/s)
Downloading from central: https://repo.maven.apache.org/maven2/org/codehaus/mojo/animal-sniffer-maven-plugin/1.16/animal-sniffer-maven-plugin-1.16.pom
Progress (1): 2.2/5.6 kBProgress (1): 5.0/5.6 kBProgress (1): 5.6 kB                        Downloaded from central: https://repo.maven.apache.org/maven2/org/codehaus/mojo/animal-sniffer-maven-plugin/1.16/animal-sniffer-maven-plugin-1.16.pom (5.6 kB at 14 kB/s)
Downloading from central: https://repo.maven.apache.org/maven2/org/codehaus/mojo/animal-sniffer-parent/1.16/animal-sniffer-parent-1.16.pom
Progress (1): 2.2/5.6 kBProgress (1): 5.0/5.6 kBProgress (1): 5.6 kB                        Downloaded from central: https://repo.maven.apache.org/maven2/org/codehaus/mojo/animal-sniffer-parent/1.16/animal-sniffer-parent-1.16.pom (5.6 kB at 14 kB/s)
Downloading from central: https://repo.maven.apache.org/maven2/org/codehaus/mojo/animal-sniffer-maven-plugin/1.16/animal-sniffer-maven-plugin-1.16.jar
Progress (1): 2.2/33 kBProgress (1): 5.0/33 kBProgress (1): 7.7/33 kBProgress (1): 10/33 kB Progress (1): 13/33 kBProgress (1): 16/33 kBProgress (1): 19/33 kBProgress (1): 21/33 kBProgress (1): 24/33 kBProgress (1): 27/33 kBProgress (1): 30/33 kBProgress (1): 32/33 kBProgress (1): 33 kB                      Downloaded from central: https://repo.maven.apache.org/maven2/org/codehaus/mojo/animal-sniffer-maven-plugin/1.16/animal-sniffer-maven-plugin-1.16.jar (33 kB at 82 kB/s)
[INFO] 
[INFO] ------------------< org.apache.commons:commons-lang3 >------------------
[INFO] Building Apache Commons Lang 3.8
[INFO] --------------------------------[ jar ]---------------------------------
Downloading from central: https://repo.maven.apache.org/maven2/org/easymock/easymock/3.6/easymock-3.6.pom
Progress (1): 2.2/9.0 kBProgress (1): 5.0/9.0 kBProgress (1): 7.8/9.0 kBProgress (1): 9.0 kB                        Downloaded from central: https://repo.maven.apache.org/maven2/org/easymock/easymock/3.6/easymock-3.6.pom (9.0 kB at 23 kB/s)
Downloading from central: https://repo.maven.apache.org/maven2/org/easymock/easymock-parent/3.6/easymock-parent-3.6.pom
Progress (1): 2.2/19 kBProgress (1): 5.0/19 kBProgress (1): 7.8/19 kBProgress (1): 11/19 kB Progress (1): 13/19 kBProgress (1): 16/19 kBProgress (1): 19/19 kBProgress (1): 19 kB                      Downloaded from central: https://repo.maven.apache.org/maven2/org/easymock/easymock-parent/3.6/easymock-parent-3.6.pom (19 kB at 46 kB/s)
Downloading from central: https://repo.maven.apache.org/maven2/org/openjdk/jmh/jmh-generator-annprocess/1.21/jmh-generator-annprocess-1.21.pom
Progress (1): 2.2/3.8 kBProgress (1): 3.8 kB                        Downloaded from central: https://repo.maven.apache.org/maven2/org/openjdk/jmh/jmh-generator-annprocess/1.21/jmh-generator-annprocess-1.21.pom (3.8 kB at 9.7 kB/s)
Downloading from central: https://repo.maven.apache.org/maven2/org/easymock/easymock/3.6/easymock-3.6.jar
Downloading from central: https://repo.maven.apache.org/maven2/org/openjdk/jmh/jmh-generator-annprocess/1.21/jmh-generator-annprocess-1.21.jar
Progress (1): 2.2/558 kBProgress (1): 5.0/558 kBProgress (1): 7.7/558 kBProgress (1): 10/558 kB Progress (1): 13/558 kBProgress (1): 16/558 kBProgress (1): 19/558 kBProgress (1): 21/558 kBProgress (1): 24/558 kBProgress (1): 27/558 kBProgress (1): 30/558 kBProgress (1): 32/558 kBProgress (1): 36/558 kBProgress (1): 40/558 kBProgress (1): 45/558 kBProgress (1): 49/558 kBProgress (1): 53/558 kBProgress (1): 57/558 kBProgress (1): 61/558 kBProgress (1): 65/558 kBProgress (1): 69/558 kBProgress (1): 73/558 kBProgress (1): 77/558 kBProgress (1): 81/558 kBProgress (1): 85/558 kBProgress (1): 90/558 kBProgress (1): 94/558 kBProgress (1): 98/558 kBProgress (1): 102/558 kBProgress (1): 106/558 kBProgress (1): 110/558 kBProgress (1): 114/558 kBProgress (1): 118/558 kBProgress (1): 122/558 kBProgress (1): 126/558 kBProgress (1): 131/558 kBProgress (1): 135/558 kBProgress (1): 139/558 kBProgress (1): 143/558 kBProgress (1): 147/558 kBProgress (1): 151/558 kBProgress (1): 155/558 kBProgress (1): 159/558 kBProgress (1): 163/558 kBProgress (1): 167/558 kBProgress (1): 171/558 kBProgress (1): 176/558 kBProgress (1): 180/558 kBProgress (1): 184/558 kBProgress (1): 188/558 kBProgress (1): 192/558 kBProgress (1): 196/558 kBProgress (1): 200/558 kBProgress (1): 204/558 kBProgress (1): 208/558 kBProgress (1): 212/558 kBProgress (1): 217/558 kBProgress (1): 221/558 kBProgress (1): 225/558 kBProgress (1): 229/558 kBProgress (1): 233/558 kBProgress (1): 237/558 kBProgress (1): 241/558 kBProgress (1): 245/558 kBProgress (1): 249/558 kBProgress (1): 253/558 kBProgress (1): 258/558 kBProgress (1): 262/558 kBProgress (1): 266/558 kBProgress (1): 270/558 kBProgress (1): 274/558 kBProgress (1): 278/558 kBProgress (1): 282/558 kBProgress (1): 286/558 kBProgress (1): 290/558 kBProgress (1): 294/558 kBProgress (1): 298/558 kBProgress (1): 303/558 kBProgress (1): 307/558 kBProgress (1): 311/558 kBProgress (1): 315/558 kBProgress (1): 319/558 kBProgress (1): 323/558 kBProgress (1): 327/558 kBProgress (2): 327/558 kB | 2.2/31 kBProgress (2): 327/558 kB | 5.0/31 kBProgress (2): 327/558 kB | 7.7/31 kBProgress (2): 327/558 kB | 10/31 kB Progress (2): 327/558 kB | 13/31 kBProgress (2): 331/558 kB | 13/31 kBProgress (2): 335/558 kB | 13/31 kBProgress (2): 339/558 kB | 13/31 kBProgress (2): 344/558 kB | 13/31 kBProgress (2): 348/558 kB | 13/31 kBProgress (2): 352/558 kB | 13/31 kBProgress (2): 356/558 kB | 13/31 kBProgress (2): 360/558 kB | 13/31 kBProgress (2): 364/558 kB | 13/31 kBProgress (2): 368/558 kB | 13/31 kBProgress (2): 372/558 kB | 13/31 kBProgress (2): 376/558 kB | 13/31 kBProgress (2): 380/558 kB | 13/31 kBProgress (2): 384/558 kB | 13/31 kBProgress (2): 389/558 kB | 13/31 kBProgress (2): 393/558 kB | 13/31 kBProgress (2): 397/558 kB | 13/31 kBProgress (2): 401/558 kB | 13/31 kBProgress (2): 405/558 kB | 13/31 kBProgress (2): 409/558 kB | 13/31 kBProgress (2): 413/558 kB | 13/31 kBProgress (2): 417/558 kB | 13/31 kBProgress (2): 421/558 kB | 13/31 kBProgress (2): 425/558 kB | 13/31 kBProgress (2): 430/558 kB | 13/31 kBProgress (2): 434/558 kB | 13/31 kBProgress (2): 438/558 kB | 13/31 kBProgress (2): 442/558 kB | 13/31 kBProgress (2): 446/558 kB | 13/31 kBProgress (2): 450/558 kB | 13/31 kBProgress (2): 454/558 kB | 13/31 kBProgress (2): 458/558 kB | 13/31 kBProgress (2): 462/558 kB | 13/31 kBProgress (2): 466/558 kB | 13/31 kBProgress (2): 471/558 kB | 13/31 kBProgress (2): 475/558 kB | 13/31 kBProgress (2): 479/558 kB | 13/31 kBProgress (2): 483/558 kB | 13/31 kBProgress (2): 487/558 kB | 13/31 kBProgress (2): 491/558 kB | 13/31 kBProgress (2): 495/558 kB | 13/31 kBProgress (2): 499/558 kB | 13/31 kBProgress (2): 503/558 kB | 13/31 kBProgress (2): 507/558 kB | 13/31 kBProgress (2): 511/558 kB | 13/31 kBProgress (2): 516/558 kB | 13/31 kBProgress (2): 520/558 kB | 13/31 kBProgress (2): 524/558 kB | 13/31 kBProgress (2): 528/558 kB | 13/31 kBProgress (2): 532/558 kB | 13/31 kBProgress (2): 536/558 kB | 13/31 kBProgress (2): 540/558 kB | 13/31 kBProgress (2): 544/558 kB | 13/31 kBProgress (2): 548/558 kB | 13/31 kBProgress (2): 552/558 kB | 13/31 kBProgress (2): 557/558 kB | 13/31 kBProgress (2): 558 kB | 13/31 kB    Progress (2): 558 kB | 16/31 kBProgress (2): 558 kB | 19/31 kBProgress (2): 558 kB | 21/31 kBProgress (2): 558 kB | 24/31 kBProgress (2): 558 kB | 27/31 kBProgress (2): 558 kB | 30/31 kBProgress (2): 558 kB | 31 kB                               Downloaded from central: https://repo.maven.apache.org/maven2/org/easymock/easymock/3.6/easymock-3.6.jar (558 kB at 687 kB/s)
Downloaded from central: https://repo.maven.apache.org/maven2/org/openjdk/jmh/jmh-generator-annprocess/1.21/jmh-generator-annprocess-1.21.jar (31 kB at 34 kB/s)
[INFO] 
[INFO] --- maven-clean-plugin:3.0.0:clean (default-clean) @ commons-lang3 ---
[INFO] 
[INFO] --- maven-dependency-plugin:2.10:list (default-cli) @ commons-lang3 ---
[INFO] 
[INFO] The following files have been resolved:
[INFO]    org.openjdk.jmh:jmh-generator-annprocess:jar:1.21:test
[INFO]    org.apache.commons:commons-math3:jar:3.2:test
[INFO]    org.hamcrest:hamcrest-all:jar:1.3:test
[INFO]    org.openjdk.jmh:jmh-core:jar:1.21:test
[INFO]    org.hamcrest:hamcrest-core:jar:1.3:test
[INFO]    org.objenesis:objenesis:jar:2.6:test
[INFO]    org.easymock:easymock:jar:3.6:test
[INFO]    junit:junit:jar:4.12:test
[INFO]    net.sf.jopt-simple:jopt-simple:jar:4.6:test
[INFO] 
[INFO] 
[INFO] --- maven-enforcer-plugin:3.0.0-M2:enforce (enforce-maven-version) @ commons-lang3 ---
Downloading from central: https://repo.maven.apache.org/maven2/org/apache/maven/enforcer/enforcer-api/3.0.0-M2/enforcer-api-3.0.0-M2.pom
Progress (1): 2.2/2.9 kBProgress (1): 2.9 kB                        Downloaded from central: https://repo.maven.apache.org/maven2/org/apache/maven/enforcer/enforcer-api/3.0.0-M2/enforcer-api-3.0.0-M2.pom (2.9 kB at 7.9 kB/s)
Downloading from central: https://repo.maven.apache.org/maven2/org/apache/maven/enforcer/enforcer-rules/3.0.0-M2/enforcer-rules-3.0.0-M2.pom
Progress (1): 2.2/3.9 kBProgress (1): 3.9 kB                        Downloaded from central: https://repo.maven.apache.org/maven2/org/apache/maven/enforcer/enforcer-rules/3.0.0-M2/enforcer-rules-3.0.0-M2.pom (3.9 kB at 11 kB/s)
Downloading from central: https://repo.maven.apache.org/maven2/org/apache/maven/enforcer/enforcer-api/3.0.0-M2/enforcer-api-3.0.0-M2.jar
Downloading from central: https://repo.maven.apache.org/maven2/org/apache/maven/enforcer/enforcer-rules/3.0.0-M2/enforcer-rules-3.0.0-M2.jar
Progress (1): 2.2/12 kBProgress (1): 5.0/12 kBProgress (1): 7.7/12 kBProgress (1): 10/12 kB Progress (1): 12 kB   Progress (2): 12 kB | 2.2/104 kBProgress (2): 12 kB | 5.0/104 kBProgress (2): 12 kB | 7.7/104 kBProgress (2): 12 kB | 10/104 kB Progress (2): 12 kB | 13/104 kBProgress (2): 12 kB | 16/104 kBProgress (2): 12 kB | 19/104 kBProgress (2): 12 kB | 21/104 kBProgress (2): 12 kB | 24/104 kBProgress (2): 12 kB | 27/104 kBProgress (2): 12 kB | 30/104 kBProgress (2): 12 kB | 32/104 kBProgress (2): 12 kB | 36/104 kBProgress (2): 12 kB | 40/104 kBProgress (2): 12 kB | 45/104 kBProgress (2): 12 kB | 49/104 kBProgress (2): 12 kB | 53/104 kBProgress (2): 12 kB | 57/104 kBProgress (2): 12 kB | 61/104 kBProgress (2): 12 kB | 65/104 kBProgress (2): 12 kB | 69/104 kBProgress (2): 12 kB | 73/104 kBProgress (2): 12 kB | 77/104 kBProgress (2): 12 kB | 81/104 kBProgress (2): 12 kB | 85/104 kBProgress (2): 12 kB | 90/104 kBProgress (2): 12 kB | 94/104 kBProgress (2): 12 kB | 98/104 kBProgress (2): 12 kB | 102/104 kBProgress (2): 12 kB | 104 kB                                Downloaded from central: https://repo.maven.apache.org/maven2/org/apache/maven/enforcer/enforcer-api/3.0.0-M2/enforcer-api-3.0.0-M2.jar (12 kB at 32 kB/s)
Downloaded from central: https://repo.maven.apache.org/maven2/org/apache/maven/enforcer/enforcer-rules/3.0.0-M2/enforcer-rules-3.0.0-M2.jar (104 kB at 242 kB/s)
[INFO] 
[INFO] --- maven-enforcer-plugin:3.0.0-M2:enforce (enforce-maven-3) @ commons-lang3 ---
[INFO] 
[INFO] --- build-helper-maven-plugin:3.0.0:parse-version (parse-version) @ commons-lang3 ---
[INFO] 
[INFO] --- maven-antrun-plugin:1.8:run (javadoc.resources) @ commons-lang3 ---
[INFO] Executing tasks

main:
     [copy] Copying 2 files to /home/cgzhu/projects/gitslice/resources/facts/upgrade_jars_exp/_downloads/commons-lang/target/apidocs/META-INF
[INFO] Executed tasks
[INFO] 
[INFO] --- maven-remote-resources-plugin:1.5:process (process-resource-bundles) @ commons-lang3 ---
[INFO] 
[INFO] --- buildnumber-maven-plugin:1.4:create (default) @ commons-lang3 ---
[INFO] Executing: /bin/sh -c cd '/home/cgzhu/projects/gitslice/resources/facts/upgrade_jars_exp/_downloads/commons-lang' && 'git' 'rev-parse' '--verify' 'HEAD'
[INFO] Working directory: /home/cgzhu/projects/gitslice/resources/facts/upgrade_jars_exp/_downloads/commons-lang
[INFO] Storing buildNumber: 9801e2fb9fcbf7ddd19221e9342608940d778f8c at timestamp: 1566303567123
[WARNING] Cannot get the branch information from the git repository: 
Detecting the current branch failed: fatal: ref HEAD is not a symbolic ref

[INFO] Executing: /bin/sh -c cd '/home/cgzhu/projects/gitslice/resources/facts/upgrade_jars_exp/_downloads/commons-lang' && 'git' 'rev-parse' '--verify' 'HEAD'
[INFO] Working directory: /home/cgzhu/projects/gitslice/resources/facts/upgrade_jars_exp/_downloads/commons-lang
[INFO] Storing buildScmBranch: UNKNOWN
[INFO] 
[INFO] --- maven-resources-plugin:3.0.2:resources (default-resources) @ commons-lang3 ---
[INFO] Using 'ISO-8859-1' encoding to copy filtered resources.
[INFO] skip non existing resourceDirectory /home/cgzhu/projects/gitslice/resources/facts/upgrade_jars_exp/_downloads/commons-lang/src/main/resources
[INFO] Copying 2 resources to META-INF
[INFO] 
[INFO] --- maven-compiler-plugin:3.7.0:compile (default-compile) @ commons-lang3 ---
[INFO] Changes detected - recompiling the module!
[INFO] Compiling 153 source files to /home/cgzhu/projects/gitslice/resources/facts/upgrade_jars_exp/_downloads/commons-lang/target/classes
[INFO] /home/cgzhu/projects/gitslice/resources/facts/upgrade_jars_exp/_downloads/commons-lang/src/main/java/org/apache/commons/lang3/builder/ToStringStyle.java: Some input files use or override a deprecated API.
[INFO] /home/cgzhu/projects/gitslice/resources/facts/upgrade_jars_exp/_downloads/commons-lang/src/main/java/org/apache/commons/lang3/builder/ToStringStyle.java: Recompile with -Xlint:deprecation for details.
[INFO] /home/cgzhu/projects/gitslice/resources/facts/upgrade_jars_exp/_downloads/commons-lang/src/main/java/org/apache/commons/lang3/text/StrBuilder.java: Some input files use unchecked or unsafe operations.
[INFO] /home/cgzhu/projects/gitslice/resources/facts/upgrade_jars_exp/_downloads/commons-lang/src/main/java/org/apache/commons/lang3/text/StrBuilder.java: Recompile with -Xlint:unchecked for details.
[INFO] 
[INFO] --- maven-bundle-plugin:3.5.0:manifest (bundle-manifest) @ commons-lang3 ---
Downloading from central: https://repo.maven.apache.org/maven2/biz/aQute/bnd/biz.aQute.bndlib/3.5.0/biz.aQute.bndlib-3.5.0.pom
Progress (1): 1.4 kB                    Downloaded from central: https://repo.maven.apache.org/maven2/biz/aQute/bnd/biz.aQute.bndlib/3.5.0/biz.aQute.bndlib-3.5.0.pom (1.4 kB at 3.4 kB/s)
Downloading from central: https://repo.maven.apache.org/maven2/org/apache/maven/maven-archiver/2.6/maven-archiver-2.6.pom
Progress (1): 2.8/4.3 kBProgress (1): 4.3 kB                        Downloaded from central: https://repo.maven.apache.org/maven2/org/apache/maven/maven-archiver/2.6/maven-archiver-2.6.pom (4.3 kB at 11 kB/s)
Downloading from central: https://repo.maven.apache.org/maven2/org/codehaus/plexus/plexus-archiver/2.8.1/plexus-archiver-2.8.1.pom
Progress (1): 2.2/4.1 kBProgress (1): 4.1 kB                        Downloaded from central: https://repo.maven.apache.org/maven2/org/codehaus/plexus/plexus-archiver/2.8.1/plexus-archiver-2.8.1.pom (4.1 kB at 10 kB/s)
Downloading from central: https://repo.maven.apache.org/maven2/org/codehaus/plexus/plexus-io/2.3.2/plexus-io-2.3.2.pom
Progress (1): 0.5/2.7 kBProgress (1): 2.7 kB                        Downloaded from central: https://repo.maven.apache.org/maven2/org/codehaus/plexus/plexus-io/2.3.2/plexus-io-2.3.2.pom (2.7 kB at 6.7 kB/s)
Downloading from central: https://repo.maven.apache.org/maven2/biz/aQute/bnd/biz.aQute.bndlib/3.5.0/biz.aQute.bndlib-3.5.0.jar
Downloading from central: https://repo.maven.apache.org/maven2/org/codehaus/plexus/plexus-archiver/2.8.1/plexus-archiver-2.8.1.jar
Downloading from central: https://repo.maven.apache.org/maven2/org/apache/maven/maven-archiver/2.6/maven-archiver-2.6.jar
Downloading from central: https://repo.maven.apache.org/maven2/org/codehaus/plexus/plexus-io/2.3.2/plexus-io-2.3.2.jar
Progress (1): 2.2/143 kBProgress (1): 5.0/143 kBProgress (1): 7.7/143 kBProgress (1): 10/143 kB Progress (1): 13/143 kBProgress (1): 16/143 kBProgress (1): 19/143 kBProgress (1): 21/143 kBProgress (1): 24/143 kBProgress (1): 27/143 kBProgress (1): 30/143 kBProgress (1): 32/143 kBProgress (2): 32/143 kB | 0/2.6 MBProgress (2): 32/143 kB | 0/2.6 MBProgress (2): 32/143 kB | 0/2.6 MBProgress (2): 32/143 kB | 0/2.6 MBProgress (2): 32/143 kB | 0/2.6 MBProgress (2): 32/143 kB | 0/2.6 MBProgress (2): 32/143 kB | 0/2.6 MBProgress (2): 32/143 kB | 0/2.6 MBProgress (2): 32/143 kB | 0/2.6 MBProgress (2): 32/143 kB | 0/2.6 MBProgress (2): 32/143 kB | 0/2.6 MBProgress (2): 32/143 kB | 0/2.6 MBProgress (2): 32/143 kB | 0/2.6 MBProgress (2): 32/143 kB | 0/2.6 MBProgress (2): 32/143 kB | 0/2.6 MBProgress (2): 32/143 kB | 0/2.6 MBProgress (2): 32/143 kB | 0.1/2.6 MBProgress (2): 32/143 kB | 0.1/2.6 MBProgress (2): 32/143 kB | 0.1/2.6 MBProgress (2): 32/143 kB | 0.1/2.6 MBProgress (2): 32/143 kB | 0.1/2.6 MBProgress (2): 32/143 kB | 0.1/2.6 MBProgress (2): 32/143 kB | 0.1/2.6 MBProgress (2): 32/143 kB | 0.1/2.6 MBProgress (2): 32/143 kB | 0.1/2.6 MBProgress (2): 32/143 kB | 0.1/2.6 MBProgress (2): 32/143 kB | 0.1/2.6 MBProgress (2): 32/143 kB | 0.1/2.6 MBProgress (2): 32/143 kB | 0.1/2.6 MBProgress (2): 32/143 kB | 0.1/2.6 MBProgress (2): 32/143 kB | 0.1/2.6 MBProgress (2): 32/143 kB | 0.1/2.6 MBProgress (2): 32/143 kB | 0.1/2.6 MBProgress (2): 32/143 kB | 0.1/2.6 MBProgress (2): 32/143 kB | 0.1/2.6 MBProgress (2): 32/143 kB | 0.1/2.6 MBProgress (2): 32/143 kB | 0.1/2.6 MBProgress (2): 32/143 kB | 0.1/2.6 MBProgress (2): 32/143 kB | 0.1/2.6 MBProgress (2): 32/143 kB | 0.1/2.6 MBProgress (2): 32/143 kB | 0.2/2.6 MBProgress (2): 32/143 kB | 0.2/2.6 MBProgress (2): 32/143 kB | 0.2/2.6 MBProgress (2): 32/143 kB | 0.2/2.6 MBProgress (2): 32/143 kB | 0.2/2.6 MBProgress (2): 32/143 kB | 0.2/2.6 MBProgress (2): 32/143 kB | 0.2/2.6 MBProgress (2): 32/143 kB | 0.2/2.6 MBProgress (2): 32/143 kB | 0.2/2.6 MBProgress (2): 32/143 kB | 0.2/2.6 MBProgress (2): 32/143 kB | 0.2/2.6 MBProgress (2): 32/143 kB | 0.2/2.6 MBProgress (2): 32/143 kB | 0.2/2.6 MBProgress (2): 32/143 kB | 0.2/2.6 MBProgress (2): 32/143 kB | 0.2/2.6 MBProgress (2): 32/143 kB | 0.2/2.6 MBProgress (2): 32/143 kB | 0.2/2.6 MBProgress (2): 32/143 kB | 0.2/2.6 MBProgress (2): 32/143 kB | 0.2/2.6 MBProgress (2): 32/143 kB | 0.2/2.6 MBProgress (2): 32/143 kB | 0.2/2.6 MBProgress (2): 32/143 kB | 0.2/2.6 MBProgress (2): 32/143 kB | 0.2/2.6 MBProgress (2): 32/143 kB | 0.2/2.6 MBProgress (2): 32/143 kB | 0.2/2.6 MBProgress (2): 32/143 kB | 0.3/2.6 MBProgress (2): 32/143 kB | 0.3/2.6 MBProgress (2): 32/143 kB | 0.3/2.6 MBProgress (2): 32/143 kB | 0.3/2.6 MBProgress (2): 32/143 kB | 0.3/2.6 MBProgress (2): 32/143 kB | 0.3/2.6 MBProgress (2): 32/143 kB | 0.3/2.6 MBProgress (2): 32/143 kB | 0.3/2.6 MBProgress (2): 32/143 kB | 0.3/2.6 MBProgress (2): 32/143 kB | 0.3/2.6 MBProgress (2): 32/143 kB | 0.3/2.6 MBProgress (2): 32/143 kB | 0.3/2.6 MBProgress (2): 32/143 kB | 0.3/2.6 MBProgress (2): 32/143 kB | 0.3/2.6 MBProgress (2): 32/143 kB | 0.3/2.6 MBProgress (2): 32/143 kB | 0.3/2.6 MBProgress (2): 32/143 kB | 0.3/2.6 MBProgress (2): 32/143 kB | 0.3/2.6 MBProgress (2): 32/143 kB | 0.3/2.6 MBProgress (2): 32/143 kB | 0.3/2.6 MBProgress (2): 32/143 kB | 0.3/2.6 MBProgress (2): 32/143 kB | 0.3/2.6 MBProgress (2): 32/143 kB | 0.3/2.6 MBProgress (2): 32/143 kB | 0.3/2.6 MBProgress (2): 32/143 kB | 0.4/2.6 MBProgress (2): 32/143 kB | 0.4/2.6 MBProgress (2): 32/143 kB | 0.4/2.6 MBProgress (2): 36/143 kB | 0.4/2.6 MBProgress (2): 40/143 kB | 0.4/2.6 MBProgress (2): 45/143 kB | 0.4/2.6 MBProgress (2): 49/143 kB | 0.4/2.6 MBProgress (2): 53/143 kB | 0.4/2.6 MBProgress (2): 57/143 kB | 0.4/2.6 MBProgress (2): 61/143 kB | 0.4/2.6 MBProgress (2): 65/143 kB | 0.4/2.6 MBProgress (2): 69/143 kB | 0.4/2.6 MBProgress (2): 73/143 kB | 0.4/2.6 MBProgress (2): 77/143 kB | 0.4/2.6 MBProgress (2): 81/143 kB | 0.4/2.6 MBProgress (2): 85/143 kB | 0.4/2.6 MBProgress (2): 90/143 kB | 0.4/2.6 MBProgress (2): 94/143 kB | 0.4/2.6 MBProgress (2): 98/143 kB | 0.4/2.6 MBProgress (2): 102/143 kB | 0.4/2.6 MBProgress (2): 106/143 kB | 0.4/2.6 MBProgress (2): 110/143 kB | 0.4/2.6 MBProgress (2): 114/143 kB | 0.4/2.6 MBProgress (2): 114/143 kB | 0.4/2.6 MBProgress (2): 114/143 kB | 0.4/2.6 MBProgress (2): 114/143 kB | 0.4/2.6 MBProgress (2): 114/143 kB | 0.4/2.6 MBProgress (2): 114/143 kB | 0.4/2.6 MBProgress (2): 114/143 kB | 0.4/2.6 MBProgress (2): 114/143 kB | 0.4/2.6 MBProgress (2): 114/143 kB | 0.4/2.6 MBProgress (2): 114/143 kB | 0.4/2.6 MBProgress (2): 114/143 kB | 0.4/2.6 MBProgress (2): 114/143 kB | 0.4/2.6 MBProgress (2): 114/143 kB | 0.4/2.6 MBProgress (2): 114/143 kB | 0.4/2.6 MBProgress (2): 114/143 kB | 0.4/2.6 MBProgress (2): 114/143 kB | 0.4/2.6 MBProgress (2): 114/143 kB | 0.4/2.6 MBProgress (2): 114/143 kB | 0.4/2.6 MBProgress (2): 114/143 kB | 0.4/2.6 MBProgress (2): 114/143 kB | 0.4/2.6 MBProgress (2): 114/143 kB | 0.4/2.6 MBProgress (2): 114/143 kB | 0.4/2.6 MBProgress (2): 114/143 kB | 0.5/2.6 MBProgress (2): 114/143 kB | 0.5/2.6 MBProgress (2): 114/143 kB | 0.5/2.6 MBProgress (2): 114/143 kB | 0.5/2.6 MBProgress (2): 114/143 kB | 0.5/2.6 MBProgress (2): 114/143 kB | 0.5/2.6 MBProgress (2): 114/143 kB | 0.5/2.6 MBProgress (3): 114/143 kB | 0.5/2.6 MB | 2.2/23 kBProgress (3): 114/143 kB | 0.5/2.6 MB | 5.0/23 kBProgress (3): 114/143 kB | 0.5/2.6 MB | 7.7/23 kBProgress (3): 114/143 kB | 0.5/2.6 MB | 10/23 kB Progress (3): 114/143 kB | 0.5/2.6 MB | 13/23 kBProgress (3): 118/143 kB | 0.5/2.6 MB | 13/23 kBProgress (3): 122/143 kB | 0.5/2.6 MB | 13/23 kBProgress (3): 126/143 kB | 0.5/2.6 MB | 13/23 kBProgress (3): 131/143 kB | 0.5/2.6 MB | 13/23 kBProgress (3): 135/143 kB | 0.5/2.6 MB | 13/23 kBProgress (3): 139/143 kB | 0.5/2.6 MB | 13/23 kBProgress (3): 143/143 kB | 0.5/2.6 MB | 13/23 kBProgress (3): 143 kB | 0.5/2.6 MB | 13/23 kB    Progress (4): 143 kB | 0.5/2.6 MB | 13/23 kB | 2.2/74 kBProgress (4): 143 kB | 0.5/2.6 MB | 13/23 kB | 5.0/74 kBProgress (4): 143 kB | 0.5/2.6 MB | 13/23 kB | 7.7/74 kBProgress (4): 143 kB | 0.5/2.6 MB | 13/23 kB | 10/74 kB Progress (4): 143 kB | 0.5/2.6 MB | 13/23 kB | 13/74 kBProgress (4): 143 kB | 0.5/2.6 MB | 13/23 kB | 13/74 kBProgress (4): 143 kB | 0.5/2.6 MB | 13/23 kB | 13/74 kBProgress (4): 143 kB | 0.5/2.6 MB | 13/23 kB | 13/74 kBProgress (4): 143 kB | 0.5/2.6 MB | 13/23 kB | 13/74 kBProgress (4): 143 kB | 0.5/2.6 MB | 13/23 kB | 13/74 kBProgress (4): 143 kB | 0.5/2.6 MB | 13/23 kB | 13/74 kBProgress (4): 143 kB | 0.5/2.6 MB | 13/23 kB | 13/74 kBProgress (4): 143 kB | 0.5/2.6 MB | 13/23 kB | 13/74 kBProgress (4): 143 kB | 0.5/2.6 MB | 13/23 kB | 13/74 kBProgress (4): 143 kB | 0.5/2.6 MB | 13/23 kB | 13/74 kBProgress (4): 143 kB | 0.5/2.6 MB | 13/23 kB | 13/74 kBProgress (4): 143 kB | 0.5/2.6 MB | 13/23 kB | 13/74 kBProgress (4): 143 kB | 0.5/2.6 MB | 13/23 kB | 13/74 kBProgress (4): 143 kB | 0.5/2.6 MB | 13/23 kB | 13/74 kBProgress (4): 143 kB | 0.5/2.6 MB | 13/23 kB | 13/74 kBProgress (4): 143 kB | 0.5/2.6 MB | 13/23 kB | 13/74 kBProgress (4): 143 kB | 0.5/2.6 MB | 13/23 kB | 13/74 kBProgress (4): 143 kB | 0.5/2.6 MB | 13/23 kB | 13/74 kBProgress (4): 143 kB | 0.6/2.6 MB | 13/23 kB | 13/74 kBProgress (4): 143 kB | 0.6/2.6 MB | 13/23 kB | 13/74 kBProgress (4): 143 kB | 0.6/2.6 MB | 13/23 kB | 13/74 kBProgress (4): 143 kB | 0.6/2.6 MB | 13/23 kB | 13/74 kBProgress (4): 143 kB | 0.6/2.6 MB | 13/23 kB | 13/74 kBProgress (4): 143 kB | 0.6/2.6 MB | 13/23 kB | 13/74 kBProgress (4): 143 kB | 0.6/2.6 MB | 13/23 kB | 13/74 kBProgress (4): 143 kB | 0.6/2.6 MB | 13/23 kB | 13/74 kBProgress (4): 143 kB | 0.6/2.6 MB | 13/23 kB | 13/74 kBProgress (4): 143 kB | 0.6/2.6 MB | 13/23 kB | 13/74 kBProgress (4): 143 kB | 0.6/2.6 MB | 13/23 kB | 13/74 kBProgress (4): 143 kB | 0.6/2.6 MB | 13/23 kB | 13/74 kBProgress (4): 143 kB | 0.6/2.6 MB | 13/23 kB | 13/74 kBProgress (4): 143 kB | 0.6/2.6 MB | 13/23 kB | 13/74 kBProgress (4): 143 kB | 0.6/2.6 MB | 13/23 kB | 13/74 kBProgress (4): 143 kB | 0.6/2.6 MB | 13/23 kB | 13/74 kBProgress (4): 143 kB | 0.6/2.6 MB | 13/23 kB | 13/74 kBProgress (4): 143 kB | 0.6/2.6 MB | 13/23 kB | 13/74 kBProgress (4): 143 kB | 0.6/2.6 MB | 13/23 kB | 13/74 kBProgress (4): 143 kB | 0.6/2.6 MB | 13/23 kB | 13/74 kBProgress (4): 143 kB | 0.6/2.6 MB | 13/23 kB | 13/74 kBProgress (4): 143 kB | 0.6/2.6 MB | 13/23 kB | 13/74 kBProgress (4): 143 kB | 0.6/2.6 MB | 13/23 kB | 13/74 kBProgress (4): 143 kB | 0.6/2.6 MB | 13/23 kB | 13/74 kBProgress (4): 143 kB | 0.7/2.6 MB | 13/23 kB | 13/74 kBProgress (4): 143 kB | 0.7/2.6 MB | 13/23 kB | 13/74 kBProgress (4): 143 kB | 0.7/2.6 MB | 13/23 kB | 13/74 kBProgress (4): 143 kB | 0.7/2.6 MB | 13/23 kB | 13/74 kBProgress (4): 143 kB | 0.7/2.6 MB | 13/23 kB | 13/74 kBProgress (4): 143 kB | 0.7/2.6 MB | 13/23 kB | 13/74 kBProgress (4): 143 kB | 0.7/2.6 MB | 13/23 kB | 13/74 kBProgress (4): 143 kB | 0.7/2.6 MB | 13/23 kB | 13/74 kBProgress (4): 143 kB | 0.7/2.6 MB | 13/23 kB | 13/74 kBProgress (4): 143 kB | 0.7/2.6 MB | 13/23 kB | 13/74 kBProgress (4): 143 kB | 0.7/2.6 MB | 13/23 kB | 13/74 kBProgress (4): 143 kB | 0.7/2.6 MB | 13/23 kB | 13/74 kBProgress (4): 143 kB | 0.7/2.6 MB | 13/23 kB | 13/74 kBProgress (4): 143 kB | 0.7/2.6 MB | 13/23 kB | 13/74 kBProgress (4): 143 kB | 0.7/2.6 MB | 13/23 kB | 13/74 kBProgress (4): 143 kB | 0.7/2.6 MB | 13/23 kB | 13/74 kBProgress (4): 143 kB | 0.7/2.6 MB | 13/23 kB | 13/74 kBProgress (4): 143 kB | 0.7/2.6 MB | 13/23 kB | 13/74 kBProgress (4): 143 kB | 0.7/2.6 MB | 13/23 kB | 13/74 kBProgress (4): 143 kB | 0.7/2.6 MB | 13/23 kB | 13/74 kBProgress (4): 143 kB | 0.7/2.6 MB | 13/23 kB | 13/74 kBProgress (4): 143 kB | 0.7/2.6 MB | 13/23 kB | 13/74 kBProgress (4): 143 kB | 0.7/2.6 MB | 13/23 kB | 13/74 kBProgress (4): 143 kB | 0.7/2.6 MB | 13/23 kB | 13/74 kBProgress (4): 143 kB | 0.7/2.6 MB | 13/23 kB | 13/74 kBProgress (4): 143 kB | 0.8/2.6 MB | 13/23 kB | 13/74 kBProgress (4): 143 kB | 0.8/2.6 MB | 13/23 kB | 13/74 kBProgress (4): 143 kB | 0.8/2.6 MB | 13/23 kB | 13/74 kBProgress (4): 143 kB | 0.8/2.6 MB | 13/23 kB | 13/74 kBProgress (4): 143 kB | 0.8/2.6 MB | 13/23 kB | 13/74 kBProgress (4): 143 kB | 0.8/2.6 MB | 13/23 kB | 13/74 kBProgress (4): 143 kB | 0.8/2.6 MB | 13/23 kB | 13/74 kBProgress (4): 143 kB | 0.8/2.6 MB | 13/23 kB | 13/74 kBProgress (4): 143 kB | 0.8/2.6 MB | 13/23 kB | 13/74 kBProgress (4): 143 kB | 0.8/2.6 MB | 13/23 kB | 13/74 kBProgress (4): 143 kB | 0.8/2.6 MB | 13/23 kB | 13/74 kBProgress (4): 143 kB | 0.8/2.6 MB | 13/23 kB | 13/74 kBProgress (4): 143 kB | 0.8/2.6 MB | 13/23 kB | 13/74 kBProgress (4): 143 kB | 0.8/2.6 MB | 13/23 kB | 13/74 kBProgress (4): 143 kB | 0.8/2.6 MB | 13/23 kB | 13/74 kBProgress (4): 143 kB | 0.8/2.6 MB | 13/23 kB | 13/74 kBProgress (4): 143 kB | 0.8/2.6 MB | 13/23 kB | 13/74 kBProgress (4): 143 kB | 0.8/2.6 MB | 13/23 kB | 13/74 kBProgress (4): 143 kB | 0.8/2.6 MB | 13/23 kB | 13/74 kBProgress (4): 143 kB | 0.8/2.6 MB | 13/23 kB | 13/74 kBProgress (4): 143 kB | 0.8/2.6 MB | 13/23 kB | 13/74 kBProgress (4): 143 kB | 0.8/2.6 MB | 13/23 kB | 13/74 kBProgress (4): 143 kB | 0.8/2.6 MB | 13/23 kB | 13/74 kBProgress (4): 143 kB | 0.8/2.6 MB | 13/23 kB | 13/74 kBProgress (4): 143 kB | 0.9/2.6 MB | 13/23 kB | 13/74 kBProgress (4): 143 kB | 0.9/2.6 MB | 13/23 kB | 13/74 kBProgress (4): 143 kB | 0.9/2.6 MB | 13/23 kB | 13/74 kBProgress (4): 143 kB | 0.9/2.6 MB | 13/23 kB | 13/74 kBProgress (4): 143 kB | 0.9/2.6 MB | 13/23 kB | 13/74 kBProgress (4): 143 kB | 0.9/2.6 MB | 13/23 kB | 13/74 kBProgress (4): 143 kB | 0.9/2.6 MB | 13/23 kB | 13/74 kBProgress (4): 143 kB | 0.9/2.6 MB | 13/23 kB | 13/74 kBProgress (4): 143 kB | 0.9/2.6 MB | 13/23 kB | 13/74 kBProgress (4): 143 kB | 0.9/2.6 MB | 13/23 kB | 13/74 kBProgress (4): 143 kB | 0.9/2.6 MB | 13/23 kB | 13/74 kBProgress (4): 143 kB | 0.9/2.6 MB | 13/23 kB | 13/74 kBProgress (4): 143 kB | 0.9/2.6 MB | 13/23 kB | 13/74 kBProgress (4): 143 kB | 0.9/2.6 MB | 13/23 kB | 13/74 kBProgress (4): 143 kB | 0.9/2.6 MB | 13/23 kB | 13/74 kBProgress (4): 143 kB | 0.9/2.6 MB | 13/23 kB | 13/74 kBProgress (4): 143 kB | 0.9/2.6 MB | 13/23 kB | 13/74 kBProgress (4): 143 kB | 0.9/2.6 MB | 13/23 kB | 13/74 kBProgress (4): 143 kB | 0.9/2.6 MB | 13/23 kB | 13/74 kBProgress (4): 143 kB | 0.9/2.6 MB | 13/23 kB | 13/74 kBProgress (4): 143 kB | 0.9/2.6 MB | 13/23 kB | 13/74 kBProgress (4): 143 kB | 0.9/2.6 MB | 13/23 kB | 13/74 kBProgress (4): 143 kB | 0.9/2.6 MB | 13/23 kB | 13/74 kBProgress (4): 143 kB | 0.9/2.6 MB | 13/23 kB | 13/74 kBProgress (4): 143 kB | 0.9/2.6 MB | 13/23 kB | 13/74 kBProgress (4): 143 kB | 1.0/2.6 MB | 13/23 kB | 13/74 kBProgress (4): 143 kB | 1.0/2.6 MB | 13/23 kB | 13/74 kBProgress (4): 143 kB | 1.0/2.6 MB | 13/23 kB | 13/74 kBProgress (4): 143 kB | 1.0/2.6 MB | 13/23 kB | 13/74 kBProgress (4): 143 kB | 1.0/2.6 MB | 13/23 kB | 13/74 kBProgress (4): 143 kB | 1.0/2.6 MB | 13/23 kB | 13/74 kBProgress (4): 143 kB | 1.0/2.6 MB | 13/23 kB | 13/74 kBProgress (4): 143 kB | 1.0/2.6 MB | 13/23 kB | 13/74 kBProgress (4): 143 kB | 1.0/2.6 MB | 13/23 kB | 13/74 kBProgress (4): 143 kB | 1.0/2.6 MB | 13/23 kB | 13/74 kBProgress (4): 143 kB | 1.0/2.6 MB | 13/23 kB | 13/74 kBProgress (4): 143 kB | 1.0/2.6 MB | 13/23 kB | 13/74 kBProgress (4): 143 kB | 1.0/2.6 MB | 13/23 kB | 13/74 kBProgress (4): 143 kB | 1.0/2.6 MB | 13/23 kB | 13/74 kBProgress (4): 143 kB | 1.0/2.6 MB | 13/23 kB | 13/74 kBProgress (4): 143 kB | 1.0/2.6 MB | 13/23 kB | 13/74 kBProgress (4): 143 kB | 1.0/2.6 MB | 13/23 kB | 13/74 kBProgress (4): 143 kB | 1.0/2.6 MB | 13/23 kB | 13/74 kBProgress (4): 143 kB | 1.0/2.6 MB | 13/23 kB | 13/74 kBProgress (4): 143 kB | 1.0/2.6 MB | 13/23 kB | 13/74 kBProgress (4): 143 kB | 1.0/2.6 MB | 13/23 kB | 13/74 kBProgress (4): 143 kB | 1.0/2.6 MB | 13/23 kB | 13/74 kBProgress (4): 143 kB | 1.0/2.6 MB | 13/23 kB | 13/74 kBProgress (4): 143 kB | 1.0/2.6 MB | 13/23 kB | 13/74 kBProgress (4): 143 kB | 1.1/2.6 MB | 13/23 kB | 13/74 kBProgress (4): 143 kB | 1.1/2.6 MB | 13/23 kB | 13/74 kBProgress (4): 143 kB | 1.1/2.6 MB | 13/23 kB | 13/74 kBProgress (4): 143 kB | 1.1/2.6 MB | 13/23 kB | 13/74 kBProgress (4): 143 kB | 1.1/2.6 MB | 13/23 kB | 13/74 kBProgress (4): 143 kB | 1.1/2.6 MB | 13/23 kB | 13/74 kBProgress (4): 143 kB | 1.1/2.6 MB | 13/23 kB | 13/74 kBProgress (4): 143 kB | 1.1/2.6 MB | 13/23 kB | 13/74 kBProgress (4): 143 kB | 1.1/2.6 MB | 13/23 kB | 13/74 kBProgress (4): 143 kB | 1.1/2.6 MB | 13/23 kB | 13/74 kBProgress (4): 143 kB | 1.1/2.6 MB | 13/23 kB | 13/74 kBProgress (4): 143 kB | 1.1/2.6 MB | 13/23 kB | 13/74 kBProgress (4): 143 kB | 1.1/2.6 MB | 13/23 kB | 13/74 kBProgress (4): 143 kB | 1.1/2.6 MB | 13/23 kB | 13/74 kBProgress (4): 143 kB | 1.1/2.6 MB | 13/23 kB | 13/74 kBProgress (4): 143 kB | 1.1/2.6 MB | 13/23 kB | 13/74 kBProgress (4): 143 kB | 1.1/2.6 MB | 13/23 kB | 13/74 kBProgress (4): 143 kB | 1.1/2.6 MB | 13/23 kB | 13/74 kBProgress (4): 143 kB | 1.1/2.6 MB | 13/23 kB | 13/74 kBProgress (4): 143 kB | 1.1/2.6 MB | 13/23 kB | 13/74 kBProgress (4): 143 kB | 1.1/2.6 MB | 13/23 kB | 13/74 kBProgress (4): 143 kB | 1.1/2.6 MB | 13/23 kB | 13/74 kBProgress (4): 143 kB | 1.1/2.6 MB | 13/23 kB | 13/74 kBProgress (4): 143 kB | 1.1/2.6 MB | 13/23 kB | 13/74 kBProgress (4): 143 kB | 1.2/2.6 MB | 13/23 kB | 13/74 kBProgress (4): 143 kB | 1.2/2.6 MB | 13/23 kB | 13/74 kBProgress (4): 143 kB | 1.2/2.6 MB | 13/23 kB | 13/74 kBProgress (4): 143 kB | 1.2/2.6 MB | 13/23 kB | 13/74 kBProgress (4): 143 kB | 1.2/2.6 MB | 13/23 kB | 13/74 kBProgress (4): 143 kB | 1.2/2.6 MB | 13/23 kB | 13/74 kBProgress (4): 143 kB | 1.2/2.6 MB | 13/23 kB | 13/74 kBProgress (4): 143 kB | 1.2/2.6 MB | 13/23 kB | 13/74 kBProgress (4): 143 kB | 1.2/2.6 MB | 13/23 kB | 13/74 kBProgress (4): 143 kB | 1.2/2.6 MB | 13/23 kB | 13/74 kBProgress (4): 143 kB | 1.2/2.6 MB | 13/23 kB | 13/74 kBProgress (4): 143 kB | 1.2/2.6 MB | 13/23 kB | 13/74 kBProgress (4): 143 kB | 1.2/2.6 MB | 13/23 kB | 13/74 kBProgress (4): 143 kB | 1.2/2.6 MB | 13/23 kB | 13/74 kBProgress (4): 143 kB | 1.2/2.6 MB | 13/23 kB | 13/74 kBProgress (4): 143 kB | 1.2/2.6 MB | 13/23 kB | 13/74 kBProgress (4): 143 kB | 1.2/2.6 MB | 13/23 kB | 13/74 kBProgress (4): 143 kB | 1.2/2.6 MB | 13/23 kB | 13/74 kBProgress (4): 143 kB | 1.2/2.6 MB | 13/23 kB | 13/74 kBProgress (4): 143 kB | 1.2/2.6 MB | 13/23 kB | 13/74 kBProgress (4): 143 kB | 1.2/2.6 MB | 13/23 kB | 13/74 kBProgress (4): 143 kB | 1.2/2.6 MB | 13/23 kB | 13/74 kBProgress (4): 143 kB | 1.2/2.6 MB | 13/23 kB | 13/74 kBProgress (4): 143 kB | 1.2/2.6 MB | 13/23 kB | 13/74 kBProgress (4): 143 kB | 1.2/2.6 MB | 13/23 kB | 13/74 kBProgress (4): 143 kB | 1.3/2.6 MB | 13/23 kB | 13/74 kBProgress (4): 143 kB | 1.3/2.6 MB | 13/23 kB | 13/74 kBProgress (4): 143 kB | 1.3/2.6 MB | 13/23 kB | 13/74 kBProgress (4): 143 kB | 1.3/2.6 MB | 13/23 kB | 13/74 kBProgress (4): 143 kB | 1.3/2.6 MB | 13/23 kB | 13/74 kBProgress (4): 143 kB | 1.3/2.6 MB | 13/23 kB | 13/74 kBProgress (4): 143 kB | 1.3/2.6 MB | 13/23 kB | 13/74 kBProgress (4): 143 kB | 1.3/2.6 MB | 13/23 kB | 13/74 kBProgress (4): 143 kB | 1.3/2.6 MB | 13/23 kB | 13/74 kBProgress (4): 143 kB | 1.3/2.6 MB | 13/23 kB | 13/74 kBProgress (4): 143 kB | 1.3/2.6 MB | 13/23 kB | 13/74 kBProgress (4): 143 kB | 1.3/2.6 MB | 13/23 kB | 13/74 kBProgress (4): 143 kB | 1.3/2.6 MB | 13/23 kB | 13/74 kBProgress (4): 143 kB | 1.3/2.6 MB | 13/23 kB | 13/74 kBProgress (4): 143 kB | 1.3/2.6 MB | 13/23 kB | 13/74 kBProgress (4): 143 kB | 1.3/2.6 MB | 13/23 kB | 13/74 kBProgress (4): 143 kB | 1.3/2.6 MB | 13/23 kB | 13/74 kBProgress (4): 143 kB | 1.3/2.6 MB | 13/23 kB | 13/74 kBProgress (4): 143 kB | 1.3/2.6 MB | 13/23 kB | 13/74 kBProgress (4): 143 kB | 1.3/2.6 MB | 13/23 kB | 13/74 kBProgress (4): 143 kB | 1.3/2.6 MB | 13/23 kB | 13/74 kBProgress (4): 143 kB | 1.3/2.6 MB | 13/23 kB | 13/74 kBProgress (4): 143 kB | 1.3/2.6 MB | 13/23 kB | 13/74 kBProgress (4): 143 kB | 1.3/2.6 MB | 13/23 kB | 13/74 kBProgress (4): 143 kB | 1.4/2.6 MB | 13/23 kB | 13/74 kBProgress (4): 143 kB | 1.4/2.6 MB | 13/23 kB | 13/74 kBProgress (4): 143 kB | 1.4/2.6 MB | 13/23 kB | 13/74 kBProgress (4): 143 kB | 1.4/2.6 MB | 16/23 kB | 13/74 kBProgress (4): 143 kB | 1.4/2.6 MB | 19/23 kB | 13/74 kBProgress (4): 143 kB | 1.4/2.6 MB | 21/23 kB | 13/74 kBProgress (4): 143 kB | 1.4/2.6 MB | 23 kB | 13/74 kB                                                       Downloaded from central: https://repo.maven.apache.org/maven2/org/codehaus/plexus/plexus-archiver/2.8.1/plexus-archiver-2.8.1.jar (143 kB at 198 kB/s)
Progress (3): 1.4/2.6 MB | 23 kB | 16/74 kBProgress (3): 1.4/2.6 MB | 23 kB | 19/74 kBProgress (3): 1.4/2.6 MB | 23 kB | 21/74 kBProgress (3): 1.4/2.6 MB | 23 kB | 24/74 kBProgress (3): 1.4/2.6 MB | 23 kB | 27/74 kBProgress (3): 1.4/2.6 MB | 23 kB | 30/74 kBProgress (3): 1.4/2.6 MB | 23 kB | 32/74 kBProgress (3): 1.4/2.6 MB | 23 kB | 32/74 kBProgress (3): 1.4/2.6 MB | 23 kB | 32/74 kBProgress (3): 1.4/2.6 MB | 23 kB | 32/74 kBProgress (3): 1.4/2.6 MB | 23 kB | 32/74 kBProgress (3): 1.4/2.6 MB | 23 kB | 32/74 kBProgress (3): 1.4/2.6 MB | 23 kB | 32/74 kBProgress (3): 1.4/2.6 MB | 23 kB | 32/74 kBProgress (3): 1.4/2.6 MB | 23 kB | 32/74 kBProgress (3): 1.4/2.6 MB | 23 kB | 32/74 kBProgress (3): 1.4/2.6 MB | 23 kB | 32/74 kBProgress (3): 1.4/2.6 MB | 23 kB | 32/74 kBProgress (3): 1.4/2.6 MB | 23 kB | 32/74 kBProgress (3): 1.4/2.6 MB | 23 kB | 32/74 kBProgress (3): 1.4/2.6 MB | 23 kB | 32/74 kBProgress (3): 1.4/2.6 MB | 23 kB | 32/74 kBProgress (3): 1.4/2.6 MB | 23 kB | 32/74 kBProgress (3): 1.4/2.6 MB | 23 kB | 32/74 kBProgress (3): 1.4/2.6 MB | 23 kB | 32/74 kBProgress (3): 1.4/2.6 MB | 23 kB | 32/74 kBProgress (3): 1.4/2.6 MB | 23 kB | 32/74 kBProgress (3): 1.4/2.6 MB | 23 kB | 32/74 kBProgress (3): 1.4/2.6 MB | 23 kB | 32/74 kBProgress (3): 1.5/2.6 MB | 23 kB | 32/74 kBProgress (3): 1.5/2.6 MB | 23 kB | 32/74 kBProgress (3): 1.5/2.6 MB | 23 kB | 32/74 kBProgress (3): 1.5/2.6 MB | 23 kB | 32/74 kBProgress (3): 1.5/2.6 MB | 23 kB | 32/74 kBProgress (3): 1.5/2.6 MB | 23 kB | 32/74 kBProgress (3): 1.5/2.6 MB | 23 kB | 32/74 kBProgress (3): 1.5/2.6 MB | 23 kB | 32/74 kBProgress (3): 1.5/2.6 MB | 23 kB | 32/74 kBProgress (3): 1.5/2.6 MB | 23 kB | 32/74 kBProgress (3): 1.5/2.6 MB | 23 kB | 32/74 kBProgress (3): 1.5/2.6 MB | 23 kB | 32/74 kBProgress (3): 1.5/2.6 MB | 23 kB | 32/74 kBProgress (3): 1.5/2.6 MB | 23 kB | 32/74 kBProgress (3): 1.5/2.6 MB | 23 kB | 32/74 kBProgress (3): 1.5/2.6 MB | 23 kB | 32/74 kBProgress (3): 1.5/2.6 MB | 23 kB | 32/74 kBProgress (3): 1.5/2.6 MB | 23 kB | 32/74 kBProgress (3): 1.5/2.6 MB | 23 kB | 32/74 kBProgress (3): 1.5/2.6 MB | 23 kB | 32/74 kBProgress (3): 1.5/2.6 MB | 23 kB | 32/74 kBProgress (3): 1.5/2.6 MB | 23 kB | 32/74 kBProgress (3): 1.5/2.6 MB | 23 kB | 32/74 kBProgress (3): 1.5/2.6 MB | 23 kB | 32/74 kBProgress (3): 1.6/2.6 MB | 23 kB | 32/74 kBProgress (3): 1.6/2.6 MB | 23 kB | 32/74 kBProgress (3): 1.6/2.6 MB | 23 kB | 32/74 kBProgress (3): 1.6/2.6 MB | 23 kB | 32/74 kBProgress (3): 1.6/2.6 MB | 23 kB | 32/74 kBProgress (3): 1.6/2.6 MB | 23 kB | 32/74 kBProgress (3): 1.6/2.6 MB | 23 kB | 32/74 kBProgress (3): 1.6/2.6 MB | 23 kB | 32/74 kBProgress (3): 1.6/2.6 MB | 23 kB | 32/74 kBProgress (3): 1.6/2.6 MB | 23 kB | 32/74 kBProgress (3): 1.6/2.6 MB | 23 kB | 32/74 kBProgress (3): 1.6/2.6 MB | 23 kB | 32/74 kBProgress (3): 1.6/2.6 MB | 23 kB | 32/74 kBProgress (3): 1.6/2.6 MB | 23 kB | 32/74 kBProgress (3): 1.6/2.6 MB | 23 kB | 32/74 kBProgress (3): 1.6/2.6 MB | 23 kB | 32/74 kBProgress (3): 1.6/2.6 MB | 23 kB | 32/74 kBProgress (3): 1.6/2.6 MB | 23 kB | 32/74 kBProgress (3): 1.6/2.6 MB | 23 kB | 32/74 kBProgress (3): 1.6/2.6 MB | 23 kB | 32/74 kBProgress (3): 1.6/2.6 MB | 23 kB | 32/74 kBProgress (3): 1.6/2.6 MB | 23 kB | 32/74 kBProgress (3): 1.6/2.6 MB | 23 kB | 32/74 kBProgress (3): 1.6/2.6 MB | 23 kB | 32/74 kBProgress (3): 1.7/2.6 MB | 23 kB | 32/74 kBProgress (3): 1.7/2.6 MB | 23 kB | 32/74 kB                                           Downloaded from central: https://repo.maven.apache.org/maven2/org/apache/maven/maven-archiver/2.6/maven-archiver-2.6.jar (23 kB at 26 kB/s)
Progress (2): 1.7/2.6 MB | 36/74 kBProgress (2): 1.7/2.6 MB | 40/74 kBProgress (2): 1.7/2.6 MB | 45/74 kBProgress (2): 1.7/2.6 MB | 49/74 kBProgress (2): 1.7/2.6 MB | 53/74 kBProgress (2): 1.7/2.6 MB | 57/74 kBProgress (2): 1.7/2.6 MB | 61/74 kBProgress (2): 1.7/2.6 MB | 65/74 kBProgress (2): 1.7/2.6 MB | 69/74 kBProgress (2): 1.7/2.6 MB | 73/74 kBProgress (2): 1.7/2.6 MB | 74 kB   Progress (2): 1.7/2.6 MB | 74 kBProgress (2): 1.7/2.6 MB | 74 kBProgress (2): 1.7/2.6 MB | 74 kBProgress (2): 1.7/2.6 MB | 74 kBProgress (2): 1.7/2.6 MB | 74 kBProgress (2): 1.7/2.6 MB | 74 kBProgress (2): 1.7/2.6 MB | 74 kBProgress (2): 1.7/2.6 MB | 74 kBProgress (2): 1.7/2.6 MB | 74 kBProgress (2): 1.7/2.6 MB | 74 kBProgress (2): 1.7/2.6 MB | 74 kBProgress (2): 1.7/2.6 MB | 74 kB                                Downloaded from central: https://repo.maven.apache.org/maven2/org/codehaus/plexus/plexus-io/2.3.2/plexus-io-2.3.2.jar (74 kB at 65 kB/s)
Progress (1): 1.7/2.6 MBProgress (1): 1.7/2.6 MBProgress (1): 1.7/2.6 MBProgress (1): 1.7/2.6 MBProgress (1): 1.7/2.6 MBProgress (1): 1.7/2.6 MBProgress (1): 1.7/2.6 MBProgress (1): 1.7/2.6 MBProgress (1): 1.7/2.6 MBProgress (1): 1.7/2.6 MBProgress (1): 1.7/2.6 MBProgress (1): 1.8/2.6 MBProgress (1): 1.8/2.6 MBProgress (1): 1.8/2.6 MBProgress (1): 1.8/2.6 MBProgress (1): 1.8/2.6 MBProgress (1): 1.8/2.6 MBProgress (1): 1.8/2.6 MBProgress (1): 1.8/2.6 MBProgress (1): 1.8/2.6 MBProgress (1): 1.8/2.6 MBProgress (1): 1.8/2.6 MBProgress (1): 1.8/2.6 MBProgress (1): 1.8/2.6 MBProgress (1): 1.8/2.6 MBProgress (1): 1.8/2.6 MBProgress (1): 1.8/2.6 MBProgress (1): 1.8/2.6 MBProgress (1): 1.8/2.6 MBProgress (1): 1.8/2.6 MBProgress (1): 1.8/2.6 MBProgress (1): 1.8/2.6 MBProgress (1): 1.8/2.6 MBProgress (1): 1.8/2.6 MBProgress (1): 1.8/2.6 MBProgress (1): 1.9/2.6 MBProgress (1): 1.9/2.6 MBProgress (1): 1.9/2.6 MBProgress (1): 1.9/2.6 MBProgress (1): 1.9/2.6 MBProgress (1): 1.9/2.6 MBProgress (1): 1.9/2.6 MBProgress (1): 1.9/2.6 MBProgress (1): 1.9/2.6 MBProgress (1): 1.9/2.6 MBProgress (1): 1.9/2.6 MBProgress (1): 1.9/2.6 MBProgress (1): 1.9/2.6 MBProgress (1): 1.9/2.6 MBProgress (1): 1.9/2.6 MBProgress (1): 1.9/2.6 MBProgress (1): 1.9/2.6 MBProgress (1): 1.9/2.6 MBProgress (1): 1.9/2.6 MBProgress (1): 1.9/2.6 MBProgress (1): 1.9/2.6 MBProgress (1): 1.9/2.6 MBProgress (1): 1.9/2.6 MBProgress (1): 1.9/2.6 MBProgress (1): 1.9/2.6 MBProgress (1): 2.0/2.6 MBProgress (1): 2.0/2.6 MBProgress (1): 2.0/2.6 MBProgress (1): 2.0/2.6 MBProgress (1): 2.0/2.6 MBProgress (1): 2.0/2.6 MBProgress (1): 2.0/2.6 MBProgress (1): 2.0/2.6 MBProgress (1): 2.0/2.6 MBProgress (1): 2.0/2.6 MBProgress (1): 2.0/2.6 MBProgress (1): 2.0/2.6 MBProgress (1): 2.0/2.6 MBProgress (1): 2.0/2.6 MBProgress (1): 2.0/2.6 MBProgress (1): 2.0/2.6 MBProgress (1): 2.0/2.6 MBProgress (1): 2.0/2.6 MBProgress (1): 2.0/2.6 MBProgress (1): 2.0/2.6 MBProgress (1): 2.0/2.6 MBProgress (1): 2.0/2.6 MBProgress (1): 2.0/2.6 MBProgress (1): 2.0/2.6 MBProgress (1): 2.1/2.6 MBProgress (1): 2.1/2.6 MBProgress (1): 2.1/2.6 MBProgress (1): 2.1/2.6 MBProgress (1): 2.1/2.6 MBProgress (1): 2.1/2.6 MBProgress (1): 2.1/2.6 MBProgress (1): 2.1/2.6 MBProgress (1): 2.1/2.6 MBProgress (1): 2.1/2.6 MBProgress (1): 2.1/2.6 MBProgress (1): 2.1/2.6 MBProgress (1): 2.1/2.6 MBProgress (1): 2.1/2.6 MBProgress (1): 2.1/2.6 MBProgress (1): 2.1/2.6 MBProgress (1): 2.1/2.6 MBProgress (1): 2.1/2.6 MBProgress (1): 2.1/2.6 MBProgress (1): 2.1/2.6 MBProgress (1): 2.1/2.6 MBProgress (1): 2.1/2.6 MBProgress (1): 2.1/2.6 MBProgress (1): 2.1/2.6 MBProgress (1): 2.1/2.6 MBProgress (1): 2.2/2.6 MBProgress (1): 2.2/2.6 MBProgress (1): 2.2/2.6 MBProgress (1): 2.2/2.6 MBProgress (1): 2.2/2.6 MBProgress (1): 2.2/2.6 MBProgress (1): 2.2/2.6 MBProgress (1): 2.2/2.6 MBProgress (1): 2.2/2.6 MBProgress (1): 2.2/2.6 MBProgress (1): 2.2/2.6 MBProgress (1): 2.2/2.6 MBProgress (1): 2.2/2.6 MBProgress (1): 2.2/2.6 MBProgress (1): 2.2/2.6 MBProgress (1): 2.2/2.6 MBProgress (1): 2.2/2.6 MBProgress (1): 2.2/2.6 MBProgress (1): 2.2/2.6 MBProgress (1): 2.2/2.6 MBProgress (1): 2.2/2.6 MBProgress (1): 2.2/2.6 MBProgress (1): 2.2/2.6 MBProgress (1): 2.2/2.6 MBProgress (1): 2.3/2.6 MBProgress (1): 2.3/2.6 MBProgress (1): 2.3/2.6 MBProgress (1): 2.3/2.6 MBProgress (1): 2.3/2.6 MBProgress (1): 2.3/2.6 MBProgress (1): 2.3/2.6 MBProgress (1): 2.3/2.6 MBProgress (1): 2.3/2.6 MBProgress (1): 2.3/2.6 MBProgress (1): 2.3/2.6 MBProgress (1): 2.3/2.6 MBProgress (1): 2.3/2.6 MBProgress (1): 2.3/2.6 MBProgress (1): 2.3/2.6 MBProgress (1): 2.3/2.6 MBProgress (1): 2.3/2.6 MBProgress (1): 2.3/2.6 MBProgress (1): 2.3/2.6 MBProgress (1): 2.3/2.6 MBProgress (1): 2.3/2.6 MBProgress (1): 2.3/2.6 MBProgress (1): 2.3/2.6 MBProgress (1): 2.3/2.6 MBProgress (1): 2.4/2.6 MBProgress (1): 2.4/2.6 MBProgress (1): 2.4/2.6 MBProgress (1): 2.4/2.6 MBProgress (1): 2.4/2.6 MBProgress (1): 2.4/2.6 MBProgress (1): 2.4/2.6 MBProgress (1): 2.4/2.6 MBProgress (1): 2.4/2.6 MBProgress (1): 2.4/2.6 MBProgress (1): 2.4/2.6 MBProgress (1): 2.4/2.6 MBProgress (1): 2.4/2.6 MBProgress (1): 2.4/2.6 MBProgress (1): 2.4/2.6 MBProgress (1): 2.4/2.6 MBProgress (1): 2.4/2.6 MBProgress (1): 2.4/2.6 MBProgress (1): 2.4/2.6 MBProgress (1): 2.4/2.6 MBProgress (1): 2.4/2.6 MBProgress (1): 2.4/2.6 MBProgress (1): 2.4/2.6 MBProgress (1): 2.4/2.6 MBProgress (1): 2.4/2.6 MBProgress (1): 2.5/2.6 MBProgress (1): 2.5/2.6 MBProgress (1): 2.5/2.6 MBProgress (1): 2.5/2.6 MBProgress (1): 2.5/2.6 MBProgress (1): 2.5/2.6 MBProgress (1): 2.5/2.6 MBProgress (1): 2.5/2.6 MBProgress (1): 2.5/2.6 MBProgress (1): 2.5/2.6 MBProgress (1): 2.5/2.6 MBProgress (1): 2.5/2.6 MBProgress (1): 2.5/2.6 MBProgress (1): 2.5/2.6 MBProgress (1): 2.5/2.6 MBProgress (1): 2.5/2.6 MBProgress (1): 2.5/2.6 MBProgress (1): 2.5/2.6 MBProgress (1): 2.5/2.6 MBProgress (1): 2.5/2.6 MBProgress (1): 2.5/2.6 MBProgress (1): 2.5/2.6 MBProgress (1): 2.5/2.6 MBProgress (1): 2.5/2.6 MBProgress (1): 2.6/2.6 MBProgress (1): 2.6/2.6 MBProgress (1): 2.6/2.6 MBProgress (1): 2.6/2.6 MBProgress (1): 2.6/2.6 MBProgress (1): 2.6/2.6 MBProgress (1): 2.6 MB                        Downloaded from central: https://repo.maven.apache.org/maven2/biz/aQute/bnd/biz.aQute.bndlib/3.5.0/biz.aQute.bndlib-3.5.0.jar (2.6 MB at 1.6 MB/s)
[INFO] 
[INFO] --- animal-sniffer-maven-plugin:1.16:check (checkAPIcompatibility) @ commons-lang3 ---
Downloading from central: https://repo.maven.apache.org/maven2/org/codehaus/mojo/animal-sniffer/1.16/animal-sniffer-1.16.pom
Progress (1): 2.2/2.4 kBProgress (1): 2.4 kB                        Downloaded from central: https://repo.maven.apache.org/maven2/org/codehaus/mojo/animal-sniffer/1.16/animal-sniffer-1.16.pom (2.4 kB at 6.1 kB/s)
Downloading from central: https://repo.maven.apache.org/maven2/org/ow2/asm/asm-all/5.2/asm-all-5.2.pom
Progress (1): 2.0 kB                    Downloaded from central: https://repo.maven.apache.org/maven2/org/ow2/asm/asm-all/5.2/asm-all-5.2.pom (2.0 kB at 5.0 kB/s)
Downloading from central: https://repo.maven.apache.org/maven2/org/codehaus/mojo/java-boot-classpath-detector/1.16/java-boot-classpath-detector-1.16.pom
Progress (1): 2.2/2.5 kBProgress (1): 2.5 kB                        Downloaded from central: https://repo.maven.apache.org/maven2/org/codehaus/mojo/java-boot-classpath-detector/1.16/java-boot-classpath-detector-1.16.pom (2.5 kB at 6.3 kB/s)
Downloading from central: https://repo.maven.apache.org/maven2/org/codehaus/mojo/animal-sniffer/1.16/animal-sniffer-1.16.jar
Downloading from central: https://repo.maven.apache.org/maven2/org/codehaus/mojo/java-boot-classpath-detector/1.16/java-boot-classpath-detector-1.16.jar
Downloading from central: https://repo.maven.apache.org/maven2/org/ow2/asm/asm-all/5.2/asm-all-5.2.jar
Progress (1): 2.2/248 kBProgress (1): 5.0/248 kBProgress (1): 7.7/248 kBProgress (1): 10/248 kB Progress (1): 13/248 kBProgress (1): 16/248 kBProgress (1): 19/248 kBProgress (1): 21/248 kBProgress (1): 24/248 kBProgress (1): 27/248 kBProgress (1): 30/248 kBProgress (1): 32/248 kBProgress (2): 32/248 kB | 2.2/5.0 kBProgress (2): 32/248 kB | 5.0/5.0 kBProgress (2): 32/248 kB | 5.0 kB    Progress (3): 32/248 kB | 5.0 kB | 2.2/35 kBProgress (3): 32/248 kB | 5.0 kB | 5.0/35 kBProgress (3): 32/248 kB | 5.0 kB | 7.7/35 kBProgress (3): 32/248 kB | 5.0 kB | 10/35 kB Progress (3): 32/248 kB | 5.0 kB | 13/35 kBProgress (3): 32/248 kB | 5.0 kB | 16/35 kBProgress (3): 32/248 kB | 5.0 kB | 19/35 kBProgress (3): 32/248 kB | 5.0 kB | 21/35 kBProgress (3): 32/248 kB | 5.0 kB | 24/35 kBProgress (3): 32/248 kB | 5.0 kB | 27/35 kBProgress (3): 32/248 kB | 5.0 kB | 30/35 kBProgress (3): 32/248 kB | 5.0 kB | 32/35 kBProgress (3): 32/248 kB | 5.0 kB | 35 kB   Progress (3): 36/248 kB | 5.0 kB | 35 kBProgress (3): 40/248 kB | 5.0 kB | 35 kBProgress (3): 45/248 kB | 5.0 kB | 35 kBProgress (3): 49/248 kB | 5.0 kB | 35 kBProgress (3): 53/248 kB | 5.0 kB | 35 kBProgress (3): 57/248 kB | 5.0 kB | 35 kBProgress (3): 61/248 kB | 5.0 kB | 35 kBProgress (3): 65/248 kB | 5.0 kB | 35 kBProgress (3): 69/248 kB | 5.0 kB | 35 kBProgress (3): 73/248 kB | 5.0 kB | 35 kBProgress (3): 77/248 kB | 5.0 kB | 35 kBProgress (3): 81/248 kB | 5.0 kB | 35 kBProgress (3): 85/248 kB | 5.0 kB | 35 kBProgress (3): 90/248 kB | 5.0 kB | 35 kBProgress (3): 94/248 kB | 5.0 kB | 35 kBProgress (3): 98/248 kB | 5.0 kB | 35 kB                                        Downloaded from central: https://repo.maven.apache.org/maven2/org/codehaus/mojo/java-boot-classpath-detector/1.16/java-boot-classpath-detector-1.16.jar (5.0 kB at 13 kB/s)
Downloaded from central: https://repo.maven.apache.org/maven2/org/codehaus/mojo/animal-sniffer/1.16/animal-sniffer-1.16.jar (35 kB at 87 kB/s)
Progress (1): 102/248 kBProgress (1): 106/248 kBProgress (1): 110/248 kBProgress (1): 114/248 kBProgress (1): 118/248 kBProgress (1): 122/248 kBProgress (1): 126/248 kBProgress (1): 131/248 kBProgress (1): 135/248 kBProgress (1): 139/248 kBProgress (1): 143/248 kBProgress (1): 147/248 kBProgress (1): 151/248 kBProgress (1): 155/248 kBProgress (1): 159/248 kBProgress (1): 163/248 kBProgress (1): 167/248 kBProgress (1): 171/248 kBProgress (1): 176/248 kBProgress (1): 180/248 kBProgress (1): 184/248 kBProgress (1): 188/248 kBProgress (1): 192/248 kBProgress (1): 196/248 kBProgress (1): 200/248 kBProgress (1): 204/248 kBProgress (1): 208/248 kBProgress (1): 212/248 kBProgress (1): 217/248 kBProgress (1): 221/248 kBProgress (1): 225/248 kBProgress (1): 229/248 kBProgress (1): 233/248 kBProgress (1): 237/248 kBProgress (1): 241/248 kBProgress (1): 245/248 kBProgress (1): 248 kB                        Downloaded from central: https://repo.maven.apache.org/maven2/org/ow2/asm/asm-all/5.2/asm-all-5.2.jar (248 kB at 349 kB/s)
[INFO] Checking unresolved references to org.codehaus.mojo.signature:java17:1.0
[INFO] 
[INFO] --- maven-resources-plugin:3.0.2:testResources (default-testResources) @ commons-lang3 ---
[INFO] Using 'ISO-8859-1' encoding to copy filtered resources.
[INFO] Copying 2 resources
[INFO] Copying 2 resources to META-INF
[INFO] 
[INFO] --- maven-compiler-plugin:3.7.0:testCompile (default-testCompile) @ commons-lang3 ---
[INFO] Changes detected - recompiling the module!
[INFO] Compiling 174 source files to /home/cgzhu/projects/gitslice/resources/facts/upgrade_jars_exp/_downloads/commons-lang/target/test-classes
[INFO] /home/cgzhu/projects/gitslice/resources/facts/upgrade_jars_exp/_downloads/commons-lang/src/test/java/org/apache/commons/lang3/ObjectUtilsTest.java: Some input files use or override a deprecated API.
[INFO] /home/cgzhu/projects/gitslice/resources/facts/upgrade_jars_exp/_downloads/commons-lang/src/test/java/org/apache/commons/lang3/ObjectUtilsTest.java: Recompile with -Xlint:deprecation for details.
[INFO] /home/cgzhu/projects/gitslice/resources/facts/upgrade_jars_exp/_downloads/commons-lang/src/test/java/org/apache/commons/lang3/EnumUtilsTest.java: /home/cgzhu/projects/gitslice/resources/facts/upgrade_jars_exp/_downloads/commons-lang/src/test/java/org/apache/commons/lang3/EnumUtilsTest.java uses unchecked or unsafe operations.
[INFO] /home/cgzhu/projects/gitslice/resources/facts/upgrade_jars_exp/_downloads/commons-lang/src/test/java/org/apache/commons/lang3/EnumUtilsTest.java: Recompile with -Xlint:unchecked for details.
[INFO] 
[INFO] --- maven-surefire-plugin:2.22.0:test (default-test) @ commons-lang3 ---
Downloading from central: https://repo.maven.apache.org/maven2/org/apache/maven/surefire/maven-surefire-common/2.22.0/maven-surefire-common-2.22.0.pom
Progress (1): 1.7/11 kBProgress (1): 4.4/11 kBProgress (1): 5.8/11 kBProgress (1): 8.5/11 kBProgress (1): 11/11 kB Progress (1): 11 kB                      Downloaded from central: https://repo.maven.apache.org/maven2/org/apache/maven/surefire/maven-surefire-common/2.22.0/maven-surefire-common-2.22.0.pom (11 kB at 33 kB/s)
Downloading from central: https://repo.maven.apache.org/maven2/org/apache/maven/surefire/surefire-api/2.22.0/surefire-api-2.22.0.pom
Progress (1): 2.2/3.5 kBProgress (1): 3.5 kB                        Downloaded from central: https://repo.maven.apache.org/maven2/org/apache/maven/surefire/surefire-api/2.22.0/surefire-api-2.22.0.pom (3.5 kB at 10 kB/s)
Downloading from central: https://repo.maven.apache.org/maven2/org/apache/maven/surefire/surefire-logger-api/2.22.0/surefire-logger-api-2.22.0.pom
Progress (1): 2.0 kB                    Downloaded from central: https://repo.maven.apache.org/maven2/org/apache/maven/surefire/surefire-logger-api/2.22.0/surefire-logger-api-2.22.0.pom (2.0 kB at 5.6 kB/s)
Downloading from central: https://repo.maven.apache.org/maven2/org/apache/maven/surefire/surefire-booter/2.22.0/surefire-booter-2.22.0.pom
Progress (1): 2.2/7.4 kBProgress (1): 5.0/7.4 kBProgress (1): 7.4 kB                        Downloaded from central: https://repo.maven.apache.org/maven2/org/apache/maven/surefire/surefire-booter/2.22.0/surefire-booter-2.22.0.pom (7.4 kB at 21 kB/s)
Downloading from central: https://repo.maven.apache.org/maven2/org/codehaus/plexus/plexus-java/0.9.8/plexus-java-0.9.8.pom
Progress (1): 2.2/2.4 kBProgress (1): 2.4 kB                        Downloaded from central: https://repo.maven.apache.org/maven2/org/codehaus/plexus/plexus-java/0.9.8/plexus-java-0.9.8.pom (2.4 kB at 6.8 kB/s)
Downloading from central: https://repo.maven.apache.org/maven2/org/codehaus/plexus/plexus-languages/0.9.8/plexus-languages-0.9.8.pom
Progress (1): 2.2 kB                    Downloaded from central: https://repo.maven.apache.org/maven2/org/codehaus/plexus/plexus-languages/0.9.8/plexus-languages-0.9.8.pom (2.2 kB at 6.3 kB/s)
Downloading from central: https://repo.maven.apache.org/maven2/org/ow2/asm/asm/6.1.1/asm-6.1.1.pom
Progress (1): 2.8/2.9 kBProgress (1): 2.9 kB                        Downloaded from central: https://repo.maven.apache.org/maven2/org/ow2/asm/asm/6.1.1/asm-6.1.1.pom (2.9 kB at 8.4 kB/s)
Downloading from central: https://repo.maven.apache.org/maven2/org/apache/maven/surefire/maven-surefire-common/2.22.0/maven-surefire-common-2.22.0.jar
Downloading from central: https://repo.maven.apache.org/maven2/org/apache/maven/surefire/surefire-logger-api/2.22.0/surefire-logger-api-2.22.0.jar
Downloading from central: https://repo.maven.apache.org/maven2/org/apache/maven/surefire/surefire-api/2.22.0/surefire-api-2.22.0.jar
Downloading from central: https://repo.maven.apache.org/maven2/org/codehaus/plexus/plexus-java/0.9.8/plexus-java-0.9.8.jar
Downloading from central: https://repo.maven.apache.org/maven2/org/apache/maven/surefire/surefire-booter/2.22.0/surefire-booter-2.22.0.jar
Progress (1): 2.2/524 kBProgress (1): 5.0/524 kBProgress (1): 7.7/524 kBProgress (1): 10/524 kB Progress (1): 13/524 kBProgress (1): 16/524 kBProgress (1): 19/524 kBProgress (1): 21/524 kBProgress (1): 24/524 kBProgress (1): 27/524 kBProgress (1): 30/524 kBProgress (1): 32/524 kBProgress (1): 36/524 kBProgress (1): 40/524 kBProgress (1): 45/524 kBProgress (1): 49/524 kBProgress (1): 53/524 kBProgress (1): 57/524 kBProgress (1): 61/524 kBProgress (1): 65/524 kBProgress (1): 69/524 kBProgress (1): 73/524 kBProgress (1): 77/524 kBProgress (1): 81/524 kBProgress (2): 81/524 kB | 2.2/35 kBProgress (2): 81/524 kB | 5.0/35 kBProgress (2): 85/524 kB | 5.0/35 kBProgress (2): 85/524 kB | 7.7/35 kBProgress (2): 90/524 kB | 7.7/35 kBProgress (2): 90/524 kB | 10/35 kB Progress (2): 94/524 kB | 10/35 kBProgress (2): 94/524 kB | 13/35 kBProgress (2): 98/524 kB | 13/35 kBProgress (2): 98/524 kB | 16/35 kBProgress (2): 98/524 kB | 19/35 kBProgress (2): 102/524 kB | 19/35 kBProgress (2): 102/524 kB | 21/35 kBProgress (2): 106/524 kB | 21/35 kBProgress (2): 106/524 kB | 24/35 kBProgress (2): 110/524 kB | 24/35 kBProgress (2): 110/524 kB | 27/35 kBProgress (2): 114/524 kB | 27/35 kBProgress (2): 114/524 kB | 30/35 kBProgress (2): 114/524 kB | 32/35 kBProgress (2): 118/524 kB | 32/35 kBProgress (2): 118/524 kB | 35/35 kBProgress (2): 122/524 kB | 35/35 kBProgress (2): 122/524 kB | 35 kB   Progress (2): 126/524 kB | 35 kBProgress (2): 131/524 kB | 35 kBProgress (2): 135/524 kB | 35 kBProgress (2): 139/524 kB | 35 kBProgress (2): 143/524 kB | 35 kBProgress (2): 147/524 kB | 35 kBProgress (2): 151/524 kB | 35 kBProgress (2): 155/524 kB | 35 kBProgress (2): 159/524 kB | 35 kBProgress (2): 163/524 kB | 35 kBProgress (2): 167/524 kB | 35 kBProgress (2): 171/524 kB | 35 kBProgress (2): 176/524 kB | 35 kBProgress (2): 180/524 kB | 35 kBProgress (3): 180/524 kB | 35 kB | 2.2/186 kBProgress (3): 184/524 kB | 35 kB | 2.2/186 kBProgress (3): 184/524 kB | 35 kB | 5.0/186 kBProgress (3): 188/524 kB | 35 kB | 5.0/186 kBProgress (3): 188/524 kB | 35 kB | 7.7/186 kBProgress (4): 188/524 kB | 35 kB | 7.7/186 kB | 2.2/13 kBProgress (4): 192/524 kB | 35 kB | 7.7/186 kB | 2.2/13 kBProgress (4): 192/524 kB | 35 kB | 7.7/186 kB | 4.0/13 kBProgress (4): 192/524 kB | 35 kB | 10/186 kB | 4.0/13 kB Progress (4): 192/524 kB | 35 kB | 10/186 kB | 6.8/13 kBProgress (4): 196/524 kB | 35 kB | 10/186 kB | 6.8/13 kBProgress (4): 196/524 kB | 35 kB | 10/186 kB | 9.6/13 kBProgress (4): 196/524 kB | 35 kB | 13/186 kB | 9.6/13 kBProgress (4): 200/524 kB | 35 kB | 13/186 kB | 9.6/13 kBProgress (4): 200/524 kB | 35 kB | 13/186 kB | 12/13 kB Progress (4): 204/524 kB | 35 kB | 13/186 kB | 12/13 kBProgress (4): 204/524 kB | 35 kB | 16/186 kB | 12/13 kBProgress (4): 208/524 kB | 35 kB | 16/186 kB | 12/13 kBProgress (4): 208/524 kB | 35 kB | 16/186 kB | 13 kB   Progress (4): 212/524 kB | 35 kB | 16/186 kB | 13 kBProgress (4): 212/524 kB | 35 kB | 19/186 kB | 13 kBProgress (4): 212/524 kB | 35 kB | 21/186 kB | 13 kBProgress (4): 217/524 kB | 35 kB | 21/186 kB | 13 kBProgress (4): 217/524 kB | 35 kB | 24/186 kB | 13 kBProgress (4): 221/524 kB | 35 kB | 24/186 kB | 13 kBProgress (4): 221/524 kB | 35 kB | 27/186 kB | 13 kBProgress (4): 225/524 kB | 35 kB | 27/186 kB | 13 kBProgress (4): 225/524 kB | 35 kB | 30/186 kB | 13 kBProgress (4): 229/524 kB | 35 kB | 30/186 kB | 13 kBProgress (4): 229/524 kB | 35 kB | 32/186 kB | 13 kBProgress (4): 233/524 kB | 35 kB | 32/186 kB | 13 kBProgress (4): 237/524 kB | 35 kB | 32/186 kB | 13 kBProgress (4): 241/524 kB | 35 kB | 32/186 kB | 13 kBProgress (4): 241/524 kB | 35 kB | 36/186 kB | 13 kBProgress (4): 245/524 kB | 35 kB | 36/186 kB | 13 kBProgress (4): 245/524 kB | 35 kB | 40/186 kB | 13 kBProgress (4): 245/524 kB | 35 kB | 45/186 kB | 13 kBProgress (4): 245/524 kB | 35 kB | 49/186 kB | 13 kBProgress (4): 245/524 kB | 35 kB | 53/186 kB | 13 kBProgress (4): 245/524 kB | 35 kB | 57/186 kB | 13 kBProgress (4): 245/524 kB | 35 kB | 61/186 kB | 13 kBProgress (4): 245/524 kB | 35 kB | 65/186 kB | 13 kBProgress (4): 249/524 kB | 35 kB | 65/186 kB | 13 kBProgress (4): 253/524 kB | 35 kB | 65/186 kB | 13 kBProgress (4): 258/524 kB | 35 kB | 65/186 kB | 13 kBProgress (4): 262/524 kB | 35 kB | 65/186 kB | 13 kBProgress (4): 266/524 kB | 35 kB | 65/186 kB | 13 kBProgress (4): 270/524 kB | 35 kB | 65/186 kB | 13 kBProgress (4): 274/524 kB | 35 kB | 65/186 kB | 13 kBProgress (4): 278/524 kB | 35 kB | 65/186 kB | 13 kBProgress (4): 282/524 kB | 35 kB | 65/186 kB | 13 kBProgress (4): 286/524 kB | 35 kB | 65/186 kB | 13 kBProgress (4): 290/524 kB | 35 kB | 65/186 kB | 13 kBProgress (4): 294/524 kB | 35 kB | 65/186 kB | 13 kBProgress (4): 298/524 kB | 35 kB | 65/186 kB | 13 kBProgress (4): 303/524 kB | 35 kB | 65/186 kB | 13 kBProgress (4): 307/524 kB | 35 kB | 65/186 kB | 13 kBProgress (4): 311/524 kB | 35 kB | 65/186 kB | 13 kBProgress (4): 315/524 kB | 35 kB | 65/186 kB | 13 kBProgress (4): 319/524 kB | 35 kB | 65/186 kB | 13 kBProgress (4): 323/524 kB | 35 kB | 65/186 kB | 13 kBProgress (4): 327/524 kB | 35 kB | 65/186 kB | 13 kBProgress (4): 331/524 kB | 35 kB | 65/186 kB | 13 kBProgress (4): 335/524 kB | 35 kB | 65/186 kB | 13 kBProgress (4): 339/524 kB | 35 kB | 65/186 kB | 13 kBProgress (4): 344/524 kB | 35 kB | 65/186 kB | 13 kBProgress (4): 348/524 kB | 35 kB | 65/186 kB | 13 kBProgress (4): 352/524 kB | 35 kB | 65/186 kB | 13 kBProgress (4): 356/524 kB | 35 kB | 65/186 kB | 13 kBProgress (4): 360/524 kB | 35 kB | 65/186 kB | 13 kBProgress (4): 364/524 kB | 35 kB | 65/186 kB | 13 kBProgress (4): 368/524 kB | 35 kB | 65/186 kB | 13 kBProgress (4): 372/524 kB | 35 kB | 65/186 kB | 13 kBProgress (4): 376/524 kB | 35 kB | 65/186 kB | 13 kBProgress (4): 380/524 kB | 35 kB | 65/186 kB | 13 kBProgress (4): 384/524 kB | 35 kB | 65/186 kB | 13 kBProgress (4): 389/524 kB | 35 kB | 65/186 kB | 13 kBProgress (4): 393/524 kB | 35 kB | 65/186 kB | 13 kBProgress (4): 397/524 kB | 35 kB | 65/186 kB | 13 kBProgress (4): 401/524 kB | 35 kB | 65/186 kB | 13 kBProgress (4): 405/524 kB | 35 kB | 65/186 kB | 13 kBProgress (4): 409/524 kB | 35 kB | 65/186 kB | 13 kBProgress (4): 413/524 kB | 35 kB | 65/186 kB | 13 kBProgress (4): 417/524 kB | 35 kB | 65/186 kB | 13 kBProgress (4): 421/524 kB | 35 kB | 65/186 kB | 13 kBProgress (4): 425/524 kB | 35 kB | 65/186 kB | 13 kBProgress (4): 430/524 kB | 35 kB | 65/186 kB | 13 kBProgress (4): 434/524 kB | 35 kB | 65/186 kB | 13 kBProgress (4): 438/524 kB | 35 kB | 65/186 kB | 13 kBProgress (4): 442/524 kB | 35 kB | 65/186 kB | 13 kBProgress (4): 446/524 kB | 35 kB | 65/186 kB | 13 kBProgress (4): 450/524 kB | 35 kB | 65/186 kB | 13 kBProgress (4): 454/524 kB | 35 kB | 65/186 kB | 13 kBProgress (4): 458/524 kB | 35 kB | 65/186 kB | 13 kBProgress (4): 462/524 kB | 35 kB | 65/186 kB | 13 kBProgress (4): 466/524 kB | 35 kB | 65/186 kB | 13 kBProgress (4): 470/524 kB | 35 kB | 65/186 kB | 13 kBProgress (4): 475/524 kB | 35 kB | 65/186 kB | 13 kBProgress (4): 479/524 kB | 35 kB | 65/186 kB | 13 kBProgress (4): 483/524 kB | 35 kB | 65/186 kB | 13 kBProgress (4): 487/524 kB | 35 kB | 65/186 kB | 13 kBProgress (4): 491/524 kB | 35 kB | 65/186 kB | 13 kB                                                    Downloaded from central: https://repo.maven.apache.org/maven2/org/codehaus/plexus/plexus-java/0.9.8/plexus-java-0.9.8.jar (35 kB at 94 kB/s)
Progress (3): 495/524 kB | 65/186 kB | 13 kB                                            Downloading from central: https://repo.maven.apache.org/maven2/org/ow2/asm/asm/6.1.1/asm-6.1.1.jar
Progress (3): 499/524 kB | 65/186 kB | 13 kBProgress (3): 503/524 kB | 65/186 kB | 13 kBProgress (3): 507/524 kB | 65/186 kB | 13 kBProgress (3): 511/524 kB | 65/186 kB | 13 kBProgress (3): 516/524 kB | 65/186 kB | 13 kBProgress (3): 520/524 kB | 65/186 kB | 13 kBProgress (3): 524/524 kB | 65/186 kB | 13 kBProgress (3): 524 kB | 65/186 kB | 13 kB    Progress (3): 524 kB | 69/186 kB | 13 kBProgress (3): 524 kB | 73/186 kB | 13 kBProgress (3): 524 kB | 77/186 kB | 13 kBProgress (3): 524 kB | 81/186 kB | 13 kBProgress (3): 524 kB | 85/186 kB | 13 kBProgress (3): 524 kB | 90/186 kB | 13 kBProgress (3): 524 kB | 94/186 kB | 13 kBProgress (3): 524 kB | 98/186 kB | 13 kBProgress (3): 524 kB | 102/186 kB | 13 kBProgress (3): 524 kB | 106/186 kB | 13 kBProgress (3): 524 kB | 110/186 kB | 13 kBProgress (3): 524 kB | 114/186 kB | 13 kBProgress (3): 524 kB | 118/186 kB | 13 kBProgress (3): 524 kB | 122/186 kB | 13 kBProgress (3): 524 kB | 126/186 kB | 13 kBProgress (3): 524 kB | 131/186 kB | 13 kBProgress (3): 524 kB | 135/186 kB | 13 kBProgress (3): 524 kB | 139/186 kB | 13 kBProgress (3): 524 kB | 143/186 kB | 13 kBProgress (3): 524 kB | 147/186 kB | 13 kBProgress (3): 524 kB | 151/186 kB | 13 kBProgress (3): 524 kB | 155/186 kB | 13 kBProgress (3): 524 kB | 159/186 kB | 13 kBProgress (3): 524 kB | 163/186 kB | 13 kBProgress (3): 524 kB | 167/186 kB | 13 kBProgress (3): 524 kB | 171/186 kB | 13 kBProgress (3): 524 kB | 176/186 kB | 13 kBProgress (3): 524 kB | 180/186 kB | 13 kBProgress (3): 524 kB | 184/186 kB | 13 kBProgress (3): 524 kB | 186 kB | 13 kB                                         Downloaded from central: https://repo.maven.apache.org/maven2/org/apache/maven/surefire/surefire-logger-api/2.22.0/surefire-logger-api-2.22.0.jar (13 kB at 33 kB/s)
Downloaded from central: https://repo.maven.apache.org/maven2/org/apache/maven/surefire/maven-surefire-common/2.22.0/maven-surefire-common-2.22.0.jar (524 kB at 953 kB/s)
Progress (2): 186 kB | 2.2/273 kBProgress (2): 186 kB | 5.0/273 kBProgress (2): 186 kB | 7.7/273 kBProgress (3): 186 kB | 7.7/273 kB | 2.2/108 kBProgress (3): 186 kB | 10/273 kB | 2.2/108 kB Progress (3): 186 kB | 10/273 kB | 5.0/108 kBProgress (3): 186 kB | 13/273 kB | 5.0/108 kBProgress (3): 186 kB | 13/273 kB | 7.7/108 kBProgress (3): 186 kB | 13/273 kB | 10/108 kB Progress (3): 186 kB | 13/273 kB | 13/108 kBProgress (3): 186 kB | 13/273 kB | 16/108 kBProgress (3): 186 kB | 13/273 kB | 19/108 kBProgress (3): 186 kB | 13/273 kB | 21/108 kBProgress (3): 186 kB | 13/273 kB | 24/108 kBProgress (3): 186 kB | 13/273 kB | 27/108 kBProgress (3): 186 kB | 13/273 kB | 30/108 kBProgress (3): 186 kB | 13/273 kB | 32/108 kBProgress (3): 186 kB | 13/273 kB | 36/108 kBProgress (3): 186 kB | 13/273 kB | 40/108 kBProgress (3): 186 kB | 13/273 kB | 45/108 kBProgress (3): 186 kB | 13/273 kB | 49/108 kBProgress (3): 186 kB | 13/273 kB | 53/108 kBProgress (3): 186 kB | 13/273 kB | 57/108 kBProgress (3): 186 kB | 13/273 kB | 61/108 kBProgress (3): 186 kB | 13/273 kB | 65/108 kBProgress (3): 186 kB | 13/273 kB | 69/108 kBProgress (3): 186 kB | 13/273 kB | 73/108 kBProgress (3): 186 kB | 13/273 kB | 77/108 kBProgress (3): 186 kB | 13/273 kB | 81/108 kBProgress (3): 186 kB | 13/273 kB | 85/108 kBProgress (3): 186 kB | 13/273 kB | 90/108 kBProgress (3): 186 kB | 13/273 kB | 94/108 kBProgress (3): 186 kB | 13/273 kB | 98/108 kBProgress (3): 186 kB | 13/273 kB | 102/108 kBProgress (3): 186 kB | 13/273 kB | 106/108 kBProgress (3): 186 kB | 13/273 kB | 108 kB                                             Downloaded from central: https://repo.maven.apache.org/maven2/org/apache/maven/surefire/surefire-api/2.22.0/surefire-api-2.22.0.jar (186 kB at 317 kB/s)
Progress (2): 16/273 kB | 108 kBProgress (2): 19/273 kB | 108 kBProgress (2): 21/273 kB | 108 kBProgress (2): 24/273 kB | 108 kBProgress (2): 27/273 kB | 108 kBProgress (2): 30/273 kB | 108 kBProgress (2): 32/273 kB | 108 kB                                Downloaded from central: https://repo.maven.apache.org/maven2/org/ow2/asm/asm/6.1.1/asm-6.1.1.jar (108 kB at 144 kB/s)
Progress (1): 36/273 kBProgress (1): 40/273 kBProgress (1): 45/273 kBProgress (1): 49/273 kBProgress (1): 53/273 kBProgress (1): 57/273 kBProgress (1): 61/273 kBProgress (1): 65/273 kBProgress (1): 69/273 kBProgress (1): 73/273 kBProgress (1): 77/273 kBProgress (1): 81/273 kBProgress (1): 85/273 kBProgress (1): 90/273 kBProgress (1): 94/273 kBProgress (1): 98/273 kBProgress (1): 102/273 kBProgress (1): 106/273 kBProgress (1): 110/273 kBProgress (1): 114/273 kBProgress (1): 118/273 kBProgress (1): 122/273 kBProgress (1): 126/273 kBProgress (1): 131/273 kBProgress (1): 135/273 kBProgress (1): 139/273 kBProgress (1): 143/273 kBProgress (1): 147/273 kBProgress (1): 151/273 kBProgress (1): 155/273 kBProgress (1): 159/273 kBProgress (1): 163/273 kBProgress (1): 167/273 kBProgress (1): 171/273 kBProgress (1): 176/273 kBProgress (1): 180/273 kBProgress (1): 184/273 kBProgress (1): 188/273 kBProgress (1): 192/273 kBProgress (1): 196/273 kBProgress (1): 200/273 kBProgress (1): 204/273 kBProgress (1): 208/273 kBProgress (1): 212/273 kBProgress (1): 217/273 kBProgress (1): 221/273 kBProgress (1): 225/273 kBProgress (1): 229/273 kBProgress (1): 233/273 kBProgress (1): 237/273 kBProgress (1): 241/273 kBProgress (1): 245/273 kBProgress (1): 249/273 kBProgress (1): 253/273 kBProgress (1): 258/273 kBProgress (1): 262/273 kBProgress (1): 266/273 kBProgress (1): 270/273 kBProgress (1): 273 kB                        Downloaded from central: https://repo.maven.apache.org/maven2/org/apache/maven/surefire/surefire-booter/2.22.0/surefire-booter-2.22.0.jar (273 kB at 188 kB/s)
Downloading from central: https://repo.maven.apache.org/maven2/org/apache/maven/surefire/surefire-junit4/2.22.0/surefire-junit4-2.22.0.pom
Progress (1): 3.1 kB                    Downloaded from central: https://repo.maven.apache.org/maven2/org/apache/maven/surefire/surefire-junit4/2.22.0/surefire-junit4-2.22.0.pom (3.1 kB at 8.5 kB/s)
Downloading from central: https://repo.maven.apache.org/maven2/org/apache/maven/surefire/surefire-providers/2.22.0/surefire-providers-2.22.0.pom
Progress (1): 2.2/2.5 kBProgress (1): 2.5 kB                        Downloaded from central: https://repo.maven.apache.org/maven2/org/apache/maven/surefire/surefire-providers/2.22.0/surefire-providers-2.22.0.pom (2.5 kB at 6.9 kB/s)
Downloading from central: https://repo.maven.apache.org/maven2/org/apache/maven/surefire/surefire-junit4/2.22.0/surefire-junit4-2.22.0.jar
Progress (1): 2.2/85 kBProgress (1): 5.0/85 kBProgress (1): 7.7/85 kBProgress (1): 10/85 kB Progress (1): 13/85 kBProgress (1): 16/85 kBProgress (1): 19/85 kBProgress (1): 21/85 kBProgress (1): 24/85 kBProgress (1): 27/85 kBProgress (1): 30/85 kBProgress (1): 32/85 kBProgress (1): 36/85 kBProgress (1): 40/85 kBProgress (1): 45/85 kBProgress (1): 49/85 kBProgress (1): 53/85 kBProgress (1): 57/85 kBProgress (1): 61/85 kBProgress (1): 65/85 kBProgress (1): 69/85 kBProgress (1): 73/85 kBProgress (1): 77/85 kBProgress (1): 81/85 kBProgress (1): 85 kB                      Downloaded from central: https://repo.maven.apache.org/maven2/org/apache/maven/surefire/surefire-junit4/2.22.0/surefire-junit4-2.22.0.jar (85 kB at 230 kB/s)
[INFO] 
[INFO] -------------------------------------------------------
[INFO]  T E S T S
[INFO] -------------------------------------------------------
[INFO] Running org.apache.commons.lang3.StringUtilsEmptyBlankTest
[INFO] Tests run: 12, Failures: 0, Errors: 0, Skipped: 0, Time elapsed: 0.036 s - in org.apache.commons.lang3.StringUtilsEmptyBlankTest
[INFO] Running org.apache.commons.lang3.CharSequenceUtilsTest
[INFO] Tests run: 6, Failures: 0, Errors: 0, Skipped: 0, Time elapsed: 0.001 s - in org.apache.commons.lang3.CharSequenceUtilsTest
[INFO] Running org.apache.commons.lang3.RandomStringUtilsTest
[INFO] Tests run: 18, Failures: 0, Errors: 0, Skipped: 0, Time elapsed: 0.092 s - in org.apache.commons.lang3.RandomStringUtilsTest
[INFO] Running org.apache.commons.lang3.NotImplementedExceptionTest
[INFO] Tests run: 1, Failures: 0, Errors: 0, Skipped: 0, Time elapsed: 0 s - in org.apache.commons.lang3.NotImplementedExceptionTest
[INFO] Running org.apache.commons.lang3.ArrayUtilsInsertTest
[INFO] Tests run: 9, Failures: 0, Errors: 0, Skipped: 0, Time elapsed: 0.002 s - in org.apache.commons.lang3.ArrayUtilsInsertTest
[INFO] Running org.apache.commons.lang3.CharSetUtilsTest
[INFO] Tests run: 11, Failures: 0, Errors: 0, Skipped: 0, Time elapsed: 0.005 s - in org.apache.commons.lang3.CharSetUtilsTest
[INFO] Running org.apache.commons.lang3.AnnotationUtilsTest
[INFO] Tests run: 10, Failures: 0, Errors: 0, Skipped: 0, Time elapsed: 0.026 s - in org.apache.commons.lang3.AnnotationUtilsTest
[INFO] Running org.apache.commons.lang3.SerializationUtilsTest
[INFO] Tests run: 26, Failures: 0, Errors: 0, Skipped: 0, Time elapsed: 0.034 s - in org.apache.commons.lang3.SerializationUtilsTest
[INFO] Running org.apache.commons.lang3.reflect.ConstructorUtilsTest
[INFO] Tests run: 8, Failures: 0, Errors: 0, Skipped: 0, Time elapsed: 0.009 s - in org.apache.commons.lang3.reflect.ConstructorUtilsTest
[INFO] Running org.apache.commons.lang3.reflect.MethodUtilsTest
[INFO] Tests run: 40, Failures: 0, Errors: 0, Skipped: 0, Time elapsed: 0.036 s - in org.apache.commons.lang3.reflect.MethodUtilsTest
[INFO] Running org.apache.commons.lang3.reflect.TypeUtilsTest
[INFO] Tests run: 24, Failures: 0, Errors: 0, Skipped: 0, Time elapsed: 0.018 s - in org.apache.commons.lang3.reflect.TypeUtilsTest
[INFO] Running org.apache.commons.lang3.reflect.FieldUtilsTest
[INFO] Tests run: 64, Failures: 0, Errors: 0, Skipped: 0, Time elapsed: 0.027 s - in org.apache.commons.lang3.reflect.FieldUtilsTest
[INFO] Running org.apache.commons.lang3.reflect.TypeLiteralTest
[INFO] Tests run: 4, Failures: 0, Errors: 0, Skipped: 0, Time elapsed: 0.004 s - in org.apache.commons.lang3.reflect.TypeLiteralTest
[INFO] Running org.apache.commons.lang3.reflect.InheritanceUtilsTest
[INFO] Tests run: 9, Failures: 0, Errors: 0, Skipped: 0, Time elapsed: 0.003 s - in org.apache.commons.lang3.reflect.InheritanceUtilsTest
[INFO] Running org.apache.commons.lang3.exception.DefaultExceptionContextTest
[INFO] Tests run: 8, Failures: 0, Errors: 0, Skipped: 0, Time elapsed: 0.017 s - in org.apache.commons.lang3.exception.DefaultExceptionContextTest
[INFO] Running org.apache.commons.lang3.exception.ExceptionUtilsTest
[INFO] Tests run: 34, Failures: 0, Errors: 0, Skipped: 0, Time elapsed: 0.013 s - in org.apache.commons.lang3.exception.ExceptionUtilsTest
[INFO] Running org.apache.commons.lang3.exception.CloneFailedExceptionTest
[INFO] Tests run: 6, Failures: 0, Errors: 0, Skipped: 0, Time elapsed: 0 s - in org.apache.commons.lang3.exception.CloneFailedExceptionTest
[INFO] Running org.apache.commons.lang3.exception.ContextedRuntimeExceptionTest
[INFO] Tests run: 14, Failures: 0, Errors: 0, Skipped: 0, Time elapsed: 0.009 s - in org.apache.commons.lang3.exception.ContextedRuntimeExceptionTest
[INFO] Running org.apache.commons.lang3.exception.ContextedExceptionTest
[INFO] Tests run: 14, Failures: 0, Errors: 0, Skipped: 0, Time elapsed: 0.006 s - in org.apache.commons.lang3.exception.ContextedExceptionTest
[INFO] Running org.apache.commons.lang3.ThreadUtilsTest
[INFO] Tests run: 27, Failures: 0, Errors: 0, Skipped: 0, Time elapsed: 0.016 s - in org.apache.commons.lang3.ThreadUtilsTest
[INFO] Running org.apache.commons.lang3.ObjectUtilsTest
[INFO] Tests run: 44, Failures: 0, Errors: 0, Skipped: 0, Time elapsed: 0.014 s - in org.apache.commons.lang3.ObjectUtilsTest
[INFO] Running org.apache.commons.lang3.test.SystemDefaultsSwitchTest
[INFO] Tests run: 4, Failures: 0, Errors: 0, Skipped: 0, Time elapsed: 0.007 s - in org.apache.commons.lang3.test.SystemDefaultsSwitchTest
[INFO] Running org.apache.commons.lang3.ClassPathUtilsTest
[INFO] Tests run: 13, Failures: 0, Errors: 0, Skipped: 0, Time elapsed: 0.001 s - in org.apache.commons.lang3.ClassPathUtilsTest
[INFO] Running org.apache.commons.lang3.time.DurationFormatUtilsTest
[INFO] Tests run: 25, Failures: 0, Errors: 0, Skipped: 0, Time elapsed: 0.597 s - in org.apache.commons.lang3.time.DurationFormatUtilsTest
[INFO] Running org.apache.commons.lang3.time.FastDateFormatTest
>>FastDateFormatTest: FastDatePrinter:350  SimpleDateFormat:3395
>>FastDateFormatTest: FastDateParser:511  SimpleDateFormat:1682
[INFO] Tests run: 16, Failures: 0, Errors: 0, Skipped: 0, Time elapsed: 0.752 s - in org.apache.commons.lang3.time.FastDateFormatTest
[INFO] Running org.apache.commons.lang3.time.DateUtilsFragmentTest
[INFO] Tests run: 57, Failures: 0, Errors: 0, Skipped: 0, Time elapsed: 0.008 s - in org.apache.commons.lang3.time.DateUtilsFragmentTest
[INFO] Running org.apache.commons.lang3.time.GmtTimeZoneTest
[INFO] Tests run: 12, Failures: 0, Errors: 0, Skipped: 0, Time elapsed: 0.001 s - in org.apache.commons.lang3.time.GmtTimeZoneTest
[INFO] Running org.apache.commons.lang3.time.FastDateParserSDFTest
[INFO] Tests run: 276, Failures: 0, Errors: 0, Skipped: 0, Time elapsed: 0.064 s - in org.apache.commons.lang3.time.FastDateParserSDFTest
[INFO] Running org.apache.commons.lang3.time.FastDateFormat_PrinterTest
[INFO] Tests run: 22, Failures: 0, Errors: 0, Skipped: 0, Time elapsed: 0.009 s - in org.apache.commons.lang3.time.FastDateFormat_PrinterTest
[INFO] Running org.apache.commons.lang3.time.WeekYearTest
[INFO] Tests run: 32, Failures: 0, Errors: 0, Skipped: 0, Time elapsed: 0.006 s - in org.apache.commons.lang3.time.WeekYearTest
[INFO] Running org.apache.commons.lang3.time.FastDateFormat_ParserTest
[INFO] Tests run: 38, Failures: 0, Errors: 0, Skipped: 0, Time elapsed: 1.114 s - in org.apache.commons.lang3.time.FastDateFormat_ParserTest
[INFO] Running org.apache.commons.lang3.time.StopWatchTest
[INFO] Tests run: 10, Failures: 0, Errors: 0, Skipped: 0, Time elapsed: 4.754 s - in org.apache.commons.lang3.time.StopWatchTest
[INFO] Running org.apache.commons.lang3.time.FastDatePrinterTimeZonesTest
[INFO] Tests run: 628, Failures: 0, Errors: 0, Skipped: 0, Time elapsed: 0.137 s - in org.apache.commons.lang3.time.FastDatePrinterTimeZonesTest
[INFO] Running org.apache.commons.lang3.time.DateUtilsRoundingTest
[INFO] Tests run: 22, Failures: 0, Errors: 0, Skipped: 0, Time elapsed: 0.007 s - in org.apache.commons.lang3.time.DateUtilsRoundingTest
[INFO] Running org.apache.commons.lang3.time.FastDatePrinterTest
[INFO] Tests run: 22, Failures: 0, Errors: 0, Skipped: 0, Time elapsed: 0.003 s - in org.apache.commons.lang3.time.FastDatePrinterTest
[INFO] Running org.apache.commons.lang3.time.DateUtilsTest
[INFO] Tests run: 63, Failures: 0, Errors: 0, Skipped: 0, Time elapsed: 0.055 s - in org.apache.commons.lang3.time.DateUtilsTest
[INFO] Running org.apache.commons.lang3.time.FastTimeZoneTest
[INFO] Tests run: 10, Failures: 0, Errors: 0, Skipped: 0, Time elapsed: 0 s - in org.apache.commons.lang3.time.FastTimeZoneTest
[INFO] Running org.apache.commons.lang3.time.FastDateParser_MoreOrLessTest
[INFO] Tests run: 7, Failures: 0, Errors: 0, Skipped: 0, Time elapsed: 0 s - in org.apache.commons.lang3.time.FastDateParser_MoreOrLessTest
[INFO] Running org.apache.commons.lang3.time.FastDateParserTest
[INFO] Tests run: 38, Failures: 0, Errors: 0, Skipped: 0, Time elapsed: 0.361 s - in org.apache.commons.lang3.time.FastDateParserTest
[INFO] Running org.apache.commons.lang3.time.DateFormatUtilsTest
[INFO] Tests run: 12, Failures: 0, Errors: 0, Skipped: 0, Time elapsed: 0.001 s - in org.apache.commons.lang3.time.DateFormatUtilsTest
[INFO] Running org.apache.commons.lang3.time.FastDateParser_TimeZoneStrategyTest
[INFO] Tests run: 2, Failures: 0, Errors: 0, Skipped: 0, Time elapsed: 3.391 s - in org.apache.commons.lang3.time.FastDateParser_TimeZoneStrategyTest
[INFO] Running org.apache.commons.lang3.ArchUtilsTest
[INFO] Tests run: 4, Failures: 0, Errors: 0, Skipped: 0, Time elapsed: 0 s - in org.apache.commons.lang3.ArchUtilsTest
[INFO] Running org.apache.commons.lang3.EnumUtilsTest
[INFO] Tests run: 40, Failures: 0, Errors: 0, Skipped: 0, Time elapsed: 0.007 s - in org.apache.commons.lang3.EnumUtilsTest
[INFO] Running org.apache.commons.lang3.event.EventListenerSupportTest
[INFO] Tests run: 10, Failures: 0, Errors: 0, Skipped: 0, Time elapsed: 0.021 s - in org.apache.commons.lang3.event.EventListenerSupportTest
[INFO] Running org.apache.commons.lang3.event.EventUtilsTest
[INFO] Tests run: 8, Failures: 0, Errors: 0, Skipped: 0, Time elapsed: 0.007 s - in org.apache.commons.lang3.event.EventUtilsTest
[INFO] Running org.apache.commons.lang3.StringEscapeUtilsTest
[INFO] Tests run: 32, Failures: 0, Errors: 0, Skipped: 0, Time elapsed: 0.169 s - in org.apache.commons.lang3.StringEscapeUtilsTest
[INFO] Running org.apache.commons.lang3.StringUtilsEqualsIndexOfTest
[INFO] Tests run: 37, Failures: 0, Errors: 0, Skipped: 0, Time elapsed: 0.003 s - in org.apache.commons.lang3.StringUtilsEqualsIndexOfTest
[INFO] Running org.apache.commons.lang3.concurrent.MultiBackgroundInitializerTest
[INFO] Tests run: 17, Failures: 0, Errors: 0, Skipped: 0, Time elapsed: 0.03 s - in org.apache.commons.lang3.concurrent.MultiBackgroundInitializerTest
[INFO] Running org.apache.commons.lang3.concurrent.AtomicInitializerTest
[INFO] Tests run: 3, Failures: 0, Errors: 0, Skipped: 0, Time elapsed: 0.01 s - in org.apache.commons.lang3.concurrent.AtomicInitializerTest
[INFO] Running org.apache.commons.lang3.concurrent.CallableBackgroundInitializerTest
[INFO] Tests run: 4, Failures: 0, Errors: 0, Skipped: 0, Time elapsed: 0.001 s - in org.apache.commons.lang3.concurrent.CallableBackgroundInitializerTest
[INFO] Running org.apache.commons.lang3.concurrent.BasicThreadFactoryTest
[INFO] Tests run: 15, Failures: 0, Errors: 0, Skipped: 0, Time elapsed: 0.004 s - in org.apache.commons.lang3.concurrent.BasicThreadFactoryTest
[INFO] Running org.apache.commons.lang3.concurrent.TimedSemaphoreTest
[INFO] Tests run: 17, Failures: 0, Errors: 0, Skipped: 0, Time elapsed: 1.173 s - in org.apache.commons.lang3.concurrent.TimedSemaphoreTest
[INFO] Running org.apache.commons.lang3.concurrent.ConstantInitializerTest
[INFO] Tests run: 7, Failures: 0, Errors: 0, Skipped: 0, Time elapsed: 0.001 s - in org.apache.commons.lang3.concurrent.ConstantInitializerTest
[INFO] Running org.apache.commons.lang3.concurrent.ThresholdCircuitBreakerTest
[INFO] Tests run: 5, Failures: 0, Errors: 0, Skipped: 0, Time elapsed: 0.003 s - in org.apache.commons.lang3.concurrent.ThresholdCircuitBreakerTest
[INFO] Running org.apache.commons.lang3.concurrent.EventCountCircuitBreakerTest
[INFO] Tests run: 18, Failures: 0, Errors: 0, Skipped: 0, Time elapsed: 0.029 s - in org.apache.commons.lang3.concurrent.EventCountCircuitBreakerTest
[INFO] Running org.apache.commons.lang3.concurrent.LazyInitializerTest
[INFO] Tests run: 3, Failures: 0, Errors: 0, Skipped: 0, Time elapsed: 0.003 s - in org.apache.commons.lang3.concurrent.LazyInitializerTest
[INFO] Running org.apache.commons.lang3.concurrent.CircuitBreakingExceptionTest
[INFO] Tests run: 7, Failures: 0, Errors: 0, Skipped: 0, Time elapsed: 0 s - in org.apache.commons.lang3.concurrent.CircuitBreakingExceptionTest
[INFO] Running org.apache.commons.lang3.concurrent.BackgroundInitializerTest
[INFO] Tests run: 15, Failures: 0, Errors: 0, Skipped: 0, Time elapsed: 0.011 s - in org.apache.commons.lang3.concurrent.BackgroundInitializerTest
[INFO] Running org.apache.commons.lang3.concurrent.MemoizerTest
[INFO] Tests run: 6, Failures: 0, Errors: 0, Skipped: 0, Time elapsed: 0.005 s - in org.apache.commons.lang3.concurrent.MemoizerTest
[INFO] Running org.apache.commons.lang3.concurrent.ConcurrentUtilsTest
[INFO] Tests run: 41, Failures: 0, Errors: 0, Skipped: 0, Time elapsed: 0.005 s - in org.apache.commons.lang3.concurrent.ConcurrentUtilsTest
[INFO] Running org.apache.commons.lang3.concurrent.AtomicSafeInitializerTest
[INFO] Tests run: 4, Failures: 0, Errors: 0, Skipped: 0, Time elapsed: 0.017 s - in org.apache.commons.lang3.concurrent.AtomicSafeInitializerTest
[INFO] Running org.apache.commons.lang3.ArrayUtilsRemoveTest
[INFO] Tests run: 28, Failures: 0, Errors: 0, Skipped: 0, Time elapsed: 0.004 s - in org.apache.commons.lang3.ArrayUtilsRemoveTest
[INFO] Running org.apache.commons.lang3.CharRangeTest
[INFO] Tests run: 17, Failures: 0, Errors: 0, Skipped: 0, Time elapsed: 0.015 s - in org.apache.commons.lang3.CharRangeTest
[INFO] Running org.apache.commons.lang3.builder.DiffBuilderTest
[INFO] Tests run: 31, Failures: 0, Errors: 0, Skipped: 0, Time elapsed: 0.014 s - in org.apache.commons.lang3.builder.DiffBuilderTest
[INFO] Running org.apache.commons.lang3.builder.DiffResultTest
[INFO] Tests run: 9, Failures: 0, Errors: 0, Skipped: 0, Time elapsed: 0 s - in org.apache.commons.lang3.builder.DiffResultTest
[INFO] Running org.apache.commons.lang3.builder.ReflectionToStringBuilderConcurrencyTest
[WARNING] Tests run: 3, Failures: 0, Errors: 0, Skipped: 3, Time elapsed: 0 s - in org.apache.commons.lang3.builder.ReflectionToStringBuilderConcurrencyTest
[INFO] Running org.apache.commons.lang3.builder.ToStringBuilderTest
[WARNING] Tests run: 94, Failures: 0, Errors: 0, Skipped: 1, Time elapsed: 0.023 s - in org.apache.commons.lang3.builder.ToStringBuilderTest
[INFO] Running org.apache.commons.lang3.builder.CompareToBuilderTest
[INFO] Tests run: 48, Failures: 0, Errors: 0, Skipped: 0, Time elapsed: 0.009 s - in org.apache.commons.lang3.builder.CompareToBuilderTest
[INFO] Running org.apache.commons.lang3.builder.NoClassNameToStringStyleTest
[INFO] Tests run: 8, Failures: 0, Errors: 0, Skipped: 0, Time elapsed: 0 s - in org.apache.commons.lang3.builder.NoClassNameToStringStyleTest
[INFO] Running org.apache.commons.lang3.builder.EqualsBuilderTest
[INFO] Tests run: 56, Failures: 0, Errors: 0, Skipped: 0, Time elapsed: 0.01 s - in org.apache.commons.lang3.builder.EqualsBuilderTest
[INFO] Running org.apache.commons.lang3.builder.ReflectionToStringBuilderSummaryTest
[INFO] Tests run: 1, Failures: 0, Errors: 0, Skipped: 0, Time elapsed: 0 s - in org.apache.commons.lang3.builder.ReflectionToStringBuilderSummaryTest
[INFO] Running org.apache.commons.lang3.builder.DefaultToStringStyleTest
[INFO] Tests run: 8, Failures: 0, Errors: 0, Skipped: 0, Time elapsed: 0 s - in org.apache.commons.lang3.builder.DefaultToStringStyleTest
[INFO] Running org.apache.commons.lang3.builder.RecursiveToStringStyleTest
[INFO] Tests run: 8, Failures: 0, Errors: 0, Skipped: 0, Time elapsed: 0 s - in org.apache.commons.lang3.builder.RecursiveToStringStyleTest
[INFO] Running org.apache.commons.lang3.builder.ShortPrefixToStringStyleTest
[INFO] Tests run: 8, Failures: 0, Errors: 0, Skipped: 0, Time elapsed: 0 s - in org.apache.commons.lang3.builder.ShortPrefixToStringStyleTest
[INFO] Running org.apache.commons.lang3.builder.JsonToStringStyleTest
[INFO] Tests run: 15, Failures: 0, Errors: 0, Skipped: 0, Time elapsed: 0.001 s - in org.apache.commons.lang3.builder.JsonToStringStyleTest
[INFO] Running org.apache.commons.lang3.builder.StandardToStringStyleTest
[INFO] Tests run: 8, Failures: 0, Errors: 0, Skipped: 0, Time elapsed: 0.001 s - in org.apache.commons.lang3.builder.StandardToStringStyleTest
[INFO] Running org.apache.commons.lang3.builder.ReflectionToStringBuilderTest
[INFO] Tests run: 1, Failures: 0, Errors: 0, Skipped: 0, Time elapsed: 0.001 s - in org.apache.commons.lang3.builder.ReflectionToStringBuilderTest
[INFO] Running org.apache.commons.lang3.builder.ToStringStyleConcurrencyTest
[INFO] Tests run: 3, Failures: 0, Errors: 0, Skipped: 0, Time elapsed: 2.511 s - in org.apache.commons.lang3.builder.ToStringStyleConcurrencyTest
[INFO] Running org.apache.commons.lang3.builder.HashCodeBuilderTest
[INFO] Tests run: 45, Failures: 0, Errors: 0, Skipped: 0, Time elapsed: 0.007 s - in org.apache.commons.lang3.builder.HashCodeBuilderTest
[INFO] Running org.apache.commons.lang3.builder.MultiLineToStringStyleTest
[INFO] Tests run: 8, Failures: 0, Errors: 0, Skipped: 0, Time elapsed: 0 s - in org.apache.commons.lang3.builder.MultiLineToStringStyleTest
[INFO] Running org.apache.commons.lang3.builder.DiffTest
[INFO] Tests run: 4, Failures: 0, Errors: 0, Skipped: 0, Time elapsed: 0 s - in org.apache.commons.lang3.builder.DiffTest
[INFO] Running org.apache.commons.lang3.builder.SimpleToStringStyleTest
[INFO] Tests run: 8, Failures: 0, Errors: 0, Skipped: 0, Time elapsed: 0.001 s - in org.apache.commons.lang3.builder.SimpleToStringStyleTest
[INFO] Running org.apache.commons.lang3.builder.MultilineRecursiveToStringStyleTest
[INFO] Tests run: 11, Failures: 0, Errors: 0, Skipped: 0, Time elapsed: 0.002 s - in org.apache.commons.lang3.builder.MultilineRecursiveToStringStyleTest
[INFO] Running org.apache.commons.lang3.builder.ReflectionDiffBuilderTest
[INFO] Tests run: 6, Failures: 0, Errors: 0, Skipped: 0, Time elapsed: 0.001 s - in org.apache.commons.lang3.builder.ReflectionDiffBuilderTest
[INFO] Running org.apache.commons.lang3.builder.ToStringStyleTest
[INFO] Tests run: 12, Failures: 0, Errors: 0, Skipped: 0, Time elapsed: 0 s - in org.apache.commons.lang3.builder.ToStringStyleTest
[INFO] Running org.apache.commons.lang3.builder.ReflectionToStringBuilderMutateInspectConcurrencyTest
[WARNING] Tests run: 1, Failures: 0, Errors: 0, Skipped: 1, Time elapsed: 0 s - in org.apache.commons.lang3.builder.ReflectionToStringBuilderMutateInspectConcurrencyTest
[INFO] Running org.apache.commons.lang3.builder.ReflectionToStringBuilderExcludeNullValuesTest
[INFO] Tests run: 5, Failures: 0, Errors: 0, Skipped: 0, Time elapsed: 0.001 s - in org.apache.commons.lang3.builder.ReflectionToStringBuilderExcludeNullValuesTest
[INFO] Running org.apache.commons.lang3.builder.NoFieldNamesToStringStyleTest
[INFO] Tests run: 8, Failures: 0, Errors: 0, Skipped: 0, Time elapsed: 0 s - in org.apache.commons.lang3.builder.NoFieldNamesToStringStyleTest
[INFO] Running org.apache.commons.lang3.builder.ReflectionToStringBuilderExcludeWithAnnotationTest
[INFO] Tests run: 1, Failures: 0, Errors: 0, Skipped: 0, Time elapsed: 0.001 s - in org.apache.commons.lang3.builder.ReflectionToStringBuilderExcludeWithAnnotationTest
[INFO] Running org.apache.commons.lang3.builder.HashCodeBuilderAndEqualsBuilderTest
[INFO] Tests run: 4, Failures: 0, Errors: 0, Skipped: 0, Time elapsed: 0 s - in org.apache.commons.lang3.builder.HashCodeBuilderAndEqualsBuilderTest
[INFO] Running org.apache.commons.lang3.builder.ReflectionToStringBuilderExcludeTest
[INFO] Tests run: 11, Failures: 0, Errors: 0, Skipped: 0, Time elapsed: 0.001 s - in org.apache.commons.lang3.builder.ReflectionToStringBuilderExcludeTest
[INFO] Running org.apache.commons.lang3.StringUtilsContainsTest
[INFO] Tests run: 22, Failures: 0, Errors: 0, Skipped: 0, Time elapsed: 0 s - in org.apache.commons.lang3.StringUtilsContainsTest
[INFO] Running org.apache.commons.lang3.RangeTest
[INFO] Tests run: 24, Failures: 0, Errors: 0, Skipped: 0, Time elapsed: 0.004 s - in org.apache.commons.lang3.RangeTest
[INFO] Running org.apache.commons.lang3.CharUtilsTest
[INFO] Tests run: 24, Failures: 0, Errors: 0, Skipped: 0, Time elapsed: 0.002 s - in org.apache.commons.lang3.CharUtilsTest
[INFO] Running org.apache.commons.lang3.ClassUtilsTest
[INFO] Tests run: 62, Failures: 0, Errors: 0, Skipped: 0, Time elapsed: 0.014 s - in org.apache.commons.lang3.ClassUtilsTest
[INFO] Running org.apache.commons.lang3.text.WordUtilsTest
[INFO] Tests run: 16, Failures: 0, Errors: 0, Skipped: 0, Time elapsed: 0.004 s - in org.apache.commons.lang3.text.WordUtilsTest
[INFO] Running org.apache.commons.lang3.text.StrSubstitutorTest
[INFO] Tests run: 41, Failures: 0, Errors: 0, Skipped: 0, Time elapsed: 0.014 s - in org.apache.commons.lang3.text.StrSubstitutorTest
[INFO] Running org.apache.commons.lang3.text.ExtendedMessageFormatTest
[INFO] Tests run: 10, Failures: 0, Errors: 0, Skipped: 0, Time elapsed: 0.336 s - in org.apache.commons.lang3.text.ExtendedMessageFormatTest
[INFO] Running org.apache.commons.lang3.text.CompositeFormatTest
[INFO] Tests run: 2, Failures: 0, Errors: 0, Skipped: 0, Time elapsed: 0 s - in org.apache.commons.lang3.text.CompositeFormatTest
[INFO] Running org.apache.commons.lang3.text.translate.NumericEntityEscaperTest
[INFO] Tests run: 4, Failures: 0, Errors: 0, Skipped: 0, Time elapsed: 0 s - in org.apache.commons.lang3.text.translate.NumericEntityEscaperTest
[INFO] Running org.apache.commons.lang3.text.translate.NumericEntityUnescaperTest
[INFO] Tests run: 3, Failures: 0, Errors: 0, Skipped: 0, Time elapsed: 0 s - in org.apache.commons.lang3.text.translate.NumericEntityUnescaperTest
[INFO] Running org.apache.commons.lang3.text.translate.UnicodeEscaperTest
[INFO] Tests run: 3, Failures: 0, Errors: 0, Skipped: 0, Time elapsed: 0 s - in org.apache.commons.lang3.text.translate.UnicodeEscaperTest
[INFO] Running org.apache.commons.lang3.text.translate.LookupTranslatorTest
[INFO] Tests run: 2, Failures: 0, Errors: 0, Skipped: 0, Time elapsed: 0 s - in org.apache.commons.lang3.text.translate.LookupTranslatorTest
[INFO] Running org.apache.commons.lang3.text.translate.OctalUnescaperTest
[INFO] Tests run: 1, Failures: 0, Errors: 0, Skipped: 0, Time elapsed: 0.001 s - in org.apache.commons.lang3.text.translate.OctalUnescaperTest
[INFO] Running org.apache.commons.lang3.text.translate.UnicodeUnpairedSurrogateRemoverTest
[INFO] Tests run: 2, Failures: 0, Errors: 0, Skipped: 0, Time elapsed: 0 s - in org.apache.commons.lang3.text.translate.UnicodeUnpairedSurrogateRemoverTest
[INFO] Running org.apache.commons.lang3.text.translate.EntityArraysTest
[INFO] Tests run: 3, Failures: 0, Errors: 0, Skipped: 0, Time elapsed: 0 s - in org.apache.commons.lang3.text.translate.EntityArraysTest
[INFO] Running org.apache.commons.lang3.text.translate.UnicodeUnescaperTest
[INFO] Tests run: 3, Failures: 0, Errors: 0, Skipped: 0, Time elapsed: 0 s - in org.apache.commons.lang3.text.translate.UnicodeUnescaperTest
[INFO] Running org.apache.commons.lang3.text.StrLookupTest
[INFO] Tests run: 6, Failures: 0, Errors: 0, Skipped: 0, Time elapsed: 0 s - in org.apache.commons.lang3.text.StrLookupTest
[INFO] Running org.apache.commons.lang3.text.FormattableUtilsTest
[INFO] Tests run: 5, Failures: 0, Errors: 0, Skipped: 0, Time elapsed: 0 s - in org.apache.commons.lang3.text.FormattableUtilsTest
[INFO] Running org.apache.commons.lang3.text.StrMatcherTest
[INFO] Tests run: 14, Failures: 0, Errors: 0, Skipped: 0, Time elapsed: 0.001 s - in org.apache.commons.lang3.text.StrMatcherTest
[INFO] Running org.apache.commons.lang3.text.StrBuilderAppendInsertTest
[INFO] Tests run: 51, Failures: 0, Errors: 0, Skipped: 0, Time elapsed: 0 s - in org.apache.commons.lang3.text.StrBuilderAppendInsertTest
[INFO] Running org.apache.commons.lang3.text.StrBuilderTest
[INFO] Tests run: 91, Failures: 0, Errors: 0, Skipped: 0, Time elapsed: 0.011 s - in org.apache.commons.lang3.text.StrBuilderTest
[INFO] Running org.apache.commons.lang3.text.StrTokenizerTest
[INFO] Tests run: 55, Failures: 0, Errors: 0, Skipped: 0, Time elapsed: 0.004 s - in org.apache.commons.lang3.text.StrTokenizerTest
[INFO] Running org.apache.commons.lang3.ArrayUtilsRemoveMultipleTest
[INFO] Tests run: 55, Failures: 0, Errors: 0, Skipped: 0, Time elapsed: 0.006 s - in org.apache.commons.lang3.ArrayUtilsRemoveMultipleTest
[INFO] Running org.apache.commons.lang3.math.IEEE754rUtilsTest
[INFO] Tests run: 3, Failures: 0, Errors: 0, Skipped: 0, Time elapsed: 0 s - in org.apache.commons.lang3.math.IEEE754rUtilsTest
[INFO] Running org.apache.commons.lang3.math.FractionTest
[INFO] Tests run: 25, Failures: 0, Errors: 0, Skipped: 0, Time elapsed: 0.095 s - in org.apache.commons.lang3.math.FractionTest
[INFO] Running org.apache.commons.lang3.math.NumberUtilsTest
[INFO] Tests run: 112, Failures: 0, Errors: 0, Skipped: 0, Time elapsed: 0.015 s - in org.apache.commons.lang3.math.NumberUtilsTest
[INFO] Running org.apache.commons.lang3.RegExUtilsTest
[INFO] Tests run: 10, Failures: 0, Errors: 0, Skipped: 0, Time elapsed: 0.001 s - in org.apache.commons.lang3.RegExUtilsTest
[INFO] Running org.apache.commons.lang3.BooleanUtilsTest
[INFO] Tests run: 72, Failures: 0, Errors: 0, Skipped: 0, Time elapsed: 0.005 s - in org.apache.commons.lang3.BooleanUtilsTest
[INFO] Running org.apache.commons.lang3.tuple.ImmutablePairTest
[INFO] Tests run: 13, Failures: 0, Errors: 0, Skipped: 0, Time elapsed: 0.001 s - in org.apache.commons.lang3.tuple.ImmutablePairTest
[INFO] Running org.apache.commons.lang3.tuple.MutableTripleTest
[INFO] Tests run: 8, Failures: 0, Errors: 0, Skipped: 0, Time elapsed: 0 s - in org.apache.commons.lang3.tuple.MutableTripleTest
[INFO] Running org.apache.commons.lang3.tuple.ImmutableTripleTest
[INFO] Tests run: 12, Failures: 0, Errors: 0, Skipped: 0, Time elapsed: 0.002 s - in org.apache.commons.lang3.tuple.ImmutableTripleTest
[INFO] Running org.apache.commons.lang3.tuple.TripleTest
[INFO] Tests run: 10, Failures: 0, Errors: 0, Skipped: 0, Time elapsed: 0.001 s - in org.apache.commons.lang3.tuple.TripleTest
[INFO] Running org.apache.commons.lang3.tuple.PairTest
[INFO] Tests run: 9, Failures: 0, Errors: 0, Skipped: 0, Time elapsed: 0.001 s - in org.apache.commons.lang3.tuple.PairTest
[INFO] Running org.apache.commons.lang3.tuple.MutablePairTest
[INFO] Tests run: 8, Failures: 0, Errors: 0, Skipped: 0, Time elapsed: 0.001 s - in org.apache.commons.lang3.tuple.MutablePairTest
[INFO] Running org.apache.commons.lang3.StringUtilsTrimStripTest
[INFO] Tests run: 11, Failures: 0, Errors: 0, Skipped: 0, Time elapsed: 0.008 s - in org.apache.commons.lang3.StringUtilsTrimStripTest
[INFO] Running org.apache.commons.lang3.ArrayUtilsAddTest
[INFO] Tests run: 13, Failures: 0, Errors: 0, Skipped: 0, Time elapsed: 0.002 s - in org.apache.commons.lang3.ArrayUtilsAddTest
[INFO] Running org.apache.commons.lang3.StringUtilsTest
[INFO] Tests run: 145, Failures: 0, Errors: 0, Skipped: 0, Time elapsed: 0.056 s - in org.apache.commons.lang3.StringUtilsTest
[INFO] Running org.apache.commons.lang3.BitFieldTest
[INFO] Tests run: 15, Failures: 0, Errors: 0, Skipped: 0, Time elapsed: 0.001 s - in org.apache.commons.lang3.BitFieldTest
[INFO] Running org.apache.commons.lang3.RandomUtilsTest
[INFO] Tests run: 29, Failures: 0, Errors: 0, Skipped: 0, Time elapsed: 0.002 s - in org.apache.commons.lang3.RandomUtilsTest
[INFO] Running org.apache.commons.lang3.JavaVersionTest
[INFO] Tests run: 3, Failures: 0, Errors: 0, Skipped: 0, Time elapsed: 0 s - in org.apache.commons.lang3.JavaVersionTest
[INFO] Running org.apache.commons.lang3.CharEncodingTest
[INFO] Tests run: 5, Failures: 0, Errors: 0, Skipped: 0, Time elapsed: 0.007 s - in org.apache.commons.lang3.CharEncodingTest
[INFO] Running org.apache.commons.lang3.StringUtilsStartsEndsWithTest
[INFO] Tests run: 6, Failures: 0, Errors: 0, Skipped: 0, Time elapsed: 0 s - in org.apache.commons.lang3.StringUtilsStartsEndsWithTest
[INFO] Running org.apache.commons.lang3.ValidateTest
[INFO] Tests run: 67, Failures: 0, Errors: 0, Skipped: 0, Time elapsed: 0.007 s - in org.apache.commons.lang3.ValidateTest
[INFO] Running org.apache.commons.lang3.CharSetTest
[INFO] Tests run: 15, Failures: 0, Errors: 0, Skipped: 0, Time elapsed: 0.005 s - in org.apache.commons.lang3.CharSetTest
[INFO] Running org.apache.commons.lang3.StringUtilsSubstringTest
[INFO] Tests run: 14, Failures: 0, Errors: 0, Skipped: 0, Time elapsed: 0 s - in org.apache.commons.lang3.StringUtilsSubstringTest
[INFO] Running org.apache.commons.lang3.ConversionTest
[INFO] Tests run: 42, Failures: 0, Errors: 0, Skipped: 0, Time elapsed: 0.007 s - in org.apache.commons.lang3.ConversionTest
[INFO] Running org.apache.commons.lang3.mutable.MutableObjectTest
[INFO] Tests run: 5, Failures: 0, Errors: 0, Skipped: 0, Time elapsed: 0 s - in org.apache.commons.lang3.mutable.MutableObjectTest
[INFO] Running org.apache.commons.lang3.mutable.MutableBooleanTest
[INFO] Tests run: 9, Failures: 0, Errors: 0, Skipped: 0, Time elapsed: 0 s - in org.apache.commons.lang3.mutable.MutableBooleanTest
[INFO] Running org.apache.commons.lang3.mutable.MutableFloatTest
[INFO] Tests run: 26, Failures: 0, Errors: 0, Skipped: 0, Time elapsed: 0.003 s - in org.apache.commons.lang3.mutable.MutableFloatTest
[INFO] Running org.apache.commons.lang3.mutable.MutableIntTest
[INFO] Tests run: 25, Failures: 0, Errors: 0, Skipped: 0, Time elapsed: 0.002 s - in org.apache.commons.lang3.mutable.MutableIntTest
[INFO] Running org.apache.commons.lang3.mutable.MutableByteTest
[INFO] Tests run: 25, Failures: 0, Errors: 0, Skipped: 0, Time elapsed: 0.002 s - in org.apache.commons.lang3.mutable.MutableByteTest
[INFO] Running org.apache.commons.lang3.mutable.MutableLongTest
[INFO] Tests run: 25, Failures: 0, Errors: 0, Skipped: 0, Time elapsed: 0.002 s - in org.apache.commons.lang3.mutable.MutableLongTest
[INFO] Running org.apache.commons.lang3.mutable.MutableDoubleTest
[INFO] Tests run: 26, Failures: 0, Errors: 0, Skipped: 0, Time elapsed: 0.002 s - in org.apache.commons.lang3.mutable.MutableDoubleTest
[INFO] Running org.apache.commons.lang3.mutable.MutableShortTest
[INFO] Tests run: 22, Failures: 0, Errors: 0, Skipped: 0, Time elapsed: 0.001 s - in org.apache.commons.lang3.mutable.MutableShortTest
[INFO] Running org.apache.commons.lang3.StringUtilsIsTest
[INFO] Tests run: 8, Failures: 0, Errors: 0, Skipped: 0, Time elapsed: 0 s - in org.apache.commons.lang3.StringUtilsIsTest
[INFO] Running org.apache.commons.lang3.ArrayUtilsTest
[INFO] Tests run: 308, Failures: 0, Errors: 0, Skipped: 0, Time elapsed: 0.034 s - in org.apache.commons.lang3.ArrayUtilsTest
[INFO] Running org.apache.commons.lang3.LocaleUtilsTest
[INFO] Tests run: 16, Failures: 0, Errors: 0, Skipped: 0, Time elapsed: 0.004 s - in org.apache.commons.lang3.LocaleUtilsTest
[INFO] Running org.apache.commons.lang3.SystemUtilsTest
[INFO] Tests run: 17, Failures: 0, Errors: 0, Skipped: 0, Time elapsed: 0.002 s - in org.apache.commons.lang3.SystemUtilsTest
[INFO] 
[INFO] Results:
[INFO] 
[WARNING] Tests run: 4119, Failures: 0, Errors: 0, Skipped: 5
[INFO] 
[INFO] ------------------------------------------------------------------------
[INFO] BUILD SUCCESS
[INFO] ------------------------------------------------------------------------
[INFO] Total time: 50.715 s
[INFO] Finished at: 2019-08-20T20:20:02+08:00
[INFO] ------------------------------------------------------------------------
