[VERSION]: 3.6.5.Final
[INFO] Scanning for projects...
Downloading from central: https://repo.maven.apache.org/maven2/org/apache/maven/plugins/maven-enforcer-plugin/1.0-beta-1/maven-enforcer-plugin-1.0-beta-1.pom
Progress (1): 2.2/5.6 kB
Progress (1): 5.0/5.6 kB
Progress (1): 5.6 kB    
                    
Downloaded from central: https://repo.maven.apache.org/maven2/org/apache/maven/plugins/maven-enforcer-plugin/1.0-beta-1/maven-enforcer-plugin-1.0-beta-1.pom (5.6 kB at 3.3 kB/s)
Downloading from central: https://repo.maven.apache.org/maven2/org/apache/maven/enforcer/enforcer/1.0-beta-1/enforcer-1.0-beta-1.pom
Progress (1): 2.8/11 kB
Progress (1): 5.5/11 kB
Progress (1): 8.3/11 kB
Progress (1): 11/11 kB 
Progress (1): 11 kB   
                   
Downloaded from central: https://repo.maven.apache.org/maven2/org/apache/maven/enforcer/enforcer/1.0-beta-1/enforcer-1.0-beta-1.pom (11 kB at 21 kB/s)
Downloading from central: https://repo.maven.apache.org/maven2/org/apache/maven/plugins/maven-enforcer-plugin/1.0-beta-1/maven-enforcer-plugin-1.0-beta-1.jar
Progress (1): 2.2/21 kB
Progress (1): 5.0/21 kB
Progress (1): 7.7/21 kB
Progress (1): 10/21 kB 
Progress (1): 13/21 kB
Progress (1): 16/21 kB
Progress (1): 19/21 kB
Progress (1): 21/21 kB
Progress (1): 21 kB   
                   
Downloaded from central: https://repo.maven.apache.org/maven2/org/apache/maven/plugins/maven-enforcer-plugin/1.0-beta-1/maven-enforcer-plugin-1.0-beta-1.jar (21 kB at 38 kB/s)
Downloading from central: https://repo.maven.apache.org/maven2/org/apache/maven/plugins/maven-compiler-plugin/3.1/maven-compiler-plugin-3.1.pom
Progress (1): 2.2/10 kB
Progress (1): 5.0/10 kB
Progress (1): 7.8/10 kB
Progress (1): 10 kB    
                   
Downloaded from central: https://repo.maven.apache.org/maven2/org/apache/maven/plugins/maven-compiler-plugin/3.1/maven-compiler-plugin-3.1.pom (10 kB at 18 kB/s)
Downloading from central: https://repo.maven.apache.org/maven2/org/apache/maven/plugins/maven-compiler-plugin/3.1/maven-compiler-plugin-3.1.jar
Progress (1): 2.2/43 kB
Progress (1): 5.0/43 kB
Progress (1): 7.7/43 kB
Progress (1): 10/43 kB 
Progress (1): 13/43 kB
Progress (1): 16/43 kB
Progress (1): 19/43 kB
Progress (1): 21/43 kB
Progress (1): 24/43 kB
Progress (1): 27/43 kB
Progress (1): 30/43 kB
Progress (1): 32/43 kB
Progress (1): 36/43 kB
Progress (1): 40/43 kB
Progress (1): 43 kB   
                   
Downloaded from central: https://repo.maven.apache.org/maven2/org/apache/maven/plugins/maven-compiler-plugin/3.1/maven-compiler-plugin-3.1.jar (43 kB at 81 kB/s)
Downloading from central: https://repo.maven.apache.org/maven2/org/apache/maven/plugins/maven-release-plugin/2.4.1/maven-release-plugin-2.4.1.pom
Progress (1): 4.1/11 kB
Progress (1): 7.7/11 kB
Progress (1): 11 kB    
                   
Downloaded from central: https://repo.maven.apache.org/maven2/org/apache/maven/plugins/maven-release-plugin/2.4.1/maven-release-plugin-2.4.1.pom (11 kB at 21 kB/s)
Downloading from central: https://repo.maven.apache.org/maven2/org/apache/maven/release/maven-release/2.4.1/maven-release-2.4.1.pom
Progress (1): 4.1/5.5 kB
Progress (1): 5.5 kB    
                    
Downloaded from central: https://repo.maven.apache.org/maven2/org/apache/maven/release/maven-release/2.4.1/maven-release-2.4.1.pom (5.5 kB at 10.0 kB/s)
Downloading from central: https://repo.maven.apache.org/maven2/org/apache/maven/plugins/maven-release-plugin/2.4.1/maven-release-plugin-2.4.1.jar
Progress (1): 2.2/51 kB
Progress (1): 5.0/51 kB
Progress (1): 7.7/51 kB
Progress (1): 10/51 kB 
Progress (1): 13/51 kB
Progress (1): 16/51 kB
Progress (1): 19/51 kB
Progress (1): 21/51 kB
Progress (1): 24/51 kB
Progress (1): 27/51 kB
Progress (1): 30/51 kB
Progress (1): 32/51 kB
Progress (1): 36/51 kB
Progress (1): 40/51 kB
Progress (1): 45/51 kB
Progress (1): 49/51 kB
Progress (1): 51 kB   
                   
Downloaded from central: https://repo.maven.apache.org/maven2/org/apache/maven/plugins/maven-release-plugin/2.4.1/maven-release-plugin-2.4.1.jar (51 kB at 63 kB/s)
Downloading from central: https://repo.maven.apache.org/maven2/org/apache/maven/plugins/maven-surefire-plugin/2.15/maven-surefire-plugin-2.15.pom
Progress (1): 2.2/6.0 kB
Progress (1): 5.0/6.0 kB
Progress (1): 6.0 kB    
                    
Downloaded from central: https://repo.maven.apache.org/maven2/org/apache/maven/plugins/maven-surefire-plugin/2.15/maven-surefire-plugin-2.15.pom (6.0 kB at 11 kB/s)
Downloading from central: https://repo.maven.apache.org/maven2/org/apache/maven/surefire/surefire/2.15/surefire-2.15.pom
Progress (1): 2.2/19 kB
Progress (1): 5.0/19 kB
Progress (1): 7.8/19 kB
Progress (1): 11/19 kB 
Progress (1): 13/19 kB
Progress (1): 16/19 kB
Progress (1): 19 kB   
                   
Downloaded from central: https://repo.maven.apache.org/maven2/org/apache/maven/surefire/surefire/2.15/surefire-2.15.pom (19 kB at 32 kB/s)
Downloading from central: https://repo.maven.apache.org/maven2/org/apache/maven/plugins/maven-surefire-plugin/2.15/maven-surefire-plugin-2.15.jar
Progress (1): 2.2/32 kB
Progress (1): 5.0/32 kB
Progress (1): 7.7/32 kB
Progress (1): 10/32 kB 
Progress (1): 13/32 kB
Progress (1): 16/32 kB
Progress (1): 19/32 kB
Progress (1): 21/32 kB
Progress (1): 24/32 kB
Progress (1): 27/32 kB
Progress (1): 30/32 kB
Progress (1): 32/32 kB
Progress (1): 32 kB   
                   
Downloaded from central: https://repo.maven.apache.org/maven2/org/apache/maven/plugins/maven-surefire-plugin/2.15/maven-surefire-plugin-2.15.jar (32 kB at 58 kB/s)
Downloading from central: https://repo.maven.apache.org/maven2/org/apache/maven/plugins/maven-jar-plugin/2.4/maven-jar-plugin-2.4.pom
Progress (1): 2.2/5.8 kB
Progress (1): 5.0/5.8 kB
Progress (1): 5.8 kB    
                    
Downloaded from central: https://repo.maven.apache.org/maven2/org/apache/maven/plugins/maven-jar-plugin/2.4/maven-jar-plugin-2.4.pom (5.8 kB at 11 kB/s)
Downloading from central: https://repo.maven.apache.org/maven2/org/apache/maven/plugins/maven-jar-plugin/2.4/maven-jar-plugin-2.4.jar
Progress (1): 2.2/34 kB
Progress (1): 5.0/34 kB
Progress (1): 7.7/34 kB
Progress (1): 10/34 kB 
Progress (1): 13/34 kB
Progress (1): 16/34 kB
Progress (1): 19/34 kB
Progress (1): 21/34 kB
Progress (1): 24/34 kB
Progress (1): 27/34 kB
Progress (1): 30/34 kB
Progress (1): 32/34 kB
Progress (1): 34 kB   
                   
Downloaded from central: https://repo.maven.apache.org/maven2/org/apache/maven/plugins/maven-jar-plugin/2.4/maven-jar-plugin-2.4.jar (34 kB at 63 kB/s)
[INFO] 
[INFO] ----------------------< org.webbitserver:webbit >-----------------------
[INFO] Building webbit 0.4.16-SNAPSHOT
[INFO] --------------------------------[ jar ]---------------------------------
Downloading from repository.jboss.org: http://repository.jboss.org/nexus/content/groups/public/io/netty/netty/3.6.5.Final/netty-3.6.5.Final.pom
Downloading from gson: http://google-gson.googlecode.com/svn/mavenrepo/io/netty/netty/3.6.5.Final/netty-3.6.5.Final.pom
Downloading from central: https://repo.maven.apache.org/maven2/io/netty/netty/3.6.5.Final/netty-3.6.5.Final.pom
Progress (1): 2.2/26 kB
Progress (1): 5.0/26 kB
Progress (1): 7.8/26 kB
Progress (1): 11/26 kB 
Progress (1): 13/26 kB
Progress (1): 16/26 kB
Progress (1): 19/26 kB
Progress (1): 21/26 kB
Progress (1): 24/26 kB
Progress (1): 26 kB   
                   
Downloaded from central: https://repo.maven.apache.org/maven2/io/netty/netty/3.6.5.Final/netty-3.6.5.Final.pom (26 kB at 46 kB/s)
Downloading from repository.jboss.org: http://repository.jboss.org/nexus/content/groups/public/org/mockito/mockito-all/1.9.5/mockito-all-1.9.5.pom
Downloading from gson: http://google-gson.googlecode.com/svn/mavenrepo/org/mockito/mockito-all/1.9.5/mockito-all-1.9.5.pom
Downloading from central: https://repo.maven.apache.org/maven2/org/mockito/mockito-all/1.9.5/mockito-all-1.9.5.pom
Progress (1): 1.0 kB
                    
Downloaded from central: https://repo.maven.apache.org/maven2/org/mockito/mockito-all/1.9.5/mockito-all-1.9.5.pom (1.0 kB at 1.9 kB/s)
Downloading from repository.jboss.org: http://repository.jboss.org/nexus/content/groups/public/com/google/code/gson/gson/2.2.4/gson-2.2.4.pom
Downloading from gson: http://google-gson.googlecode.com/svn/mavenrepo/com/google/code/gson/gson/2.2.4/gson-2.2.4.pom
Downloading from central: https://repo.maven.apache.org/maven2/com/google/code/gson/gson/2.2.4/gson-2.2.4.pom
Progress (1): 2.2/8.0 kB
Progress (1): 5.0/8.0 kB
Progress (1): 7.8/8.0 kB
Progress (1): 8.0 kB    
                    
Downloaded from central: https://repo.maven.apache.org/maven2/com/google/code/gson/gson/2.2.4/gson-2.2.4.pom (8.0 kB at 14 kB/s)
Downloading from repository.jboss.org: http://repository.jboss.org/nexus/content/groups/public/org/apache/httpcomponents/httpasyncclient/4.0.1/httpasyncclient-4.0.1.pom
Downloading from gson: http://google-gson.googlecode.com/svn/mavenrepo/org/apache/httpcomponents/httpasyncclient/4.0.1/httpasyncclient-4.0.1.pom
Downloading from central: https://repo.maven.apache.org/maven2/org/apache/httpcomponents/httpasyncclient/4.0.1/httpasyncclient-4.0.1.pom
Progress (1): 2.2/5.3 kB
Progress (1): 5.0/5.3 kB
Progress (1): 5.3 kB    
                    
Downloaded from central: https://repo.maven.apache.org/maven2/org/apache/httpcomponents/httpasyncclient/4.0.1/httpasyncclient-4.0.1.pom (5.3 kB at 8.9 kB/s)
Downloading from repository.jboss.org: http://repository.jboss.org/nexus/content/groups/public/org/apache/httpcomponents/httpcomponents-asyncclient/4.0.1/httpcomponents-asyncclient-4.0.1.pom
Downloading from gson: http://google-gson.googlecode.com/svn/mavenrepo/org/apache/httpcomponents/httpcomponents-asyncclient/4.0.1/httpcomponents-asyncclient-4.0.1.pom
Downloading from central: https://repo.maven.apache.org/maven2/org/apache/httpcomponents/httpcomponents-asyncclient/4.0.1/httpcomponents-asyncclient-4.0.1.pom
Progress (1): 2.2/11 kB
Progress (1): 5.0/11 kB
Progress (1): 7.8/11 kB
Progress (1): 11/11 kB 
Progress (1): 11 kB   
                   
Downloaded from central: https://repo.maven.apache.org/maven2/org/apache/httpcomponents/httpcomponents-asyncclient/4.0.1/httpcomponents-asyncclient-4.0.1.pom (11 kB at 21 kB/s)
Downloading from repository.jboss.org: http://repository.jboss.org/nexus/content/groups/public/org/apache/httpcomponents/httpcore/4.3.2/httpcore-4.3.2.pom
Downloading from gson: http://google-gson.googlecode.com/svn/mavenrepo/org/apache/httpcomponents/httpcore/4.3.2/httpcore-4.3.2.pom
Downloading from central: https://repo.maven.apache.org/maven2/org/apache/httpcomponents/httpcore/4.3.2/httpcore-4.3.2.pom
Progress (1): 2.8/4.6 kB
Progress (1): 4.6 kB    
                    
Downloaded from central: https://repo.maven.apache.org/maven2/org/apache/httpcomponents/httpcore/4.3.2/httpcore-4.3.2.pom (4.6 kB at 8.8 kB/s)
Downloading from repository.jboss.org: http://repository.jboss.org/nexus/content/groups/public/org/apache/httpcomponents/httpcomponents-core/4.3.2/httpcomponents-core-4.3.2.pom
Downloading from gson: http://google-gson.googlecode.com/svn/mavenrepo/org/apache/httpcomponents/httpcomponents-core/4.3.2/httpcomponents-core-4.3.2.pom
Downloading from central: https://repo.maven.apache.org/maven2/org/apache/httpcomponents/httpcomponents-core/4.3.2/httpcomponents-core-4.3.2.pom
Progress (1): 2.2/12 kB
Progress (1): 5.0/12 kB
Progress (1): 7.8/12 kB
Progress (1): 11/12 kB 
Progress (1): 12 kB   
                   
Downloaded from central: https://repo.maven.apache.org/maven2/org/apache/httpcomponents/httpcomponents-core/4.3.2/httpcomponents-core-4.3.2.pom (12 kB at 22 kB/s)
Downloading from repository.jboss.org: http://repository.jboss.org/nexus/content/groups/public/org/apache/httpcomponents/httpcore-nio/4.3.2/httpcore-nio-4.3.2.pom
Downloading from gson: http://google-gson.googlecode.com/svn/mavenrepo/org/apache/httpcomponents/httpcore-nio/4.3.2/httpcore-nio-4.3.2.pom
Downloading from central: https://repo.maven.apache.org/maven2/org/apache/httpcomponents/httpcore-nio/4.3.2/httpcore-nio-4.3.2.pom
Progress (1): 2.2/4.9 kB
Progress (1): 4.9 kB    
                    
Downloaded from central: https://repo.maven.apache.org/maven2/org/apache/httpcomponents/httpcore-nio/4.3.2/httpcore-nio-4.3.2.pom (4.9 kB at 8.8 kB/s)
Downloading from repository.jboss.org: http://repository.jboss.org/nexus/content/groups/public/org/apache/httpcomponents/httpclient/4.3.2/httpclient-4.3.2.pom
Downloading from gson: http://google-gson.googlecode.com/svn/mavenrepo/org/apache/httpcomponents/httpclient/4.3.2/httpclient-4.3.2.pom
Downloading from central: https://repo.maven.apache.org/maven2/org/apache/httpcomponents/httpclient/4.3.2/httpclient-4.3.2.pom
Progress (1): 2.2/5.4 kB
Progress (1): 5.0/5.4 kB
Progress (1): 5.4 kB    
                    
Downloaded from central: https://repo.maven.apache.org/maven2/org/apache/httpcomponents/httpclient/4.3.2/httpclient-4.3.2.pom (5.4 kB at 9.8 kB/s)
Downloading from repository.jboss.org: http://repository.jboss.org/nexus/content/groups/public/org/apache/httpcomponents/httpcomponents-client/4.3.2/httpcomponents-client-4.3.2.pom
Downloading from gson: http://google-gson.googlecode.com/svn/mavenrepo/org/apache/httpcomponents/httpcomponents-client/4.3.2/httpcomponents-client-4.3.2.pom
Downloading from central: https://repo.maven.apache.org/maven2/org/apache/httpcomponents/httpcomponents-client/4.3.2/httpcomponents-client-4.3.2.pom
Progress (1): 2.2/16 kB
Progress (1): 5.0/16 kB
Progress (1): 7.8/16 kB
Progress (1): 11/16 kB 
Progress (1): 13/16 kB
Progress (1): 16/16 kB
Progress (1): 16 kB   
                   
Downloaded from central: https://repo.maven.apache.org/maven2/org/apache/httpcomponents/httpcomponents-client/4.3.2/httpcomponents-client-4.3.2.pom (16 kB at 27 kB/s)
Downloading from repository.jboss.org: http://repository.jboss.org/nexus/content/groups/public/org/apache/httpcomponents/httpcore/4.3.1/httpcore-4.3.1.pom
Downloading from gson: http://google-gson.googlecode.com/svn/mavenrepo/org/apache/httpcomponents/httpcore/4.3.1/httpcore-4.3.1.pom
Downloading from central: https://repo.maven.apache.org/maven2/org/apache/httpcomponents/httpcore/4.3.1/httpcore-4.3.1.pom
Progress (1): 2.2/4.6 kB
Progress (1): 4.6 kB    
                    
Downloaded from central: https://repo.maven.apache.org/maven2/org/apache/httpcomponents/httpcore/4.3.1/httpcore-4.3.1.pom (4.6 kB at 8.2 kB/s)
Downloading from repository.jboss.org: http://repository.jboss.org/nexus/content/groups/public/org/apache/httpcomponents/httpcomponents-core/4.3.1/httpcomponents-core-4.3.1.pom
Downloading from gson: http://google-gson.googlecode.com/svn/mavenrepo/org/apache/httpcomponents/httpcomponents-core/4.3.1/httpcomponents-core-4.3.1.pom
Downloading from central: https://repo.maven.apache.org/maven2/org/apache/httpcomponents/httpcomponents-core/4.3.1/httpcomponents-core-4.3.1.pom
Progress (1): 2.2/12 kB
Progress (1): 5.0/12 kB
Progress (1): 7.8/12 kB
Progress (1): 11/12 kB 
Progress (1): 12 kB   
                   
Downloaded from central: https://repo.maven.apache.org/maven2/org/apache/httpcomponents/httpcomponents-core/4.3.1/httpcomponents-core-4.3.1.pom (12 kB at 22 kB/s)
Downloading from repository.jboss.org: http://repository.jboss.org/nexus/content/groups/public/io/netty/netty/3.6.5.Final/netty-3.6.5.Final.jar
Downloading from repository.jboss.org: http://repository.jboss.org/nexus/content/groups/public/com/google/code/gson/gson/2.2.4/gson-2.2.4.jar
Downloading from repository.jboss.org: http://repository.jboss.org/nexus/content/groups/public/org/apache/httpcomponents/httpcore/4.3.2/httpcore-4.3.2.jar
Downloading from repository.jboss.org: http://repository.jboss.org/nexus/content/groups/public/org/apache/httpcomponents/httpasyncclient/4.0.1/httpasyncclient-4.0.1.jar
Downloading from repository.jboss.org: http://repository.jboss.org/nexus/content/groups/public/org/mockito/mockito-all/1.9.5/mockito-all-1.9.5.jar
Downloading from repository.jboss.org: http://repository.jboss.org/nexus/content/groups/public/org/apache/httpcomponents/httpcore-nio/4.3.2/httpcore-nio-4.3.2.jar
Downloading from repository.jboss.org: http://repository.jboss.org/nexus/content/groups/public/org/apache/httpcomponents/httpclient/4.3.2/httpclient-4.3.2.jar
Downloading from gson: http://google-gson.googlecode.com/svn/mavenrepo/io/netty/netty/3.6.5.Final/netty-3.6.5.Final.jar
Downloading from gson: http://google-gson.googlecode.com/svn/mavenrepo/com/google/code/gson/gson/2.2.4/gson-2.2.4.jar
Downloading from gson: http://google-gson.googlecode.com/svn/mavenrepo/org/apache/httpcomponents/httpcore/4.3.2/httpcore-4.3.2.jar
Downloading from gson: http://google-gson.googlecode.com/svn/mavenrepo/org/apache/httpcomponents/httpasyncclient/4.0.1/httpasyncclient-4.0.1.jar
Downloading from gson: http://google-gson.googlecode.com/svn/mavenrepo/org/mockito/mockito-all/1.9.5/mockito-all-1.9.5.jar
Downloading from gson: http://google-gson.googlecode.com/svn/mavenrepo/org/apache/httpcomponents/httpcore-nio/4.3.2/httpcore-nio-4.3.2.jar
Downloading from gson: http://google-gson.googlecode.com/svn/mavenrepo/org/apache/httpcomponents/httpclient/4.3.2/httpclient-4.3.2.jar
Downloading from central: https://repo.maven.apache.org/maven2/io/netty/netty/3.6.5.Final/netty-3.6.5.Final.jar
Downloading from central: https://repo.maven.apache.org/maven2/org/mockito/mockito-all/1.9.5/mockito-all-1.9.5.jar
Downloading from central: https://repo.maven.apache.org/maven2/com/google/code/gson/gson/2.2.4/gson-2.2.4.jar
Downloading from central: https://repo.maven.apache.org/maven2/org/apache/httpcomponents/httpcore/4.3.2/httpcore-4.3.2.jar
Downloading from central: https://repo.maven.apache.org/maven2/org/apache/httpcomponents/httpasyncclient/4.0.1/httpasyncclient-4.0.1.jar
Progress (1): 0/1.2 MB
Progress (1): 0/1.2 MB
Progress (1): 0/1.2 MB
Progress (1): 0/1.2 MB
Progress (1): 0/1.2 MB
Progress (1): 0/1.2 MB
Progress (1): 0/1.2 MB
Progress (1): 0/1.2 MB
Progress (1): 0/1.2 MB
Progress (1): 0/1.2 MB
Progress (1): 0/1.2 MB
Progress (1): 0/1.2 MB
Progress (1): 0/1.2 MB
Progress (1): 0/1.2 MB
Progress (1): 0/1.2 MB
Progress (1): 0/1.2 MB
Progress (1): 0.1/1.2 MB
Progress (1): 0.1/1.2 MB
Progress (1): 0.1/1.2 MB
Progress (1): 0.1/1.2 MB
Progress (1): 0.1/1.2 MB
Progress (1): 0.1/1.2 MB
Progress (1): 0.1/1.2 MB
Progress (1): 0.1/1.2 MB
Progress (2): 0.1/1.2 MB | 2.2/158 kB
Progress (2): 0.1/1.2 MB | 5.0/158 kB
Progress (2): 0.1/1.2 MB | 7.7/158 kB
Progress (2): 0.1/1.2 MB | 10/158 kB 
Progress (2): 0.1/1.2 MB | 13/158 kB
Progress (3): 0.1/1.2 MB | 13/158 kB | 2.2/190 kB
Progress (3): 0.1/1.2 MB | 13/158 kB | 5.0/190 kB
Progress (3): 0.1/1.2 MB | 13/158 kB | 7.7/190 kB
Progress (3): 0.1/1.2 MB | 13/158 kB | 10/190 kB 
Progress (3): 0.1/1.2 MB | 13/158 kB | 13/190 kB
Progress (4): 0.1/1.2 MB | 13/158 kB | 13/190 kB | 0/1.6 MB
Progress (4): 0.1/1.2 MB | 13/158 kB | 13/190 kB | 0/1.6 MB
Progress (4): 0.1/1.2 MB | 13/158 kB | 13/190 kB | 0/1.6 MB
Progress (4): 0.1/1.2 MB | 13/158 kB | 13/190 kB | 0/1.6 MB
Progress (4): 0.1/1.2 MB | 13/158 kB | 13/190 kB | 0/1.6 MB
Progress (5): 0.1/1.2 MB | 13/158 kB | 13/190 kB | 0/1.6 MB | 2.2/282 kB
Progress (5): 0.1/1.2 MB | 13/158 kB | 13/190 kB | 0/1.6 MB | 5.0/282 kB
Progress (5): 0.1/1.2 MB | 13/158 kB | 13/190 kB | 0/1.6 MB | 7.7/282 kB
Progress (5): 0.1/1.2 MB | 13/158 kB | 13/190 kB | 0/1.6 MB | 10/282 kB 
Progress (5): 0.1/1.2 MB | 13/158 kB | 13/190 kB | 0/1.6 MB | 13/282 kB
Progress (5): 0.1/1.2 MB | 13/158 kB | 13/190 kB | 0/1.6 MB | 13/282 kB
Progress (5): 0.1/1.2 MB | 13/158 kB | 13/190 kB | 0/1.6 MB | 13/282 kB
Progress (5): 0.1/1.2 MB | 13/158 kB | 13/190 kB | 0/1.6 MB | 13/282 kB
Progress (5): 0.1/1.2 MB | 13/158 kB | 13/190 kB | 0/1.6 MB | 13/282 kB
Progress (5): 0.1/1.2 MB | 13/158 kB | 13/190 kB | 0/1.6 MB | 13/282 kB
Progress (5): 0.1/1.2 MB | 13/158 kB | 13/190 kB | 0/1.6 MB | 13/282 kB
Progress (5): 0.1/1.2 MB | 13/158 kB | 13/190 kB | 0/1.6 MB | 13/282 kB
Progress (5): 0.1/1.2 MB | 13/158 kB | 13/190 kB | 0/1.6 MB | 13/282 kB
Progress (5): 0.1/1.2 MB | 13/158 kB | 13/190 kB | 0/1.6 MB | 13/282 kB
Progress (5): 0.1/1.2 MB | 13/158 kB | 13/190 kB | 0/1.6 MB | 13/282 kB
Progress (5): 0.1/1.2 MB | 13/158 kB | 13/190 kB | 0/1.6 MB | 13/282 kB
Progress (5): 0.1/1.2 MB | 13/158 kB | 13/190 kB | 0/1.6 MB | 13/282 kB
Progress (5): 0.1/1.2 MB | 13/158 kB | 13/190 kB | 0/1.6 MB | 13/282 kB
Progress (5): 0.1/1.2 MB | 13/158 kB | 13/190 kB | 0/1.6 MB | 13/282 kB
Progress (5): 0.1/1.2 MB | 13/158 kB | 13/190 kB | 0/1.6 MB | 13/282 kB
Progress (5): 0.1/1.2 MB | 13/158 kB | 13/190 kB | 0/1.6 MB | 13/282 kB
Progress (5): 0.1/1.2 MB | 16/158 kB | 13/190 kB | 0/1.6 MB | 13/282 kB
Progress (5): 0.1/1.2 MB | 19/158 kB | 13/190 kB | 0/1.6 MB | 13/282 kB
Progress (5): 0.1/1.2 MB | 21/158 kB | 13/190 kB | 0/1.6 MB | 13/282 kB
Progress (5): 0.1/1.2 MB | 24/158 kB | 13/190 kB | 0/1.6 MB | 13/282 kB
Progress (5): 0.1/1.2 MB | 27/158 kB | 13/190 kB | 0/1.6 MB | 13/282 kB
Progress (5): 0.1/1.2 MB | 30/158 kB | 13/190 kB | 0/1.6 MB | 13/282 kB
Progress (5): 0.1/1.2 MB | 32/158 kB | 13/190 kB | 0/1.6 MB | 13/282 kB
Progress (5): 0.1/1.2 MB | 32/158 kB | 16/190 kB | 0/1.6 MB | 13/282 kB
Progress (5): 0.1/1.2 MB | 32/158 kB | 19/190 kB | 0/1.6 MB | 13/282 kB
Progress (5): 0.1/1.2 MB | 32/158 kB | 21/190 kB | 0/1.6 MB | 13/282 kB
Progress (5): 0.1/1.2 MB | 32/158 kB | 24/190 kB | 0/1.6 MB | 13/282 kB
Progress (5): 0.1/1.2 MB | 32/158 kB | 27/190 kB | 0/1.6 MB | 13/282 kB
Progress (5): 0.1/1.2 MB | 32/158 kB | 30/190 kB | 0/1.6 MB | 13/282 kB
Progress (5): 0.1/1.2 MB | 32/158 kB | 32/190 kB | 0/1.6 MB | 13/282 kB
Progress (5): 0.1/1.2 MB | 32/158 kB | 32/190 kB | 0/1.6 MB | 13/282 kB
Progress (5): 0.1/1.2 MB | 32/158 kB | 32/190 kB | 0/1.6 MB | 13/282 kB
Progress (5): 0.1/1.2 MB | 32/158 kB | 32/190 kB | 0/1.6 MB | 13/282 kB
Progress (5): 0.1/1.2 MB | 32/158 kB | 32/190 kB | 0/1.6 MB | 13/282 kB
Progress (5): 0.1/1.2 MB | 32/158 kB | 32/190 kB | 0/1.6 MB | 13/282 kB
Progress (5): 0.1/1.2 MB | 32/158 kB | 32/190 kB | 0/1.6 MB | 13/282 kB
Progress (5): 0.1/1.2 MB | 32/158 kB | 32/190 kB | 0/1.6 MB | 13/282 kB
Progress (5): 0.1/1.2 MB | 32/158 kB | 32/190 kB | 0/1.6 MB | 16/282 kB
Progress (5): 0.1/1.2 MB | 32/158 kB | 32/190 kB | 0/1.6 MB | 19/282 kB
Progress (5): 0.1/1.2 MB | 32/158 kB | 32/190 kB | 0/1.6 MB | 21/282 kB
Progress (5): 0.1/1.2 MB | 32/158 kB | 32/190 kB | 0/1.6 MB | 24/282 kB
Progress (5): 0.1/1.2 MB | 32/158 kB | 32/190 kB | 0/1.6 MB | 27/282 kB
Progress (5): 0.1/1.2 MB | 32/158 kB | 32/190 kB | 0/1.6 MB | 30/282 kB
Progress (5): 0.1/1.2 MB | 32/158 kB | 32/190 kB | 0/1.6 MB | 32/282 kB
Progress (5): 0.2/1.2 MB | 32/158 kB | 32/190 kB | 0/1.6 MB | 32/282 kB
Progress (5): 0.2/1.2 MB | 32/158 kB | 32/190 kB | 0/1.6 MB | 32/282 kB
Progress (5): 0.2/1.2 MB | 32/158 kB | 32/190 kB | 0/1.6 MB | 32/282 kB
Progress (5): 0.2/1.2 MB | 32/158 kB | 32/190 kB | 0/1.6 MB | 32/282 kB
Progress (5): 0.2/1.2 MB | 32/158 kB | 32/190 kB | 0/1.6 MB | 32/282 kB
Progress (5): 0.2/1.2 MB | 32/158 kB | 32/190 kB | 0/1.6 MB | 32/282 kB
Progress (5): 0.2/1.2 MB | 32/158 kB | 32/190 kB | 0/1.6 MB | 32/282 kB
Progress (5): 0.2/1.2 MB | 32/158 kB | 32/190 kB | 0/1.6 MB | 32/282 kB
Progress (5): 0.2/1.2 MB | 32/158 kB | 32/190 kB | 0/1.6 MB | 32/282 kB
Progress (5): 0.2/1.2 MB | 32/158 kB | 32/190 kB | 0/1.6 MB | 32/282 kB
Progress (5): 0.2/1.2 MB | 32/158 kB | 32/190 kB | 0/1.6 MB | 32/282 kB
Progress (5): 0.2/1.2 MB | 32/158 kB | 32/190 kB | 0/1.6 MB | 32/282 kB
Progress (5): 0.2/1.2 MB | 36/158 kB | 32/190 kB | 0/1.6 MB | 32/282 kB
Progress (5): 0.2/1.2 MB | 40/158 kB | 32/190 kB | 0/1.6 MB | 32/282 kB
Progress (5): 0.2/1.2 MB | 45/158 kB | 32/190 kB | 0/1.6 MB | 32/282 kB
Progress (5): 0.2/1.2 MB | 49/158 kB | 32/190 kB | 0/1.6 MB | 32/282 kB
Progress (5): 0.2/1.2 MB | 53/158 kB | 32/190 kB | 0/1.6 MB | 32/282 kB
Progress (5): 0.2/1.2 MB | 57/158 kB | 32/190 kB | 0/1.6 MB | 32/282 kB
Progress (5): 0.2/1.2 MB | 61/158 kB | 32/190 kB | 0/1.6 MB | 32/282 kB
Progress (5): 0.2/1.2 MB | 65/158 kB | 32/190 kB | 0/1.6 MB | 32/282 kB
Progress (5): 0.2/1.2 MB | 69/158 kB | 32/190 kB | 0/1.6 MB | 32/282 kB
Progress (5): 0.2/1.2 MB | 73/158 kB | 32/190 kB | 0/1.6 MB | 32/282 kB
Progress (5): 0.2/1.2 MB | 77/158 kB | 32/190 kB | 0/1.6 MB | 32/282 kB
Progress (5): 0.2/1.2 MB | 81/158 kB | 32/190 kB | 0/1.6 MB | 32/282 kB
Progress (5): 0.2/1.2 MB | 81/158 kB | 36/190 kB | 0/1.6 MB | 32/282 kB
Progress (5): 0.2/1.2 MB | 81/158 kB | 40/190 kB | 0/1.6 MB | 32/282 kB
Progress (5): 0.2/1.2 MB | 81/158 kB | 45/190 kB | 0/1.6 MB | 32/282 kB
Progress (5): 0.2/1.2 MB | 81/158 kB | 49/190 kB | 0/1.6 MB | 32/282 kB
Progress (5): 0.2/1.2 MB | 81/158 kB | 53/190 kB | 0/1.6 MB | 32/282 kB
Progress (5): 0.2/1.2 MB | 81/158 kB | 57/190 kB | 0/1.6 MB | 32/282 kB
Progress (5): 0.2/1.2 MB | 81/158 kB | 61/190 kB | 0/1.6 MB | 32/282 kB
Progress (5): 0.2/1.2 MB | 81/158 kB | 65/190 kB | 0/1.6 MB | 32/282 kB
Progress (5): 0.2/1.2 MB | 81/158 kB | 69/190 kB | 0/1.6 MB | 32/282 kB
Progress (5): 0.2/1.2 MB | 81/158 kB | 73/190 kB | 0/1.6 MB | 32/282 kB
Progress (5): 0.2/1.2 MB | 81/158 kB | 77/190 kB | 0/1.6 MB | 32/282 kB
Progress (5): 0.2/1.2 MB | 81/158 kB | 81/190 kB | 0/1.6 MB | 32/282 kB
Progress (5): 0.2/1.2 MB | 81/158 kB | 81/190 kB | 0/1.6 MB | 32/282 kB
Progress (5): 0.2/1.2 MB | 81/158 kB | 81/190 kB | 0/1.6 MB | 32/282 kB
Progress (5): 0.2/1.2 MB | 81/158 kB | 81/190 kB | 0/1.6 MB | 32/282 kB
Progress (5): 0.2/1.2 MB | 81/158 kB | 81/190 kB | 0/1.6 MB | 32/282 kB
Progress (5): 0.2/1.2 MB | 81/158 kB | 81/190 kB | 0.1/1.6 MB | 32/282 kB
Progress (5): 0.2/1.2 MB | 81/158 kB | 81/190 kB | 0.1/1.6 MB | 32/282 kB
Progress (5): 0.2/1.2 MB | 81/158 kB | 81/190 kB | 0.1/1.6 MB | 32/282 kB
Progress (5): 0.2/1.2 MB | 81/158 kB | 81/190 kB | 0.1/1.6 MB | 32/282 kB
Progress (5): 0.2/1.2 MB | 81/158 kB | 81/190 kB | 0.1/1.6 MB | 32/282 kB
Progress (5): 0.2/1.2 MB | 81/158 kB | 81/190 kB | 0.1/1.6 MB | 32/282 kB
Progress (5): 0.2/1.2 MB | 81/158 kB | 81/190 kB | 0.1/1.6 MB | 32/282 kB
Progress (5): 0.2/1.2 MB | 81/158 kB | 81/190 kB | 0.1/1.6 MB | 32/282 kB
Progress (5): 0.2/1.2 MB | 81/158 kB | 81/190 kB | 0.1/1.6 MB | 36/282 kB
Progress (5): 0.2/1.2 MB | 81/158 kB | 81/190 kB | 0.1/1.6 MB | 40/282 kB
Progress (5): 0.2/1.2 MB | 81/158 kB | 81/190 kB | 0.1/1.6 MB | 45/282 kB
Progress (5): 0.2/1.2 MB | 81/158 kB | 81/190 kB | 0.1/1.6 MB | 49/282 kB
Progress (5): 0.2/1.2 MB | 81/158 kB | 81/190 kB | 0.1/1.6 MB | 53/282 kB
Progress (5): 0.2/1.2 MB | 81/158 kB | 81/190 kB | 0.1/1.6 MB | 57/282 kB
Progress (5): 0.2/1.2 MB | 81/158 kB | 81/190 kB | 0.1/1.6 MB | 61/282 kB
Progress (5): 0.2/1.2 MB | 81/158 kB | 81/190 kB | 0.1/1.6 MB | 65/282 kB
Progress (5): 0.2/1.2 MB | 81/158 kB | 81/190 kB | 0.1/1.6 MB | 69/282 kB
Progress (5): 0.2/1.2 MB | 81/158 kB | 81/190 kB | 0.1/1.6 MB | 73/282 kB
Progress (5): 0.2/1.2 MB | 81/158 kB | 81/190 kB | 0.1/1.6 MB | 77/282 kB
Progress (5): 0.2/1.2 MB | 81/158 kB | 81/190 kB | 0.1/1.6 MB | 81/282 kB
Progress (5): 0.2/1.2 MB | 81/158 kB | 81/190 kB | 0.1/1.6 MB | 81/282 kB
Progress (5): 0.2/1.2 MB | 81/158 kB | 81/190 kB | 0.1/1.6 MB | 81/282 kB
Progress (5): 0.2/1.2 MB | 81/158 kB | 81/190 kB | 0.1/1.6 MB | 81/282 kB
Progress (5): 0.2/1.2 MB | 81/158 kB | 81/190 kB | 0.1/1.6 MB | 81/282 kB
Progress (5): 0.2/1.2 MB | 81/158 kB | 81/190 kB | 0.1/1.6 MB | 81/282 kB
Progress (5): 0.2/1.2 MB | 81/158 kB | 81/190 kB | 0.1/1.6 MB | 81/282 kB
Progress (5): 0.2/1.2 MB | 81/158 kB | 81/190 kB | 0.1/1.6 MB | 81/282 kB
Progress (5): 0.2/1.2 MB | 81/158 kB | 81/190 kB | 0.1/1.6 MB | 81/282 kB
Progress (5): 0.2/1.2 MB | 81/158 kB | 81/190 kB | 0.1/1.6 MB | 81/282 kB
Progress (5): 0.2/1.2 MB | 81/158 kB | 81/190 kB | 0.1/1.6 MB | 81/282 kB
Progress (5): 0.2/1.2 MB | 81/158 kB | 81/190 kB | 0.1/1.6 MB | 81/282 kB
Progress (5): 0.2/1.2 MB | 81/158 kB | 81/190 kB | 0.1/1.6 MB | 81/282 kB
Progress (5): 0.2/1.2 MB | 85/158 kB | 81/190 kB | 0.1/1.6 MB | 81/282 kB
Progress (5): 0.2/1.2 MB | 90/158 kB | 81/190 kB | 0.1/1.6 MB | 81/282 kB
Progress (5): 0.2/1.2 MB | 94/158 kB | 81/190 kB | 0.1/1.6 MB | 81/282 kB
Progress (5): 0.2/1.2 MB | 98/158 kB | 81/190 kB | 0.1/1.6 MB | 81/282 kB
Progress (5): 0.2/1.2 MB | 102/158 kB | 81/190 kB | 0.1/1.6 MB | 81/282 kB
Progress (5): 0.2/1.2 MB | 106/158 kB | 81/190 kB | 0.1/1.6 MB | 81/282 kB
Progress (5): 0.2/1.2 MB | 110/158 kB | 81/190 kB | 0.1/1.6 MB | 81/282 kB
Progress (5): 0.2/1.2 MB | 114/158 kB | 81/190 kB | 0.1/1.6 MB | 81/282 kB
Progress (5): 0.2/1.2 MB | 118/158 kB | 81/190 kB | 0.1/1.6 MB | 81/282 kB
Progress (5): 0.2/1.2 MB | 122/158 kB | 81/190 kB | 0.1/1.6 MB | 81/282 kB
Progress (5): 0.2/1.2 MB | 126/158 kB | 81/190 kB | 0.1/1.6 MB | 81/282 kB
Progress (5): 0.2/1.2 MB | 131/158 kB | 81/190 kB | 0.1/1.6 MB | 81/282 kB
Progress (5): 0.2/1.2 MB | 135/158 kB | 81/190 kB | 0.1/1.6 MB | 81/282 kB
Progress (5): 0.2/1.2 MB | 139/158 kB | 81/190 kB | 0.1/1.6 MB | 81/282 kB
Progress (5): 0.2/1.2 MB | 143/158 kB | 81/190 kB | 0.1/1.6 MB | 81/282 kB
Progress (5): 0.2/1.2 MB | 147/158 kB | 81/190 kB | 0.1/1.6 MB | 81/282 kB
Progress (5): 0.2/1.2 MB | 151/158 kB | 81/190 kB | 0.1/1.6 MB | 81/282 kB
Progress (5): 0.2/1.2 MB | 155/158 kB | 81/190 kB | 0.1/1.6 MB | 81/282 kB
Progress (5): 0.2/1.2 MB | 158 kB | 81/190 kB | 0.1/1.6 MB | 81/282 kB    
Progress (5): 0.2/1.2 MB | 158 kB | 85/190 kB | 0.1/1.6 MB | 81/282 kB
Progress (5): 0.2/1.2 MB | 158 kB | 90/190 kB | 0.1/1.6 MB | 81/282 kB
Progress (5): 0.2/1.2 MB | 158 kB | 94/190 kB | 0.1/1.6 MB | 81/282 kB
Progress (5): 0.2/1.2 MB | 158 kB | 98/190 kB | 0.1/1.6 MB | 81/282 kB
Progress (5): 0.2/1.2 MB | 158 kB | 102/190 kB | 0.1/1.6 MB | 81/282 kB
Progress (5): 0.2/1.2 MB | 158 kB | 106/190 kB | 0.1/1.6 MB | 81/282 kB
Progress (5): 0.2/1.2 MB | 158 kB | 110/190 kB | 0.1/1.6 MB | 81/282 kB
Progress (5): 0.2/1.2 MB | 158 kB | 114/190 kB | 0.1/1.6 MB | 81/282 kB
Progress (5): 0.2/1.2 MB | 158 kB | 118/190 kB | 0.1/1.6 MB | 81/282 kB
Progress (5): 0.2/1.2 MB | 158 kB | 122/190 kB | 0.1/1.6 MB | 81/282 kB
Progress (5): 0.2/1.2 MB | 158 kB | 126/190 kB | 0.1/1.6 MB | 81/282 kB
Progress (5): 0.2/1.2 MB | 158 kB | 131/190 kB | 0.1/1.6 MB | 81/282 kB
Progress (5): 0.2/1.2 MB | 158 kB | 135/190 kB | 0.1/1.6 MB | 81/282 kB
Progress (5): 0.2/1.2 MB | 158 kB | 139/190 kB | 0.1/1.6 MB | 81/282 kB
Progress (5): 0.2/1.2 MB | 158 kB | 143/190 kB | 0.1/1.6 MB | 81/282 kB
Progress (5): 0.2/1.2 MB | 158 kB | 147/190 kB | 0.1/1.6 MB | 81/282 kB
Progress (5): 0.2/1.2 MB | 158 kB | 151/190 kB | 0.1/1.6 MB | 81/282 kB
Progress (5): 0.2/1.2 MB | 158 kB | 155/190 kB | 0.1/1.6 MB | 81/282 kB
Progress (5): 0.2/1.2 MB | 158 kB | 159/190 kB | 0.1/1.6 MB | 81/282 kB
Progress (5): 0.2/1.2 MB | 158 kB | 163/190 kB | 0.1/1.6 MB | 81/282 kB
Progress (5): 0.2/1.2 MB | 158 kB | 167/190 kB | 0.1/1.6 MB | 81/282 kB
Progress (5): 0.2/1.2 MB | 158 kB | 171/190 kB | 0.1/1.6 MB | 81/282 kB
Progress (5): 0.2/1.2 MB | 158 kB | 176/190 kB | 0.1/1.6 MB | 81/282 kB
Progress (5): 0.2/1.2 MB | 158 kB | 180/190 kB | 0.1/1.6 MB | 81/282 kB
Progress (5): 0.2/1.2 MB | 158 kB | 180/190 kB | 0.1/1.6 MB | 81/282 kB
Progress (5): 0.2/1.2 MB | 158 kB | 180/190 kB | 0.1/1.6 MB | 81/282 kB
Progress (5): 0.2/1.2 MB | 158 kB | 180/190 kB | 0.1/1.6 MB | 81/282 kB
Progress (5): 0.2/1.2 MB | 158 kB | 180/190 kB | 0.1/1.6 MB | 81/282 kB
Progress (5): 0.2/1.2 MB | 158 kB | 180/190 kB | 0.1/1.6 MB | 81/282 kB
Progress (5): 0.2/1.2 MB | 158 kB | 180/190 kB | 0.1/1.6 MB | 81/282 kB
Progress (5): 0.2/1.2 MB | 158 kB | 180/190 kB | 0.1/1.6 MB | 81/282 kB
Progress (5): 0.2/1.2 MB | 158 kB | 180/190 kB | 0.1/1.6 MB | 81/282 kB
Progress (5): 0.2/1.2 MB | 158 kB | 180/190 kB | 0.1/1.6 MB | 81/282 kB
Progress (5): 0.2/1.2 MB | 158 kB | 180/190 kB | 0.1/1.6 MB | 81/282 kB
Progress (5): 0.2/1.2 MB | 158 kB | 180/190 kB | 0.1/1.6 MB | 81/282 kB
Progress (5): 0.2/1.2 MB | 158 kB | 180/190 kB | 0.1/1.6 MB | 81/282 kB
Progress (5): 0.2/1.2 MB | 158 kB | 180/190 kB | 0.1/1.6 MB | 81/282 kB
Progress (5): 0.2/1.2 MB | 158 kB | 180/190 kB | 0.1/1.6 MB | 81/282 kB
Progress (5): 0.2/1.2 MB | 158 kB | 180/190 kB | 0.1/1.6 MB | 81/282 kB
Progress (5): 0.2/1.2 MB | 158 kB | 180/190 kB | 0.1/1.6 MB | 81/282 kB
Progress (5): 0.2/1.2 MB | 158 kB | 180/190 kB | 0.2/1.6 MB | 81/282 kB
Progress (5): 0.2/1.2 MB | 158 kB | 180/190 kB | 0.2/1.6 MB | 81/282 kB
Progress (5): 0.2/1.2 MB | 158 kB | 180/190 kB | 0.2/1.6 MB | 81/282 kB
Progress (5): 0.2/1.2 MB | 158 kB | 180/190 kB | 0.2/1.6 MB | 81/282 kB
Progress (5): 0.2/1.2 MB | 158 kB | 180/190 kB | 0.2/1.6 MB | 81/282 kB
Progress (5): 0.2/1.2 MB | 158 kB | 180/190 kB | 0.2/1.6 MB | 81/282 kB
Progress (5): 0.2/1.2 MB | 158 kB | 180/190 kB | 0.2/1.6 MB | 81/282 kB
Progress (5): 0.2/1.2 MB | 158 kB | 180/190 kB | 0.2/1.6 MB | 81/282 kB
Progress (5): 0.2/1.2 MB | 158 kB | 180/190 kB | 0.2/1.6 MB | 85/282 kB
Progress (5): 0.2/1.2 MB | 158 kB | 180/190 kB | 0.2/1.6 MB | 90/282 kB
Progress (5): 0.2/1.2 MB | 158 kB | 180/190 kB | 0.2/1.6 MB | 94/282 kB
Progress (5): 0.2/1.2 MB | 158 kB | 180/190 kB | 0.2/1.6 MB | 98/282 kB
Progress (5): 0.2/1.2 MB | 158 kB | 180/190 kB | 0.2/1.6 MB | 102/282 kB
Progress (5): 0.2/1.2 MB | 158 kB | 180/190 kB | 0.2/1.6 MB | 106/282 kB
Progress (5): 0.2/1.2 MB | 158 kB | 180/190 kB | 0.2/1.6 MB | 110/282 kB
Progress (5): 0.2/1.2 MB | 158 kB | 180/190 kB | 0.2/1.6 MB | 114/282 kB
Progress (5): 0.2/1.2 MB | 158 kB | 180/190 kB | 0.2/1.6 MB | 118/282 kB
Progress (5): 0.2/1.2 MB | 158 kB | 180/190 kB | 0.2/1.6 MB | 122/282 kB
Progress (5): 0.2/1.2 MB | 158 kB | 180/190 kB | 0.2/1.6 MB | 126/282 kB
Progress (5): 0.2/1.2 MB | 158 kB | 180/190 kB | 0.2/1.6 MB | 131/282 kB
Progress (5): 0.2/1.2 MB | 158 kB | 180/190 kB | 0.2/1.6 MB | 135/282 kB
Progress (5): 0.2/1.2 MB | 158 kB | 180/190 kB | 0.2/1.6 MB | 139/282 kB
Progress (5): 0.2/1.2 MB | 158 kB | 180/190 kB | 0.2/1.6 MB | 143/282 kB
Progress (5): 0.2/1.2 MB | 158 kB | 180/190 kB | 0.2/1.6 MB | 147/282 kB
Progress (5): 0.2/1.2 MB | 158 kB | 180/190 kB | 0.2/1.6 MB | 151/282 kB
Progress (5): 0.2/1.2 MB | 158 kB | 180/190 kB | 0.2/1.6 MB | 155/282 kB
Progress (5): 0.2/1.2 MB | 158 kB | 180/190 kB | 0.2/1.6 MB | 159/282 kB
Progress (5): 0.2/1.2 MB | 158 kB | 180/190 kB | 0.2/1.6 MB | 163/282 kB
Progress (5): 0.2/1.2 MB | 158 kB | 180/190 kB | 0.2/1.6 MB | 167/282 kB
Progress (5): 0.2/1.2 MB | 158 kB | 180/190 kB | 0.2/1.6 MB | 171/282 kB
Progress (5): 0.2/1.2 MB | 158 kB | 180/190 kB | 0.2/1.6 MB | 176/282 kB
Progress (5): 0.2/1.2 MB | 158 kB | 180/190 kB | 0.2/1.6 MB | 180/282 kB
Progress (5): 0.2/1.2 MB | 158 kB | 180/190 kB | 0.2/1.6 MB | 184/282 kB
Progress (5): 0.2/1.2 MB | 158 kB | 180/190 kB | 0.2/1.6 MB | 188/282 kB
Progress (5): 0.2/1.2 MB | 158 kB | 180/190 kB | 0.2/1.6 MB | 192/282 kB
Progress (5): 0.2/1.2 MB | 158 kB | 180/190 kB | 0.2/1.6 MB | 196/282 kB
Progress (5): 0.2/1.2 MB | 158 kB | 180/190 kB | 0.2/1.6 MB | 196/282 kB
Progress (5): 0.3/1.2 MB | 158 kB | 180/190 kB | 0.2/1.6 MB | 196/282 kB
Progress (5): 0.3/1.2 MB | 158 kB | 180/190 kB | 0.2/1.6 MB | 196/282 kB
Progress (5): 0.3/1.2 MB | 158 kB | 180/190 kB | 0.2/1.6 MB | 196/282 kB
Progress (5): 0.3/1.2 MB | 158 kB | 180/190 kB | 0.2/1.6 MB | 196/282 kB
Progress (5): 0.3/1.2 MB | 158 kB | 180/190 kB | 0.2/1.6 MB | 196/282 kB
Progress (5): 0.3/1.2 MB | 158 kB | 180/190 kB | 0.2/1.6 MB | 196/282 kB
Progress (5): 0.3/1.2 MB | 158 kB | 180/190 kB | 0.2/1.6 MB | 196/282 kB
Progress (5): 0.3/1.2 MB | 158 kB | 180/190 kB | 0.2/1.6 MB | 196/282 kB
Progress (5): 0.3/1.2 MB | 158 kB | 180/190 kB | 0.2/1.6 MB | 196/282 kB
Progress (5): 0.3/1.2 MB | 158 kB | 180/190 kB | 0.2/1.6 MB | 196/282 kB
Progress (5): 0.3/1.2 MB | 158 kB | 180/190 kB | 0.2/1.6 MB | 196/282 kB
                                                                        
Downloaded from central: https://repo.maven.apache.org/maven2/org/apache/httpcomponents/httpasyncclient/4.0.1/httpasyncclient-4.0.1.jar (158 kB at 83 kB/s)
Downloading from central: https://repo.maven.apache.org/maven2/org/apache/httpcomponents/httpcore-nio/4.3.2/httpcore-nio-4.3.2.jar
Progress (4): 0.3/1.2 MB | 184/190 kB | 0.2/1.6 MB | 196/282 kB
Progress (4): 0.3/1.2 MB | 188/190 kB | 0.2/1.6 MB | 196/282 kB
Progress (4): 0.3/1.2 MB | 190 kB | 0.2/1.6 MB | 196/282 kB    
Progress (4): 0.3/1.2 MB | 190 kB | 0.2/1.6 MB | 196/282 kB
Progress (4): 0.3/1.2 MB | 190 kB | 0.2/1.6 MB | 196/282 kB
Progress (4): 0.3/1.2 MB | 190 kB | 0.2/1.6 MB | 196/282 kB
Progress (4): 0.3/1.2 MB | 190 kB | 0.2/1.6 MB | 196/282 kB
Progress (4): 0.3/1.2 MB | 190 kB | 0.2/1.6 MB | 196/282 kB
Progress (4): 0.3/1.2 MB | 190 kB | 0.2/1.6 MB | 196/282 kB
Progress (4): 0.3/1.2 MB | 190 kB | 0.2/1.6 MB | 196/282 kB
Progress (4): 0.3/1.2 MB | 190 kB | 0.2/1.6 MB | 196/282 kB
Progress (4): 0.3/1.2 MB | 190 kB | 0.2/1.6 MB | 196/282 kB
Progress (4): 0.3/1.2 MB | 190 kB | 0.2/1.6 MB | 196/282 kB
Progress (4): 0.3/1.2 MB | 190 kB | 0.2/1.6 MB | 196/282 kB
Progress (4): 0.3/1.2 MB | 190 kB | 0.2/1.6 MB | 196/282 kB
Progress (4): 0.3/1.2 MB | 190 kB | 0.2/1.6 MB | 196/282 kB
Progress (4): 0.3/1.2 MB | 190 kB | 0.2/1.6 MB | 196/282 kB
Progress (4): 0.3/1.2 MB | 190 kB | 0.2/1.6 MB | 196/282 kB
Progress (4): 0.3/1.2 MB | 190 kB | 0.2/1.6 MB | 196/282 kB
Progress (4): 0.3/1.2 MB | 190 kB | 0.2/1.6 MB | 196/282 kB
Progress (4): 0.3/1.2 MB | 190 kB | 0.3/1.6 MB | 196/282 kB
Progress (4): 0.3/1.2 MB | 190 kB | 0.3/1.6 MB | 196/282 kB
Progress (4): 0.3/1.2 MB | 190 kB | 0.3/1.6 MB | 196/282 kB
Progress (4): 0.3/1.2 MB | 190 kB | 0.3/1.6 MB | 196/282 kB
Progress (4): 0.3/1.2 MB | 190 kB | 0.3/1.6 MB | 196/282 kB
Progress (4): 0.3/1.2 MB | 190 kB | 0.3/1.6 MB | 196/282 kB
Progress (4): 0.3/1.2 MB | 190 kB | 0.3/1.6 MB | 196/282 kB
Progress (4): 0.3/1.2 MB | 190 kB | 0.3/1.6 MB | 196/282 kB
Progress (4): 0.3/1.2 MB | 190 kB | 0.3/1.6 MB | 196/282 kB
Progress (4): 0.3/1.2 MB | 190 kB | 0.3/1.6 MB | 196/282 kB
Progress (4): 0.3/1.2 MB | 190 kB | 0.3/1.6 MB | 196/282 kB
Progress (4): 0.3/1.2 MB | 190 kB | 0.3/1.6 MB | 196/282 kB
Progress (4): 0.3/1.2 MB | 190 kB | 0.3/1.6 MB | 196/282 kB
Progress (4): 0.3/1.2 MB | 190 kB | 0.3/1.6 MB | 196/282 kB
Progress (4): 0.3/1.2 MB | 190 kB | 0.3/1.6 MB | 196/282 kB
Progress (4): 0.3/1.2 MB | 190 kB | 0.3/1.6 MB | 196/282 kB
Progress (4): 0.3/1.2 MB | 190 kB | 0.3/1.6 MB | 196/282 kB
Progress (4): 0.3/1.2 MB | 190 kB | 0.3/1.6 MB | 196/282 kB
Progress (4): 0.3/1.2 MB | 190 kB | 0.3/1.6 MB | 196/282 kB
Progress (4): 0.3/1.2 MB | 190 kB | 0.3/1.6 MB | 196/282 kB
Progress (4): 0.3/1.2 MB | 190 kB | 0.3/1.6 MB | 196/282 kB
Progress (4): 0.3/1.2 MB | 190 kB | 0.3/1.6 MB | 196/282 kB
Progress (4): 0.3/1.2 MB | 190 kB | 0.3/1.6 MB | 196/282 kB
Progress (4): 0.3/1.2 MB | 190 kB | 0.3/1.6 MB | 196/282 kB
Progress (4): 0.3/1.2 MB | 190 kB | 0.4/1.6 MB | 196/282 kB
Progress (4): 0.3/1.2 MB | 190 kB | 0.4/1.6 MB | 196/282 kB
Progress (4): 0.3/1.2 MB | 190 kB | 0.4/1.6 MB | 196/282 kB
Progress (4): 0.3/1.2 MB | 190 kB | 0.4/1.6 MB | 200/282 kB
Progress (4): 0.3/1.2 MB | 190 kB | 0.4/1.6 MB | 204/282 kB
Progress (4): 0.3/1.2 MB | 190 kB | 0.4/1.6 MB | 208/282 kB
Progress (4): 0.3/1.2 MB | 190 kB | 0.4/1.6 MB | 212/282 kB
Progress (4): 0.3/1.2 MB | 190 kB | 0.4/1.6 MB | 217/282 kB
Progress (4): 0.3/1.2 MB | 190 kB | 0.4/1.6 MB | 221/282 kB
Progress (4): 0.3/1.2 MB | 190 kB | 0.4/1.6 MB | 225/282 kB
Progress (4): 0.3/1.2 MB | 190 kB | 0.4/1.6 MB | 229/282 kB
Progress (4): 0.3/1.2 MB | 190 kB | 0.4/1.6 MB | 233/282 kB
Progress (4): 0.3/1.2 MB | 190 kB | 0.4/1.6 MB | 237/282 kB
Progress (4): 0.3/1.2 MB | 190 kB | 0.4/1.6 MB | 241/282 kB
Progress (4): 0.3/1.2 MB | 190 kB | 0.4/1.6 MB | 245/282 kB
Progress (4): 0.3/1.2 MB | 190 kB | 0.4/1.6 MB | 249/282 kB
Progress (4): 0.3/1.2 MB | 190 kB | 0.4/1.6 MB | 253/282 kB
Progress (4): 0.3/1.2 MB | 190 kB | 0.4/1.6 MB | 258/282 kB
Progress (4): 0.3/1.2 MB | 190 kB | 0.4/1.6 MB | 262/282 kB
Progress (4): 0.3/1.2 MB | 190 kB | 0.4/1.6 MB | 266/282 kB
Progress (4): 0.3/1.2 MB | 190 kB | 0.4/1.6 MB | 270/282 kB
Progress (4): 0.3/1.2 MB | 190 kB | 0.4/1.6 MB | 274/282 kB
Progress (4): 0.3/1.2 MB | 190 kB | 0.4/1.6 MB | 278/282 kB
Progress (4): 0.3/1.2 MB | 190 kB | 0.4/1.6 MB | 282/282 kB
Progress (4): 0.3/1.2 MB | 190 kB | 0.4/1.6 MB | 282 kB    
Progress (4): 0.3/1.2 MB | 190 kB | 0.4/1.6 MB | 282 kB
Progress (4): 0.3/1.2 MB | 190 kB | 0.4/1.6 MB | 282 kB
Progress (4): 0.3/1.2 MB | 190 kB | 0.4/1.6 MB | 282 kB
Progress (4): 0.3/1.2 MB | 190 kB | 0.4/1.6 MB | 282 kB
Progress (4): 0.3/1.2 MB | 190 kB | 0.4/1.6 MB | 282 kB
Progress (4): 0.3/1.2 MB | 190 kB | 0.4/1.6 MB | 282 kB
Progress (4): 0.3/1.2 MB | 190 kB | 0.4/1.6 MB | 282 kB
Progress (4): 0.3/1.2 MB | 190 kB | 0.4/1.6 MB | 282 kB
Progress (4): 0.3/1.2 MB | 190 kB | 0.4/1.6 MB | 282 kB
Progress (4): 0.3/1.2 MB | 190 kB | 0.4/1.6 MB | 282 kB
Progress (4): 0.3/1.2 MB | 190 kB | 0.4/1.6 MB | 282 kB
Progress (4): 0.3/1.2 MB | 190 kB | 0.4/1.6 MB | 282 kB
Progress (5): 0.3/1.2 MB | 190 kB | 0.4/1.6 MB | 282 kB | 4.1/317 kB
Progress (5): 0.3/1.2 MB | 190 kB | 0.4/1.6 MB | 282 kB | 8.2/317 kB
Progress (5): 0.3/1.2 MB | 190 kB | 0.4/1.6 MB | 282 kB | 12/317 kB 
Progress (5): 0.3/1.2 MB | 190 kB | 0.4/1.6 MB | 282 kB | 16/317 kB
Progress (5): 0.3/1.2 MB | 190 kB | 0.4/1.6 MB | 282 kB | 20/317 kB
Progress (5): 0.3/1.2 MB | 190 kB | 0.4/1.6 MB | 282 kB | 25/317 kB
Progress (5): 0.3/1.2 MB | 190 kB | 0.4/1.6 MB | 282 kB | 29/317 kB
Progress (5): 0.3/1.2 MB | 190 kB | 0.4/1.6 MB | 282 kB | 33/317 kB
Progress (5): 0.3/1.2 MB | 190 kB | 0.4/1.6 MB | 282 kB | 37/317 kB
Progress (5): 0.3/1.2 MB | 190 kB | 0.4/1.6 MB | 282 kB | 41/317 kB
Progress (5): 0.3/1.2 MB | 190 kB | 0.4/1.6 MB | 282 kB | 45/317 kB
Progress (5): 0.3/1.2 MB | 190 kB | 0.4/1.6 MB | 282 kB | 49/317 kB
Progress (5): 0.3/1.2 MB | 190 kB | 0.4/1.6 MB | 282 kB | 53/317 kB
Progress (5): 0.3/1.2 MB | 190 kB | 0.4/1.6 MB | 282 kB | 57/317 kB
Progress (5): 0.3/1.2 MB | 190 kB | 0.4/1.6 MB | 282 kB | 61/317 kB
Progress (5): 0.3/1.2 MB | 190 kB | 0.4/1.6 MB | 282 kB | 66/317 kB
Progress (5): 0.3/1.2 MB | 190 kB | 0.4/1.6 MB | 282 kB | 70/317 kB
Progress (5): 0.3/1.2 MB | 190 kB | 0.4/1.6 MB | 282 kB | 74/317 kB
Progress (5): 0.3/1.2 MB | 190 kB | 0.4/1.6 MB | 282 kB | 78/317 kB
Progress (5): 0.3/1.2 MB | 190 kB | 0.4/1.6 MB | 282 kB | 82/317 kB
Progress (5): 0.3/1.2 MB | 190 kB | 0.4/1.6 MB | 282 kB | 86/317 kB
Progress (5): 0.3/1.2 MB | 190 kB | 0.4/1.6 MB | 282 kB | 90/317 kB
Progress (5): 0.3/1.2 MB | 190 kB | 0.4/1.6 MB | 282 kB | 94/317 kB
Progress (5): 0.3/1.2 MB | 190 kB | 0.4/1.6 MB | 282 kB | 98/317 kB
Progress (5): 0.3/1.2 MB | 190 kB | 0.4/1.6 MB | 282 kB | 102/317 kB
Progress (5): 0.3/1.2 MB | 190 kB | 0.4/1.6 MB | 282 kB | 106/317 kB
Progress (5): 0.3/1.2 MB | 190 kB | 0.4/1.6 MB | 282 kB | 111/317 kB
Progress (5): 0.3/1.2 MB | 190 kB | 0.4/1.6 MB | 282 kB | 115/317 kB
Progress (5): 0.3/1.2 MB | 190 kB | 0.4/1.6 MB | 282 kB | 119/317 kB
Progress (5): 0.3/1.2 MB | 190 kB | 0.4/1.6 MB | 282 kB | 123/317 kB
Progress (5): 0.3/1.2 MB | 190 kB | 0.4/1.6 MB | 282 kB | 127/317 kB
Progress (5): 0.3/1.2 MB | 190 kB | 0.4/1.6 MB | 282 kB | 131/317 kB
Progress (5): 0.3/1.2 MB | 190 kB | 0.4/1.6 MB | 282 kB | 135/317 kB
Progress (5): 0.3/1.2 MB | 190 kB | 0.4/1.6 MB | 282 kB | 139/317 kB
Progress (5): 0.3/1.2 MB | 190 kB | 0.4/1.6 MB | 282 kB | 143/317 kB
Progress (5): 0.3/1.2 MB | 190 kB | 0.4/1.6 MB | 282 kB | 147/317 kB
                                                                    
Downloaded from central: https://repo.maven.apache.org/maven2/com/google/code/gson/gson/2.2.4/gson-2.2.4.jar (190 kB at 86 kB/s)
Downloading from central: https://repo.maven.apache.org/maven2/org/apache/httpcomponents/httpclient/4.3.2/httpclient-4.3.2.jar
Progress (4): 0.3/1.2 MB | 0.4/1.6 MB | 282 kB | 147/317 kB
Progress (4): 0.3/1.2 MB | 0.4/1.6 MB | 282 kB | 147/317 kB
Progress (4): 0.3/1.2 MB | 0.4/1.6 MB | 282 kB | 147/317 kB
Progress (4): 0.3/1.2 MB | 0.4/1.6 MB | 282 kB | 147/317 kB
Progress (4): 0.3/1.2 MB | 0.4/1.6 MB | 282 kB | 147/317 kB
Progress (4): 0.3/1.2 MB | 0.4/1.6 MB | 282 kB | 147/317 kB
Progress (4): 0.3/1.2 MB | 0.4/1.6 MB | 282 kB | 147/317 kB
Progress (4): 0.3/1.2 MB | 0.4/1.6 MB | 282 kB | 147/317 kB
Progress (4): 0.3/1.2 MB | 0.4/1.6 MB | 282 kB | 147/317 kB
Progress (4): 0.3/1.2 MB | 0.4/1.6 MB | 282 kB | 147/317 kB
Progress (4): 0.3/1.2 MB | 0.4/1.6 MB | 282 kB | 147/317 kB
Progress (4): 0.3/1.2 MB | 0.4/1.6 MB | 282 kB | 147/317 kB
Progress (4): 0.3/1.2 MB | 0.4/1.6 MB | 282 kB | 147/317 kB
Progress (4): 0.3/1.2 MB | 0.4/1.6 MB | 282 kB | 147/317 kB
Progress (4): 0.3/1.2 MB | 0.4/1.6 MB | 282 kB | 147/317 kB
Progress (4): 0.3/1.2 MB | 0.4/1.6 MB | 282 kB | 147/317 kB
Progress (4): 0.3/1.2 MB | 0.4/1.6 MB | 282 kB | 147/317 kB
Progress (4): 0.3/1.2 MB | 0.4/1.6 MB | 282 kB | 147/317 kB
Progress (4): 0.3/1.2 MB | 0.4/1.6 MB | 282 kB | 147/317 kB
Progress (4): 0.3/1.2 MB | 0.4/1.6 MB | 282 kB | 147/317 kB
Progress (4): 0.3/1.2 MB | 0.4/1.6 MB | 282 kB | 147/317 kB
Progress (4): 0.3/1.2 MB | 0.5/1.6 MB | 282 kB | 147/317 kB
Progress (4): 0.3/1.2 MB | 0.5/1.6 MB | 282 kB | 147/317 kB
Progress (4): 0.3/1.2 MB | 0.5/1.6 MB | 282 kB | 147/317 kB
Progress (4): 0.3/1.2 MB | 0.5/1.6 MB | 282 kB | 147/317 kB
Progress (4): 0.3/1.2 MB | 0.5/1.6 MB | 282 kB | 147/317 kB
Progress (4): 0.3/1.2 MB | 0.5/1.6 MB | 282 kB | 147/317 kB
Progress (4): 0.3/1.2 MB | 0.5/1.6 MB | 282 kB | 147/317 kB
Progress (4): 0.3/1.2 MB | 0.5/1.6 MB | 282 kB | 147/317 kB
Progress (4): 0.3/1.2 MB | 0.5/1.6 MB | 282 kB | 147/317 kB
Progress (4): 0.3/1.2 MB | 0.5/1.6 MB | 282 kB | 147/317 kB
Progress (4): 0.3/1.2 MB | 0.5/1.6 MB | 282 kB | 147/317 kB
Progress (4): 0.3/1.2 MB | 0.5/1.6 MB | 282 kB | 147/317 kB
Progress (4): 0.3/1.2 MB | 0.5/1.6 MB | 282 kB | 147/317 kB
Progress (4): 0.3/1.2 MB | 0.5/1.6 MB | 282 kB | 147/317 kB
Progress (4): 0.3/1.2 MB | 0.5/1.6 MB | 282 kB | 147/317 kB
Progress (4): 0.3/1.2 MB | 0.5/1.6 MB | 282 kB | 147/317 kB
Progress (4): 0.3/1.2 MB | 0.5/1.6 MB | 282 kB | 147/317 kB
Progress (4): 0.3/1.2 MB | 0.5/1.6 MB | 282 kB | 147/317 kB
Progress (4): 0.3/1.2 MB | 0.5/1.6 MB | 282 kB | 147/317 kB
Progress (4): 0.3/1.2 MB | 0.5/1.6 MB | 282 kB | 147/317 kB
Progress (4): 0.3/1.2 MB | 0.5/1.6 MB | 282 kB | 147/317 kB
Progress (4): 0.3/1.2 MB | 0.5/1.6 MB | 282 kB | 147/317 kB
Progress (4): 0.3/1.2 MB | 0.5/1.6 MB | 282 kB | 147/317 kB
Progress (4): 0.3/1.2 MB | 0.5/1.6 MB | 282 kB | 147/317 kB
Progress (4): 0.3/1.2 MB | 0.5/1.6 MB | 282 kB | 147/317 kB
Progress (4): 0.3/1.2 MB | 0.6/1.6 MB | 282 kB | 147/317 kB
Progress (4): 0.3/1.2 MB | 0.6/1.6 MB | 282 kB | 147/317 kB
Progress (4): 0.3/1.2 MB | 0.6/1.6 MB | 282 kB | 147/317 kB
Progress (4): 0.3/1.2 MB | 0.6/1.6 MB | 282 kB | 147/317 kB
Progress (4): 0.3/1.2 MB | 0.6/1.6 MB | 282 kB | 147/317 kB
Progress (4): 0.3/1.2 MB | 0.6/1.6 MB | 282 kB | 147/317 kB
Progress (4): 0.3/1.2 MB | 0.6/1.6 MB | 282 kB | 147/317 kB
Progress (4): 0.3/1.2 MB | 0.6/1.6 MB | 282 kB | 147/317 kB
Progress (4): 0.3/1.2 MB | 0.6/1.6 MB | 282 kB | 147/317 kB
Progress (4): 0.3/1.2 MB | 0.6/1.6 MB | 282 kB | 147/317 kB
Progress (4): 0.3/1.2 MB | 0.6/1.6 MB | 282 kB | 147/317 kB
Progress (4): 0.4/1.2 MB | 0.6/1.6 MB | 282 kB | 147/317 kB
Progress (4): 0.4/1.2 MB | 0.6/1.6 MB | 282 kB | 147/317 kB
Progress (4): 0.4/1.2 MB | 0.6/1.6 MB | 282 kB | 147/317 kB
Progress (4): 0.4/1.2 MB | 0.6/1.6 MB | 282 kB | 147/317 kB
                                                           
Downloaded from central: https://repo.maven.apache.org/maven2/org/apache/httpcomponents/httpcore/4.3.2/httpcore-4.3.2.jar (282 kB at 119 kB/s)
Progress (3): 0.4/1.2 MB | 0.6/1.6 MB | 147/317 kB
Progress (3): 0.4/1.2 MB | 0.6/1.6 MB | 147/317 kB
Progress (3): 0.4/1.2 MB | 0.6/1.6 MB | 147/317 kB
Progress (3): 0.4/1.2 MB | 0.6/1.6 MB | 147/317 kB
Progress (3): 0.4/1.2 MB | 0.6/1.6 MB | 147/317 kB
Progress (3): 0.4/1.2 MB | 0.6/1.6 MB | 147/317 kB
Progress (3): 0.4/1.2 MB | 0.6/1.6 MB | 147/317 kB
Progress (3): 0.4/1.2 MB | 0.6/1.6 MB | 147/317 kB
Progress (3): 0.4/1.2 MB | 0.6/1.6 MB | 147/317 kB
Progress (3): 0.4/1.2 MB | 0.6/1.6 MB | 147/317 kB
Progress (3): 0.4/1.2 MB | 0.6/1.6 MB | 147/317 kB
Progress (3): 0.4/1.2 MB | 0.6/1.6 MB | 152/317 kB
Progress (3): 0.4/1.2 MB | 0.6/1.6 MB | 156/317 kB
Progress (3): 0.4/1.2 MB | 0.6/1.6 MB | 160/317 kB
Progress (3): 0.4/1.2 MB | 0.6/1.6 MB | 164/317 kB
Progress (3): 0.4/1.2 MB | 0.6/1.6 MB | 168/317 kB
Progress (3): 0.4/1.2 MB | 0.6/1.6 MB | 172/317 kB
Progress (3): 0.4/1.2 MB | 0.6/1.6 MB | 176/317 kB
Progress (3): 0.4/1.2 MB | 0.6/1.6 MB | 180/317 kB
Progress (3): 0.4/1.2 MB | 0.6/1.6 MB | 184/317 kB
Progress (3): 0.4/1.2 MB | 0.6/1.6 MB | 188/317 kB
Progress (3): 0.4/1.2 MB | 0.6/1.6 MB | 193/317 kB
Progress (3): 0.4/1.2 MB | 0.6/1.6 MB | 197/317 kB
Progress (3): 0.4/1.2 MB | 0.6/1.6 MB | 201/317 kB
Progress (3): 0.4/1.2 MB | 0.6/1.6 MB | 205/317 kB
Progress (3): 0.4/1.2 MB | 0.6/1.6 MB | 209/317 kB
Progress (3): 0.4/1.2 MB | 0.6/1.6 MB | 213/317 kB
Progress (3): 0.4/1.2 MB | 0.6/1.6 MB | 217/317 kB
Progress (3): 0.4/1.2 MB | 0.6/1.6 MB | 221/317 kB
Progress (3): 0.4/1.2 MB | 0.6/1.6 MB | 225/317 kB
Progress (3): 0.4/1.2 MB | 0.6/1.6 MB | 229/317 kB
Progress (3): 0.4/1.2 MB | 0.6/1.6 MB | 233/317 kB
Progress (3): 0.4/1.2 MB | 0.6/1.6 MB | 238/317 kB
Progress (3): 0.4/1.2 MB | 0.6/1.6 MB | 242/317 kB
Progress (3): 0.4/1.2 MB | 0.6/1.6 MB | 246/317 kB
Progress (3): 0.4/1.2 MB | 0.6/1.6 MB | 250/317 kB
Progress (3): 0.4/1.2 MB | 0.6/1.6 MB | 254/317 kB
Progress (3): 0.4/1.2 MB | 0.6/1.6 MB | 258/317 kB
Progress (3): 0.4/1.2 MB | 0.6/1.6 MB | 262/317 kB
Progress (3): 0.4/1.2 MB | 0.6/1.6 MB | 266/317 kB
Progress (3): 0.4/1.2 MB | 0.6/1.6 MB | 270/317 kB
Progress (3): 0.4/1.2 MB | 0.6/1.6 MB | 274/317 kB
Progress (3): 0.4/1.2 MB | 0.6/1.6 MB | 275/317 kB
Progress (3): 0.4/1.2 MB | 0.6/1.6 MB | 279/317 kB
Progress (3): 0.4/1.2 MB | 0.6/1.6 MB | 283/317 kB
Progress (3): 0.4/1.2 MB | 0.6/1.6 MB | 287/317 kB
Progress (3): 0.4/1.2 MB | 0.6/1.6 MB | 291/317 kB
Progress (3): 0.4/1.2 MB | 0.6/1.6 MB | 295/317 kB
Progress (3): 0.4/1.2 MB | 0.6/1.6 MB | 299/317 kB
Progress (3): 0.4/1.2 MB | 0.6/1.6 MB | 303/317 kB
Progress (3): 0.4/1.2 MB | 0.6/1.6 MB | 307/317 kB
Progress (4): 0.4/1.2 MB | 0.6/1.6 MB | 307/317 kB | 4.1/588 kB
Progress (4): 0.4/1.2 MB | 0.6/1.6 MB | 307/317 kB | 7.7/588 kB
Progress (4): 0.4/1.2 MB | 0.6/1.6 MB | 307/317 kB | 12/588 kB 
Progress (4): 0.4/1.2 MB | 0.6/1.6 MB | 307/317 kB | 16/588 kB
Progress (4): 0.4/1.2 MB | 0.6/1.6 MB | 307/317 kB | 20/588 kB
Progress (4): 0.4/1.2 MB | 0.6/1.6 MB | 307/317 kB | 24/588 kB
Progress (4): 0.4/1.2 MB | 0.6/1.6 MB | 307/317 kB | 28/588 kB
Progress (4): 0.4/1.2 MB | 0.6/1.6 MB | 307/317 kB | 32/588 kB
Progress (4): 0.4/1.2 MB | 0.6/1.6 MB | 307/317 kB | 36/588 kB
Progress (4): 0.4/1.2 MB | 0.6/1.6 MB | 307/317 kB | 40/588 kB
Progress (4): 0.4/1.2 MB | 0.6/1.6 MB | 307/317 kB | 45/588 kB
Progress (4): 0.4/1.2 MB | 0.6/1.6 MB | 307/317 kB | 49/588 kB
Progress (4): 0.4/1.2 MB | 0.6/1.6 MB | 307/317 kB | 53/588 kB
Progress (4): 0.4/1.2 MB | 0.6/1.6 MB | 307/317 kB | 57/588 kB
Progress (4): 0.4/1.2 MB | 0.6/1.6 MB | 307/317 kB | 61/588 kB
Progress (4): 0.4/1.2 MB | 0.6/1.6 MB | 307/317 kB | 65/588 kB
Progress (4): 0.4/1.2 MB | 0.6/1.6 MB | 307/317 kB | 69/588 kB
Progress (4): 0.4/1.2 MB | 0.6/1.6 MB | 307/317 kB | 73/588 kB
Progress (4): 0.4/1.2 MB | 0.6/1.6 MB | 307/317 kB | 77/588 kB
Progress (4): 0.4/1.2 MB | 0.6/1.6 MB | 307/317 kB | 81/588 kB
Progress (4): 0.4/1.2 MB | 0.6/1.6 MB | 307/317 kB | 85/588 kB
Progress (4): 0.4/1.2 MB | 0.6/1.6 MB | 307/317 kB | 90/588 kB
Progress (4): 0.4/1.2 MB | 0.6/1.6 MB | 307/317 kB | 94/588 kB
Progress (4): 0.4/1.2 MB | 0.6/1.6 MB | 307/317 kB | 98/588 kB
Progress (4): 0.4/1.2 MB | 0.6/1.6 MB | 307/317 kB | 102/588 kB
Progress (4): 0.4/1.2 MB | 0.6/1.6 MB | 307/317 kB | 106/588 kB
Progress (4): 0.4/1.2 MB | 0.6/1.6 MB | 307/317 kB | 110/588 kB
Progress (4): 0.4/1.2 MB | 0.6/1.6 MB | 307/317 kB | 114/588 kB
Progress (4): 0.4/1.2 MB | 0.6/1.6 MB | 307/317 kB | 118/588 kB
Progress (4): 0.4/1.2 MB | 0.6/1.6 MB | 307/317 kB | 122/588 kB
Progress (4): 0.4/1.2 MB | 0.6/1.6 MB | 307/317 kB | 126/588 kB
Progress (4): 0.4/1.2 MB | 0.6/1.6 MB | 307/317 kB | 131/588 kB
Progress (4): 0.4/1.2 MB | 0.6/1.6 MB | 307/317 kB | 135/588 kB
Progress (4): 0.4/1.2 MB | 0.6/1.6 MB | 307/317 kB | 139/588 kB
Progress (4): 0.4/1.2 MB | 0.6/1.6 MB | 307/317 kB | 143/588 kB
Progress (4): 0.4/1.2 MB | 0.6/1.6 MB | 307/317 kB | 147/588 kB
Progress (4): 0.4/1.2 MB | 0.6/1.6 MB | 307/317 kB | 151/588 kB
Progress (4): 0.4/1.2 MB | 0.6/1.6 MB | 307/317 kB | 155/588 kB
Progress (4): 0.4/1.2 MB | 0.6/1.6 MB | 307/317 kB | 159/588 kB
Progress (4): 0.4/1.2 MB | 0.6/1.6 MB | 307/317 kB | 163/588 kB
Progress (4): 0.4/1.2 MB | 0.6/1.6 MB | 307/317 kB | 163/588 kB
Progress (4): 0.4/1.2 MB | 0.6/1.6 MB | 307/317 kB | 163/588 kB
Progress (4): 0.4/1.2 MB | 0.6/1.6 MB | 307/317 kB | 163/588 kB
Progress (4): 0.4/1.2 MB | 0.6/1.6 MB | 307/317 kB | 163/588 kB
Progress (4): 0.4/1.2 MB | 0.6/1.6 MB | 307/317 kB | 163/588 kB
Progress (4): 0.4/1.2 MB | 0.6/1.6 MB | 307/317 kB | 163/588 kB
Progress (4): 0.4/1.2 MB | 0.6/1.6 MB | 307/317 kB | 163/588 kB
Progress (4): 0.4/1.2 MB | 0.6/1.6 MB | 307/317 kB | 163/588 kB
Progress (4): 0.4/1.2 MB | 0.6/1.6 MB | 307/317 kB | 163/588 kB
Progress (4): 0.4/1.2 MB | 0.6/1.6 MB | 307/317 kB | 163/588 kB
Progress (4): 0.4/1.2 MB | 0.6/1.6 MB | 307/317 kB | 163/588 kB
Progress (4): 0.4/1.2 MB | 0.6/1.6 MB | 307/317 kB | 163/588 kB
Progress (4): 0.4/1.2 MB | 0.6/1.6 MB | 307/317 kB | 163/588 kB
Progress (4): 0.4/1.2 MB | 0.6/1.6 MB | 307/317 kB | 163/588 kB
Progress (4): 0.4/1.2 MB | 0.7/1.6 MB | 307/317 kB | 163/588 kB
Progress (4): 0.4/1.2 MB | 0.7/1.6 MB | 307/317 kB | 163/588 kB
Progress (4): 0.4/1.2 MB | 0.7/1.6 MB | 307/317 kB | 163/588 kB
Progress (4): 0.4/1.2 MB | 0.7/1.6 MB | 307/317 kB | 163/588 kB
Progress (4): 0.4/1.2 MB | 0.7/1.6 MB | 307/317 kB | 163/588 kB
Progress (4): 0.4/1.2 MB | 0.7/1.6 MB | 307/317 kB | 163/588 kB
Progress (4): 0.4/1.2 MB | 0.7/1.6 MB | 307/317 kB | 163/588 kB
Progress (4): 0.4/1.2 MB | 0.7/1.6 MB | 307/317 kB | 163/588 kB
Progress (4): 0.4/1.2 MB | 0.7/1.6 MB | 307/317 kB | 163/588 kB
Progress (4): 0.4/1.2 MB | 0.7/1.6 MB | 307/317 kB | 163/588 kB
Progress (4): 0.4/1.2 MB | 0.7/1.6 MB | 307/317 kB | 163/588 kB
Progress (4): 0.4/1.2 MB | 0.7/1.6 MB | 307/317 kB | 163/588 kB
Progress (4): 0.4/1.2 MB | 0.7/1.6 MB | 307/317 kB | 163/588 kB
Progress (4): 0.4/1.2 MB | 0.7/1.6 MB | 307/317 kB | 163/588 kB
Progress (4): 0.4/1.2 MB | 0.7/1.6 MB | 307/317 kB | 163/588 kB
Progress (4): 0.4/1.2 MB | 0.7/1.6 MB | 307/317 kB | 163/588 kB
Progress (4): 0.4/1.2 MB | 0.7/1.6 MB | 307/317 kB | 163/588 kB
Progress (4): 0.4/1.2 MB | 0.7/1.6 MB | 307/317 kB | 163/588 kB
Progress (4): 0.4/1.2 MB | 0.7/1.6 MB | 307/317 kB | 163/588 kB
Progress (4): 0.4/1.2 MB | 0.7/1.6 MB | 307/317 kB | 163/588 kB
Progress (4): 0.4/1.2 MB | 0.7/1.6 MB | 307/317 kB | 163/588 kB
Progress (4): 0.4/1.2 MB | 0.7/1.6 MB | 307/317 kB | 163/588 kB
Progress (4): 0.4/1.2 MB | 0.7/1.6 MB | 307/317 kB | 163/588 kB
Progress (4): 0.4/1.2 MB | 0.7/1.6 MB | 307/317 kB | 163/588 kB
Progress (4): 0.4/1.2 MB | 0.7/1.6 MB | 307/317 kB | 163/588 kB
Progress (4): 0.4/1.2 MB | 0.8/1.6 MB | 307/317 kB | 163/588 kB
Progress (4): 0.4/1.2 MB | 0.8/1.6 MB | 307/317 kB | 163/588 kB
Progress (4): 0.4/1.2 MB | 0.8/1.6 MB | 307/317 kB | 163/588 kB
Progress (4): 0.4/1.2 MB | 0.8/1.6 MB | 307/317 kB | 163/588 kB
Progress (4): 0.4/1.2 MB | 0.8/1.6 MB | 307/317 kB | 163/588 kB
Progress (4): 0.4/1.2 MB | 0.8/1.6 MB | 307/317 kB | 163/588 kB
Progress (4): 0.4/1.2 MB | 0.8/1.6 MB | 307/317 kB | 163/588 kB
Progress (4): 0.4/1.2 MB | 0.8/1.6 MB | 307/317 kB | 163/588 kB
Progress (4): 0.4/1.2 MB | 0.8/1.6 MB | 307/317 kB | 163/588 kB
Progress (4): 0.4/1.2 MB | 0.8/1.6 MB | 307/317 kB | 163/588 kB
Progress (4): 0.4/1.2 MB | 0.8/1.6 MB | 307/317 kB | 163/588 kB
Progress (4): 0.4/1.2 MB | 0.8/1.6 MB | 307/317 kB | 163/588 kB
Progress (4): 0.4/1.2 MB | 0.8/1.6 MB | 307/317 kB | 163/588 kB
Progress (4): 0.4/1.2 MB | 0.8/1.6 MB | 307/317 kB | 163/588 kB
Progress (4): 0.4/1.2 MB | 0.8/1.6 MB | 307/317 kB | 163/588 kB
Progress (4): 0.4/1.2 MB | 0.8/1.6 MB | 307/317 kB | 163/588 kB
Progress (4): 0.4/1.2 MB | 0.8/1.6 MB | 307/317 kB | 163/588 kB
Progress (4): 0.4/1.2 MB | 0.8/1.6 MB | 307/317 kB | 163/588 kB
Progress (4): 0.4/1.2 MB | 0.8/1.6 MB | 307/317 kB | 163/588 kB
Progress (4): 0.4/1.2 MB | 0.8/1.6 MB | 307/317 kB | 163/588 kB
Progress (4): 0.4/1.2 MB | 0.8/1.6 MB | 307/317 kB | 163/588 kB
Progress (4): 0.4/1.2 MB | 0.8/1.6 MB | 307/317 kB | 163/588 kB
Progress (4): 0.4/1.2 MB | 0.8/1.6 MB | 307/317 kB | 163/588 kB
Progress (4): 0.4/1.2 MB | 0.8/1.6 MB | 307/317 kB | 163/588 kB
Progress (4): 0.4/1.2 MB | 0.9/1.6 MB | 307/317 kB | 163/588 kB
Progress (4): 0.4/1.2 MB | 0.9/1.6 MB | 307/317 kB | 163/588 kB
Progress (4): 0.4/1.2 MB | 0.9/1.6 MB | 307/317 kB | 163/588 kB
Progress (4): 0.4/1.2 MB | 0.9/1.6 MB | 307/317 kB | 163/588 kB
Progress (4): 0.4/1.2 MB | 0.9/1.6 MB | 307/317 kB | 163/588 kB
Progress (4): 0.4/1.2 MB | 0.9/1.6 MB | 307/317 kB | 163/588 kB
Progress (4): 0.4/1.2 MB | 0.9/1.6 MB | 307/317 kB | 163/588 kB
Progress (4): 0.4/1.2 MB | 0.9/1.6 MB | 307/317 kB | 163/588 kB
Progress (4): 0.4/1.2 MB | 0.9/1.6 MB | 307/317 kB | 163/588 kB
Progress (4): 0.4/1.2 MB | 0.9/1.6 MB | 307/317 kB | 163/588 kB
Progress (4): 0.4/1.2 MB | 0.9/1.6 MB | 307/317 kB | 163/588 kB
Progress (4): 0.4/1.2 MB | 0.9/1.6 MB | 307/317 kB | 163/588 kB
Progress (4): 0.4/1.2 MB | 0.9/1.6 MB | 307/317 kB | 163/588 kB
Progress (4): 0.4/1.2 MB | 0.9/1.6 MB | 307/317 kB | 163/588 kB
Progress (4): 0.4/1.2 MB | 0.9/1.6 MB | 307/317 kB | 163/588 kB
Progress (4): 0.4/1.2 MB | 0.9/1.6 MB | 307/317 kB | 163/588 kB
Progress (4): 0.4/1.2 MB | 0.9/1.6 MB | 307/317 kB | 163/588 kB
Progress (4): 0.4/1.2 MB | 0.9/1.6 MB | 307/317 kB | 163/588 kB
Progress (4): 0.4/1.2 MB | 0.9/1.6 MB | 307/317 kB | 163/588 kB
Progress (4): 0.4/1.2 MB | 0.9/1.6 MB | 307/317 kB | 163/588 kB
Progress (4): 0.4/1.2 MB | 0.9/1.6 MB | 307/317 kB | 163/588 kB
Progress (4): 0.4/1.2 MB | 0.9/1.6 MB | 307/317 kB | 163/588 kB
Progress (4): 0.4/1.2 MB | 0.9/1.6 MB | 307/317 kB | 163/588 kB
Progress (4): 0.4/1.2 MB | 0.9/1.6 MB | 307/317 kB | 163/588 kB
Progress (4): 0.4/1.2 MB | 0.9/1.6 MB | 307/317 kB | 163/588 kB
Progress (4): 0.4/1.2 MB | 1.0/1.6 MB | 307/317 kB | 163/588 kB
Progress (4): 0.4/1.2 MB | 1.0/1.6 MB | 307/317 kB | 163/588 kB
Progress (4): 0.4/1.2 MB | 1.0/1.6 MB | 307/317 kB | 163/588 kB
Progress (4): 0.4/1.2 MB | 1.0/1.6 MB | 307/317 kB | 163/588 kB
Progress (4): 0.4/1.2 MB | 1.0/1.6 MB | 307/317 kB | 163/588 kB
Progress (4): 0.4/1.2 MB | 1.0/1.6 MB | 307/317 kB | 163/588 kB
Progress (4): 0.4/1.2 MB | 1.0/1.6 MB | 307/317 kB | 163/588 kB
Progress (4): 0.4/1.2 MB | 1.0/1.6 MB | 307/317 kB | 163/588 kB
Progress (4): 0.4/1.2 MB | 1.0/1.6 MB | 307/317 kB | 163/588 kB
Progress (4): 0.4/1.2 MB | 1.0/1.6 MB | 307/317 kB | 163/588 kB
Progress (4): 0.4/1.2 MB | 1.0/1.6 MB | 307/317 kB | 163/588 kB
Progress (4): 0.4/1.2 MB | 1.0/1.6 MB | 307/317 kB | 163/588 kB
Progress (4): 0.4/1.2 MB | 1.0/1.6 MB | 307/317 kB | 163/588 kB
Progress (4): 0.4/1.2 MB | 1.0/1.6 MB | 307/317 kB | 163/588 kB
Progress (4): 0.4/1.2 MB | 1.0/1.6 MB | 307/317 kB | 163/588 kB
Progress (4): 0.4/1.2 MB | 1.0/1.6 MB | 307/317 kB | 163/588 kB
Progress (4): 0.4/1.2 MB | 1.0/1.6 MB | 307/317 kB | 163/588 kB
Progress (4): 0.5/1.2 MB | 1.0/1.6 MB | 307/317 kB | 163/588 kB
Progress (4): 0.5/1.2 MB | 1.0/1.6 MB | 307/317 kB | 163/588 kB
Progress (4): 0.5/1.2 MB | 1.0/1.6 MB | 307/317 kB | 163/588 kB
Progress (4): 0.5/1.2 MB | 1.0/1.6 MB | 311/317 kB | 163/588 kB
Progress (4): 0.5/1.2 MB | 1.0/1.6 MB | 315/317 kB | 163/588 kB
Progress (4): 0.5/1.2 MB | 1.0/1.6 MB | 317 kB | 163/588 kB    
Progress (4): 0.5/1.2 MB | 1.0/1.6 MB | 317 kB | 167/588 kB
Progress (4): 0.5/1.2 MB | 1.0/1.6 MB | 317 kB | 171/588 kB
Progress (4): 0.5/1.2 MB | 1.0/1.6 MB | 317 kB | 176/588 kB
Progress (4): 0.5/1.2 MB | 1.0/1.6 MB | 317 kB | 180/588 kB
Progress (4): 0.5/1.2 MB | 1.0/1.6 MB | 317 kB | 184/588 kB
Progress (4): 0.5/1.2 MB | 1.0/1.6 MB | 317 kB | 188/588 kB
Progress (4): 0.5/1.2 MB | 1.0/1.6 MB | 317 kB | 192/588 kB
Progress (4): 0.5/1.2 MB | 1.0/1.6 MB | 317 kB | 196/588 kB
Progress (4): 0.5/1.2 MB | 1.0/1.6 MB | 317 kB | 200/588 kB
Progress (4): 0.5/1.2 MB | 1.0/1.6 MB | 317 kB | 204/588 kB
Progress (4): 0.5/1.2 MB | 1.0/1.6 MB | 317 kB | 208/588 kB
Progress (4): 0.5/1.2 MB | 1.0/1.6 MB | 317 kB | 212/588 kB
Progress (4): 0.5/1.2 MB | 1.0/1.6 MB | 317 kB | 217/588 kB
Progress (4): 0.5/1.2 MB | 1.0/1.6 MB | 317 kB | 221/588 kB
Progress (4): 0.5/1.2 MB | 1.0/1.6 MB | 317 kB | 225/588 kB
Progress (4): 0.5/1.2 MB | 1.0/1.6 MB | 317 kB | 229/588 kB
Progress (4): 0.5/1.2 MB | 1.0/1.6 MB | 317 kB | 233/588 kB
Progress (4): 0.5/1.2 MB | 1.0/1.6 MB | 317 kB | 237/588 kB
Progress (4): 0.5/1.2 MB | 1.0/1.6 MB | 317 kB | 241/588 kB
Progress (4): 0.5/1.2 MB | 1.0/1.6 MB | 317 kB | 245/588 kB
Progress (4): 0.5/1.2 MB | 1.0/1.6 MB | 317 kB | 249/588 kB
Progress (4): 0.5/1.2 MB | 1.0/1.6 MB | 317 kB | 253/588 kB
Progress (4): 0.5/1.2 MB | 1.0/1.6 MB | 317 kB | 258/588 kB
Progress (4): 0.5/1.2 MB | 1.0/1.6 MB | 317 kB | 262/588 kB
Progress (4): 0.5/1.2 MB | 1.0/1.6 MB | 317 kB | 266/588 kB
Progress (4): 0.5/1.2 MB | 1.0/1.6 MB | 317 kB | 270/588 kB
Progress (4): 0.5/1.2 MB | 1.0/1.6 MB | 317 kB | 274/588 kB
Progress (4): 0.5/1.2 MB | 1.0/1.6 MB | 317 kB | 278/588 kB
Progress (4): 0.5/1.2 MB | 1.0/1.6 MB | 317 kB | 282/588 kB
Progress (4): 0.5/1.2 MB | 1.0/1.6 MB | 317 kB | 286/588 kB
Progress (4): 0.5/1.2 MB | 1.0/1.6 MB | 317 kB | 290/588 kB
Progress (4): 0.5/1.2 MB | 1.0/1.6 MB | 317 kB | 294/588 kB
Progress (4): 0.5/1.2 MB | 1.0/1.6 MB | 317 kB | 298/588 kB
Progress (4): 0.5/1.2 MB | 1.0/1.6 MB | 317 kB | 303/588 kB
Progress (4): 0.5/1.2 MB | 1.0/1.6 MB | 317 kB | 307/588 kB
Progress (4): 0.5/1.2 MB | 1.0/1.6 MB | 317 kB | 311/588 kB
Progress (4): 0.5/1.2 MB | 1.0/1.6 MB | 317 kB | 315/588 kB
Progress (4): 0.5/1.2 MB | 1.0/1.6 MB | 317 kB | 319/588 kB
Progress (4): 0.5/1.2 MB | 1.0/1.6 MB | 317 kB | 323/588 kB
Progress (4): 0.5/1.2 MB | 1.0/1.6 MB | 317 kB | 327/588 kB
Progress (4): 0.5/1.2 MB | 1.0/1.6 MB | 317 kB | 331/588 kB
Progress (4): 0.5/1.2 MB | 1.0/1.6 MB | 317 kB | 335/588 kB
Progress (4): 0.5/1.2 MB | 1.0/1.6 MB | 317 kB | 339/588 kB
Progress (4): 0.5/1.2 MB | 1.0/1.6 MB | 317 kB | 344/588 kB
Progress (4): 0.5/1.2 MB | 1.0/1.6 MB | 317 kB | 348/588 kB
Progress (4): 0.5/1.2 MB | 1.0/1.6 MB | 317 kB | 352/588 kB
Progress (4): 0.5/1.2 MB | 1.0/1.6 MB | 317 kB | 356/588 kB
Progress (4): 0.5/1.2 MB | 1.0/1.6 MB | 317 kB | 360/588 kB
Progress (4): 0.5/1.2 MB | 1.0/1.6 MB | 317 kB | 360/588 kB
Progress (4): 0.5/1.2 MB | 1.0/1.6 MB | 317 kB | 360/588 kB
Progress (4): 0.5/1.2 MB | 1.0/1.6 MB | 317 kB | 360/588 kB
Progress (4): 0.5/1.2 MB | 1.0/1.6 MB | 317 kB | 360/588 kB
Progress (4): 0.5/1.2 MB | 1.0/1.6 MB | 317 kB | 360/588 kB
Progress (4): 0.5/1.2 MB | 1.0/1.6 MB | 317 kB | 360/588 kB
Progress (4): 0.5/1.2 MB | 1.0/1.6 MB | 317 kB | 360/588 kB
Progress (4): 0.5/1.2 MB | 1.0/1.6 MB | 317 kB | 360/588 kB
Progress (4): 0.5/1.2 MB | 1.0/1.6 MB | 317 kB | 360/588 kB
Progress (4): 0.5/1.2 MB | 1.0/1.6 MB | 317 kB | 360/588 kB
Progress (4): 0.5/1.2 MB | 1.0/1.6 MB | 317 kB | 360/588 kB
Progress (4): 0.5/1.2 MB | 1.0/1.6 MB | 317 kB | 360/588 kB
Progress (4): 0.5/1.2 MB | 1.0/1.6 MB | 317 kB | 360/588 kB
Progress (4): 0.5/1.2 MB | 1.0/1.6 MB | 317 kB | 360/588 kB
Progress (4): 0.5/1.2 MB | 1.0/1.6 MB | 317 kB | 360/588 kB
Progress (4): 0.5/1.2 MB | 1.0/1.6 MB | 317 kB | 360/588 kB
Progress (4): 0.5/1.2 MB | 1.1/1.6 MB | 317 kB | 360/588 kB
Progress (4): 0.5/1.2 MB | 1.1/1.6 MB | 317 kB | 360/588 kB
Progress (4): 0.5/1.2 MB | 1.1/1.6 MB | 317 kB | 360/588 kB
Progress (4): 0.5/1.2 MB | 1.1/1.6 MB | 317 kB | 360/588 kB
Progress (4): 0.5/1.2 MB | 1.1/1.6 MB | 317 kB | 360/588 kB
Progress (4): 0.5/1.2 MB | 1.1/1.6 MB | 317 kB | 360/588 kB
Progress (4): 0.5/1.2 MB | 1.1/1.6 MB | 317 kB | 360/588 kB
Progress (4): 0.5/1.2 MB | 1.1/1.6 MB | 317 kB | 360/588 kB
Progress (4): 0.5/1.2 MB | 1.1/1.6 MB | 317 kB | 360/588 kB
Progress (4): 0.5/1.2 MB | 1.1/1.6 MB | 317 kB | 360/588 kB
Progress (4): 0.5/1.2 MB | 1.1/1.6 MB | 317 kB | 360/588 kB
Progress (4): 0.5/1.2 MB | 1.1/1.6 MB | 317 kB | 360/588 kB
Progress (4): 0.5/1.2 MB | 1.1/1.6 MB | 317 kB | 360/588 kB
Progress (4): 0.5/1.2 MB | 1.1/1.6 MB | 317 kB | 360/588 kB
Progress (4): 0.5/1.2 MB | 1.1/1.6 MB | 317 kB | 360/588 kB
Progress (4): 0.5/1.2 MB | 1.1/1.6 MB | 317 kB | 360/588 kB
Progress (4): 0.5/1.2 MB | 1.1/1.6 MB | 317 kB | 360/588 kB
Progress (4): 0.5/1.2 MB | 1.1/1.6 MB | 317 kB | 360/588 kB
Progress (4): 0.5/1.2 MB | 1.1/1.6 MB | 317 kB | 360/588 kB
Progress (4): 0.5/1.2 MB | 1.1/1.6 MB | 317 kB | 360/588 kB
Progress (4): 0.5/1.2 MB | 1.1/1.6 MB | 317 kB | 360/588 kB
Progress (4): 0.5/1.2 MB | 1.1/1.6 MB | 317 kB | 360/588 kB
Progress (4): 0.5/1.2 MB | 1.1/1.6 MB | 317 kB | 360/588 kB
Progress (4): 0.5/1.2 MB | 1.1/1.6 MB | 317 kB | 360/588 kB
Progress (4): 0.5/1.2 MB | 1.2/1.6 MB | 317 kB | 360/588 kB
Progress (4): 0.5/1.2 MB | 1.2/1.6 MB | 317 kB | 360/588 kB
Progress (4): 0.5/1.2 MB | 1.2/1.6 MB | 317 kB | 360/588 kB
Progress (4): 0.5/1.2 MB | 1.2/1.6 MB | 317 kB | 360/588 kB
Progress (4): 0.5/1.2 MB | 1.2/1.6 MB | 317 kB | 360/588 kB
Progress (4): 0.5/1.2 MB | 1.2/1.6 MB | 317 kB | 360/588 kB
Progress (4): 0.5/1.2 MB | 1.2/1.6 MB | 317 kB | 360/588 kB
Progress (4): 0.5/1.2 MB | 1.2/1.6 MB | 317 kB | 360/588 kB
Progress (4): 0.5/1.2 MB | 1.2/1.6 MB | 317 kB | 360/588 kB
Progress (4): 0.5/1.2 MB | 1.2/1.6 MB | 317 kB | 360/588 kB
Progress (4): 0.5/1.2 MB | 1.2/1.6 MB | 317 kB | 360/588 kB
Progress (4): 0.5/1.2 MB | 1.2/1.6 MB | 317 kB | 360/588 kB
Progress (4): 0.5/1.2 MB | 1.2/1.6 MB | 317 kB | 360/588 kB
Progress (4): 0.5/1.2 MB | 1.2/1.6 MB | 317 kB | 360/588 kB
Progress (4): 0.5/1.2 MB | 1.2/1.6 MB | 317 kB | 360/588 kB
Progress (4): 0.5/1.2 MB | 1.2/1.6 MB | 317 kB | 360/588 kB
Progress (4): 0.5/1.2 MB | 1.2/1.6 MB | 317 kB | 360/588 kB
Progress (4): 0.5/1.2 MB | 1.2/1.6 MB | 317 kB | 360/588 kB
Progress (4): 0.5/1.2 MB | 1.2/1.6 MB | 317 kB | 360/588 kB
Progress (4): 0.5/1.2 MB | 1.2/1.6 MB | 317 kB | 360/588 kB
Progress (4): 0.5/1.2 MB | 1.2/1.6 MB | 317 kB | 360/588 kB
Progress (4): 0.5/1.2 MB | 1.2/1.6 MB | 317 kB | 360/588 kB
Progress (4): 0.5/1.2 MB | 1.2/1.6 MB | 317 kB | 360/588 kB
Progress (4): 0.5/1.2 MB | 1.2/1.6 MB | 317 kB | 360/588 kB
Progress (4): 0.5/1.2 MB | 1.2/1.6 MB | 317 kB | 360/588 kB
Progress (4): 0.5/1.2 MB | 1.3/1.6 MB | 317 kB | 360/588 kB
Progress (4): 0.5/1.2 MB | 1.3/1.6 MB | 317 kB | 360/588 kB
Progress (4): 0.5/1.2 MB | 1.3/1.6 MB | 317 kB | 360/588 kB
Progress (4): 0.5/1.2 MB | 1.3/1.6 MB | 317 kB | 360/588 kB
Progress (4): 0.5/1.2 MB | 1.3/1.6 MB | 317 kB | 360/588 kB
Progress (4): 0.5/1.2 MB | 1.3/1.6 MB | 317 kB | 360/588 kB
Progress (4): 0.5/1.2 MB | 1.3/1.6 MB | 317 kB | 360/588 kB
Progress (4): 0.5/1.2 MB | 1.3/1.6 MB | 317 kB | 360/588 kB
Progress (4): 0.5/1.2 MB | 1.3/1.6 MB | 317 kB | 360/588 kB
Progress (4): 0.5/1.2 MB | 1.3/1.6 MB | 317 kB | 360/588 kB
Progress (4): 0.5/1.2 MB | 1.3/1.6 MB | 317 kB | 360/588 kB
Progress (4): 0.5/1.2 MB | 1.3/1.6 MB | 317 kB | 360/588 kB
Progress (4): 0.5/1.2 MB | 1.3/1.6 MB | 317 kB | 360/588 kB
Progress (4): 0.5/1.2 MB | 1.3/1.6 MB | 317 kB | 360/588 kB
Progress (4): 0.5/1.2 MB | 1.3/1.6 MB | 317 kB | 360/588 kB
Progress (4): 0.5/1.2 MB | 1.3/1.6 MB | 317 kB | 360/588 kB
Progress (4): 0.5/1.2 MB | 1.3/1.6 MB | 317 kB | 360/588 kB
Progress (4): 0.5/1.2 MB | 1.3/1.6 MB | 317 kB | 360/588 kB
Progress (4): 0.5/1.2 MB | 1.3/1.6 MB | 317 kB | 360/588 kB
Progress (4): 0.5/1.2 MB | 1.3/1.6 MB | 317 kB | 360/588 kB
Progress (4): 0.5/1.2 MB | 1.3/1.6 MB | 317 kB | 360/588 kB
Progress (4): 0.5/1.2 MB | 1.3/1.6 MB | 317 kB | 360/588 kB
Progress (4): 0.5/1.2 MB | 1.3/1.6 MB | 317 kB | 360/588 kB
Progress (4): 0.5/1.2 MB | 1.3/1.6 MB | 317 kB | 360/588 kB
Progress (4): 0.5/1.2 MB | 1.3/1.6 MB | 317 kB | 360/588 kB
Progress (4): 0.5/1.2 MB | 1.4/1.6 MB | 317 kB | 360/588 kB
Progress (4): 0.5/1.2 MB | 1.4/1.6 MB | 317 kB | 360/588 kB
Progress (4): 0.5/1.2 MB | 1.4/1.6 MB | 317 kB | 360/588 kB
Progress (4): 0.5/1.2 MB | 1.4/1.6 MB | 317 kB | 360/588 kB
Progress (4): 0.5/1.2 MB | 1.4/1.6 MB | 317 kB | 360/588 kB
Progress (4): 0.5/1.2 MB | 1.4/1.6 MB | 317 kB | 360/588 kB
Progress (4): 0.5/1.2 MB | 1.4/1.6 MB | 317 kB | 360/588 kB
Progress (4): 0.5/1.2 MB | 1.4/1.6 MB | 317 kB | 360/588 kB
Progress (4): 0.5/1.2 MB | 1.4/1.6 MB | 317 kB | 360/588 kB
Progress (4): 0.5/1.2 MB | 1.4/1.6 MB | 317 kB | 360/588 kB
Progress (4): 0.5/1.2 MB | 1.4/1.6 MB | 317 kB | 360/588 kB
Progress (4): 0.5/1.2 MB | 1.4/1.6 MB | 317 kB | 360/588 kB
Progress (4): 0.5/1.2 MB | 1.4/1.6 MB | 317 kB | 360/588 kB
Progress (4): 0.5/1.2 MB | 1.4/1.6 MB | 317 kB | 360/588 kB
Progress (4): 0.5/1.2 MB | 1.4/1.6 MB | 317 kB | 360/588 kB
Progress (4): 0.5/1.2 MB | 1.4/1.6 MB | 317 kB | 360/588 kB
Progress (4): 0.5/1.2 MB | 1.4/1.6 MB | 317 kB | 360/588 kB
Progress (4): 0.5/1.2 MB | 1.4/1.6 MB | 317 kB | 360/588 kB
Progress (4): 0.5/1.2 MB | 1.4/1.6 MB | 317 kB | 360/588 kB
Progress (4): 0.5/1.2 MB | 1.4/1.6 MB | 317 kB | 360/588 kB
Progress (4): 0.5/1.2 MB | 1.4/1.6 MB | 317 kB | 360/588 kB
Progress (4): 0.5/1.2 MB | 1.4/1.6 MB | 317 kB | 360/588 kB
Progress (4): 0.5/1.2 MB | 1.4/1.6 MB | 317 kB | 360/588 kB
Progress (4): 0.5/1.2 MB | 1.4/1.6 MB | 317 kB | 360/588 kB
Progress (4): 0.5/1.2 MB | 1.5/1.6 MB | 317 kB | 360/588 kB
Progress (4): 0.5/1.2 MB | 1.5/1.6 MB | 317 kB | 360/588 kB
Progress (4): 0.5/1.2 MB | 1.5/1.6 MB | 317 kB | 360/588 kB
Progress (4): 0.5/1.2 MB | 1.5/1.6 MB | 317 kB | 360/588 kB
Progress (4): 0.5/1.2 MB | 1.5/1.6 MB | 317 kB | 360/588 kB
Progress (4): 0.5/1.2 MB | 1.5/1.6 MB | 317 kB | 360/588 kB
Progress (4): 0.5/1.2 MB | 1.5/1.6 MB | 317 kB | 360/588 kB
Progress (4): 0.5/1.2 MB | 1.5/1.6 MB | 317 kB | 360/588 kB
Progress (4): 0.5/1.2 MB | 1.5/1.6 MB | 317 kB | 360/588 kB
Progress (4): 0.5/1.2 MB | 1.5/1.6 MB | 317 kB | 360/588 kB
Progress (4): 0.5/1.2 MB | 1.5/1.6 MB | 317 kB | 360/588 kB
Progress (4): 0.5/1.2 MB | 1.5/1.6 MB | 317 kB | 360/588 kB
Progress (4): 0.5/1.2 MB | 1.5/1.6 MB | 317 kB | 360/588 kB
Progress (4): 0.5/1.2 MB | 1.5/1.6 MB | 317 kB | 360/588 kB
Progress (4): 0.5/1.2 MB | 1.5/1.6 MB | 317 kB | 360/588 kB
Progress (4): 0.5/1.2 MB | 1.5/1.6 MB | 317 kB | 360/588 kB
Progress (4): 0.5/1.2 MB | 1.5/1.6 MB | 317 kB | 360/588 kB
Progress (4): 0.5/1.2 MB | 1.5/1.6 MB | 317 kB | 360/588 kB
Progress (4): 0.5/1.2 MB | 1.5/1.6 MB | 317 kB | 360/588 kB
Progress (4): 0.5/1.2 MB | 1.5/1.6 MB | 317 kB | 360/588 kB
Progress (4): 0.5/1.2 MB | 1.5/1.6 MB | 317 kB | 360/588 kB
Progress (4): 0.5/1.2 MB | 1.5/1.6 MB | 317 kB | 360/588 kB
Progress (4): 0.5/1.2 MB | 1.5/1.6 MB | 317 kB | 360/588 kB
Progress (4): 0.5/1.2 MB | 1.5/1.6 MB | 317 kB | 360/588 kB
Progress (4): 0.5/1.2 MB | 1.5/1.6 MB | 317 kB | 360/588 kB
Progress (4): 0.5/1.2 MB | 1.6/1.6 MB | 317 kB | 360/588 kB
Progress (4): 0.5/1.2 MB | 1.6/1.6 MB | 317 kB | 360/588 kB
Progress (4): 0.5/1.2 MB | 1.6/1.6 MB | 317 kB | 360/588 kB
Progress (4): 0.5/1.2 MB | 1.6/1.6 MB | 317 kB | 360/588 kB
Progress (4): 0.5/1.2 MB | 1.6/1.6 MB | 317 kB | 360/588 kB
Progress (4): 0.5/1.2 MB | 1.6/1.6 MB | 317 kB | 360/588 kB
Progress (4): 0.5/1.2 MB | 1.6/1.6 MB | 317 kB | 360/588 kB
Progress (4): 0.5/1.2 MB | 1.6/1.6 MB | 317 kB | 360/588 kB
Progress (4): 0.5/1.2 MB | 1.6/1.6 MB | 317 kB | 360/588 kB
Progress (4): 0.5/1.2 MB | 1.6/1.6 MB | 317 kB | 360/588 kB
Progress (4): 0.5/1.2 MB | 1.6/1.6 MB | 317 kB | 360/588 kB
Progress (4): 0.5/1.2 MB | 1.6/1.6 MB | 317 kB | 360/588 kB
Progress (4): 0.5/1.2 MB | 1.6/1.6 MB | 317 kB | 360/588 kB
Progress (4): 0.5/1.2 MB | 1.6/1.6 MB | 317 kB | 360/588 kB
Progress (4): 0.5/1.2 MB | 1.6/1.6 MB | 317 kB | 360/588 kB
Progress (4): 0.5/1.2 MB | 1.6/1.6 MB | 317 kB | 360/588 kB
Progress (4): 0.5/1.2 MB | 1.6/1.6 MB | 317 kB | 360/588 kB
                                                           
Downloaded from central: https://repo.maven.apache.org/maven2/org/apache/httpcomponents/httpcore-nio/4.3.2/httpcore-nio-4.3.2.jar (317 kB at 108 kB/s)
Progress (3): 0.5/1.2 MB | 1.6/1.6 MB | 364/588 kB
Progress (3): 0.5/1.2 MB | 1.6/1.6 MB | 368/588 kB
Progress (3): 0.5/1.2 MB | 1.6/1.6 MB | 372/588 kB
Progress (3): 0.5/1.2 MB | 1.6/1.6 MB | 376/588 kB
Progress (3): 0.5/1.2 MB | 1.6/1.6 MB | 380/588 kB
Progress (3): 0.5/1.2 MB | 1.6/1.6 MB | 384/588 kB
Progress (3): 0.5/1.2 MB | 1.6/1.6 MB | 389/588 kB
Progress (3): 0.5/1.2 MB | 1.6/1.6 MB | 393/588 kB
Progress (3): 0.5/1.2 MB | 1.6/1.6 MB | 397/588 kB
Progress (3): 0.5/1.2 MB | 1.6/1.6 MB | 401/588 kB
Progress (3): 0.5/1.2 MB | 1.6/1.6 MB | 405/588 kB
Progress (3): 0.5/1.2 MB | 1.6/1.6 MB | 409/588 kB
Progress (3): 0.5/1.2 MB | 1.6/1.6 MB | 413/588 kB
Progress (3): 0.5/1.2 MB | 1.6/1.6 MB | 417/588 kB
Progress (3): 0.5/1.2 MB | 1.6/1.6 MB | 421/588 kB
Progress (3): 0.5/1.2 MB | 1.6/1.6 MB | 425/588 kB
Progress (3): 0.5/1.2 MB | 1.6/1.6 MB | 430/588 kB
Progress (3): 0.5/1.2 MB | 1.6/1.6 MB | 434/588 kB
Progress (3): 0.5/1.2 MB | 1.6/1.6 MB | 438/588 kB
Progress (3): 0.5/1.2 MB | 1.6/1.6 MB | 442/588 kB
Progress (3): 0.5/1.2 MB | 1.6/1.6 MB | 446/588 kB
Progress (3): 0.5/1.2 MB | 1.6/1.6 MB | 450/588 kB
Progress (3): 0.5/1.2 MB | 1.6/1.6 MB | 454/588 kB
Progress (3): 0.5/1.2 MB | 1.6/1.6 MB | 458/588 kB
Progress (3): 0.5/1.2 MB | 1.6/1.6 MB | 462/588 kB
Progress (3): 0.5/1.2 MB | 1.6/1.6 MB | 466/588 kB
Progress (3): 0.5/1.2 MB | 1.6/1.6 MB | 470/588 kB
Progress (3): 0.5/1.2 MB | 1.6/1.6 MB | 475/588 kB
Progress (3): 0.5/1.2 MB | 1.6/1.6 MB | 479/588 kB
Progress (3): 0.5/1.2 MB | 1.6/1.6 MB | 483/588 kB
Progress (3): 0.5/1.2 MB | 1.6/1.6 MB | 487/588 kB
Progress (3): 0.5/1.2 MB | 1.6/1.6 MB | 491/588 kB
Progress (3): 0.5/1.2 MB | 1.6/1.6 MB | 495/588 kB
Progress (3): 0.5/1.2 MB | 1.6/1.6 MB | 499/588 kB
Progress (3): 0.5/1.2 MB | 1.6/1.6 MB | 503/588 kB
Progress (3): 0.5/1.2 MB | 1.6/1.6 MB | 507/588 kB
Progress (3): 0.5/1.2 MB | 1.6/1.6 MB | 511/588 kB
Progress (3): 0.5/1.2 MB | 1.6/1.6 MB | 516/588 kB
Progress (3): 0.5/1.2 MB | 1.6/1.6 MB | 520/588 kB
Progress (3): 0.5/1.2 MB | 1.6/1.6 MB | 524/588 kB
Progress (3): 0.5/1.2 MB | 1.6/1.6 MB | 528/588 kB
Progress (3): 0.5/1.2 MB | 1.6/1.6 MB | 532/588 kB
Progress (3): 0.5/1.2 MB | 1.6/1.6 MB | 536/588 kB
Progress (3): 0.5/1.2 MB | 1.6/1.6 MB | 540/588 kB
Progress (3): 0.5/1.2 MB | 1.6/1.6 MB | 544/588 kB
Progress (3): 0.5/1.2 MB | 1.6/1.6 MB | 548/588 kB
Progress (3): 0.5/1.2 MB | 1.6/1.6 MB | 552/588 kB
Progress (3): 0.5/1.2 MB | 1.6/1.6 MB | 557/588 kB
Progress (3): 0.5/1.2 MB | 1.6/1.6 MB | 561/588 kB
Progress (3): 0.5/1.2 MB | 1.6/1.6 MB | 565/588 kB
Progress (3): 0.5/1.2 MB | 1.6/1.6 MB | 569/588 kB
Progress (3): 0.5/1.2 MB | 1.6/1.6 MB | 573/588 kB
Progress (3): 0.5/1.2 MB | 1.6/1.6 MB | 577/588 kB
Progress (3): 0.5/1.2 MB | 1.6/1.6 MB | 581/588 kB
Progress (3): 0.5/1.2 MB | 1.6/1.6 MB | 585/588 kB
Progress (3): 0.5/1.2 MB | 1.6/1.6 MB | 588 kB    
Progress (3): 0.5/1.2 MB | 1.6/1.6 MB | 588 kB
Progress (3): 0.5/1.2 MB | 1.6/1.6 MB | 588 kB
Progress (3): 0.5/1.2 MB | 1.6/1.6 MB | 588 kB
Progress (3): 0.5/1.2 MB | 1.6/1.6 MB | 588 kB
Progress (3): 0.5/1.2 MB | 1.6/1.6 MB | 588 kB
Progress (3): 0.5/1.2 MB | 1.6/1.6 MB | 588 kB
Progress (3): 0.5/1.2 MB | 1.6 MB | 588 kB    
Progress (3): 0.5/1.2 MB | 1.6 MB | 588 kB
Progress (3): 0.5/1.2 MB | 1.6 MB | 588 kB
Progress (3): 0.5/1.2 MB | 1.6 MB | 588 kB
Progress (3): 0.5/1.2 MB | 1.6 MB | 588 kB
Progress (3): 0.5/1.2 MB | 1.6 MB | 588 kB
Progress (3): 0.5/1.2 MB | 1.6 MB | 588 kB
Progress (3): 0.6/1.2 MB | 1.6 MB | 588 kB
Progress (3): 0.6/1.2 MB | 1.6 MB | 588 kB
Progress (3): 0.6/1.2 MB | 1.6 MB | 588 kB
Progress (3): 0.6/1.2 MB | 1.6 MB | 588 kB
Progress (3): 0.6/1.2 MB | 1.6 MB | 588 kB
Progress (3): 0.6/1.2 MB | 1.6 MB | 588 kB
Progress (3): 0.6/1.2 MB | 1.6 MB | 588 kB
Progress (3): 0.6/1.2 MB | 1.6 MB | 588 kB
Progress (3): 0.6/1.2 MB | 1.6 MB | 588 kB
Progress (3): 0.6/1.2 MB | 1.6 MB | 588 kB
                                          
Downloaded from central: https://repo.maven.apache.org/maven2/org/apache/httpcomponents/httpclient/4.3.2/httpclient-4.3.2.jar (588 kB at 175 kB/s)
Downloaded from central: https://repo.maven.apache.org/maven2/org/mockito/mockito-all/1.9.5/mockito-all-1.9.5.jar (1.6 MB at 469 kB/s)
Progress (1): 0.6/1.2 MB
Progress (1): 0.6/1.2 MB
Progress (1): 0.6/1.2 MB
Progress (1): 0.6/1.2 MB
Progress (1): 0.6/1.2 MB
Progress (1): 0.6/1.2 MB
Progress (1): 0.6/1.2 MB
Progress (1): 0.6/1.2 MB
Progress (1): 0.6/1.2 MB
Progress (1): 0.6/1.2 MB
Progress (1): 0.6/1.2 MB
Progress (1): 0.6/1.2 MB
Progress (1): 0.6/1.2 MB
Progress (1): 0.6/1.2 MB
Progress (1): 0.7/1.2 MB
Progress (1): 0.7/1.2 MB
Progress (1): 0.7/1.2 MB
Progress (1): 0.7/1.2 MB
Progress (1): 0.7/1.2 MB
Progress (1): 0.7/1.2 MB
Progress (1): 0.7/1.2 MB
Progress (1): 0.7/1.2 MB
Progress (1): 0.7/1.2 MB
Progress (1): 0.7/1.2 MB
Progress (1): 0.7/1.2 MB
Progress (1): 0.7/1.2 MB
Progress (1): 0.7/1.2 MB
Progress (1): 0.7/1.2 MB
Progress (1): 0.7/1.2 MB
Progress (1): 0.7/1.2 MB
Progress (1): 0.7/1.2 MB
Progress (1): 0.7/1.2 MB
Progress (1): 0.7/1.2 MB
Progress (1): 0.7/1.2 MB
Progress (1): 0.7/1.2 MB
Progress (1): 0.7/1.2 MB
Progress (1): 0.7/1.2 MB
Progress (1): 0.7/1.2 MB
Progress (1): 0.7/1.2 MB
Progress (1): 0.8/1.2 MB
Progress (1): 0.8/1.2 MB
Progress (1): 0.8/1.2 MB
Progress (1): 0.8/1.2 MB
Progress (1): 0.8/1.2 MB
Progress (1): 0.8/1.2 MB
Progress (1): 0.8/1.2 MB
Progress (1): 0.8/1.2 MB
Progress (1): 0.8/1.2 MB
Progress (1): 0.8/1.2 MB
Progress (1): 0.8/1.2 MB
Progress (1): 0.8/1.2 MB
Progress (1): 0.8/1.2 MB
Progress (1): 0.8/1.2 MB
Progress (1): 0.8/1.2 MB
Progress (1): 0.8/1.2 MB
Progress (1): 0.8/1.2 MB
Progress (1): 0.8/1.2 MB
Progress (1): 0.8/1.2 MB
Progress (1): 0.8/1.2 MB
Progress (1): 0.8/1.2 MB
Progress (1): 0.8/1.2 MB
Progress (1): 0.8/1.2 MB
Progress (1): 0.8/1.2 MB
Progress (1): 0.9/1.2 MB
Progress (1): 0.9/1.2 MB
Progress (1): 0.9/1.2 MB
Progress (1): 0.9/1.2 MB
Progress (1): 0.9/1.2 MB
Progress (1): 0.9/1.2 MB
Progress (1): 0.9/1.2 MB
Progress (1): 0.9/1.2 MB
Progress (1): 0.9/1.2 MB
Progress (1): 0.9/1.2 MB
Progress (1): 0.9/1.2 MB
Progress (1): 0.9/1.2 MB
Progress (1): 0.9/1.2 MB
Progress (1): 0.9/1.2 MB
Progress (1): 0.9/1.2 MB
Progress (1): 0.9/1.2 MB
Progress (1): 0.9/1.2 MB
Progress (1): 0.9/1.2 MB
Progress (1): 0.9/1.2 MB
Progress (1): 0.9/1.2 MB
Progress (1): 0.9/1.2 MB
Progress (1): 0.9/1.2 MB
Progress (1): 0.9/1.2 MB
Progress (1): 0.9/1.2 MB
Progress (1): 0.9/1.2 MB
Progress (1): 1.0/1.2 MB
Progress (1): 1.0/1.2 MB
Progress (1): 1.0/1.2 MB
Progress (1): 1.0/1.2 MB
Progress (1): 1.0/1.2 MB
Progress (1): 1.0/1.2 MB
Progress (1): 1.0/1.2 MB
Progress (1): 1.0/1.2 MB
Progress (1): 1.0/1.2 MB
Progress (1): 1.0/1.2 MB
Progress (1): 1.0/1.2 MB
Progress (1): 1.0/1.2 MB
Progress (1): 1.0/1.2 MB
Progress (1): 1.0/1.2 MB
Progress (1): 1.0/1.2 MB
Progress (1): 1.0/1.2 MB
Progress (1): 1.0/1.2 MB
Progress (1): 1.0/1.2 MB
Progress (1): 1.0/1.2 MB
Progress (1): 1.0/1.2 MB
Progress (1): 1.0/1.2 MB
Progress (1): 1.0/1.2 MB
Progress (1): 1.0/1.2 MB
Progress (1): 1.0/1.2 MB
Progress (1): 1.1/1.2 MB
Progress (1): 1.1/1.2 MB
Progress (1): 1.1/1.2 MB
Progress (1): 1.1/1.2 MB
Progress (1): 1.1/1.2 MB
Progress (1): 1.1/1.2 MB
Progress (1): 1.1/1.2 MB
Progress (1): 1.1/1.2 MB
Progress (1): 1.1/1.2 MB
Progress (1): 1.1/1.2 MB
Progress (1): 1.1/1.2 MB
Progress (1): 1.1/1.2 MB
Progress (1): 1.1/1.2 MB
Progress (1): 1.1/1.2 MB
Progress (1): 1.1/1.2 MB
Progress (1): 1.1/1.2 MB
Progress (1): 1.1/1.2 MB
Progress (1): 1.1/1.2 MB
Progress (1): 1.1/1.2 MB
Progress (1): 1.1/1.2 MB
Progress (1): 1.1/1.2 MB
Progress (1): 1.1/1.2 MB
Progress (1): 1.1/1.2 MB
Progress (1): 1.1/1.2 MB
Progress (1): 1.2/1.2 MB
Progress (1): 1.2/1.2 MB
Progress (1): 1.2/1.2 MB
Progress (1): 1.2/1.2 MB
Progress (1): 1.2/1.2 MB
Progress (1): 1.2/1.2 MB
Progress (1): 1.2/1.2 MB
Progress (1): 1.2/1.2 MB
Progress (1): 1.2/1.2 MB
Progress (1): 1.2/1.2 MB
Progress (1): 1.2/1.2 MB
Progress (1): 1.2/1.2 MB
Progress (1): 1.2/1.2 MB
Progress (1): 1.2/1.2 MB
Progress (1): 1.2 MB    
                    
Downloaded from central: https://repo.maven.apache.org/maven2/io/netty/netty/3.6.5.Final/netty-3.6.5.Final.jar (1.2 MB at 216 kB/s)
[INFO] 
[INFO] --- maven-clean-plugin:2.5:clean (default-clean) @ webbit ---
[INFO] 
[INFO] --- maven-dependency-plugin:2.8:list (default-cli) @ webbit ---
[INFO] 
[INFO] The following files have been resolved:
[INFO]    junit:junit:jar:4.11:test
[INFO]    org.apache.httpcomponents:httpcore:jar:4.3.2:test
[INFO]    commons-logging:commons-logging:jar:1.1.3:test
[INFO]    org.apache.httpcomponents:httpcore-nio:jar:4.3.2:test
[INFO]    io.netty:netty:jar:3.6.5.Final:compile
[INFO]    org.hamcrest:hamcrest-core:jar:1.3:test
[INFO]    com.google.code.gson:gson:jar:2.2.4:test
[INFO]    org.apache.httpcomponents:httpclient:jar:4.3.2:test
[INFO]    org.apache.httpcomponents:httpasyncclient:jar:4.0.1:test
[INFO]    commons-codec:commons-codec:jar:1.6:test
[INFO]    org.mockito:mockito-all:jar:1.9.5:test
[INFO] 
[INFO] 
[INFO] --- maven-enforcer-plugin:1.0-beta-1:enforce (enforce-maven) @ webbit ---
Downloading from central: https://repo.maven.apache.org/maven2/commons-lang/commons-lang/2.3/commons-lang-2.3.pom
Progress (1): 4.1/11 kB
Progress (1): 7.7/11 kB
Progress (1): 11 kB    
                   
Downloaded from central: https://repo.maven.apache.org/maven2/commons-lang/commons-lang/2.3/commons-lang-2.3.pom (11 kB at 21 kB/s)
Downloading from central: https://repo.maven.apache.org/maven2/org/apache/maven/enforcer/enforcer-api/1.0-beta-1/enforcer-api-1.0-beta-1.pom
Progress (1): 3.3 kB
                    
Downloaded from central: https://repo.maven.apache.org/maven2/org/apache/maven/enforcer/enforcer-api/1.0-beta-1/enforcer-api-1.0-beta-1.pom (3.3 kB at 6.3 kB/s)
Downloading from central: https://repo.maven.apache.org/maven2/org/apache/maven/enforcer/enforcer-rules/1.0-beta-1/enforcer-rules-1.0-beta-1.pom
Progress (1): 2.2/4.2 kB
Progress (1): 4.2 kB    
                    
Downloaded from central: https://repo.maven.apache.org/maven2/org/apache/maven/enforcer/enforcer-rules/1.0-beta-1/enforcer-rules-1.0-beta-1.pom (4.2 kB at 8.6 kB/s)
Downloading from central: https://repo.maven.apache.org/maven2/org/beanshell/bsh/2.0b4/bsh-2.0b4.pom
Progress (1): 1.2 kB
                    
Downloaded from central: https://repo.maven.apache.org/maven2/org/beanshell/bsh/2.0b4/bsh-2.0b4.pom (1.2 kB at 2.4 kB/s)
Downloading from central: https://repo.maven.apache.org/maven2/org/beanshell/beanshell/2.0b4/beanshell-2.0b4.pom
Progress (1): 1.4 kB
                    
Downloaded from central: https://repo.maven.apache.org/maven2/org/beanshell/beanshell/2.0b4/beanshell-2.0b4.pom (1.4 kB at 2.9 kB/s)
Downloading from central: https://repo.maven.apache.org/maven2/org/apache/maven/doxia/doxia-sink-api/1.0-alpha-10/doxia-sink-api-1.0-alpha-10.jar
Downloading from central: https://repo.maven.apache.org/maven2/commons-lang/commons-lang/2.3/commons-lang-2.3.jar
Downloading from central: https://repo.maven.apache.org/maven2/org/codehaus/plexus/plexus-utils/1.5.8/plexus-utils-1.5.8.jar
Downloading from central: https://repo.maven.apache.org/maven2/org/apache/maven/enforcer/enforcer-rules/1.0-beta-1/enforcer-rules-1.0-beta-1.jar
Downloading from central: https://repo.maven.apache.org/maven2/org/apache/maven/enforcer/enforcer-api/1.0-beta-1/enforcer-api-1.0-beta-1.jar
Progress (1): 2.2/268 kB
Progress (1): 5.0/268 kB
Progress (1): 7.7/268 kB
Progress (1): 10/268 kB 
Progress (1): 13/268 kB
Progress (1): 16/268 kB
Progress (1): 19/268 kB
Progress (1): 21/268 kB
Progress (2): 21/268 kB | 2.2/9.9 kB
Progress (2): 24/268 kB | 2.2/9.9 kB
Progress (3): 24/268 kB | 2.2/9.9 kB | 2.8/245 kB
Progress (3): 27/268 kB | 2.2/9.9 kB | 2.8/245 kB
Progress (3): 27/268 kB | 5.0/9.9 kB | 2.8/245 kB
Progress (3): 30/268 kB | 5.0/9.9 kB | 2.8/245 kB
Progress (3): 30/268 kB | 5.0/9.9 kB | 5.5/245 kB
Progress (3): 32/268 kB | 5.0/9.9 kB | 5.5/245 kB
Progress (3): 32/268 kB | 7.7/9.9 kB | 5.5/245 kB
Progress (3): 32/268 kB | 7.7/9.9 kB | 8.3/245 kB
Progress (3): 32/268 kB | 9.9 kB | 8.3/245 kB    
Progress (3): 36/268 kB | 9.9 kB | 8.3/245 kB
Progress (3): 36/268 kB | 9.9 kB | 11/245 kB 
Progress (3): 40/268 kB | 9.9 kB | 11/245 kB
Progress (3): 40/268 kB | 9.9 kB | 14/245 kB
Progress (3): 45/268 kB | 9.9 kB | 14/245 kB
Progress (4): 45/268 kB | 9.9 kB | 14/245 kB | 2.2/54 kB
Progress (4): 49/268 kB | 9.9 kB | 14/245 kB | 2.2/54 kB
Progress (4): 49/268 kB | 9.9 kB | 14/245 kB | 5.0/54 kB
Progress (4): 49/268 kB | 9.9 kB | 16/245 kB | 5.0/54 kB
Progress (4): 49/268 kB | 9.9 kB | 16/245 kB | 7.7/54 kB
Progress (4): 49/268 kB | 9.9 kB | 19/245 kB | 7.7/54 kB
Progress (4): 53/268 kB | 9.9 kB | 19/245 kB | 7.7/54 kB
Progress (4): 53/268 kB | 9.9 kB | 22/245 kB | 7.7/54 kB
Progress (4): 53/268 kB | 9.9 kB | 22/245 kB | 10/54 kB 
Progress (4): 53/268 kB | 9.9 kB | 25/245 kB | 10/54 kB
Progress (4): 57/268 kB | 9.9 kB | 25/245 kB | 10/54 kB
Progress (4): 57/268 kB | 9.9 kB | 27/245 kB | 10/54 kB
Progress (4): 57/268 kB | 9.9 kB | 27/245 kB | 13/54 kB
Progress (4): 57/268 kB | 9.9 kB | 30/245 kB | 13/54 kB
Progress (4): 61/268 kB | 9.9 kB | 30/245 kB | 13/54 kB
Progress (4): 61/268 kB | 9.9 kB | 33/245 kB | 13/54 kB
Progress (4): 61/268 kB | 9.9 kB | 33/245 kB | 16/54 kB
Progress (4): 65/268 kB | 9.9 kB | 33/245 kB | 16/54 kB
Progress (4): 65/268 kB | 9.9 kB | 33/245 kB | 19/54 kB
Progress (4): 65/268 kB | 9.9 kB | 37/245 kB | 19/54 kB
Progress (4): 65/268 kB | 9.9 kB | 37/245 kB | 21/54 kB
Progress (4): 69/268 kB | 9.9 kB | 37/245 kB | 21/54 kB
Progress (4): 69/268 kB | 9.9 kB | 41/245 kB | 21/54 kB
Progress (4): 73/268 kB | 9.9 kB | 41/245 kB | 21/54 kB
Progress (4): 73/268 kB | 9.9 kB | 41/245 kB | 24/54 kB
Progress (4): 77/268 kB | 9.9 kB | 41/245 kB | 24/54 kB
Progress (4): 77/268 kB | 9.9 kB | 45/245 kB | 24/54 kB
Progress (4): 81/268 kB | 9.9 kB | 45/245 kB | 24/54 kB
Progress (4): 81/268 kB | 9.9 kB | 45/245 kB | 27/54 kB
Progress (4): 81/268 kB | 9.9 kB | 49/245 kB | 27/54 kB
Progress (4): 81/268 kB | 9.9 kB | 49/245 kB | 30/54 kB
Progress (4): 85/268 kB | 9.9 kB | 49/245 kB | 30/54 kB
Progress (4): 85/268 kB | 9.9 kB | 49/245 kB | 32/54 kB
Progress (4): 85/268 kB | 9.9 kB | 53/245 kB | 32/54 kB
Progress (4): 90/268 kB | 9.9 kB | 53/245 kB | 32/54 kB
Progress (4): 90/268 kB | 9.9 kB | 57/245 kB | 32/54 kB
Progress (4): 90/268 kB | 9.9 kB | 57/245 kB | 36/54 kB
Progress (4): 94/268 kB | 9.9 kB | 57/245 kB | 36/54 kB
Progress (4): 94/268 kB | 9.9 kB | 57/245 kB | 40/54 kB
Progress (4): 94/268 kB | 9.9 kB | 61/245 kB | 40/54 kB
Progress (4): 94/268 kB | 9.9 kB | 61/245 kB | 45/54 kB
Progress (4): 98/268 kB | 9.9 kB | 61/245 kB | 45/54 kB
Progress (4): 98/268 kB | 9.9 kB | 61/245 kB | 49/54 kB
Progress (4): 98/268 kB | 9.9 kB | 66/245 kB | 49/54 kB
Progress (4): 98/268 kB | 9.9 kB | 66/245 kB | 53/54 kB
Progress (4): 98/268 kB | 9.9 kB | 66/245 kB | 54 kB   
Progress (4): 102/268 kB | 9.9 kB | 66/245 kB | 54 kB
Progress (4): 106/268 kB | 9.9 kB | 66/245 kB | 54 kB
Progress (4): 106/268 kB | 9.9 kB | 70/245 kB | 54 kB
Progress (4): 110/268 kB | 9.9 kB | 70/245 kB | 54 kB
Progress (4): 110/268 kB | 9.9 kB | 74/245 kB | 54 kB
Progress (4): 114/268 kB | 9.9 kB | 74/245 kB | 54 kB
Progress (4): 114/268 kB | 9.9 kB | 78/245 kB | 54 kB
Progress (4): 114/268 kB | 9.9 kB | 82/245 kB | 54 kB
Progress (4): 118/268 kB | 9.9 kB | 82/245 kB | 54 kB
Progress (4): 122/268 kB | 9.9 kB | 82/245 kB | 54 kB
Progress (4): 126/268 kB | 9.9 kB | 82/245 kB | 54 kB
Progress (4): 126/268 kB | 9.9 kB | 86/245 kB | 54 kB
Progress (4): 131/268 kB | 9.9 kB | 86/245 kB | 54 kB
Progress (4): 131/268 kB | 9.9 kB | 90/245 kB | 54 kB
Progress (4): 131/268 kB | 9.9 kB | 94/245 kB | 54 kB
Progress (4): 131/268 kB | 9.9 kB | 98/245 kB | 54 kB
Progress (4): 135/268 kB | 9.9 kB | 98/245 kB | 54 kB
Progress (4): 139/268 kB | 9.9 kB | 98/245 kB | 54 kB
Progress (4): 143/268 kB | 9.9 kB | 98/245 kB | 54 kB
Progress (4): 143/268 kB | 9.9 kB | 102/245 kB | 54 kB
Progress (4): 147/268 kB | 9.9 kB | 102/245 kB | 54 kB
Progress (4): 147/268 kB | 9.9 kB | 106/245 kB | 54 kB
Progress (4): 147/268 kB | 9.9 kB | 111/245 kB | 54 kB
Progress (4): 147/268 kB | 9.9 kB | 115/245 kB | 54 kB
Progress (4): 151/268 kB | 9.9 kB | 115/245 kB | 54 kB
Progress (4): 155/268 kB | 9.9 kB | 115/245 kB | 54 kB
Progress (4): 159/268 kB | 9.9 kB | 115/245 kB | 54 kB
Progress (4): 159/268 kB | 9.9 kB | 119/245 kB | 54 kB
Progress (4): 163/268 kB | 9.9 kB | 119/245 kB | 54 kB
Progress (4): 163/268 kB | 9.9 kB | 123/245 kB | 54 kB
Progress (4): 163/268 kB | 9.9 kB | 127/245 kB | 54 kB
Progress (4): 163/268 kB | 9.9 kB | 131/245 kB | 54 kB
Progress (4): 167/268 kB | 9.9 kB | 131/245 kB | 54 kB
Progress (4): 171/268 kB | 9.9 kB | 131/245 kB | 54 kB
Progress (4): 176/268 kB | 9.9 kB | 131/245 kB | 54 kB
Progress (4): 176/268 kB | 9.9 kB | 135/245 kB | 54 kB
Progress (4): 180/268 kB | 9.9 kB | 135/245 kB | 54 kB
Progress (4): 180/268 kB | 9.9 kB | 139/245 kB | 54 kB
Progress (4): 180/268 kB | 9.9 kB | 143/245 kB | 54 kB
Progress (4): 180/268 kB | 9.9 kB | 147/245 kB | 54 kB
Progress (4): 184/268 kB | 9.9 kB | 147/245 kB | 54 kB
Progress (4): 188/268 kB | 9.9 kB | 147/245 kB | 54 kB
Progress (4): 192/268 kB | 9.9 kB | 147/245 kB | 54 kB
Progress (4): 192/268 kB | 9.9 kB | 152/245 kB | 54 kB
Progress (4): 196/268 kB | 9.9 kB | 152/245 kB | 54 kB
Progress (4): 196/268 kB | 9.9 kB | 156/245 kB | 54 kB
Progress (4): 196/268 kB | 9.9 kB | 160/245 kB | 54 kB
Progress (5): 196/268 kB | 9.9 kB | 160/245 kB | 54 kB | 2.2/9.8 kB
Progress (5): 200/268 kB | 9.9 kB | 160/245 kB | 54 kB | 2.2/9.8 kB
Progress (5): 200/268 kB | 9.9 kB | 164/245 kB | 54 kB | 2.2/9.8 kB
Progress (5): 204/268 kB | 9.9 kB | 164/245 kB | 54 kB | 2.2/9.8 kB
Progress (5): 204/268 kB | 9.9 kB | 164/245 kB | 54 kB | 5.0/9.8 kB
Progress (5): 208/268 kB | 9.9 kB | 164/245 kB | 54 kB | 5.0/9.8 kB
Progress (5): 208/268 kB | 9.9 kB | 168/245 kB | 54 kB | 5.0/9.8 kB
Progress (5): 208/268 kB | 9.9 kB | 168/245 kB | 54 kB | 7.7/9.8 kB
Progress (5): 208/268 kB | 9.9 kB | 172/245 kB | 54 kB | 7.7/9.8 kB
Progress (5): 212/268 kB | 9.9 kB | 172/245 kB | 54 kB | 7.7/9.8 kB
Progress (5): 212/268 kB | 9.9 kB | 176/245 kB | 54 kB | 7.7/9.8 kB
Progress (5): 212/268 kB | 9.9 kB | 176/245 kB | 54 kB | 9.8 kB    
Progress (5): 212/268 kB | 9.9 kB | 180/245 kB | 54 kB | 9.8 kB
Progress (5): 217/268 kB | 9.9 kB | 180/245 kB | 54 kB | 9.8 kB
Progress (5): 221/268 kB | 9.9 kB | 180/245 kB | 54 kB | 9.8 kB
Progress (5): 221/268 kB | 9.9 kB | 184/245 kB | 54 kB | 9.8 kB
Progress (5): 225/268 kB | 9.9 kB | 184/245 kB | 54 kB | 9.8 kB
Progress (5): 225/268 kB | 9.9 kB | 188/245 kB | 54 kB | 9.8 kB
Progress (5): 229/268 kB | 9.9 kB | 188/245 kB | 54 kB | 9.8 kB
Progress (5): 229/268 kB | 9.9 kB | 193/245 kB | 54 kB | 9.8 kB
Progress (5): 229/268 kB | 9.9 kB | 197/245 kB | 54 kB | 9.8 kB
Progress (5): 233/268 kB | 9.9 kB | 197/245 kB | 54 kB | 9.8 kB
Progress (5): 237/268 kB | 9.9 kB | 197/245 kB | 54 kB | 9.8 kB
Progress (5): 237/268 kB | 9.9 kB | 201/245 kB | 54 kB | 9.8 kB
Progress (5): 241/268 kB | 9.9 kB | 201/245 kB | 54 kB | 9.8 kB
Progress (5): 241/268 kB | 9.9 kB | 205/245 kB | 54 kB | 9.8 kB
Progress (5): 245/268 kB | 9.9 kB | 205/245 kB | 54 kB | 9.8 kB
Progress (5): 245/268 kB | 9.9 kB | 209/245 kB | 54 kB | 9.8 kB
Progress (5): 245/268 kB | 9.9 kB | 213/245 kB | 54 kB | 9.8 kB
Progress (5): 249/268 kB | 9.9 kB | 213/245 kB | 54 kB | 9.8 kB
Progress (5): 253/268 kB | 9.9 kB | 213/245 kB | 54 kB | 9.8 kB
Progress (5): 253/268 kB | 9.9 kB | 217/245 kB | 54 kB | 9.8 kB
Progress (5): 258/268 kB | 9.9 kB | 217/245 kB | 54 kB | 9.8 kB
Progress (5): 258/268 kB | 9.9 kB | 221/245 kB | 54 kB | 9.8 kB
Progress (5): 262/268 kB | 9.9 kB | 221/245 kB | 54 kB | 9.8 kB
Progress (5): 262/268 kB | 9.9 kB | 225/245 kB | 54 kB | 9.8 kB
Progress (5): 266/268 kB | 9.9 kB | 225/245 kB | 54 kB | 9.8 kB
Progress (5): 266/268 kB | 9.9 kB | 229/245 kB | 54 kB | 9.8 kB
Progress (5): 268 kB | 9.9 kB | 229/245 kB | 54 kB | 9.8 kB    
Progress (5): 268 kB | 9.9 kB | 233/245 kB | 54 kB | 9.8 kB
Progress (5): 268 kB | 9.9 kB | 238/245 kB | 54 kB | 9.8 kB
Progress (5): 268 kB | 9.9 kB | 242/245 kB | 54 kB | 9.8 kB
Progress (5): 268 kB | 9.9 kB | 245 kB | 54 kB | 9.8 kB    
                                                       
Downloaded from central: https://repo.maven.apache.org/maven2/org/apache/maven/doxia/doxia-sink-api/1.0-alpha-10/doxia-sink-api-1.0-alpha-10.jar (9.9 kB at 20 kB/s)
Downloading from central: https://repo.maven.apache.org/maven2/org/beanshell/bsh/2.0b4/bsh-2.0b4.jar
Downloaded from central: https://repo.maven.apache.org/maven2/org/apache/maven/enforcer/enforcer-rules/1.0-beta-1/enforcer-rules-1.0-beta-1.jar (54 kB at 106 kB/s)
Downloaded from central: https://repo.maven.apache.org/maven2/org/codehaus/plexus/plexus-utils/1.5.8/plexus-utils-1.5.8.jar (268 kB at 507 kB/s)
Downloaded from central: https://repo.maven.apache.org/maven2/commons-lang/commons-lang/2.3/commons-lang-2.3.jar (245 kB at 460 kB/s)
Downloaded from central: https://repo.maven.apache.org/maven2/org/apache/maven/enforcer/enforcer-api/1.0-beta-1/enforcer-api-1.0-beta-1.jar (9.8 kB at 18 kB/s)
Progress (1): 2.2/282 kB
Progress (1): 5.0/282 kB
Progress (1): 7.7/282 kB
Progress (1): 10/282 kB 
Progress (1): 13/282 kB
Progress (1): 16/282 kB
Progress (1): 19/282 kB
Progress (1): 21/282 kB
Progress (1): 24/282 kB
Progress (1): 27/282 kB
Progress (1): 30/282 kB
Progress (1): 32/282 kB
Progress (1): 36/282 kB
Progress (1): 40/282 kB
Progress (1): 45/282 kB
Progress (1): 49/282 kB
Progress (1): 53/282 kB
Progress (1): 57/282 kB
Progress (1): 61/282 kB
Progress (1): 65/282 kB
Progress (1): 69/282 kB
Progress (1): 73/282 kB
Progress (1): 77/282 kB
Progress (1): 81/282 kB
Progress (1): 85/282 kB
Progress (1): 90/282 kB
Progress (1): 94/282 kB
Progress (1): 98/282 kB
Progress (1): 102/282 kB
Progress (1): 106/282 kB
Progress (1): 110/282 kB
Progress (1): 114/282 kB
Progress (1): 118/282 kB
Progress (1): 122/282 kB
Progress (1): 126/282 kB
Progress (1): 131/282 kB
Progress (1): 135/282 kB
Progress (1): 139/282 kB
Progress (1): 143/282 kB
Progress (1): 147/282 kB
Progress (1): 151/282 kB
Progress (1): 155/282 kB
Progress (1): 159/282 kB
Progress (1): 163/282 kB
Progress (1): 167/282 kB
Progress (1): 171/282 kB
Progress (1): 176/282 kB
Progress (1): 180/282 kB
Progress (1): 184/282 kB
Progress (1): 188/282 kB
Progress (1): 192/282 kB
Progress (1): 196/282 kB
Progress (1): 200/282 kB
Progress (1): 204/282 kB
Progress (1): 208/282 kB
Progress (1): 212/282 kB
Progress (1): 217/282 kB
Progress (1): 221/282 kB
Progress (1): 225/282 kB
Progress (1): 229/282 kB
Progress (1): 233/282 kB
Progress (1): 237/282 kB
Progress (1): 241/282 kB
Progress (1): 245/282 kB
Progress (1): 249/282 kB
Progress (1): 253/282 kB
Progress (1): 258/282 kB
Progress (1): 262/282 kB
Progress (1): 266/282 kB
Progress (1): 270/282 kB
Progress (1): 274/282 kB
Progress (1): 278/282 kB
Progress (1): 282 kB    
                    
Downloaded from central: https://repo.maven.apache.org/maven2/org/beanshell/bsh/2.0b4/bsh-2.0b4.jar (282 kB at 184 kB/s)
[INFO] 
[INFO] --- maven-resources-plugin:2.6:resources (default-resources) @ webbit ---
[INFO] Using 'UTF-8' encoding to copy filtered resources.
[INFO] skip non existing resourceDirectory /home/cgzhu/projects/gitslice/resources/facts/upgrade_jars_exp/_downloads/webbit/src/main/resources
[INFO] 
[INFO] --- maven-compiler-plugin:3.1:compile (default-compile) @ webbit ---
Downloading from central: https://repo.maven.apache.org/maven2/org/codehaus/plexus/plexus-compiler-api/2.2/plexus-compiler-api-2.2.pom
Progress (1): 865 B
                   
Downloaded from central: https://repo.maven.apache.org/maven2/org/codehaus/plexus/plexus-compiler-api/2.2/plexus-compiler-api-2.2.pom (865 B at 1.7 kB/s)
Downloading from central: https://repo.maven.apache.org/maven2/org/codehaus/plexus/plexus-compiler/2.2/plexus-compiler-2.2.pom
Progress (1): 2.2/3.6 kB
Progress (1): 3.6 kB    
                    
Downloaded from central: https://repo.maven.apache.org/maven2/org/codehaus/plexus/plexus-compiler/2.2/plexus-compiler-2.2.pom (3.6 kB at 6.9 kB/s)
Downloading from central: https://repo.maven.apache.org/maven2/org/codehaus/plexus/plexus-compiler-manager/2.2/plexus-compiler-manager-2.2.pom
Progress (1): 690 B
                   
Downloaded from central: https://repo.maven.apache.org/maven2/org/codehaus/plexus/plexus-compiler-manager/2.2/plexus-compiler-manager-2.2.pom (690 B at 1.4 kB/s)
Downloading from central: https://repo.maven.apache.org/maven2/org/codehaus/plexus/plexus-compiler-javac/2.2/plexus-compiler-javac-2.2.pom
Progress (1): 769 B
                   
Downloaded from central: https://repo.maven.apache.org/maven2/org/codehaus/plexus/plexus-compiler-javac/2.2/plexus-compiler-javac-2.2.pom (769 B at 1.6 kB/s)
Downloading from central: https://repo.maven.apache.org/maven2/org/codehaus/plexus/plexus-compilers/2.2/plexus-compilers-2.2.pom
Progress (1): 1.2 kB
                    
Downloaded from central: https://repo.maven.apache.org/maven2/org/codehaus/plexus/plexus-compilers/2.2/plexus-compilers-2.2.pom (1.2 kB at 2.4 kB/s)
Downloading from central: https://repo.maven.apache.org/maven2/org/codehaus/plexus/plexus-compiler-api/2.2/plexus-compiler-api-2.2.jar
Downloading from central: https://repo.maven.apache.org/maven2/org/codehaus/plexus/plexus-compiler-javac/2.2/plexus-compiler-javac-2.2.jar
Downloading from central: https://repo.maven.apache.org/maven2/org/codehaus/plexus/plexus-compiler-manager/2.2/plexus-compiler-manager-2.2.jar
Progress (1): 2.2/25 kB
Progress (2): 2.2/25 kB | 2.2/4.6 kB
Progress (2): 5.0/25 kB | 2.2/4.6 kB
Progress (2): 5.0/25 kB | 4.6 kB    
Progress (2): 7.7/25 kB | 4.6 kB
Progress (2): 10/25 kB | 4.6 kB 
Progress (2): 13/25 kB | 4.6 kB
Progress (2): 16/25 kB | 4.6 kB
Progress (2): 19/25 kB | 4.6 kB
Progress (2): 21/25 kB | 4.6 kB
Progress (2): 24/25 kB | 4.6 kB
Progress (2): 25 kB | 4.6 kB   
Progress (3): 25 kB | 4.6 kB | 2.2/19 kB
Progress (3): 25 kB | 4.6 kB | 5.0/19 kB
Progress (3): 25 kB | 4.6 kB | 7.7/19 kB
Progress (3): 25 kB | 4.6 kB | 10/19 kB 
Progress (3): 25 kB | 4.6 kB | 13/19 kB
Progress (3): 25 kB | 4.6 kB | 16/19 kB
Progress (3): 25 kB | 4.6 kB | 19/19 kB
Progress (3): 25 kB | 4.6 kB | 19 kB   
                                    
Downloaded from central: https://repo.maven.apache.org/maven2/org/codehaus/plexus/plexus-compiler-manager/2.2/plexus-compiler-manager-2.2.jar (4.6 kB at 8.6 kB/s)
Downloaded from central: https://repo.maven.apache.org/maven2/org/codehaus/plexus/plexus-compiler-api/2.2/plexus-compiler-api-2.2.jar (25 kB at 46 kB/s)
Downloaded from central: https://repo.maven.apache.org/maven2/org/codehaus/plexus/plexus-compiler-javac/2.2/plexus-compiler-javac-2.2.jar (19 kB at 33 kB/s)
[INFO] Changes detected - recompiling the module!
[INFO] Compiling 93 source files to /home/cgzhu/projects/gitslice/resources/facts/upgrade_jars_exp/_downloads/webbit/target/classes
[WARNING] /home/cgzhu/projects/gitslice/resources/facts/upgrade_jars_exp/_downloads/webbit/src/main/java/org/webbitserver/netty/NettyWebSocketConnection.java: Some input files use or override a deprecated API.
[WARNING] /home/cgzhu/projects/gitslice/resources/facts/upgrade_jars_exp/_downloads/webbit/src/main/java/org/webbitserver/netty/NettyWebSocketConnection.java: Recompile with -Xlint:deprecation for details.
[INFO] 
[INFO] --- maven-resources-plugin:2.6:testResources (default-testResources) @ webbit ---
[INFO] Using 'UTF-8' encoding to copy filtered resources.
[INFO] Copying 5 resources
[INFO] 
[INFO] --- maven-compiler-plugin:3.1:testCompile (default-testCompile) @ webbit ---
[INFO] Changes detected - recompiling the module!
[INFO] Compiling 38 source files to /home/cgzhu/projects/gitslice/resources/facts/upgrade_jars_exp/_downloads/webbit/target/test-classes
[WARNING] /home/cgzhu/projects/gitslice/resources/facts/upgrade_jars_exp/_downloads/webbit/src/test/java/org/webbitserver/handler/EmbeddedResourceHandlerTest.java: Some input files use or override a deprecated API.
[WARNING] /home/cgzhu/projects/gitslice/resources/facts/upgrade_jars_exp/_downloads/webbit/src/test/java/org/webbitserver/handler/EmbeddedResourceHandlerTest.java: Recompile with -Xlint:deprecation for details.
[INFO] 
[INFO] --- maven-surefire-plugin:2.15:test (default-test) @ webbit ---
Downloading from central: https://repo.maven.apache.org/maven2/org/apache/maven/surefire/maven-surefire-common/2.15/maven-surefire-common-2.15.pom
Progress (1): 2.2/6.1 kB
Progress (1): 5.0/6.1 kB
Progress (1): 6.1 kB    
                    
Downloaded from central: https://repo.maven.apache.org/maven2/org/apache/maven/surefire/maven-surefire-common/2.15/maven-surefire-common-2.15.pom (6.1 kB at 11 kB/s)
Downloading from central: https://repo.maven.apache.org/maven2/org/apache/maven/plugin-tools/maven-plugin-annotations/3.2/maven-plugin-annotations-3.2.pom
Progress (1): 1.6 kB
                    
Downloaded from central: https://repo.maven.apache.org/maven2/org/apache/maven/plugin-tools/maven-plugin-annotations/3.2/maven-plugin-annotations-3.2.pom (1.6 kB at 2.9 kB/s)
Downloading from central: https://repo.maven.apache.org/maven2/org/apache/maven/plugin-tools/maven-plugin-tools/3.2/maven-plugin-tools-3.2.pom
Progress (1): 2.2/17 kB
Progress (1): 5.0/17 kB
Progress (1): 7.8/17 kB
Progress (1): 11/17 kB 
Progress (1): 13/17 kB
Progress (1): 16/17 kB
Progress (1): 17 kB   
                   
Downloaded from central: https://repo.maven.apache.org/maven2/org/apache/maven/plugin-tools/maven-plugin-tools/3.2/maven-plugin-tools-3.2.pom (17 kB at 29 kB/s)
Downloading from central: https://repo.maven.apache.org/maven2/org/apache/maven/surefire/surefire-api/2.15/surefire-api-2.15.pom
Progress (1): 2.2/2.3 kB
Progress (1): 2.3 kB    
                    
Downloaded from central: https://repo.maven.apache.org/maven2/org/apache/maven/surefire/surefire-api/2.15/surefire-api-2.15.pom (2.3 kB at 4.1 kB/s)
Downloading from central: https://repo.maven.apache.org/maven2/org/apache/maven/surefire/surefire-booter/2.15/surefire-booter-2.15.pom
Progress (1): 2.2/2.8 kB
Progress (1): 2.8 kB    
                    
Downloaded from central: https://repo.maven.apache.org/maven2/org/apache/maven/surefire/surefire-booter/2.15/surefire-booter-2.15.pom (2.8 kB at 5.1 kB/s)
Downloading from central: https://repo.maven.apache.org/maven2/org/apache/maven/surefire/maven-surefire-common/2.15/maven-surefire-common-2.15.jar
Downloading from central: https://repo.maven.apache.org/maven2/org/apache/maven/plugin-tools/maven-plugin-annotations/3.2/maven-plugin-annotations-3.2.jar
Downloading from central: https://repo.maven.apache.org/maven2/org/apache/maven/surefire/surefire-api/2.15/surefire-api-2.15.jar
Downloading from central: https://repo.maven.apache.org/maven2/org/apache/maven/surefire/surefire-booter/2.15/surefire-booter-2.15.jar
Progress (1): 2.2/40 kB
Progress (1): 5.0/40 kB
Progress (1): 7.7/40 kB
Progress (1): 10/40 kB 
Progress (1): 13/40 kB
Progress (1): 16/40 kB
Progress (1): 19/40 kB
Progress (1): 21/40 kB
Progress (1): 24/40 kB
Progress (1): 27/40 kB
Progress (2): 27/40 kB | 2.2/15 kB
Progress (2): 30/40 kB | 2.2/15 kB
Progress (3): 30/40 kB | 2.2/15 kB | 2.2/152 kB
Progress (3): 32/40 kB | 2.2/15 kB | 2.2/152 kB
Progress (3): 32/40 kB | 5.0/15 kB | 2.2/152 kB
Progress (3): 35/40 kB | 5.0/15 kB | 2.2/152 kB
Progress (3): 35/40 kB | 5.0/15 kB | 5.0/152 kB
Progress (3): 38/40 kB | 5.0/15 kB | 5.0/152 kB
Progress (3): 38/40 kB | 7.7/15 kB | 5.0/152 kB
Progress (3): 40 kB | 7.7/15 kB | 5.0/152 kB   
Progress (3): 40 kB | 7.7/15 kB | 7.7/152 kB
Progress (3): 40 kB | 10/15 kB | 7.7/152 kB 
Progress (3): 40 kB | 10/15 kB | 10/152 kB 
Progress (3): 40 kB | 13/15 kB | 10/152 kB
Progress (3): 40 kB | 13/15 kB | 13/152 kB
Progress (3): 40 kB | 15 kB | 13/152 kB   
Progress (3): 40 kB | 15 kB | 16/152 kB
Progress (3): 40 kB | 15 kB | 19/152 kB
Progress (3): 40 kB | 15 kB | 21/152 kB
Progress (3): 40 kB | 15 kB | 24/152 kB
Progress (3): 40 kB | 15 kB | 27/152 kB
Progress (3): 40 kB | 15 kB | 30/152 kB
Progress (3): 40 kB | 15 kB | 32/152 kB
Progress (3): 40 kB | 15 kB | 36/152 kB
Progress (3): 40 kB | 15 kB | 40/152 kB
Progress (3): 40 kB | 15 kB | 45/152 kB
Progress (3): 40 kB | 15 kB | 49/152 kB
Progress (4): 40 kB | 15 kB | 49/152 kB | 2.2/261 kB
Progress (4): 40 kB | 15 kB | 53/152 kB | 2.2/261 kB
Progress (4): 40 kB | 15 kB | 53/152 kB | 5.0/261 kB
Progress (4): 40 kB | 15 kB | 57/152 kB | 5.0/261 kB
Progress (4): 40 kB | 15 kB | 57/152 kB | 7.7/261 kB
Progress (4): 40 kB | 15 kB | 61/152 kB | 7.7/261 kB
Progress (4): 40 kB | 15 kB | 61/152 kB | 10/261 kB 
Progress (4): 40 kB | 15 kB | 65/152 kB | 10/261 kB
Progress (4): 40 kB | 15 kB | 65/152 kB | 13/261 kB
Progress (4): 40 kB | 15 kB | 65/152 kB | 16/261 kB
Progress (4): 40 kB | 15 kB | 69/152 kB | 16/261 kB
Progress (4): 40 kB | 15 kB | 69/152 kB | 19/261 kB
Progress (4): 40 kB | 15 kB | 73/152 kB | 19/261 kB
Progress (4): 40 kB | 15 kB | 73/152 kB | 21/261 kB
Progress (4): 40 kB | 15 kB | 77/152 kB | 21/261 kB
Progress (4): 40 kB | 15 kB | 77/152 kB | 24/261 kB
Progress (4): 40 kB | 15 kB | 81/152 kB | 24/261 kB
Progress (4): 40 kB | 15 kB | 81/152 kB | 27/261 kB
Progress (4): 40 kB | 15 kB | 81/152 kB | 30/261 kB
Progress (4): 40 kB | 15 kB | 85/152 kB | 30/261 kB
Progress (4): 40 kB | 15 kB | 85/152 kB | 32/261 kB
Progress (4): 40 kB | 15 kB | 90/152 kB | 32/261 kB
Progress (4): 40 kB | 15 kB | 94/152 kB | 32/261 kB
Progress (4): 40 kB | 15 kB | 98/152 kB | 32/261 kB
Progress (4): 40 kB | 15 kB | 98/152 kB | 36/261 kB
Progress (4): 40 kB | 15 kB | 98/152 kB | 40/261 kB
Progress (4): 40 kB | 15 kB | 98/152 kB | 45/261 kB
Progress (4): 40 kB | 15 kB | 102/152 kB | 45/261 kB
Progress (4): 40 kB | 15 kB | 102/152 kB | 49/261 kB
Progress (4): 40 kB | 15 kB | 106/152 kB | 49/261 kB
Progress (4): 40 kB | 15 kB | 110/152 kB | 49/261 kB
Progress (4): 40 kB | 15 kB | 114/152 kB | 49/261 kB
Progress (4): 40 kB | 15 kB | 114/152 kB | 53/261 kB
Progress (4): 40 kB | 15 kB | 114/152 kB | 57/261 kB
Progress (4): 40 kB | 15 kB | 114/152 kB | 61/261 kB
Progress (4): 40 kB | 15 kB | 118/152 kB | 61/261 kB
Progress (4): 40 kB | 15 kB | 118/152 kB | 65/261 kB
Progress (4): 40 kB | 15 kB | 122/152 kB | 65/261 kB
Progress (4): 40 kB | 15 kB | 126/152 kB | 65/261 kB
Progress (4): 40 kB | 15 kB | 131/152 kB | 65/261 kB
Progress (4): 40 kB | 15 kB | 131/152 kB | 69/261 kB
Progress (4): 40 kB | 15 kB | 131/152 kB | 73/261 kB
Progress (4): 40 kB | 15 kB | 131/152 kB | 77/261 kB
Progress (4): 40 kB | 15 kB | 135/152 kB | 77/261 kB
Progress (4): 40 kB | 15 kB | 135/152 kB | 81/261 kB
Progress (4): 40 kB | 15 kB | 139/152 kB | 81/261 kB
Progress (4): 40 kB | 15 kB | 143/152 kB | 81/261 kB
Progress (4): 40 kB | 15 kB | 147/152 kB | 81/261 kB
Progress (4): 40 kB | 15 kB | 147/152 kB | 85/261 kB
Progress (4): 40 kB | 15 kB | 151/152 kB | 85/261 kB
Progress (4): 40 kB | 15 kB | 151/152 kB | 90/261 kB
Progress (4): 40 kB | 15 kB | 152 kB | 90/261 kB    
Progress (4): 40 kB | 15 kB | 152 kB | 94/261 kB
Progress (4): 40 kB | 15 kB | 152 kB | 98/261 kB
Progress (4): 40 kB | 15 kB | 152 kB | 102/261 kB
Progress (4): 40 kB | 15 kB | 152 kB | 106/261 kB
Progress (4): 40 kB | 15 kB | 152 kB | 110/261 kB
Progress (4): 40 kB | 15 kB | 152 kB | 114/261 kB
Progress (4): 40 kB | 15 kB | 152 kB | 118/261 kB
Progress (4): 40 kB | 15 kB | 152 kB | 122/261 kB
Progress (4): 40 kB | 15 kB | 152 kB | 126/261 kB
Progress (4): 40 kB | 15 kB | 152 kB | 131/261 kB
Progress (4): 40 kB | 15 kB | 152 kB | 135/261 kB
Progress (4): 40 kB | 15 kB | 152 kB | 139/261 kB
Progress (4): 40 kB | 15 kB | 152 kB | 143/261 kB
Progress (4): 40 kB | 15 kB | 152 kB | 147/261 kB
Progress (4): 40 kB | 15 kB | 152 kB | 151/261 kB
Progress (4): 40 kB | 15 kB | 152 kB | 155/261 kB
Progress (4): 40 kB | 15 kB | 152 kB | 159/261 kB
Progress (4): 40 kB | 15 kB | 152 kB | 163/261 kB
Progress (4): 40 kB | 15 kB | 152 kB | 167/261 kB
Progress (4): 40 kB | 15 kB | 152 kB | 171/261 kB
Progress (4): 40 kB | 15 kB | 152 kB | 176/261 kB
Progress (4): 40 kB | 15 kB | 152 kB | 180/261 kB
                                                 
Downloaded from central: https://repo.maven.apache.org/maven2/org/apache/maven/surefire/surefire-booter/2.15/surefire-booter-2.15.jar (40 kB at 73 kB/s)
Downloaded from central: https://repo.maven.apache.org/maven2/org/apache/maven/plugin-tools/maven-plugin-annotations/3.2/maven-plugin-annotations-3.2.jar (15 kB at 27 kB/s)
Downloaded from central: https://repo.maven.apache.org/maven2/org/apache/maven/surefire/surefire-api/2.15/surefire-api-2.15.jar (152 kB at 269 kB/s)
Progress (1): 184/261 kB
Progress (1): 188/261 kB
Progress (1): 192/261 kB
Progress (1): 196/261 kB
Progress (1): 200/261 kB
Progress (1): 204/261 kB
Progress (1): 208/261 kB
Progress (1): 212/261 kB
Progress (1): 217/261 kB
Progress (1): 221/261 kB
Progress (1): 225/261 kB
Progress (1): 229/261 kB
Progress (1): 233/261 kB
Progress (1): 237/261 kB
Progress (1): 241/261 kB
Progress (1): 245/261 kB
Progress (1): 249/261 kB
Progress (1): 253/261 kB
Progress (1): 258/261 kB
Progress (1): 261 kB    
                    
Downloaded from central: https://repo.maven.apache.org/maven2/org/apache/maven/surefire/maven-surefire-common/2.15/maven-surefire-common-2.15.jar (261 kB at 302 kB/s)
[INFO] Surefire report directory: /home/cgzhu/projects/gitslice/resources/facts/upgrade_jars_exp/_downloads/webbit/target/surefire-reports
Downloading from central: https://repo.maven.apache.org/maven2/org/apache/maven/surefire/surefire-junit4/2.15/surefire-junit4-2.15.pom
Progress (1): 2.5 kB
                    
Downloaded from central: https://repo.maven.apache.org/maven2/org/apache/maven/surefire/surefire-junit4/2.15/surefire-junit4-2.15.pom (2.5 kB at 4.3 kB/s)
Downloading from central: https://repo.maven.apache.org/maven2/org/apache/maven/surefire/surefire-providers/2.15/surefire-providers-2.15.pom
Progress (1): 2.2/2.4 kB
Progress (1): 2.4 kB    
                    
Downloaded from central: https://repo.maven.apache.org/maven2/org/apache/maven/surefire/surefire-providers/2.15/surefire-providers-2.15.pom (2.4 kB at 4.3 kB/s)
Downloading from central: https://repo.maven.apache.org/maven2/org/apache/maven/surefire/surefire-junit4/2.15/surefire-junit4-2.15.jar
Progress (1): 2.2/64 kB
Progress (1): 5.0/64 kB
Progress (1): 7.7/64 kB
Progress (1): 10/64 kB 
Progress (1): 13/64 kB
Progress (1): 16/64 kB
Progress (1): 19/64 kB
Progress (1): 21/64 kB
Progress (1): 24/64 kB
Progress (1): 27/64 kB
Progress (1): 30/64 kB
Progress (1): 32/64 kB
Progress (1): 36/64 kB
Progress (1): 40/64 kB
Progress (1): 45/64 kB
Progress (1): 49/64 kB
Progress (1): 53/64 kB
Progress (1): 57/64 kB
Progress (1): 61/64 kB
Progress (1): 64 kB   
                   
Downloaded from central: https://repo.maven.apache.org/maven2/org/apache/maven/surefire/surefire-junit4/2.15/surefire-junit4-2.15.jar (64 kB at 111 kB/s)

-------------------------------------------------------
 T E S T S
-------------------------------------------------------
Java HotSpot(TM) 64-Bit Server VM warning: ignoring option MaxPermSize=256m; support was removed in 8.0
Running org.webbitserver.stub.StubConnectionTest
Tests run: 9, Failures: 0, Errors: 0, Skipped: 0, Time elapsed: 0.028 sec - in org.webbitserver.stub.StubConnectionTest
Running org.webbitserver.stub.StubHttpRequestTest
Tests run: 10, Failures: 0, Errors: 0, Skipped: 0, Time elapsed: 0.376 sec - in org.webbitserver.stub.StubHttpRequestTest
Running org.webbitserver.EventSourceMessageTest
Tests run: 13, Failures: 0, Errors: 0, Skipped: 0, Time elapsed: 0.004 sec - in org.webbitserver.EventSourceMessageTest
Running org.webbitserver.HttpRequestTest
Tests run: 4, Failures: 0, Errors: 0, Skipped: 0, Time elapsed: 0.001 sec - in org.webbitserver.HttpRequestTest
Running org.webbitserver.helpers.HexTest
Tests run: 2, Failures: 0, Errors: 0, Skipped: 0, Time elapsed: 0.002 sec - in org.webbitserver.helpers.HexTest
Running org.webbitserver.helpers.UTF8OutputTest
Tests run: 9, Failures: 0, Errors: 0, Skipped: 0, Time elapsed: 0.005 sec - in org.webbitserver.helpers.UTF8OutputTest
Running org.webbitserver.helpers.QueryParametersTest
Tests run: 4, Failures: 0, Errors: 0, Skipped: 0, Time elapsed: 0.002 sec - in org.webbitserver.helpers.QueryParametersTest
Running org.webbitserver.helpers.Base64Test
Tests run: 9, Failures: 0, Errors: 0, Skipped: 0, Time elapsed: 0.006 sec - in org.webbitserver.helpers.Base64Test
Running org.webbitserver.helpers.InboundCookieParserTest
Tests run: 2, Failures: 0, Errors: 0, Skipped: 0, Time elapsed: 0.01 sec - in org.webbitserver.helpers.InboundCookieParserTest
Running org.webbitserver.WebbitExceptionTest
Tests run: 1, Failures: 0, Errors: 0, Skipped: 0, Time elapsed: 0.001 sec - in org.webbitserver.WebbitExceptionTest
Running org.webbitserver.netty.NettyWebServerTest
Tests run: 4, Failures: 0, Errors: 0, Skipped: 0, Time elapsed: 2.248 sec - in org.webbitserver.netty.NettyWebServerTest
Running org.webbitserver.netty.FlashPolicyFileTest
Tests run: 4, Failures: 0, Errors: 0, Skipped: 0, Time elapsed: 0.019 sec - in org.webbitserver.netty.FlashPolicyFileTest
Running org.webbitserver.netty.NettyHttpRequestTest
Tests run: 2, Failures: 0, Errors: 0, Skipped: 0, Time elapsed: 0.001 sec - in org.webbitserver.netty.NettyHttpRequestTest
Running org.webbitserver.ChunkedResponseTest
Tests run: 1, Failures: 0, Errors: 0, Skipped: 0, Time elapsed: 0.108 sec - in org.webbitserver.ChunkedResponseTest
Running org.webbitserver.handler.AliasHandlerTest
Tests run: 1, Failures: 0, Errors: 0, Skipped: 0, Time elapsed: 0.011 sec - in org.webbitserver.handler.AliasHandlerTest
Running org.webbitserver.handler.StaleConnectionTest
Tests run: 1, Failures: 0, Errors: 0, Skipped: 0, Time elapsed: 0.011 sec - in org.webbitserver.handler.StaleConnectionTest
Running org.webbitserver.handler.SslTest
Tests run: 1, Failures: 0, Errors: 0, Skipped: 0, Time elapsed: 0.321 sec - in org.webbitserver.handler.SslTest
Running org.webbitserver.handler.PostTest
Tests run: 7, Failures: 0, Errors: 0, Skipped: 0, Time elapsed: 0.188 sec - in org.webbitserver.handler.PostTest
Running org.webbitserver.handler.CompressionTest
Tests run: 2, Failures: 0, Errors: 0, Skipped: 0, Time elapsed: 0.038 sec - in org.webbitserver.handler.CompressionTest
Running org.webbitserver.handler.ServerHeaderHandlerTest
Tests run: 3, Failures: 0, Errors: 0, Skipped: 0, Time elapsed: 0.016 sec - in org.webbitserver.handler.ServerHeaderHandlerTest
Running org.webbitserver.handler.authentication.InMemoryPasswordsTest
Tests run: 4, Failures: 0, Errors: 0, Skipped: 0, Time elapsed: 0.001 sec - in org.webbitserver.handler.authentication.InMemoryPasswordsTest
Running org.webbitserver.handler.EmbeddedResourceHandlerTest
Tests run: 9, Failures: 0, Errors: 0, Skipped: 0, Time elapsed: 0.049 sec - in org.webbitserver.handler.EmbeddedResourceHandlerTest
Running org.webbitserver.handler.CookieTest
Tests run: 7, Failures: 0, Errors: 0, Skipped: 0, Time elapsed: 0.044 sec - in org.webbitserver.handler.CookieTest
Running org.webbitserver.handler.PathMatchHandlerTest
Tests run: 5, Failures: 0, Errors: 0, Skipped: 0, Time elapsed: 0.095 sec - in org.webbitserver.handler.PathMatchHandlerTest
Running org.webbitserver.handler.StaticFileHandlerTest
Tests run: 17, Failures: 0, Errors: 0, Skipped: 0, Time elapsed: 0.034 sec - in org.webbitserver.handler.StaticFileHandlerTest

Results :

Tests run: 131, Failures: 0, Errors: 0, Skipped: 0

[INFO] ------------------------------------------------------------------------
[INFO] BUILD SUCCESS
[INFO] ------------------------------------------------------------------------
[INFO] Total time: 52.347 s
[INFO] Finished at: 2019-08-20T14:39:54+08:00
[INFO] ------------------------------------------------------------------------
