[VERSION]: 3.25.0-GA
[INFO] Scanning for projects...
[INFO] Inspecting build with total of 1 modules...
[INFO] Installing Nexus Staging features:
[INFO]   ... total of 1 executions of maven-deploy-plugin replaced with nexus-staging-maven-plugin
[INFO] 
[INFO] ---------------< com.alibaba:transmittable-thread-local >---------------
[INFO] Building TransmittableThreadLocal(TTL) 2.3.1
[INFO] --------------------------------[ jar ]---------------------------------
[INFO] 
[INFO] --- maven-clean-plugin:2.5:clean (default-clean) @ transmittable-thread-local ---
[INFO] Deleting /home/cgzhu/projects/gitslice/resources/facts/upgrade_jars_exp/_downloads/transmittable-thread-local/target
[INFO] 
[INFO] --- maven-dependency-plugin:2.8:list (default-cli) @ transmittable-thread-local ---
[INFO] 
[INFO] The following files have been resolved:
[INFO]    org.javassist:javassist:jar:3.25.0-GA:compile
[INFO]    org.hamcrest:hamcrest-core:jar:1.3:test
[INFO]    junit:junit:jar:4.12:test
[INFO] 
[INFO] 
[INFO] --- maven-resources-plugin:2.6:resources (default-resources) @ transmittable-thread-local ---
[INFO] Using 'UTF-8' encoding to copy filtered resources.
[INFO] skip non existing resourceDirectory /home/cgzhu/projects/gitslice/resources/facts/upgrade_jars_exp/_downloads/transmittable-thread-local/src/main/resources
[INFO] 
[INFO] --- maven-compiler-plugin:3.7.0:compile (default-compile) @ transmittable-thread-local ---
[INFO] Changes detected - recompiling the module!
[INFO] Compiling 13 source files to /home/cgzhu/projects/gitslice/resources/facts/upgrade_jars_exp/_downloads/transmittable-thread-local/target/classes
[INFO] 
[INFO] --- maven-resources-plugin:2.6:testResources (default-testResources) @ transmittable-thread-local ---
[INFO] Using 'UTF-8' encoding to copy filtered resources.
[INFO] Copying 1 resource
[INFO] 
[INFO] --- maven-compiler-plugin:3.7.0:testCompile (default-testCompile) @ transmittable-thread-local ---
[INFO] Changes detected - recompiling the module!
[INFO] Compiling 24 source files to /home/cgzhu/projects/gitslice/resources/facts/upgrade_jars_exp/_downloads/transmittable-thread-local/target/test-classes
[INFO] 
[INFO] --- maven-surefire-plugin:2.12.4:test (default-test) @ transmittable-thread-local ---
[INFO] Surefire report directory: /home/cgzhu/projects/gitslice/resources/facts/upgrade_jars_exp/_downloads/transmittable-thread-local/target/surefire-reports

-------------------------------------------------------
 T E S T S
-------------------------------------------------------
Running com.alibaba.ttl.TtlCallableTest
1 Before Run:
Key parent-created-after-create-TtlTask, value: null
Key parent-created-modified-in-child, value: parent-created-modified-in-child
Key parent-created-unmodified-in-child, value: parent-created-unmodified-in-child

1 After Run:
Key parent-created-after-create-TtlTask, value: null
Key child-created1, value: child-created1
Key parent-created-modified-in-child, value: parent-created-modified-in-child1
Key parent-created-unmodified-in-child, value: parent-created-unmodified-in-child
1 Before Run:
Key parent-created-after-create-TtlTask, value: null
Key parent-created-modified-in-child, value: parent-created-modified-in-child
Key parent-created-unmodified-in-child, value: parent-created-unmodified-in-child

1 After Run:
Key parent-created-after-create-TtlTask, value: null
Key child-created1, value: child-created1
Key parent-created-modified-in-child, value: parent-created-modified-in-child1
Key parent-created-unmodified-in-child, value: parent-created-unmodified-in-child
1 Before Run:
Key parent-created-after-create-TtlTask, value: null
Key parent-created-modified-in-child, value: parent-created-modified-in-child
Key parent-created-unmodified-in-child, value: null

1 After Run:
Key parent-created-after-create-TtlTask, value: null
Key child-created1, value: child-created1
Key parent-created-modified-in-child, value: parent-created-modified-in-child1
Key parent-created-unmodified-in-child, value: null
1 Before Run:
Key parent-created-modified-in-child, value: parent-created-modified-in-child
Key parent-created-unmodified-in-child, value: parent-created-unmodified-in-child

1 After Run:
Key child-created1, value: child-created1
Key parent-created-modified-in-child, value: parent-created-modified-in-child1
Key parent-created-unmodified-in-child, value: parent-created-unmodified-in-child
Tests run: 8, Failures: 0, Errors: 0, Skipped: 0, Time elapsed: 0.271 sec
Running com.alibaba.ttl.TtlRunnableTest
1 Before Run:
Key parent-created-after-create-TtlTask, value: null
Key parent-created-modified-in-child, value: parent-created-modified-in-child
Key parent-created-unmodified-in-child, value: parent-created-unmodified-in-child

1 After Run:
Key parent-created-after-create-TtlTask, value: null
Key child-created1, value: child-created1
Key parent-created-modified-in-child, value: parent-created-modified-in-child1
Key parent-created-unmodified-in-child, value: parent-created-unmodified-in-child
1 Before Run:
Key parent-created-modified-in-child, value: parent-created-modified-in-child
Key parent-created-unmodified-in-child, value: parent-created-unmodified-in-child

1 After Run:
Key child-created1, value: child-created1
Key parent-created-modified-in-child, value: parent-created-modified-in-child1
Key parent-created-unmodified-in-child, value: parent-created-unmodified-in-child
Before Run:
Key parent-created-after-create-TtlTask, value: null
Key parent-created-modified-in-child, value: FooPojo{name='parent-created-modified-in-child', age=2}
Key parent-created-unmodified-in-child, value: FooPojo{name='parent-created-unmodified-in-child', age=1}

After Run:
Key parent-created-after-create-TtlTask, value: null
Key child-created1, value: FooPojo{name='child-created1', age=3}
Key parent-created-modified-in-child, value: FooPojo{name='parent-created-modified-in-child1', age=2}
Key parent-created-unmodified-in-child, value: FooPojo{name='parent-created-unmodified-in-child', age=1}
Task 1 finished!
1 Before Run:
Key parent-created-after-create-TtlTask, value: null
Key parent-created-modified-in-child, value: parent-created-modified-in-child
Key parent-created-unmodified-in-child, value: parent-created-unmodified-in-child

1 After Run:
Key parent-created-after-create-TtlTask, value: null
Key child-created1, value: child-created1
Key parent-created-modified-in-child, value: parent-created-modified-in-child1
Key parent-created-unmodified-in-child, value: parent-created-unmodified-in-child
1 Before Run:
Key parent-created-after-create-TtlTask, value: null
Key parent-created-modified-in-child, value: parent-created-modified-in-child
Key parent-created-unmodified-in-child, value: null

1 After Run:
Key parent-created-after-create-TtlTask, value: null
Key child-created1, value: child-created1
Key parent-created-modified-in-child, value: parent-created-modified-in-child1
Key parent-created-unmodified-in-child, value: null
1 Before Run:
Key parent-created-after-create-TtlTask, value: null
Key parent-created-modified-in-child, value: parent-created-modified-in-child
Key parent-created-unmodified-in-child, value: parent-created-unmodified-in-child

1 After Run:
Key parent-created-after-create-TtlTask, value: null
Key child-created1, value: child-created1
Key parent-created-modified-in-child, value: parent-created-modified-in-child1
Key parent-created-unmodified-in-child, value: parent-created-unmodified-in-child
Tests run: 11, Failures: 0, Errors: 0, Skipped: 0, Time elapsed: 0.266 sec
Running com.alibaba.ttl.threadpool.TtlExecutorsTest
Tests run: 1, Failures: 0, Errors: 0, Skipped: 0, Time elapsed: 0 sec
Running com.alibaba.ttl.threadpool.ScheduledExecutorServiceTtlWrapperTest
1 Before Run:
Key parent-created-after-create-TtlTask, value: parent-created-after-create-TtlTask
Key parent-created-modified-in-child, value: parent-created-modified-in-child
Key parent-created-unmodified-in-child, value: parent-created-unmodified-in-child

1 After Run:
Key parent-created-after-create-TtlTask, value: parent-created-after-create-TtlTask
Key child-created1, value: child-created1
Key parent-created-modified-in-child, value: parent-created-modified-in-child1
Key parent-created-unmodified-in-child, value: parent-created-unmodified-in-child
1 Before Run:
2 Before Run:
Key parent-created-after-create-TtlTask, value: parent-created-after-create-TtlTask
Key parent-created-modified-in-child, value: parent-created-modified-in-child
Key parent-created-after-create-TtlTask, value: parent-created-after-create-TtlTask
Key parent-created-unmodified-in-child, value: parent-created-unmodified-in-child

1 After Run:
Key parent-created-modified-in-child, value: parent-created-modified-in-child
Key parent-created-after-create-TtlTask, value: parent-created-after-create-TtlTask
Key parent-created-unmodified-in-child, value: parent-created-unmodified-in-child

2 After Run:
Key child-created1, value: child-created1
Key parent-created-after-create-TtlTask, value: parent-created-after-create-TtlTask
Key parent-created-modified-in-child, value: parent-created-modified-in-child1
Key child-created1, value: null
Key parent-created-unmodified-in-child, value: parent-created-unmodified-in-child
Key child-created2, value: child-created2
Key parent-created-modified-in-child, value: parent-created-modified-in-child2
Key parent-created-unmodified-in-child, value: parent-created-unmodified-in-child
1 Before Run:
2 Before Run:
Key parent-created-after-create-TtlTask, value: parent-created-after-create-TtlTask
Key parent-created-modified-in-child, value: parent-created-modified-in-child
Key parent-created-unmodified-in-child, value: parent-created-unmodified-in-child

1 After Run:
Key parent-created-after-create-TtlTask, value: parent-created-after-create-TtlTask
Key parent-created-modified-in-child, value: parent-created-modified-in-child
Key parent-created-unmodified-in-child, value: parent-created-unmodified-in-child

2 After Run:
Key parent-created-after-create-TtlTask, value: parent-created-after-create-TtlTask
Key parent-created-after-create-TtlTask, value: parent-created-after-create-TtlTask
Key child-created1, value: null
Key child-created2, value: child-created2
Key parent-created-modified-in-child, value: parent-created-modified-in-child2
Key parent-created-unmodified-in-child, value: parent-created-unmodified-in-child
Key child-created1, value: child-created1
Key child-created2, value: null
Key parent-created-modified-in-child, value: parent-created-modified-in-child1
Key parent-created-unmodified-in-child, value: parent-created-unmodified-in-child
1 Before Run:
Key parent-created-after-create-TtlTask, value: parent-created-after-create-TtlTask
Key parent-created-modified-in-child, value: parent-created-modified-in-child
Key parent-created-unmodified-in-child, value: parent-created-unmodified-in-child

1 After Run:
Key parent-created-after-create-TtlTask, value: parent-created-after-create-TtlTask
Key child-created1, value: child-created1
Key parent-created-modified-in-child, value: parent-created-modified-in-child1
Key parent-created-unmodified-in-child, value: parent-created-unmodified-in-child
2 Before Run:
1 Before Run:
Key parent-created-after-create-TtlTask, value: parent-created-after-create-TtlTask
Key parent-created-modified-in-child, value: parent-created-modified-in-child
Key parent-created-unmodified-in-child, value: parent-created-unmodified-in-child

2 After Run:
Key parent-created-after-create-TtlTask, value: parent-created-after-create-TtlTask
Key parent-created-modified-in-child, value: parent-created-modified-in-child
Key parent-created-unmodified-in-child, value: parent-created-unmodified-in-child

1 After Run:
Key parent-created-after-create-TtlTask, value: parent-created-after-create-TtlTask
Key child-created2, value: child-created2
Key parent-created-modified-in-child, value: parent-created-modified-in-child2
Key parent-created-unmodified-in-child, value: parent-created-unmodified-in-child
Key parent-created-after-create-TtlTask, value: parent-created-after-create-TtlTask
Key child-created1, value: child-created1
Key child-created2, value: null
Key parent-created-modified-in-child, value: parent-created-modified-in-child1
Key parent-created-unmodified-in-child, value: parent-created-unmodified-in-child
1 Before Run:
Key parent-created-after-create-TtlTask, value: parent-created-after-create-TtlTask
Key parent-created-modified-in-child, value: parent-created-modified-in-child
Key parent-created-unmodified-in-child, value: parent-created-unmodified-in-child

1 After Run:
Key parent-created-after-create-TtlTask, value: parent-created-after-create-TtlTask
Key child-created1, value: child-created1
Key parent-created-modified-in-child, value: parent-created-modified-in-child1
Key parent-created-unmodified-in-child, value: parent-created-unmodified-in-child
1 Before Run:
Key parent-created-after-create-TtlTask, value: parent-created-after-create-TtlTask
Key parent-created-modified-in-child, value: parent-created-modified-in-child
Key parent-created-unmodified-in-child, value: parent-created-unmodified-in-child

1 After Run:
Key parent-created-after-create-TtlTask, value: parent-created-after-create-TtlTask
Key child-created1, value: child-created1
Key parent-created-modified-in-child, value: parent-created-modified-in-child1
Key parent-created-unmodified-in-child, value: parent-created-unmodified-in-child
1 Before Run:
Key parent-created-after-create-TtlTask, value: parent-created-after-create-TtlTask
Key parent-created-modified-in-child, value: parent-created-modified-in-child
Key parent-created-unmodified-in-child, value: parent-created-unmodified-in-child

1 After Run:
Key parent-created-after-create-TtlTask, value: parent-created-after-create-TtlTask
Key child-created1, value: child-created1
Key parent-created-modified-in-child, value: parent-created-modified-in-child1
Key parent-created-unmodified-in-child, value: parent-created-unmodified-in-child
1 Before Run:
Key parent-created-after-create-TtlTask, value: parent-created-after-create-TtlTask
Key parent-created-modified-in-child, value: parent-created-modified-in-child
Key parent-created-unmodified-in-child, value: parent-created-unmodified-in-child

1 After Run:
Key parent-created-after-create-TtlTask, value: parent-created-after-create-TtlTask
Key child-created1, value: child-created1
Key parent-created-modified-in-child, value: parent-created-modified-in-child1
Key parent-created-unmodified-in-child, value: parent-created-unmodified-in-child
1 Before Run:
Key parent-created-after-create-TtlTask, value: parent-created-after-create-TtlTask
Key parent-created-modified-in-child, value: parent-created-modified-in-child
Key parent-created-unmodified-in-child, value: parent-created-unmodified-in-child

1 After Run:
Key parent-created-after-create-TtlTask, value: parent-created-after-create-TtlTask
Key child-created1, value: child-created1
Key parent-created-modified-in-child, value: parent-created-modified-in-child1
Key parent-created-unmodified-in-child, value: parent-created-unmodified-in-child
2 Before Run:
1 Before Run:
Key parent-created-after-create-TtlTask, value: parent-created-after-create-TtlTask
Key parent-created-modified-in-child, value: parent-created-modified-in-child
Key parent-created-unmodified-in-child, value: parent-created-unmodified-in-child

2 After Run:
Key parent-created-after-create-TtlTask, value: parent-created-after-create-TtlTask
Key parent-created-modified-in-child, value: parent-created-modified-in-child
Key parent-created-unmodified-in-child, value: parent-created-unmodified-in-child

1 After Run:
Key parent-created-after-create-TtlTask, value: parent-created-after-create-TtlTask
Key child-created2, value: child-created2
Key parent-created-modified-in-child, value: parent-created-modified-in-child2
Key parent-created-unmodified-in-child, value: parent-created-unmodified-in-child
Key parent-created-after-create-TtlTask, value: parent-created-after-create-TtlTask
Key child-created1, value: child-created1
Key child-created2, value: null
1 Before Run:
Key parent-created-modified-in-child, value: parent-created-modified-in-child1
Key parent-created-unmodified-in-child, value: parent-created-unmodified-in-child
Key parent-created-after-create-TtlTask, value: parent-created-after-create-TtlTask
Key parent-created-modified-in-child, value: parent-created-modified-in-child
Key parent-created-unmodified-in-child, value: parent-created-unmodified-in-child

1 After Run:
Key parent-created-after-create-TtlTask, value: parent-created-after-create-TtlTask
Key child-created1, value: child-created1
Key parent-created-modified-in-child, value: parent-created-modified-in-child1
Key parent-created-unmodified-in-child, value: parent-created-unmodified-in-child
Tests run: 12, Failures: 0, Errors: 0, Skipped: 0, Time elapsed: 2.549 sec
Running com.alibaba.ttl.user_test.TransmittableThreadLocal_Transmitter_UserTest
Tests run: 3, Failures: 0, Errors: 0, Skipped: 0, Time elapsed: 0.224 sec
Running com.alibaba.ttl.reported_bugs.Bug70_Test
Tests run: 1, Failures: 0, Errors: 0, Skipped: 0, Time elapsed: 0.008 sec

Results :

Tests run: 36, Failures: 0, Errors: 0, Skipped: 0

[INFO] ------------------------------------------------------------------------
[INFO] BUILD SUCCESS
[INFO] ------------------------------------------------------------------------
[INFO] Total time: 6.105 s
[INFO] Finished at: 2019-08-20T20:05:19+08:00
[INFO] ------------------------------------------------------------------------
