[VERSION]: 3.22.0-GA
[INFO] Scanning for projects...
Downloading from central: https://repo.maven.apache.org/maven2/org/sonatype/plugins/nexus-staging-maven-plugin/1.6.8/nexus-staging-maven-plugin-1.6.8.pom
Progress (1): 2.2/12 kB
Progress (1): 5.0/12 kB
Progress (1): 7.8/12 kB
Progress (1): 11/12 kB 
Progress (1): 12 kB   
                   
Downloaded from central: https://repo.maven.apache.org/maven2/org/sonatype/plugins/nexus-staging-maven-plugin/1.6.8/nexus-staging-maven-plugin-1.6.8.pom (12 kB at 11 kB/s)
Downloading from central: https://repo.maven.apache.org/maven2/org/sonatype/nexus/maven/nexus-staging/1.6.8/nexus-staging-1.6.8.pom
Progress (1): 2.2/2.8 kB
Progress (1): 2.8 kB    
                    
Downloaded from central: https://repo.maven.apache.org/maven2/org/sonatype/nexus/maven/nexus-staging/1.6.8/nexus-staging-1.6.8.pom (2.8 kB at 7.5 kB/s)
Downloading from central: https://repo.maven.apache.org/maven2/org/sonatype/nexus/maven/nexus-maven-plugins/1.6.8/nexus-maven-plugins-1.6.8.pom
Progress (1): 2.2/18 kB
Progress (1): 5.0/18 kB
Progress (1): 7.8/18 kB
Progress (1): 11/18 kB 
Progress (1): 13/18 kB
Progress (1): 16/18 kB
Progress (1): 18 kB   
                   
Downloaded from central: https://repo.maven.apache.org/maven2/org/sonatype/nexus/maven/nexus-maven-plugins/1.6.8/nexus-maven-plugins-1.6.8.pom (18 kB at 47 kB/s)
Downloading from central: https://repo.maven.apache.org/maven2/org/sonatype/nexus/maven/nexus-common/1.6.8/nexus-common-1.6.8.pom
Progress (1): 2.2 kB
                    
Downloaded from central: https://repo.maven.apache.org/maven2/org/sonatype/nexus/maven/nexus-common/1.6.8/nexus-common-1.6.8.pom (2.2 kB at 6.1 kB/s)
Downloading from central: https://repo.maven.apache.org/maven2/org/sonatype/nexus/nexus-client-core/2.14.3-02/nexus-client-core-2.14.3-02.pom
Progress (1): 2.8/4.9 kB
Progress (1): 4.9 kB    
                    
Downloaded from central: https://repo.maven.apache.org/maven2/org/sonatype/nexus/nexus-client-core/2.14.3-02/nexus-client-core-2.14.3-02.pom (4.9 kB at 13 kB/s)
Downloading from central: https://repo.maven.apache.org/maven2/org/sonatype/nexus/nexus-components/2.14.3-02/nexus-components-2.14.3-02.pom
Progress (1): 2.2/2.6 kB
Progress (1): 2.6 kB    
                    
Downloaded from central: https://repo.maven.apache.org/maven2/org/sonatype/nexus/nexus-components/2.14.3-02/nexus-components-2.14.3-02.pom (2.6 kB at 7.1 kB/s)
Downloading from central: https://repo.maven.apache.org/maven2/org/sonatype/nexus/nexus-parent/2.14.3-02/nexus-parent-2.14.3-02.pom
Progress (1): 2.2/38 kB
Progress (1): 5.0/38 kB
Progress (1): 7.8/38 kB
Progress (1): 11/38 kB 
Progress (1): 13/38 kB
Progress (1): 16/38 kB
Progress (1): 19/38 kB
Progress (1): 21/38 kB
Progress (1): 24/38 kB
Progress (1): 27/38 kB
Progress (1): 30/38 kB
Progress (1): 32/38 kB
Progress (1): 35/38 kB
Progress (1): 38/38 kB
Progress (1): 38 kB   
                   
Downloaded from central: https://repo.maven.apache.org/maven2/org/sonatype/nexus/nexus-parent/2.14.3-02/nexus-parent-2.14.3-02.pom (38 kB at 70 kB/s)
Downloading from central: https://repo.maven.apache.org/maven2/org/sonatype/buildsupport/public-parent/9/public-parent-9.pom
Progress (1): 760 B
                   
Downloaded from central: https://repo.maven.apache.org/maven2/org/sonatype/buildsupport/public-parent/9/public-parent-9.pom (760 B at 2.1 kB/s)
Downloading from central: https://repo.maven.apache.org/maven2/org/sonatype/buildsupport/buildsupport/9/buildsupport-9.pom
Progress (1): 2.2/24 kB
Progress (1): 5.0/24 kB
Progress (1): 7.8/24 kB
Progress (1): 11/24 kB 
Progress (1): 13/24 kB
Progress (1): 16/24 kB
Progress (1): 19/24 kB
Progress (1): 21/24 kB
Progress (1): 24 kB   
                   
Downloaded from central: https://repo.maven.apache.org/maven2/org/sonatype/buildsupport/buildsupport/9/buildsupport-9.pom (24 kB at 64 kB/s)
Downloading from central: https://repo.maven.apache.org/maven2/org/sonatype/nexus/buildsupport/nexus-buildsupport-all/2.14.3-02/nexus-buildsupport-all-2.14.3-02.pom
Progress (1): 2.2/6.5 kB
Progress (1): 5.0/6.5 kB
Progress (1): 6.5 kB    
                    
Downloaded from central: https://repo.maven.apache.org/maven2/org/sonatype/nexus/buildsupport/nexus-buildsupport-all/2.14.3-02/nexus-buildsupport-all-2.14.3-02.pom (6.5 kB at 18 kB/s)
Downloading from central: https://repo.maven.apache.org/maven2/org/sonatype/nexus/buildsupport/nexus-buildsupport/2.14.3-02/nexus-buildsupport-2.14.3-02.pom
Progress (1): 2.2 kB
                    
Downloaded from central: https://repo.maven.apache.org/maven2/org/sonatype/nexus/buildsupport/nexus-buildsupport/2.14.3-02/nexus-buildsupport-2.14.3-02.pom (2.2 kB at 5.9 kB/s)
Downloading from rso-public-grid: https://repository.sonatype.org/content/groups/sonatype-public-grid/org/sonatype/nexus/buildsupport/nexus-buildsupport-commons/2.14.3-02/nexus-buildsupport-commons-2.14.3-02.pom
Progress (1): 3.1 kB
                    
Downloaded from rso-public-grid: https://repository.sonatype.org/content/groups/sonatype-public-grid/org/sonatype/nexus/buildsupport/nexus-buildsupport-commons/2.14.3-02/nexus-buildsupport-commons-2.14.3-02.pom (3.1 kB at 2.3 kB/s)
Downloading from rso-public-grid: https://repository.sonatype.org/content/groups/sonatype-public-grid/org/sonatype/nexus/buildsupport/nexus-buildsupport-db/2.14.3-02/nexus-buildsupport-db-2.14.3-02.pom
Progress (1): 3.2 kB
                    
Downloaded from rso-public-grid: https://repository.sonatype.org/content/groups/sonatype-public-grid/org/sonatype/nexus/buildsupport/nexus-buildsupport-db/2.14.3-02/nexus-buildsupport-db-2.14.3-02.pom (3.2 kB at 6.2 kB/s)
Downloading from rso-public-grid: https://repository.sonatype.org/content/groups/sonatype-public-grid/org/sonatype/nexus/buildsupport/nexus-buildsupport-gwt/2.14.3-02/nexus-buildsupport-gwt-2.14.3-02.pom
Progress (1): 2.2 kB
                    
Downloaded from rso-public-grid: https://repository.sonatype.org/content/groups/sonatype-public-grid/org/sonatype/nexus/buildsupport/nexus-buildsupport-gwt/2.14.3-02/nexus-buildsupport-gwt-2.14.3-02.pom (2.2 kB at 4.2 kB/s)
Downloading from rso-public-grid: https://repository.sonatype.org/content/groups/sonatype-public-grid/org/sonatype/nexus/buildsupport/nexus-buildsupport-httpclient/2.14.3-02/nexus-buildsupport-httpclient-2.14.3-02.pom
Progress (1): 2.1 kB
                    
Downloaded from rso-public-grid: https://repository.sonatype.org/content/groups/sonatype-public-grid/org/sonatype/nexus/buildsupport/nexus-buildsupport-httpclient/2.14.3-02/nexus-buildsupport-httpclient-2.14.3-02.pom (2.1 kB at 4.1 kB/s)
Downloading from rso-public-grid: https://repository.sonatype.org/content/groups/sonatype-public-grid/org/sonatype/nexus/buildsupport/nexus-buildsupport-insight/2.14.3-02/nexus-buildsupport-insight-2.14.3-02.pom
Progress (1): 4.1/4.4 kB
Progress (1): 4.4 kB    
                    
Downloaded from rso-public-grid: https://repository.sonatype.org/content/groups/sonatype-public-grid/org/sonatype/nexus/buildsupport/nexus-buildsupport-insight/2.14.3-02/nexus-buildsupport-insight-2.14.3-02.pom (4.4 kB at 8.5 kB/s)
Downloading from rso-public-grid: https://repository.sonatype.org/content/groups/sonatype-public-grid/org/sonatype/nexus/buildsupport/nexus-buildsupport-maven/2.14.3-02/nexus-buildsupport-maven-2.14.3-02.pom
Progress (1): 4.1/7.1 kB
Progress (1): 7.1 kB    
                    
Downloaded from rso-public-grid: https://repository.sonatype.org/content/groups/sonatype-public-grid/org/sonatype/nexus/buildsupport/nexus-buildsupport-maven/2.14.3-02/nexus-buildsupport-maven-2.14.3-02.pom (7.1 kB at 13 kB/s)
Downloading from rso-public-grid: https://repository.sonatype.org/content/groups/sonatype-public-grid/org/sonatype/nexus/buildsupport/nexus-buildsupport-messaging/2.14.3-02/nexus-buildsupport-messaging-2.14.3-02.pom
Progress (1): 4.1/5.0 kB
Progress (1): 5.0 kB    
                    
Downloaded from rso-public-grid: https://repository.sonatype.org/content/groups/sonatype-public-grid/org/sonatype/nexus/buildsupport/nexus-buildsupport-messaging/2.14.3-02/nexus-buildsupport-messaging-2.14.3-02.pom (5.0 kB at 9.4 kB/s)
Downloading from rso-public-grid: https://repository.sonatype.org/content/groups/sonatype-public-grid/org/sonatype/nexus/buildsupport/nexus-buildsupport-shiro/2.14.3-02/nexus-buildsupport-shiro-2.14.3-02.pom
Progress (1): 3.4 kB
                    
Downloaded from rso-public-grid: https://repository.sonatype.org/content/groups/sonatype-public-grid/org/sonatype/nexus/buildsupport/nexus-buildsupport-shiro/2.14.3-02/nexus-buildsupport-shiro-2.14.3-02.pom (3.4 kB at 6.6 kB/s)
Downloading from rso-public-grid: https://repository.sonatype.org/content/groups/sonatype-public-grid/org/sonatype/nexus/buildsupport/nexus-buildsupport-bouncycastle/2.14.3-02/nexus-buildsupport-bouncycastle-2.14.3-02.pom
Progress (1): 2.1 kB
                    
Downloaded from rso-public-grid: https://repository.sonatype.org/content/groups/sonatype-public-grid/org/sonatype/nexus/buildsupport/nexus-buildsupport-bouncycastle/2.14.3-02/nexus-buildsupport-bouncycastle-2.14.3-02.pom (2.1 kB at 4.0 kB/s)
Downloading from rso-public-grid: https://repository.sonatype.org/content/groups/sonatype-public-grid/org/sonatype/nexus/buildsupport/nexus-buildsupport-jetty/2.14.3-02/nexus-buildsupport-jetty-2.14.3-02.pom
Progress (1): 4.1/4.5 kB
Progress (1): 4.5 kB    
                    
Downloaded from rso-public-grid: https://repository.sonatype.org/content/groups/sonatype-public-grid/org/sonatype/nexus/buildsupport/nexus-buildsupport-jetty/2.14.3-02/nexus-buildsupport-jetty-2.14.3-02.pom (4.5 kB at 8.5 kB/s)
Downloading from rso-public-grid: https://repository.sonatype.org/content/groups/sonatype-public-grid/org/sonatype/nexus/buildsupport/nexus-buildsupport-goodies/2.14.3-02/nexus-buildsupport-goodies-2.14.3-02.pom
Progress (1): 3.6 kB
                    
Downloaded from rso-public-grid: https://repository.sonatype.org/content/groups/sonatype-public-grid/org/sonatype/nexus/buildsupport/nexus-buildsupport-goodies/2.14.3-02/nexus-buildsupport-goodies-2.14.3-02.pom (3.6 kB at 6.8 kB/s)
Downloading from rso-public-grid: https://repository.sonatype.org/content/groups/sonatype-public-grid/org/sonatype/nexus/buildsupport/nexus-buildsupport-groovy/2.14.3-02/nexus-buildsupport-groovy-2.14.3-02.pom
Progress (1): 3.1 kB
                    
Downloaded from rso-public-grid: https://repository.sonatype.org/content/groups/sonatype-public-grid/org/sonatype/nexus/buildsupport/nexus-buildsupport-groovy/2.14.3-02/nexus-buildsupport-groovy-2.14.3-02.pom (3.1 kB at 6.0 kB/s)
Downloading from rso-public-grid: https://repository.sonatype.org/content/groups/sonatype-public-grid/org/sonatype/nexus/buildsupport/nexus-buildsupport-guice/2.14.3-02/nexus-buildsupport-guice-2.14.3-02.pom
Progress (1): 3.7 kB
                    
Downloaded from rso-public-grid: https://repository.sonatype.org/content/groups/sonatype-public-grid/org/sonatype/nexus/buildsupport/nexus-buildsupport-guice/2.14.3-02/nexus-buildsupport-guice-2.14.3-02.pom (3.7 kB at 7.0 kB/s)
Downloading from rso-public-grid: https://repository.sonatype.org/content/groups/sonatype-public-grid/org/sonatype/nexus/buildsupport/nexus-buildsupport-logging/2.14.3-02/nexus-buildsupport-logging-2.14.3-02.pom
Progress (1): 3.3 kB
                    
Downloaded from rso-public-grid: https://repository.sonatype.org/content/groups/sonatype-public-grid/org/sonatype/nexus/buildsupport/nexus-buildsupport-logging/2.14.3-02/nexus-buildsupport-logging-2.14.3-02.pom (3.3 kB at 6.3 kB/s)
Downloading from rso-public-grid: https://repository.sonatype.org/content/groups/sonatype-public-grid/org/sonatype/nexus/buildsupport/nexus-buildsupport-osgi/2.14.3-02/nexus-buildsupport-osgi-2.14.3-02.pom
Progress (1): 2.0 kB
                    
Downloaded from rso-public-grid: https://repository.sonatype.org/content/groups/sonatype-public-grid/org/sonatype/nexus/buildsupport/nexus-buildsupport-osgi/2.14.3-02/nexus-buildsupport-osgi-2.14.3-02.pom (2.0 kB at 3.9 kB/s)
Downloading from rso-public-grid: https://repository.sonatype.org/content/groups/sonatype-public-grid/org/sonatype/nexus/buildsupport/nexus-buildsupport-other/2.14.3-02/nexus-buildsupport-other-2.14.3-02.pom
Progress (1): 4.1/7.0 kB
Progress (1): 7.0 kB    
                    
Downloaded from rso-public-grid: https://repository.sonatype.org/content/groups/sonatype-public-grid/org/sonatype/nexus/buildsupport/nexus-buildsupport-other/2.14.3-02/nexus-buildsupport-other-2.14.3-02.pom (7.0 kB at 13 kB/s)
Downloading from rso-public-grid: https://repository.sonatype.org/content/groups/sonatype-public-grid/org/sonatype/nexus/buildsupport/nexus-buildsupport-plexus/2.14.3-02/nexus-buildsupport-plexus-2.14.3-02.pom
Progress (1): 4.1/4.5 kB
Progress (1): 4.5 kB    
                    
Downloaded from rso-public-grid: https://repository.sonatype.org/content/groups/sonatype-public-grid/org/sonatype/nexus/buildsupport/nexus-buildsupport-plexus/2.14.3-02/nexus-buildsupport-plexus-2.14.3-02.pom (4.5 kB at 8.5 kB/s)
Downloading from rso-public-grid: https://repository.sonatype.org/content/groups/sonatype-public-grid/org/sonatype/nexus/buildsupport/nexus-buildsupport-rest/2.14.3-02/nexus-buildsupport-rest-2.14.3-02.pom
Progress (1): 4.1/5.1 kB
Progress (1): 5.1 kB    
                    
Downloaded from rso-public-grid: https://repository.sonatype.org/content/groups/sonatype-public-grid/org/sonatype/nexus/buildsupport/nexus-buildsupport-rest/2.14.3-02/nexus-buildsupport-rest-2.14.3-02.pom (5.1 kB at 9.7 kB/s)
Downloading from rso-public-grid: https://repository.sonatype.org/content/groups/sonatype-public-grid/org/sonatype/nexus/buildsupport/nexus-buildsupport-testing/2.14.3-02/nexus-buildsupport-testing-2.14.3-02.pom
Progress (1): 4.1/5.0 kB
Progress (1): 5.0 kB    
                    
Downloaded from rso-public-grid: https://repository.sonatype.org/content/groups/sonatype-public-grid/org/sonatype/nexus/buildsupport/nexus-buildsupport-testing/2.14.3-02/nexus-buildsupport-testing-2.14.3-02.pom (5.0 kB at 9.6 kB/s)
Downloading from rso-public-grid: https://repository.sonatype.org/content/groups/sonatype-public-grid/org/sonatype/nexus/buildsupport/nexus-buildsupport-metrics/2.14.3-02/nexus-buildsupport-metrics-2.14.3-02.pom
Progress (1): 3.0 kB
                    
Downloaded from rso-public-grid: https://repository.sonatype.org/content/groups/sonatype-public-grid/org/sonatype/nexus/buildsupport/nexus-buildsupport-metrics/2.14.3-02/nexus-buildsupport-metrics-2.14.3-02.pom (3.0 kB at 5.8 kB/s)
Downloading from central: https://repo.maven.apache.org/maven2/org/sonatype/nexus/plugins/nexus-restlet1x-model/2.14.3-02/nexus-restlet1x-model-2.14.3-02.pom
Progress (1): 2.8/3.5 kB
Progress (1): 3.5 kB    
                    
Downloaded from central: https://repo.maven.apache.org/maven2/org/sonatype/nexus/plugins/nexus-restlet1x-model/2.14.3-02/nexus-restlet1x-model-2.14.3-02.pom (3.5 kB at 9.6 kB/s)
Downloading from central: https://repo.maven.apache.org/maven2/org/sonatype/nexus/plugins/nexus-plugins-restlet1x/2.14.3-02/nexus-plugins-restlet1x-2.14.3-02.pom
Progress (1): 2.2/6.0 kB
Progress (1): 5.0/6.0 kB
Progress (1): 6.0 kB    
                    
Downloaded from central: https://repo.maven.apache.org/maven2/org/sonatype/nexus/plugins/nexus-plugins-restlet1x/2.14.3-02/nexus-plugins-restlet1x-2.14.3-02.pom (6.0 kB at 16 kB/s)
Downloading from central: https://repo.maven.apache.org/maven2/org/sonatype/nexus/plugins/nexus-plugins/2.14.3-02/nexus-plugins-2.14.3-02.pom
Progress (1): 2.2/32 kB
Progress (1): 5.0/32 kB
Progress (1): 7.8/32 kB
Progress (1): 11/32 kB 
Progress (1): 13/32 kB
Progress (1): 16/32 kB
Progress (1): 19/32 kB
Progress (1): 21/32 kB
Progress (1): 24/32 kB
Progress (1): 27/32 kB
Progress (1): 30/32 kB
Progress (1): 32 kB   
                   
Downloaded from central: https://repo.maven.apache.org/maven2/org/sonatype/nexus/plugins/nexus-plugins/2.14.3-02/nexus-plugins-2.14.3-02.pom (32 kB at 87 kB/s)
Downloading from central: https://repo.maven.apache.org/maven2/org/sonatype/plugins/nexus-staging-maven-plugin/1.6.8/nexus-staging-maven-plugin-1.6.8.jar
Downloading from central: https://repo.maven.apache.org/maven2/org/sonatype/nexus/nexus-client-core/2.14.3-02/nexus-client-core-2.14.3-02.jar
Downloading from central: https://repo.maven.apache.org/maven2/org/sonatype/nexus/maven/nexus-common/1.6.8/nexus-common-1.6.8.jar
Downloading from central: https://repo.maven.apache.org/maven2/org/sonatype/nexus/plugins/nexus-restlet1x-model/2.14.3-02/nexus-restlet1x-model-2.14.3-02.jar
Progress (1): 2.2/251 kB
Progress (1): 5.0/251 kB
Progress (1): 7.7/251 kB
Progress (1): 10/251 kB 
Progress (1): 13/251 kB
Progress (1): 16/251 kB
Progress (1): 19/251 kB
Progress (1): 21/251 kB
Progress (1): 24/251 kB
Progress (1): 27/251 kB
Progress (1): 30/251 kB
Progress (1): 32/251 kB
Progress (1): 36/251 kB
Progress (1): 40/251 kB
Progress (1): 45/251 kB
Progress (1): 49/251 kB
Progress (1): 53/251 kB
Progress (1): 57/251 kB
Progress (1): 61/251 kB
Progress (1): 65/251 kB
Progress (1): 69/251 kB
Progress (1): 73/251 kB
Progress (1): 77/251 kB
Progress (1): 81/251 kB
Progress (1): 85/251 kB
Progress (1): 90/251 kB
Progress (1): 94/251 kB
Progress (1): 98/251 kB
Progress (1): 102/251 kB
Progress (1): 106/251 kB
Progress (1): 110/251 kB
Progress (1): 114/251 kB
Progress (1): 118/251 kB
Progress (1): 122/251 kB
Progress (1): 126/251 kB
Progress (1): 131/251 kB
Progress (1): 135/251 kB
Progress (1): 139/251 kB
Progress (1): 143/251 kB
Progress (1): 147/251 kB
Progress (1): 151/251 kB
Progress (1): 155/251 kB
Progress (1): 159/251 kB
Progress (1): 163/251 kB
Progress (2): 163/251 kB | 2.2/16 kB
Progress (2): 163/251 kB | 5.0/16 kB
Progress (2): 163/251 kB | 7.7/16 kB
Progress (2): 163/251 kB | 10/16 kB 
Progress (2): 163/251 kB | 13/16 kB
Progress (2): 167/251 kB | 13/16 kB
Progress (2): 171/251 kB | 13/16 kB
Progress (2): 176/251 kB | 13/16 kB
Progress (2): 180/251 kB | 13/16 kB
Progress (2): 184/251 kB | 13/16 kB
Progress (2): 188/251 kB | 13/16 kB
Progress (2): 192/251 kB | 13/16 kB
Progress (2): 196/251 kB | 13/16 kB
Progress (2): 200/251 kB | 13/16 kB
Progress (2): 204/251 kB | 13/16 kB
Progress (2): 208/251 kB | 13/16 kB
Progress (2): 212/251 kB | 13/16 kB
Progress (3): 212/251 kB | 13/16 kB | 2.2/163 kB
Progress (3): 217/251 kB | 13/16 kB | 2.2/163 kB
Progress (3): 217/251 kB | 13/16 kB | 5.0/163 kB
Progress (3): 221/251 kB | 13/16 kB | 5.0/163 kB
Progress (3): 221/251 kB | 13/16 kB | 7.7/163 kB
Progress (3): 225/251 kB | 13/16 kB | 7.7/163 kB
Progress (3): 225/251 kB | 13/16 kB | 10/163 kB 
Progress (3): 229/251 kB | 13/16 kB | 10/163 kB
Progress (3): 229/251 kB | 13/16 kB | 13/163 kB
Progress (3): 233/251 kB | 13/16 kB | 13/163 kB
Progress (3): 237/251 kB | 13/16 kB | 13/163 kB
Progress (3): 241/251 kB | 13/16 kB | 13/163 kB
Progress (3): 245/251 kB | 13/16 kB | 13/163 kB
Progress (3): 249/251 kB | 13/16 kB | 13/163 kB
Progress (3): 251 kB | 13/16 kB | 13/163 kB    
Progress (4): 251 kB | 13/16 kB | 13/163 kB | 2.2/216 kB
Progress (4): 251 kB | 13/16 kB | 13/163 kB | 5.0/216 kB
Progress (4): 251 kB | 13/16 kB | 13/163 kB | 7.7/216 kB
Progress (4): 251 kB | 13/16 kB | 13/163 kB | 10/216 kB 
Progress (4): 251 kB | 13/16 kB | 13/163 kB | 13/216 kB
Progress (4): 251 kB | 16/16 kB | 13/163 kB | 13/216 kB
Progress (4): 251 kB | 16 kB | 13/163 kB | 13/216 kB   
Progress (4): 251 kB | 16 kB | 16/163 kB | 13/216 kB
Progress (4): 251 kB | 16 kB | 19/163 kB | 13/216 kB
Progress (4): 251 kB | 16 kB | 21/163 kB | 13/216 kB
Progress (4): 251 kB | 16 kB | 24/163 kB | 13/216 kB
Progress (4): 251 kB | 16 kB | 27/163 kB | 13/216 kB
Progress (4): 251 kB | 16 kB | 30/163 kB | 13/216 kB
Progress (4): 251 kB | 16 kB | 32/163 kB | 13/216 kB
                                                    
Downloaded from central: https://repo.maven.apache.org/maven2/org/sonatype/plugins/nexus-staging-maven-plugin/1.6.8/nexus-staging-maven-plugin-1.6.8.jar (251 kB at 340 kB/s)
Progress (3): 16 kB | 32/163 kB | 16/216 kB
Progress (3): 16 kB | 32/163 kB | 19/216 kB
Progress (3): 16 kB | 32/163 kB | 21/216 kB
Progress (3): 16 kB | 32/163 kB | 24/216 kB
Progress (3): 16 kB | 32/163 kB | 27/216 kB
Progress (3): 16 kB | 32/163 kB | 30/216 kB
Progress (3): 16 kB | 32/163 kB | 32/216 kB
                                           
Downloaded from central: https://repo.maven.apache.org/maven2/org/sonatype/nexus/maven/nexus-common/1.6.8/nexus-common-1.6.8.jar (16 kB at 18 kB/s)
Progress (2): 36/163 kB | 32/216 kB
Progress (2): 40/163 kB | 32/216 kB
Progress (2): 45/163 kB | 32/216 kB
Progress (2): 49/163 kB | 32/216 kB
Progress (2): 53/163 kB | 32/216 kB
Progress (2): 57/163 kB | 32/216 kB
Progress (2): 61/163 kB | 32/216 kB
Progress (2): 65/163 kB | 32/216 kB
Progress (2): 69/163 kB | 32/216 kB
Progress (2): 73/163 kB | 32/216 kB
Progress (2): 77/163 kB | 32/216 kB
Progress (2): 81/163 kB | 32/216 kB
Progress (2): 81/163 kB | 36/216 kB
Progress (2): 81/163 kB | 40/216 kB
Progress (2): 81/163 kB | 45/216 kB
Progress (2): 81/163 kB | 49/216 kB
Progress (2): 81/163 kB | 53/216 kB
Progress (2): 81/163 kB | 57/216 kB
Progress (2): 81/163 kB | 61/216 kB
Progress (2): 81/163 kB | 65/216 kB
Progress (2): 81/163 kB | 69/216 kB
Progress (2): 81/163 kB | 73/216 kB
Progress (2): 81/163 kB | 77/216 kB
Progress (2): 81/163 kB | 81/216 kB
Progress (2): 85/163 kB | 81/216 kB
Progress (2): 90/163 kB | 81/216 kB
Progress (2): 94/163 kB | 81/216 kB
Progress (2): 98/163 kB | 81/216 kB
Progress (2): 102/163 kB | 81/216 kB
Progress (2): 106/163 kB | 81/216 kB
Progress (2): 110/163 kB | 81/216 kB
Progress (2): 114/163 kB | 81/216 kB
Progress (2): 118/163 kB | 81/216 kB
Progress (2): 122/163 kB | 81/216 kB
Progress (2): 126/163 kB | 81/216 kB
Progress (2): 131/163 kB | 81/216 kB
Progress (2): 135/163 kB | 81/216 kB
Progress (2): 139/163 kB | 81/216 kB
Progress (2): 143/163 kB | 81/216 kB
Progress (2): 147/163 kB | 81/216 kB
Progress (2): 151/163 kB | 81/216 kB
Progress (2): 155/163 kB | 81/216 kB
Progress (2): 159/163 kB | 81/216 kB
Progress (2): 163 kB | 81/216 kB    
Progress (2): 163 kB | 85/216 kB
Progress (2): 163 kB | 90/216 kB
Progress (2): 163 kB | 94/216 kB
Progress (2): 163 kB | 98/216 kB
Progress (2): 163 kB | 102/216 kB
Progress (2): 163 kB | 106/216 kB
Progress (2): 163 kB | 110/216 kB
Progress (2): 163 kB | 114/216 kB
Progress (2): 163 kB | 118/216 kB
Progress (2): 163 kB | 122/216 kB
Progress (2): 163 kB | 126/216 kB
Progress (2): 163 kB | 131/216 kB
Progress (2): 163 kB | 135/216 kB
Progress (2): 163 kB | 139/216 kB
Progress (2): 163 kB | 143/216 kB
Progress (2): 163 kB | 147/216 kB
Progress (2): 163 kB | 151/216 kB
Progress (2): 163 kB | 155/216 kB
Progress (2): 163 kB | 159/216 kB
Progress (2): 163 kB | 163/216 kB
Progress (2): 163 kB | 167/216 kB
Progress (2): 163 kB | 171/216 kB
Progress (2): 163 kB | 176/216 kB
Progress (2): 163 kB | 180/216 kB
Progress (2): 163 kB | 184/216 kB
Progress (2): 163 kB | 188/216 kB
Progress (2): 163 kB | 192/216 kB
Progress (2): 163 kB | 196/216 kB
                                 
Downloaded from central: https://repo.maven.apache.org/maven2/org/sonatype/nexus/plugins/nexus-restlet1x-model/2.14.3-02/nexus-restlet1x-model-2.14.3-02.jar (163 kB at 129 kB/s)
Progress (1): 200/216 kB
Progress (1): 204/216 kB
Progress (1): 208/216 kB
Progress (1): 212/216 kB
Progress (1): 216 kB    
                    
Downloaded from central: https://repo.maven.apache.org/maven2/org/sonatype/nexus/nexus-client-core/2.14.3-02/nexus-client-core-2.14.3-02.jar (216 kB at 137 kB/s)
[INFO] Inspecting build with total of 1 modules...
[INFO] Installing Nexus Staging features:
[INFO]   ... total of 1 executions of maven-deploy-plugin replaced with nexus-staging-maven-plugin
Downloading from central: https://repo.maven.apache.org/maven2/org/apache/maven/plugins/maven-shade-plugin/3.1.0/maven-shade-plugin-3.1.0.pom
Progress (1): 4.1/9.5 kB
Progress (1): 7.7/9.5 kB
Progress (1): 9.5 kB    
                    
Downloaded from central: https://repo.maven.apache.org/maven2/org/apache/maven/plugins/maven-shade-plugin/3.1.0/maven-shade-plugin-3.1.0.pom (9.5 kB at 24 kB/s)
Downloading from central: https://repo.maven.apache.org/maven2/org/apache/maven/plugins/maven-shade-plugin/3.1.0/maven-shade-plugin-3.1.0.jar
Progress (1): 4.1/114 kB
Progress (1): 7.7/114 kB
Progress (1): 12/114 kB 
Progress (1): 16/114 kB
Progress (1): 20/114 kB
Progress (1): 24/114 kB
Progress (1): 28/114 kB
Progress (1): 32/114 kB
Progress (1): 36/114 kB
Progress (1): 40/114 kB
Progress (1): 45/114 kB
Progress (1): 49/114 kB
Progress (1): 53/114 kB
Progress (1): 57/114 kB
Progress (1): 61/114 kB
Progress (1): 65/114 kB
Progress (1): 69/114 kB
Progress (1): 73/114 kB
Progress (1): 77/114 kB
Progress (1): 81/114 kB
Progress (1): 85/114 kB
Progress (1): 90/114 kB
Progress (1): 94/114 kB
Progress (1): 98/114 kB
Progress (1): 102/114 kB
Progress (1): 106/114 kB
Progress (1): 110/114 kB
Progress (1): 114 kB    
                    
Downloaded from central: https://repo.maven.apache.org/maven2/org/apache/maven/plugins/maven-shade-plugin/3.1.0/maven-shade-plugin-3.1.0.jar (114 kB at 281 kB/s)
[INFO] 
[INFO] ---------------< com.alibaba:transmittable-thread-local >---------------
[INFO] Building TransmittableThreadLocal(TTL) 2.3.1
[INFO] --------------------------------[ jar ]---------------------------------
Downloading from central: https://repo.maven.apache.org/maven2/org/javassist/javassist/3.22.0-GA/javassist-3.22.0-GA.pom
Progress (1): 4.1/9.7 kB
Progress (1): 7.7/9.7 kB
Progress (1): 9.7 kB    
                    
Downloaded from central: https://repo.maven.apache.org/maven2/org/javassist/javassist/3.22.0-GA/javassist-3.22.0-GA.pom (9.7 kB at 25 kB/s)
Downloading from central: https://repo.maven.apache.org/maven2/org/javassist/javassist/3.22.0-GA/javassist-3.22.0-GA.jar
Progress (1): 4.1/740 kB
Progress (1): 7.7/740 kB
Progress (1): 12/740 kB 
Progress (1): 16/740 kB
Progress (1): 20/740 kB
Progress (1): 24/740 kB
Progress (1): 28/740 kB
Progress (1): 32/740 kB
Progress (1): 36/740 kB
Progress (1): 40/740 kB
Progress (1): 45/740 kB
Progress (1): 49/740 kB
Progress (1): 53/740 kB
Progress (1): 57/740 kB
Progress (1): 61/740 kB
Progress (1): 65/740 kB
Progress (1): 69/740 kB
Progress (1): 73/740 kB
Progress (1): 77/740 kB
Progress (1): 81/740 kB
Progress (1): 85/740 kB
Progress (1): 90/740 kB
Progress (1): 94/740 kB
Progress (1): 98/740 kB
Progress (1): 102/740 kB
Progress (1): 106/740 kB
Progress (1): 110/740 kB
Progress (1): 114/740 kB
Progress (1): 118/740 kB
Progress (1): 122/740 kB
Progress (1): 126/740 kB
Progress (1): 131/740 kB
Progress (1): 135/740 kB
Progress (1): 139/740 kB
Progress (1): 143/740 kB
Progress (1): 147/740 kB
Progress (1): 151/740 kB
Progress (1): 155/740 kB
Progress (1): 159/740 kB
Progress (1): 163/740 kB
Progress (1): 167/740 kB
Progress (1): 171/740 kB
Progress (1): 176/740 kB
Progress (1): 180/740 kB
Progress (1): 184/740 kB
Progress (1): 188/740 kB
Progress (1): 192/740 kB
Progress (1): 196/740 kB
Progress (1): 200/740 kB
Progress (1): 204/740 kB
Progress (1): 208/740 kB
Progress (1): 212/740 kB
Progress (1): 217/740 kB
Progress (1): 221/740 kB
Progress (1): 225/740 kB
Progress (1): 229/740 kB
Progress (1): 233/740 kB
Progress (1): 237/740 kB
Progress (1): 241/740 kB
Progress (1): 245/740 kB
Progress (1): 249/740 kB
Progress (1): 253/740 kB
Progress (1): 258/740 kB
Progress (1): 262/740 kB
Progress (1): 266/740 kB
Progress (1): 270/740 kB
Progress (1): 274/740 kB
Progress (1): 278/740 kB
Progress (1): 282/740 kB
Progress (1): 286/740 kB
Progress (1): 290/740 kB
Progress (1): 294/740 kB
Progress (1): 298/740 kB
Progress (1): 303/740 kB
Progress (1): 307/740 kB
Progress (1): 311/740 kB
Progress (1): 315/740 kB
Progress (1): 319/740 kB
Progress (1): 323/740 kB
Progress (1): 327/740 kB
Progress (1): 331/740 kB
Progress (1): 335/740 kB
Progress (1): 339/740 kB
Progress (1): 344/740 kB
Progress (1): 348/740 kB
Progress (1): 352/740 kB
Progress (1): 356/740 kB
Progress (1): 360/740 kB
Progress (1): 364/740 kB
Progress (1): 368/740 kB
Progress (1): 372/740 kB
Progress (1): 376/740 kB
Progress (1): 380/740 kB
Progress (1): 384/740 kB
Progress (1): 389/740 kB
Progress (1): 393/740 kB
Progress (1): 397/740 kB
Progress (1): 401/740 kB
Progress (1): 405/740 kB
Progress (1): 409/740 kB
Progress (1): 413/740 kB
Progress (1): 417/740 kB
Progress (1): 421/740 kB
Progress (1): 425/740 kB
Progress (1): 430/740 kB
Progress (1): 434/740 kB
Progress (1): 438/740 kB
Progress (1): 442/740 kB
Progress (1): 446/740 kB
Progress (1): 450/740 kB
Progress (1): 454/740 kB
Progress (1): 458/740 kB
Progress (1): 462/740 kB
Progress (1): 466/740 kB
Progress (1): 470/740 kB
Progress (1): 475/740 kB
Progress (1): 479/740 kB
Progress (1): 483/740 kB
Progress (1): 487/740 kB
Progress (1): 491/740 kB
Progress (1): 495/740 kB
Progress (1): 499/740 kB
Progress (1): 503/740 kB
Progress (1): 507/740 kB
Progress (1): 511/740 kB
Progress (1): 516/740 kB
Progress (1): 520/740 kB
Progress (1): 524/740 kB
Progress (1): 528/740 kB
Progress (1): 532/740 kB
Progress (1): 536/740 kB
Progress (1): 540/740 kB
Progress (1): 544/740 kB
Progress (1): 548/740 kB
Progress (1): 552/740 kB
Progress (1): 557/740 kB
Progress (1): 561/740 kB
Progress (1): 565/740 kB
Progress (1): 569/740 kB
Progress (1): 573/740 kB
Progress (1): 577/740 kB
Progress (1): 581/740 kB
Progress (1): 585/740 kB
Progress (1): 589/740 kB
Progress (1): 593/740 kB
Progress (1): 597/740 kB
Progress (1): 602/740 kB
Progress (1): 606/740 kB
Progress (1): 610/740 kB
Progress (1): 614/740 kB
Progress (1): 618/740 kB
Progress (1): 621/740 kB
Progress (1): 625/740 kB
Progress (1): 629/740 kB
Progress (1): 633/740 kB
Progress (1): 637/740 kB
Progress (1): 641/740 kB
Progress (1): 645/740 kB
Progress (1): 649/740 kB
Progress (1): 653/740 kB
Progress (1): 658/740 kB
Progress (1): 662/740 kB
Progress (1): 666/740 kB
Progress (1): 670/740 kB
Progress (1): 674/740 kB
Progress (1): 678/740 kB
Progress (1): 682/740 kB
Progress (1): 686/740 kB
Progress (1): 690/740 kB
Progress (1): 694/740 kB
Progress (1): 699/740 kB
Progress (1): 703/740 kB
Progress (1): 707/740 kB
Progress (1): 711/740 kB
Progress (1): 715/740 kB
Progress (1): 719/740 kB
Progress (1): 723/740 kB
Progress (1): 727/740 kB
Progress (1): 731/740 kB
Progress (1): 735/740 kB
Progress (1): 739/740 kB
Progress (1): 740 kB    
                    
Downloaded from central: https://repo.maven.apache.org/maven2/org/javassist/javassist/3.22.0-GA/javassist-3.22.0-GA.jar (740 kB at 920 kB/s)
[INFO] 
[INFO] --- maven-clean-plugin:2.5:clean (default-clean) @ transmittable-thread-local ---
[INFO] 
[INFO] --- maven-dependency-plugin:2.8:list (default-cli) @ transmittable-thread-local ---
[INFO] 
[INFO] The following files have been resolved:
[INFO]    org.javassist:javassist:jar:3.22.0-GA:compile
[INFO]    org.hamcrest:hamcrest-core:jar:1.3:test
[INFO]    junit:junit:jar:4.12:test
[INFO] 
[INFO] 
[INFO] --- maven-resources-plugin:2.6:resources (default-resources) @ transmittable-thread-local ---
[INFO] Using 'UTF-8' encoding to copy filtered resources.
[INFO] skip non existing resourceDirectory /home/cgzhu/projects/gitslice/resources/facts/upgrade_jars_exp/_downloads/transmittable-thread-local/src/main/resources
[INFO] 
[INFO] --- maven-compiler-plugin:3.7.0:compile (default-compile) @ transmittable-thread-local ---
[INFO] Changes detected - recompiling the module!
[INFO] Compiling 13 source files to /home/cgzhu/projects/gitslice/resources/facts/upgrade_jars_exp/_downloads/transmittable-thread-local/target/classes
[INFO] 
[INFO] --- maven-resources-plugin:2.6:testResources (default-testResources) @ transmittable-thread-local ---
[INFO] Using 'UTF-8' encoding to copy filtered resources.
[INFO] Copying 1 resource
[INFO] 
[INFO] --- maven-compiler-plugin:3.7.0:testCompile (default-testCompile) @ transmittable-thread-local ---
[INFO] Changes detected - recompiling the module!
[INFO] Compiling 24 source files to /home/cgzhu/projects/gitslice/resources/facts/upgrade_jars_exp/_downloads/transmittable-thread-local/target/test-classes
[INFO] 
[INFO] --- maven-surefire-plugin:2.12.4:test (default-test) @ transmittable-thread-local ---
[INFO] Surefire report directory: /home/cgzhu/projects/gitslice/resources/facts/upgrade_jars_exp/_downloads/transmittable-thread-local/target/surefire-reports

-------------------------------------------------------
 T E S T S
-------------------------------------------------------
Running com.alibaba.ttl.TtlCallableTest
1 Before Run:
Key parent-created-after-create-TtlTask, value: null
Key parent-created-modified-in-child, value: parent-created-modified-in-child
Key parent-created-unmodified-in-child, value: parent-created-unmodified-in-child

1 After Run:
Key parent-created-after-create-TtlTask, value: null
Key child-created1, value: child-created1
Key parent-created-modified-in-child, value: parent-created-modified-in-child1
Key parent-created-unmodified-in-child, value: parent-created-unmodified-in-child
1 Before Run:
Key parent-created-after-create-TtlTask, value: null
Key parent-created-modified-in-child, value: parent-created-modified-in-child
Key parent-created-unmodified-in-child, value: parent-created-unmodified-in-child

1 After Run:
Key parent-created-after-create-TtlTask, value: null
Key child-created1, value: child-created1
Key parent-created-modified-in-child, value: parent-created-modified-in-child1
Key parent-created-unmodified-in-child, value: parent-created-unmodified-in-child
1 Before Run:
Key parent-created-after-create-TtlTask, value: null
Key parent-created-modified-in-child, value: parent-created-modified-in-child
Key parent-created-unmodified-in-child, value: null

1 After Run:
Key parent-created-after-create-TtlTask, value: null
Key child-created1, value: child-created1
Key parent-created-modified-in-child, value: parent-created-modified-in-child1
Key parent-created-unmodified-in-child, value: null
1 Before Run:
Key parent-created-modified-in-child, value: parent-created-modified-in-child
Key parent-created-unmodified-in-child, value: parent-created-unmodified-in-child

1 After Run:
Key child-created1, value: child-created1
Key parent-created-modified-in-child, value: parent-created-modified-in-child1
Key parent-created-unmodified-in-child, value: parent-created-unmodified-in-child
Tests run: 8, Failures: 0, Errors: 0, Skipped: 0, Time elapsed: 0.27 sec
Running com.alibaba.ttl.TtlRunnableTest
1 Before Run:
Key parent-created-after-create-TtlTask, value: null
Key parent-created-modified-in-child, value: parent-created-modified-in-child
Key parent-created-unmodified-in-child, value: parent-created-unmodified-in-child

1 After Run:
Key parent-created-after-create-TtlTask, value: null
Key child-created1, value: child-created1
Key parent-created-modified-in-child, value: parent-created-modified-in-child1
Key parent-created-unmodified-in-child, value: parent-created-unmodified-in-child
1 Before Run:
Key parent-created-modified-in-child, value: parent-created-modified-in-child
Key parent-created-unmodified-in-child, value: parent-created-unmodified-in-child

1 After Run:
Key child-created1, value: child-created1
Key parent-created-modified-in-child, value: parent-created-modified-in-child1
Key parent-created-unmodified-in-child, value: parent-created-unmodified-in-child
Before Run:
Key parent-created-after-create-TtlTask, value: null
Key parent-created-modified-in-child, value: FooPojo{name='parent-created-modified-in-child', age=2}
Key parent-created-unmodified-in-child, value: FooPojo{name='parent-created-unmodified-in-child', age=1}

After Run:
Key parent-created-after-create-TtlTask, value: null
Key child-created1, value: FooPojo{name='child-created1', age=3}
Key parent-created-modified-in-child, value: FooPojo{name='parent-created-modified-in-child1', age=2}
Key parent-created-unmodified-in-child, value: FooPojo{name='parent-created-unmodified-in-child', age=1}
Task 1 finished!
1 Before Run:
Key parent-created-after-create-TtlTask, value: null
Key parent-created-modified-in-child, value: parent-created-modified-in-child
Key parent-created-unmodified-in-child, value: parent-created-unmodified-in-child

1 After Run:
Key parent-created-after-create-TtlTask, value: null
Key child-created1, value: child-created1
Key parent-created-modified-in-child, value: parent-created-modified-in-child1
Key parent-created-unmodified-in-child, value: parent-created-unmodified-in-child
1 Before Run:
Key parent-created-after-create-TtlTask, value: null
Key parent-created-modified-in-child, value: parent-created-modified-in-child
Key parent-created-unmodified-in-child, value: null

1 After Run:
Key parent-created-after-create-TtlTask, value: null
Key child-created1, value: child-created1
Key parent-created-modified-in-child, value: parent-created-modified-in-child1
Key parent-created-unmodified-in-child, value: null
1 Before Run:
Key parent-created-after-create-TtlTask, value: null
Key parent-created-modified-in-child, value: parent-created-modified-in-child
Key parent-created-unmodified-in-child, value: parent-created-unmodified-in-child

1 After Run:
Key parent-created-after-create-TtlTask, value: null
Key child-created1, value: child-created1
Key parent-created-modified-in-child, value: parent-created-modified-in-child1
Key parent-created-unmodified-in-child, value: parent-created-unmodified-in-child
Tests run: 11, Failures: 0, Errors: 0, Skipped: 0, Time elapsed: 0.271 sec
Running com.alibaba.ttl.threadpool.TtlExecutorsTest
Tests run: 1, Failures: 0, Errors: 0, Skipped: 0, Time elapsed: 0.001 sec
Running com.alibaba.ttl.threadpool.ScheduledExecutorServiceTtlWrapperTest
1 Before Run:
Key parent-created-after-create-TtlTask, value: parent-created-after-create-TtlTask
Key parent-created-modified-in-child, value: parent-created-modified-in-child
Key parent-created-unmodified-in-child, value: parent-created-unmodified-in-child

1 After Run:
Key parent-created-after-create-TtlTask, value: parent-created-after-create-TtlTask
Key child-created1, value: child-created1
Key parent-created-modified-in-child, value: parent-created-modified-in-child1
Key parent-created-unmodified-in-child, value: parent-created-unmodified-in-child
1 Before Run:
2 Before Run:
Key parent-created-after-create-TtlTask, value: parent-created-after-create-TtlTask
Key parent-created-after-create-TtlTask, value: parent-created-after-create-TtlTask
Key parent-created-modified-in-child, value: parent-created-modified-in-child
Key parent-created-unmodified-in-child, value: parent-created-unmodified-in-child

1 After Run:
Key parent-created-modified-in-child, value: parent-created-modified-in-child
Key parent-created-after-create-TtlTask, value: parent-created-after-create-TtlTask
Key parent-created-unmodified-in-child, value: parent-created-unmodified-in-child

2 After Run:
Key child-created1, value: child-created1
Key parent-created-after-create-TtlTask, value: parent-created-after-create-TtlTask
Key parent-created-modified-in-child, value: parent-created-modified-in-child1
Key parent-created-unmodified-in-child, value: parent-created-unmodified-in-child
Key child-created1, value: null
Key child-created2, value: child-created2
Key parent-created-modified-in-child, value: parent-created-modified-in-child2
Key parent-created-unmodified-in-child, value: parent-created-unmodified-in-child
2 Before Run:
1 Before Run:
Key parent-created-after-create-TtlTask, value: parent-created-after-create-TtlTask
Key parent-created-after-create-TtlTask, value: parent-created-after-create-TtlTask
Key parent-created-modified-in-child, value: parent-created-modified-in-child
Key parent-created-unmodified-in-child, value: parent-created-unmodified-in-child

2 After Run:
Key parent-created-modified-in-child, value: parent-created-modified-in-child
Key parent-created-after-create-TtlTask, value: parent-created-after-create-TtlTask
Key parent-created-unmodified-in-child, value: parent-created-unmodified-in-child

1 After Run:
Key child-created2, value: child-created2
Key parent-created-modified-in-child, value: parent-created-modified-in-child2
Key parent-created-unmodified-in-child, value: parent-created-unmodified-in-child
Key parent-created-after-create-TtlTask, value: parent-created-after-create-TtlTask
Key child-created1, value: child-created1
Key child-created2, value: null
Key parent-created-modified-in-child, value: 1 Before Run:
parent-created-modified-in-child1
Key parent-created-unmodified-in-child, value: parent-created-unmodified-in-child
Key parent-created-after-create-TtlTask, value: parent-created-after-create-TtlTask
Key parent-created-modified-in-child, value: parent-created-modified-in-child
Key parent-created-unmodified-in-child, value: parent-created-unmodified-in-child

1 After Run:
Key parent-created-after-create-TtlTask, value: parent-created-after-create-TtlTask
Key child-created1, value: child-created1
Key parent-created-modified-in-child, value: parent-created-modified-in-child1
Key parent-created-unmodified-in-child, value: parent-created-unmodified-in-child
2 Before Run:
1 Before Run:
Key parent-created-after-create-TtlTask, value: parent-created-after-create-TtlTask
Key parent-created-after-create-TtlTask, value: parent-created-after-create-TtlTask
Key parent-created-modified-in-child, value: parent-created-modified-in-child
Key parent-created-unmodified-in-child, value: parent-created-unmodified-in-child

1 After Run:
Key parent-created-modified-in-child, value: parent-created-modified-in-child
Key parent-created-unmodified-in-child, value: parent-created-unmodified-in-child

2 After Run:
Key parent-created-after-create-TtlTask, value: parent-created-after-create-TtlTask
Key parent-created-after-create-TtlTask, value: parent-created-after-create-TtlTask
Key child-created1, value: child-created1
Key child-created1, value: null
Key child-created2, value: child-created2
Key parent-created-modified-in-child, value: parent-created-modified-in-child2
Key parent-created-unmodified-in-child, value: parent-created-unmodified-in-child
Key child-created2, value: null
Key parent-created-modified-in-child, value: parent-created-modified-in-child1
Key parent-created-unmodified-in-child, value: parent-created-unmodified-in-child
1 Before Run:
Key parent-created-after-create-TtlTask, value: parent-created-after-create-TtlTask
Key parent-created-modified-in-child, value: parent-created-modified-in-child
Key parent-created-unmodified-in-child, value: parent-created-unmodified-in-child

1 After Run:
Key parent-created-after-create-TtlTask, value: parent-created-after-create-TtlTask
Key child-created1, value: child-created1
Key parent-created-modified-in-child, value: parent-created-modified-in-child1
Key parent-created-unmodified-in-child, value: parent-created-unmodified-in-child
1 Before Run:
Key parent-created-after-create-TtlTask, value: parent-created-after-create-TtlTask
Key parent-created-modified-in-child, value: parent-created-modified-in-child
Key parent-created-unmodified-in-child, value: parent-created-unmodified-in-child

1 After Run:
Key parent-created-after-create-TtlTask, value: parent-created-after-create-TtlTask
Key child-created1, value: child-created1
Key parent-created-modified-in-child, value: parent-created-modified-in-child1
Key parent-created-unmodified-in-child, value: parent-created-unmodified-in-child
1 Before Run:
Key parent-created-after-create-TtlTask, value: parent-created-after-create-TtlTask
Key parent-created-modified-in-child, value: parent-created-modified-in-child
Key parent-created-unmodified-in-child, value: parent-created-unmodified-in-child

1 After Run:
Key parent-created-after-create-TtlTask, value: parent-created-after-create-TtlTask
Key child-created1, value: child-created1
Key parent-created-modified-in-child, value: parent-created-modified-in-child1
Key parent-created-unmodified-in-child, value: parent-created-unmodified-in-child
1 Before Run:
Key parent-created-after-create-TtlTask, value: parent-created-after-create-TtlTask
Key parent-created-modified-in-child, value: parent-created-modified-in-child
Key parent-created-unmodified-in-child, value: parent-created-unmodified-in-child

1 After Run:
Key parent-created-after-create-TtlTask, value: parent-created-after-create-TtlTask
Key child-created1, value: child-created1
Key parent-created-modified-in-child, value: parent-created-modified-in-child1
Key parent-created-unmodified-in-child, value: parent-created-unmodified-in-child
1 Before Run:
Key parent-created-after-create-TtlTask, value: parent-created-after-create-TtlTask
Key parent-created-modified-in-child, value: parent-created-modified-in-child
Key parent-created-unmodified-in-child, value: parent-created-unmodified-in-child

1 After Run:
Key parent-created-after-create-TtlTask, value: parent-created-after-create-TtlTask
Key child-created1, value: child-created1
Key parent-created-modified-in-child, value: parent-created-modified-in-child1
Key parent-created-unmodified-in-child, value: parent-created-unmodified-in-child
1 Before Run:
2 Before Run:
Key parent-created-after-create-TtlTask, value: parent-created-after-create-TtlTask
Key parent-created-modified-in-child, value: parent-created-modified-in-child
Key parent-created-after-create-TtlTask, value: parent-created-after-create-TtlTask
Key parent-created-unmodified-in-child, value: parent-created-unmodified-in-child

1 After Run:
Key parent-created-modified-in-child, value: parent-created-modified-in-child
Key parent-created-unmodified-in-child, value: parent-created-unmodified-in-child

2 After Run:
Key parent-created-after-create-TtlTask, value: parent-created-after-create-TtlTask
Key parent-created-after-create-TtlTask, value: parent-created-after-create-TtlTask
Key child-created1, value: child-created1
Key child-created1, value: null
Key child-created2, value: child-created2
Key child-created2, value: null
Key parent-created-modified-in-child, value: parent-created-modified-in-child2
Key parent-created-modified-in-child, value: parent-created-modified-in-child1
Key parent-created-unmodified-in-child, value: parent-created-unmodified-in-child
Key parent-created-unmodified-in-child, value: parent-created-unmodified-in-child
1 Before Run:
Key parent-created-after-create-TtlTask, value: parent-created-after-create-TtlTask
Key parent-created-modified-in-child, value: parent-created-modified-in-child
Key parent-created-unmodified-in-child, value: parent-created-unmodified-in-child

1 After Run:
Key parent-created-after-create-TtlTask, value: parent-created-after-create-TtlTask
Key child-created1, value: child-created1
Key parent-created-modified-in-child, value: parent-created-modified-in-child1
Key parent-created-unmodified-in-child, value: parent-created-unmodified-in-child
Tests run: 12, Failures: 0, Errors: 0, Skipped: 0, Time elapsed: 2.559 sec
Running com.alibaba.ttl.user_test.TransmittableThreadLocal_Transmitter_UserTest
Tests run: 3, Failures: 0, Errors: 0, Skipped: 0, Time elapsed: 0.23 sec
Running com.alibaba.ttl.reported_bugs.Bug70_Test
Tests run: 1, Failures: 0, Errors: 0, Skipped: 0, Time elapsed: 0.01 sec

Results :

Tests run: 36, Failures: 0, Errors: 0, Skipped: 0

[INFO] ------------------------------------------------------------------------
[INFO] BUILD SUCCESS
[INFO] ------------------------------------------------------------------------
[INFO] Total time: 27.521 s
[INFO] Finished at: 2019-08-20T20:05:02+08:00
[INFO] ------------------------------------------------------------------------
