[VERSION]: 4.13-beta-3
[INFO] Scanning for projects...
[INFO] 
[INFO] -------------------< com.github.javafaker:javafaker >-------------------
[INFO] Building Java Faker 0.15
[INFO] --------------------------------[ jar ]---------------------------------
[INFO] 
[INFO] --- maven-clean-plugin:2.5:clean (default-clean) @ javafaker ---
[INFO] Deleting /home/cgzhu/projects/gitslice/resources/facts/upgrade_jars_exp/_downloads/java-faker/target
[INFO] 
[INFO] --- maven-dependency-plugin:2.8:list (default-cli) @ javafaker ---
[INFO] 
[INFO] The following files have been resolved:
[INFO]    org.javassist:javassist:jar:3.21.0-GA:test
[INFO]    net.bytebuddy:byte-buddy-agent:jar:1.8.0:test
[INFO]    org.hamcrest:hamcrest-core:jar:1.3:test
[INFO]    commons-beanutils:commons-beanutils:jar:1.9.2:test
[INFO]    org.slf4j:slf4j-simple:jar:1.7.25:test
[INFO]    org.apache.commons:commons-lang3:jar:3.5:compile
[INFO]    commons-validator:commons-validator:jar:1.6:test
[INFO]    commons-digester:commons-digester:jar:1.8.1:test
[INFO]    commons-collections:commons-collections:jar:3.2.2:test
[INFO]    org.hamcrest:hamcrest-library:jar:1.3:test
[INFO]    org.mockito:mockito-core:jar:2.17.0:test
[INFO]    org.yaml:snakeyaml:jar:android:1.20:compile
[INFO]    com.google.guava:guava:jar:20.0:test
[INFO]    dk.brics.automaton:automaton:jar:1.11-8:compile
[INFO]    org.slf4j:slf4j-api:jar:1.7.25:test
[INFO]    commons-logging:commons-logging:jar:1.2:test
[INFO]    org.reflections:reflections:jar:0.9.11:test
[INFO]    org.objenesis:objenesis:jar:2.6:test
[INFO]    com.github.mifmif:generex:jar:1.0.2:compile
[INFO]    net.bytebuddy:byte-buddy:jar:1.8.0:test
[INFO]    junit:junit:jar:4.13-beta-3:test
[INFO] 
[INFO] 
[INFO] --- maven-enforcer-plugin:1.0:enforce (enforce-maven) @ javafaker ---
[INFO] 
[INFO] --- maven-resources-plugin:2.6:resources (default-resources) @ javafaker ---
[INFO] Using 'UTF-8' encoding to copy filtered resources.
[INFO] Copying 47 resources
[INFO] 
[INFO] --- maven-compiler-plugin:3.7.0:compile (default-compile) @ javafaker ---
[INFO] Changes detected - recompiling the module!
[INFO] Compiling 64 source files to /home/cgzhu/projects/gitslice/resources/facts/upgrade_jars_exp/_downloads/java-faker/target/classes
[INFO] /home/cgzhu/projects/gitslice/resources/facts/upgrade_jars_exp/_downloads/java-faker/src/main/java/com/github/javafaker/service/FakeValuesService.java: /home/cgzhu/projects/gitslice/resources/facts/upgrade_jars_exp/_downloads/java-faker/src/main/java/com/github/javafaker/service/FakeValuesService.java uses unchecked or unsafe operations.
[INFO] /home/cgzhu/projects/gitslice/resources/facts/upgrade_jars_exp/_downloads/java-faker/src/main/java/com/github/javafaker/service/FakeValuesService.java: Recompile with -Xlint:unchecked for details.
[INFO] 
[INFO] --- maven-resources-plugin:2.6:testResources (default-testResources) @ javafaker ---
[INFO] Using 'UTF-8' encoding to copy filtered resources.
[INFO] Copying 1 resource
[INFO] 
[INFO] --- maven-compiler-plugin:3.7.0:testCompile (default-testCompile) @ javafaker ---
[INFO] Changes detected - recompiling the module!
[INFO] Compiling 71 source files to /home/cgzhu/projects/gitslice/resources/facts/upgrade_jars_exp/_downloads/java-faker/target/test-classes
[INFO] /home/cgzhu/projects/gitslice/resources/facts/upgrade_jars_exp/_downloads/java-faker/src/test/java/com/github/javafaker/InternetTest.java: Some input files use or override a deprecated API.
[INFO] /home/cgzhu/projects/gitslice/resources/facts/upgrade_jars_exp/_downloads/java-faker/src/test/java/com/github/javafaker/InternetTest.java: Recompile with -Xlint:deprecation for details.
[INFO] 
[INFO] --- maven-surefire-plugin:2.12.4:test (default-test) @ javafaker ---
[INFO] Surefire report directory: /home/cgzhu/projects/gitslice/resources/facts/upgrade_jars_exp/_downloads/java-faker/target/surefire-reports

-------------------------------------------------------
 T E S T S
-------------------------------------------------------
Running com.github.javafaker.LebowskiTest
Tests run: 3, Failures: 0, Errors: 0, Skipped: 0, Time elapsed: 1.001 sec
Running com.github.javafaker.CommerceTest
Tests run: 8, Failures: 0, Errors: 0, Skipped: 0, Time elapsed: 0.492 sec
Running com.github.javafaker.SpaceTest
Tests run: 13, Failures: 0, Errors: 0, Skipped: 0, Time elapsed: 0.461 sec
Running com.github.javafaker.matchers.IsANumberTest
Tests run: 4, Failures: 0, Errors: 0, Skipped: 0, Time elapsed: 0.001 sec
Running com.github.javafaker.FriendsTest
Tests run: 3, Failures: 0, Errors: 0, Skipped: 0, Time elapsed: 0.098 sec
Running com.github.javafaker.InternetTest
Tests run: 26, Failures: 0, Errors: 0, Skipped: 0, Time elapsed: 4.807 sec
Running com.github.javafaker.HackerTest
Tests run: 5, Failures: 0, Errors: 0, Skipped: 0, Time elapsed: 0.153 sec
Running com.github.javafaker.AppTest
Tests run: 3, Failures: 0, Errors: 0, Skipped: 0, Time elapsed: 0.092 sec
Running com.github.javafaker.AvatarTest
Tests run: 1, Failures: 0, Errors: 0, Skipped: 0, Time elapsed: 0.031 sec
Running com.github.javafaker.FinanceTest
Tests run: 5, Failures: 0, Errors: 0, Skipped: 0, Time elapsed: 0.191 sec
Running com.github.javafaker.SuperheroTest
Tests run: 5, Failures: 0, Errors: 0, Skipped: 0, Time elapsed: 0.145 sec
Running com.github.javafaker.ColorTest
Tests run: 1, Failures: 0, Errors: 0, Skipped: 0, Time elapsed: 0.029 sec
Running com.github.javafaker.RickAndMortyTest
Tests run: 3, Failures: 0, Errors: 0, Skipped: 0, Time elapsed: 0.088 sec
Running com.github.javafaker.HarryPotterTest
Tests run: 4, Failures: 0, Errors: 0, Skipped: 0, Time elapsed: 0.12 sec
Running com.github.javafaker.TwinPeaksTest
Tests run: 3, Failures: 0, Errors: 0, Skipped: 0, Time elapsed: 0.087 sec
Running com.github.javafaker.FileTest
Tests run: 7, Failures: 0, Errors: 0, Skipped: 0, Time elapsed: 0.205 sec
Running com.github.javafaker.MusicTest
Tests run: 3, Failures: 0, Errors: 0, Skipped: 0, Time elapsed: 0.087 sec
Running com.github.javafaker.RockBandTest
Tests run: 1, Failures: 0, Errors: 0, Skipped: 0, Time elapsed: 0.028 sec
Running com.github.javafaker.CurrencyTest
Tests run: 2, Failures: 0, Errors: 0, Skipped: 0, Time elapsed: 0.058 sec
Running com.github.javafaker.idnumbers.SwedishIdNumberTest
Tests run: 2, Failures: 0, Errors: 0, Skipped: 0, Time elapsed: 0.008 sec
Running com.github.javafaker.EsportsTest
Tests run: 5, Failures: 0, Errors: 0, Skipped: 0, Time elapsed: 0.145 sec
Running com.github.javafaker.TeamTest
Tests run: 4, Failures: 0, Errors: 0, Skipped: 0, Time elapsed: 0.115 sec
Running com.github.javafaker.WeatherTest
Tests run: 5, Failures: 0, Errors: 0, Skipped: 0, Time elapsed: 0.153 sec
Running com.github.javafaker.StockTest
Tests run: 2, Failures: 0, Errors: 0, Skipped: 0, Time elapsed: 0.058 sec
Running com.github.javafaker.YodaTest
Tests run: 1, Failures: 0, Errors: 0, Skipped: 0, Time elapsed: 0.029 sec
Running com.github.javafaker.LordOfTheRingsTest
Tests run: 2, Failures: 0, Errors: 0, Skipped: 0, Time elapsed: 0.057 sec
Running com.github.javafaker.IdNumberTest
Tests run: 5, Failures: 0, Errors: 0, Skipped: 0, Time elapsed: 0.536 sec
Running com.github.javafaker.WitcherTest
Tests run: 6, Failures: 0, Errors: 0, Skipped: 0, Time elapsed: 0.175 sec
Running com.github.javafaker.CompanyTest
Tests run: 9, Failures: 0, Errors: 0, Skipped: 0, Time elapsed: 0.263 sec
Running com.github.javafaker.JobTest
Tests run: 5, Failures: 0, Errors: 0, Skipped: 0, Time elapsed: 0.144 sec
Running com.github.javafaker.ChuckNorrisTest
Tests run: 1, Failures: 0, Errors: 0, Skipped: 0, Time elapsed: 0.029 sec
Running com.github.javafaker.CodeTest
Tests run: 11, Failures: 0, Errors: 0, Skipped: 0, Time elapsed: 4.671 sec
Running com.github.javafaker.OptionsTest
Tests run: 5, Failures: 0, Errors: 0, Skipped: 0, Time elapsed: 0.15 sec
Running com.github.javafaker.SlackEmojiTest
Tests run: 9, Failures: 0, Errors: 0, Skipped: 0, Time elapsed: 0.268 sec
Running com.github.javafaker.ShakespeareTest
Tests run: 4, Failures: 0, Errors: 0, Skipped: 0, Time elapsed: 0.117 sec
Running com.github.javafaker.integration.UkLocalDirectivesTest
Tests run: 1, Failures: 0, Errors: 0, Skipped: 0, Time elapsed: 0.052 sec
Running com.github.javafaker.MatzTest
Tests run: 1, Failures: 0, Errors: 0, Skipped: 0, Time elapsed: 0.043 sec
Running com.github.javafaker.BoolTest
Tests run: 1, Failures: 0, Errors: 0, Skipped: 0, Time elapsed: 0.044 sec
Running com.github.javafaker.DateAndTimeTest
Tests run: 6, Failures: 0, Errors: 0, Skipped: 0, Time elapsed: 0.254 sec
Running com.github.javafaker.NumberTest
[main] INFO com.github.javafaker.NumberTest - Range -25 to 25 is 0.9166666666666666 percent unique.
[main] INFO com.github.javafaker.NumberTest - Range -50 to 50 is 0.92 percent unique.
[main] INFO com.github.javafaker.NumberTest - Range -75 to 75 is 0.8648648648648649 percent unique.
[main] INFO com.github.javafaker.NumberTest - Range -100 to 100 is 0.86 percent unique.
[main] INFO com.github.javafaker.NumberTest - Range -125 to 125 is 0.8387096774193549 percent unique.
[main] INFO com.github.javafaker.NumberTest - Range -150 to 150 is 0.88 percent unique.
[main] INFO com.github.javafaker.NumberTest - Range -175 to 175 is 0.896551724137931 percent unique.
[main] INFO com.github.javafaker.NumberTest - Range -200 to 200 is 0.88 percent unique.
[main] INFO com.github.javafaker.NumberTest - Range -225 to 225 is 0.8571428571428571 percent unique.
[main] INFO com.github.javafaker.NumberTest - Range -250 to 250 is 0.904 percent unique.
[main] INFO com.github.javafaker.NumberTest - Range -275 to 275 is 0.8978102189781022 percent unique.
[main] INFO com.github.javafaker.NumberTest - Range -300 to 300 is 0.8866666666666667 percent unique.
[main] INFO com.github.javafaker.NumberTest - Range -325 to 325 is 0.8950617283950617 percent unique.
[main] INFO com.github.javafaker.NumberTest - Range -350 to 350 is 0.8857142857142857 percent unique.
[main] INFO com.github.javafaker.NumberTest - Range -375 to 375 is 0.8983957219251337 percent unique.
[main] INFO com.github.javafaker.NumberTest - Range -400 to 400 is 0.84 percent unique.
[main] INFO com.github.javafaker.NumberTest - Range -425 to 425 is 0.8867924528301887 percent unique.
[main] INFO com.github.javafaker.NumberTest - Range -450 to 450 is 0.9155555555555556 percent unique.
[main] INFO com.github.javafaker.NumberTest - Range -475 to 475 is 0.890295358649789 percent unique.
[main] INFO com.github.javafaker.NumberTest - Range -500 to 500 is 0.888 percent unique.
[main] INFO com.github.javafaker.NumberTest - Range -525 to 525 is 0.8931297709923665 percent unique.
[main] INFO com.github.javafaker.NumberTest - Range -550 to 550 is 0.8690909090909091 percent unique.
[main] INFO com.github.javafaker.NumberTest - Range -575 to 575 is 0.8745644599303136 percent unique.
[main] INFO com.github.javafaker.NumberTest - Range -600 to 600 is 0.8566666666666667 percent unique.
[main] INFO com.github.javafaker.NumberTest - Range -625 to 625 is 0.8910256410256411 percent unique.
[main] INFO com.github.javafaker.NumberTest - Range -650 to 650 is 0.8738461538461538 percent unique.
[main] INFO com.github.javafaker.NumberTest - Range -675 to 675 is 0.887240356083086 percent unique.
[main] INFO com.github.javafaker.NumberTest - Range -700 to 700 is 0.9085714285714286 percent unique.
[main] INFO com.github.javafaker.NumberTest - Range -725 to 725 is 0.8922651933701657 percent unique.
[main] INFO com.github.javafaker.NumberTest - Range -750 to 750 is 0.8853333333333333 percent unique.
[main] INFO com.github.javafaker.NumberTest - Range -775 to 775 is 0.8888888888888888 percent unique.
[main] INFO com.github.javafaker.NumberTest - Range -800 to 800 is 0.8925 percent unique.
[main] INFO com.github.javafaker.NumberTest - Range -825 to 825 is 0.8956310679611651 percent unique.
[main] INFO com.github.javafaker.NumberTest - Range -850 to 850 is 0.8847058823529412 percent unique.
[main] INFO com.github.javafaker.NumberTest - Range -875 to 875 is 0.8627002288329519 percent unique.
[main] INFO com.github.javafaker.NumberTest - Range -900 to 900 is 0.8733333333333333 percent unique.
[main] INFO com.github.javafaker.NumberTest - Range -925 to 925 is 0.8636363636363636 percent unique.
[main] INFO com.github.javafaker.NumberTest - Range -950 to 950 is 0.9010526315789473 percent unique.
[main] INFO com.github.javafaker.NumberTest - Range -975 to 975 is 0.893223819301848 percent unique.
[main] INFO com.github.javafaker.NumberTest - Range -25 to 25 is 0.9166666666666666 percent unique.
[main] INFO com.github.javafaker.NumberTest - Range -50 to 50 is 0.88 percent unique.
[main] INFO com.github.javafaker.NumberTest - Range -75 to 75 is 0.918918918918919 percent unique.
[main] INFO com.github.javafaker.NumberTest - Range -100 to 100 is 0.92 percent unique.
[main] INFO com.github.javafaker.NumberTest - Range -125 to 125 is 0.9193548387096774 percent unique.
[main] INFO com.github.javafaker.NumberTest - Range -150 to 150 is 0.8933333333333333 percent unique.
[main] INFO com.github.javafaker.NumberTest - Range -175 to 175 is 0.9080459770114943 percent unique.
[main] INFO com.github.javafaker.NumberTest - Range -200 to 200 is 0.86 percent unique.
[main] INFO com.github.javafaker.NumberTest - Range -225 to 225 is 0.9017857142857143 percent unique.
[main] INFO com.github.javafaker.NumberTest - Range -250 to 250 is 0.92 percent unique.
[main] INFO com.github.javafaker.NumberTest - Range -275 to 275 is 0.8759124087591241 percent unique.
[main] INFO com.github.javafaker.NumberTest - Range -300 to 300 is 0.86 percent unique.
[main] INFO com.github.javafaker.NumberTest - Range -325 to 325 is 0.8888888888888888 percent unique.
[main] INFO com.github.javafaker.NumberTest - Range -350 to 350 is 0.8342857142857143 percent unique.
[main] INFO com.github.javafaker.NumberTest - Range -375 to 375 is 0.8770053475935828 percent unique.
[main] INFO com.github.javafaker.NumberTest - Range -400 to 400 is 0.89 percent unique.
[main] INFO com.github.javafaker.NumberTest - Range -425 to 425 is 0.8726415094339622 percent unique.
[main] INFO com.github.javafaker.NumberTest - Range -450 to 450 is 0.9022222222222223 percent unique.
[main] INFO com.github.javafaker.NumberTest - Range -475 to 475 is 0.8270042194092827 percent unique.
[main] INFO com.github.javafaker.NumberTest - Range -500 to 500 is 0.892 percent unique.
[main] INFO com.github.javafaker.NumberTest - Range -525 to 525 is 0.8549618320610687 percent unique.
[main] INFO com.github.javafaker.NumberTest - Range -550 to 550 is 0.88 percent unique.
[main] INFO com.github.javafaker.NumberTest - Range -575 to 575 is 0.867595818815331 percent unique.
[main] INFO com.github.javafaker.NumberTest - Range -600 to 600 is 0.89 percent unique.
[main] INFO com.github.javafaker.NumberTest - Range -625 to 625 is 0.907051282051282 percent unique.
[main] INFO com.github.javafaker.NumberTest - Range -650 to 650 is 0.88 percent unique.
[main] INFO com.github.javafaker.NumberTest - Range -675 to 675 is 0.8813056379821959 percent unique.
[main] INFO com.github.javafaker.NumberTest - Range -700 to 700 is 0.8714285714285714 percent unique.
[main] INFO com.github.javafaker.NumberTest - Range -725 to 725 is 0.9005524861878453 percent unique.
[main] INFO com.github.javafaker.NumberTest - Range -750 to 750 is 0.8746666666666667 percent unique.
[main] INFO com.github.javafaker.NumberTest - Range -775 to 775 is 0.8992248062015504 percent unique.
[main] INFO com.github.javafaker.NumberTest - Range -800 to 800 is 0.8975 percent unique.
[main] INFO com.github.javafaker.NumberTest - Range -825 to 825 is 0.8543689320388349 percent unique.
[main] INFO com.github.javafaker.NumberTest - Range -850 to 850 is 0.8917647058823529 percent unique.
[main] INFO com.github.javafaker.NumberTest - Range -875 to 875 is 0.88558352402746 percent unique.
[main] INFO com.github.javafaker.NumberTest - Range -900 to 900 is 0.9088888888888889 percent unique.
[main] INFO com.github.javafaker.NumberTest - Range -925 to 925 is 0.8896103896103896 percent unique.
[main] INFO com.github.javafaker.NumberTest - Range -950 to 950 is 0.88 percent unique.
[main] INFO com.github.javafaker.NumberTest - Range -975 to 975 is 0.893223819301848 percent unique.
[main] INFO com.github.javafaker.NumberTest - Range -25 to 25 is 0.9166666666666666 percent unique.
[main] INFO com.github.javafaker.NumberTest - Range -50 to 50 is 0.88 percent unique.
[main] INFO com.github.javafaker.NumberTest - Range -75 to 75 is 0.9459459459459459 percent unique.
[main] INFO com.github.javafaker.NumberTest - Range -100 to 100 is 0.9 percent unique.
[main] INFO com.github.javafaker.NumberTest - Range -125 to 125 is 0.9193548387096774 percent unique.
[main] INFO com.github.javafaker.NumberTest - Range -150 to 150 is 0.84 percent unique.
[main] INFO com.github.javafaker.NumberTest - Range -175 to 175 is 0.896551724137931 percent unique.
[main] INFO com.github.javafaker.NumberTest - Range -200 to 200 is 0.89 percent unique.
[main] INFO com.github.javafaker.NumberTest - Range -225 to 225 is 0.875 percent unique.
[main] INFO com.github.javafaker.NumberTest - Range -250 to 250 is 0.872 percent unique.
[main] INFO com.github.javafaker.NumberTest - Range -275 to 275 is 0.9124087591240876 percent unique.
[main] INFO com.github.javafaker.NumberTest - Range -300 to 300 is 0.9066666666666666 percent unique.
[main] INFO com.github.javafaker.NumberTest - Range -325 to 325 is 0.8580246913580247 percent unique.
[main] INFO com.github.javafaker.NumberTest - Range -350 to 350 is 0.8571428571428571 percent unique.
[main] INFO com.github.javafaker.NumberTest - Range -375 to 375 is 0.8716577540106952 percent unique.
[main] INFO com.github.javafaker.NumberTest - Range -400 to 400 is 0.88 percent unique.
[main] INFO com.github.javafaker.NumberTest - Range -425 to 425 is 0.9150943396226415 percent unique.
[main] INFO com.github.javafaker.NumberTest - Range -450 to 450 is 0.8933333333333333 percent unique.
[main] INFO com.github.javafaker.NumberTest - Range -475 to 475 is 0.8607594936708861 percent unique.
[main] INFO com.github.javafaker.NumberTest - Range -500 to 500 is 0.884 percent unique.
[main] INFO com.github.javafaker.NumberTest - Range -525 to 525 is 0.8702290076335878 percent unique.
[main] INFO com.github.javafaker.NumberTest - Range -550 to 550 is 0.8836363636363637 percent unique.
[main] INFO com.github.javafaker.NumberTest - Range -575 to 575 is 0.8571428571428571 percent unique.
[main] INFO com.github.javafaker.NumberTest - Range -600 to 600 is 0.8933333333333333 percent unique.
[main] INFO com.github.javafaker.NumberTest - Range -625 to 625 is 0.8942307692307693 percent unique.
[main] INFO com.github.javafaker.NumberTest - Range -650 to 650 is 0.8892307692307693 percent unique.
[main] INFO com.github.javafaker.NumberTest - Range -675 to 675 is 0.8694362017804155 percent unique.
[main] INFO com.github.javafaker.NumberTest - Range -700 to 700 is 0.9028571428571428 percent unique.
[main] INFO com.github.javafaker.NumberTest - Range -725 to 725 is 0.8977900552486188 percent unique.
[main] INFO com.github.javafaker.NumberTest - Range -750 to 750 is 0.8986666666666666 percent unique.
[main] INFO com.github.javafaker.NumberTest - Range -775 to 775 is 0.8785529715762274 percent unique.
[main] INFO com.github.javafaker.NumberTest - Range -800 to 800 is 0.89 percent unique.
[main] INFO com.github.javafaker.NumberTest - Range -825 to 825 is 0.8519417475728155 percent unique.
[main] INFO com.github.javafaker.NumberTest - Range -850 to 850 is 0.8752941176470588 percent unique.
[main] INFO com.github.javafaker.NumberTest - Range -875 to 875 is 0.8993135011441648 percent unique.
[main] INFO com.github.javafaker.NumberTest - Range -900 to 900 is 0.8822222222222222 percent unique.
[main] INFO com.github.javafaker.NumberTest - Range -925 to 925 is 0.8852813852813853 percent unique.
[main] INFO com.github.javafaker.NumberTest - Range -950 to 950 is 0.8673684210526316 percent unique.
[main] INFO com.github.javafaker.NumberTest - Range -975 to 975 is 0.8767967145790554 percent unique.
Tests run: 14, Failures: 0, Errors: 0, Skipped: 0, Time elapsed: 0.906 sec
Running com.github.javafaker.RandomFakerTest
Tests run: 4, Failures: 0, Errors: 0, Skipped: 0, Time elapsed: 0.241 sec
Running com.github.javafaker.ZeldaTest
Tests run: 2, Failures: 0, Errors: 0, Skipped: 0, Time elapsed: 0.057 sec
Running com.github.javafaker.CatTest
Tests run: 3, Failures: 0, Errors: 0, Skipped: 0, Time elapsed: 0.087 sec
Running com.github.javafaker.AddressTest
Tests run: 14, Failures: 0, Errors: 0, Skipped: 0, Time elapsed: 0.542 sec
Running com.github.javafaker.ArtistTest
Tests run: 1, Failures: 0, Errors: 0, Skipped: 0, Time elapsed: 0.029 sec
Running com.github.javafaker.LoremTest
Tests run: 14, Failures: 0, Errors: 0, Skipped: 0, Time elapsed: 0.421 sec
Running com.github.javafaker.CryptoTest
Tests run: 4, Failures: 0, Errors: 0, Skipped: 0, Time elapsed: 0.122 sec
Running com.github.javafaker.FakerTest
Tests run: 27, Failures: 0, Errors: 0, Skipped: 0, Time elapsed: 0.983 sec
Running com.github.javafaker.PokemonTest
Tests run: 2, Failures: 0, Errors: 0, Skipped: 0, Time elapsed: 0.06 sec
Running com.github.javafaker.service.FakeValuesServiceTest
Tests run: 22, Failures: 0, Errors: 0, Skipped: 0, Time elapsed: 1.457 sec
Running com.github.javafaker.service.RandomServiceTest
Tests run: 8, Failures: 0, Errors: 0, Skipped: 0, Time elapsed: 0.249 sec
Running com.github.javafaker.EducatorTest
Tests run: 4, Failures: 0, Errors: 0, Skipped: 0, Time elapsed: 0.12 sec
Running com.github.javafaker.BeerTest
Tests run: 5, Failures: 0, Errors: 0, Skipped: 0, Time elapsed: 0.155 sec
Running com.github.javafaker.DemographicTest
Tests run: 5, Failures: 0, Errors: 0, Skipped: 0, Time elapsed: 0.145 sec
Running com.github.javafaker.AncientTest
Tests run: 4, Failures: 0, Errors: 0, Skipped: 0, Time elapsed: 0.116 sec
Running com.github.javafaker.HipsterTest
Tests run: 1, Failures: 0, Errors: 0, Skipped: 0, Time elapsed: 0.029 sec
Running com.github.javafaker.FoodTest
Tests run: 3, Failures: 0, Errors: 0, Skipped: 0, Time elapsed: 0.091 sec
Running com.github.javafaker.NameTest
Tests run: 9, Failures: 0, Errors: 0, Skipped: 0, Time elapsed: 0.262 sec
Running com.github.javafaker.GameOfThronesTest
Tests run: 5, Failures: 0, Errors: 0, Skipped: 0, Time elapsed: 0.151 sec
Running com.github.javafaker.UniversityTest
Tests run: 3, Failures: 0, Errors: 0, Skipped: 0, Time elapsed: 0.087 sec
Running com.github.javafaker.BookTest
Tests run: 4, Failures: 0, Errors: 0, Skipped: 0, Time elapsed: 0.116 sec
Running com.github.javafaker.PhoneNumberTest
Tests run: 5, Failures: 0, Errors: 0, Skipped: 0, Time elapsed: 0.288 sec

Results :

Tests run: 348, Failures: 0, Errors: 0, Skipped: 0

[INFO] ------------------------------------------------------------------------
[INFO] BUILD SUCCESS
[INFO] ------------------------------------------------------------------------
[INFO] Total time: 25.269 s
[INFO] Finished at: 2019-08-20T16:14:23+08:00
[INFO] ------------------------------------------------------------------------
