[INFO] Scanning for projects...
[WARNING] 
[WARNING] Some problems were encountered while building the effective model for org.nlpcn:nlp-lang:jar:1.7.6
[WARNING] 'build.plugins.plugin.version' for org.apache.maven.plugins:maven-jar-plugin is missing. @ line 89, column 12
[WARNING] 'build.plugins.plugin.version' for org.apache.maven.plugins:maven-source-plugin is missing. @ line 100, column 12
[WARNING] 
[WARNING] It is highly recommended to fix these problems because they threaten the stability of your build.
[WARNING] 
[WARNING] For this reason, future Maven versions might no longer support building such malformed projects.
[WARNING] 
[INFO] 
[INFO] -------------------------< org.nlpcn:nlp-lang >-------------------------
[INFO] Building nlp-lang 1.7.6
[INFO] --------------------------------[ jar ]---------------------------------
Downloading from central: https://repo.maven.apache.org/maven2/org/apache/logging/log4j/log4j-api/2.5/log4j-api-2.5.pom
Progress (1): 2.5/8.1 kBProgress (1): 5.3/8.1 kBProgress (1): 8.0/8.1 kBProgress (1): 8.1 kB                        Downloaded from central: https://repo.maven.apache.org/maven2/org/apache/logging/log4j/log4j-api/2.5/log4j-api-2.5.pom (8.1 kB at 7.4 kB/s)
Downloading from central: https://repo.maven.apache.org/maven2/org/apache/logging/log4j/log4j/2.5/log4j-2.5.pom
Progress (1): 2.2/50 kBProgress (1): 5.0/50 kBProgress (1): 7.8/50 kBProgress (1): 11/50 kB Progress (1): 13/50 kBProgress (1): 16/50 kBProgress (1): 19/50 kBProgress (1): 21/50 kBProgress (1): 24/50 kBProgress (1): 27/50 kBProgress (1): 30/50 kBProgress (1): 32/50 kBProgress (1): 36/50 kBProgress (1): 40/50 kBProgress (1): 45/50 kBProgress (1): 49/50 kBProgress (1): 50 kB                      Downloaded from central: https://repo.maven.apache.org/maven2/org/apache/logging/log4j/log4j/2.5/log4j-2.5.pom (50 kB at 95 kB/s)
Downloading from central: https://repo.maven.apache.org/maven2/org/apache/logging/log4j/log4j-api/2.5/log4j-api-2.5.jar
Progress (1): 4.1/147 kBProgress (1): 7.7/147 kBProgress (1): 12/147 kB Progress (1): 16/147 kBProgress (1): 20/147 kBProgress (1): 24/147 kBProgress (1): 28/147 kBProgress (1): 32/147 kBProgress (1): 36/147 kBProgress (1): 40/147 kBProgress (1): 45/147 kBProgress (1): 49/147 kBProgress (1): 53/147 kBProgress (1): 57/147 kBProgress (1): 61/147 kBProgress (1): 65/147 kBProgress (1): 69/147 kBProgress (1): 73/147 kBProgress (1): 77/147 kBProgress (1): 81/147 kBProgress (1): 85/147 kBProgress (1): 90/147 kBProgress (1): 94/147 kBProgress (1): 98/147 kBProgress (1): 102/147 kBProgress (1): 106/147 kBProgress (1): 110/147 kBProgress (1): 114/147 kBProgress (1): 118/147 kBProgress (1): 122/147 kBProgress (1): 126/147 kBProgress (1): 131/147 kBProgress (1): 135/147 kBProgress (1): 139/147 kBProgress (1): 143/147 kBProgress (1): 147 kB                        Downloaded from central: https://repo.maven.apache.org/maven2/org/apache/logging/log4j/log4j-api/2.5/log4j-api-2.5.jar (147 kB at 272 kB/s)
[INFO] 
[INFO] --- maven-clean-plugin:2.5:clean (default-clean) @ nlp-lang ---
[INFO] 
[INFO] --- maven-dependency-plugin:2.8:list (default-cli) @ nlp-lang ---
[INFO] 
[INFO] The following files have been resolved:
[INFO]    commons-logging:commons-logging:jar:1.2:provided
[INFO]    log4j:log4j:jar:1.2.17:provided
[INFO]    org.hamcrest:hamcrest-core:jar:1.3:test
[INFO]    org.apache.logging.log4j:log4j-api:jar:2.5:provided
[INFO]    org.slf4j:slf4j-api:jar:1.7.7:provided
[INFO]    junit:junit:jar:4.12:test
[INFO] 
[INFO] 
[INFO] --- maven-resources-plugin:2.6:resources (default-resources) @ nlp-lang ---
[INFO] Using 'UTF-8' encoding to copy filtered resources.
[INFO] Copying 10 resources
[INFO] 
[INFO] --- maven-compiler-plugin:3.3:compile (default-compile) @ nlp-lang ---
[INFO] Changes detected - recompiling the module!
[INFO] Compiling 102 source files to /home/cgzhu/projects/gitslice/resources/facts/upgrade_jars_exp/_downloads/nlp-lang/target/classes
[INFO] /home/cgzhu/projects/gitslice/resources/facts/upgrade_jars_exp/_downloads/nlp-lang/src/main/java/org/nlpcn/commons/lang/index/MemoryIndex.java: Some input files use unchecked or unsafe operations.
[INFO] /home/cgzhu/projects/gitslice/resources/facts/upgrade_jars_exp/_downloads/nlp-lang/src/main/java/org/nlpcn/commons/lang/index/MemoryIndex.java: Recompile with -Xlint:unchecked for details.
[INFO] 
[INFO] --- maven-resources-plugin:2.6:testResources (default-testResources) @ nlp-lang ---
[INFO] Using 'UTF-8' encoding to copy filtered resources.
[INFO] Copying 5 resources
[INFO] 
[INFO] --- maven-compiler-plugin:3.3:testCompile (default-testCompile) @ nlp-lang ---
[INFO] Changes detected - recompiling the module!
[INFO] Compiling 20 source files to /home/cgzhu/projects/gitslice/resources/facts/upgrade_jars_exp/_downloads/nlp-lang/target/test-classes
[INFO] /home/cgzhu/projects/gitslice/resources/facts/upgrade_jars_exp/_downloads/nlp-lang/src/test/java/org/nlpcn/commons/lang/tire/splitWord/ObjTreeTest.java: /home/cgzhu/projects/gitslice/resources/facts/upgrade_jars_exp/_downloads/nlp-lang/src/test/java/org/nlpcn/commons/lang/tire/splitWord/ObjTreeTest.java uses unchecked or unsafe operations.
[INFO] /home/cgzhu/projects/gitslice/resources/facts/upgrade_jars_exp/_downloads/nlp-lang/src/test/java/org/nlpcn/commons/lang/tire/splitWord/ObjTreeTest.java: Recompile with -Xlint:unchecked for details.
[INFO] 
[INFO] --- maven-surefire-plugin:2.12.4:test (default-test) @ nlp-lang ---
[INFO] Surefire report directory: /home/cgzhu/projects/gitslice/resources/facts/upgrade_jars_exp/_downloads/nlp-lang/target/surefire-reports

-------------------------------------------------------
 T E S T S
-------------------------------------------------------
Running org.nlpcn.commons.lang.standardization.SentencesUtilTest
中国
123.1 你好。
123 hello word . hello word
Tests run: 1, Failures: 0, Errors: 0, Skipped: 0, Time elapsed: 0.033 sec
Running org.nlpcn.commons.lang.finger.FingerprintServiceTest
Tests run: 1, Failures: 0, Errors: 0, Skipped: 0, Time elapsed: 0.381 sec
Running org.nlpcn.commons.lang.finger.SimHashServiceTest
2478
1430
Tests run: 4, Failures: 0, Errors: 0, Skipped: 0, Time elapsed: 4.674 sec
Running org.nlpcn.commons.lang.dat.DATTest
Aug 20, 2019 4:47:33 PM org.nlpcn.commons.lang.dat.DATMaker maker
INFO: make basic tire begin !
Aug 20, 2019 4:47:33 PM org.nlpcn.commons.lang.dat.DATMaker maker
INFO: make basic tire over use time 102 ms
Aug 20, 2019 4:47:33 PM org.nlpcn.commons.lang.dat.DATMaker maker
INFO: make dat tire begin !
Aug 20, 2019 4:47:46 PM org.nlpcn.commons.lang.dat.DATMaker maker
INFO: make dat tire over use time 12896 ms! dat len is 241869! dat size is 111094
20013	中	88984	-1	2
load obj use time 59
111253	中国	65561	20013	1
load obj use time 145
Tests run: 1, Failures: 0, Errors: 0, Skipped: 0, Time elapsed: 16.972 sec
Running org.nlpcn.commons.lang.tire.splitWord.ForestTest
Tests run: 2, Failures: 0, Errors: 0, Skipped: 0, Time elapsed: 0.414 sec
Running org.nlpcn.commons.lang.tire.splitWord.ObjTreeTest
null
null
null
null
null
Tests run: 1, Failures: 0, Errors: 0, Skipped: 0, Time elapsed: 0 sec
Running org.nlpcn.commons.lang.tire.splitWord.LibraryTest
Tests run: 1, Failures: 0, Errors: 0, Skipped: 0, Time elapsed: 0.077 sec
Running org.nlpcn.commons.lang.tire.splitWord.SmartGetWordTest
android	3
java	3
中国	3
1
Tests run: 1, Failures: 0, Errors: 0, Skipped: 0, Time elapsed: 0 sec
Running org.nlpcn.commons.lang.util.WordWeightTest
{a=2.0, b=3.0, f=2.0}
{a=1.252762968495368, b=0.8472978603872037, f=1.252762968495368}
t1	{a=0.6428571428571429, b=7.041666666666667}
t2	{a=0.07142857142857142, b=0.5, f=10.88888888888889}
{a=2.0, b=3.0, c=1.0}
t1	{a=0.3333333333333333, b=5.761904761904762}
t2	{a=0.3333333333333333, b=0.06666666666666667, c=3.5714285714285716}
{a=1.0986122886681098, b=0.6931471805599453, c=1.791759469228055}
Tests run: 4, Failures: 0, Errors: 0, Skipped: 0, Time elapsed: 0.004 sec
Running org.nlpcn.commons.lang.util.WordAlertTest
az az az az 09•
Tests run: 1, Failures: 0, Errors: 0, Skipped: 0, Time elapsed: 0.102 sec
Running org.nlpcn.commons.lang.util.FileFinderTest
Tests run: 1, Failures: 0, Errors: 0, Skipped: 0, Time elapsed: 0.012 sec
Running org.nlpcn.commons.lang.util.StringUtilTest
true
hello ansjmy name is 
hello ansj hello kk 
'ansj','2134','123','123','123'
Tests run: 3, Failures: 0, Errors: 0, Skipped: 0, Time elapsed: 0.001 sec
Running org.nlpcn.commons.lang.util.IOUtilTest
Tests run: 1, Failures: 0, Errors: 0, Skipped: 0, Time elapsed: 0.003 sec
Running org.nlpcn.commons.lang.util.logging.NLPLoggerTest
 INFO [main] (NLPLoggerTest.java:10) - info hello nlpcn!
 WARN [main] (NLPLoggerTest.java:11) - warn hello nlpcn!
ERROR [main] (NLPLoggerTest.java:12) - error hello nlpcn!
DEBUG [main] (NLPLoggerTest.java:13) - debug hello nlpcn!
 WARN [main] (NLPLoggerTest.java:16) - warn hello nlpcn!
java.lang.Exception: ansj
	at org.nlpcn.commons.lang.util.logging.NLPLoggerTest.test(NLPLoggerTest.java:16)
	at sun.reflect.NativeMethodAccessorImpl.invoke0(Native Method)
	at sun.reflect.NativeMethodAccessorImpl.invoke(NativeMethodAccessorImpl.java:62)
	at sun.reflect.DelegatingMethodAccessorImpl.invoke(DelegatingMethodAccessorImpl.java:43)
	at java.lang.reflect.Method.invoke(Method.java:498)
	at org.junit.runners.model.FrameworkMethod$1.runReflectiveCall(FrameworkMethod.java:50)
	at org.junit.internal.runners.model.ReflectiveCallable.run(ReflectiveCallable.java:12)
	at org.junit.runners.model.FrameworkMethod.invokeExplosively(FrameworkMethod.java:47)
	at org.junit.internal.runners.statements.InvokeMethod.evaluate(InvokeMethod.java:17)
	at org.junit.runners.ParentRunner.runLeaf(ParentRunner.java:325)
	at org.junit.runners.BlockJUnit4ClassRunner.runChild(BlockJUnit4ClassRunner.java:78)
	at org.junit.runners.BlockJUnit4ClassRunner.runChild(BlockJUnit4ClassRunner.java:57)
	at org.junit.runners.ParentRunner$3.run(ParentRunner.java:290)
	at org.junit.runners.ParentRunner$1.schedule(ParentRunner.java:71)
	at org.junit.runners.ParentRunner.runChildren(ParentRunner.java:288)
	at org.junit.runners.ParentRunner.access$000(ParentRunner.java:58)
	at org.junit.runners.ParentRunner$2.evaluate(ParentRunner.java:268)
	at org.junit.runners.ParentRunner.run(ParentRunner.java:363)
	at org.apache.maven.surefire.junit4.JUnit4Provider.execute(JUnit4Provider.java:252)
	at org.apache.maven.surefire.junit4.JUnit4Provider.executeTestSet(JUnit4Provider.java:141)
	at org.apache.maven.surefire.junit4.JUnit4Provider.invoke(JUnit4Provider.java:112)
	at sun.reflect.NativeMethodAccessorImpl.invoke0(Native Method)
	at sun.reflect.NativeMethodAccessorImpl.invoke(NativeMethodAccessorImpl.java:62)
	at sun.reflect.DelegatingMethodAccessorImpl.invoke(DelegatingMethodAccessorImpl.java:43)
	at java.lang.reflect.Method.invoke(Method.java:498)
	at org.apache.maven.surefire.util.ReflectionUtils.invokeMethodWithArray(ReflectionUtils.java:189)
	at org.apache.maven.surefire.booter.ProviderFactory$ProviderProxy.invoke(ProviderFactory.java:165)
	at org.apache.maven.surefire.booter.ProviderFactory.invokeProvider(ProviderFactory.java:85)
	at org.apache.maven.surefire.booter.ForkedBooter.runSuitesInProcess(ForkedBooter.java:115)
	at org.apache.maven.surefire.booter.ForkedBooter.main(ForkedBooter.java:75)
ERROR [main] (NLPLoggerTest.java:17) - error hello nlpcn!
java.lang.Exception: ansj
	at org.nlpcn.commons.lang.util.logging.NLPLoggerTest.test(NLPLoggerTest.java:17)
	at sun.reflect.NativeMethodAccessorImpl.invoke0(Native Method)
	at sun.reflect.NativeMethodAccessorImpl.invoke(NativeMethodAccessorImpl.java:62)
	at sun.reflect.DelegatingMethodAccessorImpl.invoke(DelegatingMethodAccessorImpl.java:43)
	at java.lang.reflect.Method.invoke(Method.java:498)
	at org.junit.runners.model.FrameworkMethod$1.runReflectiveCall(FrameworkMethod.java:50)
	at org.junit.internal.runners.model.ReflectiveCallable.run(ReflectiveCallable.java:12)
	at org.junit.runners.model.FrameworkMethod.invokeExplosively(FrameworkMethod.java:47)
	at org.junit.internal.runners.statements.InvokeMethod.evaluate(InvokeMethod.java:17)
	at org.junit.runners.ParentRunner.runLeaf(ParentRunner.java:325)
	at org.junit.runners.BlockJUnit4ClassRunner.runChild(BlockJUnit4ClassRunner.java:78)
	at org.junit.runners.BlockJUnit4ClassRunner.runChild(BlockJUnit4ClassRunner.java:57)
	at org.junit.runners.ParentRunner$3.run(ParentRunner.java:290)
	at org.junit.runners.ParentRunner$1.schedule(ParentRunner.java:71)
	at org.junit.runners.ParentRunner.runChildren(ParentRunner.java:288)
	at org.junit.runners.ParentRunner.access$000(ParentRunner.java:58)
	at org.junit.runners.ParentRunner$2.evaluate(ParentRunner.java:268)
	at org.junit.runners.ParentRunner.run(ParentRunner.java:363)
	at org.apache.maven.surefire.junit4.JUnit4Provider.execute(JUnit4Provider.java:252)
	at org.apache.maven.surefire.junit4.JUnit4Provider.executeTestSet(JUnit4Provider.java:141)
	at org.apache.maven.surefire.junit4.JUnit4Provider.invoke(JUnit4Provider.java:112)
	at sun.reflect.NativeMethodAccessorImpl.invoke0(Native Method)
	at sun.reflect.NativeMethodAccessorImpl.invoke(NativeMethodAccessorImpl.java:62)
	at sun.reflect.DelegatingMethodAccessorImpl.invoke(DelegatingMethodAccessorImpl.java:43)
	at java.lang.reflect.Method.invoke(Method.java:498)
	at org.apache.maven.surefire.util.ReflectionUtils.invokeMethodWithArray(ReflectionUtils.java:189)
	at org.apache.maven.surefire.booter.ProviderFactory$ProviderProxy.invoke(ProviderFactory.java:165)
	at org.apache.maven.surefire.booter.ProviderFactory.invokeProvider(ProviderFactory.java:85)
	at org.apache.maven.surefire.booter.ForkedBooter.runSuitesInProcess(ForkedBooter.java:115)
	at org.apache.maven.surefire.booter.ForkedBooter.main(ForkedBooter.java:75)
DEBUG [main] (NLPLoggerTest.java:18) - debug hello nlpcn!
java.lang.Exception: ansj
	at org.nlpcn.commons.lang.util.logging.NLPLoggerTest.test(NLPLoggerTest.java:18)
	at sun.reflect.NativeMethodAccessorImpl.invoke0(Native Method)
	at sun.reflect.NativeMethodAccessorImpl.invoke(NativeMethodAccessorImpl.java:62)
	at sun.reflect.DelegatingMethodAccessorImpl.invoke(DelegatingMethodAccessorImpl.java:43)
	at java.lang.reflect.Method.invoke(Method.java:498)
	at org.junit.runners.model.FrameworkMethod$1.runReflectiveCall(FrameworkMethod.java:50)
	at org.junit.internal.runners.model.ReflectiveCallable.run(ReflectiveCallable.java:12)
	at org.junit.runners.model.FrameworkMethod.invokeExplosively(FrameworkMethod.java:47)
	at org.junit.internal.runners.statements.InvokeMethod.evaluate(InvokeMethod.java:17)
	at org.junit.runners.ParentRunner.runLeaf(ParentRunner.java:325)
	at org.junit.runners.BlockJUnit4ClassRunner.runChild(BlockJUnit4ClassRunner.java:78)
	at org.junit.runners.BlockJUnit4ClassRunner.runChild(BlockJUnit4ClassRunner.java:57)
	at org.junit.runners.ParentRunner$3.run(ParentRunner.java:290)
	at org.junit.runners.ParentRunner$1.schedule(ParentRunner.java:71)
	at org.junit.runners.ParentRunner.runChildren(ParentRunner.java:288)
	at org.junit.runners.ParentRunner.access$000(ParentRunner.java:58)
	at org.junit.runners.ParentRunner$2.evaluate(ParentRunner.java:268)
	at org.junit.runners.ParentRunner.run(ParentRunner.java:363)
	at org.apache.maven.surefire.junit4.JUnit4Provider.execute(JUnit4Provider.java:252)
	at org.apache.maven.surefire.junit4.JUnit4Provider.executeTestSet(JUnit4Provider.java:141)
	at org.apache.maven.surefire.junit4.JUnit4Provider.invoke(JUnit4Provider.java:112)
	at sun.reflect.NativeMethodAccessorImpl.invoke0(Native Method)
	at sun.reflect.NativeMethodAccessorImpl.invoke(NativeMethodAccessorImpl.java:62)
	at sun.reflect.DelegatingMethodAccessorImpl.invoke(DelegatingMethodAccessorImpl.java:43)
	at java.lang.reflect.Method.invoke(Method.java:498)
	at org.apache.maven.surefire.util.ReflectionUtils.invokeMethodWithArray(ReflectionUtils.java:189)
	at org.apache.maven.surefire.booter.ProviderFactory$ProviderProxy.invoke(ProviderFactory.java:165)
	at org.apache.maven.surefire.booter.ProviderFactory.invokeProvider(ProviderFactory.java:85)
	at org.apache.maven.surefire.booter.ForkedBooter.runSuitesInProcess(ForkedBooter.java:115)
	at org.apache.maven.surefire.booter.ForkedBooter.main(ForkedBooter.java:75)
Tests run: 1, Failures: 0, Errors: 0, Skipped: 0, Time elapsed: 0.008 sec
Running org.nlpcn.commons.lang.pinyin.PinyinTest
[zheng, pin, xing, huo, null, zheng, pin, xing, huo, null, ma, wan, dai, ma, null, ta, qi, shen, guan, shang, dian, nao, null, yong, gun, tang, de, kai, shui, wei, zi, ji, pao, zhi, yi, wan, teng, zhe, re, qi, de, lao, tan, suan, cai, mian, null, zhong, guo, de, cheng, xu, yuan, geng, pian, ai, la, shang, chuang, lian, null, zai, hei, an, zhong, xiang, shou, zhe, du, te, de, mei, shi, null, zhe, shi, xian, dai, gong, ye, gei, yi, tian, xin, ku, lao, zuo, de, ren, zui, hao, de, kui, zeng, null, nan, fang, yi, dai, sheng, zhang, de, cheng, xu, yuan, sui, ran, zai, jing, cheng, duo, nian, null, dan, reng, kou, wei, qing, dan, null, ta, men, wang, wang, bu, jia, liao, bao, null, you, lian, jia, zi, ran, tang, xia, de, re, lei, bu, chong, qia, dang, de, yan, fen, null, ta, men, xiang, xin, null, yong, zhe, zhong, fang, shi, null, neng, gou, mo, ping, si, kao, zhe, xian, zai, shi, bu, shi, guo, qu, xiang, yao, de, wei, lai, er, dai, lai, de, da, bu, fen, you, shang, null, xiao, li, de, fu, qin, zai, nian, qing, de, shi, hou, ye, shi, cong, ye, ye, shou, li, jie, shou, le, zu, chuan, de, dai, ma, null, bu, guo, ling, ren, jing, ya, de, shi, null, dao, le, xiao, li, zhe, yi, dai, null, hen, duo, dong, xi, dou, yi, shi, le, null, dan, shi, cheng, xu, yuan, ku, bi, de, wei, dao, bao, cun, de, shi, ru, ci, de, wan, zheng, null, null, jiu, zai, null, null, xiao, shi, zhi, qian, null, zui, xin, de, xu, qiu, cong, null, null, chu, chuan, lai, null, wei, le, de, dao, zhe, fen, zi, ran, de, kui, zeng, null, ma, nong, men, kai, ji, null, xie, ma, null, tiao, shi, null, chong, gou, null, si, ji, lun, hui, de, deng, dai, huan, lai, zhei, nan, de, de, feng, shou, shi, ke, null, ma, nong, zhi, dao, null, xu, qiu, de, bao, xian, qi, zhi, you, duan, duan, de, liang, tian, null, ma, nong, men, yao, yi, zui, kuai, de, su, du, dui, dai, ma, jin, xing, jing, zhi, de, jia, gong, null, ren, he, yi, ge, xu, qiu, dou, ke, neng, zai, null, null, xiao, shi, zhi, hou, shi, qu, yuan, ben, de, huo, li, null, bian, cheng, yi, wen, bu, zhi, de, la, ji, chuang, yi, null]
[zheng, pin, xing, huò, null, zheng, pin, xing, huò, null, mă, wán, dài, mă, null, tā, qi, shen, guān, shàng, diàn, năo, null, yòng, gŭn, tang, de, kāi, shuĭ, wéi, zì, jĭ, pào, zhì, yī, wăn, téng, zhe, rè, qì, de, lăo, tán, suān, cài, miàn, null, zhong, guo, de, cheng, xu, yuan, gèng, piān, ài, lā, shàng, chuāng, lián, null, zài, hēi, àn, zhōng, xiăng, shòu, zhè, du, te, de, mei, shi, null, zhe, shi, xiàn, dài, gōng, yè, gĕi, yī, tiān, xīn, kŭ, láo, zuò, de, ren, zui, hao, de, kuì, zèng, null, nan, fang, yī, dài, sheng, zhang, de, cheng, xu, yuan, suī, rán, zài, jīng, chéng, duō, nián, null, dàn, réng, kŏu, wèi, qīng, dàn, null, tā, men, wăng, wăng, bu, jia, liào, bāo, null, yóu, liăn, jiá, zì, rán, tăng, xia, de, rè, lèi, bŭ, chōng, qia, dang, de, yán, fēn, null, tā, men, xiang, xin, null, yòng, zhe, zhong, fang, shi, null, néng, gòu, mŏ, píng, si, kao, zhe, xiàn, zài, shi, bu, shi, guò, qù, xiăng, yao, de, wèi, lái, ér, dai, lai, de, da, bu, fen, yōu, shāng, null, xiăo, lĭ, de, fu, qin, zài, nian, qing, de, shí, hòu, yĕ, shì, cóng, yé, yé, shŏu, lĭ, jiē, shou, le, zu, chuan, de, dài, mă, null, bu, guo, lìng, rén, jīng, yà, de, shi, null, dao, le, xiăo, lĭ, zhe, yi, dai, null, hĕn, duō, dōng, xi, dou, yi, shi, le, null, dàn, shì, cheng, xu, yuan, kŭ, bī, de, wèi, dào, bao, cun, de, shì, ru, ci, de, wán, zhĕng, null, null, jiù, zài, null, null, xiăo, shí, zhī, qián, null, zui, xin, de, xū, qiú, cóng, null, null, chŭ, chuan, lai, null, wei, le, de, dao, zhe, fen, zi, ran, de, kuì, zèng, null, mă, nóng, men, kāi, jī, null, xiĕ, mă, null, tiao, shi, null, chong, gou, null, sì, jì, lún, huí, de, dĕng, dài, huàn, lai, zhei, nan, de, de, fēng, shōu, shí, kè, null, mă, nóng, zhī, dào, null, xū, qiu, de, bao, xian, qi, zhĭ, yŏu, duan, duan, de, liăng, tiān, null, mă, nóng, men, yào, yĭ, zuì, kuai, de, su, du, duì, dài, mă, jin, xing, jing, zhi, de, jiā, gōng, null, rèn, hé, yī, gè, xū, qiú, dou, ke, néng, zài, null, null, xiăo, shí, zhī, hòu, shī, qù, yuán, bĕn, de, huó, lì, null, biàn, chéng, yi, wen, bu, zhi, de, lā, jī, chuàng, yì, null]
[z, p, x, h, null, z, p, x, h, null, m, w, d, m, null, t, q, s, g, s, d, n, null, y, g, t, d, k, s, w, z, j, p, z, y, w, t, z, r, q, d, l, t, s, c, m, null, z, g, d, c, x, y, g, p, a, l, s, c, l, null, z, h, a, z, x, s, z, d, t, d, m, s, null, z, s, x, d, g, y, g, y, t, x, k, l, z, d, r, z, h, d, k, z, null, n, f, y, d, s, z, d, c, x, y, s, r, z, j, c, d, n, null, d, r, k, w, q, d, null, t, m, w, w, b, j, l, b, null, y, l, j, z, r, t, x, d, r, l, b, c, q, d, d, y, f, null, t, m, x, x, null, y, z, z, f, s, null, n, g, m, p, s, k, z, x, z, s, b, s, g, q, x, y, d, w, l, e, d, l, d, d, b, f, y, s, null, x, l, d, f, q, z, n, q, d, s, h, y, s, c, y, y, s, l, j, s, l, z, c, d, d, m, null, b, g, l, r, j, y, d, s, null, d, l, x, l, z, y, d, null, h, d, d, x, d, y, s, l, null, d, s, c, x, y, k, b, d, w, d, b, c, d, s, r, c, d, w, z, null, null, j, z, null, null, x, s, z, q, null, z, x, d, x, q, c, null, null, c, c, l, null, w, l, d, d, z, f, z, r, d, k, z, null, m, n, m, k, j, null, x, m, null, t, s, null, c, g, null, s, j, l, h, d, d, d, h, l, z, n, d, d, f, s, s, k, null, m, n, z, d, null, x, q, d, b, x, q, z, y, d, d, d, l, t, null, m, n, m, y, y, z, k, d, s, d, d, d, m, j, x, j, z, d, j, g, null, r, h, y, g, x, q, d, k, n, z, null, null, x, s, z, h, s, q, y, b, d, h, l, null, b, c, y, w, b, z, d, l, j, c, y, null]
[zheng, pin, xing, huo, null, zheng, pin, xing, huo, null, ma, wan, dai, ma, null, ta, qi, shen, guan, shang, dian, nao, null, yong, gun, tang, de, kai, shui, wei, zi, ji, pao, zhi, yi, wan, teng, zhe, re, qi, de, lao, tan, suan, cai, mian, null, zhong, guo, de, cheng, xu, yuan, geng, pian, ai, la, shang, chuang, lian, null, zai, hei, an, zhong, xiang, shou, zhe, du, te, de, mei, shi, null, zhe, shi, xian, dai, gong, ye, gei, yi, tian, xin, ku, lao, zuo, de, ren, zui, hao, de, kui, zeng, null, nan, fang, yi, dai, sheng, zhang, de, cheng, xu, yuan, sui, ran, zai, jing, cheng, duo, nian, null, dan, reng, kou, wei, qing, dan, null, ta, men, wang, wang, bu, jia, liao, bao, null, you, lian, jia, zi, ran, tang, xia, de, re, lei, bu, chong, qia, dang, de, yan, fen, null, ta, men, xiang, xin, null, yong, zhe, zhong, fang, shi, null, neng, gou, mo, ping, si, kao, zhe, xian, zai, shi, bu, shi, guo, qu, xiang, yao, de, wei, lai, er, dai, lai, de, da, bu, fen, you, shang, null, xiao, li, de, fu, qin, zai, nian, qing, de, shi, hou, ye, shi, cong, ye, ye, shou, li, jie, shou, le, zu, chuan, de, dai, ma, null, bu, guo, ling, ren, jing, ya, de, shi, null, dao, le, xiao, li, zhe, yi, dai, null, hen, duo, dong, xi, dou, yi, shi, le, null, dan, shi, cheng, xu, yuan, ku, bi, de, wei, dao, bao, cun, de, shi, ru, ci, de, wan, zheng, null, null, jiu, zai, null, null, xiao, shi, zhi, qian, null, zui, xin, de, xu, qiu, cong, null, null, chu, chuan, lai, null, wei, le, de, dao, zhe, fen, zi, ran, de, kui, zeng, null, ma, nong, men, kai, ji, null, xie, ma, null, tiao, shi, null, chong, gou, null, si, ji, lun, hui, de, deng, dai, huan, lai, zhei, nan, de, de, feng, shou, shi, ke, null, ma, nong, zhi, dao, null, xu, qiu, de, bao, xian, qi, zhi, you, duan, duan, de, liang, tian, null, ma, nong, men, yao, yi, zui, kuai, de, su, du, dui, dai, ma, jin, xing, jing, zhi, de, jia, gong, null, ren, he, yi, ge, xu, qiu, dou, ke, neng, zai, null, null, xiao, shi, zhi, hou, shi, qu, yuan, ben, de, huo, li, null, bian, cheng, yi, wen, bu, zhi, de, la, ji, chuang, yi, null]
result1:[zheng, pin, xing, huo4, null, zheng, pin, xing, huo4, null, ma3, wan2, dai4, ma3, null, ta1, qi, shen, guan1, shang4, dian4, nao3, null, yong4, gun3, tang, de, kai1, shui3, wei2, zi4, ji3, pao4, zhi4, yi1, wan3, teng2, zhe5, re4, qi4, de5, lao3, tan2, suan1, cai4, mian4, null, zhong, guo, de, cheng, xu, yuan, geng4, pian1, ai4, la1, shang4, chuang1, lian2, null, zai4, hei1, an4, zhong1, xiang3, shou4, zhe4, du, te, de, mei, shi, null, zhe, shi, xian4, dai4, gong1, ye4, gei3, yi1, tian1, xin1, ku3, lao2, zuo4, de, ren, zui, hao, de, kui4, zeng4, null, nan, fang, yi1, dai4, sheng, zhang, de, cheng, xu, yuan, sui1, ran2, zai4, jing1, cheng2, duo1, nian2, null, dan4, reng2, kou3, wei4, qing1, dan4, null, ta1, men5, wang3, wang3, bu, jia, liao4, bao1, null, you2, lian3, jia2, zi4, ran2, tang3, xia, de, re4, lei4, bu3, chong1, qia, dang, de, yan2, fen1, null, ta1, men5, xiang, xin, null, yong4, zhe, zhong, fang, shi, null, neng2, gou4, mo3, ping2, si, kao, zhe5, xian4, zai4, shi, bu, shi, guo4, qu4, xiang3, yao, de, wei4, lai2, er2, dai, lai, de, da, bu, fen, you1, shang1, null, xiao3, li3, de, fu, qin, zai4, nian, qing, de, shi2, hou4, ye3, shi4, cong2, ye2, ye2, shou3, li3, jie1, shou, le, zu, chuan, de5, dai4, ma3, null, bu, guo, ling4, ren2, jing1, ya4, de, shi, null, dao, le, xiao3, li3, zhe, yi, dai, null, hen3, duo1, dong1, xi, dou, yi, shi, le, null, dan4, shi4, cheng, xu, yuan, ku3, bi1, de5, wei4, dao4, bao, cun, de, shi4, ru, ci, de, wan2, zheng3, null, null, jiu4, zai4, null, null, xiao3, shi2, zhi1, qian2, null, zui, xin, de, xu1, qiu2, cong2, null, null, chu3, chuan, lai, null, wei, le, de, dao, zhe, fen, zi, ran, de, kui4, zeng4, null, ma3, nong2, men5, kai1, ji1, null, xie3, ma3, null, tiao, shi, null, chong, gou, null, si4, ji4, lun2, hui2, de5, deng3, dai4, huan4, lai, zhei, nan, de, de5, feng1, shou1, shi2, ke4, null, ma3, nong2, zhi1, dao4, null, xu1, qiu, de, bao, xian, qi, zhi3, you3, duan, duan, de, liang3, tian1, null, ma3, nong2, men5, yao4, yi3, zui4, kuai, de, su, du, dui4, dai4, ma3, jin, xing, jing, zhi, de, jia1, gong1, null, ren4, he2, yi1, ge4, xu1, qiu2, dou, ke, neng2, zai4, null, null, xiao3, shi2, zhi1, hou4, shi1, qu4, yuan2, ben3, de5, huo2, li4, null, bian4, cheng2, yi, wen, bu, zhi, de5, la1, ji1, chuang4, yi4, null]
result2:[zheng, pin, hang2, huo4, null, zheng, pin, hang2, huo4, null, ma3, wan2, dai4, ma3, null, ta1, qi, shen, guan1, shang4, dian4, nao3, null, yong4, gun3, tang, de, kai1, shui3, wei2, zi4, ji3, pao4, zhi4, yi1, wan3, teng2, zhe5, re4, qi4, de5, lao3, tan2, suan1, cai4, mian4, null, zhong, guo, de, cheng, xu, yuan, geng4, pian1, ai4, la1, shang4, chuang1, lian2, null, zai4, hei1, an4, zhong1, xiang3, shou4, zhe4, du, te, de, mei, shi, null, zhe, shi, xian4, dai4, gong1, ye4, gei3, yi1, tian1, xin1, ku3, lao2, zuo4, de, ren, zui, hao, de, kui4, zeng4, null, nan, fang, yi1, dai4, sheng, zhang, de, cheng, xu, yuan, sui1, ran2, zai4, jing1, cheng2, duo1, nian2, null, dan4, reng2, kou3, wei4, qing1, dan4, null, ta1, men5, wang3, wang3, bu, jia, liao4, bao1, null, you2, lian3, jia2, zi4, ran2, tang3, xia, de, re4, lei4, bu3, chong1, qia, dang, de, yan2, fen1, null, ta1, men5, xiang, xin, null, yong4, zhe, zhong, fang, shi, null, neng2, gou4, mo3, ping2, si, kao, zhe5, xian4, zai4, shi, bu, shi, guo4, qu4, xiang3, yao, de, wei4, lai2, er2, dai, lai, de, da, bu, fen, you1, shang1, null, xiao3, li3, de, fu, qin, zai4, nian, qing, de, shi2, hou4, ye3, shi4, cong2, ye2, ye2, shou3, li3, jie1, shou, le, zu, chuan, de5, dai4, ma3, null, bu, guo, ling4, ren2, jing1, ya4, de, shi, null, dao, le, xiao3, li3, zhe, yi, dai, null, hen3, duo1, dong1, xi, dou, yi, shi, le, null, dan4, shi4, cheng, xu, yuan, ku3, bi1, de5, wei4, dao4, bao, cun, de, shi4, ru, ci, de, wan2, zheng3, null, null, jiu4, zai4, null, null, xiao3, shi2, zhi1, qian2, null, zui, xin, de, xu1, qiu2, cong2, null, null, chu3, chuan, lai, null, wei, le, de, dao, zhe, fen, zi, ran, de, kui4, zeng4, null, ma3, nong2, men5, kai1, ji1, null, xie3, ma3, null, tiao, shi, null, chong, gou, null, si4, ji4, lun2, hui2, de5, deng3, dai4, huan4, lai, zhei, nan, de, de5, feng1, shou1, shi2, ke4, null, ma3, nong2, zhi1, dao4, null, xu1, qiu, de, bao, xian, qi, zhi3, you3, duan, duan, de, liang3, tian1, null, ma3, nong2, men5, yao4, yi3, zui4, kuai, de, su, du, dui4, dai4, ma3, jin, xing, jing, zhi, de, jia1, gong1, null, ren4, he2, yi1, ge4, xu1, qiu2, dou, ke, neng2, zai4, null, null, xiao3, shi2, zhi1, hou4, shi1, qu4, yuan2, ben3, de5, huo2, li4, null, bian4, cheng2, yi, wen, bu, zhi, de5, la1, ji1, chuang4, yi4, null]
[zheng, pin, háng, huò, null, zheng, pin, háng, huò, null, mă, wán, dài, mă, null, tā, qi, shen, guān, shàng, diàn, năo, null, yòng, gŭn, tang, de, kāi, shuĭ, wéi, zì, jĭ, pào, zhì, yī, wăn, téng, zhe, rè, qì, de, lăo, tán, suān, cài, miàn, null, zhong, guo, de, cheng, xu, yuan, gèng, piān, ài, lā, shàng, chuāng, lián, null, zài, hēi, àn, zhōng, xiăng, shòu, zhè, du, te, de, mei, shi, null, zhe, shi, xiàn, dài, gōng, yè, gĕi, yī, tiān, xīn, kŭ, láo, zuò, de, ren, zui, hao, de, kuì, zèng, null, nan, fang, yī, dài, sheng, zhang, de, cheng, xu, yuan, suī, rán, zài, jīng, chéng, duō, nián, null, dàn, réng, kŏu, wèi, qīng, dàn, null, tā, men, wăng, wăng, bu, jia, liào, bāo, null, yóu, liăn, jiá, zì, rán, tăng, xia, de, rè, lèi, bŭ, chōng, qia, dang, de, yán, fēn, null, tā, men, xiang, xin, null, yòng, zhe, zhong, fang, shi, null, néng, gòu, mŏ, píng, si, kao, zhe, xiàn, zài, shi, bu, shi, guò, qù, xiăng, yao, de, wèi, lái, ér, dai, lai, de, da, bu, fen, yōu, shāng, null, xiăo, lĭ, de, fu, qin, zài, nian, qing, de, shí, hòu, yĕ, shì, cóng, yé, yé, shŏu, lĭ, jiē, shou, le, zu, chuan, de, dài, mă, null, bu, guo, lìng, rén, jīng, yà, de, shi, null, dao, le, xiăo, lĭ, zhe, yi, dai, null, hĕn, duō, dōng, xi, dou, yi, shi, le, null, dàn, shì, cheng, xu, yuan, kŭ, bī, de, wèi, dào, bao, cun, de, shì, ru, ci, de, wán, zhĕng, null, null, jiù, zài, null, null, xiăo, shí, zhī, qián, null, zui, xin, de, xū, qiú, cóng, null, null, chŭ, chuan, lai, null, wei, le, de, dao, zhe, fen, zi, ran, de, kuì, zèng, null, mă, nóng, men, kāi, jī, null, xiĕ, mă, null, tiao, shi, null, chong, gou, null, sì, jì, lún, huí, de, dĕng, dài, huàn, lai, zhei, nan, de, de, fēng, shōu, shí, kè, null, mă, nóng, zhī, dào, null, xū, qiu, de, bao, xian, qi, zhĭ, yŏu, duan, duan, de, liăng, tiān, null, mă, nóng, men, yào, yĭ, zuì, kuai, de, su, du, duì, dài, mă, jin, xing, jing, zhi, de, jiā, gōng, null, rèn, hé, yī, gè, xū, qiú, dou, ke, néng, zài, null, null, xiăo, shí, zhī, hòu, shī, qù, yuán, bĕn, de, huó, lì, null, biàn, chéng, yi, wen, bu, zhi, de, lā, jī, chuàng, yì, null]
zheng pin háng huò NULL zheng pin háng huò NULL mă wán dài mă NULL tā qi shen guān shàng diàn năo NULL yòng gŭn tang de kāi shuĭ wéi zì jĭ pào zhì yī wăn téng zhe rè qì de lăo tán suān cài miàn NULL zhong guo de cheng xu yuan gèng piān ài lā shàng chuāng lián NULL zài hēi àn zhōng xiăng shòu zhè du te de mei shi NULL zhe shi xiàn dài gōng yè gĕi yī tiān xīn kŭ láo zuò de ren zui hao de kuì zèng NULL nan fang yī dài sheng zhang de cheng xu yuan suī rán zài jīng chéng duō nián NULL dàn réng kŏu wèi qīng dàn NULL tā men wăng wăng bu jia liào bāo NULL yóu liăn jiá zì rán tăng xia de rè lèi bŭ chōng qia dang de yán fēn NULL tā men xiang xin NULL yòng zhe zhong fang shi NULL néng gòu mŏ píng si kao zhe xiàn zài shi bu shi guò qù xiăng yao de wèi lái ér dai lai de da bu fen yōu shāng NULL xiăo lĭ de fu qin zài nian qing de shí hòu yĕ shì cóng yé yé shŏu lĭ jiē shou le zu chuan de dài mă NULL bu guo lìng rén jīng yà de shi NULL dao le xiăo lĭ zhe yi dai NULL hĕn duō dōng xi dou yi shi le NULL dàn shì cheng xu yuan kŭ bī de wèi dào bao cun de shì ru ci de wán zhĕng NULL NULL jiù zài NULL NULL xiăo shí zhī qián NULL zui xin de xū qiú cóng NULL NULL chŭ chuan lai NULL wei le de dao zhe fen zi ran de kuì zèng NULL mă nóng men kāi jī NULL xiĕ mă NULL tiao shi NULL chong gou NULL sì jì lún huí de dĕng dài huàn lai zhei nan de de fēng shōu shí kè NULL mă nóng zhī dào NULL xū qiu de bao xian qi zhĭ yŏu duan duan de liăng tiān NULL mă nóng men yào yĭ zuì kuai de su du duì dài mă jin xing jing zhi de jiā gōng NULL rèn hé yī gè xū qiú dou ke néng zài NULL NULL xiăo shí zhī hòu shī qù yuán bĕn de huó lì NULL biàn chéng yi wen bu zhi de lā jī chuàng yì NULL
zheng pin háng huò zheng pin háng huò mă wán dài mă tā qi shen guān shàng diàn năo yòng gŭn tang de kāi shuĭ wéi zì jĭ pào zhì yī wăn téng zhe rè qì de lăo tán suān cài miàn zhong guo de cheng xu yuan gèng piān ài lā shàng chuāng lián zài hēi àn zhōng xiăng shòu zhè du te de mei shi zhe shi xiàn dài gōng yè gĕi yī tiān xīn kŭ láo zuò de ren zui hao de kuì zèng nan fang yī dài sheng zhang de cheng xu yuan suī rán zài jīng chéng duō nián dàn réng kŏu wèi qīng dàn tā men wăng wăng bu jia liào bāo yóu liăn jiá zì rán tăng xia de rè lèi bŭ chōng qia dang de yán fēn tā men xiang xin yòng zhe zhong fang shi néng gòu mŏ píng si kao zhe xiàn zài shi bu shi guò qù xiăng yao de wèi lái ér dai lai de da bu fen yōu shāng xiăo lĭ de fu qin zài nian qing de shí hòu yĕ shì cóng yé yé shŏu lĭ jiē shou le zu chuan de dài mă bu guo lìng rén jīng yà de shi dao le xiăo lĭ zhe yi dai hĕn duō dōng xi dou yi shi le dàn shì cheng xu yuan kŭ bī de wèi dào bao cun de shì ru ci de wán zhĕng jiù zài xiăo shí zhī qián zui xin de xū qiú cóng chŭ chuan lai wei le de dao zhe fen zi ran de kuì zèng mă nóng men kāi jī xiĕ mă tiao shi chong gou sì jì lún huí de dĕng dài huàn lai zhei nan de de fēng shōu shí kè mă nóng zhī dào xū qiu de bao xian qi zhĭ yŏu duan duan de liăng tiān mă nóng men yào yĭ zuì kuai de su du duì dài mă jin xing jing zhi de jiā gōng rèn hé yī gè xū qiú dou ke néng zài xiăo shí zhī hòu shī qù yuán bĕn de huó lì biàn chéng yi wen bu zhi de lā jī chuàng yì
Tests run: 6, Failures: 0, Errors: 0, Skipped: 0, Time elapsed: 0.722 sec
Running org.nlpcn.commons.lang.jianfan.JianFanTest
厄瓜多尔
画像画像草莓草莓输入简体字,点下面繁体字按钮进行在线转换123
草莓草莓草莓輸入簡體字,點下面繁體字按鈕進行線上轉換123草莓
千坤
Tests run: 1, Failures: 0, Errors: 0, Skipped: 0, Time elapsed: 0.011 sec
Running org.nlpcn.commons.lang.index.MemoryIndexTest
[中国]
[中国]
[中国]
[中国]
init ok use time 1
Tests run: 1, Failures: 0, Errors: 0, Skipped: 0, Time elapsed: 0.002 sec

Results :

Tests run: 31, Failures: 0, Errors: 0, Skipped: 0

[INFO] ------------------------------------------------------------------------
[INFO] BUILD SUCCESS
[INFO] ------------------------------------------------------------------------
[INFO] Total time: 29.069 s
[INFO] Finished at: 2019-08-20T16:47:52+08:00
[INFO] ------------------------------------------------------------------------
