[VERSION]: 4.12
[INFO] Scanning for projects...
[INFO] 
[INFO] -------------------< org.apache.commons:commons-csv >-------------------
[INFO] Building Apache Commons CSV 1.5
[INFO] --------------------------------[ jar ]---------------------------------
[INFO] 
[INFO] --- maven-clean-plugin:3.0.0:clean (default-clean) @ commons-csv ---
[INFO] 
[INFO] --- maven-dependency-plugin:2.10:list (default-cli) @ commons-csv ---
[INFO] 
[INFO] The following files have been resolved:
[INFO]    commons-io:commons-io:jar:2.5:test
[INFO]    org.apache.commons:commons-lang3:jar:3.6:test
[INFO]    org.hamcrest:hamcrest-core:jar:1.3:test
[INFO]    com.h2database:h2:jar:1.4.196:test
[INFO]    junit:junit:jar:4.12:test
[INFO] 
[INFO] 
[INFO] --- maven-enforcer-plugin:1.4.1:enforce (enforce-maven-3) @ commons-csv ---
[INFO] 
[INFO] --- build-helper-maven-plugin:1.10:parse-version (parse-version) @ commons-csv ---
[INFO] 
[INFO] --- maven-antrun-plugin:1.8:run (javadoc.resources) @ commons-csv ---
[INFO] Executing tasks

main:
     [copy] Copying 2 files to /home/cgzhu/projects/gitslice/resources/facts/upgrade_jars_exp/_downloads/commons-csv/target/apidocs/META-INF
[INFO] Executed tasks
[INFO] 
[INFO] --- maven-remote-resources-plugin:1.5:process (process-resource-bundles) @ commons-csv ---
[INFO] 
[INFO] --- buildnumber-maven-plugin:1.4:create (default) @ commons-csv ---
[INFO] Executing: /bin/sh -c cd '/home/cgzhu/projects/gitslice/resources/facts/upgrade_jars_exp/_downloads/commons-csv' && 'git' 'rev-parse' '--verify' 'HEAD'
[INFO] Working directory: /home/cgzhu/projects/gitslice/resources/facts/upgrade_jars_exp/_downloads/commons-csv
[INFO] Storing buildNumber: f76a1357057cd3caaf9b0904d9cc57ce384658a3 at timestamp: 1565780827587
[WARNING] Cannot get the branch information from the git repository: 
Detecting the current branch failed: fatal: ref HEAD is not a symbolic ref

[INFO] Executing: /bin/sh -c cd '/home/cgzhu/projects/gitslice/resources/facts/upgrade_jars_exp/_downloads/commons-csv' && 'git' 'rev-parse' '--verify' 'HEAD'
[INFO] Working directory: /home/cgzhu/projects/gitslice/resources/facts/upgrade_jars_exp/_downloads/commons-csv
[INFO] Storing buildScmBranch: UNKNOWN
[INFO] 
[INFO] --- maven-resources-plugin:2.7:resources (default-resources) @ commons-csv ---
[INFO] Using 'UTF-8' encoding to copy filtered resources.
[INFO] skip non existing resourceDirectory /home/cgzhu/projects/gitslice/resources/facts/upgrade_jars_exp/_downloads/commons-csv/src/main/resources
[INFO] Copying 2 resources to META-INF
[INFO] 
[INFO] --- maven-compiler-plugin:3.6.0:compile (default-compile) @ commons-csv ---
[INFO] Changes detected - recompiling the module!
[INFO] Compiling 11 source files to /home/cgzhu/projects/gitslice/resources/facts/upgrade_jars_exp/_downloads/commons-csv/target/classes
[INFO] 
[INFO] --- maven-bundle-plugin:3.0.1:manifest (bundle-manifest) @ commons-csv ---
[INFO] 
[INFO] --- animal-sniffer-maven-plugin:1.15:check (checkAPIcompatibility) @ commons-csv ---
[INFO] Checking unresolved references to org.codehaus.mojo.signature:java17:1.0
[INFO] 
[INFO] --- maven-resources-plugin:2.7:testResources (default-testResources) @ commons-csv ---
[INFO] Using 'UTF-8' encoding to copy filtered resources.
[INFO] Copying 14 resources
[INFO] Copying 2 resources to META-INF
[INFO] 
[INFO] --- maven-compiler-plugin:3.6.0:testCompile (default-testCompile) @ commons-csv ---
[INFO] Changes detected - recompiling the module!
[INFO] Compiling 19 source files to /home/cgzhu/projects/gitslice/resources/facts/upgrade_jars_exp/_downloads/commons-csv/target/test-classes
[INFO] 
[INFO] --- jacoco-maven-plugin:0.7.7.201606060606:prepare-agent (prepare-agent) @ commons-csv ---
[INFO] argLine set to -javaagent:/home/cgzhu/.m2/repository/org/jacoco/org.jacoco.agent/0.7.7.201606060606/org.jacoco.agent-0.7.7.201606060606-runtime.jar=destfile=/home/cgzhu/projects/gitslice/resources/facts/upgrade_jars_exp/_downloads/commons-csv/target/jacoco.exec
[INFO] 
[INFO] --- maven-surefire-plugin:2.19.1:test (default-test) @ commons-csv ---

-------------------------------------------------------
 T E S T S
-------------------------------------------------------
Running org.apache.commons.csv.CSVRecordTest
Tests run: 17, Failures: 0, Errors: 0, Skipped: 0, Time elapsed: 0.049 sec - in org.apache.commons.csv.CSVRecordTest
Running org.apache.commons.csv.AssertionsTest
Tests run: 2, Failures: 0, Errors: 0, Skipped: 0, Time elapsed: 0.001 sec - in org.apache.commons.csv.AssertionsTest
Running org.apache.commons.csv.ExtendedBufferedReaderTest
Tests run: 5, Failures: 0, Errors: 0, Skipped: 0, Time elapsed: 0 sec - in org.apache.commons.csv.ExtendedBufferedReaderTest
Running org.apache.commons.csv.CSVParserTest
Tests run: 72, Failures: 0, Errors: 0, Skipped: 3, Time elapsed: 0.027 sec - in org.apache.commons.csv.CSVParserTest
Running org.apache.commons.csv.LexerTest
Tests run: 26, Failures: 0, Errors: 0, Skipped: 0, Time elapsed: 0.006 sec - in org.apache.commons.csv.LexerTest
Running org.apache.commons.csv.CSVFileParserTest
Tests run: 12, Failures: 0, Errors: 0, Skipped: 0, Time elapsed: 0.015 sec - in org.apache.commons.csv.CSVFileParserTest
Running org.apache.commons.csv.TokenMatchersTest
Tests run: 4, Failures: 0, Errors: 0, Skipped: 0, Time elapsed: 0 sec - in org.apache.commons.csv.TokenMatchersTest
Running org.apache.commons.csv.issues.JiraCsv203Test
Tests run: 7, Failures: 0, Errors: 0, Skipped: 0, Time elapsed: 0.001 sec - in org.apache.commons.csv.issues.JiraCsv203Test
Running org.apache.commons.csv.issues.JiraCsv164Test
Tests run: 2, Failures: 0, Errors: 0, Skipped: 0, Time elapsed: 0 sec - in org.apache.commons.csv.issues.JiraCsv164Test
Running org.apache.commons.csv.issues.JiraCsv198Test
Tests run: 1, Failures: 0, Errors: 0, Skipped: 0, Time elapsed: 0.303 sec - in org.apache.commons.csv.issues.JiraCsv198Test
Running org.apache.commons.csv.issues.JiraCsv167Test
Tests run: 1, Failures: 0, Errors: 0, Skipped: 0, Time elapsed: 0 sec - in org.apache.commons.csv.issues.JiraCsv167Test
Running org.apache.commons.csv.issues.JiraCsv213Test
Tests run: 1, Failures: 0, Errors: 0, Skipped: 1, Time elapsed: 0 sec - in org.apache.commons.csv.issues.JiraCsv213Test
Running org.apache.commons.csv.CSVPrinterTest
\N
\N
\N
\N
\N
\N
\N
\N
\N
\N
\N
\N
\N
\N
\N
\N
\N
\N
\N
\N
\N
\N
\N
[Ljava.lang.Object;@4ba89729
Tests run: 84, Failures: 0, Errors: 0, Skipped: 8, Time elapsed: 2.278 sec - in org.apache.commons.csv.CSVPrinterTest
Running org.apache.commons.csv.CSVFormatTest
Tests run: 55, Failures: 0, Errors: 0, Skipped: 0, Time elapsed: 0.036 sec - in org.apache.commons.csv.CSVFormatTest
Running org.apache.commons.csv.CSVFormatPredefinedTest
Tests run: 7, Failures: 0, Errors: 0, Skipped: 0, Time elapsed: 0 sec - in org.apache.commons.csv.CSVFormatPredefinedTest

Results :

Tests run: 296, Failures: 0, Errors: 0, Skipped: 12

[INFO] ------------------------------------------------------------------------
[INFO] BUILD SUCCESS
[INFO] ------------------------------------------------------------------------
[INFO] Total time: 6.473 s
[INFO] Finished at: 2019-08-14T19:07:12+08:00
[INFO] ------------------------------------------------------------------------
