[VERSION]: 2.4
[INFO] Scanning for projects...
Downloading from central: https://repo.maven.apache.org/maven2/org/apache/maven/plugins/maven-plugin-plugin/3.5/maven-plugin-plugin-3.5.pom
Progress (1): 2.2/15 kB
Progress (1): 5.0/15 kB
Progress (1): 7.8/15 kB
Progress (1): 11/15 kB 
Progress (1): 13/15 kB
Progress (1): 15 kB   
                   
Downloaded from central: https://repo.maven.apache.org/maven2/org/apache/maven/plugins/maven-plugin-plugin/3.5/maven-plugin-plugin-3.5.pom (15 kB at 12 kB/s)
Downloading from central: https://repo.maven.apache.org/maven2/org/apache/maven/plugins/maven-plugin-plugin/3.5/maven-plugin-plugin-3.5.jar
Progress (1): 2.2/54 kB
Progress (1): 5.0/54 kB
Progress (1): 7.7/54 kB
Progress (1): 10/54 kB 
Progress (1): 13/54 kB
Progress (1): 16/54 kB
Progress (1): 19/54 kB
Progress (1): 21/54 kB
Progress (1): 24/54 kB
Progress (1): 27/54 kB
Progress (1): 30/54 kB
Progress (1): 32/54 kB
Progress (1): 36/54 kB
Progress (1): 40/54 kB
Progress (1): 45/54 kB
Progress (1): 49/54 kB
Progress (1): 53/54 kB
Progress (1): 54 kB   
                   
Downloaded from central: https://repo.maven.apache.org/maven2/org/apache/maven/plugins/maven-plugin-plugin/3.5/maven-plugin-plugin-3.5.jar (54 kB at 99 kB/s)
Downloading from central: https://repo.maven.apache.org/maven2/org/apache/maven/plugins/maven-site-plugin/3.4/maven-site-plugin-3.4.pom
Progress (1): 2.8/20 kB
Progress (1): 5.5/20 kB
Progress (1): 8.3/20 kB
Progress (1): 11/20 kB 
Progress (1): 14/20 kB
Progress (1): 16/20 kB
Progress (1): 19/20 kB
Progress (1): 20 kB   
                   
Downloaded from central: https://repo.maven.apache.org/maven2/org/apache/maven/plugins/maven-site-plugin/3.4/maven-site-plugin-3.4.pom (20 kB at 55 kB/s)
Downloading from central: https://repo.maven.apache.org/maven2/org/apache/maven/plugins/maven-site-plugin/3.4/maven-site-plugin-3.4.jar
Progress (1): 2.2/127 kB
Progress (1): 5.0/127 kB
Progress (1): 7.7/127 kB
Progress (1): 10/127 kB 
Progress (1): 13/127 kB
Progress (1): 16/127 kB
Progress (1): 19/127 kB
Progress (1): 21/127 kB
Progress (1): 24/127 kB
Progress (1): 27/127 kB
Progress (1): 30/127 kB
Progress (1): 32/127 kB
Progress (1): 36/127 kB
Progress (1): 40/127 kB
Progress (1): 45/127 kB
Progress (1): 49/127 kB
Progress (1): 53/127 kB
Progress (1): 57/127 kB
Progress (1): 61/127 kB
Progress (1): 65/127 kB
Progress (1): 69/127 kB
Progress (1): 73/127 kB
Progress (1): 77/127 kB
Progress (1): 81/127 kB
Progress (1): 85/127 kB
Progress (1): 90/127 kB
Progress (1): 94/127 kB
Progress (1): 98/127 kB
Progress (1): 102/127 kB
Progress (1): 106/127 kB
Progress (1): 110/127 kB
Progress (1): 114/127 kB
Progress (1): 118/127 kB
Progress (1): 122/127 kB
Progress (1): 126/127 kB
Progress (1): 127 kB    
                    
Downloaded from central: https://repo.maven.apache.org/maven2/org/apache/maven/plugins/maven-site-plugin/3.4/maven-site-plugin-3.4.jar (127 kB at 216 kB/s)
[INFO] 
[INFO] --------------< pl.project13.maven:git-commit-id-plugin >---------------
[INFO] Building Git Commit Id Maven Plugin 2.2.4
[INFO] ----------------------------[ maven-plugin ]----------------------------
Downloading from central: https://repo.maven.apache.org/maven2/org/mockito/mockito-core/2.8.47/mockito-core-2.8.47.pom
Progress (1): 4.1/15 kB
Progress (1): 7.7/15 kB
Progress (1): 12/15 kB 
Progress (1): 15 kB   
                   
Downloaded from central: https://repo.maven.apache.org/maven2/org/mockito/mockito-core/2.8.47/mockito-core-2.8.47.pom (15 kB at 40 kB/s)
Downloading from central: https://repo.maven.apache.org/maven2/net/bytebuddy/byte-buddy/1.6.14/byte-buddy-1.6.14.pom
Progress (1): 4.1/12 kB
Progress (1): 7.7/12 kB
Progress (1): 12/12 kB 
Progress (1): 12 kB   
                   
Downloaded from central: https://repo.maven.apache.org/maven2/net/bytebuddy/byte-buddy/1.6.14/byte-buddy-1.6.14.pom (12 kB at 32 kB/s)
Downloading from central: https://repo.maven.apache.org/maven2/net/bytebuddy/byte-buddy-parent/1.6.14/byte-buddy-parent-1.6.14.pom
Progress (1): 4.1/26 kB
Progress (1): 7.7/26 kB
Progress (1): 12/26 kB 
Progress (1): 16/26 kB
Progress (1): 20/26 kB
Progress (1): 24/26 kB
Progress (1): 26 kB   
                   
Downloaded from central: https://repo.maven.apache.org/maven2/net/bytebuddy/byte-buddy-parent/1.6.14/byte-buddy-parent-1.6.14.pom (26 kB at 70 kB/s)
Downloading from central: https://repo.maven.apache.org/maven2/net/bytebuddy/byte-buddy-agent/1.6.14/byte-buddy-agent-1.6.14.pom
Progress (1): 2.8/4.5 kB
Progress (1): 4.5 kB    
                    
Downloaded from central: https://repo.maven.apache.org/maven2/net/bytebuddy/byte-buddy-agent/1.6.14/byte-buddy-agent-1.6.14.pom (4.5 kB at 12 kB/s)
Downloading from central: https://repo.maven.apache.org/maven2/org/objenesis/objenesis/2.5/objenesis-2.5.pom
Progress (1): 2.2/2.8 kB
Progress (1): 2.8 kB    
                    
Downloaded from central: https://repo.maven.apache.org/maven2/org/objenesis/objenesis/2.5/objenesis-2.5.pom (2.8 kB at 7.6 kB/s)
Downloading from central: https://repo.maven.apache.org/maven2/org/objenesis/objenesis-parent/2.5/objenesis-parent-2.5.pom
Progress (1): 2.2/17 kB
Progress (1): 5.0/17 kB
Progress (1): 7.8/17 kB
Progress (1): 11/17 kB 
Progress (1): 13/17 kB
Progress (1): 16/17 kB
Progress (1): 17 kB   
                   
Downloaded from central: https://repo.maven.apache.org/maven2/org/objenesis/objenesis-parent/2.5/objenesis-parent-2.5.pom (17 kB at 44 kB/s)
Downloading from central: https://repo.maven.apache.org/maven2/pl/pragmatists/JUnitParams/1.0.4/JUnitParams-1.0.4.pom
Progress (1): 2.8/8.2 kB
Progress (1): 5.5/8.2 kB
Progress (1): 8.2 kB    
                    
Downloaded from central: https://repo.maven.apache.org/maven2/pl/pragmatists/JUnitParams/1.0.4/JUnitParams-1.0.4.pom (8.2 kB at 23 kB/s)
Downloading from central: https://repo.maven.apache.org/maven2/com/github/stefanbirkner/system-rules/1.16.0/system-rules-1.16.0.pom
Progress (1): 2.2/2.3 kB
Progress (1): 2.3 kB    
                    
Downloaded from central: https://repo.maven.apache.org/maven2/com/github/stefanbirkner/system-rules/1.16.0/system-rules-1.16.0.pom (2.3 kB at 6.3 kB/s)
Downloading from central: https://repo.maven.apache.org/maven2/junit/junit-dep/maven-metadata.xml
Downloading from sonatype-nexus-snapshots: https://oss.sonatype.org/content/repositories/snapshots/junit/junit-dep/maven-metadata.xml
Progress (1): 563 B
                   
Downloaded from central: https://repo.maven.apache.org/maven2/junit/junit-dep/maven-metadata.xml (563 B at 1.5 kB/s)
Downloading from central: https://repo.maven.apache.org/maven2/org/slf4j/slf4j-simple/1.7.13/slf4j-simple-1.7.13.pom
Progress (1): 793 B
                   
Downloaded from central: https://repo.maven.apache.org/maven2/org/slf4j/slf4j-simple/1.7.13/slf4j-simple-1.7.13.pom (793 B at 2.2 kB/s)
Downloading from central: https://repo.maven.apache.org/maven2/org/mockito/mockito-core/2.8.47/mockito-core-2.8.47.jar
Downloading from central: https://repo.maven.apache.org/maven2/pl/pragmatists/JUnitParams/1.0.4/JUnitParams-1.0.4.jar
Downloading from central: https://repo.maven.apache.org/maven2/org/objenesis/objenesis/2.5/objenesis-2.5.jar
Downloading from central: https://repo.maven.apache.org/maven2/net/bytebuddy/byte-buddy-agent/1.6.14/byte-buddy-agent-1.6.14.jar
Downloading from central: https://repo.maven.apache.org/maven2/net/bytebuddy/byte-buddy/1.6.14/byte-buddy-1.6.14.jar
Progress (1): 2.2/535 kB
Progress (1): 5.0/535 kB
Progress (1): 7.7/535 kB
Progress (1): 10/535 kB 
Progress (1): 13/535 kB
Progress (1): 16/535 kB
Progress (1): 19/535 kB
Progress (1): 21/535 kB
Progress (1): 24/535 kB
Progress (1): 27/535 kB
Progress (1): 30/535 kB
Progress (1): 32/535 kB
Progress (1): 36/535 kB
Progress (1): 40/535 kB
Progress (1): 45/535 kB
Progress (1): 49/535 kB
Progress (1): 53/535 kB
Progress (1): 57/535 kB
Progress (1): 61/535 kB
Progress (1): 65/535 kB
Progress (1): 69/535 kB
Progress (1): 73/535 kB
Progress (1): 77/535 kB
Progress (1): 81/535 kB
Progress (1): 85/535 kB
Progress (1): 90/535 kB
Progress (1): 94/535 kB
Progress (1): 98/535 kB
Progress (1): 102/535 kB
Progress (1): 106/535 kB
Progress (1): 110/535 kB
Progress (1): 114/535 kB
Progress (1): 118/535 kB
Progress (1): 122/535 kB
Progress (1): 126/535 kB
Progress (1): 131/535 kB
Progress (1): 135/535 kB
Progress (1): 139/535 kB
Progress (1): 143/535 kB
Progress (1): 147/535 kB
Progress (1): 151/535 kB
Progress (1): 155/535 kB
Progress (1): 159/535 kB
Progress (1): 163/535 kB
Progress (1): 167/535 kB
Progress (1): 171/535 kB
Progress (1): 176/535 kB
Progress (1): 180/535 kB
Progress (1): 184/535 kB
Progress (1): 188/535 kB
Progress (1): 192/535 kB
Progress (1): 196/535 kB
Progress (1): 200/535 kB
Progress (1): 204/535 kB
Progress (1): 208/535 kB
Progress (1): 212/535 kB
Progress (1): 217/535 kB
Progress (1): 221/535 kB
Progress (1): 225/535 kB
Progress (1): 229/535 kB
Progress (1): 233/535 kB
Progress (1): 237/535 kB
Progress (1): 241/535 kB
Progress (1): 245/535 kB
Progress (1): 249/535 kB
Progress (1): 253/535 kB
Progress (1): 258/535 kB
Progress (1): 262/535 kB
Progress (1): 266/535 kB
Progress (1): 270/535 kB
Progress (1): 274/535 kB
Progress (1): 278/535 kB
Progress (1): 282/535 kB
Progress (1): 286/535 kB
Progress (1): 290/535 kB
Progress (1): 294/535 kB
Progress (1): 298/535 kB
Progress (1): 303/535 kB
Progress (1): 307/535 kB
Progress (1): 311/535 kB
Progress (1): 315/535 kB
Progress (1): 319/535 kB
Progress (1): 323/535 kB
Progress (1): 327/535 kB
Progress (1): 331/535 kB
Progress (1): 335/535 kB
Progress (1): 339/535 kB
Progress (1): 344/535 kB
Progress (1): 348/535 kB
Progress (1): 352/535 kB
Progress (1): 356/535 kB
Progress (1): 360/535 kB
Progress (1): 364/535 kB
Progress (1): 368/535 kB
Progress (1): 372/535 kB
Progress (1): 376/535 kB
Progress (1): 380/535 kB
Progress (1): 384/535 kB
Progress (1): 389/535 kB
Progress (1): 393/535 kB
Progress (1): 397/535 kB
Progress (1): 401/535 kB
Progress (1): 401/535 kB
Progress (1): 406/535 kB
Progress (1): 410/535 kB
Progress (1): 414/535 kB
Progress (1): 418/535 kB
Progress (1): 422/535 kB
Progress (1): 426/535 kB
Progress (1): 430/535 kB
Progress (1): 434/535 kB
Progress (1): 438/535 kB
Progress (1): 442/535 kB
Progress (1): 447/535 kB
Progress (1): 451/535 kB
Progress (1): 455/535 kB
Progress (1): 459/535 kB
Progress (1): 463/535 kB
Progress (1): 467/535 kB
Progress (1): 471/535 kB
Progress (1): 475/535 kB
Progress (1): 479/535 kB
Progress (1): 483/535 kB
Progress (1): 487/535 kB
Progress (1): 492/535 kB
Progress (1): 496/535 kB
Progress (1): 500/535 kB
Progress (1): 504/535 kB
Progress (1): 508/535 kB
Progress (1): 512/535 kB
Progress (1): 516/535 kB
Progress (1): 520/535 kB
Progress (1): 524/535 kB
Progress (1): 528/535 kB
Progress (1): 533/535 kB
Progress (1): 535 kB    
Progress (2): 535 kB | 2.2/54 kB
Progress (2): 535 kB | 5.0/54 kB
Progress (2): 535 kB | 7.7/54 kB
Progress (2): 535 kB | 10/54 kB 
Progress (2): 535 kB | 13/54 kB
                               
Downloaded from central: https://repo.maven.apache.org/maven2/org/mockito/mockito-core/2.8.47/mockito-core-2.8.47.jar (535 kB at 933 kB/s)
Progress (2): 13/54 kB | 2.2/43 kB
                                  
Downloading from central: https://repo.maven.apache.org/maven2/com/github/stefanbirkner/system-rules/1.16.0/system-rules-1.16.0.jar
Progress (2): 13/54 kB | 5.0/43 kB
Progress (2): 13/54 kB | 7.7/43 kB
Progress (2): 13/54 kB | 10/43 kB 
Progress (2): 13/54 kB | 13/43 kB
Progress (3): 13/54 kB | 13/43 kB | 2.2/43 kB
Progress (3): 13/54 kB | 13/43 kB | 5.0/43 kB
Progress (3): 13/54 kB | 13/43 kB | 7.7/43 kB
Progress (4): 13/54 kB | 13/43 kB | 7.7/43 kB | 0/2.8 MB
Progress (4): 13/54 kB | 13/43 kB | 10/43 kB | 0/2.8 MB 
Progress (4): 13/54 kB | 13/43 kB | 10/43 kB | 0/2.8 MB
Progress (4): 13/54 kB | 13/43 kB | 13/43 kB | 0/2.8 MB
Progress (4): 13/54 kB | 13/43 kB | 13/43 kB | 0/2.8 MB
Progress (4): 13/54 kB | 13/43 kB | 13/43 kB | 0/2.8 MB
Progress (4): 13/54 kB | 13/43 kB | 13/43 kB | 0/2.8 MB
Progress (4): 16/54 kB | 13/43 kB | 13/43 kB | 0/2.8 MB
Progress (4): 19/54 kB | 13/43 kB | 13/43 kB | 0/2.8 MB
Progress (4): 21/54 kB | 13/43 kB | 13/43 kB | 0/2.8 MB
Progress (4): 24/54 kB | 13/43 kB | 13/43 kB | 0/2.8 MB
Progress (4): 27/54 kB | 13/43 kB | 13/43 kB | 0/2.8 MB
Progress (4): 30/54 kB | 13/43 kB | 13/43 kB | 0/2.8 MB
Progress (4): 32/54 kB | 13/43 kB | 13/43 kB | 0/2.8 MB
Progress (5): 32/54 kB | 13/43 kB | 13/43 kB | 0/2.8 MB | 4.1/37 kB
Progress (5): 32/54 kB | 13/43 kB | 13/43 kB | 0/2.8 MB | 7.7/37 kB
Progress (5): 32/54 kB | 13/43 kB | 13/43 kB | 0/2.8 MB | 12/37 kB 
Progress (5): 32/54 kB | 13/43 kB | 13/43 kB | 0/2.8 MB | 16/37 kB
Progress (5): 32/54 kB | 16/43 kB | 13/43 kB | 0/2.8 MB | 16/37 kB
Progress (5): 32/54 kB | 19/43 kB | 13/43 kB | 0/2.8 MB | 16/37 kB
Progress (5): 32/54 kB | 21/43 kB | 13/43 kB | 0/2.8 MB | 16/37 kB
Progress (5): 32/54 kB | 21/43 kB | 13/43 kB | 0/2.8 MB | 20/37 kB
Progress (5): 32/54 kB | 24/43 kB | 13/43 kB | 0/2.8 MB | 20/37 kB
Progress (5): 32/54 kB | 24/43 kB | 13/43 kB | 0/2.8 MB | 24/37 kB
Progress (5): 32/54 kB | 27/43 kB | 13/43 kB | 0/2.8 MB | 24/37 kB
Progress (5): 32/54 kB | 27/43 kB | 13/43 kB | 0/2.8 MB | 28/37 kB
Progress (5): 32/54 kB | 30/43 kB | 13/43 kB | 0/2.8 MB | 28/37 kB
Progress (5): 32/54 kB | 30/43 kB | 13/43 kB | 0/2.8 MB | 32/37 kB
Progress (5): 32/54 kB | 32/43 kB | 13/43 kB | 0/2.8 MB | 32/37 kB
Progress (5): 32/54 kB | 32/43 kB | 13/43 kB | 0/2.8 MB | 36/37 kB
Progress (5): 32/54 kB | 32/43 kB | 16/43 kB | 0/2.8 MB | 36/37 kB
Progress (5): 32/54 kB | 32/43 kB | 16/43 kB | 0/2.8 MB | 37 kB   
Progress (5): 32/54 kB | 32/43 kB | 19/43 kB | 0/2.8 MB | 37 kB
Progress (5): 32/54 kB | 32/43 kB | 21/43 kB | 0/2.8 MB | 37 kB
Progress (5): 32/54 kB | 32/43 kB | 21/43 kB | 0/2.8 MB | 37 kB
Progress (5): 32/54 kB | 32/43 kB | 24/43 kB | 0/2.8 MB | 37 kB
Progress (5): 32/54 kB | 32/43 kB | 24/43 kB | 0/2.8 MB | 37 kB
Progress (5): 32/54 kB | 32/43 kB | 27/43 kB | 0/2.8 MB | 37 kB
Progress (5): 32/54 kB | 32/43 kB | 27/43 kB | 0/2.8 MB | 37 kB
Progress (5): 32/54 kB | 32/43 kB | 30/43 kB | 0/2.8 MB | 37 kB
Progress (5): 32/54 kB | 32/43 kB | 30/43 kB | 0/2.8 MB | 37 kB
Progress (5): 32/54 kB | 32/43 kB | 32/43 kB | 0/2.8 MB | 37 kB
Progress (5): 32/54 kB | 32/43 kB | 32/43 kB | 0/2.8 MB | 37 kB
Progress (5): 32/54 kB | 32/43 kB | 32/43 kB | 0/2.8 MB | 37 kB
Progress (5): 32/54 kB | 32/43 kB | 32/43 kB | 0/2.8 MB | 37 kB
Progress (5): 36/54 kB | 32/43 kB | 32/43 kB | 0/2.8 MB | 37 kB
Progress (5): 40/54 kB | 32/43 kB | 32/43 kB | 0/2.8 MB | 37 kB
Progress (5): 45/54 kB | 32/43 kB | 32/43 kB | 0/2.8 MB | 37 kB
Progress (5): 49/54 kB | 32/43 kB | 32/43 kB | 0/2.8 MB | 37 kB
Progress (5): 53/54 kB | 32/43 kB | 32/43 kB | 0/2.8 MB | 37 kB
Progress (5): 54 kB | 32/43 kB | 32/43 kB | 0/2.8 MB | 37 kB   
Progress (5): 54 kB | 36/43 kB | 32/43 kB | 0/2.8 MB | 37 kB
                                                            
Downloaded from central: https://repo.maven.apache.org/maven2/com/github/stefanbirkner/system-rules/1.16.0/system-rules-1.16.0.jar (37 kB at 39 kB/s)
Progress (4): 54 kB | 40/43 kB | 32/43 kB | 0/2.8 MB
                                                    
Downloading from central: https://repo.maven.apache.org/maven2/org/slf4j/slf4j-simple/1.7.13/slf4j-simple-1.7.13.jar
Progress (4): 54 kB | 43 kB | 32/43 kB | 0/2.8 MB
Progress (4): 54 kB | 43 kB | 36/43 kB | 0/2.8 MB
Progress (4): 54 kB | 43 kB | 40/43 kB | 0/2.8 MB
Progress (4): 54 kB | 43 kB | 43 kB | 0/2.8 MB   
Progress (4): 54 kB | 43 kB | 43 kB | 0/2.8 MB
Progress (4): 54 kB | 43 kB | 43 kB | 0/2.8 MB
Progress (4): 54 kB | 43 kB | 43 kB | 0/2.8 MB
Progress (4): 54 kB | 43 kB | 43 kB | 0/2.8 MB
Progress (4): 54 kB | 43 kB | 43 kB | 0.1/2.8 MB
Progress (4): 54 kB | 43 kB | 43 kB | 0.1/2.8 MB
Progress (4): 54 kB | 43 kB | 43 kB | 0.1/2.8 MB
Progress (4): 54 kB | 43 kB | 43 kB | 0.1/2.8 MB
Progress (4): 54 kB | 43 kB | 43 kB | 0.1/2.8 MB
Progress (4): 54 kB | 43 kB | 43 kB | 0.1/2.8 MB
Progress (4): 54 kB | 43 kB | 43 kB | 0.1/2.8 MB
Progress (4): 54 kB | 43 kB | 43 kB | 0.1/2.8 MB
                                                
Downloaded from central: https://repo.maven.apache.org/maven2/org/objenesis/objenesis/2.5/objenesis-2.5.jar (54 kB at 50 kB/s)
Downloaded from central: https://repo.maven.apache.org/maven2/net/bytebuddy/byte-buddy-agent/1.6.14/byte-buddy-agent-1.6.14.jar (43 kB at 38 kB/s)
Progress (2): 43 kB | 0.1/2.8 MB
Progress (2): 43 kB | 0.1/2.8 MB
Progress (2): 43 kB | 0.1/2.8 MB
Progress (2): 43 kB | 0.1/2.8 MB
Progress (3): 43 kB | 0.1/2.8 MB | 4.1/11 kB
Progress (3): 43 kB | 0.1/2.8 MB | 7.7/11 kB
Progress (3): 43 kB | 0.1/2.8 MB | 11 kB    
                                        
Downloaded from central: https://repo.maven.apache.org/maven2/pl/pragmatists/JUnitParams/1.0.4/JUnitParams-1.0.4.jar (43 kB at 38 kB/s)
Progress (2): 0.1/2.8 MB | 11 kB
Progress (2): 0.1/2.8 MB | 11 kB
Progress (2): 0.1/2.8 MB | 11 kB
Progress (2): 0.1/2.8 MB | 11 kB
Progress (2): 0.1/2.8 MB | 11 kB
Progress (2): 0.1/2.8 MB | 11 kB
Progress (2): 0.1/2.8 MB | 11 kB
Progress (2): 0.1/2.8 MB | 11 kB
Progress (2): 0.1/2.8 MB | 11 kB
Progress (2): 0.1/2.8 MB | 11 kB
Progress (2): 0.1/2.8 MB | 11 kB
Progress (2): 0.1/2.8 MB | 11 kB
Progress (2): 0.2/2.8 MB | 11 kB
Progress (2): 0.2/2.8 MB | 11 kB
Progress (2): 0.2/2.8 MB | 11 kB
Progress (2): 0.2/2.8 MB | 11 kB
Progress (2): 0.2/2.8 MB | 11 kB
Progress (2): 0.2/2.8 MB | 11 kB
Progress (2): 0.2/2.8 MB | 11 kB
Progress (2): 0.2/2.8 MB | 11 kB
Progress (2): 0.2/2.8 MB | 11 kB
Progress (2): 0.2/2.8 MB | 11 kB
Progress (2): 0.2/2.8 MB | 11 kB
Progress (2): 0.2/2.8 MB | 11 kB
Progress (2): 0.2/2.8 MB | 11 kB
Progress (2): 0.2/2.8 MB | 11 kB
Progress (2): 0.2/2.8 MB | 11 kB
Progress (2): 0.2/2.8 MB | 11 kB
Progress (2): 0.2/2.8 MB | 11 kB
Progress (2): 0.2/2.8 MB | 11 kB
Progress (2): 0.2/2.8 MB | 11 kB
Progress (2): 0.2/2.8 MB | 11 kB
Progress (2): 0.2/2.8 MB | 11 kB
Progress (2): 0.2/2.8 MB | 11 kB
Progress (2): 0.2/2.8 MB | 11 kB
                                
Downloaded from central: https://repo.maven.apache.org/maven2/org/slf4j/slf4j-simple/1.7.13/slf4j-simple-1.7.13.jar (11 kB at 7.9 kB/s)
Progress (1): 0.2/2.8 MB
Progress (1): 0.2/2.8 MB
Progress (1): 0.3/2.8 MB
Progress (1): 0.3/2.8 MB
Progress (1): 0.3/2.8 MB
Progress (1): 0.3/2.8 MB
Progress (1): 0.3/2.8 MB
Progress (1): 0.3/2.8 MB
Progress (1): 0.3/2.8 MB
Progress (1): 0.3/2.8 MB
Progress (1): 0.3/2.8 MB
Progress (1): 0.3/2.8 MB
Progress (1): 0.3/2.8 MB
Progress (1): 0.3/2.8 MB
Progress (1): 0.3/2.8 MB
Progress (1): 0.3/2.8 MB
Progress (1): 0.3/2.8 MB
Progress (1): 0.3/2.8 MB
Progress (1): 0.3/2.8 MB
Progress (1): 0.3/2.8 MB
Progress (1): 0.3/2.8 MB
Progress (1): 0.3/2.8 MB
Progress (1): 0.3/2.8 MB
Progress (1): 0.3/2.8 MB
Progress (1): 0.3/2.8 MB
Progress (1): 0.3/2.8 MB
Progress (1): 0.4/2.8 MB
Progress (1): 0.4/2.8 MB
Progress (1): 0.4/2.8 MB
Progress (1): 0.4/2.8 MB
Progress (1): 0.4/2.8 MB
Progress (1): 0.4/2.8 MB
Progress (1): 0.4/2.8 MB
Progress (1): 0.4/2.8 MB
Progress (1): 0.4/2.8 MB
Progress (1): 0.4/2.8 MB
Progress (1): 0.4/2.8 MB
Progress (1): 0.4/2.8 MB
Progress (1): 0.4/2.8 MB
Progress (1): 0.4/2.8 MB
Progress (1): 0.4/2.8 MB
Progress (1): 0.4/2.8 MB
Progress (1): 0.4/2.8 MB
Progress (1): 0.4/2.8 MB
Progress (1): 0.4/2.8 MB
Progress (1): 0.4/2.8 MB
Progress (1): 0.4/2.8 MB
Progress (1): 0.4/2.8 MB
Progress (1): 0.4/2.8 MB
Progress (1): 0.4/2.8 MB
Progress (1): 0.5/2.8 MB
Progress (1): 0.5/2.8 MB
Progress (1): 0.5/2.8 MB
Progress (1): 0.5/2.8 MB
Progress (1): 0.5/2.8 MB
Progress (1): 0.5/2.8 MB
Progress (1): 0.5/2.8 MB
Progress (1): 0.5/2.8 MB
Progress (1): 0.5/2.8 MB
Progress (1): 0.5/2.8 MB
Progress (1): 0.5/2.8 MB
Progress (1): 0.5/2.8 MB
Progress (1): 0.5/2.8 MB
Progress (1): 0.5/2.8 MB
Progress (1): 0.5/2.8 MB
Progress (1): 0.5/2.8 MB
Progress (1): 0.5/2.8 MB
Progress (1): 0.5/2.8 MB
Progress (1): 0.5/2.8 MB
Progress (1): 0.5/2.8 MB
Progress (1): 0.5/2.8 MB
Progress (1): 0.5/2.8 MB
Progress (1): 0.5/2.8 MB
Progress (1): 0.5/2.8 MB
Progress (1): 0.5/2.8 MB
Progress (1): 0.6/2.8 MB
Progress (1): 0.6/2.8 MB
Progress (1): 0.6/2.8 MB
Progress (1): 0.6/2.8 MB
Progress (1): 0.6/2.8 MB
Progress (1): 0.6/2.8 MB
Progress (1): 0.6/2.8 MB
Progress (1): 0.6/2.8 MB
Progress (1): 0.6/2.8 MB
Progress (1): 0.6/2.8 MB
Progress (1): 0.6/2.8 MB
Progress (1): 0.6/2.8 MB
Progress (1): 0.6/2.8 MB
Progress (1): 0.6/2.8 MB
Progress (1): 0.6/2.8 MB
Progress (1): 0.6/2.8 MB
Progress (1): 0.6/2.8 MB
Progress (1): 0.6/2.8 MB
Progress (1): 0.6/2.8 MB
Progress (1): 0.6/2.8 MB
Progress (1): 0.6/2.8 MB
Progress (1): 0.6/2.8 MB
Progress (1): 0.6/2.8 MB
Progress (1): 0.6/2.8 MB
Progress (1): 0.7/2.8 MB
Progress (1): 0.7/2.8 MB
Progress (1): 0.7/2.8 MB
Progress (1): 0.7/2.8 MB
Progress (1): 0.7/2.8 MB
Progress (1): 0.7/2.8 MB
Progress (1): 0.7/2.8 MB
Progress (1): 0.7/2.8 MB
Progress (1): 0.7/2.8 MB
Progress (1): 0.7/2.8 MB
Progress (1): 0.7/2.8 MB
Progress (1): 0.7/2.8 MB
Progress (1): 0.7/2.8 MB
Progress (1): 0.7/2.8 MB
Progress (1): 0.7/2.8 MB
Progress (1): 0.7/2.8 MB
Progress (1): 0.7/2.8 MB
Progress (1): 0.7/2.8 MB
Progress (1): 0.7/2.8 MB
Progress (1): 0.7/2.8 MB
Progress (1): 0.7/2.8 MB
Progress (1): 0.7/2.8 MB
Progress (1): 0.7/2.8 MB
Progress (1): 0.7/2.8 MB
Progress (1): 0.7/2.8 MB
Progress (1): 0.8/2.8 MB
Progress (1): 0.8/2.8 MB
Progress (1): 0.8/2.8 MB
Progress (1): 0.8/2.8 MB
Progress (1): 0.8/2.8 MB
Progress (1): 0.8/2.8 MB
Progress (1): 0.8/2.8 MB
Progress (1): 0.8/2.8 MB
Progress (1): 0.8/2.8 MB
Progress (1): 0.8/2.8 MB
Progress (1): 0.8/2.8 MB
Progress (1): 0.8/2.8 MB
Progress (1): 0.8/2.8 MB
Progress (1): 0.8/2.8 MB
Progress (1): 0.8/2.8 MB
Progress (1): 0.8/2.8 MB
Progress (1): 0.8/2.8 MB
Progress (1): 0.8/2.8 MB
Progress (1): 0.8/2.8 MB
Progress (1): 0.8/2.8 MB
Progress (1): 0.8/2.8 MB
Progress (1): 0.8/2.8 MB
Progress (1): 0.8/2.8 MB
Progress (1): 0.8/2.8 MB
Progress (1): 0.9/2.8 MB
Progress (1): 0.9/2.8 MB
Progress (1): 0.9/2.8 MB
Progress (1): 0.9/2.8 MB
Progress (1): 0.9/2.8 MB
Progress (1): 0.9/2.8 MB
Progress (1): 0.9/2.8 MB
Progress (1): 0.9/2.8 MB
Progress (1): 0.9/2.8 MB
Progress (1): 0.9/2.8 MB
Progress (1): 0.9/2.8 MB
Progress (1): 0.9/2.8 MB
Progress (1): 0.9/2.8 MB
Progress (1): 0.9/2.8 MB
Progress (1): 0.9/2.8 MB
Progress (1): 0.9/2.8 MB
Progress (1): 0.9/2.8 MB
Progress (1): 0.9/2.8 MB
Progress (1): 0.9/2.8 MB
Progress (1): 0.9/2.8 MB
Progress (1): 0.9/2.8 MB
Progress (1): 0.9/2.8 MB
Progress (1): 0.9/2.8 MB
Progress (1): 0.9/2.8 MB
Progress (1): 0.9/2.8 MB
Progress (1): 1.0/2.8 MB
Progress (1): 1.0/2.8 MB
Progress (1): 1.0/2.8 MB
Progress (1): 1.0/2.8 MB
Progress (1): 1.0/2.8 MB
Progress (1): 1.0/2.8 MB
Progress (1): 1.0/2.8 MB
Progress (1): 1.0/2.8 MB
Progress (1): 1.0/2.8 MB
Progress (1): 1.0/2.8 MB
Progress (1): 1.0/2.8 MB
Progress (1): 1.0/2.8 MB
Progress (1): 1.0/2.8 MB
Progress (1): 1.0/2.8 MB
Progress (1): 1.0/2.8 MB
Progress (1): 1.0/2.8 MB
Progress (1): 1.0/2.8 MB
Progress (1): 1.0/2.8 MB
Progress (1): 1.0/2.8 MB
Progress (1): 1.0/2.8 MB
Progress (1): 1.0/2.8 MB
Progress (1): 1.0/2.8 MB
Progress (1): 1.0/2.8 MB
Progress (1): 1.0/2.8 MB
Progress (1): 1.1/2.8 MB
Progress (1): 1.1/2.8 MB
Progress (1): 1.1/2.8 MB
Progress (1): 1.1/2.8 MB
Progress (1): 1.1/2.8 MB
Progress (1): 1.1/2.8 MB
Progress (1): 1.1/2.8 MB
Progress (1): 1.1/2.8 MB
Progress (1): 1.1/2.8 MB
Progress (1): 1.1/2.8 MB
Progress (1): 1.1/2.8 MB
Progress (1): 1.1/2.8 MB
Progress (1): 1.1/2.8 MB
Progress (1): 1.1/2.8 MB
Progress (1): 1.1/2.8 MB
Progress (1): 1.1/2.8 MB
Progress (1): 1.1/2.8 MB
Progress (1): 1.1/2.8 MB
Progress (1): 1.1/2.8 MB
Progress (1): 1.1/2.8 MB
Progress (1): 1.1/2.8 MB
Progress (1): 1.1/2.8 MB
Progress (1): 1.1/2.8 MB
Progress (1): 1.1/2.8 MB
Progress (1): 1.2/2.8 MB
Progress (1): 1.2/2.8 MB
Progress (1): 1.2/2.8 MB
Progress (1): 1.2/2.8 MB
Progress (1): 1.2/2.8 MB
Progress (1): 1.2/2.8 MB
Progress (1): 1.2/2.8 MB
Progress (1): 1.2/2.8 MB
Progress (1): 1.2/2.8 MB
Progress (1): 1.2/2.8 MB
Progress (1): 1.2/2.8 MB
Progress (1): 1.2/2.8 MB
Progress (1): 1.2/2.8 MB
Progress (1): 1.2/2.8 MB
Progress (1): 1.2/2.8 MB
Progress (1): 1.2/2.8 MB
Progress (1): 1.2/2.8 MB
Progress (1): 1.2/2.8 MB
Progress (1): 1.2/2.8 MB
Progress (1): 1.2/2.8 MB
Progress (1): 1.2/2.8 MB
Progress (1): 1.2/2.8 MB
Progress (1): 1.2/2.8 MB
Progress (1): 1.2/2.8 MB
Progress (1): 1.2/2.8 MB
Progress (1): 1.3/2.8 MB
Progress (1): 1.3/2.8 MB
Progress (1): 1.3/2.8 MB
Progress (1): 1.3/2.8 MB
Progress (1): 1.3/2.8 MB
Progress (1): 1.3/2.8 MB
Progress (1): 1.3/2.8 MB
Progress (1): 1.3/2.8 MB
Progress (1): 1.3/2.8 MB
Progress (1): 1.3/2.8 MB
Progress (1): 1.3/2.8 MB
Progress (1): 1.3/2.8 MB
Progress (1): 1.3/2.8 MB
Progress (1): 1.3/2.8 MB
Progress (1): 1.3/2.8 MB
Progress (1): 1.3/2.8 MB
Progress (1): 1.3/2.8 MB
Progress (1): 1.3/2.8 MB
Progress (1): 1.3/2.8 MB
Progress (1): 1.3/2.8 MB
Progress (1): 1.3/2.8 MB
Progress (1): 1.3/2.8 MB
Progress (1): 1.3/2.8 MB
Progress (1): 1.3/2.8 MB
Progress (1): 1.4/2.8 MB
Progress (1): 1.4/2.8 MB
Progress (1): 1.4/2.8 MB
Progress (1): 1.4/2.8 MB
Progress (1): 1.4/2.8 MB
Progress (1): 1.4/2.8 MB
Progress (1): 1.4/2.8 MB
Progress (1): 1.4/2.8 MB
Progress (1): 1.4/2.8 MB
Progress (1): 1.4/2.8 MB
Progress (1): 1.4/2.8 MB
Progress (1): 1.4/2.8 MB
Progress (1): 1.4/2.8 MB
Progress (1): 1.4/2.8 MB
Progress (1): 1.4/2.8 MB
Progress (1): 1.4/2.8 MB
Progress (1): 1.4/2.8 MB
Progress (1): 1.4/2.8 MB
Progress (1): 1.4/2.8 MB
Progress (1): 1.4/2.8 MB
Progress (1): 1.4/2.8 MB
Progress (1): 1.4/2.8 MB
Progress (1): 1.4/2.8 MB
Progress (1): 1.4/2.8 MB
Progress (1): 1.4/2.8 MB
Progress (1): 1.5/2.8 MB
Progress (1): 1.5/2.8 MB
Progress (1): 1.5/2.8 MB
Progress (1): 1.5/2.8 MB
Progress (1): 1.5/2.8 MB
Progress (1): 1.5/2.8 MB
Progress (1): 1.5/2.8 MB
Progress (1): 1.5/2.8 MB
Progress (1): 1.5/2.8 MB
Progress (1): 1.5/2.8 MB
Progress (1): 1.5/2.8 MB
Progress (1): 1.5/2.8 MB
Progress (1): 1.5/2.8 MB
Progress (1): 1.5/2.8 MB
Progress (1): 1.5/2.8 MB
Progress (1): 1.5/2.8 MB
Progress (1): 1.5/2.8 MB
Progress (1): 1.5/2.8 MB
Progress (1): 1.5/2.8 MB
Progress (1): 1.5/2.8 MB
Progress (1): 1.5/2.8 MB
Progress (1): 1.5/2.8 MB
Progress (1): 1.5/2.8 MB
Progress (1): 1.5/2.8 MB
Progress (1): 1.6/2.8 MB
Progress (1): 1.6/2.8 MB
Progress (1): 1.6/2.8 MB
Progress (1): 1.6/2.8 MB
Progress (1): 1.6/2.8 MB
Progress (1): 1.6/2.8 MB
Progress (1): 1.6/2.8 MB
Progress (1): 1.6/2.8 MB
Progress (1): 1.6/2.8 MB
Progress (1): 1.6/2.8 MB
Progress (1): 1.6/2.8 MB
Progress (1): 1.6/2.8 MB
Progress (1): 1.6/2.8 MB
Progress (1): 1.6/2.8 MB
Progress (1): 1.6/2.8 MB
Progress (1): 1.6/2.8 MB
Progress (1): 1.6/2.8 MB
Progress (1): 1.6/2.8 MB
Progress (1): 1.6/2.8 MB
Progress (1): 1.6/2.8 MB
Progress (1): 1.6/2.8 MB
Progress (1): 1.6/2.8 MB
Progress (1): 1.6/2.8 MB
Progress (1): 1.6/2.8 MB
Progress (1): 1.7/2.8 MB
Progress (1): 1.7/2.8 MB
Progress (1): 1.7/2.8 MB
Progress (1): 1.7/2.8 MB
Progress (1): 1.7/2.8 MB
Progress (1): 1.7/2.8 MB
Progress (1): 1.7/2.8 MB
Progress (1): 1.7/2.8 MB
Progress (1): 1.7/2.8 MB
Progress (1): 1.7/2.8 MB
Progress (1): 1.7/2.8 MB
Progress (1): 1.7/2.8 MB
Progress (1): 1.7/2.8 MB
Progress (1): 1.7/2.8 MB
Progress (1): 1.7/2.8 MB
Progress (1): 1.7/2.8 MB
Progress (1): 1.7/2.8 MB
Progress (1): 1.7/2.8 MB
Progress (1): 1.7/2.8 MB
Progress (1): 1.7/2.8 MB
Progress (1): 1.7/2.8 MB
Progress (1): 1.7/2.8 MB
Progress (1): 1.7/2.8 MB
Progress (1): 1.7/2.8 MB
Progress (1): 1.7/2.8 MB
Progress (1): 1.8/2.8 MB
Progress (1): 1.8/2.8 MB
Progress (1): 1.8/2.8 MB
Progress (1): 1.8/2.8 MB
Progress (1): 1.8/2.8 MB
Progress (1): 1.8/2.8 MB
Progress (1): 1.8/2.8 MB
Progress (1): 1.8/2.8 MB
Progress (1): 1.8/2.8 MB
Progress (1): 1.8/2.8 MB
Progress (1): 1.8/2.8 MB
Progress (1): 1.8/2.8 MB
Progress (1): 1.8/2.8 MB
Progress (1): 1.8/2.8 MB
Progress (1): 1.8/2.8 MB
Progress (1): 1.8/2.8 MB
Progress (1): 1.8/2.8 MB
Progress (1): 1.8/2.8 MB
Progress (1): 1.8/2.8 MB
Progress (1): 1.8/2.8 MB
Progress (1): 1.8/2.8 MB
Progress (1): 1.8/2.8 MB
Progress (1): 1.8/2.8 MB
Progress (1): 1.8/2.8 MB
Progress (1): 1.9/2.8 MB
Progress (1): 1.9/2.8 MB
Progress (1): 1.9/2.8 MB
Progress (1): 1.9/2.8 MB
Progress (1): 1.9/2.8 MB
Progress (1): 1.9/2.8 MB
Progress (1): 1.9/2.8 MB
Progress (1): 1.9/2.8 MB
Progress (1): 1.9/2.8 MB
Progress (1): 1.9/2.8 MB
Progress (1): 1.9/2.8 MB
Progress (1): 1.9/2.8 MB
Progress (1): 1.9/2.8 MB
Progress (1): 1.9/2.8 MB
Progress (1): 1.9/2.8 MB
Progress (1): 1.9/2.8 MB
Progress (1): 1.9/2.8 MB
Progress (1): 1.9/2.8 MB
Progress (1): 1.9/2.8 MB
Progress (1): 1.9/2.8 MB
Progress (1): 1.9/2.8 MB
Progress (1): 1.9/2.8 MB
Progress (1): 1.9/2.8 MB
Progress (1): 1.9/2.8 MB
Progress (1): 1.9/2.8 MB
Progress (1): 2.0/2.8 MB
Progress (1): 2.0/2.8 MB
Progress (1): 2.0/2.8 MB
Progress (1): 2.0/2.8 MB
Progress (1): 2.0/2.8 MB
Progress (1): 2.0/2.8 MB
Progress (1): 2.0/2.8 MB
Progress (1): 2.0/2.8 MB
Progress (1): 2.0/2.8 MB
Progress (1): 2.0/2.8 MB
Progress (1): 2.0/2.8 MB
Progress (1): 2.0/2.8 MB
Progress (1): 2.0/2.8 MB
Progress (1): 2.0/2.8 MB
Progress (1): 2.0/2.8 MB
Progress (1): 2.0/2.8 MB
Progress (1): 2.0/2.8 MB
Progress (1): 2.0/2.8 MB
Progress (1): 2.0/2.8 MB
Progress (1): 2.0/2.8 MB
Progress (1): 2.0/2.8 MB
Progress (1): 2.0/2.8 MB
Progress (1): 2.0/2.8 MB
Progress (1): 2.0/2.8 MB
Progress (1): 2.1/2.8 MB
Progress (1): 2.1/2.8 MB
Progress (1): 2.1/2.8 MB
Progress (1): 2.1/2.8 MB
Progress (1): 2.1/2.8 MB
Progress (1): 2.1/2.8 MB
Progress (1): 2.1/2.8 MB
Progress (1): 2.1/2.8 MB
Progress (1): 2.1/2.8 MB
Progress (1): 2.1/2.8 MB
Progress (1): 2.1/2.8 MB
Progress (1): 2.1/2.8 MB
Progress (1): 2.1/2.8 MB
Progress (1): 2.1/2.8 MB
Progress (1): 2.1/2.8 MB
Progress (1): 2.1/2.8 MB
Progress (1): 2.1/2.8 MB
Progress (1): 2.1/2.8 MB
Progress (1): 2.1/2.8 MB
Progress (1): 2.1/2.8 MB
Progress (1): 2.1/2.8 MB
Progress (1): 2.1/2.8 MB
Progress (1): 2.1/2.8 MB
Progress (1): 2.1/2.8 MB
Progress (1): 2.1/2.8 MB
Progress (1): 2.2/2.8 MB
Progress (1): 2.2/2.8 MB
Progress (1): 2.2/2.8 MB
Progress (1): 2.2/2.8 MB
Progress (1): 2.2/2.8 MB
Progress (1): 2.2/2.8 MB
Progress (1): 2.2/2.8 MB
Progress (1): 2.2/2.8 MB
Progress (1): 2.2/2.8 MB
Progress (1): 2.2/2.8 MB
Progress (1): 2.2/2.8 MB
Progress (1): 2.2/2.8 MB
Progress (1): 2.2/2.8 MB
Progress (1): 2.2/2.8 MB
Progress (1): 2.2/2.8 MB
Progress (1): 2.2/2.8 MB
Progress (1): 2.2/2.8 MB
Progress (1): 2.2/2.8 MB
Progress (1): 2.2/2.8 MB
Progress (1): 2.2/2.8 MB
Progress (1): 2.2/2.8 MB
Progress (1): 2.2/2.8 MB
Progress (1): 2.2/2.8 MB
Progress (1): 2.2/2.8 MB
Progress (1): 2.3/2.8 MB
Progress (1): 2.3/2.8 MB
Progress (1): 2.3/2.8 MB
Progress (1): 2.3/2.8 MB
Progress (1): 2.3/2.8 MB
Progress (1): 2.3/2.8 MB
Progress (1): 2.3/2.8 MB
Progress (1): 2.3/2.8 MB
Progress (1): 2.3/2.8 MB
Progress (1): 2.3/2.8 MB
Progress (1): 2.3/2.8 MB
Progress (1): 2.3/2.8 MB
Progress (1): 2.3/2.8 MB
Progress (1): 2.3/2.8 MB
Progress (1): 2.3/2.8 MB
Progress (1): 2.3/2.8 MB
Progress (1): 2.3/2.8 MB
Progress (1): 2.3/2.8 MB
Progress (1): 2.3/2.8 MB
Progress (1): 2.3/2.8 MB
Progress (1): 2.3/2.8 MB
Progress (1): 2.3/2.8 MB
Progress (1): 2.3/2.8 MB
Progress (1): 2.3/2.8 MB
Progress (1): 2.4/2.8 MB
Progress (1): 2.4/2.8 MB
Progress (1): 2.4/2.8 MB
Progress (1): 2.4/2.8 MB
Progress (1): 2.4/2.8 MB
Progress (1): 2.4/2.8 MB
Progress (1): 2.4/2.8 MB
Progress (1): 2.4/2.8 MB
Progress (1): 2.4/2.8 MB
Progress (1): 2.4/2.8 MB
Progress (1): 2.4/2.8 MB
Progress (1): 2.4/2.8 MB
Progress (1): 2.4/2.8 MB
Progress (1): 2.4/2.8 MB
Progress (1): 2.4/2.8 MB
Progress (1): 2.4/2.8 MB
Progress (1): 2.4/2.8 MB
Progress (1): 2.4/2.8 MB
Progress (1): 2.4/2.8 MB
Progress (1): 2.4/2.8 MB
Progress (1): 2.4/2.8 MB
Progress (1): 2.4/2.8 MB
Progress (1): 2.4/2.8 MB
Progress (1): 2.4/2.8 MB
Progress (1): 2.4/2.8 MB
Progress (1): 2.5/2.8 MB
Progress (1): 2.5/2.8 MB
Progress (1): 2.5/2.8 MB
Progress (1): 2.5/2.8 MB
Progress (1): 2.5/2.8 MB
Progress (1): 2.5/2.8 MB
Progress (1): 2.5/2.8 MB
Progress (1): 2.5/2.8 MB
Progress (1): 2.5/2.8 MB
Progress (1): 2.5/2.8 MB
Progress (1): 2.5/2.8 MB
Progress (1): 2.5/2.8 MB
Progress (1): 2.5/2.8 MB
Progress (1): 2.5/2.8 MB
Progress (1): 2.5/2.8 MB
Progress (1): 2.5/2.8 MB
Progress (1): 2.5/2.8 MB
Progress (1): 2.5/2.8 MB
Progress (1): 2.5/2.8 MB
Progress (1): 2.5/2.8 MB
Progress (1): 2.5/2.8 MB
Progress (1): 2.5/2.8 MB
Progress (1): 2.5/2.8 MB
Progress (1): 2.5/2.8 MB
Progress (1): 2.6/2.8 MB
Progress (1): 2.6/2.8 MB
Progress (1): 2.6/2.8 MB
Progress (1): 2.6/2.8 MB
Progress (1): 2.6/2.8 MB
Progress (1): 2.6/2.8 MB
Progress (1): 2.6/2.8 MB
Progress (1): 2.6/2.8 MB
Progress (1): 2.6/2.8 MB
Progress (1): 2.6/2.8 MB
Progress (1): 2.6/2.8 MB
Progress (1): 2.6/2.8 MB
Progress (1): 2.6/2.8 MB
Progress (1): 2.6/2.8 MB
Progress (1): 2.6/2.8 MB
Progress (1): 2.6/2.8 MB
Progress (1): 2.6/2.8 MB
Progress (1): 2.6/2.8 MB
Progress (1): 2.6/2.8 MB
Progress (1): 2.6/2.8 MB
Progress (1): 2.6/2.8 MB
Progress (1): 2.6/2.8 MB
Progress (1): 2.6/2.8 MB
Progress (1): 2.6/2.8 MB
Progress (1): 2.6/2.8 MB
Progress (1): 2.7/2.8 MB
Progress (1): 2.7/2.8 MB
Progress (1): 2.7/2.8 MB
Progress (1): 2.7/2.8 MB
Progress (1): 2.7/2.8 MB
Progress (1): 2.7/2.8 MB
Progress (1): 2.7/2.8 MB
Progress (1): 2.7/2.8 MB
Progress (1): 2.7/2.8 MB
Progress (1): 2.7/2.8 MB
Progress (1): 2.7/2.8 MB
Progress (1): 2.7/2.8 MB
Progress (1): 2.7/2.8 MB
Progress (1): 2.7/2.8 MB
Progress (1): 2.7/2.8 MB
Progress (1): 2.7/2.8 MB
Progress (1): 2.7/2.8 MB
Progress (1): 2.7/2.8 MB
Progress (1): 2.7/2.8 MB
Progress (1): 2.7/2.8 MB
Progress (1): 2.7/2.8 MB
Progress (1): 2.7/2.8 MB
Progress (1): 2.7/2.8 MB
Progress (1): 2.7/2.8 MB
Progress (1): 2.8/2.8 MB
Progress (1): 2.8/2.8 MB
Progress (1): 2.8/2.8 MB
Progress (1): 2.8/2.8 MB
Progress (1): 2.8/2.8 MB
Progress (1): 2.8/2.8 MB
Progress (1): 2.8/2.8 MB
Progress (1): 2.8/2.8 MB
Progress (1): 2.8/2.8 MB
Progress (1): 2.8/2.8 MB
Progress (1): 2.8/2.8 MB
Progress (1): 2.8 MB    
                    
Downloaded from central: https://repo.maven.apache.org/maven2/net/bytebuddy/byte-buddy/1.6.14/byte-buddy-1.6.14.jar (2.8 MB at 982 kB/s)
[INFO] 
[INFO] --- maven-clean-plugin:3.0.0:clean (default-clean) @ git-commit-id-plugin ---
[INFO] 
[INFO] --- maven-dependency-plugin:2.10:list (default-cli) @ git-commit-id-plugin ---
[INFO] 
[INFO] The following files have been resolved:
[INFO]    org.apache.maven:maven-settings-builder:jar:3.0:compile
[INFO]    org.eclipse.jgit:org.eclipse.jgit:jar:4.5.2.201704071617-r:compile
[INFO]    com.github.stefanbirkner:system-rules:jar:1.16.0:test
[INFO]    org.sonatype.aether:aether-util:jar:1.7:compile
[INFO]    org.apache.maven:maven-core:jar:3.0:compile
[INFO]    org.apache.maven:maven-model:jar:3.0:compile
[INFO]    net.bytebuddy:byte-buddy:jar:1.6.14:test
[INFO]    org.apache.maven:maven-artifact:jar:3.0:compile
[INFO]    com.jcraft:jsch:jar:0.1.53:compile
[INFO]    org.apache.httpcomponents:httpclient:jar:4.3.6:compile
[INFO]    pl.pragmatists:JUnitParams:jar:1.0.4:test
[INFO]    org.apache.maven:maven-model-builder:jar:3.0:compile
[INFO]    org.codehaus.plexus:plexus-component-annotations:jar:1.5.5:compile
[INFO]    net.bytebuddy:byte-buddy-agent:jar:1.6.14:test
[INFO]    org.apache.maven:maven-repository-metadata:jar:3.0:compile
[INFO]    org.mockito:mockito-core:jar:2.8.47:test
[INFO]    commons-io:commons-io:jar:2.4:test
[INFO]    org.hamcrest:hamcrest-core:jar:1.3:test
[INFO]    org.sonatype.aether:aether-api:jar:1.7:compile
[INFO]    org.sonatype.sisu:sisu-guice:jar:noaop:2.1.7:compile
[INFO]    org.slf4j:slf4j-simple:jar:1.7.13:test
[INFO]    com.googlecode.javaewah:JavaEWAH:jar:0.7.9:compile
[INFO]    org.sonatype.plexus:plexus-cipher:jar:1.4:compile
[INFO]    joda-time:joda-time:jar:2.9.1:compile
[INFO]    com.intellij:annotations:jar:12.0:compile
[INFO]    commons-codec:commons-codec:jar:1.6:compile
[INFO]    org.slf4j:slf4j-api:jar:1.7.2:compile
[INFO]    org.easytesting:fest-assert:jar:1.4:test
[INFO]    org.apache.maven:maven-aether-provider:jar:3.0:runtime
[INFO]    org.apache.httpcomponents:httpcore:jar:4.3.3:compile
[INFO]    org.apache.maven:maven-settings:jar:3.0:compile
[INFO]    org.apache.maven:maven-plugin-api:jar:3.0:compile
[INFO]    org.easytesting:fest-util:jar:1.1.6:test
[INFO]    org.sonatype.sisu:sisu-inject-bean:jar:1.4.2:compile
[INFO]    com.google.guava:guava:jar:19.0:compile
[INFO]    org.sonatype.sisu:sisu-inject-plexus:jar:1.4.2:compile
[INFO]    org.codehaus.plexus:plexus-interpolation:jar:1.14:compile
[INFO]    com.fasterxml.jackson.core:jackson-databind:jar:2.6.4:compile
[INFO]    org.codehaus.plexus:plexus-classworlds:jar:2.2.3:compile
[INFO]    com.fasterxml.jackson.core:jackson-annotations:jar:2.6.0:compile
[INFO]    org.objenesis:objenesis:jar:2.5:test
[INFO]    org.sonatype.aether:aether-spi:jar:1.7:compile
[INFO]    org.sonatype.plexus:plexus-sec-dispatcher:jar:1.3:compile
[INFO]    org.apache.maven.plugin-tools:maven-plugin-annotations:jar:3.5:provided
[INFO]    junit:junit:jar:4.12:test
[INFO]    commons-logging:commons-logging:jar:1.1.3:compile
[INFO]    org.sonatype.aether:aether-impl:jar:1.7:compile
[INFO]    org.codehaus.plexus:plexus-utils:jar:3.0.22:test
[INFO]    com.fasterxml.jackson.core:jackson-core:jar:2.6.4:compile
[INFO] 
[INFO] 
[INFO] --- maven-enforcer-plugin:1.2:enforce (enforce-maven) @ git-commit-id-plugin ---
[INFO] 
[INFO] --- maven-resources-plugin:2.7:resources (default-resources) @ git-commit-id-plugin ---
[INFO] Using 'UTF-8' encoding to copy filtered resources.
[INFO] Copying 2 resources
[INFO] 
[INFO] --- maven-compiler-plugin:3.3:compile (default-compile) @ git-commit-id-plugin ---
[INFO] Changes detected - recompiling the module!
[INFO] Compiling 29 source files to /home/cgzhu/projects/gitslice/resources/facts/upgrade_jars_exp/_downloads/maven-git-commit-id-plugin/target/classes
[INFO] /home/cgzhu/projects/gitslice/resources/facts/upgrade_jars_exp/_downloads/maven-git-commit-id-plugin/src/main/java/pl/project13/maven/git/util/SortedProperties.java: /home/cgzhu/projects/gitslice/resources/facts/upgrade_jars_exp/_downloads/maven-git-commit-id-plugin/src/main/java/pl/project13/maven/git/util/SortedProperties.java uses unchecked or unsafe operations.
[INFO] /home/cgzhu/projects/gitslice/resources/facts/upgrade_jars_exp/_downloads/maven-git-commit-id-plugin/src/main/java/pl/project13/maven/git/util/SortedProperties.java: Recompile with -Xlint:unchecked for details.
[INFO] 
[INFO] --- maven-plugin-plugin:3.5:descriptor (default-descriptor) @ git-commit-id-plugin ---
Downloading from central: https://repo.maven.apache.org/maven2/org/apache/maven/plugin-tools/maven-plugin-tools-api/3.5/maven-plugin-tools-api-3.5.pom
Progress (1): 2.2/3.0 kB
Progress (1): 3.0 kB    
                    
Downloaded from central: https://repo.maven.apache.org/maven2/org/apache/maven/plugin-tools/maven-plugin-tools-api/3.5/maven-plugin-tools-api-3.5.pom (3.0 kB at 7.8 kB/s)
Downloading from central: https://repo.maven.apache.org/maven2/org/apache/maven/plugin-tools/maven-plugin-tools-generators/3.5/maven-plugin-tools-generators-3.5.pom
Progress (1): 2.2/4.3 kB
Progress (1): 4.3 kB    
                    
Downloaded from central: https://repo.maven.apache.org/maven2/org/apache/maven/plugin-tools/maven-plugin-tools-generators/3.5/maven-plugin-tools-generators-3.5.pom (4.3 kB at 11 kB/s)
Downloading from central: https://repo.maven.apache.org/maven2/org/codehaus/plexus/plexus-velocity/1.1.8/plexus-velocity-1.1.8.pom
Progress (1): 1.9 kB
                    
Downloaded from central: https://repo.maven.apache.org/maven2/org/codehaus/plexus/plexus-velocity/1.1.8/plexus-velocity-1.1.8.pom (1.9 kB at 5.0 kB/s)
Downloading from central: https://repo.maven.apache.org/maven2/org/ow2/asm/asm-commons/5.0.2/asm-commons-5.0.2.pom
Progress (1): 2.1 kB
                    
Downloaded from central: https://repo.maven.apache.org/maven2/org/ow2/asm/asm-commons/5.0.2/asm-commons-5.0.2.pom (2.1 kB at 5.5 kB/s)
Downloading from central: https://repo.maven.apache.org/maven2/org/ow2/asm/asm-tree/5.0.2/asm-tree-5.0.2.pom
Progress (1): 2.1 kB
                    
Downloaded from central: https://repo.maven.apache.org/maven2/org/ow2/asm/asm-tree/5.0.2/asm-tree-5.0.2.pom (2.1 kB at 5.4 kB/s)
Downloading from central: https://repo.maven.apache.org/maven2/net/sf/jtidy/jtidy/r938/jtidy-r938.pom
Progress (1): 2.2/9.2 kB
Progress (1): 5.0/9.2 kB
Progress (1): 7.8/9.2 kB
Progress (1): 9.2 kB    
                    
Downloaded from central: https://repo.maven.apache.org/maven2/net/sf/jtidy/jtidy/r938/jtidy-r938.pom (9.2 kB at 24 kB/s)
Downloading from central: https://repo.maven.apache.org/maven2/org/apache/maven/plugin-tools/maven-plugin-tools-java/3.5/maven-plugin-tools-java-3.5.pom
Progress (1): 2.2/3.3 kB
Progress (1): 3.3 kB    
                    
Downloaded from central: https://repo.maven.apache.org/maven2/org/apache/maven/plugin-tools/maven-plugin-tools-java/3.5/maven-plugin-tools-java-3.5.pom (3.3 kB at 8.4 kB/s)
Downloading from central: https://repo.maven.apache.org/maven2/com/thoughtworks/qdox/qdox/2.0-M4/qdox-2.0-M4.pom
Progress (1): 2.2/17 kB
Progress (1): 5.0/17 kB
Progress (1): 7.8/17 kB
Progress (1): 11/17 kB 
Progress (1): 13/17 kB
Progress (1): 16/17 kB
Progress (1): 17 kB   
                   
Downloaded from central: https://repo.maven.apache.org/maven2/com/thoughtworks/qdox/qdox/2.0-M4/qdox-2.0-M4.pom (17 kB at 43 kB/s)
Downloading from central: https://repo.maven.apache.org/maven2/org/apache/maven/plugin-tools/maven-plugin-tools-annotations/3.5/maven-plugin-tools-annotations-3.5.pom
Progress (1): 2.2/4.4 kB
Progress (1): 4.4 kB    
                    
Downloaded from central: https://repo.maven.apache.org/maven2/org/apache/maven/plugin-tools/maven-plugin-tools-annotations/3.5/maven-plugin-tools-annotations-3.5.pom (4.4 kB at 12 kB/s)
Downloading from central: https://repo.maven.apache.org/maven2/org/codehaus/plexus/plexus-archiver/2.1.1/plexus-archiver-2.1.1.pom
Progress (1): 2.2/2.8 kB
Progress (1): 2.8 kB    
                    
Downloaded from central: https://repo.maven.apache.org/maven2/org/codehaus/plexus/plexus-archiver/2.1.1/plexus-archiver-2.1.1.pom (2.8 kB at 7.3 kB/s)
Downloading from central: https://repo.maven.apache.org/maven2/org/codehaus/plexus/plexus-io/2.0.3/plexus-io-2.0.3.pom
Progress (1): 1.7 kB
                    
Downloaded from central: https://repo.maven.apache.org/maven2/org/codehaus/plexus/plexus-io/2.0.3/plexus-io-2.0.3.pom (1.7 kB at 4.5 kB/s)
Downloading from central: https://repo.maven.apache.org/maven2/org/apache/maven/plugin-tools/maven-plugin-tools-api/3.5/maven-plugin-tools-api-3.5.jar
Downloading from central: https://repo.maven.apache.org/maven2/net/sf/jtidy/jtidy/r938/jtidy-r938.jar
Downloading from central: https://repo.maven.apache.org/maven2/org/ow2/asm/asm-tree/5.0.2/asm-tree-5.0.2.jar
Downloading from central: https://repo.maven.apache.org/maven2/org/apache/maven/plugin-tools/maven-plugin-tools-generators/3.5/maven-plugin-tools-generators-3.5.jar
Downloading from central: https://repo.maven.apache.org/maven2/org/ow2/asm/asm-commons/5.0.2/asm-commons-5.0.2.jar
Progress (1): 2.2/42 kB
Progress (1): 5.0/42 kB
Progress (1): 7.7/42 kB
Progress (1): 10/42 kB 
Progress (1): 13/42 kB
Progress (1): 16/42 kB
Progress (1): 19/42 kB
Progress (1): 21/42 kB
Progress (1): 24/42 kB
Progress (1): 27/42 kB
Progress (1): 30/42 kB
Progress (2): 30/42 kB | 2.2/49 kB
Progress (2): 32/42 kB | 2.2/49 kB
Progress (2): 32/42 kB | 5.0/49 kB
Progress (2): 36/42 kB | 5.0/49 kB
Progress (2): 40/42 kB | 5.0/49 kB
Progress (2): 40/42 kB | 7.7/49 kB
Progress (2): 42 kB | 7.7/49 kB   
Progress (2): 42 kB | 10/49 kB 
Progress (2): 42 kB | 13/49 kB
Progress (2): 42 kB | 16/49 kB
Progress (2): 42 kB | 19/49 kB
Progress (2): 42 kB | 21/49 kB
Progress (2): 42 kB | 24/49 kB
Progress (2): 42 kB | 27/49 kB
Progress (2): 42 kB | 30/49 kB
Progress (2): 42 kB | 32/49 kB
Progress (3): 42 kB | 32/49 kB | 2.2/29 kB
Progress (4): 42 kB | 32/49 kB | 2.2/29 kB | 2.2/250 kB
Progress (4): 42 kB | 32/49 kB | 5.0/29 kB | 2.2/250 kB
Progress (4): 42 kB | 32/49 kB | 7.7/29 kB | 2.2/250 kB
Progress (4): 42 kB | 32/49 kB | 7.7/29 kB | 5.0/250 kB
Progress (4): 42 kB | 36/49 kB | 7.7/29 kB | 5.0/250 kB
Progress (4): 42 kB | 36/49 kB | 7.7/29 kB | 7.7/250 kB
Progress (4): 42 kB | 36/49 kB | 10/29 kB | 7.7/250 kB 
Progress (4): 42 kB | 40/49 kB | 10/29 kB | 7.7/250 kB
Progress (4): 42 kB | 40/49 kB | 10/29 kB | 10/250 kB 
Progress (4): 42 kB | 40/49 kB | 13/29 kB | 10/250 kB
Progress (4): 42 kB | 45/49 kB | 13/29 kB | 10/250 kB
Progress (4): 42 kB | 45/49 kB | 16/29 kB | 10/250 kB
Progress (4): 42 kB | 45/49 kB | 16/29 kB | 13/250 kB
Progress (4): 42 kB | 45/49 kB | 19/29 kB | 13/250 kB
Progress (4): 42 kB | 49 kB | 19/29 kB | 13/250 kB   
Progress (4): 42 kB | 49 kB | 21/29 kB | 13/250 kB
Progress (4): 42 kB | 49 kB | 21/29 kB | 16/250 kB
Progress (4): 42 kB | 49 kB | 24/29 kB | 16/250 kB
Progress (4): 42 kB | 49 kB | 24/29 kB | 19/250 kB
Progress (4): 42 kB | 49 kB | 27/29 kB | 19/250 kB
Progress (4): 42 kB | 49 kB | 27/29 kB | 21/250 kB
Progress (4): 42 kB | 49 kB | 29 kB | 21/250 kB   
Progress (4): 42 kB | 49 kB | 29 kB | 24/250 kB
Progress (4): 42 kB | 49 kB | 29 kB | 27/250 kB
Progress (4): 42 kB | 49 kB | 29 kB | 30/250 kB
Progress (4): 42 kB | 49 kB | 29 kB | 32/250 kB
Progress (4): 42 kB | 49 kB | 29 kB | 36/250 kB
Progress (4): 42 kB | 49 kB | 29 kB | 40/250 kB
Progress (4): 42 kB | 49 kB | 29 kB | 45/250 kB
Progress (4): 42 kB | 49 kB | 29 kB | 49/250 kB
Progress (5): 42 kB | 49 kB | 29 kB | 49/250 kB | 2.2/24 kB
Progress (5): 42 kB | 49 kB | 29 kB | 49/250 kB | 5.0/24 kB
Progress (5): 42 kB | 49 kB | 29 kB | 49/250 kB | 7.7/24 kB
Progress (5): 42 kB | 49 kB | 29 kB | 49/250 kB | 10/24 kB 
Progress (5): 42 kB | 49 kB | 29 kB | 49/250 kB | 13/24 kB
Progress (5): 42 kB | 49 kB | 29 kB | 49/250 kB | 16/24 kB
Progress (5): 42 kB | 49 kB | 29 kB | 49/250 kB | 19/24 kB
Progress (5): 42 kB | 49 kB | 29 kB | 49/250 kB | 21/24 kB
Progress (5): 42 kB | 49 kB | 29 kB | 49/250 kB | 24 kB   
                                                       
Downloaded from central: https://repo.maven.apache.org/maven2/org/apache/maven/plugin-tools/maven-plugin-tools-generators/3.5/maven-plugin-tools-generators-3.5.jar (49 kB at 127 kB/s)
Progress (4): 42 kB | 29 kB | 53/250 kB | 24 kB
                                               
Downloading from central: https://repo.maven.apache.org/maven2/org/apache/maven/plugin-tools/maven-plugin-tools-java/3.5/maven-plugin-tools-java-3.5.jar
Progress (4): 42 kB | 29 kB | 57/250 kB | 24 kB
Progress (4): 42 kB | 29 kB | 61/250 kB | 24 kB
Progress (4): 42 kB | 29 kB | 65/250 kB | 24 kB
Progress (4): 42 kB | 29 kB | 69/250 kB | 24 kB
Progress (4): 42 kB | 29 kB | 73/250 kB | 24 kB
Progress (4): 42 kB | 29 kB | 77/250 kB | 24 kB
Progress (4): 42 kB | 29 kB | 81/250 kB | 24 kB
Progress (4): 42 kB | 29 kB | 85/250 kB | 24 kB
Progress (4): 42 kB | 29 kB | 90/250 kB | 24 kB
                                               
Downloaded from central: https://repo.maven.apache.org/maven2/org/ow2/asm/asm-commons/5.0.2/asm-commons-5.0.2.jar (42 kB at 108 kB/s)
Progress (3): 29 kB | 94/250 kB | 24 kB
                                       
Downloading from central: https://repo.maven.apache.org/maven2/com/thoughtworks/qdox/qdox/2.0-M4/qdox-2.0-M4.jar
Progress (3): 29 kB | 98/250 kB | 24 kB
Progress (3): 29 kB | 102/250 kB | 24 kB
Progress (3): 29 kB | 106/250 kB | 24 kB
                                        
Downloaded from central: https://repo.maven.apache.org/maven2/org/ow2/asm/asm-tree/5.0.2/asm-tree-5.0.2.jar (29 kB at 74 kB/s)
Downloading from central: https://repo.maven.apache.org/maven2/org/apache/maven/plugin-tools/maven-plugin-tools-annotations/3.5/maven-plugin-tools-annotations-3.5.jar
Progress (2): 110/250 kB | 24 kB
Progress (2): 114/250 kB | 24 kB
Progress (2): 118/250 kB | 24 kB
Progress (2): 122/250 kB | 24 kB
Progress (2): 126/250 kB | 24 kB
Progress (2): 131/250 kB | 24 kB
Progress (2): 135/250 kB | 24 kB
Progress (2): 139/250 kB | 24 kB
Progress (2): 143/250 kB | 24 kB
Progress (2): 147/250 kB | 24 kB
                                
Downloaded from central: https://repo.maven.apache.org/maven2/org/apache/maven/plugin-tools/maven-plugin-tools-api/3.5/maven-plugin-tools-api-3.5.jar (24 kB at 56 kB/s)
Downloading from central: https://repo.maven.apache.org/maven2/org/codehaus/plexus/plexus-archiver/2.1.1/plexus-archiver-2.1.1.jar
Progress (2): 147/250 kB | 4.1/18 kB
Progress (2): 147/250 kB | 7.7/18 kB
Progress (2): 147/250 kB | 12/18 kB 
Progress (2): 147/250 kB | 16/18 kB
Progress (2): 147/250 kB | 18 kB   
Progress (2): 151/250 kB | 18 kB
Progress (2): 155/250 kB | 18 kB
Progress (2): 159/250 kB | 18 kB
Progress (2): 163/250 kB | 18 kB
Progress (2): 167/250 kB | 18 kB
Progress (2): 171/250 kB | 18 kB
Progress (2): 176/250 kB | 18 kB
Progress (2): 180/250 kB | 18 kB
Progress (2): 184/250 kB | 18 kB
Progress (2): 188/250 kB | 18 kB
Progress (2): 192/250 kB | 18 kB
Progress (2): 196/250 kB | 18 kB
Progress (2): 200/250 kB | 18 kB
Progress (2): 204/250 kB | 18 kB
Progress (2): 208/250 kB | 18 kB
Progress (2): 212/250 kB | 18 kB
Progress (2): 217/250 kB | 18 kB
Progress (2): 221/250 kB | 18 kB
Progress (2): 225/250 kB | 18 kB
Progress (2): 229/250 kB | 18 kB
Progress (2): 233/250 kB | 18 kB
Progress (2): 237/250 kB | 18 kB
Progress (2): 241/250 kB | 18 kB
Progress (2): 245/250 kB | 18 kB
Progress (2): 249/250 kB | 18 kB
Progress (2): 250 kB | 18 kB    
Progress (3): 250 kB | 18 kB | 4.1/310 kB
Progress (3): 250 kB | 18 kB | 7.7/310 kB
Progress (3): 250 kB | 18 kB | 12/310 kB 
Progress (3): 250 kB | 18 kB | 16/310 kB
Progress (4): 250 kB | 18 kB | 16/310 kB | 2.2/43 kB
Progress (4): 250 kB | 18 kB | 16/310 kB | 5.0/43 kB
Progress (4): 250 kB | 18 kB | 20/310 kB | 5.0/43 kB
Progress (4): 250 kB | 18 kB | 20/310 kB | 7.7/43 kB
Progress (4): 250 kB | 18 kB | 24/310 kB | 7.7/43 kB
Progress (4): 250 kB | 18 kB | 24/310 kB | 10/43 kB 
Progress (4): 250 kB | 18 kB | 28/310 kB | 10/43 kB
Progress (4): 250 kB | 18 kB | 28/310 kB | 13/43 kB
Progress (4): 250 kB | 18 kB | 32/310 kB | 13/43 kB
Progress (4): 250 kB | 18 kB | 32/310 kB | 16/43 kB
Progress (4): 250 kB | 18 kB | 32/310 kB | 19/43 kB
Progress (4): 250 kB | 18 kB | 32/310 kB | 21/43 kB
Progress (4): 250 kB | 18 kB | 36/310 kB | 21/43 kB
Progress (4): 250 kB | 18 kB | 36/310 kB | 24/43 kB
Progress (4): 250 kB | 18 kB | 40/310 kB | 24/43 kB
Progress (4): 250 kB | 18 kB | 40/310 kB | 27/43 kB
Progress (4): 250 kB | 18 kB | 45/310 kB | 27/43 kB
Progress (4): 250 kB | 18 kB | 45/310 kB | 30/43 kB
Progress (4): 250 kB | 18 kB | 49/310 kB | 30/43 kB
Progress (4): 250 kB | 18 kB | 49/310 kB | 32/43 kB
Progress (4): 250 kB | 18 kB | 49/310 kB | 36/43 kB
Progress (4): 250 kB | 18 kB | 49/310 kB | 40/43 kB
Progress (4): 250 kB | 18 kB | 49/310 kB | 43 kB   
Progress (5): 250 kB | 18 kB | 49/310 kB | 43 kB | 2.2/185 kB
Progress (5): 250 kB | 18 kB | 49/310 kB | 43 kB | 5.0/185 kB
Progress (5): 250 kB | 18 kB | 49/310 kB | 43 kB | 7.7/185 kB
Progress (5): 250 kB | 18 kB | 49/310 kB | 43 kB | 10/185 kB 
Progress (5): 250 kB | 18 kB | 49/310 kB | 43 kB | 13/185 kB
Progress (5): 250 kB | 18 kB | 49/310 kB | 43 kB | 16/185 kB
Progress (5): 250 kB | 18 kB | 49/310 kB | 43 kB | 19/185 kB
Progress (5): 250 kB | 18 kB | 49/310 kB | 43 kB | 21/185 kB
Progress (5): 250 kB | 18 kB | 49/310 kB | 43 kB | 24/185 kB
Progress (5): 250 kB | 18 kB | 49/310 kB | 43 kB | 27/185 kB
Progress (5): 250 kB | 18 kB | 49/310 kB | 43 kB | 30/185 kB
Progress (5): 250 kB | 18 kB | 49/310 kB | 43 kB | 32/185 kB
Progress (5): 250 kB | 18 kB | 49/310 kB | 43 kB | 36/185 kB
Progress (5): 250 kB | 18 kB | 49/310 kB | 43 kB | 40/185 kB
Progress (5): 250 kB | 18 kB | 49/310 kB | 43 kB | 45/185 kB
Progress (5): 250 kB | 18 kB | 49/310 kB | 43 kB | 49/185 kB
Progress (5): 250 kB | 18 kB | 49/310 kB | 43 kB | 53/185 kB
Progress (5): 250 kB | 18 kB | 49/310 kB | 43 kB | 57/185 kB
Progress (5): 250 kB | 18 kB | 49/310 kB | 43 kB | 61/185 kB
Progress (5): 250 kB | 18 kB | 49/310 kB | 43 kB | 65/185 kB
Progress (5): 250 kB | 18 kB | 49/310 kB | 43 kB | 69/185 kB
Progress (5): 250 kB | 18 kB | 49/310 kB | 43 kB | 73/185 kB
Progress (5): 250 kB | 18 kB | 49/310 kB | 43 kB | 77/185 kB
Progress (5): 250 kB | 18 kB | 49/310 kB | 43 kB | 81/185 kB
Progress (5): 250 kB | 18 kB | 49/310 kB | 43 kB | 85/185 kB
Progress (5): 250 kB | 18 kB | 49/310 kB | 43 kB | 90/185 kB
Progress (5): 250 kB | 18 kB | 49/310 kB | 43 kB | 94/185 kB
Progress (5): 250 kB | 18 kB | 49/310 kB | 43 kB | 98/185 kB
Progress (5): 250 kB | 18 kB | 49/310 kB | 43 kB | 102/185 kB
Progress (5): 250 kB | 18 kB | 49/310 kB | 43 kB | 106/185 kB
Progress (5): 250 kB | 18 kB | 49/310 kB | 43 kB | 110/185 kB
Progress (5): 250 kB | 18 kB | 49/310 kB | 43 kB | 114/185 kB
Progress (5): 250 kB | 18 kB | 49/310 kB | 43 kB | 118/185 kB
Progress (5): 250 kB | 18 kB | 49/310 kB | 43 kB | 122/185 kB
Progress (5): 250 kB | 18 kB | 49/310 kB | 43 kB | 126/185 kB
Progress (5): 250 kB | 18 kB | 49/310 kB | 43 kB | 131/185 kB
Progress (5): 250 kB | 18 kB | 49/310 kB | 43 kB | 135/185 kB
Progress (5): 250 kB | 18 kB | 49/310 kB | 43 kB | 139/185 kB
Progress (5): 250 kB | 18 kB | 49/310 kB | 43 kB | 143/185 kB
Progress (5): 250 kB | 18 kB | 49/310 kB | 43 kB | 147/185 kB
Progress (5): 250 kB | 18 kB | 49/310 kB | 43 kB | 151/185 kB
Progress (5): 250 kB | 18 kB | 49/310 kB | 43 kB | 155/185 kB
Progress (5): 250 kB | 18 kB | 49/310 kB | 43 kB | 159/185 kB
Progress (5): 250 kB | 18 kB | 49/310 kB | 43 kB | 163/185 kB
Progress (5): 250 kB | 18 kB | 49/310 kB | 43 kB | 167/185 kB
Progress (5): 250 kB | 18 kB | 49/310 kB | 43 kB | 171/185 kB
Progress (5): 250 kB | 18 kB | 49/310 kB | 43 kB | 176/185 kB
Progress (5): 250 kB | 18 kB | 49/310 kB | 43 kB | 180/185 kB
Progress (5): 250 kB | 18 kB | 49/310 kB | 43 kB | 184/185 kB
Progress (5): 250 kB | 18 kB | 49/310 kB | 43 kB | 185 kB    
                                                         
Downloaded from central: https://repo.maven.apache.org/maven2/org/apache/maven/plugin-tools/maven-plugin-tools-java/3.5/maven-plugin-tools-java-3.5.jar (18 kB at 24 kB/s)
Downloading from central: https://repo.maven.apache.org/maven2/org/codehaus/plexus/plexus-io/2.0.3/plexus-io-2.0.3.jar
Progress (4): 250 kB | 53/310 kB | 43 kB | 185 kB
Progress (4): 250 kB | 57/310 kB | 43 kB | 185 kB
Progress (4): 250 kB | 61/310 kB | 43 kB | 185 kB
Progress (4): 250 kB | 65/310 kB | 43 kB | 185 kB
Progress (4): 250 kB | 69/310 kB | 43 kB | 185 kB
Progress (4): 250 kB | 73/310 kB | 43 kB | 185 kB
Progress (4): 250 kB | 77/310 kB | 43 kB | 185 kB
Progress (4): 250 kB | 81/310 kB | 43 kB | 185 kB
Progress (4): 250 kB | 85/310 kB | 43 kB | 185 kB
Progress (4): 250 kB | 90/310 kB | 43 kB | 185 kB
Progress (4): 250 kB | 94/310 kB | 43 kB | 185 kB
Progress (4): 250 kB | 98/310 kB | 43 kB | 185 kB
Progress (4): 250 kB | 102/310 kB | 43 kB | 185 kB
Progress (4): 250 kB | 106/310 kB | 43 kB | 185 kB
Progress (4): 250 kB | 110/310 kB | 43 kB | 185 kB
Progress (4): 250 kB | 114/310 kB | 43 kB | 185 kB
Progress (4): 250 kB | 118/310 kB | 43 kB | 185 kB
                                                  
Downloaded from central: https://repo.maven.apache.org/maven2/net/sf/jtidy/jtidy/r938/jtidy-r938.jar (250 kB at 325 kB/s)
Progress (3): 122/310 kB | 43 kB | 185 kB
                                         
Downloading from central: https://repo.maven.apache.org/maven2/commons-logging/commons-logging/1.1/commons-logging-1.1.jar
Progress (3): 126/310 kB | 43 kB | 185 kB
Progress (3): 131/310 kB | 43 kB | 185 kB
Progress (3): 135/310 kB | 43 kB | 185 kB
Progress (3): 139/310 kB | 43 kB | 185 kB
Progress (3): 143/310 kB | 43 kB | 185 kB
Progress (3): 147/310 kB | 43 kB | 185 kB
Progress (3): 151/310 kB | 43 kB | 185 kB
Progress (3): 155/310 kB | 43 kB | 185 kB
Progress (3): 159/310 kB | 43 kB | 185 kB
Progress (3): 163/310 kB | 43 kB | 185 kB
Progress (3): 167/310 kB | 43 kB | 185 kB
Progress (3): 171/310 kB | 43 kB | 185 kB
Progress (3): 176/310 kB | 43 kB | 185 kB
Progress (3): 180/310 kB | 43 kB | 185 kB
                                         
Downloaded from central: https://repo.maven.apache.org/maven2/org/apache/maven/plugin-tools/maven-plugin-tools-annotations/3.5/maven-plugin-tools-annotations-3.5.jar (43 kB at 55 kB/s)
Downloading from central: https://repo.maven.apache.org/maven2/javax/servlet/servlet-api/2.3/servlet-api-2.3.jar
Downloaded from central: https://repo.maven.apache.org/maven2/org/codehaus/plexus/plexus-archiver/2.1.1/plexus-archiver-2.1.1.jar (185 kB at 225 kB/s)
Downloading from central: https://repo.maven.apache.org/maven2/org/apache/maven/shared/maven-shared-utils/0.6/maven-shared-utils-0.6.jar
Progress (2): 180/310 kB | 4.1/58 kB
Progress (2): 180/310 kB | 7.7/58 kB
Progress (2): 180/310 kB | 12/58 kB 
Progress (2): 180/310 kB | 16/58 kB
Progress (2): 180/310 kB | 20/58 kB
Progress (2): 180/310 kB | 24/58 kB
Progress (2): 180/310 kB | 28/58 kB
Progress (2): 180/310 kB | 32/58 kB
Progress (2): 180/310 kB | 36/58 kB
Progress (2): 180/310 kB | 40/58 kB
Progress (2): 180/310 kB | 45/58 kB
Progress (2): 180/310 kB | 49/58 kB
Progress (2): 184/310 kB | 49/58 kB
Progress (2): 184/310 kB | 53/58 kB
Progress (2): 188/310 kB | 53/58 kB
Progress (2): 188/310 kB | 57/58 kB
Progress (2): 192/310 kB | 57/58 kB
Progress (2): 192/310 kB | 58 kB   
Progress (2): 196/310 kB | 58 kB
Progress (2): 200/310 kB | 58 kB
Progress (2): 204/310 kB | 58 kB
Progress (2): 208/310 kB | 58 kB
Progress (2): 212/310 kB | 58 kB
Progress (2): 217/310 kB | 58 kB
Progress (2): 221/310 kB | 58 kB
Progress (2): 225/310 kB | 58 kB
Progress (2): 229/310 kB | 58 kB
Progress (2): 233/310 kB | 58 kB
Progress (2): 237/310 kB | 58 kB
Progress (2): 241/310 kB | 58 kB
Progress (2): 245/310 kB | 58 kB
Progress (2): 249/310 kB | 58 kB
Progress (2): 253/310 kB | 58 kB
Progress (2): 258/310 kB | 58 kB
Progress (2): 262/310 kB | 58 kB
Progress (2): 266/310 kB | 58 kB
Progress (2): 270/310 kB | 58 kB
Progress (2): 274/310 kB | 58 kB
Progress (2): 278/310 kB | 58 kB
Progress (2): 282/310 kB | 58 kB
Progress (2): 286/310 kB | 58 kB
Progress (2): 290/310 kB | 58 kB
Progress (2): 294/310 kB | 58 kB
Progress (2): 298/310 kB | 58 kB
Progress (2): 303/310 kB | 58 kB
Progress (2): 307/310 kB | 58 kB
Progress (2): 310 kB | 58 kB    
Progress (3): 310 kB | 58 kB | 2.8/53 kB
Progress (3): 310 kB | 58 kB | 5.5/53 kB
Progress (3): 310 kB | 58 kB | 8.3/53 kB
Progress (3): 310 kB | 58 kB | 11/53 kB 
Progress (3): 310 kB | 58 kB | 11/53 kB
Progress (3): 310 kB | 58 kB | 14/53 kB
Progress (3): 310 kB | 58 kB | 17/53 kB
Progress (3): 310 kB | 58 kB | 20/53 kB
Progress (3): 310 kB | 58 kB | 24/53 kB
Progress (3): 310 kB | 58 kB | 28/53 kB
Progress (3): 310 kB | 58 kB | 32/53 kB
Progress (3): 310 kB | 58 kB | 36/53 kB
Progress (3): 310 kB | 58 kB | 40/53 kB
Progress (3): 310 kB | 58 kB | 44/53 kB
Progress (3): 310 kB | 58 kB | 48/53 kB
Progress (3): 310 kB | 58 kB | 52/53 kB
Progress (3): 310 kB | 58 kB | 53 kB   
Progress (4): 310 kB | 58 kB | 53 kB | 4.1/78 kB
Progress (4): 310 kB | 58 kB | 53 kB | 7.7/78 kB
Progress (4): 310 kB | 58 kB | 53 kB | 12/78 kB 
Progress (4): 310 kB | 58 kB | 53 kB | 16/78 kB
Progress (4): 310 kB | 58 kB | 53 kB | 20/78 kB
Progress (4): 310 kB | 58 kB | 53 kB | 24/78 kB
Progress (4): 310 kB | 58 kB | 53 kB | 28/78 kB
Progress (4): 310 kB | 58 kB | 53 kB | 32/78 kB
Progress (4): 310 kB | 58 kB | 53 kB | 36/78 kB
Progress (4): 310 kB | 58 kB | 53 kB | 40/78 kB
Progress (4): 310 kB | 58 kB | 53 kB | 45/78 kB
Progress (4): 310 kB | 58 kB | 53 kB | 49/78 kB
Progress (5): 310 kB | 58 kB | 53 kB | 49/78 kB | 4.1/165 kB
Progress (5): 310 kB | 58 kB | 53 kB | 49/78 kB | 7.7/165 kB
Progress (5): 310 kB | 58 kB | 53 kB | 49/78 kB | 12/165 kB 
Progress (5): 310 kB | 58 kB | 53 kB | 49/78 kB | 16/165 kB
Progress (5): 310 kB | 58 kB | 53 kB | 49/78 kB | 20/165 kB
Progress (5): 310 kB | 58 kB | 53 kB | 49/78 kB | 24/165 kB
Progress (5): 310 kB | 58 kB | 53 kB | 49/78 kB | 28/165 kB
Progress (5): 310 kB | 58 kB | 53 kB | 49/78 kB | 32/165 kB
Progress (5): 310 kB | 58 kB | 53 kB | 49/78 kB | 36/165 kB
Progress (5): 310 kB | 58 kB | 53 kB | 49/78 kB | 40/165 kB
Progress (5): 310 kB | 58 kB | 53 kB | 49/78 kB | 45/165 kB
Progress (5): 310 kB | 58 kB | 53 kB | 49/78 kB | 49/165 kB
Progress (5): 310 kB | 58 kB | 53 kB | 49/78 kB | 53/165 kB
Progress (5): 310 kB | 58 kB | 53 kB | 49/78 kB | 57/165 kB
Progress (5): 310 kB | 58 kB | 53 kB | 49/78 kB | 61/165 kB
Progress (5): 310 kB | 58 kB | 53 kB | 49/78 kB | 65/165 kB
Progress (5): 310 kB | 58 kB | 53 kB | 49/78 kB | 69/165 kB
Progress (5): 310 kB | 58 kB | 53 kB | 49/78 kB | 73/165 kB
Progress (5): 310 kB | 58 kB | 53 kB | 49/78 kB | 77/165 kB
Progress (5): 310 kB | 58 kB | 53 kB | 49/78 kB | 81/165 kB
Progress (5): 310 kB | 58 kB | 53 kB | 49/78 kB | 85/165 kB
Progress (5): 310 kB | 58 kB | 53 kB | 49/78 kB | 90/165 kB
Progress (5): 310 kB | 58 kB | 53 kB | 49/78 kB | 94/165 kB
Progress (5): 310 kB | 58 kB | 53 kB | 49/78 kB | 98/165 kB
Progress (5): 310 kB | 58 kB | 53 kB | 49/78 kB | 102/165 kB
Progress (5): 310 kB | 58 kB | 53 kB | 49/78 kB | 106/165 kB
Progress (5): 310 kB | 58 kB | 53 kB | 49/78 kB | 110/165 kB
Progress (5): 310 kB | 58 kB | 53 kB | 49/78 kB | 114/165 kB
Progress (5): 310 kB | 58 kB | 53 kB | 49/78 kB | 118/165 kB
Progress (5): 310 kB | 58 kB | 53 kB | 49/78 kB | 122/165 kB
Progress (5): 310 kB | 58 kB | 53 kB | 49/78 kB | 126/165 kB
Progress (5): 310 kB | 58 kB | 53 kB | 49/78 kB | 131/165 kB
Progress (5): 310 kB | 58 kB | 53 kB | 49/78 kB | 135/165 kB
Progress (5): 310 kB | 58 kB | 53 kB | 49/78 kB | 139/165 kB
Progress (5): 310 kB | 58 kB | 53 kB | 49/78 kB | 143/165 kB
Progress (5): 310 kB | 58 kB | 53 kB | 49/78 kB | 147/165 kB
Progress (5): 310 kB | 58 kB | 53 kB | 49/78 kB | 151/165 kB
Progress (5): 310 kB | 58 kB | 53 kB | 49/78 kB | 155/165 kB
Progress (5): 310 kB | 58 kB | 53 kB | 49/78 kB | 159/165 kB
Progress (5): 310 kB | 58 kB | 53 kB | 49/78 kB | 163/165 kB
Progress (5): 310 kB | 58 kB | 53 kB | 49/78 kB | 165 kB    
                                                        
Downloaded from central: https://repo.maven.apache.org/maven2/org/codehaus/plexus/plexus-io/2.0.3/plexus-io-2.0.3.jar (58 kB at 52 kB/s)
Downloading from central: https://repo.maven.apache.org/maven2/org/codehaus/plexus/plexus-velocity/1.1.8/plexus-velocity-1.1.8.jar
Downloaded from central: https://repo.maven.apache.org/maven2/com/thoughtworks/qdox/qdox/2.0-M4/qdox-2.0-M4.jar (310 kB at 275 kB/s)
Downloaded from central: https://repo.maven.apache.org/maven2/commons-logging/commons-logging/1.1/commons-logging-1.1.jar (53 kB at 46 kB/s)
Progress (2): 53/78 kB | 165 kB
Progress (2): 57/78 kB | 165 kB
Progress (2): 61/78 kB | 165 kB
Progress (2): 65/78 kB | 165 kB
Progress (2): 69/78 kB | 165 kB
Progress (2): 73/78 kB | 165 kB
Progress (2): 77/78 kB | 165 kB
Progress (2): 78 kB | 165 kB   
                            
Downloaded from central: https://repo.maven.apache.org/maven2/org/apache/maven/shared/maven-shared-utils/0.6/maven-shared-utils-0.6.jar (165 kB at 135 kB/s)
Progress (2): 78 kB | 2.8/7.9 kB
Progress (2): 78 kB | 5.5/7.9 kB
Progress (2): 78 kB | 7.9 kB    
                            
Downloaded from central: https://repo.maven.apache.org/maven2/javax/servlet/servlet-api/2.3/servlet-api-2.3.jar (78 kB at 57 kB/s)
Downloaded from central: https://repo.maven.apache.org/maven2/org/codehaus/plexus/plexus-velocity/1.1.8/plexus-velocity-1.1.8.jar (7.9 kB at 5.3 kB/s)
[INFO] Using 'UTF-8' encoding to read mojo source files.
[INFO] java-javadoc mojo extractor found 0 mojo descriptor.
[INFO] java-annotations mojo extractor found 2 mojo descriptors.
[INFO] 
[INFO] --- maven-resources-plugin:2.7:testResources (default-testResources) @ git-commit-id-plugin ---
[INFO] Using 'UTF-8' encoding to copy filtered resources.
[INFO] Copying 4 resources
[INFO] 
[INFO] --- maven-compiler-plugin:3.3:testCompile (default-testCompile) @ git-commit-id-plugin ---
[INFO] Changes detected - recompiling the module!
[INFO] Compiling 23 source files to /home/cgzhu/projects/gitslice/resources/facts/upgrade_jars_exp/_downloads/maven-git-commit-id-plugin/target/test-classes
[INFO] /home/cgzhu/projects/gitslice/resources/facts/upgrade_jars_exp/_downloads/maven-git-commit-id-plugin/src/test/java/pl/project13/jgit/DescribeCommandIntegrationTest.java: /home/cgzhu/projects/gitslice/resources/facts/upgrade_jars_exp/_downloads/maven-git-commit-id-plugin/src/test/java/pl/project13/jgit/DescribeCommandIntegrationTest.java uses or overrides a deprecated API.
[INFO] /home/cgzhu/projects/gitslice/resources/facts/upgrade_jars_exp/_downloads/maven-git-commit-id-plugin/src/test/java/pl/project13/jgit/DescribeCommandIntegrationTest.java: Recompile with -Xlint:deprecation for details.
[INFO] 
[INFO] --- maven-surefire-plugin:2.19.1:test (default-test) @ git-commit-id-plugin ---

-------------------------------------------------------
 T E S T S
-------------------------------------------------------
Running pl.project13.maven.git.NaivePerformanceTest
Tests run: 1, Failures: 0, Errors: 0, Skipped: 1, Time elapsed: 0.11 sec - in pl.project13.maven.git.NaivePerformanceTest
Running pl.project13.maven.git.PropertiesReplacerTest
Tests run: 15, Failures: 0, Errors: 0, Skipped: 0, Time elapsed: 0.315 sec - in pl.project13.maven.git.PropertiesReplacerTest
Running pl.project13.maven.git.GitSubmodulesTest
TEST: Will prepare sandbox repository based on: [src/test/resources/_git_with_submodules]
Tests run: 1, Failures: 0, Errors: 0, Skipped: 0, Time elapsed: 0.197 sec - in pl.project13.maven.git.GitSubmodulesTest
Running pl.project13.maven.git.GitDirLocatorTest
Tests run: 1, Failures: 0, Errors: 0, Skipped: 0, Time elapsed: 0.23 sec - in pl.project13.maven.git.GitDirLocatorTest
Running pl.project13.maven.git.GitCommitIdMojoIntegrationTest
TEST: Will prepare sandbox repository based on: [src/test/resources/_git_one_commit]
TEST: Will prepare sandbox repository based on: [src/test/resources/_git_one_commit]
TEST: Will prepare sandbox repository based on: [src/test/resources/_git_one_commit]
TEST: Will prepare sandbox repository based on: [src/test/resources/_git_one_commit]
TEST: Will prepare sandbox repository based on: [src/test/resources/_git_one_commit]
TEST: Will prepare sandbox repository based on: [src/test/resources/_git_one_commit]
TEST: Will prepare sandbox repository based on: [src/test/resources/_git_one_commit]
TEST: Will prepare sandbox repository based on: [src/test/resources/_git_one_commit]
TEST: Will prepare sandbox repository based on: [src/test/resources/_git_one_commit]
TEST: Will prepare sandbox repository based on: [src/test/resources/_git_one_commit]
TEST: Will prepare sandbox repository based on: [src/test/resources/_git_one_commit]
TEST: Will prepare sandbox repository based on: [src/test/resources/_git_one_commit]
TEST: Will prepare sandbox repository based on: [src/test/resources/_git_with_tag_on_different_branch]
TEST: Will prepare sandbox repository based on: [src/test/resources/_git_with_tag_on_different_branch]
TEST: Will prepare sandbox repository based on: [src/test/resources/_git_one_commit]
TEST: Will prepare sandbox repository based on: [src/test/resources/_git_one_commit]
TEST: Will prepare sandbox repository based on: [src/test/resources/_git_one_commit]
TEST: Will prepare sandbox repository based on: [src/test/resources/_git_one_commit]
TEST: Will prepare sandbox repository based on: [src/test/resources/_git_with_commit_that_has_two_tags]
TEST: Will prepare sandbox repository based on: [src/test/resources/_git_with_commit_that_has_two_tags]
TEST: Will prepare sandbox repository based on: [src/test/resources/_git_on_a_tag]
TEST: Will prepare sandbox repository based on: [src/test/resources/_git_on_a_tag]
TEST: Will prepare sandbox repository based on: [src/test/resources/_git_with_tag_on_different_branch]
TEST: Will prepare sandbox repository based on: [src/test/resources/_git_with_tag_on_different_branch]
TEST: Will prepare sandbox repository based on: [src/test/resources/_git_with_tag_on_different_branch]
TEST: Will prepare sandbox repository based on: [src/test/resources/_git_with_tag_on_different_branch]
TEST: Will prepare sandbox repository based on: [src/test/resources/_git_with_commit_that_has_two_tags]
TEST: Will prepare sandbox repository based on: [src/test/resources/_git_with_commit_that_has_two_tags]
TEST: Will prepare sandbox repository based on: [src/test/resources/_git_one_commit]
TEST: Will prepare sandbox repository based on: [src/test/resources/_git_one_commit]
TEST: Will prepare sandbox repository based on: [src/test/resources/_git_one_commit]
TEST: Will prepare sandbox repository based on: [src/test/resources/_git_one_commit]
TEST: Will prepare sandbox repository based on: [src/test/resources/_git_lightweight_tag_before_annotated_tag]
TEST: Will prepare sandbox repository based on: [src/test/resources/_git_lightweight_tag_before_annotated_tag]
TEST: Will prepare sandbox repository based on: [src/test/resources/_git_with_commit_that_has_two_tags]
TEST: Will prepare sandbox repository based on: [src/test/resources/_git_with_commit_that_has_two_tags]
TEST: Will prepare sandbox repository based on: [src/test/resources/_git_with_commit_that_has_two_tags]
TEST: Will prepare sandbox repository based on: [src/test/resources/_git_with_commit_that_has_two_tags]
TEST: Will prepare sandbox repository based on: [src/test/resources/_git_with_commit_that_has_two_tags]
TEST: Will prepare sandbox repository based on: [src/test/resources/_git_with_commit_that_has_two_tags]
TEST: Will prepare sandbox repository based on: [src/test/resources/_git_with_commit_that_has_two_tags]
TEST: Will prepare sandbox repository based on: [src/test/resources/_git_with_commit_that_has_two_tags]
TEST: Will prepare sandbox repository based on: [src/test/resources/_git_with_commit_that_has_two_tags]
TEST: Will prepare sandbox repository based on: [src/test/resources/_git_with_commit_that_has_two_tags]
TEST: Will prepare sandbox repository based on: [src/test/resources/_git_with_commit_that_has_two_tags]
TEST: Will prepare sandbox repository based on: [src/test/resources/_git_with_commit_that_has_two_tags]
TEST: Will prepare sandbox repository based on: [src/test/resources/_git_with_commit_that_has_two_tags]
TEST: Will prepare sandbox repository based on: [src/test/resources/_git_with_commit_that_has_two_tags]
TEST: Will prepare sandbox repository based on: [src/test/resources/_git_three_commits_and_two_tags_currently_on_commit_without_tag]
TEST: Will prepare sandbox repository based on: [src/test/resources/_git_three_commits_and_two_tags_currently_on_commit_without_tag]
TEST: Will prepare sandbox repository based on: [src/test/resources/_git_one_commit]
TEST: Will prepare sandbox repository based on: [src/test/resources/_git_one_commit]
TEST: Will prepare sandbox repository based on: [src/test/resources/_git_with_commit_that_has_two_tags]
TEST: Will prepare sandbox repository based on: [src/test/resources/_git_with_commit_that_has_two_tags]
TEST: Will prepare sandbox repository based on: [src/test/resources/_git_with_commit_that_has_two_tags]
TEST: Will prepare sandbox repository based on: [src/test/resources/_git_with_commit_that_has_two_tags]
TEST: Will prepare sandbox repository based on: [src/test/resources/_git_with_commit_that_has_two_tags]
TEST: Will prepare sandbox repository based on: [src/test/resources/_git_with_commit_that_has_two_tags]
TEST: Will prepare sandbox repository based on: [src/test/resources/_git_with_tag_on_different_branch]
TEST: Will prepare sandbox repository based on: [src/test/resources/_git_with_tag_on_different_branch]
TEST: Will prepare sandbox repository based on: [src/test/resources/_git_lightweight_tag_before_annotated_tag]
TEST: Will prepare sandbox repository based on: [src/test/resources/_git_lightweight_tag_before_annotated_tag]
TEST: Will prepare sandbox repository based on: [src/test/resources/_git_one_commit]
TEST: Will prepare sandbox repository based on: [src/test/resources/_git_one_commit]
Tests run: 98, Failures: 0, Errors: 0, Skipped: 0, Time elapsed: 2.519 sec - in pl.project13.maven.git.GitCommitIdMojoIntegrationTest
Running pl.project13.maven.git.PropertiesFiltererTest
Tests run: 6, Failures: 0, Errors: 0, Skipped: 0, Time elapsed: 0.075 sec - in pl.project13.maven.git.PropertiesFiltererTest
Running pl.project13.maven.git.NativeAndJGitProviderTest
TEST: Will prepare sandbox repository based on: [src/test/resources/_git_one_commit]
TEST: Will prepare sandbox repository based on: [src/test/resources/_git_one_commit_dirty]
TEST: Will prepare sandbox repository based on: [src/test/resources/_git_with_no_changes]
TEST: Will prepare sandbox repository based on: [src/test/resources/_git_on_a_tag]
TEST: Will prepare sandbox repository based on: [src/test/resources/_git_with_commit_that_has_two_tags]
TEST: Will prepare sandbox repository based on: [src/test/resources/_git_on_a_tag_dirty]
TEST: Will prepare sandbox repository based on: [src/test/resources/_git_with_submodules]
TEST: Will prepare sandbox repository based on: [src/test/resources/_git_lightweight_tag_before_annotated_tag]
TEST: Will prepare sandbox repository based on: [src/test/resources/_git_with_tag_on_different_branch]
TEST: Will prepare sandbox repository based on: [src/test/resources/_git_one_commit_with_umlaut]
TEST: Will prepare sandbox repository based on: [src/test/resources/_git_three_commits_and_two_tags_currently_on_commit_without_tag]
TEST: Will prepare sandbox repository based on: [src/test/resources/_git_one_commit_with_umlaut]
TEST: Will prepare sandbox repository based on: [src/test/resources/_git_one_commit]
TEST: Will prepare sandbox repository based on: [src/test/resources/_git_one_commit_dirty]
TEST: Will prepare sandbox repository based on: [src/test/resources/_git_with_no_changes]
TEST: Will prepare sandbox repository based on: [src/test/resources/_git_on_a_tag]
TEST: Will prepare sandbox repository based on: [src/test/resources/_git_with_commit_that_has_two_tags]
TEST: Will prepare sandbox repository based on: [src/test/resources/_git_on_a_tag_dirty]
TEST: Will prepare sandbox repository based on: [src/test/resources/_git_with_submodules]
TEST: Will prepare sandbox repository based on: [src/test/resources/_git_lightweight_tag_before_annotated_tag]
TEST: Will prepare sandbox repository based on: [src/test/resources/_git_with_tag_on_different_branch]
TEST: Will prepare sandbox repository based on: [src/test/resources/_git_one_commit_with_umlaut]
TEST: Will prepare sandbox repository based on: [src/test/resources/_git_three_commits_and_two_tags_currently_on_commit_without_tag]
TEST: Will prepare sandbox repository based on: [src/test/resources/_git_one_commit_with_umlaut]
TEST: Will prepare sandbox repository based on: [src/test/resources/_git_one_commit]
TEST: Will prepare sandbox repository based on: [src/test/resources/_git_one_commit_dirty]
TEST: Will prepare sandbox repository based on: [src/test/resources/_git_with_no_changes]
TEST: Will prepare sandbox repository based on: [src/test/resources/_git_on_a_tag]
TEST: Will prepare sandbox repository based on: [src/test/resources/_git_with_commit_that_has_two_tags]
TEST: Will prepare sandbox repository based on: [src/test/resources/_git_on_a_tag_dirty]
TEST: Will prepare sandbox repository based on: [src/test/resources/_git_with_submodules]
TEST: Will prepare sandbox repository based on: [src/test/resources/_git_lightweight_tag_before_annotated_tag]
TEST: Will prepare sandbox repository based on: [src/test/resources/_git_with_tag_on_different_branch]
TEST: Will prepare sandbox repository based on: [src/test/resources/_git_one_commit_with_umlaut]
TEST: Will prepare sandbox repository based on: [src/test/resources/_git_three_commits_and_two_tags_currently_on_commit_without_tag]
TEST: Will prepare sandbox repository based on: [src/test/resources/_git_one_commit_with_umlaut]
TEST: Will prepare sandbox repository based on: [src/test/resources/_git_one_commit]
TEST: Will prepare sandbox repository based on: [src/test/resources/_git_one_commit_dirty]
TEST: Will prepare sandbox repository based on: [src/test/resources/_git_with_no_changes]
TEST: Will prepare sandbox repository based on: [src/test/resources/_git_on_a_tag]
TEST: Will prepare sandbox repository based on: [src/test/resources/_git_with_commit_that_has_two_tags]
TEST: Will prepare sandbox repository based on: [src/test/resources/_git_on_a_tag_dirty]
TEST: Will prepare sandbox repository based on: [src/test/resources/_git_with_submodules]
TEST: Will prepare sandbox repository based on: [src/test/resources/_git_lightweight_tag_before_annotated_tag]
TEST: Will prepare sandbox repository based on: [src/test/resources/_git_with_tag_on_different_branch]
TEST: Will prepare sandbox repository based on: [src/test/resources/_git_one_commit_with_umlaut]
TEST: Will prepare sandbox repository based on: [src/test/resources/_git_three_commits_and_two_tags_currently_on_commit_without_tag]
TEST: Will prepare sandbox repository based on: [src/test/resources/_git_one_commit_with_umlaut]
Tests run: 4, Failures: 0, Errors: 0, Skipped: 0, Time elapsed: 1.982 sec - in pl.project13.maven.git.NativeAndJGitProviderTest
Running pl.project13.maven.git.UriUserInfoRemoverTest
Tests run: 14, Failures: 0, Errors: 0, Skipped: 0, Time elapsed: 0.013 sec - in pl.project13.maven.git.UriUserInfoRemoverTest
Running pl.project13.maven.git.util.SortedPropertiesTest
Tests run: 2, Failures: 0, Errors: 0, Skipped: 0, Time elapsed: 0 sec - in pl.project13.maven.git.util.SortedPropertiesTest
Running pl.project13.maven.git.GitCommitIdMojoTest
Tests run: 4, Failures: 0, Errors: 0, Skipped: 0, Time elapsed: 0 sec - in pl.project13.maven.git.GitCommitIdMojoTest
Running pl.project13.maven.git.GitPropertiesFileTest
Tests run: 2, Failures: 0, Errors: 0, Skipped: 0, Time elapsed: 0.047 sec - in pl.project13.maven.git.GitPropertiesFileTest
Running pl.project13.maven.validation.ValidationMojoTest
Tests run: 4, Failures: 0, Errors: 0, Skipped: 0, Time elapsed: 0.001 sec - in pl.project13.maven.validation.ValidationMojoTest
Running pl.project13.jgit.JGitCommonIntegrationTest
Tests run: 1, Failures: 0, Errors: 0, Skipped: 0, Time elapsed: 0 sec - in pl.project13.jgit.JGitCommonIntegrationTest
Running pl.project13.jgit.DescribeResultTest
TEST: Will prepare sandbox repository based on: [src/test/resources/_git_lightweight_tag_before_annotated_tag]
[main] WARN org.eclipse.jgit.lib.Repository - close() called when useCnt is already zero
TEST: Will prepare sandbox repository based on: [src/test/resources/_git_lightweight_tag_before_annotated_tag]
[main] WARN org.eclipse.jgit.lib.Repository - close() called when useCnt is already zero
TEST: Will prepare sandbox repository based on: [src/test/resources/_git_lightweight_tag_before_annotated_tag]
[main] WARN org.eclipse.jgit.lib.Repository - close() called when useCnt is already zero
TEST: Will prepare sandbox repository based on: [src/test/resources/_git_lightweight_tag_before_annotated_tag]
[main] WARN org.eclipse.jgit.lib.Repository - close() called when useCnt is already zero
TEST: Will prepare sandbox repository based on: [src/test/resources/_git_lightweight_tag_before_annotated_tag]
Tests run: 5, Failures: 0, Errors: 0, Skipped: 0, Time elapsed: 0.046 sec - in pl.project13.jgit.DescribeResultTest
Running pl.project13.jgit.DescribeCommandOptionsTest
[INFO] --always = true
[INFO] --dirty = DEVEL
[INFO] --abbrev = 12
[INFO] --long = true
[INFO] --tags = true
Tests run: 3, Failures: 0, Errors: 0, Skipped: 0, Time elapsed: 0.076 sec - in pl.project13.jgit.DescribeCommandOptionsTest
Running pl.project13.jgit.DescribeCommandAbbrevIntegrationTest
TEST: Will prepare sandbox repository based on: [src/test/resources/_git_lightweight_tag_before_annotated_tag]
[INFO] --abbrev = 2
[INFO] Tag refs [[Ref[refs/tags/annotated-tag=882476235ef06c5f2cc59325a04ba761988cde36], Ref[refs/tags/lightweight-tag=d37a598a7a98531ad1375966642c6b1263129436]]]
[INFO] Resolved tag [annotated-tag] [PersonIdent[Konrad Malawski, konrad.malawski@project13.pl, Sat Aug 25 15:32:41 2012 +0200]], points at [commit 95975455ef2b1af048f2926b9ba7fb804e22171b 0 ------] 
[INFO] key [commit 95975455ef2b1af048f2926b9ba7fb804e22171b 0 ------], tags => [[DatedRevTag{id=882476235ef06c5f2cc59325a04ba761988cde36, tagName='annotated-tag', date=25 August, 2012 9:32:41 PM SGT}]] 
[INFO] Created map: [{commit 95975455ef2b1af048f2926b9ba7fb804e22171b 0 ------=[annotated-tag]}]
[INFO] evalCommit is [b6a73ed747dd8dc98642d731ddbf09824efb9d48]
[main] WARN org.eclipse.jgit.lib.Repository - close() called when useCnt is already zero
TEST: Will prepare sandbox repository based on: [src/test/resources/_git_of_git_commit_id]
[INFO] --abbrev = 2
[INFO] Tag refs [[Ref[refs/tags/v1.0=16c85b8d649a34c40056355af1e1f82b0d2c9d76], Ref[refs/tags/v1.1=ab60db7e7fedcae077af509e6192add421bfbb12], Ref[refs/tags/v1.2=3f437b3a14f0fed84f8786d5d7051bb5c0d6936c], Ref[refs/tags/v1.3=e89f1e7e8e7f24624ed9d19e1d35898339266072], Ref[refs/tags/v1.4=971316a891441fbc2635e33ee9c79cf183d71dbb], Ref[refs/tags/v1.5=8a2e16427355862573140fe9baa1e82ec2e921c6], Ref[refs/tags/v1.6=473aa600d2c22fc4a008d1c1d8cf50562fef5876], Ref[refs/tags/v1.7=e4da6e59adc8a7de9f029ea3cba8ec0d0b576e13], Ref[refs/tags/v1.8=b683a0108b943343f0cc0783e8309f8750f2b78c], Ref[refs/tags/v1.9=0ec2c72916ce8ae1db819f1dc78b9a2f1e611396], Ref[refs/tags/v2.0=1740fbbddc35a2c3d7da5421ee4eb61b90664802], Ref[refs/tags/v2.0.1=bd5328a463ef29ec2bd6a7ecf8e51af61a9882ab], Ref[refs/tags/v2.0.2=f0c5ac406ddde0a45a885e0ebb7eed15252d487a], Ref[refs/tags/v2.0.3=28728f43f6a9619e78c560830f1db98e271cec07], Ref[refs/tags/v2.0.4=9b0ee30af97d4ae17dffb11bd06ed67fc4451547]]]
[INFO] Resolved tag [v1.0] [PersonIdent[Konrad Malawski, konrad.malawski@project13.pl, Sat Feb 19 01:03:07 2011 +0100]], points at [commit 54acaffab11daf6f34f0ee04eddba64f2bb2265b 0 ------] 
[INFO] Resolved tag [v1.1] [PersonIdent[Konrad Malawski, konrad.malawski@project13.pl, Sat Feb 26 16:44:44 2011 +0100]], points at [commit 6cc9d99542458e164822c47488414234b6b59060 0 ------] 
[INFO] Resolved tag [v1.2] [PersonIdent[Konrad Malawski, konrad.malawski@project13.pl, Wed Apr 27 11:03:51 2011 +0200]], points at [commit 9b6e5f0501f9158a741f705d417b0ad337710984 0 ------] 
[INFO] Resolved tag [v1.3] [PersonIdent[Konrad Malawski, konrad.malawski@project13.pl, Sat May 7 23:54:24 2011 +0200]], points at [commit d142945e8c4b15c561601e58573938d6835eb467 0 ------] 
[INFO] Resolved tag [v1.4] [PersonIdent[Konrad Malawski, konrad.malawski@project13.pl, Sun May 15 21:52:59 2011 +0200]], points at [commit 9640198ad256c0c45f4aee61e474adbd9c52aeb2 0 ------] 
[INFO] Resolved tag [v1.5] [PersonIdent[Konrad Malawski, konrad.malawski@project13.pl, Sun May 15 23:54:38 2011 +0200]], points at [commit a8974bbdaab8bdf3b263af8fa3e1ae71578496d2 0 ------] 
[INFO] Resolved tag [v1.6] [PersonIdent[Konrad Malawski, konrad.malawski@project13.pl, Mon Jul 25 21:18:54 2011 +0200]], points at [commit 5205c9924e4b8cc96bba4e672d3b12627f76f30f 0 ------] 
[INFO] Resolved tag [v1.7] [PersonIdent[Konrad Malawski, konrad.malawski@project13.pl, Sat Jul 30 13:32:42 2011 +0200]], points at [commit c4a7e03ce7e0622b93421499214bb0e9f72cd14d 0 ------] 
[INFO] Resolved tag [v1.8] [PersonIdent[Konrad Malawski, konrad.malawski@project13.pl, Sun Sep 4 12:54:03 2011 +0200]], points at [commit a599a75c3a73adb9f70145e7ae13b42f7160bcdb 0 ------] 
[INFO] Resolved tag [v1.9] [PersonIdent[Konrad Malawski, konrad.malawski@project13.pl, Thu Sep 22 22:51:17 2011 +0200]], points at [commit e4f4e7a26a89a5aeae65ad0ee638c31c94bbe1dc 0 ------] 
[INFO] Resolved tag [v2.0] [PersonIdent[Konrad Malawski, konrad.malawski@project13.pl, Sat Dec 24 15:22:14 2011 +0100]], points at [commit e2d4fb2d63fb0f25ae168281d7dadfeb131bc110 0 ------] 
[INFO] Resolved tag [v2.0.1] [PersonIdent[Konrad Malawski, konrad.malawski@project13.pl, Sat Dec 24 15:25:30 2011 +0100]], points at [commit 2e1832a5a66f932f3a12ca8755f6ec2a6c425428 0 ------] 
[INFO] Resolved tag [v2.0.2] [PersonIdent[Konrad Malawski, konrad.malawski@project13.pl, Sat Jan 7 18:16:30 2012 +0100]], points at [commit f496b9d3b136572828b04bdb7f24ec9e306e58e3 0 ------] 
[INFO] Resolved tag [v2.0.3] [PersonIdent[Konrad Malawski, konrad.malawski@project13.pl, Thu Feb 23 09:19:53 2012 +0100]], points at [commit b4c925845402d0f354e8812020a4380fa4b961de 0 ------] 
[INFO] Resolved tag [v2.0.4] [PersonIdent[Konrad Malawski, konrad.malawski@project13.pl, Mon Jul 2 10:31:34 2012 +0200]], points at [commit a3b884764845d40ab1a1abdc293825ae0da55bb8 0 ------] 
[INFO] key [commit 2e1832a5a66f932f3a12ca8755f6ec2a6c425428 0 ------], tags => [[DatedRevTag{id=bd5328a463ef29ec2bd6a7ecf8e51af61a9882ab, tagName='v2.0.1', date=24 December, 2011 10:25:30 PM SGT}]] 
[INFO] key [commit 5205c9924e4b8cc96bba4e672d3b12627f76f30f 0 ------], tags => [[DatedRevTag{id=473aa600d2c22fc4a008d1c1d8cf50562fef5876, tagName='v1.6', date=26 July, 2011 3:18:54 AM SGT}]] 
[INFO] key [commit e4f4e7a26a89a5aeae65ad0ee638c31c94bbe1dc 0 ------], tags => [[DatedRevTag{id=0ec2c72916ce8ae1db819f1dc78b9a2f1e611396, tagName='v1.9', date=23 September, 2011 4:51:17 AM SGT}]] 
[INFO] key [commit a599a75c3a73adb9f70145e7ae13b42f7160bcdb 0 ------], tags => [[DatedRevTag{id=b683a0108b943343f0cc0783e8309f8750f2b78c, tagName='v1.8', date=4 September, 2011 6:54:03 PM SGT}]] 
[INFO] key [commit a8974bbdaab8bdf3b263af8fa3e1ae71578496d2 0 ------], tags => [[DatedRevTag{id=8a2e16427355862573140fe9baa1e82ec2e921c6, tagName='v1.5', date=16 May, 2011 5:54:38 AM SGT}]] 
[INFO] key [commit c4a7e03ce7e0622b93421499214bb0e9f72cd14d 0 ------], tags => [[DatedRevTag{id=e4da6e59adc8a7de9f029ea3cba8ec0d0b576e13, tagName='v1.7', date=30 July, 2011 7:32:42 PM SGT}]] 
[INFO] key [commit d142945e8c4b15c561601e58573938d6835eb467 0 ------], tags => [[DatedRevTag{id=e89f1e7e8e7f24624ed9d19e1d35898339266072, tagName='v1.3', date=8 May, 2011 5:54:24 AM SGT}]] 
[INFO] key [commit a3b884764845d40ab1a1abdc293825ae0da55bb8 0 ------], tags => [[DatedRevTag{id=9b0ee30af97d4ae17dffb11bd06ed67fc4451547, tagName='v2.0.4', date=2 July, 2012 4:31:34 PM SGT}]] 
[INFO] key [commit b4c925845402d0f354e8812020a4380fa4b961de 0 ------], tags => [[DatedRevTag{id=28728f43f6a9619e78c560830f1db98e271cec07, tagName='v2.0.3', date=23 February, 2012 4:19:53 PM SGT}]] 
[INFO] key [commit 54acaffab11daf6f34f0ee04eddba64f2bb2265b 0 ------], tags => [[DatedRevTag{id=16c85b8d649a34c40056355af1e1f82b0d2c9d76, tagName='v1.0', date=19 February, 2011 8:03:07 AM SGT}]] 
[INFO] key [commit 9640198ad256c0c45f4aee61e474adbd9c52aeb2 0 ------], tags => [[DatedRevTag{id=971316a891441fbc2635e33ee9c79cf183d71dbb, tagName='v1.4', date=16 May, 2011 3:52:59 AM SGT}]] 
[INFO] key [commit 6cc9d99542458e164822c47488414234b6b59060 0 ------], tags => [[DatedRevTag{id=ab60db7e7fedcae077af509e6192add421bfbb12, tagName='v1.1', date=26 February, 2011 11:44:44 PM SGT}]] 
[INFO] key [commit 9b6e5f0501f9158a741f705d417b0ad337710984 0 ------], tags => [[DatedRevTag{id=3f437b3a14f0fed84f8786d5d7051bb5c0d6936c, tagName='v1.2', date=27 April, 2011 5:03:51 PM SGT}]] 
[INFO] key [commit e2d4fb2d63fb0f25ae168281d7dadfeb131bc110 0 ------], tags => [[DatedRevTag{id=1740fbbddc35a2c3d7da5421ee4eb61b90664802, tagName='v2.0', date=24 December, 2011 10:22:14 PM SGT}]] 
[INFO] key [commit f496b9d3b136572828b04bdb7f24ec9e306e58e3 0 ------], tags => [[DatedRevTag{id=f0c5ac406ddde0a45a885e0ebb7eed15252d487a, tagName='v2.0.2', date=8 January, 2012 1:16:30 AM SGT}]] 
[INFO] Created map: [{commit 2e1832a5a66f932f3a12ca8755f6ec2a6c425428 0 ------=[v2.0.1], commit 5205c9924e4b8cc96bba4e672d3b12627f76f30f 0 ------=[v1.6], commit e4f4e7a26a89a5aeae65ad0ee638c31c94bbe1dc 0 ------=[v1.9], commit a599a75c3a73adb9f70145e7ae13b42f7160bcdb 0 ------=[v1.8], commit a8974bbdaab8bdf3b263af8fa3e1ae71578496d2 0 ------=[v1.5], commit c4a7e03ce7e0622b93421499214bb0e9f72cd14d 0 ------=[v1.7], commit d142945e8c4b15c561601e58573938d6835eb467 0 ------=[v1.3], commit a3b884764845d40ab1a1abdc293825ae0da55bb8 0 ------=[v2.0.4], commit b4c925845402d0f354e8812020a4380fa4b961de 0 ------=[v2.0.3], commit 54acaffab11daf6f34f0ee04eddba64f2bb2265b 0 ------=[v1.0], commit 9640198ad256c0c45f4aee61e474adbd9c52aeb2 0 ------=[v1.4], commit 6cc9d99542458e164822c47488414234b6b59060 0 ------=[v1.1], commit 9b6e5f0501f9158a741f705d417b0ad337710984 0 ------=[v1.2], commit e2d4fb2d63fb0f25ae168281d7dadfeb131bc110 0 ------=[v2.0], commit f496b9d3b136572828b04bdb7f24ec9e306e58e3 0 ------=[v2.0.2]}]
[INFO] evalCommit is [7181832b7d9afdeb86c32cf51214abfca63625be]
[main] WARN org.eclipse.jgit.lib.Repository - close() called when useCnt is already zero
Tests run: 2, Failures: 0, Errors: 0, Skipped: 0, Time elapsed: 0.192 sec - in pl.project13.jgit.DescribeCommandAbbrevIntegrationTest
Running pl.project13.jgit.DescribeCommandIntegrationTest
TEST: Will prepare sandbox repository based on: [src/test/resources/_git_of_git_commit_id]
[INFO] Tag refs [[Ref[refs/tags/v1.0=16c85b8d649a34c40056355af1e1f82b0d2c9d76], Ref[refs/tags/v1.1=ab60db7e7fedcae077af509e6192add421bfbb12], Ref[refs/tags/v1.2=3f437b3a14f0fed84f8786d5d7051bb5c0d6936c], Ref[refs/tags/v1.3=e89f1e7e8e7f24624ed9d19e1d35898339266072], Ref[refs/tags/v1.4=971316a891441fbc2635e33ee9c79cf183d71dbb], Ref[refs/tags/v1.5=8a2e16427355862573140fe9baa1e82ec2e921c6], Ref[refs/tags/v1.6=473aa600d2c22fc4a008d1c1d8cf50562fef5876], Ref[refs/tags/v1.7=e4da6e59adc8a7de9f029ea3cba8ec0d0b576e13], Ref[refs/tags/v1.8=b683a0108b943343f0cc0783e8309f8750f2b78c], Ref[refs/tags/v1.9=0ec2c72916ce8ae1db819f1dc78b9a2f1e611396], Ref[refs/tags/v2.0=1740fbbddc35a2c3d7da5421ee4eb61b90664802], Ref[refs/tags/v2.0.1=bd5328a463ef29ec2bd6a7ecf8e51af61a9882ab], Ref[refs/tags/v2.0.2=f0c5ac406ddde0a45a885e0ebb7eed15252d487a], Ref[refs/tags/v2.0.3=28728f43f6a9619e78c560830f1db98e271cec07], Ref[refs/tags/v2.0.4=9b0ee30af97d4ae17dffb11bd06ed67fc4451547]]]
[INFO] Resolved tag [v1.0] [PersonIdent[Konrad Malawski, konrad.malawski@project13.pl, Sat Feb 19 01:03:07 2011 +0100]], points at [commit 54acaffab11daf6f34f0ee04eddba64f2bb2265b 0 ------] 
[INFO] Resolved tag [v1.1] [PersonIdent[Konrad Malawski, konrad.malawski@project13.pl, Sat Feb 26 16:44:44 2011 +0100]], points at [commit 6cc9d99542458e164822c47488414234b6b59060 0 ------] 
[INFO] Resolved tag [v1.2] [PersonIdent[Konrad Malawski, konrad.malawski@project13.pl, Wed Apr 27 11:03:51 2011 +0200]], points at [commit 9b6e5f0501f9158a741f705d417b0ad337710984 0 ------] 
[INFO] Resolved tag [v1.3] [PersonIdent[Konrad Malawski, konrad.malawski@project13.pl, Sat May 7 23:54:24 2011 +0200]], points at [commit d142945e8c4b15c561601e58573938d6835eb467 0 ------] 
[INFO] Resolved tag [v1.4] [PersonIdent[Konrad Malawski, konrad.malawski@project13.pl, Sun May 15 21:52:59 2011 +0200]], points at [commit 9640198ad256c0c45f4aee61e474adbd9c52aeb2 0 ------] 
[INFO] Resolved tag [v1.5] [PersonIdent[Konrad Malawski, konrad.malawski@project13.pl, Sun May 15 23:54:38 2011 +0200]], points at [commit a8974bbdaab8bdf3b263af8fa3e1ae71578496d2 0 ------] 
[INFO] Resolved tag [v1.6] [PersonIdent[Konrad Malawski, konrad.malawski@project13.pl, Mon Jul 25 21:18:54 2011 +0200]], points at [commit 5205c9924e4b8cc96bba4e672d3b12627f76f30f 0 ------] 
[INFO] Resolved tag [v1.7] [PersonIdent[Konrad Malawski, konrad.malawski@project13.pl, Sat Jul 30 13:32:42 2011 +0200]], points at [commit c4a7e03ce7e0622b93421499214bb0e9f72cd14d 0 ------] 
[INFO] Resolved tag [v1.8] [PersonIdent[Konrad Malawski, konrad.malawski@project13.pl, Sun Sep 4 12:54:03 2011 +0200]], points at [commit a599a75c3a73adb9f70145e7ae13b42f7160bcdb 0 ------] 
[INFO] Resolved tag [v1.9] [PersonIdent[Konrad Malawski, konrad.malawski@project13.pl, Thu Sep 22 22:51:17 2011 +0200]], points at [commit e4f4e7a26a89a5aeae65ad0ee638c31c94bbe1dc 0 ------] 
[INFO] Resolved tag [v2.0] [PersonIdent[Konrad Malawski, konrad.malawski@project13.pl, Sat Dec 24 15:22:14 2011 +0100]], points at [commit e2d4fb2d63fb0f25ae168281d7dadfeb131bc110 0 ------] 
[INFO] Resolved tag [v2.0.1] [PersonIdent[Konrad Malawski, konrad.malawski@project13.pl, Sat Dec 24 15:25:30 2011 +0100]], points at [commit 2e1832a5a66f932f3a12ca8755f6ec2a6c425428 0 ------] 
[INFO] Resolved tag [v2.0.2] [PersonIdent[Konrad Malawski, konrad.malawski@project13.pl, Sat Jan 7 18:16:30 2012 +0100]], points at [commit f496b9d3b136572828b04bdb7f24ec9e306e58e3 0 ------] 
[INFO] Resolved tag [v2.0.3] [PersonIdent[Konrad Malawski, konrad.malawski@project13.pl, Thu Feb 23 09:19:53 2012 +0100]], points at [commit b4c925845402d0f354e8812020a4380fa4b961de 0 ------] 
[INFO] Resolved tag [v2.0.4] [PersonIdent[Konrad Malawski, konrad.malawski@project13.pl, Mon Jul 2 10:31:34 2012 +0200]], points at [commit a3b884764845d40ab1a1abdc293825ae0da55bb8 0 ------] 
[INFO] key [commit 2e1832a5a66f932f3a12ca8755f6ec2a6c425428 0 ------], tags => [[DatedRevTag{id=bd5328a463ef29ec2bd6a7ecf8e51af61a9882ab, tagName='v2.0.1', date=24 December, 2011 10:25:30 PM SGT}]] 
[INFO] key [commit 5205c9924e4b8cc96bba4e672d3b12627f76f30f 0 ------], tags => [[DatedRevTag{id=473aa600d2c22fc4a008d1c1d8cf50562fef5876, tagName='v1.6', date=26 July, 2011 3:18:54 AM SGT}]] 
[INFO] key [commit e4f4e7a26a89a5aeae65ad0ee638c31c94bbe1dc 0 ------], tags => [[DatedRevTag{id=0ec2c72916ce8ae1db819f1dc78b9a2f1e611396, tagName='v1.9', date=23 September, 2011 4:51:17 AM SGT}]] 
[INFO] key [commit a599a75c3a73adb9f70145e7ae13b42f7160bcdb 0 ------], tags => [[DatedRevTag{id=b683a0108b943343f0cc0783e8309f8750f2b78c, tagName='v1.8', date=4 September, 2011 6:54:03 PM SGT}]] 
[INFO] key [commit a8974bbdaab8bdf3b263af8fa3e1ae71578496d2 0 ------], tags => [[DatedRevTag{id=8a2e16427355862573140fe9baa1e82ec2e921c6, tagName='v1.5', date=16 May, 2011 5:54:38 AM SGT}]] 
[INFO] key [commit c4a7e03ce7e0622b93421499214bb0e9f72cd14d 0 ------], tags => [[DatedRevTag{id=e4da6e59adc8a7de9f029ea3cba8ec0d0b576e13, tagName='v1.7', date=30 July, 2011 7:32:42 PM SGT}]] 
[INFO] key [commit d142945e8c4b15c561601e58573938d6835eb467 0 ------], tags => [[DatedRevTag{id=e89f1e7e8e7f24624ed9d19e1d35898339266072, tagName='v1.3', date=8 May, 2011 5:54:24 AM SGT}]] 
[INFO] key [commit a3b884764845d40ab1a1abdc293825ae0da55bb8 0 ------], tags => [[DatedRevTag{id=9b0ee30af97d4ae17dffb11bd06ed67fc4451547, tagName='v2.0.4', date=2 July, 2012 4:31:34 PM SGT}]] 
[INFO] key [commit b4c925845402d0f354e8812020a4380fa4b961de 0 ------], tags => [[DatedRevTag{id=28728f43f6a9619e78c560830f1db98e271cec07, tagName='v2.0.3', date=23 February, 2012 4:19:53 PM SGT}]] 
[INFO] key [commit 54acaffab11daf6f34f0ee04eddba64f2bb2265b 0 ------], tags => [[DatedRevTag{id=16c85b8d649a34c40056355af1e1f82b0d2c9d76, tagName='v1.0', date=19 February, 2011 8:03:07 AM SGT}]] 
[INFO] key [commit 9640198ad256c0c45f4aee61e474adbd9c52aeb2 0 ------], tags => [[DatedRevTag{id=971316a891441fbc2635e33ee9c79cf183d71dbb, tagName='v1.4', date=16 May, 2011 3:52:59 AM SGT}]] 
[INFO] key [commit 6cc9d99542458e164822c47488414234b6b59060 0 ------], tags => [[DatedRevTag{id=ab60db7e7fedcae077af509e6192add421bfbb12, tagName='v1.1', date=26 February, 2011 11:44:44 PM SGT}]] 
[INFO] key [commit 9b6e5f0501f9158a741f705d417b0ad337710984 0 ------], tags => [[DatedRevTag{id=3f437b3a14f0fed84f8786d5d7051bb5c0d6936c, tagName='v1.2', date=27 April, 2011 5:03:51 PM SGT}]] 
[INFO] key [commit e2d4fb2d63fb0f25ae168281d7dadfeb131bc110 0 ------], tags => [[DatedRevTag{id=1740fbbddc35a2c3d7da5421ee4eb61b90664802, tagName='v2.0', date=24 December, 2011 10:22:14 PM SGT}]] 
[INFO] key [commit f496b9d3b136572828b04bdb7f24ec9e306e58e3 0 ------], tags => [[DatedRevTag{id=f0c5ac406ddde0a45a885e0ebb7eed15252d487a, tagName='v2.0.2', date=8 January, 2012 1:16:30 AM SGT}]] 
[INFO] Created map: [{commit 2e1832a5a66f932f3a12ca8755f6ec2a6c425428 0 ------=[v2.0.1], commit 5205c9924e4b8cc96bba4e672d3b12627f76f30f 0 ------=[v1.6], commit e4f4e7a26a89a5aeae65ad0ee638c31c94bbe1dc 0 ------=[v1.9], commit a599a75c3a73adb9f70145e7ae13b42f7160bcdb 0 ------=[v1.8], commit a8974bbdaab8bdf3b263af8fa3e1ae71578496d2 0 ------=[v1.5], commit c4a7e03ce7e0622b93421499214bb0e9f72cd14d 0 ------=[v1.7], commit d142945e8c4b15c561601e58573938d6835eb467 0 ------=[v1.3], commit a3b884764845d40ab1a1abdc293825ae0da55bb8 0 ------=[v2.0.4], commit b4c925845402d0f354e8812020a4380fa4b961de 0 ------=[v2.0.3], commit 54acaffab11daf6f34f0ee04eddba64f2bb2265b 0 ------=[v1.0], commit 9640198ad256c0c45f4aee61e474adbd9c52aeb2 0 ------=[v1.4], commit 6cc9d99542458e164822c47488414234b6b59060 0 ------=[v1.1], commit 9b6e5f0501f9158a741f705d417b0ad337710984 0 ------=[v1.2], commit e2d4fb2d63fb0f25ae168281d7dadfeb131bc110 0 ------=[v2.0], commit f496b9d3b136572828b04bdb7f24ec9e306e58e3 0 ------=[v2.0.2]}]
[INFO] evalCommit is [7181832b7d9afdeb86c32cf51214abfca63625be]
[main] WARN org.eclipse.jgit.lib.Repository - close() called when useCnt is already zero
TEST: Will prepare sandbox repository based on: [src/test/resources/_git_one_commit_dirty]
[INFO] Tag refs [[]]
[INFO] Created map: [{}]
[INFO] evalCommit is [0b0181b49468f45e573eaf3562f163107c5c121d]
[main] WARN org.eclipse.jgit.lib.Repository - close() called when useCnt is already zero
TEST: Will prepare sandbox repository based on: [src/test/resources/_git_one_commit]
[INFO] Tag refs [[]]
[INFO] Created map: [{}]
[INFO] evalCommit is [0b0181b49468f45e573eaf3562f163107c5c121d]
[main] WARN org.eclipse.jgit.lib.Repository - close() called when useCnt is already zero
TEST: Will prepare sandbox repository based on: [src/test/resources/_git_on_a_tag_dirty]
[INFO] --tags = true
[INFO] Tag refs [[Ref[refs/tags/v1.0.0=de4db35917b268089c81c9ab1b52541bb778f5a0]]]
[INFO] Including lightweight tag [refs/tags/v1.0.0]
[INFO] key [AnyObjectId[de4db35917b268089c81c9ab1b52541bb778f5a0]], tags => [[DatedRevTag{id=de4db35917b268089c81c9ab1b52541bb778f5a0, tagName='refs/tags/v1.0.0', date=16 August, 0019 12:35:26 AM SGT}]] 
[INFO] Created map: [{AnyObjectId[de4db35917b268089c81c9ab1b52541bb778f5a0]=[v1.0.0]}]
[INFO] evalCommit is [de4db35917b268089c81c9ab1b52541bb778f5a0]
[INFO] The commit we're on is a Tag ([v1.0.0]) and forceLongFormat == false, returning.
[main] WARN org.eclipse.jgit.lib.Repository - close() called when useCnt is already zero
TEST: Will prepare sandbox repository based on: [src/test/resources/_git_with_tag_on_different_branch]
[INFO] Tag refs [[Ref[refs/tags/test_tag=8fd26be268fd77188a08f064b0c80d34b0ba89c4]]]
[INFO] Resolved tag [test_tag] [PersonIdent[Karol Lassak, karol.lassak@coi.gov.pl, Fri Nov 29 10:41:53 2013 +0100]], points at [commit 9cb810e57e2994f38c7ec6a698a31de66fdd9e24 0 ------] 
[INFO] key [commit 9cb810e57e2994f38c7ec6a698a31de66fdd9e24 0 ------], tags => [[DatedRevTag{id=8fd26be268fd77188a08f064b0c80d34b0ba89c4, tagName='test_tag', date=29 November, 2013 5:41:53 PM SGT}]] 
[INFO] Created map: [{commit 9cb810e57e2994f38c7ec6a698a31de66fdd9e24 0 ------=[test_tag]}]
[INFO] evalCommit is [234342815bc16c473495871118b3dc5ee68a8a4a]
[main] WARN org.eclipse.jgit.lib.Repository - close() called when useCnt is already zero
TEST: Will prepare sandbox repository based on: [src/test/resources/_git_on_a_tag]
[INFO] --tags = true
[INFO] Tag refs [[Ref[refs/tags/v1.0.0=de4db35917b268089c81c9ab1b52541bb778f5a0]]]
[INFO] Including lightweight tag [refs/tags/v1.0.0]
[INFO] key [AnyObjectId[de4db35917b268089c81c9ab1b52541bb778f5a0]], tags => [[DatedRevTag{id=de4db35917b268089c81c9ab1b52541bb778f5a0, tagName='refs/tags/v1.0.0', date=16 August, 0019 12:35:26 AM SGT}]] 
[INFO] Created map: [{AnyObjectId[de4db35917b268089c81c9ab1b52541bb778f5a0]=[v1.0.0]}]
[INFO] evalCommit is [de4db35917b268089c81c9ab1b52541bb778f5a0]
[INFO] The commit we're on is a Tag ([v1.0.0]) and forceLongFormat == false, returning.
[main] WARN org.eclipse.jgit.lib.Repository - close() called when useCnt is already zero
TEST: Will prepare sandbox repository based on: [src/test/resources/_git_lightweight_tag_before_annotated_tag]
[INFO] --dirty = -dirty
[INFO] --abbrev = 0
[INFO] Tag refs [[Ref[refs/tags/annotated-tag=882476235ef06c5f2cc59325a04ba761988cde36], Ref[refs/tags/lightweight-tag=d37a598a7a98531ad1375966642c6b1263129436]]]
[INFO] Resolved tag [annotated-tag] [PersonIdent[Konrad Malawski, konrad.malawski@project13.pl, Sat Aug 25 15:32:41 2012 +0200]], points at [commit 95975455ef2b1af048f2926b9ba7fb804e22171b 0 ------] 
[INFO] key [commit 95975455ef2b1af048f2926b9ba7fb804e22171b 0 ------], tags => [[DatedRevTag{id=882476235ef06c5f2cc59325a04ba761988cde36, tagName='annotated-tag', date=25 August, 2012 9:32:41 PM SGT}]] 
[INFO] Created map: [{commit 95975455ef2b1af048f2926b9ba7fb804e22171b 0 ------=[annotated-tag]}]
[INFO] evalCommit is [b6a73ed747dd8dc98642d731ddbf09824efb9d48]
[main] WARN org.eclipse.jgit.lib.Repository - close() called when useCnt is already zero
TEST: Will prepare sandbox repository based on: [src/test/resources/_git_on_a_tag]
[INFO] --tags = true
[INFO] --dirty = -banana
[INFO] Tag refs [[Ref[refs/tags/v1.0.0=de4db35917b268089c81c9ab1b52541bb778f5a0]]]
[INFO] Including lightweight tag [refs/tags/v1.0.0]
[INFO] key [AnyObjectId[de4db35917b268089c81c9ab1b52541bb778f5a0]], tags => [[DatedRevTag{id=de4db35917b268089c81c9ab1b52541bb778f5a0, tagName='refs/tags/v1.0.0', date=16 August, 0019 12:35:26 AM SGT}]] 
[INFO] Created map: [{AnyObjectId[de4db35917b268089c81c9ab1b52541bb778f5a0]=[v1.0.0]}]
[INFO] evalCommit is [de4db35917b268089c81c9ab1b52541bb778f5a0]
[INFO] The commit we're on is a Tag ([v1.0.0]) and forceLongFormat == false, returning.
[main] WARN org.eclipse.jgit.lib.Repository - close() called when useCnt is already zero
TEST: Will prepare sandbox repository based on: [src/test/resources/_git_one_commit]
[INFO] --abbrev = 10
[INFO] Tag refs [[]]
[INFO] Created map: [{}]
[INFO] evalCommit is [0b0181b49468f45e573eaf3562f163107c5c121d]
[main] WARN org.eclipse.jgit.lib.Repository - close() called when useCnt is already zero
TEST: Will prepare sandbox repository based on: [src/test/resources/_git_of_git_commit_id]
[INFO] --dirty = -dirty
[INFO] Tag refs [[Ref[refs/tags/v1.0=16c85b8d649a34c40056355af1e1f82b0d2c9d76], Ref[refs/tags/v1.1=ab60db7e7fedcae077af509e6192add421bfbb12], Ref[refs/tags/v1.2=3f437b3a14f0fed84f8786d5d7051bb5c0d6936c], Ref[refs/tags/v1.3=e89f1e7e8e7f24624ed9d19e1d35898339266072], Ref[refs/tags/v1.4=971316a891441fbc2635e33ee9c79cf183d71dbb], Ref[refs/tags/v1.5=8a2e16427355862573140fe9baa1e82ec2e921c6], Ref[refs/tags/v1.6=473aa600d2c22fc4a008d1c1d8cf50562fef5876], Ref[refs/tags/v1.7=e4da6e59adc8a7de9f029ea3cba8ec0d0b576e13], Ref[refs/tags/v1.8=b683a0108b943343f0cc0783e8309f8750f2b78c], Ref[refs/tags/v1.9=0ec2c72916ce8ae1db819f1dc78b9a2f1e611396], Ref[refs/tags/v2.0=1740fbbddc35a2c3d7da5421ee4eb61b90664802], Ref[refs/tags/v2.0.1=bd5328a463ef29ec2bd6a7ecf8e51af61a9882ab], Ref[refs/tags/v2.0.2=f0c5ac406ddde0a45a885e0ebb7eed15252d487a], Ref[refs/tags/v2.0.3=28728f43f6a9619e78c560830f1db98e271cec07], Ref[refs/tags/v2.0.4=9b0ee30af97d4ae17dffb11bd06ed67fc4451547]]]
[INFO] Resolved tag [v1.0] [PersonIdent[Konrad Malawski, konrad.malawski@project13.pl, Sat Feb 19 01:03:07 2011 +0100]], points at [commit 54acaffab11daf6f34f0ee04eddba64f2bb2265b 0 ------] 
[INFO] Resolved tag [v1.1] [PersonIdent[Konrad Malawski, konrad.malawski@project13.pl, Sat Feb 26 16:44:44 2011 +0100]], points at [commit 6cc9d99542458e164822c47488414234b6b59060 0 ------] 
[INFO] Resolved tag [v1.2] [PersonIdent[Konrad Malawski, konrad.malawski@project13.pl, Wed Apr 27 11:03:51 2011 +0200]], points at [commit 9b6e5f0501f9158a741f705d417b0ad337710984 0 ------] 
[INFO] Resolved tag [v1.3] [PersonIdent[Konrad Malawski, konrad.malawski@project13.pl, Sat May 7 23:54:24 2011 +0200]], points at [commit d142945e8c4b15c561601e58573938d6835eb467 0 ------] 
[INFO] Resolved tag [v1.4] [PersonIdent[Konrad Malawski, konrad.malawski@project13.pl, Sun May 15 21:52:59 2011 +0200]], points at [commit 9640198ad256c0c45f4aee61e474adbd9c52aeb2 0 ------] 
[INFO] Resolved tag [v1.5] [PersonIdent[Konrad Malawski, konrad.malawski@project13.pl, Sun May 15 23:54:38 2011 +0200]], points at [commit a8974bbdaab8bdf3b263af8fa3e1ae71578496d2 0 ------] 
[INFO] Resolved tag [v1.6] [PersonIdent[Konrad Malawski, konrad.malawski@project13.pl, Mon Jul 25 21:18:54 2011 +0200]], points at [commit 5205c9924e4b8cc96bba4e672d3b12627f76f30f 0 ------] 
[INFO] Resolved tag [v1.7] [PersonIdent[Konrad Malawski, konrad.malawski@project13.pl, Sat Jul 30 13:32:42 2011 +0200]], points at [commit c4a7e03ce7e0622b93421499214bb0e9f72cd14d 0 ------] 
[INFO] Resolved tag [v1.8] [PersonIdent[Konrad Malawski, konrad.malawski@project13.pl, Sun Sep 4 12:54:03 2011 +0200]], points at [commit a599a75c3a73adb9f70145e7ae13b42f7160bcdb 0 ------] 
[INFO] Resolved tag [v1.9] [PersonIdent[Konrad Malawski, konrad.malawski@project13.pl, Thu Sep 22 22:51:17 2011 +0200]], points at [commit e4f4e7a26a89a5aeae65ad0ee638c31c94bbe1dc 0 ------] 
[INFO] Resolved tag [v2.0] [PersonIdent[Konrad Malawski, konrad.malawski@project13.pl, Sat Dec 24 15:22:14 2011 +0100]], points at [commit e2d4fb2d63fb0f25ae168281d7dadfeb131bc110 0 ------] 
[INFO] Resolved tag [v2.0.1] [PersonIdent[Konrad Malawski, konrad.malawski@project13.pl, Sat Dec 24 15:25:30 2011 +0100]], points at [commit 2e1832a5a66f932f3a12ca8755f6ec2a6c425428 0 ------] 
[INFO] Resolved tag [v2.0.2] [PersonIdent[Konrad Malawski, konrad.malawski@project13.pl, Sat Jan 7 18:16:30 2012 +0100]], points at [commit f496b9d3b136572828b04bdb7f24ec9e306e58e3 0 ------] 
[INFO] Resolved tag [v2.0.3] [PersonIdent[Konrad Malawski, konrad.malawski@project13.pl, Thu Feb 23 09:19:53 2012 +0100]], points at [commit b4c925845402d0f354e8812020a4380fa4b961de 0 ------] 
[INFO] Resolved tag [v2.0.4] [PersonIdent[Konrad Malawski, konrad.malawski@project13.pl, Mon Jul 2 10:31:34 2012 +0200]], points at [commit a3b884764845d40ab1a1abdc293825ae0da55bb8 0 ------] 
[INFO] key [commit 2e1832a5a66f932f3a12ca8755f6ec2a6c425428 0 ------], tags => [[DatedRevTag{id=bd5328a463ef29ec2bd6a7ecf8e51af61a9882ab, tagName='v2.0.1', date=24 December, 2011 10:25:30 PM SGT}]] 
[INFO] key [commit 5205c9924e4b8cc96bba4e672d3b12627f76f30f 0 ------], tags => [[DatedRevTag{id=473aa600d2c22fc4a008d1c1d8cf50562fef5876, tagName='v1.6', date=26 July, 2011 3:18:54 AM SGT}]] 
[INFO] key [commit e4f4e7a26a89a5aeae65ad0ee638c31c94bbe1dc 0 ------], tags => [[DatedRevTag{id=0ec2c72916ce8ae1db819f1dc78b9a2f1e611396, tagName='v1.9', date=23 September, 2011 4:51:17 AM SGT}]] 
[INFO] key [commit a599a75c3a73adb9f70145e7ae13b42f7160bcdb 0 ------], tags => [[DatedRevTag{id=b683a0108b943343f0cc0783e8309f8750f2b78c, tagName='v1.8', date=4 September, 2011 6:54:03 PM SGT}]] 
[INFO] key [commit a8974bbdaab8bdf3b263af8fa3e1ae71578496d2 0 ------], tags => [[DatedRevTag{id=8a2e16427355862573140fe9baa1e82ec2e921c6, tagName='v1.5', date=16 May, 2011 5:54:38 AM SGT}]] 
[INFO] key [commit c4a7e03ce7e0622b93421499214bb0e9f72cd14d 0 ------], tags => [[DatedRevTag{id=e4da6e59adc8a7de9f029ea3cba8ec0d0b576e13, tagName='v1.7', date=30 July, 2011 7:32:42 PM SGT}]] 
[INFO] key [commit d142945e8c4b15c561601e58573938d6835eb467 0 ------], tags => [[DatedRevTag{id=e89f1e7e8e7f24624ed9d19e1d35898339266072, tagName='v1.3', date=8 May, 2011 5:54:24 AM SGT}]] 
[INFO] key [commit a3b884764845d40ab1a1abdc293825ae0da55bb8 0 ------], tags => [[DatedRevTag{id=9b0ee30af97d4ae17dffb11bd06ed67fc4451547, tagName='v2.0.4', date=2 July, 2012 4:31:34 PM SGT}]] 
[INFO] key [commit b4c925845402d0f354e8812020a4380fa4b961de 0 ------], tags => [[DatedRevTag{id=28728f43f6a9619e78c560830f1db98e271cec07, tagName='v2.0.3', date=23 February, 2012 4:19:53 PM SGT}]] 
[INFO] key [commit 54acaffab11daf6f34f0ee04eddba64f2bb2265b 0 ------], tags => [[DatedRevTag{id=16c85b8d649a34c40056355af1e1f82b0d2c9d76, tagName='v1.0', date=19 February, 2011 8:03:07 AM SGT}]] 
[INFO] key [commit 9640198ad256c0c45f4aee61e474adbd9c52aeb2 0 ------], tags => [[DatedRevTag{id=971316a891441fbc2635e33ee9c79cf183d71dbb, tagName='v1.4', date=16 May, 2011 3:52:59 AM SGT}]] 
[INFO] key [commit 6cc9d99542458e164822c47488414234b6b59060 0 ------], tags => [[DatedRevTag{id=ab60db7e7fedcae077af509e6192add421bfbb12, tagName='v1.1', date=26 February, 2011 11:44:44 PM SGT}]] 
[INFO] key [commit 9b6e5f0501f9158a741f705d417b0ad337710984 0 ------], tags => [[DatedRevTag{id=3f437b3a14f0fed84f8786d5d7051bb5c0d6936c, tagName='v1.2', date=27 April, 2011 5:03:51 PM SGT}]] 
[INFO] key [commit e2d4fb2d63fb0f25ae168281d7dadfeb131bc110 0 ------], tags => [[DatedRevTag{id=1740fbbddc35a2c3d7da5421ee4eb61b90664802, tagName='v2.0', date=24 December, 2011 10:22:14 PM SGT}]] 
[INFO] key [commit f496b9d3b136572828b04bdb7f24ec9e306e58e3 0 ------], tags => [[DatedRevTag{id=f0c5ac406ddde0a45a885e0ebb7eed15252d487a, tagName='v2.0.2', date=8 January, 2012 1:16:30 AM SGT}]] 
[INFO] Created map: [{commit 2e1832a5a66f932f3a12ca8755f6ec2a6c425428 0 ------=[v2.0.1], commit 5205c9924e4b8cc96bba4e672d3b12627f76f30f 0 ------=[v1.6], commit e4f4e7a26a89a5aeae65ad0ee638c31c94bbe1dc 0 ------=[v1.9], commit a599a75c3a73adb9f70145e7ae13b42f7160bcdb 0 ------=[v1.8], commit a8974bbdaab8bdf3b263af8fa3e1ae71578496d2 0 ------=[v1.5], commit c4a7e03ce7e0622b93421499214bb0e9f72cd14d 0 ------=[v1.7], commit d142945e8c4b15c561601e58573938d6835eb467 0 ------=[v1.3], commit a3b884764845d40ab1a1abdc293825ae0da55bb8 0 ------=[v2.0.4], commit b4c925845402d0f354e8812020a4380fa4b961de 0 ------=[v2.0.3], commit 54acaffab11daf6f34f0ee04eddba64f2bb2265b 0 ------=[v1.0], commit 9640198ad256c0c45f4aee61e474adbd9c52aeb2 0 ------=[v1.4], commit 6cc9d99542458e164822c47488414234b6b59060 0 ------=[v1.1], commit 9b6e5f0501f9158a741f705d417b0ad337710984 0 ------=[v1.2], commit e2d4fb2d63fb0f25ae168281d7dadfeb131bc110 0 ------=[v2.0], commit f496b9d3b136572828b04bdb7f24ec9e306e58e3 0 ------=[v2.0.2]}]
[INFO] evalCommit is [7181832b7d9afdeb86c32cf51214abfca63625be]
[main] WARN org.eclipse.jgit.lib.Repository - close() called when useCnt is already zero
TEST: Will prepare sandbox repository based on: [src/test/resources/_git_on_a_tag]
[INFO] --tags = true
[INFO] Tag refs [[Ref[refs/tags/v1.0.0=de4db35917b268089c81c9ab1b52541bb778f5a0]]]
[INFO] Including lightweight tag [refs/tags/v1.0.0]
[INFO] key [AnyObjectId[de4db35917b268089c81c9ab1b52541bb778f5a0]], tags => [[DatedRevTag{id=de4db35917b268089c81c9ab1b52541bb778f5a0, tagName='refs/tags/v1.0.0', date=16 August, 0019 12:35:26 AM SGT}]] 
[INFO] Created map: [{AnyObjectId[de4db35917b268089c81c9ab1b52541bb778f5a0]=[v1.0.0]}]
[INFO] evalCommit is [de4db35917b268089c81c9ab1b52541bb778f5a0]
[INFO] The commit we're on is a Tag ([v1.0.0]) and forceLongFormat == false, returning.
[main] WARN org.eclipse.jgit.lib.Repository - close() called when useCnt is already zero
TEST: Will prepare sandbox repository based on: [src/test/resources/_git_on_a_tag]
[INFO] --tags = true
[INFO] Tag refs [[Ref[refs/tags/v1.0.0=de4db35917b268089c81c9ab1b52541bb778f5a0]]]
[INFO] Including lightweight tag [refs/tags/v1.0.0]
[INFO] key [AnyObjectId[de4db35917b268089c81c9ab1b52541bb778f5a0]], tags => [[DatedRevTag{id=de4db35917b268089c81c9ab1b52541bb778f5a0, tagName='refs/tags/v1.0.0', date=16 August, 0019 12:35:26 AM SGT}]] 
[INFO] Created map: [{AnyObjectId[de4db35917b268089c81c9ab1b52541bb778f5a0]=[v1.0.0]}]
[INFO] evalCommit is [de4db35917b268089c81c9ab1b52541bb778f5a0]
[INFO] The commit we're on is a Tag ([v1.0.0]) and forceLongFormat == false, returning.
[main] WARN org.eclipse.jgit.lib.Repository - close() called when useCnt is already zero
TEST: Will prepare sandbox repository based on: [src/test/resources/_git_of_git_commit_id]
[INFO] --dirty = -DEV
[INFO] Tag refs [[Ref[refs/tags/v1.0=16c85b8d649a34c40056355af1e1f82b0d2c9d76], Ref[refs/tags/v1.1=ab60db7e7fedcae077af509e6192add421bfbb12], Ref[refs/tags/v1.2=3f437b3a14f0fed84f8786d5d7051bb5c0d6936c], Ref[refs/tags/v1.3=e89f1e7e8e7f24624ed9d19e1d35898339266072], Ref[refs/tags/v1.4=971316a891441fbc2635e33ee9c79cf183d71dbb], Ref[refs/tags/v1.5=8a2e16427355862573140fe9baa1e82ec2e921c6], Ref[refs/tags/v1.6=473aa600d2c22fc4a008d1c1d8cf50562fef5876], Ref[refs/tags/v1.7=e4da6e59adc8a7de9f029ea3cba8ec0d0b576e13], Ref[refs/tags/v1.8=b683a0108b943343f0cc0783e8309f8750f2b78c], Ref[refs/tags/v1.9=0ec2c72916ce8ae1db819f1dc78b9a2f1e611396], Ref[refs/tags/v2.0=1740fbbddc35a2c3d7da5421ee4eb61b90664802], Ref[refs/tags/v2.0.1=bd5328a463ef29ec2bd6a7ecf8e51af61a9882ab], Ref[refs/tags/v2.0.2=f0c5ac406ddde0a45a885e0ebb7eed15252d487a], Ref[refs/tags/v2.0.3=28728f43f6a9619e78c560830f1db98e271cec07], Ref[refs/tags/v2.0.4=9b0ee30af97d4ae17dffb11bd06ed67fc4451547]]]
[INFO] Resolved tag [v1.0] [PersonIdent[Konrad Malawski, konrad.malawski@project13.pl, Sat Feb 19 01:03:07 2011 +0100]], points at [commit 54acaffab11daf6f34f0ee04eddba64f2bb2265b 0 ------] 
[INFO] Resolved tag [v1.1] [PersonIdent[Konrad Malawski, konrad.malawski@project13.pl, Sat Feb 26 16:44:44 2011 +0100]], points at [commit 6cc9d99542458e164822c47488414234b6b59060 0 ------] 
[INFO] Resolved tag [v1.2] [PersonIdent[Konrad Malawski, konrad.malawski@project13.pl, Wed Apr 27 11:03:51 2011 +0200]], points at [commit 9b6e5f0501f9158a741f705d417b0ad337710984 0 ------] 
[INFO] Resolved tag [v1.3] [PersonIdent[Konrad Malawski, konrad.malawski@project13.pl, Sat May 7 23:54:24 2011 +0200]], points at [commit d142945e8c4b15c561601e58573938d6835eb467 0 ------] 
[INFO] Resolved tag [v1.4] [PersonIdent[Konrad Malawski, konrad.malawski@project13.pl, Sun May 15 21:52:59 2011 +0200]], points at [commit 9640198ad256c0c45f4aee61e474adbd9c52aeb2 0 ------] 
[INFO] Resolved tag [v1.5] [PersonIdent[Konrad Malawski, konrad.malawski@project13.pl, Sun May 15 23:54:38 2011 +0200]], points at [commit a8974bbdaab8bdf3b263af8fa3e1ae71578496d2 0 ------] 
[INFO] Resolved tag [v1.6] [PersonIdent[Konrad Malawski, konrad.malawski@project13.pl, Mon Jul 25 21:18:54 2011 +0200]], points at [commit 5205c9924e4b8cc96bba4e672d3b12627f76f30f 0 ------] 
[INFO] Resolved tag [v1.7] [PersonIdent[Konrad Malawski, konrad.malawski@project13.pl, Sat Jul 30 13:32:42 2011 +0200]], points at [commit c4a7e03ce7e0622b93421499214bb0e9f72cd14d 0 ------] 
[INFO] Resolved tag [v1.8] [PersonIdent[Konrad Malawski, konrad.malawski@project13.pl, Sun Sep 4 12:54:03 2011 +0200]], points at [commit a599a75c3a73adb9f70145e7ae13b42f7160bcdb 0 ------] 
[INFO] Resolved tag [v1.9] [PersonIdent[Konrad Malawski, konrad.malawski@project13.pl, Thu Sep 22 22:51:17 2011 +0200]], points at [commit e4f4e7a26a89a5aeae65ad0ee638c31c94bbe1dc 0 ------] 
[INFO] Resolved tag [v2.0] [PersonIdent[Konrad Malawski, konrad.malawski@project13.pl, Sat Dec 24 15:22:14 2011 +0100]], points at [commit e2d4fb2d63fb0f25ae168281d7dadfeb131bc110 0 ------] 
[INFO] Resolved tag [v2.0.1] [PersonIdent[Konrad Malawski, konrad.malawski@project13.pl, Sat Dec 24 15:25:30 2011 +0100]], points at [commit 2e1832a5a66f932f3a12ca8755f6ec2a6c425428 0 ------] 
[INFO] Resolved tag [v2.0.2] [PersonIdent[Konrad Malawski, konrad.malawski@project13.pl, Sat Jan 7 18:16:30 2012 +0100]], points at [commit f496b9d3b136572828b04bdb7f24ec9e306e58e3 0 ------] 
[INFO] Resolved tag [v2.0.3] [PersonIdent[Konrad Malawski, konrad.malawski@project13.pl, Thu Feb 23 09:19:53 2012 +0100]], points at [commit b4c925845402d0f354e8812020a4380fa4b961de 0 ------] 
[INFO] Resolved tag [v2.0.4] [PersonIdent[Konrad Malawski, konrad.malawski@project13.pl, Mon Jul 2 10:31:34 2012 +0200]], points at [commit a3b884764845d40ab1a1abdc293825ae0da55bb8 0 ------] 
[INFO] key [commit 2e1832a5a66f932f3a12ca8755f6ec2a6c425428 0 ------], tags => [[DatedRevTag{id=bd5328a463ef29ec2bd6a7ecf8e51af61a9882ab, tagName='v2.0.1', date=24 December, 2011 10:25:30 PM SGT}]] 
[INFO] key [commit 5205c9924e4b8cc96bba4e672d3b12627f76f30f 0 ------], tags => [[DatedRevTag{id=473aa600d2c22fc4a008d1c1d8cf50562fef5876, tagName='v1.6', date=26 July, 2011 3:18:54 AM SGT}]] 
[INFO] key [commit e4f4e7a26a89a5aeae65ad0ee638c31c94bbe1dc 0 ------], tags => [[DatedRevTag{id=0ec2c72916ce8ae1db819f1dc78b9a2f1e611396, tagName='v1.9', date=23 September, 2011 4:51:17 AM SGT}]] 
[INFO] key [commit a599a75c3a73adb9f70145e7ae13b42f7160bcdb 0 ------], tags => [[DatedRevTag{id=b683a0108b943343f0cc0783e8309f8750f2b78c, tagName='v1.8', date=4 September, 2011 6:54:03 PM SGT}]] 
[INFO] key [commit a8974bbdaab8bdf3b263af8fa3e1ae71578496d2 0 ------], tags => [[DatedRevTag{id=8a2e16427355862573140fe9baa1e82ec2e921c6, tagName='v1.5', date=16 May, 2011 5:54:38 AM SGT}]] 
[INFO] key [commit c4a7e03ce7e0622b93421499214bb0e9f72cd14d 0 ------], tags => [[DatedRevTag{id=e4da6e59adc8a7de9f029ea3cba8ec0d0b576e13, tagName='v1.7', date=30 July, 2011 7:32:42 PM SGT}]] 
[INFO] key [commit d142945e8c4b15c561601e58573938d6835eb467 0 ------], tags => [[DatedRevTag{id=e89f1e7e8e7f24624ed9d19e1d35898339266072, tagName='v1.3', date=8 May, 2011 5:54:24 AM SGT}]] 
[INFO] key [commit a3b884764845d40ab1a1abdc293825ae0da55bb8 0 ------], tags => [[DatedRevTag{id=9b0ee30af97d4ae17dffb11bd06ed67fc4451547, tagName='v2.0.4', date=2 July, 2012 4:31:34 PM SGT}]] 
[INFO] key [commit b4c925845402d0f354e8812020a4380fa4b961de 0 ------], tags => [[DatedRevTag{id=28728f43f6a9619e78c560830f1db98e271cec07, tagName='v2.0.3', date=23 February, 2012 4:19:53 PM SGT}]] 
[INFO] key [commit 54acaffab11daf6f34f0ee04eddba64f2bb2265b 0 ------], tags => [[DatedRevTag{id=16c85b8d649a34c40056355af1e1f82b0d2c9d76, tagName='v1.0', date=19 February, 2011 8:03:07 AM SGT}]] 
[INFO] key [commit 9640198ad256c0c45f4aee61e474adbd9c52aeb2 0 ------], tags => [[DatedRevTag{id=971316a891441fbc2635e33ee9c79cf183d71dbb, tagName='v1.4', date=16 May, 2011 3:52:59 AM SGT}]] 
[INFO] key [commit 6cc9d99542458e164822c47488414234b6b59060 0 ------], tags => [[DatedRevTag{id=ab60db7e7fedcae077af509e6192add421bfbb12, tagName='v1.1', date=26 February, 2011 11:44:44 PM SGT}]] 
[INFO] key [commit 9b6e5f0501f9158a741f705d417b0ad337710984 0 ------], tags => [[DatedRevTag{id=3f437b3a14f0fed84f8786d5d7051bb5c0d6936c, tagName='v1.2', date=27 April, 2011 5:03:51 PM SGT}]] 
[INFO] key [commit e2d4fb2d63fb0f25ae168281d7dadfeb131bc110 0 ------], tags => [[DatedRevTag{id=1740fbbddc35a2c3d7da5421ee4eb61b90664802, tagName='v2.0', date=24 December, 2011 10:22:14 PM SGT}]] 
[INFO] key [commit f496b9d3b136572828b04bdb7f24ec9e306e58e3 0 ------], tags => [[DatedRevTag{id=f0c5ac406ddde0a45a885e0ebb7eed15252d487a, tagName='v2.0.2', date=8 January, 2012 1:16:30 AM SGT}]] 
[INFO] Created map: [{commit 2e1832a5a66f932f3a12ca8755f6ec2a6c425428 0 ------=[v2.0.1], commit 5205c9924e4b8cc96bba4e672d3b12627f76f30f 0 ------=[v1.6], commit e4f4e7a26a89a5aeae65ad0ee638c31c94bbe1dc 0 ------=[v1.9], commit a599a75c3a73adb9f70145e7ae13b42f7160bcdb 0 ------=[v1.8], commit a8974bbdaab8bdf3b263af8fa3e1ae71578496d2 0 ------=[v1.5], commit c4a7e03ce7e0622b93421499214bb0e9f72cd14d 0 ------=[v1.7], commit d142945e8c4b15c561601e58573938d6835eb467 0 ------=[v1.3], commit a3b884764845d40ab1a1abdc293825ae0da55bb8 0 ------=[v2.0.4], commit b4c925845402d0f354e8812020a4380fa4b961de 0 ------=[v2.0.3], commit 54acaffab11daf6f34f0ee04eddba64f2bb2265b 0 ------=[v1.0], commit 9640198ad256c0c45f4aee61e474adbd9c52aeb2 0 ------=[v1.4], commit 6cc9d99542458e164822c47488414234b6b59060 0 ------=[v1.1], commit 9b6e5f0501f9158a741f705d417b0ad337710984 0 ------=[v1.2], commit e2d4fb2d63fb0f25ae168281d7dadfeb131bc110 0 ------=[v2.0], commit f496b9d3b136572828b04bdb7f24ec9e306e58e3 0 ------=[v2.0.2]}]
[INFO] evalCommit is [7181832b7d9afdeb86c32cf51214abfca63625be]
[main] WARN org.eclipse.jgit.lib.Repository - close() called when useCnt is already zero
TEST: Will prepare sandbox repository based on: [src/test/resources/_git_lightweight_tag_before_annotated_tag]
[INFO] --abbrev = 0
[INFO] Tag refs [[Ref[refs/tags/annotated-tag=882476235ef06c5f2cc59325a04ba761988cde36], Ref[refs/tags/lightweight-tag=d37a598a7a98531ad1375966642c6b1263129436]]]
[INFO] Resolved tag [annotated-tag] [PersonIdent[Konrad Malawski, konrad.malawski@project13.pl, Sat Aug 25 15:32:41 2012 +0200]], points at [commit 95975455ef2b1af048f2926b9ba7fb804e22171b 0 ------] 
[INFO] key [commit 95975455ef2b1af048f2926b9ba7fb804e22171b 0 ------], tags => [[DatedRevTag{id=882476235ef06c5f2cc59325a04ba761988cde36, tagName='annotated-tag', date=25 August, 2012 9:32:41 PM SGT}]] 
[INFO] Created map: [{commit 95975455ef2b1af048f2926b9ba7fb804e22171b 0 ------=[annotated-tag]}]
[INFO] evalCommit is [b6a73ed747dd8dc98642d731ddbf09824efb9d48]
[main] WARN org.eclipse.jgit.lib.Repository - close() called when useCnt is already zero
Tests run: 16, Failures: 0, Errors: 0, Skipped: 0, Time elapsed: 0.764 sec - in pl.project13.jgit.DescribeCommandIntegrationTest
Running pl.project13.jgit.DescribeCommandTagsIntegrationTest
TEST: Will prepare sandbox repository based on: [src/test/resources/_git_lightweight_tag_before_annotated_tag]
[INFO] --tags = true
[INFO] Tag refs [[Ref[refs/tags/annotated-tag=882476235ef06c5f2cc59325a04ba761988cde36], Ref[refs/tags/lightweight-tag=d37a598a7a98531ad1375966642c6b1263129436]]]
[INFO] Resolved tag [annotated-tag] [PersonIdent[Konrad Malawski, konrad.malawski@project13.pl, Sat Aug 25 15:32:41 2012 +0200]], points at [commit 95975455ef2b1af048f2926b9ba7fb804e22171b 0 ------] 
[INFO] Including lightweight tag [refs/tags/lightweight-tag]
[INFO] key [AnyObjectId[d37a598a7a98531ad1375966642c6b1263129436]], tags => [[DatedRevTag{id=d37a598a7a98531ad1375966642c6b1263129436, tagName='refs/tags/lightweight-tag', date=16 August, 0019 12:35:26 AM SGT}]] 
[INFO] key [commit 95975455ef2b1af048f2926b9ba7fb804e22171b 0 ------], tags => [[DatedRevTag{id=882476235ef06c5f2cc59325a04ba761988cde36, tagName='annotated-tag', date=25 August, 2012 9:32:41 PM SGT}]] 
[INFO] Created map: [{AnyObjectId[d37a598a7a98531ad1375966642c6b1263129436]=[lightweight-tag], commit 95975455ef2b1af048f2926b9ba7fb804e22171b 0 ------=[annotated-tag]}]
[INFO] evalCommit is [b6a73ed747dd8dc98642d731ddbf09824efb9d48]
[main] WARN org.eclipse.jgit.lib.Repository - close() called when useCnt is already zero
TEST: Will prepare sandbox repository based on: [src/test/resources/_git_lightweight_tag_before_annotated_tag]
[INFO] Tag refs [[Ref[refs/tags/annotated-tag=882476235ef06c5f2cc59325a04ba761988cde36], Ref[refs/tags/lightweight-tag=d37a598a7a98531ad1375966642c6b1263129436]]]
[INFO] Resolved tag [annotated-tag] [PersonIdent[Konrad Malawski, konrad.malawski@project13.pl, Sat Aug 25 15:32:41 2012 +0200]], points at [commit 95975455ef2b1af048f2926b9ba7fb804e22171b 0 ------] 
[INFO] key [commit 95975455ef2b1af048f2926b9ba7fb804e22171b 0 ------], tags => [[DatedRevTag{id=882476235ef06c5f2cc59325a04ba761988cde36, tagName='annotated-tag', date=25 August, 2012 9:32:41 PM SGT}]] 
[INFO] Created map: [{commit 95975455ef2b1af048f2926b9ba7fb804e22171b 0 ------=[annotated-tag]}]
[INFO] evalCommit is [b6a73ed747dd8dc98642d731ddbf09824efb9d48]
[main] WARN org.eclipse.jgit.lib.Repository - close() called when useCnt is already zero
TEST: Will prepare sandbox repository based on: [src/test/resources/_git_lightweight_tag_before_annotated_tag]
TEST: Will prepare sandbox repository based on: [src/test/resources/_git_lightweight_tag_before_annotated_tag]
[INFO] --tags = true
[INFO] Tag refs [[Ref[refs/tags/0.0.1-SNAPSHOT=6edb718f52e803a21f44529b2cb4d872722a1b6d], Ref[refs/tags/OName-0.0.1=c228c5e1aadb00faecd6505e668faaa2fbcbbe83], Ref[refs/tags/annotated-tag=882476235ef06c5f2cc59325a04ba761988cde36], Ref[refs/tags/lightweight-tag=d37a598a7a98531ad1375966642c6b1263129436]]]
[INFO] Resolved tag [0.0.1-SNAPSHOT] [PersonIdent[Chenguang-Zhu, cgzhu@utexas.edu, Fri Aug 16 00:35:26 2019 +0800]], points at [commit b6a73ed747dd8dc98642d731ddbf09824efb9d48 1345901523 -----p] 
[INFO] Resolved tag [OName-0.0.1] [PersonIdent[Chenguang-Zhu, cgzhu@utexas.edu, Fri Aug 16 00:35:28 2019 +0800]], points at [commit b6a73ed747dd8dc98642d731ddbf09824efb9d48 1345901523 -----p] 
[INFO] Resolved tag [annotated-tag] [PersonIdent[Konrad Malawski, konrad.malawski@project13.pl, Sat Aug 25 15:32:41 2012 +0200]], points at [commit 95975455ef2b1af048f2926b9ba7fb804e22171b 0 ------] 
[INFO] Including lightweight tag [refs/tags/lightweight-tag]
[INFO] key [AnyObjectId[d37a598a7a98531ad1375966642c6b1263129436]], tags => [[DatedRevTag{id=d37a598a7a98531ad1375966642c6b1263129436, tagName='refs/tags/lightweight-tag', date=16 August, 0019 12:35:28 AM SGT}]] 
[INFO] key [commit b6a73ed747dd8dc98642d731ddbf09824efb9d48 1345901523 -----p], tags => [[DatedRevTag{id=6edb718f52e803a21f44529b2cb4d872722a1b6d, tagName='0.0.1-SNAPSHOT', date=16 August, 2019 12:35:26 AM SGT}, DatedRevTag{id=c228c5e1aadb00faecd6505e668faaa2fbcbbe83, tagName='OName-0.0.1', date=16 August, 2019 12:35:28 AM SGT}]] 
[INFO] key [commit 95975455ef2b1af048f2926b9ba7fb804e22171b 0 ------], tags => [[DatedRevTag{id=882476235ef06c5f2cc59325a04ba761988cde36, tagName='annotated-tag', date=25 August, 2012 9:32:41 PM SGT}]] 
[INFO] Created map: [{AnyObjectId[d37a598a7a98531ad1375966642c6b1263129436]=[lightweight-tag], commit b6a73ed747dd8dc98642d731ddbf09824efb9d48 1345901523 -----p=[OName-0.0.1, 0.0.1-SNAPSHOT], commit 95975455ef2b1af048f2926b9ba7fb804e22171b 0 ------=[annotated-tag]}]
[INFO] evalCommit is [b6a73ed747dd8dc98642d731ddbf09824efb9d48]
[INFO] The commit we're on is a Tag ([OName-0.0.1]) and forceLongFormat == false, returning.
[main] WARN org.eclipse.jgit.lib.Repository - close() called when useCnt is already zero
TEST: Will prepare sandbox repository based on: [src/test/resources/_git_lightweight_tag_before_annotated_tag]
TEST: Will prepare sandbox repository based on: [src/test/resources/_git_lightweight_tag_before_annotated_tag]
[INFO] --tags = true
[INFO] Tag refs [[Ref[refs/tags/0.0.1-SNAPSHOT=89e1979c54576512e68b11aa1e00cb8449c8f86e], Ref[refs/tags/OName-0.0.1=c228c5e1aadb00faecd6505e668faaa2fbcbbe83], Ref[refs/tags/annotated-tag=882476235ef06c5f2cc59325a04ba761988cde36], Ref[refs/tags/lightweight-tag=d37a598a7a98531ad1375966642c6b1263129436]]]
[INFO] Resolved tag [0.0.1-SNAPSHOT] [PersonIdent[Chenguang-Zhu, cgzhu@utexas.edu, Fri Aug 16 00:35:28 2019 +0800]], points at [commit b6a73ed747dd8dc98642d731ddbf09824efb9d48 1345901523 -----p] 
[INFO] Resolved tag [OName-0.0.1] [PersonIdent[Chenguang-Zhu, cgzhu@utexas.edu, Fri Aug 16 00:35:28 2019 +0800]], points at [commit b6a73ed747dd8dc98642d731ddbf09824efb9d48 1345901523 -----p] 
[INFO] Resolved tag [annotated-tag] [PersonIdent[Konrad Malawski, konrad.malawski@project13.pl, Sat Aug 25 15:32:41 2012 +0200]], points at [commit 95975455ef2b1af048f2926b9ba7fb804e22171b 0 ------] 
[INFO] Including lightweight tag [refs/tags/lightweight-tag]
[INFO] key [AnyObjectId[d37a598a7a98531ad1375966642c6b1263129436]], tags => [[DatedRevTag{id=d37a598a7a98531ad1375966642c6b1263129436, tagName='refs/tags/lightweight-tag', date=16 August, 0019 12:35:28 AM SGT}]] 
[INFO] key [commit b6a73ed747dd8dc98642d731ddbf09824efb9d48 1345901523 -----p], tags => [[DatedRevTag{id=89e1979c54576512e68b11aa1e00cb8449c8f86e, tagName='0.0.1-SNAPSHOT', date=16 August, 2019 12:35:28 AM SGT}, DatedRevTag{id=c228c5e1aadb00faecd6505e668faaa2fbcbbe83, tagName='OName-0.0.1', date=16 August, 2019 12:35:28 AM SGT}]] 
[INFO] key [commit 95975455ef2b1af048f2926b9ba7fb804e22171b 0 ------], tags => [[DatedRevTag{id=882476235ef06c5f2cc59325a04ba761988cde36, tagName='annotated-tag', date=25 August, 2012 9:32:41 PM SGT}]] 
[INFO] Created map: [{AnyObjectId[d37a598a7a98531ad1375966642c6b1263129436]=[lightweight-tag], commit b6a73ed747dd8dc98642d731ddbf09824efb9d48 1345901523 -----p=[0.0.1-SNAPSHOT, OName-0.0.1], commit 95975455ef2b1af048f2926b9ba7fb804e22171b 0 ------=[annotated-tag]}]
[INFO] evalCommit is [b6a73ed747dd8dc98642d731ddbf09824efb9d48]
[INFO] The commit we're on is a Tag ([0.0.1-SNAPSHOT]) and forceLongFormat == false, returning.
[main] WARN org.eclipse.jgit.lib.Repository - close() called when useCnt is already zero
TEST: Will prepare sandbox repository based on: [src/test/resources/_git_lightweight_tag_before_annotated_tag]
[INFO] --tags = true
[INFO] Tag refs [[Ref[refs/tags/annotated-tag=882476235ef06c5f2cc59325a04ba761988cde36], Ref[refs/tags/lightweight-tag=d37a598a7a98531ad1375966642c6b1263129436]]]
[INFO] Resolved tag [annotated-tag] [PersonIdent[Konrad Malawski, konrad.malawski@project13.pl, Sat Aug 25 15:32:41 2012 +0200]], points at [commit 95975455ef2b1af048f2926b9ba7fb804e22171b 0 ------] 
[INFO] Including lightweight tag [refs/tags/lightweight-tag]
[INFO] key [AnyObjectId[d37a598a7a98531ad1375966642c6b1263129436]], tags => [[DatedRevTag{id=d37a598a7a98531ad1375966642c6b1263129436, tagName='refs/tags/lightweight-tag', date=16 August, 0019 12:35:28 AM SGT}]] 
[INFO] key [commit 95975455ef2b1af048f2926b9ba7fb804e22171b 0 ------], tags => [[DatedRevTag{id=882476235ef06c5f2cc59325a04ba761988cde36, tagName='annotated-tag', date=25 August, 2012 9:32:41 PM SGT}]] 
[INFO] Created map: [{AnyObjectId[d37a598a7a98531ad1375966642c6b1263129436]=[lightweight-tag], commit 95975455ef2b1af048f2926b9ba7fb804e22171b 0 ------=[annotated-tag]}]
[INFO] evalCommit is [b6a73ed747dd8dc98642d731ddbf09824efb9d48]
[main] WARN org.eclipse.jgit.lib.Repository - close() called when useCnt is already zero
TEST: Will prepare sandbox repository based on: [src/test/resources/_git_lightweight_tag_before_annotated_tag]
[INFO] --tags = true
[INFO] --match = annotated*
[INFO] Tag refs [[Ref[refs/tags/annotated-tag=882476235ef06c5f2cc59325a04ba761988cde36], Ref[refs/tags/lightweight-tag=d37a598a7a98531ad1375966642c6b1263129436]]]
[INFO] Resolved tag [annotated-tag] [PersonIdent[Konrad Malawski, konrad.malawski@project13.pl, Sat Aug 25 15:32:41 2012 +0200]], points at [commit 95975455ef2b1af048f2926b9ba7fb804e22171b 0 ------] 
[INFO] Skipping tagRef with name [refs/tags/lightweight-tag] as it doesn't match [^refs/tags/\Qannotated\E.*\Q\E$]
[INFO] key [commit 95975455ef2b1af048f2926b9ba7fb804e22171b 0 ------], tags => [[DatedRevTag{id=882476235ef06c5f2cc59325a04ba761988cde36, tagName='annotated-tag', date=25 August, 2012 9:32:41 PM SGT}]] 
[INFO] Created map: [{commit 95975455ef2b1af048f2926b9ba7fb804e22171b 0 ------=[annotated-tag]}]
[INFO] evalCommit is [b6a73ed747dd8dc98642d731ddbf09824efb9d48]
[main] WARN org.eclipse.jgit.lib.Repository - close() called when useCnt is already zero
Tests run: 6, Failures: 0, Errors: 0, Skipped: 0, Time elapsed: 2.078 sec - in pl.project13.jgit.DescribeCommandTagsIntegrationTest

Results :

Tests run: 185, Failures: 0, Errors: 0, Skipped: 1

[INFO] ------------------------------------------------------------------------
[INFO] BUILD SUCCESS
[INFO] ------------------------------------------------------------------------
[INFO] Total time: 28.157 s
[INFO] Finished at: 2019-08-16T00:35:29+08:00
[INFO] ------------------------------------------------------------------------
