[VERSION]: 2.8.5
[INFO] Scanning for projects...
[WARNING] 
[WARNING] Some problems were encountered while building the effective model for org.reflections:reflections:jar:0.9.11
[WARNING] 'build.plugins.plugin.version' for org.apache.maven.plugins:maven-compiler-plugin is missing. @ line 226, column 21
[WARNING] 
[WARNING] It is highly recommended to fix these problems because they threaten the stability of your build.
[WARNING] 
[WARNING] For this reason, future Maven versions might no longer support building such malformed projects.
[WARNING] 
[INFO] 
[INFO] --------------------< org.reflections:reflections >---------------------
[INFO] Building Reflections 0.9.11
[INFO] --------------------------------[ jar ]---------------------------------
[INFO] 
[INFO] --- maven-clean-plugin:2.5:clean (default-clean) @ reflections ---
[INFO] Deleting /home/cgzhu/projects/gitslice/resources/facts/upgrade_jars_exp/_downloads/reflections/target
[INFO] 
[INFO] --- maven-dependency-plugin:2.8:list (default-cli) @ reflections ---
[INFO] 
[INFO] The following files have been resolved:
[INFO]    org.javassist:javassist:jar:3.21.0-GA:compile
[INFO]    org.slf4j:slf4j-simple:jar:1.7.24:compile
[INFO]    javax.servlet:servlet-api:jar:2.5:provided
[INFO]    xml-apis:xml-apis:jar:1.0.b2:compile
[INFO]    org.hamcrest:hamcrest-core:jar:1.3:test
[INFO]    com.google.code.gson:gson:jar:2.8.5:compile
[INFO]    org.slf4j:slf4j-api:jar:1.7.24:compile
[INFO]    dom4j:dom4j:jar:1.6.1:compile
[INFO]    com.google.code.findbugs:jsr305:jar:3.0.1:provided
[INFO]    junit:junit:jar:4.12:test
[INFO]    com.google.guava:guava:jar:20.0:compile
[INFO] 
[INFO] 
[INFO] --- maven-resources-plugin:2.6:resources (default-resources) @ reflections ---
[WARNING] Using platform encoding (UTF-8 actually) to copy filtered resources, i.e. build is platform dependent!
[INFO] skip non existing resourceDirectory /home/cgzhu/projects/gitslice/resources/facts/upgrade_jars_exp/_downloads/reflections/src/main/resources
[INFO] 
[INFO] --- maven-compiler-plugin:3.1:compile (default-compile) @ reflections ---
[INFO] Changes detected - recompiling the module!
[WARNING] File encoding has not been set, using platform encoding UTF-8, i.e. build is platform dependent!
[INFO] Compiling 36 source files to /home/cgzhu/projects/gitslice/resources/facts/upgrade_jars_exp/_downloads/reflections/target/classes
[WARNING] /home/cgzhu/projects/gitslice/resources/facts/upgrade_jars_exp/_downloads/reflections/src/main/java/org/reflections/Store.java: Some input files use or override a deprecated API.
[WARNING] /home/cgzhu/projects/gitslice/resources/facts/upgrade_jars_exp/_downloads/reflections/src/main/java/org/reflections/Store.java: Recompile with -Xlint:deprecation for details.
[WARNING] /home/cgzhu/projects/gitslice/resources/facts/upgrade_jars_exp/_downloads/reflections/src/main/java/org/reflections/Reflections.java: Some input files use unchecked or unsafe operations.
[WARNING] /home/cgzhu/projects/gitslice/resources/facts/upgrade_jars_exp/_downloads/reflections/src/main/java/org/reflections/Reflections.java: Recompile with -Xlint:unchecked for details.
[INFO] 
[INFO] --- maven-resources-plugin:2.6:testResources (default-testResources) @ reflections ---
[WARNING] Using platform encoding (UTF-8 actually) to copy filtered resources, i.e. build is platform dependent!
[INFO] Copying 4 resources
[INFO] 
[INFO] --- maven-compiler-plugin:3.1:testCompile (default-testCompile) @ reflections ---
[INFO] Changes detected - recompiling the module!
[WARNING] File encoding has not been set, using platform encoding UTF-8, i.e. build is platform dependent!
[INFO] Compiling 11 source files to /home/cgzhu/projects/gitslice/resources/facts/upgrade_jars_exp/_downloads/reflections/target/test-classes
[WARNING] /home/cgzhu/projects/gitslice/resources/facts/upgrade_jars_exp/_downloads/reflections/src/test/java/org/reflections/ClasspathHelperTest.java:[6,16] sun.misc.ClassLoaderUtil is internal proprietary API and may be removed in a future release
[WARNING] /home/cgzhu/projects/gitslice/resources/facts/upgrade_jars_exp/_downloads/reflections/src/test/java/org/reflections/ReflectionsExpandSupertypesTest.java: Some input files use or override a deprecated API.
[WARNING] /home/cgzhu/projects/gitslice/resources/facts/upgrade_jars_exp/_downloads/reflections/src/test/java/org/reflections/ReflectionsExpandSupertypesTest.java: Recompile with -Xlint:deprecation for details.
[INFO] 
[INFO] --- maven-surefire-plugin:2.12.4:test (default-test) @ reflections ---
[INFO] Surefire report directory: /home/cgzhu/projects/gitslice/resources/facts/upgrade_jars_exp/_downloads/reflections/target/surefire-reports

-------------------------------------------------------
 T E S T S
-------------------------------------------------------
Running org.reflections.ReflectionsTest
[main] INFO org.reflections.Reflections - Reflections took 86 ms to scan 1 urls, producing 50 keys and 152 values 
[main] INFO org.reflections.Reflections - Reflections took 12 ms to scan 1 urls, producing 2 keys and 2 values 
[main] INFO org.reflections.Reflections - Reflections took 3 ms to scan 1 urls, producing 15 keys and 37 values 
Tests run: 11, Failures: 0, Errors: 0, Skipped: 0, Time elapsed: 0.208 sec
Running org.reflections.JavaCodeSerializerTest
[main] INFO org.reflections.Reflections - Reflections took 4 ms to scan 1 urls, producing 22 keys and 73 values 
[main] INFO org.reflections.Reflections - Reflections successfully saved in /home/cgzhu/projects/gitslice/resources/facts/upgrade_jars_exp/_downloads/reflections/src/test/java/org/reflections/MyTestModelStore.java using JavaCodeSerializer
Tests run: 1, Failures: 0, Errors: 0, Skipped: 0, Time elapsed: 0.017 sec
Running org.reflections.FilterBuilderTest
Tests run: 17, Failures: 0, Errors: 0, Skipped: 0, Time elapsed: 0.003 sec
Running org.reflections.ReflectionUtilsTest
[main] INFO org.reflections.Reflections - Reflections took 10 ms to scan 1 urls, producing 1 keys and 2 values 
Tests run: 4, Failures: 0, Errors: 0, Skipped: 0, Time elapsed: 0.019 sec
Running org.reflections.ClasspathHelperTest
Tests run: 1, Failures: 0, Errors: 0, Skipped: 0, Time elapsed: 0.001 sec
Running org.reflections.VfsTest
testVfsDir(file:/home/cgzhu/projects/gitslice/resources/facts/upgrade_jars_exp/_downloads/reflections/)
testVfsDir(file:/home/cgzhu/opt/jdk1.8.0_151/jre/lib/ext/sunpkcs11.jar)
testVfsDir(file:/home/cgzhu/projects/gitslice/resources/facts/upgrade_jars_exp/_downloads/reflections/target/test-classes/dir+with%20spaces)
testVfsDir(jar:file:/home/cgzhu/opt/jdk1.8.0_151/jre/lib/ext/sunpkcs11.jar!/)
Tests run: 11, Failures: 0, Errors: 0, Skipped: 1, Time elapsed: 0.106 sec
Running org.reflections.ReflectionsParallelTest
[main] INFO org.reflections.Reflections - Reflections took 12 ms to scan 1 urls, producing 50 keys and 152 values [using 12 cores]
[main] INFO org.reflections.Reflections - Reflections took 2 ms to scan 1 urls, producing 2 keys and 2 values 
[main] INFO org.reflections.Reflections - Reflections took 4 ms to scan 1 urls, producing 15 keys and 37 values 
Tests run: 11, Failures: 0, Errors: 0, Skipped: 0, Time elapsed: 0.029 sec
Running org.reflections.ReflectionsCollectTest
[main] INFO org.reflections.Reflections - Reflections took 5 ms to scan 1 urls, producing 37 keys and 100 values 
[main] INFO org.reflections.Reflections - Reflections successfully saved in /home/cgzhu/projects/gitslice/resources/facts/upgrade_jars_exp/_downloads/reflections/target/test-classes/META-INF/reflections/testModel-reflections.xml using XmlSerializer
[main] INFO org.reflections.Reflections - Reflections took 2 ms to scan 1 urls, producing 12 keys and 50 values 
[main] INFO org.reflections.Reflections - Reflections successfully saved in /home/cgzhu/projects/gitslice/resources/facts/upgrade_jars_exp/_downloads/reflections/target/test-classes/META-INF/reflections/testModel-reflections.json using JsonSerializer
[main] INFO org.reflections.Reflections - Reflections took 27 ms to collect 1 url, producing 38 keys and 102 values [file:/home/cgzhu/projects/gitslice/resources/facts/upgrade_jars_exp/_downloads/reflections/target/test-classes/]
[main] INFO org.reflections.Reflections - Reflections took 4 ms to collect 1 url, producing 12 keys and 50 values [file:/home/cgzhu/projects/gitslice/resources/facts/upgrade_jars_exp/_downloads/reflections/target/test-classes/]
[main] INFO org.reflections.Reflections - Reflections took 2 ms to scan 1 urls, producing 4 keys and 4 values 
[main] INFO org.reflections.Reflections - Reflections took 2 ms to scan 1 urls, producing 15 keys and 37 values 
Tests run: 11, Failures: 0, Errors: 0, Skipped: 0, Time elapsed: 0.095 sec
Running org.reflections.ReflectionsExpandSupertypesTest
[main] INFO org.reflections.Reflections - Reflections took 2 ms to scan 1 urls, producing 1 keys and 2 values 
[main] INFO org.reflections.Reflections - Reflections took 1 ms to scan 1 urls, producing 1 keys and 2 values 
Tests run: 2, Failures: 0, Errors: 0, Skipped: 0, Time elapsed: 0.004 sec

Results :

Tests run: 69, Failures: 0, Errors: 0, Skipped: 1

[INFO] ------------------------------------------------------------------------
[INFO] BUILD SUCCESS
[INFO] ------------------------------------------------------------------------
[INFO] Total time: 2.381 s
[INFO] Finished at: 2019-08-16T07:48:27+08:00
[INFO] ------------------------------------------------------------------------
