[VERSION]: 1.2.3
[INFO] Scanning for projects...
[WARNING] The project net.logstash.logback:logstash-logback-encoder:jar:5.1 uses prerequisites which is only intended for maven-plugin projects but not for non maven-plugin projects. For such purposes you should use the maven-enforcer-plugin. See https://maven.apache.org/enforcer/enforcer-rules/requireMavenVersion.html
Downloading from central: https://repo.maven.apache.org/maven2/org/apache/maven/plugins/maven-enforcer-plugin/1.4/maven-enforcer-plugin-1.4.pom
Progress (1): 2.2/7.3 kB
Progress (1): 5.0/7.3 kB
Progress (1): 7.3 kB    
                    
Downloaded from central: https://repo.maven.apache.org/maven2/org/apache/maven/plugins/maven-enforcer-plugin/1.4/maven-enforcer-plugin-1.4.pom (7.3 kB at 6.7 kB/s)
Downloading from central: https://repo.maven.apache.org/maven2/org/apache/maven/enforcer/enforcer/1.4/enforcer-1.4.pom
Progress (1): 2.2/7.2 kB
Progress (1): 5.0/7.2 kB
Progress (1): 7.2 kB    
                    
Downloaded from central: https://repo.maven.apache.org/maven2/org/apache/maven/enforcer/enforcer/1.4/enforcer-1.4.pom (7.2 kB at 19 kB/s)
Downloading from central: https://repo.maven.apache.org/maven2/org/apache/maven/plugins/maven-enforcer-plugin/1.4/maven-enforcer-plugin-1.4.jar
Progress (1): 2.2/31 kB
Progress (1): 5.0/31 kB
Progress (1): 7.7/31 kB
Progress (1): 10/31 kB 
Progress (1): 13/31 kB
Progress (1): 16/31 kB
Progress (1): 19/31 kB
Progress (1): 21/31 kB
Progress (1): 24/31 kB
Progress (1): 27/31 kB
Progress (1): 30/31 kB
Progress (1): 31 kB   
                   
Downloaded from central: https://repo.maven.apache.org/maven2/org/apache/maven/plugins/maven-enforcer-plugin/1.4/maven-enforcer-plugin-1.4.jar (31 kB at 57 kB/s)
Downloading from central: https://repo.maven.apache.org/maven2/org/codehaus/mojo/animal-sniffer-maven-plugin/1.16/animal-sniffer-maven-plugin-1.16.pom
Progress (1): 2.2/5.6 kB
Progress (1): 5.0/5.6 kB
Progress (1): 5.6 kB    
                    
Downloaded from central: https://repo.maven.apache.org/maven2/org/codehaus/mojo/animal-sniffer-maven-plugin/1.16/animal-sniffer-maven-plugin-1.16.pom (5.6 kB at 15 kB/s)
Downloading from central: https://repo.maven.apache.org/maven2/org/codehaus/mojo/animal-sniffer-parent/1.16/animal-sniffer-parent-1.16.pom
Progress (1): 2.2/5.6 kB
Progress (1): 5.0/5.6 kB
Progress (1): 5.6 kB    
                    
Downloaded from central: https://repo.maven.apache.org/maven2/org/codehaus/mojo/animal-sniffer-parent/1.16/animal-sniffer-parent-1.16.pom (5.6 kB at 15 kB/s)
Downloading from central: https://repo.maven.apache.org/maven2/org/codehaus/mojo/animal-sniffer-maven-plugin/1.16/animal-sniffer-maven-plugin-1.16.jar
Progress (1): 2.2/33 kB
Progress (1): 5.0/33 kB
Progress (1): 7.7/33 kB
Progress (1): 10/33 kB 
Progress (1): 13/33 kB
Progress (1): 16/33 kB
Progress (1): 19/33 kB
Progress (1): 21/33 kB
Progress (1): 24/33 kB
Progress (1): 27/33 kB
Progress (1): 30/33 kB
Progress (1): 32/33 kB
Progress (1): 33 kB   
                   
Downloaded from central: https://repo.maven.apache.org/maven2/org/codehaus/mojo/animal-sniffer-maven-plugin/1.16/animal-sniffer-maven-plugin-1.16.jar (33 kB at 88 kB/s)
Downloading from central: https://repo.maven.apache.org/maven2/org/apache/maven/plugins/maven-release-plugin/2.4.2/maven-release-plugin-2.4.2.pom
Progress (1): 2.2/11 kB
Progress (1): 5.0/11 kB
Progress (1): 7.8/11 kB
Progress (1): 11/11 kB 
Progress (1): 11 kB   
                   
Downloaded from central: https://repo.maven.apache.org/maven2/org/apache/maven/plugins/maven-release-plugin/2.4.2/maven-release-plugin-2.4.2.pom (11 kB at 31 kB/s)
Downloading from central: https://repo.maven.apache.org/maven2/org/apache/maven/release/maven-release/2.4.2/maven-release-2.4.2.pom
Progress (1): 2.2/4.8 kB
Progress (1): 4.8 kB    
                    
Downloaded from central: https://repo.maven.apache.org/maven2/org/apache/maven/release/maven-release/2.4.2/maven-release-2.4.2.pom (4.8 kB at 13 kB/s)
Downloading from central: https://repo.maven.apache.org/maven2/org/apache/maven/plugins/maven-release-plugin/2.4.2/maven-release-plugin-2.4.2.jar
Progress (1): 2.2/51 kB
Progress (1): 5.0/51 kB
Progress (1): 7.7/51 kB
Progress (1): 10/51 kB 
Progress (1): 13/51 kB
Progress (1): 16/51 kB
Progress (1): 19/51 kB
Progress (1): 21/51 kB
Progress (1): 24/51 kB
Progress (1): 27/51 kB
Progress (1): 30/51 kB
Progress (1): 32/51 kB
Progress (1): 36/51 kB
Progress (1): 40/51 kB
Progress (1): 45/51 kB
Progress (1): 49/51 kB
Progress (1): 51 kB   
                   
Downloaded from central: https://repo.maven.apache.org/maven2/org/apache/maven/plugins/maven-release-plugin/2.4.2/maven-release-plugin-2.4.2.jar (51 kB at 92 kB/s)
Downloading from central: https://repo.maven.apache.org/maven2/org/apache/maven/plugins/maven-javadoc-plugin/3.0.0/maven-javadoc-plugin-3.0.0.pom
Progress (1): 4.1/18 kB
Progress (1): 7.7/18 kB
Progress (1): 12/18 kB 
Progress (1): 16/18 kB
Progress (1): 18 kB   
                   
Downloaded from central: https://repo.maven.apache.org/maven2/org/apache/maven/plugins/maven-javadoc-plugin/3.0.0/maven-javadoc-plugin-3.0.0.pom (18 kB at 49 kB/s)
Downloading from central: https://repo.maven.apache.org/maven2/org/apache/maven/plugins/maven-javadoc-plugin/3.0.0/maven-javadoc-plugin-3.0.0.jar
Progress (1): 4.1/416 kB
Progress (1): 7.7/416 kB
Progress (1): 12/416 kB 
Progress (1): 16/416 kB
Progress (1): 20/416 kB
Progress (1): 24/416 kB
Progress (1): 28/416 kB
Progress (1): 32/416 kB
Progress (1): 36/416 kB
Progress (1): 40/416 kB
Progress (1): 45/416 kB
Progress (1): 49/416 kB
Progress (1): 53/416 kB
Progress (1): 57/416 kB
Progress (1): 61/416 kB
Progress (1): 65/416 kB
Progress (1): 69/416 kB
Progress (1): 73/416 kB
Progress (1): 77/416 kB
Progress (1): 81/416 kB
Progress (1): 85/416 kB
Progress (1): 90/416 kB
Progress (1): 94/416 kB
Progress (1): 98/416 kB
Progress (1): 102/416 kB
Progress (1): 106/416 kB
Progress (1): 110/416 kB
Progress (1): 114/416 kB
Progress (1): 118/416 kB
Progress (1): 122/416 kB
Progress (1): 126/416 kB
Progress (1): 131/416 kB
Progress (1): 135/416 kB
Progress (1): 139/416 kB
Progress (1): 143/416 kB
Progress (1): 147/416 kB
Progress (1): 151/416 kB
Progress (1): 155/416 kB
Progress (1): 159/416 kB
Progress (1): 163/416 kB
Progress (1): 167/416 kB
Progress (1): 171/416 kB
Progress (1): 176/416 kB
Progress (1): 180/416 kB
Progress (1): 184/416 kB
Progress (1): 188/416 kB
Progress (1): 192/416 kB
Progress (1): 196/416 kB
Progress (1): 200/416 kB
Progress (1): 204/416 kB
Progress (1): 208/416 kB
Progress (1): 212/416 kB
Progress (1): 217/416 kB
Progress (1): 221/416 kB
Progress (1): 225/416 kB
Progress (1): 229/416 kB
Progress (1): 233/416 kB
Progress (1): 237/416 kB
Progress (1): 241/416 kB
Progress (1): 245/416 kB
Progress (1): 249/416 kB
Progress (1): 253/416 kB
Progress (1): 258/416 kB
Progress (1): 262/416 kB
Progress (1): 266/416 kB
Progress (1): 270/416 kB
Progress (1): 274/416 kB
Progress (1): 278/416 kB
Progress (1): 282/416 kB
Progress (1): 286/416 kB
Progress (1): 290/416 kB
Progress (1): 294/416 kB
Progress (1): 298/416 kB
Progress (1): 303/416 kB
Progress (1): 307/416 kB
Progress (1): 311/416 kB
Progress (1): 315/416 kB
Progress (1): 319/416 kB
Progress (1): 323/416 kB
Progress (1): 327/416 kB
Progress (1): 331/416 kB
Progress (1): 335/416 kB
Progress (1): 339/416 kB
Progress (1): 344/416 kB
Progress (1): 348/416 kB
Progress (1): 352/416 kB
Progress (1): 356/416 kB
Progress (1): 360/416 kB
Progress (1): 364/416 kB
Progress (1): 368/416 kB
Progress (1): 372/416 kB
Progress (1): 376/416 kB
Progress (1): 380/416 kB
Progress (1): 384/416 kB
Progress (1): 389/416 kB
Progress (1): 393/416 kB
Progress (1): 397/416 kB
Progress (1): 401/416 kB
Progress (1): 405/416 kB
Progress (1): 409/416 kB
Progress (1): 413/416 kB
Progress (1): 416 kB    
                    
Downloaded from central: https://repo.maven.apache.org/maven2/org/apache/maven/plugins/maven-javadoc-plugin/3.0.0/maven-javadoc-plugin-3.0.0.jar (416 kB at 568 kB/s)
[INFO] 
[INFO] -----------< net.logstash.logback:logstash-logback-encoder >------------
[INFO] Building Logstash Logback Encoder 5.1
[INFO] --------------------------------[ jar ]---------------------------------
Downloading from central: https://repo.maven.apache.org/maven2/ch/qos/logback/logback-access/1.2.3/logback-access-1.2.3.pom
Progress (1): 2.2/5.8 kB
Progress (1): 5.0/5.8 kB
Progress (1): 5.8 kB    
                    
Downloaded from central: https://repo.maven.apache.org/maven2/ch/qos/logback/logback-access/1.2.3/logback-access-1.2.3.pom (5.8 kB at 16 kB/s)
Downloading from central: https://repo.maven.apache.org/maven2/com/fasterxml/uuid/java-uuid-generator/3.1.4/java-uuid-generator-3.1.4.pom
Progress (1): 2.2/6.9 kB
Progress (1): 5.0/6.9 kB
Progress (1): 6.9 kB    
                    
Downloaded from central: https://repo.maven.apache.org/maven2/com/fasterxml/uuid/java-uuid-generator/3.1.4/java-uuid-generator-3.1.4.pom (6.9 kB at 19 kB/s)
Downloading from central: https://repo.maven.apache.org/maven2/com/fasterxml/oss-parent/18/oss-parent-18.pom
Progress (1): 2.2/19 kB
Progress (1): 5.0/19 kB
Progress (1): 7.8/19 kB
Progress (1): 11/19 kB 
Progress (1): 13/19 kB
Progress (1): 16/19 kB
Progress (1): 19/19 kB
Progress (1): 19 kB   
                   
Downloaded from central: https://repo.maven.apache.org/maven2/com/fasterxml/oss-parent/18/oss-parent-18.pom (19 kB at 52 kB/s)
Downloading from central: https://repo.maven.apache.org/maven2/com/lmax/disruptor/3.3.8/disruptor-3.3.8.pom
Progress (1): 1.3 kB
                    
Downloaded from central: https://repo.maven.apache.org/maven2/com/lmax/disruptor/3.3.8/disruptor-3.3.8.pom (1.3 kB at 3.6 kB/s)
Downloading from central: https://repo.maven.apache.org/maven2/org/codehaus/mojo/animal-sniffer-annotations/1.16/animal-sniffer-annotations-1.16.pom
Progress (1): 2.2/2.6 kB
Progress (1): 2.6 kB    
                    
Downloaded from central: https://repo.maven.apache.org/maven2/org/codehaus/mojo/animal-sniffer-annotations/1.16/animal-sniffer-annotations-1.16.pom (2.6 kB at 7.2 kB/s)
Downloading from central: https://repo.maven.apache.org/maven2/org/assertj/assertj-core/2.9.0/assertj-core-2.9.0.pom
Progress (1): 2.2/8.2 kB
Progress (1): 5.0/8.2 kB
Progress (1): 7.8/8.2 kB
Progress (1): 8.2 kB    
                    
Downloaded from central: https://repo.maven.apache.org/maven2/org/assertj/assertj-core/2.9.0/assertj-core-2.9.0.pom (8.2 kB at 23 kB/s)
Downloading from central: https://repo.maven.apache.org/maven2/org/assertj/assertj-parent-pom/2.1.6/assertj-parent-pom-2.1.6.pom
Progress (1): 2.8/15 kB
Progress (1): 5.5/15 kB
Progress (1): 8.3/15 kB
Progress (1): 11/15 kB 
Progress (1): 14/15 kB
Progress (1): 15 kB   
                   
Downloaded from central: https://repo.maven.apache.org/maven2/org/assertj/assertj-parent-pom/2.1.6/assertj-parent-pom-2.1.6.pom (15 kB at 42 kB/s)
Downloading from central: https://repo.maven.apache.org/maven2/org/mockito/mockito-core/2.9.0/mockito-core-2.9.0.pom
Progress (1): 2.2/15 kB
Progress (1): 5.0/15 kB
Progress (1): 7.8/15 kB
Progress (1): 11/15 kB 
Progress (1): 13/15 kB
Progress (1): 15 kB   
                   
Downloaded from central: https://repo.maven.apache.org/maven2/org/mockito/mockito-core/2.9.0/mockito-core-2.9.0.pom (15 kB at 41 kB/s)
Downloading from central: https://repo.maven.apache.org/maven2/net/bytebuddy/byte-buddy/1.7.0/byte-buddy-1.7.0.pom
Progress (1): 2.2/12 kB
Progress (1): 5.0/12 kB
Progress (1): 7.8/12 kB
Progress (1): 11/12 kB 
Progress (1): 12 kB   
                   
Downloaded from central: https://repo.maven.apache.org/maven2/net/bytebuddy/byte-buddy/1.7.0/byte-buddy-1.7.0.pom (12 kB at 32 kB/s)
Downloading from central: https://repo.maven.apache.org/maven2/net/bytebuddy/byte-buddy-parent/1.7.0/byte-buddy-parent-1.7.0.pom
Progress (1): 2.2/26 kB
Progress (1): 5.0/26 kB
Progress (1): 7.8/26 kB
Progress (1): 11/26 kB 
Progress (1): 13/26 kB
Progress (1): 16/26 kB
Progress (1): 19/26 kB
Progress (1): 21/26 kB
Progress (1): 24/26 kB
Progress (1): 26 kB   
                   
Downloaded from central: https://repo.maven.apache.org/maven2/net/bytebuddy/byte-buddy-parent/1.7.0/byte-buddy-parent-1.7.0.pom (26 kB at 70 kB/s)
Downloading from central: https://repo.maven.apache.org/maven2/net/bytebuddy/byte-buddy-agent/1.7.0/byte-buddy-agent-1.7.0.pom
Progress (1): 2.2/4.8 kB
Progress (1): 4.8 kB    
                    
Downloaded from central: https://repo.maven.apache.org/maven2/net/bytebuddy/byte-buddy-agent/1.7.0/byte-buddy-agent-1.7.0.pom (4.8 kB at 13 kB/s)
Downloading from central: https://repo.maven.apache.org/maven2/org/powermock/powermock-module-junit4/1.7.3/powermock-module-junit4-1.7.3.pom
Progress (1): 2.2/6.2 kB
Progress (1): 5.0/6.2 kB
Progress (1): 6.2 kB    
                    
Downloaded from central: https://repo.maven.apache.org/maven2/org/powermock/powermock-module-junit4/1.7.3/powermock-module-junit4-1.7.3.pom (6.2 kB at 17 kB/s)
Downloading from central: https://repo.maven.apache.org/maven2/org/powermock/powermock-module-junit4-common/1.7.3/powermock-module-junit4-common-1.7.3.pom
Progress (1): 2.2/6.4 kB
Progress (1): 5.0/6.4 kB
Progress (1): 6.4 kB    
                    
Downloaded from central: https://repo.maven.apache.org/maven2/org/powermock/powermock-module-junit4-common/1.7.3/powermock-module-junit4-common-1.7.3.pom (6.4 kB at 18 kB/s)
Downloading from central: https://repo.maven.apache.org/maven2/org/powermock/powermock-reflect/1.7.3/powermock-reflect-1.7.3.pom
Progress (1): 2.2/5.7 kB
Progress (1): 5.0/5.7 kB
Progress (1): 5.7 kB    
                    
Downloaded from central: https://repo.maven.apache.org/maven2/org/powermock/powermock-reflect/1.7.3/powermock-reflect-1.7.3.pom (5.7 kB at 16 kB/s)
Downloading from central: https://repo.maven.apache.org/maven2/org/powermock/powermock-core/1.7.3/powermock-core-1.7.3.pom
Progress (1): 2.2/6.0 kB
Progress (1): 5.0/6.0 kB
Progress (1): 6.0 kB    
                    
Downloaded from central: https://repo.maven.apache.org/maven2/org/powermock/powermock-core/1.7.3/powermock-core-1.7.3.pom (6.0 kB at 17 kB/s)
Downloading from central: https://repo.maven.apache.org/maven2/org/mockito/mockito-core/2.8.9/mockito-core-2.8.9.pom
Progress (1): 2.2/2.5 kB
Progress (1): 2.5 kB    
                    
Downloaded from central: https://repo.maven.apache.org/maven2/org/mockito/mockito-core/2.8.9/mockito-core-2.8.9.pom (2.5 kB at 6.9 kB/s)
Downloading from central: https://repo.maven.apache.org/maven2/org/powermock/powermock-api-mockito2/1.7.3/powermock-api-mockito2-1.7.3.pom
Progress (1): 2.2/5.8 kB
Progress (1): 5.0/5.8 kB
Progress (1): 5.8 kB    
                    
Downloaded from central: https://repo.maven.apache.org/maven2/org/powermock/powermock-api-mockito2/1.7.3/powermock-api-mockito2-1.7.3.pom (5.8 kB at 16 kB/s)
Downloading from central: https://repo.maven.apache.org/maven2/org/powermock/powermock-api-mockito-common/1.7.3/powermock-api-mockito-common-1.7.3.pom
Progress (1): 2.2/6.4 kB
Progress (1): 5.0/6.4 kB
Progress (1): 6.4 kB    
                    
Downloaded from central: https://repo.maven.apache.org/maven2/org/powermock/powermock-api-mockito-common/1.7.3/powermock-api-mockito-common-1.7.3.pom (6.4 kB at 17 kB/s)
Downloading from central: https://repo.maven.apache.org/maven2/org/powermock/powermock-api-support/1.7.3/powermock-api-support-1.7.3.pom
Progress (1): 2.2/5.8 kB
Progress (1): 5.0/5.8 kB
Progress (1): 5.8 kB    
                    
Downloaded from central: https://repo.maven.apache.org/maven2/org/powermock/powermock-api-support/1.7.3/powermock-api-support-1.7.3.pom (5.8 kB at 16 kB/s)
Downloading from central: https://repo.maven.apache.org/maven2/ch/qos/logback/logback-access/1.2.3/logback-access-1.2.3.jar
Downloading from central: https://repo.maven.apache.org/maven2/org/assertj/assertj-core/2.9.0/assertj-core-2.9.0.jar
Downloading from central: https://repo.maven.apache.org/maven2/com/lmax/disruptor/3.3.8/disruptor-3.3.8.jar
Downloading from central: https://repo.maven.apache.org/maven2/org/codehaus/mojo/animal-sniffer-annotations/1.16/animal-sniffer-annotations-1.16.jar
Downloading from central: https://repo.maven.apache.org/maven2/com/fasterxml/uuid/java-uuid-generator/3.1.4/java-uuid-generator-3.1.4.jar
Progress (1): 0/1.1 MB
Progress (1): 0/1.1 MB
Progress (1): 0/1.1 MB
Progress (1): 0/1.1 MB
Progress (1): 0/1.1 MB
Progress (1): 0/1.1 MB
Progress (1): 0/1.1 MB
Progress (1): 0/1.1 MB
Progress (1): 0/1.1 MB
Progress (1): 0/1.1 MB
Progress (1): 0/1.1 MB
Progress (1): 0/1.1 MB
Progress (1): 0/1.1 MB
Progress (1): 0/1.1 MB
Progress (1): 0/1.1 MB
Progress (1): 0/1.1 MB
Progress (1): 0.1/1.1 MB
Progress (1): 0.1/1.1 MB
Progress (1): 0.1/1.1 MB
Progress (1): 0.1/1.1 MB
Progress (1): 0.1/1.1 MB
Progress (1): 0.1/1.1 MB
Progress (1): 0.1/1.1 MB
Progress (1): 0.1/1.1 MB
Progress (1): 0.1/1.1 MB
Progress (1): 0.1/1.1 MB
Progress (1): 0.1/1.1 MB
Progress (1): 0.1/1.1 MB
Progress (1): 0.1/1.1 MB
Progress (1): 0.1/1.1 MB
Progress (1): 0.1/1.1 MB
Progress (1): 0.1/1.1 MB
Progress (1): 0.1/1.1 MB
Progress (1): 0.1/1.1 MB
Progress (1): 0.1/1.1 MB
Progress (1): 0.1/1.1 MB
Progress (1): 0.1/1.1 MB
Progress (1): 0.1/1.1 MB
Progress (1): 0.1/1.1 MB
Progress (1): 0.1/1.1 MB
Progress (1): 0.2/1.1 MB
Progress (1): 0.2/1.1 MB
Progress (1): 0.2/1.1 MB
Progress (1): 0.2/1.1 MB
Progress (1): 0.2/1.1 MB
Progress (1): 0.2/1.1 MB
Progress (1): 0.2/1.1 MB
Progress (1): 0.2/1.1 MB
Progress (1): 0.2/1.1 MB
Progress (1): 0.2/1.1 MB
Progress (1): 0.2/1.1 MB
Progress (1): 0.2/1.1 MB
Progress (1): 0.2/1.1 MB
Progress (1): 0.2/1.1 MB
Progress (1): 0.2/1.1 MB
Progress (1): 0.2/1.1 MB
Progress (1): 0.2/1.1 MB
Progress (1): 0.2/1.1 MB
Progress (1): 0.2/1.1 MB
Progress (1): 0.2/1.1 MB
Progress (1): 0.2/1.1 MB
Progress (1): 0.2/1.1 MB
Progress (1): 0.2/1.1 MB
Progress (1): 0.2/1.1 MB
Progress (1): 0.2/1.1 MB
Progress (1): 0.3/1.1 MB
Progress (1): 0.3/1.1 MB
Progress (1): 0.3/1.1 MB
Progress (1): 0.3/1.1 MB
Progress (1): 0.3/1.1 MB
Progress (1): 0.3/1.1 MB
Progress (1): 0.3/1.1 MB
Progress (1): 0.3/1.1 MB
Progress (1): 0.3/1.1 MB
Progress (1): 0.3/1.1 MB
Progress (1): 0.3/1.1 MB
Progress (1): 0.3/1.1 MB
Progress (1): 0.3/1.1 MB
Progress (1): 0.3/1.1 MB
Progress (1): 0.3/1.1 MB
Progress (1): 0.3/1.1 MB
Progress (1): 0.3/1.1 MB
Progress (1): 0.3/1.1 MB
Progress (1): 0.3/1.1 MB
Progress (1): 0.3/1.1 MB
Progress (1): 0.3/1.1 MB
Progress (1): 0.3/1.1 MB
Progress (1): 0.3/1.1 MB
Progress (1): 0.3/1.1 MB
Progress (1): 0.4/1.1 MB
Progress (1): 0.4/1.1 MB
Progress (1): 0.4/1.1 MB
Progress (1): 0.4/1.1 MB
Progress (1): 0.4/1.1 MB
Progress (1): 0.4/1.1 MB
Progress (1): 0.4/1.1 MB
Progress (1): 0.4/1.1 MB
Progress (1): 0.4/1.1 MB
Progress (1): 0.4/1.1 MB
Progress (1): 0.4/1.1 MB
Progress (1): 0.4/1.1 MB
Progress (1): 0.4/1.1 MB
Progress (1): 0.4/1.1 MB
Progress (1): 0.4/1.1 MB
Progress (1): 0.4/1.1 MB
Progress (1): 0.4/1.1 MB
Progress (1): 0.4/1.1 MB
Progress (1): 0.4/1.1 MB
Progress (1): 0.4/1.1 MB
Progress (1): 0.4/1.1 MB
Progress (1): 0.4/1.1 MB
Progress (1): 0.4/1.1 MB
Progress (1): 0.4/1.1 MB
Progress (1): 0.5/1.1 MB
Progress (1): 0.5/1.1 MB
Progress (1): 0.5/1.1 MB
Progress (1): 0.5/1.1 MB
Progress (1): 0.5/1.1 MB
Progress (1): 0.5/1.1 MB
Progress (1): 0.5/1.1 MB
Progress (1): 0.5/1.1 MB
Progress (1): 0.5/1.1 MB
Progress (1): 0.5/1.1 MB
Progress (1): 0.5/1.1 MB
Progress (1): 0.5/1.1 MB
Progress (1): 0.5/1.1 MB
Progress (1): 0.5/1.1 MB
Progress (1): 0.5/1.1 MB
Progress (1): 0.5/1.1 MB
Progress (1): 0.5/1.1 MB
Progress (1): 0.5/1.1 MB
Progress (1): 0.5/1.1 MB
Progress (1): 0.5/1.1 MB
Progress (1): 0.5/1.1 MB
Progress (1): 0.5/1.1 MB
Progress (1): 0.5/1.1 MB
Progress (1): 0.5/1.1 MB
Progress (1): 0.5/1.1 MB
Progress (1): 0.6/1.1 MB
Progress (1): 0.6/1.1 MB
Progress (1): 0.6/1.1 MB
Progress (1): 0.6/1.1 MB
Progress (1): 0.6/1.1 MB
Progress (1): 0.6/1.1 MB
Progress (1): 0.6/1.1 MB
Progress (1): 0.6/1.1 MB
Progress (1): 0.6/1.1 MB
Progress (1): 0.6/1.1 MB
Progress (1): 0.6/1.1 MB
Progress (1): 0.6/1.1 MB
Progress (1): 0.6/1.1 MB
Progress (1): 0.6/1.1 MB
Progress (1): 0.6/1.1 MB
Progress (1): 0.6/1.1 MB
Progress (1): 0.6/1.1 MB
Progress (1): 0.6/1.1 MB
Progress (1): 0.6/1.1 MB
Progress (1): 0.6/1.1 MB
Progress (1): 0.6/1.1 MB
Progress (1): 0.6/1.1 MB
Progress (1): 0.6/1.1 MB
Progress (1): 0.6/1.1 MB
Progress (1): 0.7/1.1 MB
Progress (1): 0.7/1.1 MB
Progress (1): 0.7/1.1 MB
Progress (1): 0.7/1.1 MB
Progress (1): 0.7/1.1 MB
Progress (1): 0.7/1.1 MB
Progress (1): 0.7/1.1 MB
Progress (1): 0.7/1.1 MB
Progress (1): 0.7/1.1 MB
Progress (1): 0.7/1.1 MB
Progress (1): 0.7/1.1 MB
Progress (1): 0.7/1.1 MB
Progress (1): 0.7/1.1 MB
Progress (1): 0.7/1.1 MB
Progress (1): 0.7/1.1 MB
Progress (1): 0.7/1.1 MB
Progress (1): 0.7/1.1 MB
Progress (1): 0.7/1.1 MB
Progress (1): 0.7/1.1 MB
Progress (1): 0.7/1.1 MB
Progress (1): 0.7/1.1 MB
Progress (1): 0.7/1.1 MB
Progress (2): 0.7/1.1 MB | 2.2/3.5 kB
Progress (2): 0.7/1.1 MB | 3.5 kB    
Progress (3): 0.7/1.1 MB | 3.5 kB | 2.2/40 kB
Progress (3): 0.7/1.1 MB | 3.5 kB | 5.0/40 kB
Progress (3): 0.7/1.1 MB | 3.5 kB | 7.7/40 kB
Progress (3): 0.7/1.1 MB | 3.5 kB | 10/40 kB 
Progress (4): 0.7/1.1 MB | 3.5 kB | 10/40 kB | 2.2/86 kB
Progress (4): 0.7/1.1 MB | 3.5 kB | 13/40 kB | 2.2/86 kB
Progress (4): 0.7/1.1 MB | 3.5 kB | 13/40 kB | 5.0/86 kB
Progress (4): 0.7/1.1 MB | 3.5 kB | 13/40 kB | 7.7/86 kB
Progress (4): 0.7/1.1 MB | 3.5 kB | 13/40 kB | 10/86 kB 
Progress (4): 0.7/1.1 MB | 3.5 kB | 13/40 kB | 13/86 kB
Progress (5): 0.7/1.1 MB | 3.5 kB | 13/40 kB | 13/86 kB | 2.2/107 kB
Progress (5): 0.7/1.1 MB | 3.5 kB | 13/40 kB | 13/86 kB | 5.0/107 kB
Progress (5): 0.7/1.1 MB | 3.5 kB | 13/40 kB | 13/86 kB | 7.7/107 kB
Progress (5): 0.7/1.1 MB | 3.5 kB | 13/40 kB | 13/86 kB | 10/107 kB 
Progress (5): 0.7/1.1 MB | 3.5 kB | 13/40 kB | 13/86 kB | 13/107 kB
Progress (5): 0.7/1.1 MB | 3.5 kB | 13/40 kB | 13/86 kB | 13/107 kB
Progress (5): 0.7/1.1 MB | 3.5 kB | 13/40 kB | 13/86 kB | 13/107 kB
Progress (5): 0.7/1.1 MB | 3.5 kB | 13/40 kB | 13/86 kB | 13/107 kB
Progress (5): 0.8/1.1 MB | 3.5 kB | 13/40 kB | 13/86 kB | 13/107 kB
Progress (5): 0.8/1.1 MB | 3.5 kB | 13/40 kB | 13/86 kB | 13/107 kB
Progress (5): 0.8/1.1 MB | 3.5 kB | 13/40 kB | 13/86 kB | 13/107 kB
Progress (5): 0.8/1.1 MB | 3.5 kB | 13/40 kB | 13/86 kB | 13/107 kB
Progress (5): 0.8/1.1 MB | 3.5 kB | 13/40 kB | 13/86 kB | 13/107 kB
Progress (5): 0.8/1.1 MB | 3.5 kB | 13/40 kB | 13/86 kB | 13/107 kB
Progress (5): 0.8/1.1 MB | 3.5 kB | 13/40 kB | 13/86 kB | 13/107 kB
Progress (5): 0.8/1.1 MB | 3.5 kB | 13/40 kB | 13/86 kB | 13/107 kB
Progress (5): 0.8/1.1 MB | 3.5 kB | 13/40 kB | 13/86 kB | 13/107 kB
Progress (5): 0.8/1.1 MB | 3.5 kB | 13/40 kB | 13/86 kB | 13/107 kB
Progress (5): 0.8/1.1 MB | 3.5 kB | 13/40 kB | 13/86 kB | 13/107 kB
Progress (5): 0.8/1.1 MB | 3.5 kB | 13/40 kB | 13/86 kB | 13/107 kB
Progress (5): 0.8/1.1 MB | 3.5 kB | 13/40 kB | 13/86 kB | 13/107 kB
Progress (5): 0.8/1.1 MB | 3.5 kB | 13/40 kB | 13/86 kB | 13/107 kB
Progress (5): 0.8/1.1 MB | 3.5 kB | 13/40 kB | 13/86 kB | 13/107 kB
Progress (5): 0.8/1.1 MB | 3.5 kB | 13/40 kB | 13/86 kB | 13/107 kB
Progress (5): 0.8/1.1 MB | 3.5 kB | 13/40 kB | 13/86 kB | 13/107 kB
Progress (5): 0.8/1.1 MB | 3.5 kB | 13/40 kB | 13/86 kB | 13/107 kB
Progress (5): 0.8/1.1 MB | 3.5 kB | 13/40 kB | 13/86 kB | 13/107 kB
Progress (5): 0.8/1.1 MB | 3.5 kB | 13/40 kB | 13/86 kB | 13/107 kB
Progress (5): 0.8/1.1 MB | 3.5 kB | 13/40 kB | 13/86 kB | 13/107 kB
Progress (5): 0.8/1.1 MB | 3.5 kB | 13/40 kB | 13/86 kB | 13/107 kB
Progress (5): 0.8/1.1 MB | 3.5 kB | 13/40 kB | 13/86 kB | 13/107 kB
Progress (5): 0.8/1.1 MB | 3.5 kB | 13/40 kB | 13/86 kB | 13/107 kB
Progress (5): 0.9/1.1 MB | 3.5 kB | 13/40 kB | 13/86 kB | 13/107 kB
Progress (5): 0.9/1.1 MB | 3.5 kB | 13/40 kB | 13/86 kB | 13/107 kB
Progress (5): 0.9/1.1 MB | 3.5 kB | 13/40 kB | 13/86 kB | 13/107 kB
Progress (5): 0.9/1.1 MB | 3.5 kB | 13/40 kB | 13/86 kB | 13/107 kB
Progress (5): 0.9/1.1 MB | 3.5 kB | 13/40 kB | 13/86 kB | 13/107 kB
Progress (5): 0.9/1.1 MB | 3.5 kB | 13/40 kB | 13/86 kB | 13/107 kB
Progress (5): 0.9/1.1 MB | 3.5 kB | 13/40 kB | 13/86 kB | 13/107 kB
Progress (5): 0.9/1.1 MB | 3.5 kB | 13/40 kB | 13/86 kB | 13/107 kB
Progress (5): 0.9/1.1 MB | 3.5 kB | 13/40 kB | 13/86 kB | 13/107 kB
Progress (5): 0.9/1.1 MB | 3.5 kB | 13/40 kB | 13/86 kB | 13/107 kB
Progress (5): 0.9/1.1 MB | 3.5 kB | 13/40 kB | 13/86 kB | 13/107 kB
Progress (5): 0.9/1.1 MB | 3.5 kB | 13/40 kB | 13/86 kB | 13/107 kB
Progress (5): 0.9/1.1 MB | 3.5 kB | 13/40 kB | 13/86 kB | 13/107 kB
Progress (5): 0.9/1.1 MB | 3.5 kB | 13/40 kB | 13/86 kB | 13/107 kB
Progress (5): 0.9/1.1 MB | 3.5 kB | 13/40 kB | 13/86 kB | 13/107 kB
Progress (5): 0.9/1.1 MB | 3.5 kB | 13/40 kB | 13/86 kB | 13/107 kB
Progress (5): 0.9/1.1 MB | 3.5 kB | 13/40 kB | 13/86 kB | 13/107 kB
Progress (5): 0.9/1.1 MB | 3.5 kB | 13/40 kB | 13/86 kB | 13/107 kB
Progress (5): 0.9/1.1 MB | 3.5 kB | 13/40 kB | 13/86 kB | 13/107 kB
Progress (5): 0.9/1.1 MB | 3.5 kB | 13/40 kB | 13/86 kB | 13/107 kB
Progress (5): 0.9/1.1 MB | 3.5 kB | 13/40 kB | 13/86 kB | 13/107 kB
Progress (5): 0.9/1.1 MB | 3.5 kB | 13/40 kB | 13/86 kB | 13/107 kB
Progress (5): 0.9/1.1 MB | 3.5 kB | 13/40 kB | 13/86 kB | 13/107 kB
Progress (5): 0.9/1.1 MB | 3.5 kB | 13/40 kB | 13/86 kB | 13/107 kB
Progress (5): 0.9/1.1 MB | 3.5 kB | 13/40 kB | 13/86 kB | 13/107 kB
Progress (5): 1.0/1.1 MB | 3.5 kB | 13/40 kB | 13/86 kB | 13/107 kB
Progress (5): 1.0/1.1 MB | 3.5 kB | 13/40 kB | 13/86 kB | 13/107 kB
Progress (5): 1.0/1.1 MB | 3.5 kB | 13/40 kB | 13/86 kB | 13/107 kB
Progress (5): 1.0/1.1 MB | 3.5 kB | 13/40 kB | 13/86 kB | 13/107 kB
Progress (5): 1.0/1.1 MB | 3.5 kB | 13/40 kB | 13/86 kB | 13/107 kB
Progress (5): 1.0/1.1 MB | 3.5 kB | 13/40 kB | 13/86 kB | 13/107 kB
Progress (5): 1.0/1.1 MB | 3.5 kB | 13/40 kB | 13/86 kB | 13/107 kB
Progress (5): 1.0/1.1 MB | 3.5 kB | 13/40 kB | 13/86 kB | 13/107 kB
Progress (5): 1.0/1.1 MB | 3.5 kB | 13/40 kB | 13/86 kB | 13/107 kB
Progress (5): 1.0/1.1 MB | 3.5 kB | 13/40 kB | 13/86 kB | 13/107 kB
Progress (5): 1.0/1.1 MB | 3.5 kB | 13/40 kB | 13/86 kB | 13/107 kB
Progress (5): 1.0/1.1 MB | 3.5 kB | 13/40 kB | 13/86 kB | 13/107 kB
Progress (5): 1.0/1.1 MB | 3.5 kB | 13/40 kB | 13/86 kB | 13/107 kB
Progress (5): 1.0/1.1 MB | 3.5 kB | 13/40 kB | 13/86 kB | 13/107 kB
Progress (5): 1.0/1.1 MB | 3.5 kB | 13/40 kB | 13/86 kB | 13/107 kB
Progress (5): 1.0/1.1 MB | 3.5 kB | 13/40 kB | 13/86 kB | 13/107 kB
Progress (5): 1.0/1.1 MB | 3.5 kB | 13/40 kB | 13/86 kB | 13/107 kB
Progress (5): 1.0/1.1 MB | 3.5 kB | 13/40 kB | 13/86 kB | 13/107 kB
Progress (5): 1.0/1.1 MB | 3.5 kB | 13/40 kB | 13/86 kB | 13/107 kB
Progress (5): 1.0/1.1 MB | 3.5 kB | 13/40 kB | 13/86 kB | 13/107 kB
Progress (5): 1.0/1.1 MB | 3.5 kB | 13/40 kB | 13/86 kB | 13/107 kB
Progress (5): 1.0/1.1 MB | 3.5 kB | 13/40 kB | 13/86 kB | 13/107 kB
Progress (5): 1.0/1.1 MB | 3.5 kB | 13/40 kB | 13/86 kB | 13/107 kB
Progress (5): 1.0/1.1 MB | 3.5 kB | 13/40 kB | 13/86 kB | 13/107 kB
Progress (5): 1.1/1.1 MB | 3.5 kB | 13/40 kB | 13/86 kB | 13/107 kB
Progress (5): 1.1/1.1 MB | 3.5 kB | 13/40 kB | 13/86 kB | 13/107 kB
Progress (5): 1.1/1.1 MB | 3.5 kB | 13/40 kB | 13/86 kB | 13/107 kB
Progress (5): 1.1/1.1 MB | 3.5 kB | 13/40 kB | 13/86 kB | 13/107 kB
Progress (5): 1.1/1.1 MB | 3.5 kB | 13/40 kB | 13/86 kB | 13/107 kB
Progress (5): 1.1/1.1 MB | 3.5 kB | 13/40 kB | 13/86 kB | 13/107 kB
Progress (5): 1.1/1.1 MB | 3.5 kB | 13/40 kB | 13/86 kB | 13/107 kB
Progress (5): 1.1/1.1 MB | 3.5 kB | 13/40 kB | 13/86 kB | 13/107 kB
Progress (5): 1.1/1.1 MB | 3.5 kB | 13/40 kB | 13/86 kB | 13/107 kB
Progress (5): 1.1/1.1 MB | 3.5 kB | 13/40 kB | 13/86 kB | 13/107 kB
Progress (5): 1.1/1.1 MB | 3.5 kB | 13/40 kB | 13/86 kB | 13/107 kB
Progress (5): 1.1 MB | 3.5 kB | 13/40 kB | 13/86 kB | 13/107 kB    
Progress (5): 1.1 MB | 3.5 kB | 16/40 kB | 13/86 kB | 13/107 kB
Progress (5): 1.1 MB | 3.5 kB | 19/40 kB | 13/86 kB | 13/107 kB
Progress (5): 1.1 MB | 3.5 kB | 21/40 kB | 13/86 kB | 13/107 kB
Progress (5): 1.1 MB | 3.5 kB | 24/40 kB | 13/86 kB | 13/107 kB
Progress (5): 1.1 MB | 3.5 kB | 27/40 kB | 13/86 kB | 13/107 kB
Progress (5): 1.1 MB | 3.5 kB | 27/40 kB | 16/86 kB | 13/107 kB
Progress (5): 1.1 MB | 3.5 kB | 30/40 kB | 16/86 kB | 13/107 kB
Progress (5): 1.1 MB | 3.5 kB | 30/40 kB | 19/86 kB | 13/107 kB
Progress (5): 1.1 MB | 3.5 kB | 32/40 kB | 19/86 kB | 13/107 kB
Progress (5): 1.1 MB | 3.5 kB | 32/40 kB | 21/86 kB | 13/107 kB
Progress (5): 1.1 MB | 3.5 kB | 35/40 kB | 21/86 kB | 13/107 kB
Progress (5): 1.1 MB | 3.5 kB | 35/40 kB | 24/86 kB | 13/107 kB
Progress (5): 1.1 MB | 3.5 kB | 35/40 kB | 27/86 kB | 13/107 kB
Progress (5): 1.1 MB | 3.5 kB | 35/40 kB | 30/86 kB | 13/107 kB
Progress (5): 1.1 MB | 3.5 kB | 35/40 kB | 32/86 kB | 13/107 kB
                                                               
Downloaded from central: https://repo.maven.apache.org/maven2/org/codehaus/mojo/animal-sniffer-annotations/1.16/animal-sniffer-annotations-1.16.jar (3.5 kB at 4.8 kB/s)
Downloading from central: https://repo.maven.apache.org/maven2/org/mockito/mockito-core/2.9.0/mockito-core-2.9.0.jar
Progress (4): 1.1 MB | 35/40 kB | 32/86 kB | 16/107 kB
Progress (4): 1.1 MB | 35/40 kB | 32/86 kB | 19/107 kB
Progress (4): 1.1 MB | 35/40 kB | 32/86 kB | 21/107 kB
Progress (4): 1.1 MB | 35/40 kB | 32/86 kB | 24/107 kB
Progress (4): 1.1 MB | 35/40 kB | 32/86 kB | 27/107 kB
Progress (4): 1.1 MB | 35/40 kB | 32/86 kB | 30/107 kB
Progress (4): 1.1 MB | 35/40 kB | 32/86 kB | 32/107 kB
                                                      
Downloaded from central: https://repo.maven.apache.org/maven2/org/assertj/assertj-core/2.9.0/assertj-core-2.9.0.jar (1.1 MB at 1.4 MB/s)
Downloading from central: https://repo.maven.apache.org/maven2/net/bytebuddy/byte-buddy/1.7.0/byte-buddy-1.7.0.jar
Progress (3): 38/40 kB | 32/86 kB | 32/107 kB
Progress (3): 40 kB | 32/86 kB | 32/107 kB   
Progress (3): 40 kB | 36/86 kB | 32/107 kB
Progress (3): 40 kB | 40/86 kB | 32/107 kB
Progress (3): 40 kB | 45/86 kB | 32/107 kB
Progress (3): 40 kB | 49/86 kB | 32/107 kB
Progress (3): 40 kB | 53/86 kB | 32/107 kB
Progress (3): 40 kB | 57/86 kB | 32/107 kB
Progress (3): 40 kB | 61/86 kB | 32/107 kB
Progress (3): 40 kB | 65/86 kB | 32/107 kB
Progress (3): 40 kB | 69/86 kB | 32/107 kB
Progress (3): 40 kB | 73/86 kB | 32/107 kB
Progress (3): 40 kB | 77/86 kB | 32/107 kB
Progress (3): 40 kB | 81/86 kB | 32/107 kB
Progress (3): 40 kB | 85/86 kB | 32/107 kB
Progress (3): 40 kB | 86 kB | 32/107 kB   
Progress (4): 40 kB | 86 kB | 32/107 kB | 2.2/536 kB
Progress (4): 40 kB | 86 kB | 32/107 kB | 5.0/536 kB
Progress (4): 40 kB | 86 kB | 32/107 kB | 7.7/536 kB
Progress (4): 40 kB | 86 kB | 32/107 kB | 10/536 kB 
Progress (4): 40 kB | 86 kB | 32/107 kB | 13/536 kB
Progress (4): 40 kB | 86 kB | 36/107 kB | 13/536 kB
Progress (4): 40 kB | 86 kB | 40/107 kB | 13/536 kB
Progress (4): 40 kB | 86 kB | 45/107 kB | 13/536 kB
Progress (4): 40 kB | 86 kB | 49/107 kB | 13/536 kB
Progress (4): 40 kB | 86 kB | 53/107 kB | 13/536 kB
Progress (4): 40 kB | 86 kB | 57/107 kB | 13/536 kB
Progress (4): 40 kB | 86 kB | 61/107 kB | 13/536 kB
Progress (4): 40 kB | 86 kB | 65/107 kB | 13/536 kB
Progress (4): 40 kB | 86 kB | 69/107 kB | 13/536 kB
Progress (4): 40 kB | 86 kB | 73/107 kB | 13/536 kB
Progress (4): 40 kB | 86 kB | 77/107 kB | 13/536 kB
Progress (4): 40 kB | 86 kB | 81/107 kB | 13/536 kB
Progress (5): 40 kB | 86 kB | 81/107 kB | 13/536 kB | 0/2.8 MB
Progress (5): 40 kB | 86 kB | 81/107 kB | 13/536 kB | 0/2.8 MB
Progress (5): 40 kB | 86 kB | 81/107 kB | 13/536 kB | 0/2.8 MB
Progress (5): 40 kB | 86 kB | 81/107 kB | 13/536 kB | 0/2.8 MB
Progress (5): 40 kB | 86 kB | 81/107 kB | 13/536 kB | 0/2.8 MB
Progress (5): 40 kB | 86 kB | 81/107 kB | 13/536 kB | 0/2.8 MB
Progress (5): 40 kB | 86 kB | 81/107 kB | 13/536 kB | 0/2.8 MB
Progress (5): 40 kB | 86 kB | 81/107 kB | 13/536 kB | 0/2.8 MB
                                                              
Downloaded from central: https://repo.maven.apache.org/maven2/com/fasterxml/uuid/java-uuid-generator/3.1.4/java-uuid-generator-3.1.4.jar (40 kB at 36 kB/s)
Progress (4): 86 kB | 81/107 kB | 13/536 kB | 0/2.8 MB
                                                      
Downloading from central: https://repo.maven.apache.org/maven2/net/bytebuddy/byte-buddy-agent/1.7.0/byte-buddy-agent-1.7.0.jar
Progress (4): 86 kB | 81/107 kB | 13/536 kB | 0/2.8 MB
Progress (4): 86 kB | 81/107 kB | 13/536 kB | 0/2.8 MB
Progress (4): 86 kB | 81/107 kB | 13/536 kB | 0/2.8 MB
Progress (4): 86 kB | 81/107 kB | 13/536 kB | 0.1/2.8 MB
Progress (4): 86 kB | 81/107 kB | 13/536 kB | 0.1/2.8 MB
                                                        
Downloaded from central: https://repo.maven.apache.org/maven2/com/lmax/disruptor/3.3.8/disruptor-3.3.8.jar (86 kB at 78 kB/s)
Progress (3): 81/107 kB | 13/536 kB | 0.1/2.8 MB
                                                
Downloading from central: https://repo.maven.apache.org/maven2/org/powermock/powermock-module-junit4/1.7.3/powermock-module-junit4-1.7.3.jar
Progress (3): 81/107 kB | 13/536 kB | 0.1/2.8 MB
Progress (3): 81/107 kB | 13/536 kB | 0.1/2.8 MB
Progress (3): 81/107 kB | 13/536 kB | 0.1/2.8 MB
Progress (3): 81/107 kB | 13/536 kB | 0.1/2.8 MB
Progress (3): 81/107 kB | 13/536 kB | 0.1/2.8 MB
Progress (3): 81/107 kB | 13/536 kB | 0.1/2.8 MB
Progress (3): 81/107 kB | 13/536 kB | 0.1/2.8 MB
Progress (3): 81/107 kB | 13/536 kB | 0.1/2.8 MB
Progress (3): 81/107 kB | 13/536 kB | 0.1/2.8 MB
Progress (3): 81/107 kB | 13/536 kB | 0.1/2.8 MB
Progress (3): 81/107 kB | 13/536 kB | 0.1/2.8 MB
Progress (3): 81/107 kB | 13/536 kB | 0.1/2.8 MB
Progress (3): 81/107 kB | 13/536 kB | 0.1/2.8 MB
Progress (3): 81/107 kB | 13/536 kB | 0.1/2.8 MB
Progress (3): 81/107 kB | 13/536 kB | 0.1/2.8 MB
Progress (3): 81/107 kB | 13/536 kB | 0.1/2.8 MB
Progress (3): 81/107 kB | 13/536 kB | 0.1/2.8 MB
Progress (3): 81/107 kB | 13/536 kB | 0.1/2.8 MB
Progress (3): 81/107 kB | 13/536 kB | 0.1/2.8 MB
Progress (3): 81/107 kB | 13/536 kB | 0.1/2.8 MB
Progress (3): 81/107 kB | 13/536 kB | 0.1/2.8 MB
Progress (3): 81/107 kB | 13/536 kB | 0.2/2.8 MB
Progress (3): 81/107 kB | 13/536 kB | 0.2/2.8 MB
Progress (3): 81/107 kB | 13/536 kB | 0.2/2.8 MB
Progress (3): 81/107 kB | 13/536 kB | 0.2/2.8 MB
Progress (3): 81/107 kB | 13/536 kB | 0.2/2.8 MB
Progress (3): 81/107 kB | 13/536 kB | 0.2/2.8 MB
Progress (3): 81/107 kB | 13/536 kB | 0.2/2.8 MB
Progress (3): 81/107 kB | 13/536 kB | 0.2/2.8 MB
Progress (3): 81/107 kB | 13/536 kB | 0.2/2.8 MB
Progress (3): 81/107 kB | 13/536 kB | 0.2/2.8 MB
Progress (3): 81/107 kB | 13/536 kB | 0.2/2.8 MB
Progress (3): 81/107 kB | 13/536 kB | 0.2/2.8 MB
Progress (3): 81/107 kB | 13/536 kB | 0.2/2.8 MB
Progress (3): 81/107 kB | 13/536 kB | 0.2/2.8 MB
Progress (3): 81/107 kB | 13/536 kB | 0.2/2.8 MB
Progress (3): 81/107 kB | 13/536 kB | 0.2/2.8 MB
Progress (3): 81/107 kB | 13/536 kB | 0.2/2.8 MB
Progress (3): 81/107 kB | 13/536 kB | 0.2/2.8 MB
Progress (3): 81/107 kB | 13/536 kB | 0.2/2.8 MB
Progress (3): 81/107 kB | 13/536 kB | 0.2/2.8 MB
Progress (3): 81/107 kB | 13/536 kB | 0.2/2.8 MB
Progress (3): 81/107 kB | 13/536 kB | 0.2/2.8 MB
Progress (3): 81/107 kB | 16/536 kB | 0.2/2.8 MB
Progress (3): 81/107 kB | 16/536 kB | 0.2/2.8 MB
Progress (3): 81/107 kB | 16/536 kB | 0.2/2.8 MB
Progress (3): 81/107 kB | 19/536 kB | 0.2/2.8 MB
Progress (3): 81/107 kB | 21/536 kB | 0.2/2.8 MB
Progress (3): 81/107 kB | 24/536 kB | 0.2/2.8 MB
Progress (3): 81/107 kB | 27/536 kB | 0.2/2.8 MB
Progress (3): 81/107 kB | 30/536 kB | 0.2/2.8 MB
Progress (3): 81/107 kB | 32/536 kB | 0.2/2.8 MB
Progress (3): 85/107 kB | 32/536 kB | 0.2/2.8 MB
Progress (3): 90/107 kB | 32/536 kB | 0.2/2.8 MB
Progress (3): 94/107 kB | 32/536 kB | 0.2/2.8 MB
Progress (3): 98/107 kB | 32/536 kB | 0.2/2.8 MB
Progress (3): 102/107 kB | 32/536 kB | 0.2/2.8 MB
Progress (3): 106/107 kB | 32/536 kB | 0.2/2.8 MB
Progress (3): 107 kB | 32/536 kB | 0.2/2.8 MB    
Progress (3): 107 kB | 32/536 kB | 0.2/2.8 MB
Progress (3): 107 kB | 32/536 kB | 0.3/2.8 MB
Progress (3): 107 kB | 32/536 kB | 0.3/2.8 MB
Progress (3): 107 kB | 32/536 kB | 0.3/2.8 MB
Progress (3): 107 kB | 32/536 kB | 0.3/2.8 MB
Progress (3): 107 kB | 32/536 kB | 0.3/2.8 MB
Progress (3): 107 kB | 32/536 kB | 0.3/2.8 MB
Progress (3): 107 kB | 32/536 kB | 0.3/2.8 MB
Progress (3): 107 kB | 32/536 kB | 0.3/2.8 MB
Progress (3): 107 kB | 32/536 kB | 0.3/2.8 MB
Progress (3): 107 kB | 32/536 kB | 0.3/2.8 MB
Progress (3): 107 kB | 32/536 kB | 0.3/2.8 MB
Progress (3): 107 kB | 32/536 kB | 0.3/2.8 MB
Progress (3): 107 kB | 32/536 kB | 0.3/2.8 MB
Progress (3): 107 kB | 32/536 kB | 0.3/2.8 MB
Progress (3): 107 kB | 32/536 kB | 0.3/2.8 MB
Progress (3): 107 kB | 32/536 kB | 0.3/2.8 MB
Progress (3): 107 kB | 32/536 kB | 0.3/2.8 MB
Progress (3): 107 kB | 32/536 kB | 0.3/2.8 MB
Progress (3): 107 kB | 32/536 kB | 0.3/2.8 MB
Progress (4): 107 kB | 32/536 kB | 0.3/2.8 MB | 2.2/43 kB
Progress (4): 107 kB | 32/536 kB | 0.3/2.8 MB | 2.2/43 kB
Progress (4): 107 kB | 32/536 kB | 0.3/2.8 MB | 5.0/43 kB
Progress (4): 107 kB | 32/536 kB | 0.3/2.8 MB | 5.0/43 kB
Progress (4): 107 kB | 32/536 kB | 0.3/2.8 MB | 7.7/43 kB
Progress (4): 107 kB | 32/536 kB | 0.3/2.8 MB | 7.7/43 kB
Progress (4): 107 kB | 32/536 kB | 0.3/2.8 MB | 10/43 kB 
Progress (4): 107 kB | 32/536 kB | 0.3/2.8 MB | 10/43 kB
Progress (5): 107 kB | 32/536 kB | 0.3/2.8 MB | 10/43 kB | 4.1/48 kB
Progress (5): 107 kB | 32/536 kB | 0.3/2.8 MB | 13/43 kB | 4.1/48 kB
Progress (5): 107 kB | 32/536 kB | 0.3/2.8 MB | 13/43 kB | 4.1/48 kB
Progress (5): 107 kB | 32/536 kB | 0.3/2.8 MB | 13/43 kB | 7.7/48 kB
Progress (5): 107 kB | 32/536 kB | 0.3/2.8 MB | 16/43 kB | 7.7/48 kB
Progress (5): 107 kB | 32/536 kB | 0.4/2.8 MB | 16/43 kB | 7.7/48 kB
Progress (5): 107 kB | 32/536 kB | 0.4/2.8 MB | 16/43 kB | 12/48 kB 
Progress (5): 107 kB | 32/536 kB | 0.4/2.8 MB | 19/43 kB | 12/48 kB
Progress (5): 107 kB | 32/536 kB | 0.4/2.8 MB | 19/43 kB | 12/48 kB
Progress (5): 107 kB | 32/536 kB | 0.4/2.8 MB | 21/43 kB | 12/48 kB
Progress (5): 107 kB | 32/536 kB | 0.4/2.8 MB | 21/43 kB | 16/48 kB
Progress (5): 107 kB | 32/536 kB | 0.4/2.8 MB | 24/43 kB | 16/48 kB
Progress (5): 107 kB | 32/536 kB | 0.4/2.8 MB | 24/43 kB | 16/48 kB
Progress (5): 107 kB | 36/536 kB | 0.4/2.8 MB | 24/43 kB | 16/48 kB
Progress (5): 107 kB | 36/536 kB | 0.4/2.8 MB | 24/43 kB | 16/48 kB
Progress (5): 107 kB | 36/536 kB | 0.4/2.8 MB | 27/43 kB | 16/48 kB
Progress (5): 107 kB | 36/536 kB | 0.4/2.8 MB | 27/43 kB | 16/48 kB
Progress (5): 107 kB | 40/536 kB | 0.4/2.8 MB | 27/43 kB | 16/48 kB
Progress (5): 107 kB | 40/536 kB | 0.4/2.8 MB | 27/43 kB | 20/48 kB
Progress (5): 107 kB | 45/536 kB | 0.4/2.8 MB | 27/43 kB | 20/48 kB
Progress (5): 107 kB | 45/536 kB | 0.4/2.8 MB | 30/43 kB | 20/48 kB
Progress (5): 107 kB | 45/536 kB | 0.4/2.8 MB | 30/43 kB | 20/48 kB
Progress (5): 107 kB | 45/536 kB | 0.4/2.8 MB | 32/43 kB | 20/48 kB
Progress (5): 107 kB | 49/536 kB | 0.4/2.8 MB | 32/43 kB | 20/48 kB
Progress (5): 107 kB | 49/536 kB | 0.4/2.8 MB | 32/43 kB | 24/48 kB
Progress (5): 107 kB | 49/536 kB | 0.4/2.8 MB | 36/43 kB | 24/48 kB
Progress (5): 107 kB | 49/536 kB | 0.4/2.8 MB | 36/43 kB | 24/48 kB
Progress (5): 107 kB | 49/536 kB | 0.4/2.8 MB | 40/43 kB | 24/48 kB
Progress (5): 107 kB | 49/536 kB | 0.4/2.8 MB | 40/43 kB | 28/48 kB
Progress (5): 107 kB | 49/536 kB | 0.4/2.8 MB | 40/43 kB | 28/48 kB
Progress (5): 107 kB | 49/536 kB | 0.4/2.8 MB | 43 kB | 28/48 kB   
Progress (5): 107 kB | 53/536 kB | 0.4/2.8 MB | 43 kB | 28/48 kB
Progress (5): 107 kB | 53/536 kB | 0.4/2.8 MB | 43 kB | 28/48 kB
Progress (5): 107 kB | 53/536 kB | 0.4/2.8 MB | 43 kB | 32/48 kB
Progress (5): 107 kB | 53/536 kB | 0.4/2.8 MB | 43 kB | 32/48 kB
Progress (5): 107 kB | 57/536 kB | 0.4/2.8 MB | 43 kB | 32/48 kB
Progress (5): 107 kB | 57/536 kB | 0.4/2.8 MB | 43 kB | 36/48 kB
Progress (5): 107 kB | 57/536 kB | 0.4/2.8 MB | 43 kB | 36/48 kB
Progress (5): 107 kB | 57/536 kB | 0.4/2.8 MB | 43 kB | 40/48 kB
Progress (5): 107 kB | 61/536 kB | 0.4/2.8 MB | 43 kB | 40/48 kB
Progress (5): 107 kB | 61/536 kB | 0.4/2.8 MB | 43 kB | 45/48 kB
Progress (5): 107 kB | 65/536 kB | 0.4/2.8 MB | 43 kB | 45/48 kB
Progress (5): 107 kB | 65/536 kB | 0.4/2.8 MB | 43 kB | 45/48 kB
Progress (5): 107 kB | 65/536 kB | 0.4/2.8 MB | 43 kB | 48 kB   
Progress (5): 107 kB | 65/536 kB | 0.4/2.8 MB | 43 kB | 48 kB
Progress (5): 107 kB | 65/536 kB | 0.4/2.8 MB | 43 kB | 48 kB
Progress (5): 107 kB | 65/536 kB | 0.4/2.8 MB | 43 kB | 48 kB
Progress (5): 107 kB | 65/536 kB | 0.4/2.8 MB | 43 kB | 48 kB
Progress (5): 107 kB | 65/536 kB | 0.4/2.8 MB | 43 kB | 48 kB
Progress (5): 107 kB | 65/536 kB | 0.4/2.8 MB | 43 kB | 48 kB
Progress (5): 107 kB | 65/536 kB | 0.4/2.8 MB | 43 kB | 48 kB
                                                             
Downloaded from central: https://repo.maven.apache.org/maven2/ch/qos/logback/logback-access/1.2.3/logback-access-1.2.3.jar (107 kB at 81 kB/s)
Downloading from central: https://repo.maven.apache.org/maven2/org/powermock/powermock-module-junit4-common/1.7.3/powermock-module-junit4-common-1.7.3.jar
Progress (4): 65/536 kB | 0.4/2.8 MB | 43 kB | 48 kB
Progress (4): 65/536 kB | 0.4/2.8 MB | 43 kB | 48 kB
Progress (4): 65/536 kB | 0.4/2.8 MB | 43 kB | 48 kB
Progress (4): 65/536 kB | 0.4/2.8 MB | 43 kB | 48 kB
Progress (4): 65/536 kB | 0.4/2.8 MB | 43 kB | 48 kB
Progress (4): 65/536 kB | 0.5/2.8 MB | 43 kB | 48 kB
Progress (4): 65/536 kB | 0.5/2.8 MB | 43 kB | 48 kB
Progress (4): 65/536 kB | 0.5/2.8 MB | 43 kB | 48 kB
Progress (4): 65/536 kB | 0.5/2.8 MB | 43 kB | 48 kB
Progress (4): 65/536 kB | 0.5/2.8 MB | 43 kB | 48 kB
Progress (4): 65/536 kB | 0.5/2.8 MB | 43 kB | 48 kB
Progress (4): 65/536 kB | 0.5/2.8 MB | 43 kB | 48 kB
Progress (4): 65/536 kB | 0.5/2.8 MB | 43 kB | 48 kB
Progress (4): 65/536 kB | 0.5/2.8 MB | 43 kB | 48 kB
Progress (4): 65/536 kB | 0.5/2.8 MB | 43 kB | 48 kB
Progress (4): 65/536 kB | 0.5/2.8 MB | 43 kB | 48 kB
Progress (4): 65/536 kB | 0.5/2.8 MB | 43 kB | 48 kB
Progress (4): 65/536 kB | 0.5/2.8 MB | 43 kB | 48 kB
Progress (4): 65/536 kB | 0.5/2.8 MB | 43 kB | 48 kB
Progress (4): 65/536 kB | 0.5/2.8 MB | 43 kB | 48 kB
Progress (4): 65/536 kB | 0.5/2.8 MB | 43 kB | 48 kB
Progress (4): 65/536 kB | 0.5/2.8 MB | 43 kB | 48 kB
Progress (4): 65/536 kB | 0.5/2.8 MB | 43 kB | 48 kB
Progress (4): 65/536 kB | 0.5/2.8 MB | 43 kB | 48 kB
Progress (4): 65/536 kB | 0.5/2.8 MB | 43 kB | 48 kB
Progress (4): 65/536 kB | 0.5/2.8 MB | 43 kB | 48 kB
Progress (4): 65/536 kB | 0.5/2.8 MB | 43 kB | 48 kB
Progress (4): 65/536 kB | 0.5/2.8 MB | 43 kB | 48 kB
Progress (4): 65/536 kB | 0.5/2.8 MB | 43 kB | 48 kB
Progress (4): 65/536 kB | 0.5/2.8 MB | 43 kB | 48 kB
Progress (4): 65/536 kB | 0.6/2.8 MB | 43 kB | 48 kB
Progress (4): 65/536 kB | 0.6/2.8 MB | 43 kB | 48 kB
Progress (4): 65/536 kB | 0.6/2.8 MB | 43 kB | 48 kB
Progress (4): 65/536 kB | 0.6/2.8 MB | 43 kB | 48 kB
Progress (4): 65/536 kB | 0.6/2.8 MB | 43 kB | 48 kB
Progress (4): 65/536 kB | 0.6/2.8 MB | 43 kB | 48 kB
Progress (4): 65/536 kB | 0.6/2.8 MB | 43 kB | 48 kB
Progress (4): 65/536 kB | 0.6/2.8 MB | 43 kB | 48 kB
Progress (4): 65/536 kB | 0.6/2.8 MB | 43 kB | 48 kB
Progress (4): 65/536 kB | 0.6/2.8 MB | 43 kB | 48 kB
Progress (4): 65/536 kB | 0.6/2.8 MB | 43 kB | 48 kB
Progress (4): 65/536 kB | 0.6/2.8 MB | 43 kB | 48 kB
Progress (4): 65/536 kB | 0.6/2.8 MB | 43 kB | 48 kB
Progress (4): 65/536 kB | 0.6/2.8 MB | 43 kB | 48 kB
Progress (4): 65/536 kB | 0.6/2.8 MB | 43 kB | 48 kB
Progress (4): 65/536 kB | 0.6/2.8 MB | 43 kB | 48 kB
Progress (4): 65/536 kB | 0.6/2.8 MB | 43 kB | 48 kB
Progress (4): 65/536 kB | 0.6/2.8 MB | 43 kB | 48 kB
Progress (4): 65/536 kB | 0.6/2.8 MB | 43 kB | 48 kB
Progress (4): 65/536 kB | 0.6/2.8 MB | 43 kB | 48 kB
Progress (4): 65/536 kB | 0.6/2.8 MB | 43 kB | 48 kB
Progress (4): 65/536 kB | 0.6/2.8 MB | 43 kB | 48 kB
Progress (4): 65/536 kB | 0.6/2.8 MB | 43 kB | 48 kB
Progress (4): 65/536 kB | 0.6/2.8 MB | 43 kB | 48 kB
Progress (4): 65/536 kB | 0.7/2.8 MB | 43 kB | 48 kB
Progress (4): 65/536 kB | 0.7/2.8 MB | 43 kB | 48 kB
Progress (4): 65/536 kB | 0.7/2.8 MB | 43 kB | 48 kB
Progress (4): 65/536 kB | 0.7/2.8 MB | 43 kB | 48 kB
Progress (4): 69/536 kB | 0.7/2.8 MB | 43 kB | 48 kB
Progress (4): 69/536 kB | 0.7/2.8 MB | 43 kB | 48 kB
Progress (4): 73/536 kB | 0.7/2.8 MB | 43 kB | 48 kB
Progress (4): 73/536 kB | 0.7/2.8 MB | 43 kB | 48 kB
Progress (4): 77/536 kB | 0.7/2.8 MB | 43 kB | 48 kB
Progress (4): 77/536 kB | 0.7/2.8 MB | 43 kB | 48 kB
Progress (4): 81/536 kB | 0.7/2.8 MB | 43 kB | 48 kB
Progress (4): 81/536 kB | 0.7/2.8 MB | 43 kB | 48 kB
Progress (4): 81/536 kB | 0.7/2.8 MB | 43 kB | 48 kB
Progress (4): 81/536 kB | 0.7/2.8 MB | 43 kB | 48 kB
Progress (4): 81/536 kB | 0.7/2.8 MB | 43 kB | 48 kB
Progress (4): 81/536 kB | 0.7/2.8 MB | 43 kB | 48 kB
Progress (4): 85/536 kB | 0.7/2.8 MB | 43 kB | 48 kB
Progress (4): 85/536 kB | 0.7/2.8 MB | 43 kB | 48 kB
Progress (4): 90/536 kB | 0.7/2.8 MB | 43 kB | 48 kB
Progress (4): 90/536 kB | 0.7/2.8 MB | 43 kB | 48 kB
Progress (4): 94/536 kB | 0.7/2.8 MB | 43 kB | 48 kB
Progress (4): 94/536 kB | 0.7/2.8 MB | 43 kB | 48 kB
Progress (4): 98/536 kB | 0.7/2.8 MB | 43 kB | 48 kB
Progress (4): 98/536 kB | 0.7/2.8 MB | 43 kB | 48 kB
Progress (4): 98/536 kB | 0.7/2.8 MB | 43 kB | 48 kB
Progress (4): 98/536 kB | 0.7/2.8 MB | 43 kB | 48 kB
Progress (4): 98/536 kB | 0.7/2.8 MB | 43 kB | 48 kB
Progress (4): 98/536 kB | 0.7/2.8 MB | 43 kB | 48 kB
Progress (4): 102/536 kB | 0.7/2.8 MB | 43 kB | 48 kB
Progress (4): 102/536 kB | 0.7/2.8 MB | 43 kB | 48 kB
Progress (4): 106/536 kB | 0.7/2.8 MB | 43 kB | 48 kB
Progress (4): 106/536 kB | 0.7/2.8 MB | 43 kB | 48 kB
Progress (4): 110/536 kB | 0.7/2.8 MB | 43 kB | 48 kB
Progress (4): 110/536 kB | 0.7/2.8 MB | 43 kB | 48 kB
Progress (4): 114/536 kB | 0.7/2.8 MB | 43 kB | 48 kB
Progress (4): 114/536 kB | 0.7/2.8 MB | 43 kB | 48 kB
Progress (4): 114/536 kB | 0.7/2.8 MB | 43 kB | 48 kB
Progress (4): 114/536 kB | 0.8/2.8 MB | 43 kB | 48 kB
Progress (4): 114/536 kB | 0.8/2.8 MB | 43 kB | 48 kB
Progress (4): 114/536 kB | 0.8/2.8 MB | 43 kB | 48 kB
Progress (4): 118/536 kB | 0.8/2.8 MB | 43 kB | 48 kB
Progress (4): 118/536 kB | 0.8/2.8 MB | 43 kB | 48 kB
Progress (4): 122/536 kB | 0.8/2.8 MB | 43 kB | 48 kB
Progress (4): 122/536 kB | 0.8/2.8 MB | 43 kB | 48 kB
Progress (4): 126/536 kB | 0.8/2.8 MB | 43 kB | 48 kB
Progress (4): 126/536 kB | 0.8/2.8 MB | 43 kB | 48 kB
                                                     
Downloaded from central: https://repo.maven.apache.org/maven2/net/bytebuddy/byte-buddy-agent/1.7.0/byte-buddy-agent-1.7.0.jar (43 kB at 29 kB/s)
Progress (3): 126/536 kB | 0.8/2.8 MB | 48 kB
Progress (3): 131/536 kB | 0.8/2.8 MB | 48 kB
Progress (3): 131/536 kB | 0.8/2.8 MB | 48 kB
                                             
Downloading from central: https://repo.maven.apache.org/maven2/org/powermock/powermock-core/1.7.3/powermock-core-1.7.3.jar
Progress (3): 135/536 kB | 0.8/2.8 MB | 48 kB
Progress (3): 135/536 kB | 0.8/2.8 MB | 48 kB
Progress (3): 139/536 kB | 0.8/2.8 MB | 48 kB
Progress (3): 143/536 kB | 0.8/2.8 MB | 48 kB
Progress (3): 147/536 kB | 0.8/2.8 MB | 48 kB
Progress (3): 147/536 kB | 0.8/2.8 MB | 48 kB
Progress (3): 147/536 kB | 0.8/2.8 MB | 48 kB
Progress (3): 147/536 kB | 0.8/2.8 MB | 48 kB
Progress (3): 147/536 kB | 0.8/2.8 MB | 48 kB
Progress (3): 147/536 kB | 0.8/2.8 MB | 48 kB
                                             
Downloaded from central: https://repo.maven.apache.org/maven2/org/powermock/powermock-module-junit4/1.7.3/powermock-module-junit4-1.7.3.jar (48 kB at 32 kB/s)
Progress (2): 147/536 kB | 0.8/2.8 MB
                                     
Downloading from central: https://repo.maven.apache.org/maven2/org/powermock/powermock-reflect/1.7.3/powermock-reflect-1.7.3.jar
Progress (2): 147/536 kB | 0.8/2.8 MB
Progress (2): 147/536 kB | 0.8/2.8 MB
Progress (2): 147/536 kB | 0.8/2.8 MB
Progress (2): 147/536 kB | 0.8/2.8 MB
Progress (2): 147/536 kB | 0.8/2.8 MB
Progress (2): 147/536 kB | 0.8/2.8 MB
Progress (2): 147/536 kB | 0.8/2.8 MB
Progress (2): 147/536 kB | 0.8/2.8 MB
Progress (2): 147/536 kB | 0.8/2.8 MB
Progress (2): 147/536 kB | 0.9/2.8 MB
Progress (2): 147/536 kB | 0.9/2.8 MB
Progress (2): 147/536 kB | 0.9/2.8 MB
Progress (2): 147/536 kB | 0.9/2.8 MB
Progress (2): 147/536 kB | 0.9/2.8 MB
Progress (2): 147/536 kB | 0.9/2.8 MB
Progress (2): 147/536 kB | 0.9/2.8 MB
Progress (2): 147/536 kB | 0.9/2.8 MB
Progress (2): 147/536 kB | 0.9/2.8 MB
Progress (2): 147/536 kB | 0.9/2.8 MB
Progress (2): 147/536 kB | 0.9/2.8 MB
Progress (2): 147/536 kB | 0.9/2.8 MB
Progress (2): 147/536 kB | 0.9/2.8 MB
Progress (2): 147/536 kB | 0.9/2.8 MB
Progress (2): 147/536 kB | 0.9/2.8 MB
Progress (2): 147/536 kB | 0.9/2.8 MB
Progress (2): 147/536 kB | 0.9/2.8 MB
Progress (2): 147/536 kB | 0.9/2.8 MB
Progress (2): 147/536 kB | 0.9/2.8 MB
Progress (2): 147/536 kB | 0.9/2.8 MB
Progress (2): 147/536 kB | 0.9/2.8 MB
Progress (2): 147/536 kB | 0.9/2.8 MB
Progress (2): 147/536 kB | 0.9/2.8 MB
Progress (2): 147/536 kB | 0.9/2.8 MB
Progress (2): 147/536 kB | 0.9/2.8 MB
Progress (2): 147/536 kB | 1.0/2.8 MB
Progress (2): 147/536 kB | 1.0/2.8 MB
Progress (2): 147/536 kB | 1.0/2.8 MB
Progress (2): 147/536 kB | 1.0/2.8 MB
Progress (2): 147/536 kB | 1.0/2.8 MB
Progress (2): 147/536 kB | 1.0/2.8 MB
Progress (2): 147/536 kB | 1.0/2.8 MB
Progress (2): 147/536 kB | 1.0/2.8 MB
Progress (2): 147/536 kB | 1.0/2.8 MB
Progress (2): 147/536 kB | 1.0/2.8 MB
Progress (2): 147/536 kB | 1.0/2.8 MB
Progress (2): 147/536 kB | 1.0/2.8 MB
Progress (2): 147/536 kB | 1.0/2.8 MB
Progress (2): 147/536 kB | 1.0/2.8 MB
Progress (2): 147/536 kB | 1.0/2.8 MB
Progress (2): 147/536 kB | 1.0/2.8 MB
Progress (2): 147/536 kB | 1.0/2.8 MB
Progress (2): 147/536 kB | 1.0/2.8 MB
Progress (2): 147/536 kB | 1.0/2.8 MB
Progress (2): 147/536 kB | 1.0/2.8 MB
Progress (2): 147/536 kB | 1.0/2.8 MB
Progress (2): 147/536 kB | 1.0/2.8 MB
Progress (2): 147/536 kB | 1.0/2.8 MB
Progress (2): 147/536 kB | 1.0/2.8 MB
Progress (2): 147/536 kB | 1.1/2.8 MB
Progress (2): 147/536 kB | 1.1/2.8 MB
Progress (2): 147/536 kB | 1.1/2.8 MB
Progress (2): 147/536 kB | 1.1/2.8 MB
Progress (2): 147/536 kB | 1.1/2.8 MB
Progress (2): 147/536 kB | 1.1/2.8 MB
Progress (2): 147/536 kB | 1.1/2.8 MB
Progress (2): 147/536 kB | 1.1/2.8 MB
Progress (2): 147/536 kB | 1.1/2.8 MB
Progress (2): 147/536 kB | 1.1/2.8 MB
Progress (2): 147/536 kB | 1.1/2.8 MB
Progress (2): 147/536 kB | 1.1/2.8 MB
Progress (2): 147/536 kB | 1.1/2.8 MB
Progress (2): 147/536 kB | 1.1/2.8 MB
Progress (2): 147/536 kB | 1.1/2.8 MB
Progress (2): 147/536 kB | 1.1/2.8 MB
Progress (2): 147/536 kB | 1.1/2.8 MB
Progress (2): 147/536 kB | 1.1/2.8 MB
Progress (2): 147/536 kB | 1.1/2.8 MB
Progress (2): 147/536 kB | 1.1/2.8 MB
Progress (2): 147/536 kB | 1.1/2.8 MB
Progress (2): 147/536 kB | 1.1/2.8 MB
Progress (2): 147/536 kB | 1.1/2.8 MB
Progress (2): 147/536 kB | 1.1/2.8 MB
Progress (2): 147/536 kB | 1.2/2.8 MB
Progress (2): 147/536 kB | 1.2/2.8 MB
Progress (2): 147/536 kB | 1.2/2.8 MB
Progress (2): 147/536 kB | 1.2/2.8 MB
Progress (2): 147/536 kB | 1.2/2.8 MB
Progress (2): 147/536 kB | 1.2/2.8 MB
Progress (2): 147/536 kB | 1.2/2.8 MB
Progress (2): 147/536 kB | 1.2/2.8 MB
Progress (3): 147/536 kB | 1.2/2.8 MB | 4.1/18 kB
Progress (3): 147/536 kB | 1.2/2.8 MB | 7.7/18 kB
Progress (3): 147/536 kB | 1.2/2.8 MB | 12/18 kB 
Progress (3): 147/536 kB | 1.2/2.8 MB | 16/18 kB
Progress (3): 147/536 kB | 1.2/2.8 MB | 18 kB   
Progress (3): 147/536 kB | 1.2/2.8 MB | 18 kB
Progress (3): 147/536 kB | 1.2/2.8 MB | 18 kB
Progress (3): 147/536 kB | 1.2/2.8 MB | 18 kB
Progress (3): 147/536 kB | 1.2/2.8 MB | 18 kB
Progress (3): 147/536 kB | 1.2/2.8 MB | 18 kB
Progress (3): 147/536 kB | 1.2/2.8 MB | 18 kB
Progress (3): 147/536 kB | 1.2/2.8 MB | 18 kB
Progress (3): 147/536 kB | 1.2/2.8 MB | 18 kB
Progress (3): 147/536 kB | 1.2/2.8 MB | 18 kB
Progress (3): 147/536 kB | 1.2/2.8 MB | 18 kB
Progress (3): 147/536 kB | 1.2/2.8 MB | 18 kB
Progress (3): 147/536 kB | 1.2/2.8 MB | 18 kB
Progress (3): 147/536 kB | 1.2/2.8 MB | 18 kB
Progress (3): 147/536 kB | 1.2/2.8 MB | 18 kB
Progress (3): 147/536 kB | 1.2/2.8 MB | 18 kB
Progress (3): 147/536 kB | 1.2/2.8 MB | 18 kB
Progress (3): 147/536 kB | 1.2/2.8 MB | 18 kB
Progress (3): 147/536 kB | 1.3/2.8 MB | 18 kB
Progress (3): 147/536 kB | 1.3/2.8 MB | 18 kB
Progress (3): 147/536 kB | 1.3/2.8 MB | 18 kB
Progress (3): 147/536 kB | 1.3/2.8 MB | 18 kB
Progress (3): 147/536 kB | 1.3/2.8 MB | 18 kB
Progress (3): 147/536 kB | 1.3/2.8 MB | 18 kB
Progress (3): 147/536 kB | 1.3/2.8 MB | 18 kB
Progress (3): 147/536 kB | 1.3/2.8 MB | 18 kB
Progress (3): 147/536 kB | 1.3/2.8 MB | 18 kB
Progress (3): 147/536 kB | 1.3/2.8 MB | 18 kB
Progress (3): 147/536 kB | 1.3/2.8 MB | 18 kB
Progress (3): 147/536 kB | 1.3/2.8 MB | 18 kB
Progress (3): 147/536 kB | 1.3/2.8 MB | 18 kB
Progress (3): 147/536 kB | 1.3/2.8 MB | 18 kB
Progress (3): 147/536 kB | 1.3/2.8 MB | 18 kB
Progress (3): 147/536 kB | 1.3/2.8 MB | 18 kB
Progress (3): 147/536 kB | 1.3/2.8 MB | 18 kB
Progress (3): 147/536 kB | 1.3/2.8 MB | 18 kB
Progress (3): 147/536 kB | 1.3/2.8 MB | 18 kB
Progress (3): 147/536 kB | 1.3/2.8 MB | 18 kB
Progress (3): 147/536 kB | 1.3/2.8 MB | 18 kB
Progress (3): 147/536 kB | 1.3/2.8 MB | 18 kB
Progress (3): 147/536 kB | 1.3/2.8 MB | 18 kB
Progress (3): 147/536 kB | 1.3/2.8 MB | 18 kB
Progress (3): 147/536 kB | 1.4/2.8 MB | 18 kB
Progress (3): 147/536 kB | 1.4/2.8 MB | 18 kB
Progress (3): 147/536 kB | 1.4/2.8 MB | 18 kB
Progress (3): 147/536 kB | 1.4/2.8 MB | 18 kB
Progress (3): 147/536 kB | 1.4/2.8 MB | 18 kB
Progress (3): 147/536 kB | 1.4/2.8 MB | 18 kB
Progress (3): 147/536 kB | 1.4/2.8 MB | 18 kB
Progress (3): 147/536 kB | 1.4/2.8 MB | 18 kB
Progress (3): 147/536 kB | 1.4/2.8 MB | 18 kB
Progress (3): 147/536 kB | 1.4/2.8 MB | 18 kB
Progress (3): 147/536 kB | 1.4/2.8 MB | 18 kB
Progress (3): 147/536 kB | 1.4/2.8 MB | 18 kB
Progress (3): 147/536 kB | 1.4/2.8 MB | 18 kB
Progress (3): 147/536 kB | 1.4/2.8 MB | 18 kB
Progress (3): 147/536 kB | 1.4/2.8 MB | 18 kB
Progress (3): 147/536 kB | 1.4/2.8 MB | 18 kB
Progress (3): 147/536 kB | 1.4/2.8 MB | 18 kB
Progress (3): 147/536 kB | 1.4/2.8 MB | 18 kB
Progress (3): 147/536 kB | 1.4/2.8 MB | 18 kB
Progress (3): 147/536 kB | 1.4/2.8 MB | 18 kB
Progress (3): 147/536 kB | 1.4/2.8 MB | 18 kB
Progress (3): 147/536 kB | 1.4/2.8 MB | 18 kB
Progress (3): 147/536 kB | 1.4/2.8 MB | 18 kB
Progress (3): 147/536 kB | 1.4/2.8 MB | 18 kB
Progress (3): 147/536 kB | 1.4/2.8 MB | 18 kB
Progress (3): 147/536 kB | 1.5/2.8 MB | 18 kB
Progress (3): 147/536 kB | 1.5/2.8 MB | 18 kB
Progress (3): 147/536 kB | 1.5/2.8 MB | 18 kB
Progress (3): 147/536 kB | 1.5/2.8 MB | 18 kB
Progress (3): 147/536 kB | 1.5/2.8 MB | 18 kB
Progress (3): 147/536 kB | 1.5/2.8 MB | 18 kB
Progress (3): 147/536 kB | 1.5/2.8 MB | 18 kB
Progress (3): 147/536 kB | 1.5/2.8 MB | 18 kB
Progress (3): 147/536 kB | 1.5/2.8 MB | 18 kB
Progress (3): 147/536 kB | 1.5/2.8 MB | 18 kB
Progress (3): 147/536 kB | 1.5/2.8 MB | 18 kB
Progress (3): 147/536 kB | 1.5/2.8 MB | 18 kB
Progress (3): 151/536 kB | 1.5/2.8 MB | 18 kB
Progress (3): 151/536 kB | 1.5/2.8 MB | 18 kB
Progress (3): 155/536 kB | 1.5/2.8 MB | 18 kB
Progress (3): 155/536 kB | 1.5/2.8 MB | 18 kB
Progress (3): 159/536 kB | 1.5/2.8 MB | 18 kB
Progress (3): 163/536 kB | 1.5/2.8 MB | 18 kB
Progress (3): 163/536 kB | 1.5/2.8 MB | 18 kB
Progress (3): 163/536 kB | 1.5/2.8 MB | 18 kB
Progress (3): 163/536 kB | 1.5/2.8 MB | 18 kB
Progress (3): 163/536 kB | 1.5/2.8 MB | 18 kB
Progress (3): 163/536 kB | 1.5/2.8 MB | 18 kB
Progress (3): 167/536 kB | 1.5/2.8 MB | 18 kB
Progress (3): 167/536 kB | 1.5/2.8 MB | 18 kB
Progress (3): 171/536 kB | 1.5/2.8 MB | 18 kB
Progress (3): 171/536 kB | 1.5/2.8 MB | 18 kB
Progress (3): 176/536 kB | 1.5/2.8 MB | 18 kB
Progress (3): 176/536 kB | 1.5/2.8 MB | 18 kB
Progress (3): 180/536 kB | 1.5/2.8 MB | 18 kB
Progress (3): 180/536 kB | 1.5/2.8 MB | 18 kB
Progress (3): 180/536 kB | 1.5/2.8 MB | 18 kB
Progress (3): 180/536 kB | 1.6/2.8 MB | 18 kB
Progress (3): 180/536 kB | 1.6/2.8 MB | 18 kB
Progress (3): 180/536 kB | 1.6/2.8 MB | 18 kB
Progress (3): 184/536 kB | 1.6/2.8 MB | 18 kB
Progress (3): 184/536 kB | 1.6/2.8 MB | 18 kB
Progress (3): 188/536 kB | 1.6/2.8 MB | 18 kB
Progress (3): 188/536 kB | 1.6/2.8 MB | 18 kB
Progress (3): 192/536 kB | 1.6/2.8 MB | 18 kB
Progress (3): 192/536 kB | 1.6/2.8 MB | 18 kB
Progress (3): 196/536 kB | 1.6/2.8 MB | 18 kB
Progress (3): 196/536 kB | 1.6/2.8 MB | 18 kB
Progress (3): 196/536 kB | 1.6/2.8 MB | 18 kB
Progress (3): 196/536 kB | 1.6/2.8 MB | 18 kB
Progress (3): 196/536 kB | 1.6/2.8 MB | 18 kB
Progress (3): 200/536 kB | 1.6/2.8 MB | 18 kB
Progress (3): 204/536 kB | 1.6/2.8 MB | 18 kB
Progress (3): 208/536 kB | 1.6/2.8 MB | 18 kB
Progress (3): 212/536 kB | 1.6/2.8 MB | 18 kB
Progress (3): 217/536 kB | 1.6/2.8 MB | 18 kB
Progress (3): 221/536 kB | 1.6/2.8 MB | 18 kB
Progress (3): 225/536 kB | 1.6/2.8 MB | 18 kB
Progress (3): 229/536 kB | 1.6/2.8 MB | 18 kB
Progress (3): 233/536 kB | 1.6/2.8 MB | 18 kB
Progress (3): 237/536 kB | 1.6/2.8 MB | 18 kB
Progress (3): 241/536 kB | 1.6/2.8 MB | 18 kB
Progress (3): 245/536 kB | 1.6/2.8 MB | 18 kB
Progress (3): 249/536 kB | 1.6/2.8 MB | 18 kB
Progress (3): 253/536 kB | 1.6/2.8 MB | 18 kB
Progress (3): 258/536 kB | 1.6/2.8 MB | 18 kB
Progress (3): 262/536 kB | 1.6/2.8 MB | 18 kB
Progress (3): 266/536 kB | 1.6/2.8 MB | 18 kB
Progress (3): 270/536 kB | 1.6/2.8 MB | 18 kB
Progress (3): 274/536 kB | 1.6/2.8 MB | 18 kB
Progress (3): 278/536 kB | 1.6/2.8 MB | 18 kB
Progress (4): 278/536 kB | 1.6/2.8 MB | 18 kB | 4.1/146 kB
Progress (4): 278/536 kB | 1.6/2.8 MB | 18 kB | 7.7/146 kB
Progress (4): 278/536 kB | 1.6/2.8 MB | 18 kB | 12/146 kB 
Progress (4): 278/536 kB | 1.6/2.8 MB | 18 kB | 16/146 kB
Progress (4): 278/536 kB | 1.6/2.8 MB | 18 kB | 20/146 kB
Progress (4): 278/536 kB | 1.6/2.8 MB | 18 kB | 24/146 kB
Progress (4): 278/536 kB | 1.6/2.8 MB | 18 kB | 28/146 kB
Progress (4): 278/536 kB | 1.6/2.8 MB | 18 kB | 32/146 kB
Progress (4): 278/536 kB | 1.6/2.8 MB | 18 kB | 36/146 kB
Progress (4): 278/536 kB | 1.6/2.8 MB | 18 kB | 40/146 kB
Progress (4): 278/536 kB | 1.6/2.8 MB | 18 kB | 45/146 kB
Progress (4): 278/536 kB | 1.6/2.8 MB | 18 kB | 49/146 kB
Progress (5): 278/536 kB | 1.6/2.8 MB | 18 kB | 49/146 kB | 4.1/66 kB
Progress (5): 278/536 kB | 1.6/2.8 MB | 18 kB | 49/146 kB | 7.7/66 kB
Progress (5): 278/536 kB | 1.6/2.8 MB | 18 kB | 49/146 kB | 12/66 kB 
Progress (5): 278/536 kB | 1.6/2.8 MB | 18 kB | 49/146 kB | 16/66 kB
Progress (5): 278/536 kB | 1.6/2.8 MB | 18 kB | 49/146 kB | 20/66 kB
Progress (5): 278/536 kB | 1.6/2.8 MB | 18 kB | 49/146 kB | 24/66 kB
Progress (5): 278/536 kB | 1.6/2.8 MB | 18 kB | 49/146 kB | 28/66 kB
Progress (5): 278/536 kB | 1.6/2.8 MB | 18 kB | 49/146 kB | 32/66 kB
Progress (5): 278/536 kB | 1.6/2.8 MB | 18 kB | 49/146 kB | 36/66 kB
Progress (5): 278/536 kB | 1.6/2.8 MB | 18 kB | 49/146 kB | 40/66 kB
Progress (5): 278/536 kB | 1.6/2.8 MB | 18 kB | 49/146 kB | 45/66 kB
Progress (5): 278/536 kB | 1.6/2.8 MB | 18 kB | 49/146 kB | 49/66 kB
Progress (5): 278/536 kB | 1.6/2.8 MB | 18 kB | 49/146 kB | 53/66 kB
Progress (5): 278/536 kB | 1.6/2.8 MB | 18 kB | 49/146 kB | 57/66 kB
Progress (5): 278/536 kB | 1.6/2.8 MB | 18 kB | 49/146 kB | 61/66 kB
Progress (5): 278/536 kB | 1.6/2.8 MB | 18 kB | 49/146 kB | 65/66 kB
Progress (5): 278/536 kB | 1.6/2.8 MB | 18 kB | 49/146 kB | 66 kB   
                                                                 
Downloaded from central: https://repo.maven.apache.org/maven2/org/powermock/powermock-module-junit4-common/1.7.3/powermock-module-junit4-common-1.7.3.jar (18 kB at 10 kB/s)
Downloading from central: https://repo.maven.apache.org/maven2/org/powermock/powermock-api-mockito2/1.7.3/powermock-api-mockito2-1.7.3.jar
Progress (4): 278/536 kB | 1.6/2.8 MB | 49/146 kB | 66 kB
Progress (4): 278/536 kB | 1.6/2.8 MB | 49/146 kB | 66 kB
Progress (4): 278/536 kB | 1.6/2.8 MB | 49/146 kB | 66 kB
Progress (4): 278/536 kB | 1.6/2.8 MB | 49/146 kB | 66 kB
Progress (4): 278/536 kB | 1.6/2.8 MB | 49/146 kB | 66 kB
Progress (4): 278/536 kB | 1.6/2.8 MB | 49/146 kB | 66 kB
Progress (4): 278/536 kB | 1.6/2.8 MB | 49/146 kB | 66 kB
Progress (4): 278/536 kB | 1.6/2.8 MB | 49/146 kB | 66 kB
Progress (4): 278/536 kB | 1.6/2.8 MB | 49/146 kB | 66 kB
Progress (4): 278/536 kB | 1.6/2.8 MB | 49/146 kB | 66 kB
Progress (4): 278/536 kB | 1.6/2.8 MB | 49/146 kB | 66 kB
Progress (4): 278/536 kB | 1.6/2.8 MB | 49/146 kB | 66 kB
Progress (4): 278/536 kB | 1.6/2.8 MB | 49/146 kB | 66 kB
Progress (4): 278/536 kB | 1.6/2.8 MB | 49/146 kB | 66 kB
Progress (4): 278/536 kB | 1.7/2.8 MB | 49/146 kB | 66 kB
Progress (4): 278/536 kB | 1.7/2.8 MB | 49/146 kB | 66 kB
Progress (4): 278/536 kB | 1.7/2.8 MB | 49/146 kB | 66 kB
Progress (4): 278/536 kB | 1.7/2.8 MB | 49/146 kB | 66 kB
Progress (4): 278/536 kB | 1.7/2.8 MB | 49/146 kB | 66 kB
Progress (4): 278/536 kB | 1.7/2.8 MB | 49/146 kB | 66 kB
Progress (4): 278/536 kB | 1.7/2.8 MB | 49/146 kB | 66 kB
Progress (4): 278/536 kB | 1.7/2.8 MB | 49/146 kB | 66 kB
Progress (4): 278/536 kB | 1.7/2.8 MB | 49/146 kB | 66 kB
Progress (4): 278/536 kB | 1.7/2.8 MB | 49/146 kB | 66 kB
Progress (4): 278/536 kB | 1.7/2.8 MB | 49/146 kB | 66 kB
Progress (4): 278/536 kB | 1.7/2.8 MB | 49/146 kB | 66 kB
Progress (4): 278/536 kB | 1.7/2.8 MB | 49/146 kB | 66 kB
Progress (4): 278/536 kB | 1.7/2.8 MB | 49/146 kB | 66 kB
Progress (4): 278/536 kB | 1.7/2.8 MB | 49/146 kB | 66 kB
Progress (4): 278/536 kB | 1.7/2.8 MB | 49/146 kB | 66 kB
Progress (4): 278/536 kB | 1.7/2.8 MB | 49/146 kB | 66 kB
Progress (4): 278/536 kB | 1.7/2.8 MB | 49/146 kB | 66 kB
Progress (4): 278/536 kB | 1.7/2.8 MB | 49/146 kB | 66 kB
Progress (4): 278/536 kB | 1.7/2.8 MB | 49/146 kB | 66 kB
Progress (4): 278/536 kB | 1.7/2.8 MB | 49/146 kB | 66 kB
Progress (4): 278/536 kB | 1.7/2.8 MB | 49/146 kB | 66 kB
Progress (4): 278/536 kB | 1.7/2.8 MB | 49/146 kB | 66 kB
Progress (4): 278/536 kB | 1.7/2.8 MB | 49/146 kB | 66 kB
Progress (4): 278/536 kB | 1.7/2.8 MB | 49/146 kB | 66 kB
Progress (4): 278/536 kB | 1.8/2.8 MB | 49/146 kB | 66 kB
Progress (4): 278/536 kB | 1.8/2.8 MB | 49/146 kB | 66 kB
Progress (4): 278/536 kB | 1.8/2.8 MB | 49/146 kB | 66 kB
Progress (4): 278/536 kB | 1.8/2.8 MB | 49/146 kB | 66 kB
Progress (4): 278/536 kB | 1.8/2.8 MB | 49/146 kB | 66 kB
Progress (4): 278/536 kB | 1.8/2.8 MB | 49/146 kB | 66 kB
Progress (4): 278/536 kB | 1.8/2.8 MB | 49/146 kB | 66 kB
Progress (4): 278/536 kB | 1.8/2.8 MB | 49/146 kB | 66 kB
Progress (4): 278/536 kB | 1.8/2.8 MB | 49/146 kB | 66 kB
Progress (4): 278/536 kB | 1.8/2.8 MB | 49/146 kB | 66 kB
Progress (4): 278/536 kB | 1.8/2.8 MB | 49/146 kB | 66 kB
Progress (4): 278/536 kB | 1.8/2.8 MB | 49/146 kB | 66 kB
Progress (4): 278/536 kB | 1.8/2.8 MB | 49/146 kB | 66 kB
Progress (4): 282/536 kB | 1.8/2.8 MB | 49/146 kB | 66 kB
Progress (4): 286/536 kB | 1.8/2.8 MB | 49/146 kB | 66 kB
Progress (4): 286/536 kB | 1.8/2.8 MB | 49/146 kB | 66 kB
Progress (4): 290/536 kB | 1.8/2.8 MB | 49/146 kB | 66 kB
Progress (4): 290/536 kB | 1.8/2.8 MB | 49/146 kB | 66 kB
Progress (4): 294/536 kB | 1.8/2.8 MB | 49/146 kB | 66 kB
Progress (4): 294/536 kB | 1.8/2.8 MB | 49/146 kB | 66 kB
Progress (4): 294/536 kB | 1.8/2.8 MB | 49/146 kB | 66 kB
Progress (4): 294/536 kB | 1.8/2.8 MB | 49/146 kB | 66 kB
Progress (4): 294/536 kB | 1.8/2.8 MB | 49/146 kB | 66 kB
Progress (4): 294/536 kB | 1.8/2.8 MB | 49/146 kB | 66 kB
Progress (4): 298/536 kB | 1.8/2.8 MB | 49/146 kB | 66 kB
Progress (4): 298/536 kB | 1.8/2.8 MB | 49/146 kB | 66 kB
Progress (4): 303/536 kB | 1.8/2.8 MB | 49/146 kB | 66 kB
Progress (4): 307/536 kB | 1.8/2.8 MB | 49/146 kB | 66 kB
Progress (4): 307/536 kB | 1.8/2.8 MB | 49/146 kB | 66 kB
Progress (4): 311/536 kB | 1.8/2.8 MB | 49/146 kB | 66 kB
Progress (4): 311/536 kB | 1.8/2.8 MB | 49/146 kB | 66 kB
Progress (4): 311/536 kB | 1.8/2.8 MB | 49/146 kB | 66 kB
Progress (4): 311/536 kB | 1.9/2.8 MB | 49/146 kB | 66 kB
Progress (4): 315/536 kB | 1.9/2.8 MB | 49/146 kB | 66 kB
Progress (4): 315/536 kB | 1.9/2.8 MB | 49/146 kB | 66 kB
Progress (4): 319/536 kB | 1.9/2.8 MB | 49/146 kB | 66 kB
Progress (4): 319/536 kB | 1.9/2.8 MB | 49/146 kB | 66 kB
Progress (4): 323/536 kB | 1.9/2.8 MB | 49/146 kB | 66 kB
Progress (4): 323/536 kB | 1.9/2.8 MB | 49/146 kB | 66 kB
Progress (4): 327/536 kB | 1.9/2.8 MB | 49/146 kB | 66 kB
Progress (4): 327/536 kB | 1.9/2.8 MB | 49/146 kB | 66 kB
Progress (4): 327/536 kB | 1.9/2.8 MB | 49/146 kB | 66 kB
Progress (4): 331/536 kB | 1.9/2.8 MB | 49/146 kB | 66 kB
Progress (4): 331/536 kB | 1.9/2.8 MB | 49/146 kB | 66 kB
Progress (4): 335/536 kB | 1.9/2.8 MB | 49/146 kB | 66 kB
Progress (4): 335/536 kB | 1.9/2.8 MB | 49/146 kB | 66 kB
Progress (4): 339/536 kB | 1.9/2.8 MB | 49/146 kB | 66 kB
Progress (4): 339/536 kB | 1.9/2.8 MB | 49/146 kB | 66 kB
Progress (4): 344/536 kB | 1.9/2.8 MB | 49/146 kB | 66 kB
Progress (4): 344/536 kB | 1.9/2.8 MB | 49/146 kB | 66 kB
Progress (4): 344/536 kB | 1.9/2.8 MB | 49/146 kB | 66 kB
Progress (4): 344/536 kB | 1.9/2.8 MB | 49/146 kB | 66 kB
Progress (4): 348/536 kB | 1.9/2.8 MB | 49/146 kB | 66 kB
Progress (4): 348/536 kB | 1.9/2.8 MB | 49/146 kB | 66 kB
Progress (4): 352/536 kB | 1.9/2.8 MB | 49/146 kB | 66 kB
Progress (4): 356/536 kB | 1.9/2.8 MB | 49/146 kB | 66 kB
Progress (4): 356/536 kB | 1.9/2.8 MB | 49/146 kB | 66 kB
Progress (4): 360/536 kB | 1.9/2.8 MB | 49/146 kB | 66 kB
Progress (4): 360/536 kB | 1.9/2.8 MB | 49/146 kB | 66 kB
Progress (4): 360/536 kB | 1.9/2.8 MB | 49/146 kB | 66 kB
Progress (4): 360/536 kB | 1.9/2.8 MB | 49/146 kB | 66 kB
Progress (4): 364/536 kB | 1.9/2.8 MB | 49/146 kB | 66 kB
Progress (4): 364/536 kB | 1.9/2.8 MB | 49/146 kB | 66 kB
Progress (4): 368/536 kB | 1.9/2.8 MB | 49/146 kB | 66 kB
Progress (4): 368/536 kB | 1.9/2.8 MB | 49/146 kB | 66 kB
Progress (4): 372/536 kB | 1.9/2.8 MB | 49/146 kB | 66 kB
Progress (4): 372/536 kB | 1.9/2.8 MB | 49/146 kB | 66 kB
Progress (4): 376/536 kB | 1.9/2.8 MB | 49/146 kB | 66 kB
Progress (4): 376/536 kB | 1.9/2.8 MB | 49/146 kB | 66 kB
Progress (4): 376/536 kB | 1.9/2.8 MB | 49/146 kB | 66 kB
Progress (4): 376/536 kB | 1.9/2.8 MB | 49/146 kB | 66 kB
Progress (4): 376/536 kB | 1.9/2.8 MB | 49/146 kB | 66 kB
Progress (4): 380/536 kB | 1.9/2.8 MB | 49/146 kB | 66 kB
Progress (4): 380/536 kB | 1.9/2.8 MB | 49/146 kB | 66 kB
Progress (4): 384/536 kB | 1.9/2.8 MB | 49/146 kB | 66 kB
Progress (4): 389/536 kB | 1.9/2.8 MB | 49/146 kB | 66 kB
Progress (4): 389/536 kB | 2.0/2.8 MB | 49/146 kB | 66 kB
Progress (4): 393/536 kB | 2.0/2.8 MB | 49/146 kB | 66 kB
Progress (4): 393/536 kB | 2.0/2.8 MB | 49/146 kB | 66 kB
Progress (4): 393/536 kB | 2.0/2.8 MB | 49/146 kB | 66 kB
Progress (4): 393/536 kB | 2.0/2.8 MB | 49/146 kB | 66 kB
Progress (4): 393/536 kB | 2.0/2.8 MB | 49/146 kB | 66 kB
Progress (4): 397/536 kB | 2.0/2.8 MB | 49/146 kB | 66 kB
Progress (4): 397/536 kB | 2.0/2.8 MB | 49/146 kB | 66 kB
Progress (4): 401/536 kB | 2.0/2.8 MB | 49/146 kB | 66 kB
Progress (4): 401/536 kB | 2.0/2.8 MB | 49/146 kB | 66 kB
Progress (4): 405/536 kB | 2.0/2.8 MB | 49/146 kB | 66 kB
Progress (4): 405/536 kB | 2.0/2.8 MB | 49/146 kB | 66 kB
Progress (4): 409/536 kB | 2.0/2.8 MB | 49/146 kB | 66 kB
Progress (4): 413/536 kB | 2.0/2.8 MB | 49/146 kB | 66 kB
Progress (4): 417/536 kB | 2.0/2.8 MB | 49/146 kB | 66 kB
Progress (4): 421/536 kB | 2.0/2.8 MB | 49/146 kB | 66 kB
Progress (4): 425/536 kB | 2.0/2.8 MB | 49/146 kB | 66 kB
Progress (4): 430/536 kB | 2.0/2.8 MB | 49/146 kB | 66 kB
Progress (4): 434/536 kB | 2.0/2.8 MB | 49/146 kB | 66 kB
Progress (4): 438/536 kB | 2.0/2.8 MB | 49/146 kB | 66 kB
Progress (4): 442/536 kB | 2.0/2.8 MB | 49/146 kB | 66 kB
Progress (4): 446/536 kB | 2.0/2.8 MB | 49/146 kB | 66 kB
Progress (4): 450/536 kB | 2.0/2.8 MB | 49/146 kB | 66 kB
Progress (4): 454/536 kB | 2.0/2.8 MB | 49/146 kB | 66 kB
Progress (4): 458/536 kB | 2.0/2.8 MB | 49/146 kB | 66 kB
Progress (4): 462/536 kB | 2.0/2.8 MB | 49/146 kB | 66 kB
Progress (4): 466/536 kB | 2.0/2.8 MB | 49/146 kB | 66 kB
Progress (4): 470/536 kB | 2.0/2.8 MB | 49/146 kB | 66 kB
Progress (4): 475/536 kB | 2.0/2.8 MB | 49/146 kB | 66 kB
Progress (4): 479/536 kB | 2.0/2.8 MB | 49/146 kB | 66 kB
Progress (4): 483/536 kB | 2.0/2.8 MB | 49/146 kB | 66 kB
Progress (4): 487/536 kB | 2.0/2.8 MB | 49/146 kB | 66 kB
Progress (4): 491/536 kB | 2.0/2.8 MB | 49/146 kB | 66 kB
Progress (4): 495/536 kB | 2.0/2.8 MB | 49/146 kB | 66 kB
Progress (4): 499/536 kB | 2.0/2.8 MB | 49/146 kB | 66 kB
Progress (4): 503/536 kB | 2.0/2.8 MB | 49/146 kB | 66 kB
Progress (4): 507/536 kB | 2.0/2.8 MB | 49/146 kB | 66 kB
Progress (4): 511/536 kB | 2.0/2.8 MB | 49/146 kB | 66 kB
Progress (4): 516/536 kB | 2.0/2.8 MB | 49/146 kB | 66 kB
Progress (4): 520/536 kB | 2.0/2.8 MB | 49/146 kB | 66 kB
Progress (4): 524/536 kB | 2.0/2.8 MB | 49/146 kB | 66 kB
Progress (4): 528/536 kB | 2.0/2.8 MB | 49/146 kB | 66 kB
Progress (4): 532/536 kB | 2.0/2.8 MB | 49/146 kB | 66 kB
Progress (4): 536 kB | 2.0/2.8 MB | 49/146 kB | 66 kB    
Progress (4): 536 kB | 2.0/2.8 MB | 53/146 kB | 66 kB
Progress (4): 536 kB | 2.0/2.8 MB | 57/146 kB | 66 kB
Progress (4): 536 kB | 2.0/2.8 MB | 61/146 kB | 66 kB
Progress (4): 536 kB | 2.0/2.8 MB | 65/146 kB | 66 kB
Progress (4): 536 kB | 2.0/2.8 MB | 69/146 kB | 66 kB
Progress (4): 536 kB | 2.0/2.8 MB | 73/146 kB | 66 kB
Progress (4): 536 kB | 2.0/2.8 MB | 77/146 kB | 66 kB
Progress (4): 536 kB | 2.0/2.8 MB | 81/146 kB | 66 kB
Progress (4): 536 kB | 2.0/2.8 MB | 85/146 kB | 66 kB
Progress (4): 536 kB | 2.0/2.8 MB | 90/146 kB | 66 kB
Progress (4): 536 kB | 2.0/2.8 MB | 94/146 kB | 66 kB
Progress (4): 536 kB | 2.0/2.8 MB | 98/146 kB | 66 kB
Progress (4): 536 kB | 2.0/2.8 MB | 102/146 kB | 66 kB
Progress (4): 536 kB | 2.0/2.8 MB | 106/146 kB | 66 kB
Progress (4): 536 kB | 2.0/2.8 MB | 110/146 kB | 66 kB
Progress (4): 536 kB | 2.0/2.8 MB | 114/146 kB | 66 kB
Progress (4): 536 kB | 2.0/2.8 MB | 118/146 kB | 66 kB
Progress (4): 536 kB | 2.0/2.8 MB | 122/146 kB | 66 kB
Progress (4): 536 kB | 2.0/2.8 MB | 126/146 kB | 66 kB
Progress (4): 536 kB | 2.0/2.8 MB | 131/146 kB | 66 kB
Progress (4): 536 kB | 2.0/2.8 MB | 135/146 kB | 66 kB
Progress (4): 536 kB | 2.0/2.8 MB | 139/146 kB | 66 kB
Progress (4): 536 kB | 2.0/2.8 MB | 143/146 kB | 66 kB
Progress (4): 536 kB | 2.0/2.8 MB | 146 kB | 66 kB    
                                                  
Downloaded from central: https://repo.maven.apache.org/maven2/org/powermock/powermock-reflect/1.7.3/powermock-reflect-1.7.3.jar (66 kB at 36 kB/s)
Downloading from central: https://repo.maven.apache.org/maven2/org/powermock/powermock-api-mockito-common/1.7.3/powermock-api-mockito-common-1.7.3.jar
Progress (3): 536 kB | 2.0/2.8 MB | 146 kB
Progress (3): 536 kB | 2.0/2.8 MB | 146 kB
Progress (3): 536 kB | 2.0/2.8 MB | 146 kB
Progress (3): 536 kB | 2.0/2.8 MB | 146 kB
Progress (4): 536 kB | 2.0/2.8 MB | 146 kB | 4.1/59 kB
Progress (4): 536 kB | 2.0/2.8 MB | 146 kB | 7.7/59 kB
Progress (4): 536 kB | 2.0/2.8 MB | 146 kB | 12/59 kB 
Progress (4): 536 kB | 2.0/2.8 MB | 146 kB | 16/59 kB
Progress (4): 536 kB | 2.0/2.8 MB | 146 kB | 20/59 kB
Progress (4): 536 kB | 2.0/2.8 MB | 146 kB | 24/59 kB
Progress (4): 536 kB | 2.0/2.8 MB | 146 kB | 28/59 kB
Progress (4): 536 kB | 2.0/2.8 MB | 146 kB | 32/59 kB
Progress (4): 536 kB | 2.0/2.8 MB | 146 kB | 36/59 kB
Progress (4): 536 kB | 2.0/2.8 MB | 146 kB | 40/59 kB
Progress (4): 536 kB | 2.0/2.8 MB | 146 kB | 45/59 kB
Progress (4): 536 kB | 2.0/2.8 MB | 146 kB | 49/59 kB
Progress (4): 536 kB | 2.0/2.8 MB | 146 kB | 53/59 kB
Progress (4): 536 kB | 2.0/2.8 MB | 146 kB | 57/59 kB
Progress (4): 536 kB | 2.0/2.8 MB | 146 kB | 59 kB   
Progress (4): 536 kB | 2.0/2.8 MB | 146 kB | 59 kB
Progress (4): 536 kB | 2.0/2.8 MB | 146 kB | 59 kB
Progress (4): 536 kB | 2.0/2.8 MB | 146 kB | 59 kB
Progress (4): 536 kB | 2.0/2.8 MB | 146 kB | 59 kB
Progress (4): 536 kB | 2.0/2.8 MB | 146 kB | 59 kB
Progress (4): 536 kB | 2.0/2.8 MB | 146 kB | 59 kB
Progress (4): 536 kB | 2.0/2.8 MB | 146 kB | 59 kB
Progress (4): 536 kB | 2.0/2.8 MB | 146 kB | 59 kB
Progress (4): 536 kB | 2.0/2.8 MB | 146 kB | 59 kB
Progress (4): 536 kB | 2.0/2.8 MB | 146 kB | 59 kB
Progress (4): 536 kB | 2.0/2.8 MB | 146 kB | 59 kB
Progress (4): 536 kB | 2.0/2.8 MB | 146 kB | 59 kB
Progress (4): 536 kB | 2.1/2.8 MB | 146 kB | 59 kB
Progress (4): 536 kB | 2.1/2.8 MB | 146 kB | 59 kB
Progress (4): 536 kB | 2.1/2.8 MB | 146 kB | 59 kB
Progress (4): 536 kB | 2.1/2.8 MB | 146 kB | 59 kB
Progress (4): 536 kB | 2.1/2.8 MB | 146 kB | 59 kB
Progress (4): 536 kB | 2.1/2.8 MB | 146 kB | 59 kB
Progress (4): 536 kB | 2.1/2.8 MB | 146 kB | 59 kB
Progress (4): 536 kB | 2.1/2.8 MB | 146 kB | 59 kB
Progress (4): 536 kB | 2.1/2.8 MB | 146 kB | 59 kB
Progress (4): 536 kB | 2.1/2.8 MB | 146 kB | 59 kB
Progress (4): 536 kB | 2.1/2.8 MB | 146 kB | 59 kB
Progress (4): 536 kB | 2.1/2.8 MB | 146 kB | 59 kB
Progress (4): 536 kB | 2.1/2.8 MB | 146 kB | 59 kB
Progress (4): 536 kB | 2.1/2.8 MB | 146 kB | 59 kB
Progress (4): 536 kB | 2.1/2.8 MB | 146 kB | 59 kB
Progress (4): 536 kB | 2.1/2.8 MB | 146 kB | 59 kB
Progress (4): 536 kB | 2.1/2.8 MB | 146 kB | 59 kB
Progress (4): 536 kB | 2.1/2.8 MB | 146 kB | 59 kB
Progress (4): 536 kB | 2.1/2.8 MB | 146 kB | 59 kB
Progress (4): 536 kB | 2.1/2.8 MB | 146 kB | 59 kB
Progress (4): 536 kB | 2.1/2.8 MB | 146 kB | 59 kB
Progress (4): 536 kB | 2.1/2.8 MB | 146 kB | 59 kB
Progress (4): 536 kB | 2.1/2.8 MB | 146 kB | 59 kB
Progress (4): 536 kB | 2.1/2.8 MB | 146 kB | 59 kB
Progress (4): 536 kB | 2.1/2.8 MB | 146 kB | 59 kB
Progress (4): 536 kB | 2.2/2.8 MB | 146 kB | 59 kB
Progress (4): 536 kB | 2.2/2.8 MB | 146 kB | 59 kB
Progress (4): 536 kB | 2.2/2.8 MB | 146 kB | 59 kB
Progress (4): 536 kB | 2.2/2.8 MB | 146 kB | 59 kB
Progress (4): 536 kB | 2.2/2.8 MB | 146 kB | 59 kB
Progress (4): 536 kB | 2.2/2.8 MB | 146 kB | 59 kB
Progress (4): 536 kB | 2.2/2.8 MB | 146 kB | 59 kB
Progress (4): 536 kB | 2.2/2.8 MB | 146 kB | 59 kB
Progress (4): 536 kB | 2.2/2.8 MB | 146 kB | 59 kB
Progress (4): 536 kB | 2.2/2.8 MB | 146 kB | 59 kB
Progress (4): 536 kB | 2.2/2.8 MB | 146 kB | 59 kB
Progress (4): 536 kB | 2.2/2.8 MB | 146 kB | 59 kB
Progress (4): 536 kB | 2.2/2.8 MB | 146 kB | 59 kB
Progress (4): 536 kB | 2.2/2.8 MB | 146 kB | 59 kB
Progress (4): 536 kB | 2.2/2.8 MB | 146 kB | 59 kB
Progress (4): 536 kB | 2.2/2.8 MB | 146 kB | 59 kB
Progress (4): 536 kB | 2.2/2.8 MB | 146 kB | 59 kB
Progress (4): 536 kB | 2.2/2.8 MB | 146 kB | 59 kB
Progress (4): 536 kB | 2.2/2.8 MB | 146 kB | 59 kB
Progress (4): 536 kB | 2.2/2.8 MB | 146 kB | 59 kB
Progress (4): 536 kB | 2.2/2.8 MB | 146 kB | 59 kB
Progress (4): 536 kB | 2.2/2.8 MB | 146 kB | 59 kB
Progress (4): 536 kB | 2.2/2.8 MB | 146 kB | 59 kB
Progress (4): 536 kB | 2.2/2.8 MB | 146 kB | 59 kB
Progress (4): 536 kB | 2.3/2.8 MB | 146 kB | 59 kB
Progress (4): 536 kB | 2.3/2.8 MB | 146 kB | 59 kB
Progress (4): 536 kB | 2.3/2.8 MB | 146 kB | 59 kB
Progress (4): 536 kB | 2.3/2.8 MB | 146 kB | 59 kB
Progress (4): 536 kB | 2.3/2.8 MB | 146 kB | 59 kB
Progress (4): 536 kB | 2.3/2.8 MB | 146 kB | 59 kB
Progress (4): 536 kB | 2.3/2.8 MB | 146 kB | 59 kB
Progress (4): 536 kB | 2.3/2.8 MB | 146 kB | 59 kB
Progress (4): 536 kB | 2.3/2.8 MB | 146 kB | 59 kB
Progress (4): 536 kB | 2.3/2.8 MB | 146 kB | 59 kB
Progress (4): 536 kB | 2.3/2.8 MB | 146 kB | 59 kB
Progress (4): 536 kB | 2.3/2.8 MB | 146 kB | 59 kB
Progress (4): 536 kB | 2.3/2.8 MB | 146 kB | 59 kB
Progress (4): 536 kB | 2.3/2.8 MB | 146 kB | 59 kB
Progress (4): 536 kB | 2.3/2.8 MB | 146 kB | 59 kB
Progress (4): 536 kB | 2.3/2.8 MB | 146 kB | 59 kB
Progress (4): 536 kB | 2.3/2.8 MB | 146 kB | 59 kB
Progress (4): 536 kB | 2.3/2.8 MB | 146 kB | 59 kB
Progress (4): 536 kB | 2.3/2.8 MB | 146 kB | 59 kB
Progress (4): 536 kB | 2.3/2.8 MB | 146 kB | 59 kB
Progress (4): 536 kB | 2.3/2.8 MB | 146 kB | 59 kB
Progress (4): 536 kB | 2.3/2.8 MB | 146 kB | 59 kB
Progress (4): 536 kB | 2.3/2.8 MB | 146 kB | 59 kB
Progress (4): 536 kB | 2.3/2.8 MB | 146 kB | 59 kB
Progress (4): 536 kB | 2.4/2.8 MB | 146 kB | 59 kB
Progress (4): 536 kB | 2.4/2.8 MB | 146 kB | 59 kB
Progress (4): 536 kB | 2.4/2.8 MB | 146 kB | 59 kB
Progress (4): 536 kB | 2.4/2.8 MB | 146 kB | 59 kB
Progress (4): 536 kB | 2.4/2.8 MB | 146 kB | 59 kB
Progress (4): 536 kB | 2.4/2.8 MB | 146 kB | 59 kB
Progress (4): 536 kB | 2.4/2.8 MB | 146 kB | 59 kB
Progress (4): 536 kB | 2.4/2.8 MB | 146 kB | 59 kB
Progress (4): 536 kB | 2.4/2.8 MB | 146 kB | 59 kB
Progress (4): 536 kB | 2.4/2.8 MB | 146 kB | 59 kB
Progress (4): 536 kB | 2.4/2.8 MB | 146 kB | 59 kB
Progress (4): 536 kB | 2.4/2.8 MB | 146 kB | 59 kB
Progress (4): 536 kB | 2.4/2.8 MB | 146 kB | 59 kB
Progress (4): 536 kB | 2.4/2.8 MB | 146 kB | 59 kB
Progress (4): 536 kB | 2.4/2.8 MB | 146 kB | 59 kB
                                                  
Downloaded from central: https://repo.maven.apache.org/maven2/org/mockito/mockito-core/2.9.0/mockito-core-2.9.0.jar (536 kB at 266 kB/s)
Downloading from central: https://repo.maven.apache.org/maven2/org/powermock/powermock-api-support/1.7.3/powermock-api-support-1.7.3.jar
Progress (4): 2.4/2.8 MB | 146 kB | 59 kB | 4.1/36 kB
Progress (4): 2.4/2.8 MB | 146 kB | 59 kB | 7.7/36 kB
                                                     
Downloaded from central: https://repo.maven.apache.org/maven2/org/powermock/powermock-core/1.7.3/powermock-core-1.7.3.jar (146 kB at 72 kB/s)
Progress (3): 2.4/2.8 MB | 59 kB | 12/36 kB
Progress (3): 2.4/2.8 MB | 59 kB | 16/36 kB
Progress (3): 2.4/2.8 MB | 59 kB | 20/36 kB
Progress (3): 2.4/2.8 MB | 59 kB | 24/36 kB
Progress (3): 2.4/2.8 MB | 59 kB | 28/36 kB
Progress (3): 2.4/2.8 MB | 59 kB | 32/36 kB
Progress (3): 2.4/2.8 MB | 59 kB | 36 kB   
                                        
Downloaded from central: https://repo.maven.apache.org/maven2/org/powermock/powermock-api-mockito2/1.7.3/powermock-api-mockito2-1.7.3.jar (59 kB at 28 kB/s)
Progress (2): 2.4/2.8 MB | 36 kB
Progress (2): 2.4/2.8 MB | 36 kB
Progress (2): 2.4/2.8 MB | 36 kB
Progress (2): 2.4/2.8 MB | 36 kB
Progress (2): 2.4/2.8 MB | 36 kB
Progress (2): 2.4/2.8 MB | 36 kB
Progress (2): 2.4/2.8 MB | 36 kB
Progress (2): 2.4/2.8 MB | 36 kB
Progress (2): 2.4/2.8 MB | 36 kB
Progress (2): 2.4/2.8 MB | 36 kB
Progress (2): 2.5/2.8 MB | 36 kB
Progress (2): 2.5/2.8 MB | 36 kB
Progress (2): 2.5/2.8 MB | 36 kB
Progress (2): 2.5/2.8 MB | 36 kB
Progress (2): 2.5/2.8 MB | 36 kB
Progress (2): 2.5/2.8 MB | 36 kB
Progress (2): 2.5/2.8 MB | 36 kB
Progress (2): 2.5/2.8 MB | 36 kB
Progress (2): 2.5/2.8 MB | 36 kB
Progress (2): 2.5/2.8 MB | 36 kB
Progress (2): 2.5/2.8 MB | 36 kB
Progress (2): 2.5/2.8 MB | 36 kB
Progress (2): 2.5/2.8 MB | 36 kB
Progress (2): 2.5/2.8 MB | 36 kB
Progress (2): 2.5/2.8 MB | 36 kB
Progress (2): 2.5/2.8 MB | 36 kB
Progress (2): 2.5/2.8 MB | 36 kB
Progress (2): 2.5/2.8 MB | 36 kB
Progress (2): 2.5/2.8 MB | 36 kB
Progress (2): 2.5/2.8 MB | 36 kB
Progress (2): 2.5/2.8 MB | 36 kB
Progress (2): 2.5/2.8 MB | 36 kB
Progress (2): 2.5/2.8 MB | 36 kB
Progress (2): 2.5/2.8 MB | 36 kB
Progress (2): 2.6/2.8 MB | 36 kB
Progress (2): 2.6/2.8 MB | 36 kB
Progress (2): 2.6/2.8 MB | 36 kB
Progress (2): 2.6/2.8 MB | 36 kB
Progress (2): 2.6/2.8 MB | 36 kB
Progress (2): 2.6/2.8 MB | 36 kB
Progress (2): 2.6/2.8 MB | 36 kB
Progress (2): 2.6/2.8 MB | 36 kB
Progress (2): 2.6/2.8 MB | 36 kB
Progress (2): 2.6/2.8 MB | 36 kB
Progress (2): 2.6/2.8 MB | 36 kB
Progress (2): 2.6/2.8 MB | 36 kB
Progress (2): 2.6/2.8 MB | 36 kB
Progress (2): 2.6/2.8 MB | 36 kB
Progress (2): 2.6/2.8 MB | 36 kB
Progress (2): 2.6/2.8 MB | 36 kB
Progress (2): 2.6/2.8 MB | 36 kB
Progress (2): 2.6/2.8 MB | 36 kB
Progress (2): 2.6/2.8 MB | 36 kB
Progress (2): 2.6/2.8 MB | 36 kB
Progress (2): 2.6/2.8 MB | 36 kB
Progress (2): 2.6/2.8 MB | 36 kB
Progress (2): 2.6/2.8 MB | 36 kB
Progress (2): 2.6/2.8 MB | 36 kB
Progress (2): 2.6/2.8 MB | 36 kB
Progress (2): 2.7/2.8 MB | 36 kB
Progress (2): 2.7/2.8 MB | 36 kB
Progress (2): 2.7/2.8 MB | 36 kB
Progress (2): 2.7/2.8 MB | 36 kB
Progress (2): 2.7/2.8 MB | 36 kB
Progress (2): 2.7/2.8 MB | 36 kB
Progress (2): 2.7/2.8 MB | 36 kB
Progress (2): 2.7/2.8 MB | 36 kB
Progress (2): 2.7/2.8 MB | 36 kB
Progress (2): 2.7/2.8 MB | 36 kB
Progress (2): 2.7/2.8 MB | 36 kB
Progress (2): 2.7/2.8 MB | 36 kB
Progress (2): 2.7/2.8 MB | 36 kB
Progress (2): 2.7/2.8 MB | 36 kB
Progress (2): 2.7/2.8 MB | 36 kB
Progress (2): 2.7/2.8 MB | 36 kB
Progress (2): 2.7/2.8 MB | 36 kB
Progress (2): 2.7/2.8 MB | 36 kB
Progress (2): 2.7/2.8 MB | 36 kB
Progress (2): 2.7/2.8 MB | 36 kB
Progress (2): 2.7/2.8 MB | 36 kB
Progress (2): 2.7/2.8 MB | 36 kB
Progress (2): 2.7/2.8 MB | 36 kB
Progress (2): 2.7/2.8 MB | 36 kB
Progress (2): 2.8/2.8 MB | 36 kB
Progress (2): 2.8/2.8 MB | 36 kB
Progress (2): 2.8/2.8 MB | 36 kB
Progress (2): 2.8/2.8 MB | 36 kB
Progress (2): 2.8/2.8 MB | 36 kB
Progress (2): 2.8/2.8 MB | 36 kB
Progress (2): 2.8/2.8 MB | 36 kB
Progress (2): 2.8/2.8 MB | 36 kB
Progress (2): 2.8/2.8 MB | 36 kB
Progress (2): 2.8/2.8 MB | 36 kB
Progress (2): 2.8/2.8 MB | 36 kB
Progress (2): 2.8/2.8 MB | 36 kB
Progress (2): 2.8/2.8 MB | 36 kB
Progress (2): 2.8/2.8 MB | 36 kB
Progress (2): 2.8/2.8 MB | 36 kB
Progress (2): 2.8/2.8 MB | 36 kB
Progress (2): 2.8/2.8 MB | 36 kB
Progress (2): 2.8/2.8 MB | 36 kB
Progress (2): 2.8/2.8 MB | 36 kB
Progress (2): 2.8 MB | 36 kB    
Progress (3): 2.8 MB | 36 kB | 4.1/23 kB
Progress (3): 2.8 MB | 36 kB | 7.7/23 kB
Progress (3): 2.8 MB | 36 kB | 12/23 kB 
Progress (3): 2.8 MB | 36 kB | 16/23 kB
Progress (3): 2.8 MB | 36 kB | 20/23 kB
Progress (3): 2.8 MB | 36 kB | 23 kB   
                                    
Downloaded from central: https://repo.maven.apache.org/maven2/org/powermock/powermock-api-mockito-common/1.7.3/powermock-api-mockito-common-1.7.3.jar (36 kB at 16 kB/s)
Downloaded from central: https://repo.maven.apache.org/maven2/net/bytebuddy/byte-buddy/1.7.0/byte-buddy-1.7.0.jar (2.8 MB at 1.2 MB/s)
Downloaded from central: https://repo.maven.apache.org/maven2/org/powermock/powermock-api-support/1.7.3/powermock-api-support-1.7.3.jar (23 kB at 9.6 kB/s)
[INFO] 
[INFO] --- maven-clean-plugin:2.5:clean (default-clean) @ logstash-logback-encoder ---
[INFO] 
[INFO] --- maven-dependency-plugin:2.8:list (default-cli) @ logstash-logback-encoder ---
[INFO] 
[INFO] The following files have been resolved:
[INFO]    com.fasterxml.jackson.core:jackson-core:jar:2.9.5:compile
[INFO]    net.bytebuddy:byte-buddy:jar:1.7.0:test
[INFO]    com.lmax:disruptor:jar:3.3.8:compile
[INFO]    commons-lang:commons-lang:jar:2.6:compile
[INFO]    org.assertj:assertj-core:jar:2.9.0:test
[INFO]    ch.qos.logback:logback-core:jar:1.2.3:compile
[INFO]    org.objenesis:objenesis:jar:2.6:test
[INFO]    commons-io:commons-io:jar:2.6:test
[INFO]    org.javassist:javassist:jar:3.21.0-GA:test
[INFO]    ch.qos.logback:logback-classic:jar:1.2.3:compile
[INFO]    org.powermock:powermock-api-mockito-common:jar:1.7.3:test
[INFO]    org.powermock:powermock-module-junit4:jar:1.7.3:test
[INFO]    org.powermock:powermock-reflect:jar:1.7.3:test
[INFO]    org.powermock:powermock-api-mockito2:jar:1.7.3:test
[INFO]    org.hamcrest:hamcrest-core:jar:1.3:test
[INFO]    com.fasterxml.jackson.core:jackson-annotations:jar:2.9.0:compile
[INFO]    ch.qos.logback:logback-access:jar:1.2.3:compile
[INFO]    org.powermock:powermock-module-junit4-common:jar:1.7.3:test
[INFO]    com.fasterxml.uuid:java-uuid-generator:jar:3.1.4:compile
[INFO]    net.bytebuddy:byte-buddy-agent:jar:1.7.0:test
[INFO]    junit:junit:jar:4.12:test
[INFO]    org.slf4j:slf4j-api:jar:1.7.25:compile
[INFO]    javax.servlet:servlet-api:jar:2.5:provided
[INFO]    org.mockito:mockito-core:jar:2.9.0:test
[INFO]    org.powermock:powermock-api-support:jar:1.7.3:test
[INFO]    org.codehaus.mojo:animal-sniffer-annotations:jar:1.16:provided
[INFO]    com.fasterxml.jackson.core:jackson-databind:jar:2.9.5:compile
[INFO]    org.powermock:powermock-core:jar:1.7.3:test
[INFO] 
[INFO] 
[INFO] --- maven-enforcer-plugin:1.4:enforce (enforce-maven) @ logstash-logback-encoder ---
Downloading from central: https://repo.maven.apache.org/maven2/org/apache/maven/enforcer/enforcer-api/1.4/enforcer-api-1.4.pom
Progress (1): 2.2/2.6 kB
Progress (1): 2.6 kB    
                    
Downloaded from central: https://repo.maven.apache.org/maven2/org/apache/maven/enforcer/enforcer-api/1.4/enforcer-api-1.4.pom (2.6 kB at 7.3 kB/s)
Downloading from central: https://repo.maven.apache.org/maven2/org/apache/maven/enforcer/enforcer-rules/1.4/enforcer-rules-1.4.pom
Progress (1): 2.2/3.7 kB
Progress (1): 3.7 kB    
                    
Downloaded from central: https://repo.maven.apache.org/maven2/org/apache/maven/enforcer/enforcer-rules/1.4/enforcer-rules-1.4.pom (3.7 kB at 10 kB/s)
Downloading from central: https://repo.maven.apache.org/maven2/org/apache/maven/enforcer/enforcer-api/1.4/enforcer-api-1.4.jar
Downloading from central: https://repo.maven.apache.org/maven2/org/apache/maven/enforcer/enforcer-rules/1.4/enforcer-rules-1.4.jar
Progress (1): 2.2/11 kB
Progress (1): 5.0/11 kB
Progress (1): 7.7/11 kB
Progress (1): 10/11 kB 
Progress (1): 11 kB   
Progress (2): 11 kB | 2.2/99 kB
Progress (2): 11 kB | 5.0/99 kB
Progress (2): 11 kB | 7.7/99 kB
Progress (2): 11 kB | 10/99 kB 
Progress (2): 11 kB | 13/99 kB
Progress (2): 11 kB | 16/99 kB
Progress (2): 11 kB | 19/99 kB
Progress (2): 11 kB | 21/99 kB
Progress (2): 11 kB | 24/99 kB
Progress (2): 11 kB | 27/99 kB
Progress (2): 11 kB | 30/99 kB
Progress (2): 11 kB | 32/99 kB
Progress (2): 11 kB | 36/99 kB
Progress (2): 11 kB | 40/99 kB
Progress (2): 11 kB | 45/99 kB
Progress (2): 11 kB | 49/99 kB
Progress (2): 11 kB | 53/99 kB
Progress (2): 11 kB | 57/99 kB
Progress (2): 11 kB | 61/99 kB
Progress (2): 11 kB | 65/99 kB
Progress (2): 11 kB | 69/99 kB
Progress (2): 11 kB | 73/99 kB
Progress (2): 11 kB | 77/99 kB
Progress (2): 11 kB | 81/99 kB
Progress (2): 11 kB | 85/99 kB
Progress (2): 11 kB | 90/99 kB
Progress (2): 11 kB | 94/99 kB
Progress (2): 11 kB | 98/99 kB
Progress (2): 11 kB | 99 kB   
                           
Downloaded from central: https://repo.maven.apache.org/maven2/org/apache/maven/enforcer/enforcer-api/1.4/enforcer-api-1.4.jar (11 kB at 30 kB/s)
Downloaded from central: https://repo.maven.apache.org/maven2/org/apache/maven/enforcer/enforcer-rules/1.4/enforcer-rules-1.4.jar (99 kB at 265 kB/s)
[INFO] 
[INFO] --- maven-license-plugin:1.9.0:format (default) @ logstash-logback-encoder ---
Downloading from central: https://repo.maven.apache.org/maven2/org/apache/maven/maven-plugin-api/3.0.1/maven-plugin-api-3.0.1.pom
Progress (1): 2.2/2.3 kB
Progress (1): 2.3 kB    
                    
Downloaded from central: https://repo.maven.apache.org/maven2/org/apache/maven/maven-plugin-api/3.0.1/maven-plugin-api-3.0.1.pom (2.3 kB at 6.2 kB/s)
Downloading from central: https://repo.maven.apache.org/maven2/org/apache/maven/maven/3.0.1/maven-3.0.1.pom
Progress (1): 2.2/23 kB
Progress (1): 5.0/23 kB
Progress (1): 7.8/23 kB
Progress (1): 11/23 kB 
Progress (1): 13/23 kB
Progress (1): 16/23 kB
Progress (1): 19/23 kB
Progress (1): 21/23 kB
Progress (1): 23 kB   
                   
Downloaded from central: https://repo.maven.apache.org/maven2/org/apache/maven/maven/3.0.1/maven-3.0.1.pom (23 kB at 62 kB/s)
Downloading from central: https://repo.maven.apache.org/maven2/org/apache/maven/maven-model/3.0.1/maven-model-3.0.1.pom
Progress (1): 2.2/3.9 kB
Progress (1): 3.9 kB    
                    
Downloaded from central: https://repo.maven.apache.org/maven2/org/apache/maven/maven-model/3.0.1/maven-model-3.0.1.pom (3.9 kB at 11 kB/s)
Downloading from central: https://repo.maven.apache.org/maven2/org/apache/maven/maven-artifact/3.0.1/maven-artifact-3.0.1.pom
Progress (1): 1.9 kB
                    
Downloaded from central: https://repo.maven.apache.org/maven2/org/apache/maven/maven-artifact/3.0.1/maven-artifact-3.0.1.pom (1.9 kB at 5.3 kB/s)
Downloading from central: https://repo.maven.apache.org/maven2/org/sonatype/sisu/sisu-inject-plexus/1.4.3.1/sisu-inject-plexus-1.4.3.1.pom
Progress (1): 2.2/5.2 kB
Progress (1): 5.0/5.2 kB
Progress (1): 5.2 kB    
                    
Downloaded from central: https://repo.maven.apache.org/maven2/org/sonatype/sisu/sisu-inject-plexus/1.4.3.1/sisu-inject-plexus-1.4.3.1.pom (5.2 kB at 14 kB/s)
Downloading from central: https://repo.maven.apache.org/maven2/org/sonatype/sisu/inject/guice-plexus/1.4.3.1/guice-plexus-1.4.3.1.pom
Progress (1): 2.2/3.0 kB
Progress (1): 3.0 kB    
                    
Downloaded from central: https://repo.maven.apache.org/maven2/org/sonatype/sisu/inject/guice-plexus/1.4.3.1/guice-plexus-1.4.3.1.pom (3.0 kB at 8.3 kB/s)
Downloading from central: https://repo.maven.apache.org/maven2/org/sonatype/sisu/inject/guice-bean/1.4.3.1/guice-bean-1.4.3.1.pom
Progress (1): 2.2/2.5 kB
Progress (1): 2.5 kB    
                    
Downloaded from central: https://repo.maven.apache.org/maven2/org/sonatype/sisu/inject/guice-bean/1.4.3.1/guice-bean-1.4.3.1.pom (2.5 kB at 6.9 kB/s)
Downloading from central: https://repo.maven.apache.org/maven2/org/sonatype/sisu/sisu-inject/1.4.3.1/sisu-inject-1.4.3.1.pom
Progress (1): 1.2 kB
                    
Downloaded from central: https://repo.maven.apache.org/maven2/org/sonatype/sisu/sisu-inject/1.4.3.1/sisu-inject-1.4.3.1.pom (1.2 kB at 3.3 kB/s)
Downloading from central: https://repo.maven.apache.org/maven2/org/sonatype/sisu/sisu-parent/1.4.3.1/sisu-parent-1.4.3.1.pom
Progress (1): 2.2/8.1 kB
Progress (1): 5.0/8.1 kB
Progress (1): 7.8/8.1 kB
Progress (1): 8.1 kB    
                    
Downloaded from central: https://repo.maven.apache.org/maven2/org/sonatype/sisu/sisu-parent/1.4.3.1/sisu-parent-1.4.3.1.pom (8.1 kB at 21 kB/s)
Downloading from central: https://repo.maven.apache.org/maven2/org/sonatype/sisu/sisu-inject-bean/1.4.3.1/sisu-inject-bean-1.4.3.1.pom
Progress (1): 2.2/5.3 kB
Progress (1): 5.0/5.3 kB
Progress (1): 5.3 kB    
                    
Downloaded from central: https://repo.maven.apache.org/maven2/org/sonatype/sisu/sisu-inject-bean/1.4.3.1/sisu-inject-bean-1.4.3.1.pom (5.3 kB at 15 kB/s)
Downloading from central: https://repo.maven.apache.org/maven2/org/sonatype/sisu/sisu-guice/2.9.1/sisu-guice-2.9.1.pom
Progress (1): 2.2/6.7 kB
Progress (1): 5.0/6.7 kB
Progress (1): 6.7 kB    
                    
Downloaded from central: https://repo.maven.apache.org/maven2/org/sonatype/sisu/sisu-guice/2.9.1/sisu-guice-2.9.1.pom (6.7 kB at 18 kB/s)
Downloading from central: https://repo.maven.apache.org/maven2/org/sonatype/sisu/inject/guice-parent/2.9.1/guice-parent-2.9.1.pom
Progress (1): 2.2/12 kB
Progress (1): 5.0/12 kB
Progress (1): 7.8/12 kB
Progress (1): 11/12 kB 
Progress (1): 12 kB   
                   
Downloaded from central: https://repo.maven.apache.org/maven2/org/sonatype/sisu/inject/guice-parent/2.9.1/guice-parent-2.9.1.pom (12 kB at 34 kB/s)
Downloading from central: https://repo.maven.apache.org/maven2/com/mycila/xmltool/xmltool/3.3/xmltool-3.3.pom
Progress (1): 2.2/14 kB
Progress (1): 5.0/14 kB
Progress (1): 7.8/14 kB
Progress (1): 11/14 kB 
Progress (1): 13/14 kB
Progress (1): 14 kB   
                   
Downloaded from central: https://repo.maven.apache.org/maven2/com/mycila/xmltool/xmltool/3.3/xmltool-3.3.pom (14 kB at 37 kB/s)
Downloading from central: https://repo.maven.apache.org/maven2/org/apache/maven/maven-project/3.0-alpha-2/maven-project-3.0-alpha-2.pom
Progress (1): 2.2/3.3 kB
Progress (1): 3.3 kB    
                    
Downloaded from central: https://repo.maven.apache.org/maven2/org/apache/maven/maven-project/3.0-alpha-2/maven-project-3.0-alpha-2.pom (3.3 kB at 8.1 kB/s)
Downloading from central: https://repo.maven.apache.org/maven2/org/apache/maven/maven/3.0-alpha-2/maven-3.0-alpha-2.pom
Progress (1): 2.8/21 kB
Progress (1): 5.5/21 kB
Progress (1): 8.3/21 kB
Progress (1): 11/21 kB 
Progress (1): 14/21 kB
Progress (1): 16/21 kB
Progress (1): 19/21 kB
Progress (1): 21 kB   
                   
Downloaded from central: https://repo.maven.apache.org/maven2/org/apache/maven/maven/3.0-alpha-2/maven-3.0-alpha-2.pom (21 kB at 59 kB/s)
Downloading from central: https://repo.maven.apache.org/maven2/org/apache/maven/maven-model/3.0-alpha-2/maven-model-3.0-alpha-2.pom
Progress (1): 2.2/3.5 kB
Progress (1): 3.5 kB    
                    
Downloaded from central: https://repo.maven.apache.org/maven2/org/apache/maven/maven-model/3.0-alpha-2/maven-model-3.0-alpha-2.pom (3.5 kB at 9.7 kB/s)
Downloading from central: https://repo.maven.apache.org/maven2/org/apache/maven/maven-compat/3.0-alpha-2/maven-compat-3.0-alpha-2.pom
Progress (1): 2.2/2.9 kB
Progress (1): 2.9 kB    
                    
Downloaded from central: https://repo.maven.apache.org/maven2/org/apache/maven/maven-compat/3.0-alpha-2/maven-compat-3.0-alpha-2.pom (2.9 kB at 8.0 kB/s)
Downloading from central: https://repo.maven.apache.org/maven2/org/codehaus/plexus/plexus-container-default/1.0-beta-3.0.5/plexus-container-default-1.0-beta-3.0.5.pom
Progress (1): 1.4 kB
                    
Downloaded from central: https://repo.maven.apache.org/maven2/org/codehaus/plexus/plexus-container-default/1.0-beta-3.0.5/plexus-container-default-1.0-beta-3.0.5.pom (1.4 kB at 3.9 kB/s)
Downloading from central: https://repo.maven.apache.org/maven2/org/codehaus/plexus/plexus-containers/1.0-beta-3.0.5/plexus-containers-1.0-beta-3.0.5.pom
Progress (1): 2.2/4.1 kB
Progress (1): 4.1 kB    
                    
Downloaded from central: https://repo.maven.apache.org/maven2/org/codehaus/plexus/plexus-containers/1.0-beta-3.0.5/plexus-containers-1.0-beta-3.0.5.pom (4.1 kB at 11 kB/s)
Downloading from central: https://repo.maven.apache.org/maven2/org/codehaus/plexus/plexus-classworlds/1.4/plexus-classworlds-1.4.pom
Progress (1): 2.2/4.7 kB
Progress (1): 4.7 kB    
                    
Downloaded from central: https://repo.maven.apache.org/maven2/org/codehaus/plexus/plexus-classworlds/1.4/plexus-classworlds-1.4.pom (4.7 kB at 13 kB/s)
Downloading from central: https://repo.maven.apache.org/maven2/org/codehaus/plexus/plexus/2.0.0/plexus-2.0.0.pom
Progress (1): 2.2/8.0 kB
Progress (1): 5.0/8.0 kB
Progress (1): 7.8/8.0 kB
Progress (1): 8.0 kB    
                    
Downloaded from central: https://repo.maven.apache.org/maven2/org/codehaus/plexus/plexus/2.0.0/plexus-2.0.0.pom (8.0 kB at 22 kB/s)
Downloading from central: https://repo.maven.apache.org/maven2/com/google/code/google-collections/google-collect/snapshot-20080530/google-collect-snapshot-20080530.pom
Progress (1): 1.5 kB
                    
Downloaded from central: https://repo.maven.apache.org/maven2/com/google/code/google-collections/google-collect/snapshot-20080530/google-collect-snapshot-20080530.pom (1.5 kB at 4.0 kB/s)
Downloading from central: https://repo.maven.apache.org/maven2/org/codehaus/plexus/plexus-component-annotations/1.0-beta-3.0.5/plexus-component-annotations-1.0-beta-3.0.5.pom
Progress (1): 602 B
                   
Downloaded from central: https://repo.maven.apache.org/maven2/org/codehaus/plexus/plexus-component-annotations/1.0-beta-3.0.5/plexus-component-annotations-1.0-beta-3.0.5.pom (602 B at 1.7 kB/s)
Downloading from central: https://repo.maven.apache.org/maven2/org/apache/maven/wagon/wagon-provider-api/1.0-beta-4/wagon-provider-api-1.0-beta-4.pom
Progress (1): 906 B
                   
Downloaded from central: https://repo.maven.apache.org/maven2/org/apache/maven/wagon/wagon-provider-api/1.0-beta-4/wagon-provider-api-1.0-beta-4.pom (906 B at 2.5 kB/s)
Downloading from central: https://repo.maven.apache.org/maven2/org/apache/maven/wagon/wagon/1.0-beta-4/wagon-1.0-beta-4.pom
Progress (1): 2.2/10 kB
Progress (1): 5.0/10 kB
Progress (1): 7.8/10 kB
Progress (1): 10 kB    
                   
Downloaded from central: https://repo.maven.apache.org/maven2/org/apache/maven/wagon/wagon/1.0-beta-4/wagon-1.0-beta-4.pom (10 kB at 29 kB/s)
Downloading from central: https://repo.maven.apache.org/maven2/org/codehaus/woodstox/wstx-asl/3.2.6/wstx-asl-3.2.6.pom
Progress (1): 1.3 kB
                    
Downloaded from central: https://repo.maven.apache.org/maven2/org/codehaus/woodstox/wstx-asl/3.2.6/wstx-asl-3.2.6.pom (1.3 kB at 3.5 kB/s)
Downloading from central: https://repo.maven.apache.org/maven2/org/sonatype/spice/model-builder/1.3/model-builder-1.3.pom
Progress (1): 2.2/2.9 kB
Progress (1): 2.9 kB    
                    
Downloaded from central: https://repo.maven.apache.org/maven2/org/sonatype/spice/model-builder/1.3/model-builder-1.3.pom (2.9 kB at 7.9 kB/s)
Downloading from central: https://repo.maven.apache.org/maven2/org/apache/maven/maven-project-builder/3.0-alpha-2/maven-project-builder-3.0-alpha-2.pom
Progress (1): 1.7 kB
                    
Downloaded from central: https://repo.maven.apache.org/maven2/org/apache/maven/maven-project-builder/3.0-alpha-2/maven-project-builder-3.0-alpha-2.pom (1.7 kB at 4.7 kB/s)
Downloading from central: https://repo.maven.apache.org/maven2/org/apache/maven/maven-plugin-api/3.0.1/maven-plugin-api-3.0.1.jar
Downloading from central: https://repo.maven.apache.org/maven2/org/sonatype/sisu/sisu-inject-bean/1.4.3.1/sisu-inject-bean-1.4.3.1.jar
Downloading from central: https://repo.maven.apache.org/maven2/org/sonatype/sisu/sisu-inject-plexus/1.4.3.1/sisu-inject-plexus-1.4.3.1.jar
Downloading from central: https://repo.maven.apache.org/maven2/org/apache/maven/maven-artifact/3.0.1/maven-artifact-3.0.1.jar
Downloading from central: https://repo.maven.apache.org/maven2/org/apache/maven/maven-model/3.0.1/maven-model-3.0.1.jar
Progress (1): 2.2/49 kB
Progress (1): 5.0/49 kB
Progress (1): 7.7/49 kB
Progress (1): 10/49 kB 
Progress (1): 13/49 kB
Progress (1): 16/49 kB
Progress (1): 19/49 kB
Progress (1): 21/49 kB
Progress (1): 24/49 kB
Progress (1): 27/49 kB
Progress (1): 30/49 kB
Progress (1): 32/49 kB
Progress (1): 36/49 kB
Progress (1): 40/49 kB
Progress (1): 45/49 kB
Progress (1): 49/49 kB
Progress (1): 49 kB   
Progress (2): 49 kB | 2.2/165 kB
Progress (2): 49 kB | 5.0/165 kB
Progress (2): 49 kB | 7.7/165 kB
Progress (2): 49 kB | 10/165 kB 
Progress (2): 49 kB | 13/165 kB
Progress (2): 49 kB | 16/165 kB
Progress (2): 49 kB | 19/165 kB
Progress (2): 49 kB | 21/165 kB
Progress (3): 49 kB | 21/165 kB | 2.2/205 kB
Progress (3): 49 kB | 24/165 kB | 2.2/205 kB
Progress (3): 49 kB | 24/165 kB | 5.0/205 kB
Progress (3): 49 kB | 27/165 kB | 5.0/205 kB
Progress (3): 49 kB | 27/165 kB | 7.7/205 kB
Progress (3): 49 kB | 30/165 kB | 7.7/205 kB
Progress (3): 49 kB | 30/165 kB | 10/205 kB 
Progress (3): 49 kB | 32/165 kB | 10/205 kB
Progress (3): 49 kB | 32/165 kB | 13/205 kB
Progress (3): 49 kB | 32/165 kB | 16/205 kB
Progress (4): 49 kB | 32/165 kB | 16/205 kB | 2.2/52 kB
Progress (4): 49 kB | 32/165 kB | 19/205 kB | 2.2/52 kB
Progress (4): 49 kB | 32/165 kB | 19/205 kB | 5.0/52 kB
Progress (4): 49 kB | 36/165 kB | 19/205 kB | 5.0/52 kB
Progress (4): 49 kB | 36/165 kB | 19/205 kB | 7.7/52 kB
Progress (4): 49 kB | 36/165 kB | 21/205 kB | 7.7/52 kB
Progress (4): 49 kB | 36/165 kB | 21/205 kB | 10/52 kB 
Progress (4): 49 kB | 40/165 kB | 21/205 kB | 10/52 kB
Progress (4): 49 kB | 40/165 kB | 21/205 kB | 13/52 kB
Progress (4): 49 kB | 40/165 kB | 24/205 kB | 13/52 kB
Progress (4): 49 kB | 40/165 kB | 24/205 kB | 16/52 kB
Progress (4): 49 kB | 45/165 kB | 24/205 kB | 16/52 kB
Progress (4): 49 kB | 45/165 kB | 24/205 kB | 19/52 kB
Progress (4): 49 kB | 45/165 kB | 27/205 kB | 19/52 kB
Progress (4): 49 kB | 49/165 kB | 27/205 kB | 19/52 kB
Progress (4): 49 kB | 49/165 kB | 27/205 kB | 21/52 kB
Progress (4): 49 kB | 49/165 kB | 30/205 kB | 21/52 kB
Progress (4): 49 kB | 49/165 kB | 30/205 kB | 24/52 kB
Progress (4): 49 kB | 53/165 kB | 30/205 kB | 24/52 kB
Progress (4): 49 kB | 53/165 kB | 32/205 kB | 24/52 kB
Progress (4): 49 kB | 53/165 kB | 32/205 kB | 27/52 kB
Progress (4): 49 kB | 57/165 kB | 32/205 kB | 27/52 kB
Progress (4): 49 kB | 57/165 kB | 36/205 kB | 27/52 kB
Progress (4): 49 kB | 61/165 kB | 36/205 kB | 27/52 kB
Progress (4): 49 kB | 65/165 kB | 36/205 kB | 27/52 kB
Progress (4): 49 kB | 65/165 kB | 36/205 kB | 30/52 kB
Progress (4): 49 kB | 65/165 kB | 40/205 kB | 30/52 kB
Progress (4): 49 kB | 69/165 kB | 40/205 kB | 30/52 kB
Progress (4): 49 kB | 69/165 kB | 45/205 kB | 30/52 kB
Progress (4): 49 kB | 69/165 kB | 45/205 kB | 32/52 kB
Progress (4): 49 kB | 69/165 kB | 49/205 kB | 32/52 kB
Progress (4): 49 kB | 73/165 kB | 49/205 kB | 32/52 kB
Progress (4): 49 kB | 77/165 kB | 49/205 kB | 32/52 kB
Progress (4): 49 kB | 81/165 kB | 49/205 kB | 32/52 kB
Progress (4): 49 kB | 81/165 kB | 53/205 kB | 32/52 kB
Progress (4): 49 kB | 81/165 kB | 53/205 kB | 36/52 kB
Progress (4): 49 kB | 85/165 kB | 53/205 kB | 36/52 kB
Progress (4): 49 kB | 85/165 kB | 57/205 kB | 36/52 kB
Progress (4): 49 kB | 90/165 kB | 57/205 kB | 36/52 kB
Progress (4): 49 kB | 94/165 kB | 57/205 kB | 36/52 kB
Progress (4): 49 kB | 94/165 kB | 57/205 kB | 40/52 kB
Progress (4): 49 kB | 98/165 kB | 57/205 kB | 40/52 kB
Progress (4): 49 kB | 98/165 kB | 61/205 kB | 40/52 kB
Progress (4): 49 kB | 98/165 kB | 61/205 kB | 45/52 kB
Progress (4): 49 kB | 102/165 kB | 61/205 kB | 45/52 kB
Progress (4): 49 kB | 102/165 kB | 65/205 kB | 45/52 kB
Progress (4): 49 kB | 106/165 kB | 65/205 kB | 45/52 kB
Progress (4): 49 kB | 106/165 kB | 65/205 kB | 49/52 kB
Progress (4): 49 kB | 106/165 kB | 69/205 kB | 49/52 kB
Progress (4): 49 kB | 110/165 kB | 69/205 kB | 49/52 kB
Progress (4): 49 kB | 110/165 kB | 69/205 kB | 52 kB   
Progress (4): 49 kB | 110/165 kB | 73/205 kB | 52 kB
Progress (4): 49 kB | 114/165 kB | 73/205 kB | 52 kB
Progress (4): 49 kB | 114/165 kB | 77/205 kB | 52 kB
Progress (5): 49 kB | 114/165 kB | 77/205 kB | 52 kB | 2.2/160 kB
Progress (5): 49 kB | 118/165 kB | 77/205 kB | 52 kB | 2.2/160 kB
Progress (5): 49 kB | 118/165 kB | 81/205 kB | 52 kB | 2.2/160 kB
Progress (5): 49 kB | 118/165 kB | 81/205 kB | 52 kB | 5.0/160 kB
Progress (5): 49 kB | 122/165 kB | 81/205 kB | 52 kB | 5.0/160 kB
Progress (5): 49 kB | 122/165 kB | 81/205 kB | 52 kB | 7.7/160 kB
Progress (5): 49 kB | 126/165 kB | 81/205 kB | 52 kB | 7.7/160 kB
Progress (5): 49 kB | 126/165 kB | 81/205 kB | 52 kB | 10/160 kB 
Progress (5): 49 kB | 131/165 kB | 81/205 kB | 52 kB | 10/160 kB
Progress (5): 49 kB | 131/165 kB | 81/205 kB | 52 kB | 13/160 kB
Progress (5): 49 kB | 131/165 kB | 81/205 kB | 52 kB | 16/160 kB
Progress (5): 49 kB | 131/165 kB | 81/205 kB | 52 kB | 19/160 kB
Progress (5): 49 kB | 135/165 kB | 81/205 kB | 52 kB | 19/160 kB
Progress (5): 49 kB | 135/165 kB | 81/205 kB | 52 kB | 21/160 kB
Progress (5): 49 kB | 139/165 kB | 81/205 kB | 52 kB | 21/160 kB
Progress (5): 49 kB | 139/165 kB | 81/205 kB | 52 kB | 24/160 kB
Progress (5): 49 kB | 143/165 kB | 81/205 kB | 52 kB | 24/160 kB
Progress (5): 49 kB | 143/165 kB | 81/205 kB | 52 kB | 27/160 kB
Progress (5): 49 kB | 147/165 kB | 81/205 kB | 52 kB | 27/160 kB
Progress (5): 49 kB | 147/165 kB | 81/205 kB | 52 kB | 30/160 kB
Progress (5): 49 kB | 147/165 kB | 81/205 kB | 52 kB | 32/160 kB
Progress (5): 49 kB | 151/165 kB | 81/205 kB | 52 kB | 32/160 kB
Progress (5): 49 kB | 151/165 kB | 81/205 kB | 52 kB | 36/160 kB
Progress (5): 49 kB | 155/165 kB | 81/205 kB | 52 kB | 36/160 kB
Progress (5): 49 kB | 155/165 kB | 81/205 kB | 52 kB | 40/160 kB
Progress (5): 49 kB | 159/165 kB | 81/205 kB | 52 kB | 40/160 kB
Progress (5): 49 kB | 159/165 kB | 81/205 kB | 52 kB | 45/160 kB
Progress (5): 49 kB | 163/165 kB | 81/205 kB | 52 kB | 45/160 kB
Progress (5): 49 kB | 163/165 kB | 81/205 kB | 52 kB | 49/160 kB
Progress (5): 49 kB | 165 kB | 81/205 kB | 52 kB | 49/160 kB    
Progress (5): 49 kB | 165 kB | 81/205 kB | 52 kB | 53/160 kB
Progress (5): 49 kB | 165 kB | 81/205 kB | 52 kB | 57/160 kB
Progress (5): 49 kB | 165 kB | 81/205 kB | 52 kB | 61/160 kB
Progress (5): 49 kB | 165 kB | 81/205 kB | 52 kB | 65/160 kB
Progress (5): 49 kB | 165 kB | 81/205 kB | 52 kB | 69/160 kB
Progress (5): 49 kB | 165 kB | 81/205 kB | 52 kB | 73/160 kB
Progress (5): 49 kB | 165 kB | 81/205 kB | 52 kB | 77/160 kB
Progress (5): 49 kB | 165 kB | 81/205 kB | 52 kB | 81/160 kB
Progress (5): 49 kB | 165 kB | 81/205 kB | 52 kB | 85/160 kB
Progress (5): 49 kB | 165 kB | 81/205 kB | 52 kB | 90/160 kB
Progress (5): 49 kB | 165 kB | 81/205 kB | 52 kB | 94/160 kB
Progress (5): 49 kB | 165 kB | 81/205 kB | 52 kB | 98/160 kB
Progress (5): 49 kB | 165 kB | 81/205 kB | 52 kB | 102/160 kB
Progress (5): 49 kB | 165 kB | 81/205 kB | 52 kB | 106/160 kB
Progress (5): 49 kB | 165 kB | 81/205 kB | 52 kB | 110/160 kB
Progress (5): 49 kB | 165 kB | 81/205 kB | 52 kB | 114/160 kB
Progress (5): 49 kB | 165 kB | 81/205 kB | 52 kB | 118/160 kB
Progress (5): 49 kB | 165 kB | 81/205 kB | 52 kB | 122/160 kB
Progress (5): 49 kB | 165 kB | 81/205 kB | 52 kB | 126/160 kB
Progress (5): 49 kB | 165 kB | 81/205 kB | 52 kB | 131/160 kB
Progress (5): 49 kB | 165 kB | 81/205 kB | 52 kB | 135/160 kB
Progress (5): 49 kB | 165 kB | 81/205 kB | 52 kB | 139/160 kB
Progress (5): 49 kB | 165 kB | 81/205 kB | 52 kB | 143/160 kB
Progress (5): 49 kB | 165 kB | 81/205 kB | 52 kB | 147/160 kB
Progress (5): 49 kB | 165 kB | 81/205 kB | 52 kB | 151/160 kB
Progress (5): 49 kB | 165 kB | 81/205 kB | 52 kB | 155/160 kB
Progress (5): 49 kB | 165 kB | 81/205 kB | 52 kB | 159/160 kB
Progress (5): 49 kB | 165 kB | 81/205 kB | 52 kB | 160 kB    
                                                         
Downloaded from central: https://repo.maven.apache.org/maven2/org/apache/maven/maven-plugin-api/3.0.1/maven-plugin-api-3.0.1.jar (49 kB at 133 kB/s)
Downloading from central: https://repo.maven.apache.org/maven2/org/sonatype/sisu/sisu-guice/2.9.1/sisu-guice-2.9.1-noaop.jar
Progress (4): 165 kB | 85/205 kB | 52 kB | 160 kB
Progress (4): 165 kB | 90/205 kB | 52 kB | 160 kB
Progress (4): 165 kB | 94/205 kB | 52 kB | 160 kB
Progress (4): 165 kB | 98/205 kB | 52 kB | 160 kB
Progress (4): 165 kB | 102/205 kB | 52 kB | 160 kB
Progress (4): 165 kB | 106/205 kB | 52 kB | 160 kB
Progress (4): 165 kB | 110/205 kB | 52 kB | 160 kB
Progress (4): 165 kB | 114/205 kB | 52 kB | 160 kB
Progress (4): 165 kB | 118/205 kB | 52 kB | 160 kB
Progress (4): 165 kB | 122/205 kB | 52 kB | 160 kB
Progress (4): 165 kB | 126/205 kB | 52 kB | 160 kB
Progress (4): 165 kB | 131/205 kB | 52 kB | 160 kB
Progress (4): 165 kB | 135/205 kB | 52 kB | 160 kB
Progress (4): 165 kB | 139/205 kB | 52 kB | 160 kB
Progress (4): 165 kB | 143/205 kB | 52 kB | 160 kB
Progress (4): 165 kB | 147/205 kB | 52 kB | 160 kB
Progress (4): 165 kB | 151/205 kB | 52 kB | 160 kB
Progress (4): 165 kB | 155/205 kB | 52 kB | 160 kB
Progress (4): 165 kB | 159/205 kB | 52 kB | 160 kB
Progress (4): 165 kB | 163/205 kB | 52 kB | 160 kB
Progress (4): 165 kB | 167/205 kB | 52 kB | 160 kB
Progress (4): 165 kB | 171/205 kB | 52 kB | 160 kB
Progress (4): 165 kB | 176/205 kB | 52 kB | 160 kB
Progress (4): 165 kB | 180/205 kB | 52 kB | 160 kB
Progress (4): 165 kB | 184/205 kB | 52 kB | 160 kB
Progress (4): 165 kB | 188/205 kB | 52 kB | 160 kB
Progress (4): 165 kB | 192/205 kB | 52 kB | 160 kB
Progress (4): 165 kB | 196/205 kB | 52 kB | 160 kB
Progress (4): 165 kB | 200/205 kB | 52 kB | 160 kB
Progress (4): 165 kB | 204/205 kB | 52 kB | 160 kB
Progress (4): 165 kB | 205 kB | 52 kB | 160 kB    
                                              
Downloaded from central: https://repo.maven.apache.org/maven2/org/apache/maven/maven-model/3.0.1/maven-model-3.0.1.jar (165 kB at 416 kB/s)
Downloading from central: https://repo.maven.apache.org/maven2/com/mycila/xmltool/xmltool/3.3/xmltool-3.3.jar
Downloaded from central: https://repo.maven.apache.org/maven2/org/apache/maven/maven-artifact/3.0.1/maven-artifact-3.0.1.jar (52 kB at 130 kB/s)
Downloading from central: https://repo.maven.apache.org/maven2/org/apache/maven/maven-project/3.0-alpha-2/maven-project-3.0-alpha-2.jar
Downloaded from central: https://repo.maven.apache.org/maven2/org/sonatype/sisu/sisu-inject-bean/1.4.3.1/sisu-inject-bean-1.4.3.1.jar (160 kB at 397 kB/s)
Downloading from central: https://repo.maven.apache.org/maven2/org/codehaus/plexus/plexus-interpolation/1.1/plexus-interpolation-1.1.jar
Progress (2): 205 kB | 2.2/477 kB
Progress (2): 205 kB | 5.0/477 kB
Progress (2): 205 kB | 7.7/477 kB
Progress (2): 205 kB | 10/477 kB 
Progress (2): 205 kB | 13/477 kB
Progress (2): 205 kB | 16/477 kB
Progress (2): 205 kB | 19/477 kB
Progress (2): 205 kB | 21/477 kB
Progress (2): 205 kB | 24/477 kB
Progress (2): 205 kB | 27/477 kB
Progress (2): 205 kB | 30/477 kB
Progress (2): 205 kB | 32/477 kB
Progress (2): 205 kB | 36/477 kB
Progress (2): 205 kB | 40/477 kB
Progress (2): 205 kB | 45/477 kB
Progress (2): 205 kB | 49/477 kB
Progress (2): 205 kB | 53/477 kB
Progress (2): 205 kB | 57/477 kB
Progress (2): 205 kB | 61/477 kB
Progress (2): 205 kB | 65/477 kB
Progress (2): 205 kB | 69/477 kB
Progress (2): 205 kB | 73/477 kB
                                
Downloaded from central: https://repo.maven.apache.org/maven2/org/sonatype/sisu/sisu-inject-plexus/1.4.3.1/sisu-inject-plexus-1.4.3.1.jar (205 kB at 363 kB/s)
Downloading from central: https://repo.maven.apache.org/maven2/org/apache/maven/maven-compat/3.0-alpha-2/maven-compat-3.0-alpha-2.jar
Progress (1): 77/477 kB
Progress (1): 81/477 kB
Progress (1): 85/477 kB
Progress (1): 90/477 kB
Progress (1): 94/477 kB
Progress (1): 98/477 kB
Progress (1): 102/477 kB
Progress (1): 106/477 kB
Progress (1): 110/477 kB
Progress (1): 114/477 kB
Progress (1): 118/477 kB
Progress (1): 122/477 kB
Progress (1): 126/477 kB
Progress (1): 131/477 kB
Progress (1): 135/477 kB
Progress (1): 139/477 kB
Progress (1): 143/477 kB
Progress (1): 147/477 kB
Progress (1): 151/477 kB
Progress (1): 155/477 kB
Progress (1): 159/477 kB
Progress (1): 163/477 kB
Progress (1): 167/477 kB
Progress (1): 171/477 kB
Progress (1): 176/477 kB
Progress (1): 180/477 kB
Progress (1): 184/477 kB
Progress (1): 188/477 kB
Progress (1): 192/477 kB
Progress (1): 196/477 kB
Progress (1): 200/477 kB
Progress (1): 204/477 kB
Progress (1): 208/477 kB
Progress (1): 212/477 kB
Progress (1): 217/477 kB
Progress (1): 221/477 kB
Progress (1): 225/477 kB
Progress (1): 229/477 kB
Progress (1): 233/477 kB
Progress (1): 237/477 kB
Progress (1): 241/477 kB
Progress (1): 245/477 kB
Progress (1): 249/477 kB
Progress (1): 253/477 kB
Progress (1): 258/477 kB
Progress (1): 262/477 kB
Progress (1): 266/477 kB
Progress (1): 270/477 kB
Progress (1): 274/477 kB
Progress (1): 278/477 kB
Progress (1): 282/477 kB
Progress (1): 286/477 kB
Progress (1): 290/477 kB
Progress (1): 294/477 kB
Progress (2): 294/477 kB | 4.1/55 kB
Progress (2): 294/477 kB | 7.7/55 kB
Progress (2): 294/477 kB | 12/55 kB 
Progress (2): 294/477 kB | 16/55 kB
Progress (2): 294/477 kB | 20/55 kB
Progress (2): 294/477 kB | 24/55 kB
Progress (2): 294/477 kB | 28/55 kB
Progress (2): 294/477 kB | 32/55 kB
Progress (2): 294/477 kB | 36/55 kB
Progress (2): 294/477 kB | 40/55 kB
Progress (2): 294/477 kB | 45/55 kB
Progress (2): 294/477 kB | 49/55 kB
Progress (2): 294/477 kB | 53/55 kB
Progress (2): 294/477 kB | 55 kB   
Progress (3): 294/477 kB | 55 kB | 4.1/35 kB
Progress (3): 294/477 kB | 55 kB | 7.7/35 kB
Progress (3): 294/477 kB | 55 kB | 12/35 kB 
Progress (3): 294/477 kB | 55 kB | 16/35 kB
Progress (3): 294/477 kB | 55 kB | 20/35 kB
Progress (3): 294/477 kB | 55 kB | 24/35 kB
Progress (3): 294/477 kB | 55 kB | 28/35 kB
Progress (3): 294/477 kB | 55 kB | 32/35 kB
Progress (3): 294/477 kB | 55 kB | 35 kB   
Progress (4): 294/477 kB | 55 kB | 35 kB | 4.1/143 kB
Progress (4): 294/477 kB | 55 kB | 35 kB | 7.7/143 kB
Progress (4): 294/477 kB | 55 kB | 35 kB | 12/143 kB 
Progress (4): 294/477 kB | 55 kB | 35 kB | 16/143 kB
Progress (4): 294/477 kB | 55 kB | 35 kB | 20/143 kB
Progress (4): 294/477 kB | 55 kB | 35 kB | 24/143 kB
Progress (4): 294/477 kB | 55 kB | 35 kB | 28/143 kB
Progress (4): 294/477 kB | 55 kB | 35 kB | 32/143 kB
Progress (4): 294/477 kB | 55 kB | 35 kB | 36/143 kB
Progress (4): 294/477 kB | 55 kB | 35 kB | 40/143 kB
Progress (4): 294/477 kB | 55 kB | 35 kB | 45/143 kB
Progress (4): 294/477 kB | 55 kB | 35 kB | 49/143 kB
Progress (4): 294/477 kB | 55 kB | 35 kB | 53/143 kB
Progress (4): 294/477 kB | 55 kB | 35 kB | 57/143 kB
Progress (4): 294/477 kB | 55 kB | 35 kB | 61/143 kB
Progress (4): 294/477 kB | 55 kB | 35 kB | 65/143 kB
Progress (4): 294/477 kB | 55 kB | 35 kB | 69/143 kB
Progress (4): 294/477 kB | 55 kB | 35 kB | 73/143 kB
Progress (4): 294/477 kB | 55 kB | 35 kB | 77/143 kB
Progress (4): 294/477 kB | 55 kB | 35 kB | 81/143 kB
Progress (4): 298/477 kB | 55 kB | 35 kB | 81/143 kB
Progress (4): 303/477 kB | 55 kB | 35 kB | 81/143 kB
Progress (4): 307/477 kB | 55 kB | 35 kB | 81/143 kB
Progress (4): 311/477 kB | 55 kB | 35 kB | 81/143 kB
Progress (4): 315/477 kB | 55 kB | 35 kB | 81/143 kB
Progress (4): 319/477 kB | 55 kB | 35 kB | 81/143 kB
Progress (4): 323/477 kB | 55 kB | 35 kB | 81/143 kB
Progress (4): 327/477 kB | 55 kB | 35 kB | 81/143 kB
Progress (4): 331/477 kB | 55 kB | 35 kB | 81/143 kB
Progress (4): 335/477 kB | 55 kB | 35 kB | 81/143 kB
Progress (4): 339/477 kB | 55 kB | 35 kB | 81/143 kB
Progress (4): 344/477 kB | 55 kB | 35 kB | 81/143 kB
Progress (5): 344/477 kB | 55 kB | 35 kB | 81/143 kB | 4.1/238 kB
Progress (5): 344/477 kB | 55 kB | 35 kB | 81/143 kB | 7.7/238 kB
Progress (5): 344/477 kB | 55 kB | 35 kB | 81/143 kB | 12/238 kB 
Progress (5): 344/477 kB | 55 kB | 35 kB | 81/143 kB | 16/238 kB
Progress (5): 344/477 kB | 55 kB | 35 kB | 81/143 kB | 20/238 kB
Progress (5): 344/477 kB | 55 kB | 35 kB | 81/143 kB | 24/238 kB
Progress (5): 344/477 kB | 55 kB | 35 kB | 81/143 kB | 28/238 kB
Progress (5): 344/477 kB | 55 kB | 35 kB | 81/143 kB | 32/238 kB
Progress (5): 344/477 kB | 55 kB | 35 kB | 81/143 kB | 36/238 kB
Progress (5): 344/477 kB | 55 kB | 35 kB | 81/143 kB | 40/238 kB
Progress (5): 344/477 kB | 55 kB | 35 kB | 81/143 kB | 45/238 kB
Progress (5): 344/477 kB | 55 kB | 35 kB | 81/143 kB | 49/238 kB
Progress (5): 344/477 kB | 55 kB | 35 kB | 81/143 kB | 53/238 kB
Progress (5): 344/477 kB | 55 kB | 35 kB | 81/143 kB | 57/238 kB
Progress (5): 344/477 kB | 55 kB | 35 kB | 81/143 kB | 61/238 kB
Progress (5): 344/477 kB | 55 kB | 35 kB | 81/143 kB | 65/238 kB
Progress (5): 344/477 kB | 55 kB | 35 kB | 81/143 kB | 69/238 kB
Progress (5): 344/477 kB | 55 kB | 35 kB | 81/143 kB | 73/238 kB
Progress (5): 344/477 kB | 55 kB | 35 kB | 81/143 kB | 77/238 kB
Progress (5): 344/477 kB | 55 kB | 35 kB | 81/143 kB | 81/238 kB
Progress (5): 344/477 kB | 55 kB | 35 kB | 81/143 kB | 85/238 kB
Progress (5): 344/477 kB | 55 kB | 35 kB | 81/143 kB | 90/238 kB
Progress (5): 344/477 kB | 55 kB | 35 kB | 81/143 kB | 94/238 kB
Progress (5): 344/477 kB | 55 kB | 35 kB | 81/143 kB | 98/238 kB
Progress (5): 344/477 kB | 55 kB | 35 kB | 81/143 kB | 102/238 kB
Progress (5): 344/477 kB | 55 kB | 35 kB | 81/143 kB | 106/238 kB
                                                                 
Downloaded from central: https://repo.maven.apache.org/maven2/com/mycila/xmltool/xmltool/3.3/xmltool-3.3.jar (55 kB at 73 kB/s)
Downloading from central: https://repo.maven.apache.org/maven2/org/apache/maven/wagon/wagon-provider-api/1.0-beta-4/wagon-provider-api-1.0-beta-4.jar
Progress (4): 344/477 kB | 35 kB | 81/143 kB | 110/238 kB
Progress (4): 344/477 kB | 35 kB | 81/143 kB | 114/238 kB
Progress (4): 344/477 kB | 35 kB | 81/143 kB | 118/238 kB
Progress (4): 344/477 kB | 35 kB | 81/143 kB | 122/238 kB
Progress (4): 344/477 kB | 35 kB | 81/143 kB | 126/238 kB
Progress (4): 344/477 kB | 35 kB | 81/143 kB | 131/238 kB
Progress (4): 344/477 kB | 35 kB | 81/143 kB | 135/238 kB
Progress (4): 344/477 kB | 35 kB | 81/143 kB | 139/238 kB
Progress (4): 344/477 kB | 35 kB | 81/143 kB | 143/238 kB
Progress (4): 344/477 kB | 35 kB | 81/143 kB | 147/238 kB
Progress (4): 344/477 kB | 35 kB | 81/143 kB | 151/238 kB
Progress (4): 344/477 kB | 35 kB | 81/143 kB | 155/238 kB
Progress (4): 344/477 kB | 35 kB | 81/143 kB | 159/238 kB
Progress (4): 344/477 kB | 35 kB | 81/143 kB | 163/238 kB
Progress (4): 344/477 kB | 35 kB | 81/143 kB | 167/238 kB
Progress (4): 344/477 kB | 35 kB | 81/143 kB | 171/238 kB
Progress (4): 344/477 kB | 35 kB | 81/143 kB | 176/238 kB
Progress (4): 344/477 kB | 35 kB | 81/143 kB | 180/238 kB
Progress (4): 344/477 kB | 35 kB | 81/143 kB | 184/238 kB
Progress (4): 344/477 kB | 35 kB | 81/143 kB | 188/238 kB
Progress (4): 344/477 kB | 35 kB | 81/143 kB | 192/238 kB
Progress (4): 344/477 kB | 35 kB | 81/143 kB | 196/238 kB
Progress (4): 344/477 kB | 35 kB | 81/143 kB | 200/238 kB
Progress (4): 344/477 kB | 35 kB | 81/143 kB | 204/238 kB
Progress (4): 344/477 kB | 35 kB | 81/143 kB | 208/238 kB
Progress (4): 344/477 kB | 35 kB | 81/143 kB | 212/238 kB
                                                         
Downloaded from central: https://repo.maven.apache.org/maven2/org/codehaus/plexus/plexus-interpolation/1.1/plexus-interpolation-1.1.jar (35 kB at 46 kB/s)
Downloading from central: https://repo.maven.apache.org/maven2/org/codehaus/plexus/plexus-container-default/1.0-beta-3.0.5/plexus-container-default-1.0-beta-3.0.5.jar
Progress (3): 344/477 kB | 85/143 kB | 212/238 kB
Progress (3): 344/477 kB | 90/143 kB | 212/238 kB
Progress (3): 344/477 kB | 94/143 kB | 212/238 kB
Progress (3): 344/477 kB | 98/143 kB | 212/238 kB
Progress (3): 344/477 kB | 102/143 kB | 212/238 kB
Progress (3): 344/477 kB | 106/143 kB | 212/238 kB
Progress (3): 344/477 kB | 110/143 kB | 212/238 kB
Progress (3): 344/477 kB | 114/143 kB | 212/238 kB
Progress (3): 344/477 kB | 118/143 kB | 212/238 kB
Progress (3): 344/477 kB | 122/143 kB | 212/238 kB
Progress (3): 344/477 kB | 126/143 kB | 212/238 kB
Progress (3): 344/477 kB | 131/143 kB | 212/238 kB
Progress (3): 344/477 kB | 135/143 kB | 212/238 kB
Progress (3): 344/477 kB | 139/143 kB | 212/238 kB
Progress (3): 344/477 kB | 143 kB | 212/238 kB    
Progress (3): 348/477 kB | 143 kB | 212/238 kB
Progress (3): 352/477 kB | 143 kB | 212/238 kB
Progress (3): 356/477 kB | 143 kB | 212/238 kB
Progress (3): 360/477 kB | 143 kB | 212/238 kB
Progress (3): 364/477 kB | 143 kB | 212/238 kB
Progress (3): 368/477 kB | 143 kB | 212/238 kB
Progress (3): 372/477 kB | 143 kB | 212/238 kB
Progress (3): 376/477 kB | 143 kB | 212/238 kB
Progress (3): 380/477 kB | 143 kB | 212/238 kB
Progress (3): 384/477 kB | 143 kB | 212/238 kB
Progress (3): 389/477 kB | 143 kB | 212/238 kB
Progress (3): 393/477 kB | 143 kB | 212/238 kB
Progress (3): 397/477 kB | 143 kB | 212/238 kB
Progress (3): 401/477 kB | 143 kB | 212/238 kB
Progress (3): 405/477 kB | 143 kB | 212/238 kB
Progress (3): 409/477 kB | 143 kB | 212/238 kB
Progress (3): 413/477 kB | 143 kB | 212/238 kB
Progress (3): 417/477 kB | 143 kB | 212/238 kB
Progress (3): 421/477 kB | 143 kB | 212/238 kB
Progress (3): 425/477 kB | 143 kB | 212/238 kB
Progress (3): 430/477 kB | 143 kB | 212/238 kB
Progress (3): 434/477 kB | 143 kB | 212/238 kB
Progress (3): 438/477 kB | 143 kB | 212/238 kB
Progress (3): 442/477 kB | 143 kB | 212/238 kB
Progress (3): 446/477 kB | 143 kB | 212/238 kB
Progress (3): 450/477 kB | 143 kB | 212/238 kB
Progress (3): 454/477 kB | 143 kB | 212/238 kB
Progress (3): 458/477 kB | 143 kB | 212/238 kB
Progress (3): 462/477 kB | 143 kB | 212/238 kB
Progress (3): 466/477 kB | 143 kB | 212/238 kB
Progress (3): 470/477 kB | 143 kB | 212/238 kB
Progress (3): 475/477 kB | 143 kB | 212/238 kB
Progress (3): 477 kB | 143 kB | 212/238 kB    
Progress (4): 477 kB | 143 kB | 212/238 kB | 4.1/52 kB
Progress (4): 477 kB | 143 kB | 212/238 kB | 7.7/52 kB
Progress (4): 477 kB | 143 kB | 212/238 kB | 12/52 kB 
Progress (4): 477 kB | 143 kB | 212/238 kB | 16/52 kB
Progress (4): 477 kB | 143 kB | 212/238 kB | 20/52 kB
Progress (4): 477 kB | 143 kB | 212/238 kB | 24/52 kB
Progress (4): 477 kB | 143 kB | 212/238 kB | 28/52 kB
Progress (4): 477 kB | 143 kB | 212/238 kB | 32/52 kB
Progress (4): 477 kB | 143 kB | 212/238 kB | 36/52 kB
Progress (4): 477 kB | 143 kB | 212/238 kB | 40/52 kB
Progress (4): 477 kB | 143 kB | 212/238 kB | 45/52 kB
Progress (4): 477 kB | 143 kB | 212/238 kB | 49/52 kB
Progress (4): 477 kB | 143 kB | 212/238 kB | 52 kB   
Progress (5): 477 kB | 143 kB | 212/238 kB | 52 kB | 4.1/209 kB
Progress (5): 477 kB | 143 kB | 212/238 kB | 52 kB | 7.7/209 kB
Progress (5): 477 kB | 143 kB | 212/238 kB | 52 kB | 12/209 kB 
Progress (5): 477 kB | 143 kB | 212/238 kB | 52 kB | 16/209 kB
Progress (5): 477 kB | 143 kB | 212/238 kB | 52 kB | 20/209 kB
Progress (5): 477 kB | 143 kB | 212/238 kB | 52 kB | 24/209 kB
Progress (5): 477 kB | 143 kB | 212/238 kB | 52 kB | 28/209 kB
Progress (5): 477 kB | 143 kB | 212/238 kB | 52 kB | 32/209 kB
Progress (5): 477 kB | 143 kB | 212/238 kB | 52 kB | 36/209 kB
Progress (5): 477 kB | 143 kB | 212/238 kB | 52 kB | 40/209 kB
Progress (5): 477 kB | 143 kB | 212/238 kB | 52 kB | 45/209 kB
Progress (5): 477 kB | 143 kB | 212/238 kB | 52 kB | 49/209 kB
Progress (5): 477 kB | 143 kB | 212/238 kB | 52 kB | 53/209 kB
Progress (5): 477 kB | 143 kB | 212/238 kB | 52 kB | 57/209 kB
Progress (5): 477 kB | 143 kB | 212/238 kB | 52 kB | 61/209 kB
Progress (5): 477 kB | 143 kB | 212/238 kB | 52 kB | 65/209 kB
Progress (5): 477 kB | 143 kB | 212/238 kB | 52 kB | 69/209 kB
Progress (5): 477 kB | 143 kB | 212/238 kB | 52 kB | 73/209 kB
Progress (5): 477 kB | 143 kB | 212/238 kB | 52 kB | 77/209 kB
Progress (5): 477 kB | 143 kB | 212/238 kB | 52 kB | 81/209 kB
Progress (5): 477 kB | 143 kB | 212/238 kB | 52 kB | 85/209 kB
Progress (5): 477 kB | 143 kB | 212/238 kB | 52 kB | 90/209 kB
Progress (5): 477 kB | 143 kB | 212/238 kB | 52 kB | 94/209 kB
Progress (5): 477 kB | 143 kB | 212/238 kB | 52 kB | 98/209 kB
Progress (5): 477 kB | 143 kB | 212/238 kB | 52 kB | 102/209 kB
Progress (5): 477 kB | 143 kB | 212/238 kB | 52 kB | 106/209 kB
Progress (5): 477 kB | 143 kB | 212/238 kB | 52 kB | 110/209 kB
Progress (5): 477 kB | 143 kB | 212/238 kB | 52 kB | 114/209 kB
Progress (5): 477 kB | 143 kB | 212/238 kB | 52 kB | 118/209 kB
Progress (5): 477 kB | 143 kB | 212/238 kB | 52 kB | 122/209 kB
Progress (5): 477 kB | 143 kB | 212/238 kB | 52 kB | 126/209 kB
Progress (5): 477 kB | 143 kB | 212/238 kB | 52 kB | 131/209 kB
Progress (5): 477 kB | 143 kB | 212/238 kB | 52 kB | 135/209 kB
Progress (5): 477 kB | 143 kB | 212/238 kB | 52 kB | 139/209 kB
Progress (5): 477 kB | 143 kB | 212/238 kB | 52 kB | 143/209 kB
Progress (5): 477 kB | 143 kB | 212/238 kB | 52 kB | 147/209 kB
Progress (5): 477 kB | 143 kB | 212/238 kB | 52 kB | 151/209 kB
Progress (5): 477 kB | 143 kB | 212/238 kB | 52 kB | 155/209 kB
Progress (5): 477 kB | 143 kB | 212/238 kB | 52 kB | 159/209 kB
Progress (5): 477 kB | 143 kB | 212/238 kB | 52 kB | 163/209 kB
Progress (5): 477 kB | 143 kB | 212/238 kB | 52 kB | 167/209 kB
Progress (5): 477 kB | 143 kB | 212/238 kB | 52 kB | 171/209 kB
Progress (5): 477 kB | 143 kB | 212/238 kB | 52 kB | 176/209 kB
Progress (5): 477 kB | 143 kB | 212/238 kB | 52 kB | 180/209 kB
Progress (5): 477 kB | 143 kB | 212/238 kB | 52 kB | 184/209 kB
Progress (5): 477 kB | 143 kB | 212/238 kB | 52 kB | 188/209 kB
Progress (5): 477 kB | 143 kB | 212/238 kB | 52 kB | 192/209 kB
Progress (5): 477 kB | 143 kB | 212/238 kB | 52 kB | 196/209 kB
Progress (5): 477 kB | 143 kB | 212/238 kB | 52 kB | 200/209 kB
Progress (5): 477 kB | 143 kB | 212/238 kB | 52 kB | 204/209 kB
Progress (5): 477 kB | 143 kB | 212/238 kB | 52 kB | 208/209 kB
Progress (5): 477 kB | 143 kB | 212/238 kB | 52 kB | 209 kB    
                                                           
Downloaded from central: https://repo.maven.apache.org/maven2/org/apache/maven/maven-project/3.0-alpha-2/maven-project-3.0-alpha-2.jar (143 kB at 147 kB/s)
Downloading from central: https://repo.maven.apache.org/maven2/com/google/code/google-collections/google-collect/snapshot-20080530/google-collect-snapshot-20080530.jar
Downloaded from central: https://repo.maven.apache.org/maven2/org/sonatype/sisu/sisu-guice/2.9.1/sisu-guice-2.9.1-noaop.jar (477 kB at 431 kB/s)
Downloading from central: https://repo.maven.apache.org/maven2/org/codehaus/woodstox/wstx-asl/3.2.6/wstx-asl-3.2.6.jar
Downloaded from central: https://repo.maven.apache.org/maven2/org/apache/maven/wagon/wagon-provider-api/1.0-beta-4/wagon-provider-api-1.0-beta-4.jar (52 kB at 46 kB/s)
Downloading from central: https://repo.maven.apache.org/maven2/org/sonatype/spice/model-builder/1.3/model-builder-1.3.jar
Downloaded from central: https://repo.maven.apache.org/maven2/org/codehaus/plexus/plexus-container-default/1.0-beta-3.0.5/plexus-container-default-1.0-beta-3.0.5.jar (209 kB at 182 kB/s)
Downloading from central: https://repo.maven.apache.org/maven2/org/apache/maven/maven-project-builder/3.0-alpha-2/maven-project-builder-3.0-alpha-2.jar
Progress (2): 212/238 kB | 4.1/502 kB
Progress (2): 212/238 kB | 7.7/502 kB
Progress (2): 212/238 kB | 12/502 kB 
Progress (2): 212/238 kB | 16/502 kB
Progress (2): 212/238 kB | 20/502 kB
Progress (2): 212/238 kB | 24/502 kB
Progress (2): 212/238 kB | 28/502 kB
Progress (2): 212/238 kB | 32/502 kB
Progress (2): 212/238 kB | 36/502 kB
Progress (2): 212/238 kB | 40/502 kB
Progress (2): 212/238 kB | 45/502 kB
Progress (2): 212/238 kB | 49/502 kB
Progress (2): 212/238 kB | 53/502 kB
Progress (2): 212/238 kB | 57/502 kB
Progress (2): 212/238 kB | 61/502 kB
Progress (2): 212/238 kB | 65/502 kB
Progress (2): 212/238 kB | 69/502 kB
Progress (2): 212/238 kB | 73/502 kB
Progress (2): 212/238 kB | 77/502 kB
Progress (2): 212/238 kB | 81/502 kB
Progress (2): 212/238 kB | 85/502 kB
Progress (2): 212/238 kB | 90/502 kB
Progress (2): 212/238 kB | 94/502 kB
Progress (2): 212/238 kB | 98/502 kB
Progress (2): 212/238 kB | 102/502 kB
Progress (2): 212/238 kB | 106/502 kB
Progress (2): 212/238 kB | 110/502 kB
Progress (2): 212/238 kB | 114/502 kB
Progress (2): 212/238 kB | 118/502 kB
Progress (2): 212/238 kB | 122/502 kB
Progress (2): 212/238 kB | 126/502 kB
Progress (2): 212/238 kB | 131/502 kB
Progress (2): 212/238 kB | 135/502 kB
Progress (2): 212/238 kB | 139/502 kB
Progress (2): 212/238 kB | 143/502 kB
Progress (2): 212/238 kB | 147/502 kB
Progress (2): 212/238 kB | 151/502 kB
Progress (2): 212/238 kB | 155/502 kB
Progress (2): 212/238 kB | 159/502 kB
Progress (2): 212/238 kB | 163/502 kB
Progress (2): 212/238 kB | 167/502 kB
Progress (2): 212/238 kB | 171/502 kB
Progress (2): 212/238 kB | 176/502 kB
Progress (2): 212/238 kB | 180/502 kB
Progress (2): 212/238 kB | 184/502 kB
Progress (2): 212/238 kB | 188/502 kB
Progress (2): 212/238 kB | 192/502 kB
Progress (2): 212/238 kB | 196/502 kB
Progress (3): 212/238 kB | 196/502 kB | 4.1/520 kB
Progress (3): 212/238 kB | 196/502 kB | 7.7/520 kB
Progress (3): 212/238 kB | 196/502 kB | 12/520 kB 
Progress (3): 212/238 kB | 196/502 kB | 16/520 kB
Progress (3): 212/238 kB | 196/502 kB | 20/520 kB
Progress (3): 212/238 kB | 196/502 kB | 24/520 kB
Progress (3): 212/238 kB | 196/502 kB | 28/520 kB
Progress (3): 212/238 kB | 196/502 kB | 32/520 kB
Progress (3): 212/238 kB | 196/502 kB | 36/520 kB
Progress (3): 212/238 kB | 196/502 kB | 40/520 kB
Progress (3): 212/238 kB | 196/502 kB | 45/520 kB
Progress (3): 212/238 kB | 196/502 kB | 49/520 kB
Progress (3): 212/238 kB | 196/502 kB | 53/520 kB
Progress (3): 212/238 kB | 196/502 kB | 57/520 kB
Progress (3): 212/238 kB | 196/502 kB | 61/520 kB
Progress (3): 212/238 kB | 196/502 kB | 65/520 kB
Progress (3): 212/238 kB | 196/502 kB | 69/520 kB
Progress (3): 212/238 kB | 196/502 kB | 73/520 kB
Progress (3): 212/238 kB | 196/502 kB | 77/520 kB
Progress (3): 212/238 kB | 196/502 kB | 81/520 kB
Progress (3): 212/238 kB | 196/502 kB | 85/520 kB
Progress (3): 212/238 kB | 196/502 kB | 90/520 kB
Progress (3): 212/238 kB | 196/502 kB | 94/520 kB
Progress (3): 212/238 kB | 196/502 kB | 98/520 kB
Progress (3): 212/238 kB | 196/502 kB | 102/520 kB
Progress (3): 212/238 kB | 196/502 kB | 106/520 kB
Progress (3): 212/238 kB | 196/502 kB | 110/520 kB
Progress (3): 212/238 kB | 196/502 kB | 114/520 kB
Progress (3): 212/238 kB | 196/502 kB | 118/520 kB
Progress (3): 212/238 kB | 196/502 kB | 122/520 kB
Progress (3): 212/238 kB | 196/502 kB | 126/520 kB
Progress (3): 212/238 kB | 196/502 kB | 131/520 kB
Progress (3): 212/238 kB | 196/502 kB | 135/520 kB
Progress (3): 212/238 kB | 196/502 kB | 139/520 kB
Progress (3): 212/238 kB | 196/502 kB | 143/520 kB
Progress (3): 212/238 kB | 196/502 kB | 147/520 kB
Progress (3): 212/238 kB | 196/502 kB | 151/520 kB
Progress (3): 212/238 kB | 196/502 kB | 155/520 kB
Progress (3): 212/238 kB | 196/502 kB | 159/520 kB
Progress (3): 212/238 kB | 196/502 kB | 163/520 kB
Progress (3): 212/238 kB | 196/502 kB | 167/520 kB
Progress (3): 212/238 kB | 196/502 kB | 171/520 kB
Progress (3): 212/238 kB | 196/502 kB | 176/520 kB
Progress (3): 212/238 kB | 196/502 kB | 180/520 kB
Progress (3): 212/238 kB | 196/502 kB | 184/520 kB
Progress (3): 212/238 kB | 196/502 kB | 188/520 kB
Progress (3): 212/238 kB | 196/502 kB | 192/520 kB
Progress (3): 212/238 kB | 196/502 kB | 196/520 kB
Progress (4): 212/238 kB | 196/502 kB | 196/520 kB | 4.1/36 kB
Progress (4): 212/238 kB | 196/502 kB | 200/520 kB | 4.1/36 kB
Progress (4): 212/238 kB | 196/502 kB | 200/520 kB | 7.7/36 kB
Progress (4): 212/238 kB | 196/502 kB | 204/520 kB | 7.7/36 kB
Progress (4): 212/238 kB | 196/502 kB | 204/520 kB | 12/36 kB 
Progress (4): 212/238 kB | 196/502 kB | 208/520 kB | 12/36 kB
Progress (4): 212/238 kB | 196/502 kB | 208/520 kB | 16/36 kB
Progress (4): 212/238 kB | 196/502 kB | 212/520 kB | 16/36 kB
Progress (4): 212/238 kB | 196/502 kB | 217/520 kB | 16/36 kB
Progress (4): 212/238 kB | 196/502 kB | 221/520 kB | 16/36 kB
Progress (4): 212/238 kB | 196/502 kB | 225/520 kB | 16/36 kB
Progress (4): 212/238 kB | 196/502 kB | 225/520 kB | 20/36 kB
Progress (4): 212/238 kB | 196/502 kB | 229/520 kB | 20/36 kB
Progress (4): 212/238 kB | 196/502 kB | 229/520 kB | 24/36 kB
Progress (4): 212/238 kB | 196/502 kB | 233/520 kB | 24/36 kB
Progress (4): 212/238 kB | 196/502 kB | 233/520 kB | 28/36 kB
Progress (4): 212/238 kB | 196/502 kB | 237/520 kB | 28/36 kB
Progress (4): 212/238 kB | 196/502 kB | 237/520 kB | 32/36 kB
Progress (4): 212/238 kB | 196/502 kB | 241/520 kB | 32/36 kB
Progress (4): 212/238 kB | 196/502 kB | 245/520 kB | 32/36 kB
Progress (4): 212/238 kB | 196/502 kB | 245/520 kB | 36 kB   
Progress (4): 212/238 kB | 196/502 kB | 249/520 kB | 36 kB
Progress (4): 212/238 kB | 196/502 kB | 253/520 kB | 36 kB
Progress (4): 212/238 kB | 196/502 kB | 258/520 kB | 36 kB
Progress (4): 212/238 kB | 196/502 kB | 262/520 kB | 36 kB
Progress (4): 212/238 kB | 196/502 kB | 266/520 kB | 36 kB
Progress (4): 212/238 kB | 196/502 kB | 270/520 kB | 36 kB
Progress (4): 212/238 kB | 196/502 kB | 274/520 kB | 36 kB
Progress (4): 212/238 kB | 196/502 kB | 278/520 kB | 36 kB
Progress (5): 212/238 kB | 196/502 kB | 278/520 kB | 36 kB | 4.1/169 kB
Progress (5): 212/238 kB | 196/502 kB | 278/520 kB | 36 kB | 7.7/169 kB
Progress (5): 212/238 kB | 196/502 kB | 278/520 kB | 36 kB | 12/169 kB 
Progress (5): 212/238 kB | 196/502 kB | 278/520 kB | 36 kB | 16/169 kB
Progress (5): 212/238 kB | 196/502 kB | 278/520 kB | 36 kB | 20/169 kB
Progress (5): 212/238 kB | 196/502 kB | 278/520 kB | 36 kB | 24/169 kB
Progress (5): 212/238 kB | 196/502 kB | 278/520 kB | 36 kB | 28/169 kB
Progress (5): 212/238 kB | 196/502 kB | 278/520 kB | 36 kB | 32/169 kB
Progress (5): 212/238 kB | 196/502 kB | 278/520 kB | 36 kB | 36/169 kB
Progress (5): 212/238 kB | 196/502 kB | 278/520 kB | 36 kB | 40/169 kB
Progress (5): 212/238 kB | 196/502 kB | 278/520 kB | 36 kB | 45/169 kB
Progress (5): 212/238 kB | 196/502 kB | 278/520 kB | 36 kB | 49/169 kB
Progress (5): 212/238 kB | 196/502 kB | 278/520 kB | 36 kB | 53/169 kB
Progress (5): 212/238 kB | 196/502 kB | 278/520 kB | 36 kB | 57/169 kB
Progress (5): 212/238 kB | 196/502 kB | 278/520 kB | 36 kB | 61/169 kB
Progress (5): 212/238 kB | 196/502 kB | 278/520 kB | 36 kB | 65/169 kB
Progress (5): 212/238 kB | 196/502 kB | 278/520 kB | 36 kB | 69/169 kB
Progress (5): 212/238 kB | 196/502 kB | 278/520 kB | 36 kB | 73/169 kB
Progress (5): 217/238 kB | 196/502 kB | 278/520 kB | 36 kB | 73/169 kB
Progress (5): 217/238 kB | 196/502 kB | 278/520 kB | 36 kB | 77/169 kB
Progress (5): 221/238 kB | 196/502 kB | 278/520 kB | 36 kB | 77/169 kB
Progress (5): 221/238 kB | 196/502 kB | 278/520 kB | 36 kB | 81/169 kB
Progress (5): 225/238 kB | 196/502 kB | 278/520 kB | 36 kB | 81/169 kB
Progress (5): 229/238 kB | 196/502 kB | 278/520 kB | 36 kB | 81/169 kB
Progress (5): 229/238 kB | 196/502 kB | 278/520 kB | 36 kB | 85/169 kB
Progress (5): 229/238 kB | 196/502 kB | 278/520 kB | 36 kB | 90/169 kB
Progress (5): 229/238 kB | 196/502 kB | 278/520 kB | 36 kB | 94/169 kB
Progress (5): 229/238 kB | 196/502 kB | 278/520 kB | 36 kB | 98/169 kB
Progress (5): 229/238 kB | 196/502 kB | 278/520 kB | 36 kB | 102/169 kB
Progress (5): 229/238 kB | 196/502 kB | 278/520 kB | 36 kB | 106/169 kB
Progress (5): 229/238 kB | 196/502 kB | 278/520 kB | 36 kB | 110/169 kB
Progress (5): 229/238 kB | 196/502 kB | 278/520 kB | 36 kB | 114/169 kB
Progress (5): 229/238 kB | 196/502 kB | 278/520 kB | 36 kB | 118/169 kB
Progress (5): 229/238 kB | 196/502 kB | 278/520 kB | 36 kB | 122/169 kB
Progress (5): 229/238 kB | 196/502 kB | 278/520 kB | 36 kB | 126/169 kB
Progress (5): 229/238 kB | 196/502 kB | 278/520 kB | 36 kB | 131/169 kB
Progress (5): 229/238 kB | 196/502 kB | 278/520 kB | 36 kB | 135/169 kB
Progress (5): 229/238 kB | 196/502 kB | 278/520 kB | 36 kB | 139/169 kB
Progress (5): 229/238 kB | 196/502 kB | 278/520 kB | 36 kB | 143/169 kB
Progress (5): 229/238 kB | 196/502 kB | 278/520 kB | 36 kB | 147/169 kB
Progress (5): 229/238 kB | 196/502 kB | 278/520 kB | 36 kB | 151/169 kB
Progress (5): 229/238 kB | 196/502 kB | 278/520 kB | 36 kB | 155/169 kB
Progress (5): 229/238 kB | 196/502 kB | 278/520 kB | 36 kB | 159/169 kB
Progress (5): 229/238 kB | 196/502 kB | 278/520 kB | 36 kB | 163/169 kB
Progress (5): 229/238 kB | 196/502 kB | 278/520 kB | 36 kB | 167/169 kB
Progress (5): 229/238 kB | 196/502 kB | 278/520 kB | 36 kB | 169 kB    
Progress (5): 229/238 kB | 200/502 kB | 278/520 kB | 36 kB | 169 kB
Progress (5): 229/238 kB | 204/502 kB | 278/520 kB | 36 kB | 169 kB
Progress (5): 229/238 kB | 208/502 kB | 278/520 kB | 36 kB | 169 kB
Progress (5): 229/238 kB | 212/502 kB | 278/520 kB | 36 kB | 169 kB
Progress (5): 229/238 kB | 217/502 kB | 278/520 kB | 36 kB | 169 kB
Progress (5): 229/238 kB | 221/502 kB | 278/520 kB | 36 kB | 169 kB
Progress (5): 229/238 kB | 225/502 kB | 278/520 kB | 36 kB | 169 kB
Progress (5): 229/238 kB | 229/502 kB | 278/520 kB | 36 kB | 169 kB
Progress (5): 229/238 kB | 233/502 kB | 278/520 kB | 36 kB | 169 kB
Progress (5): 229/238 kB | 237/502 kB | 278/520 kB | 36 kB | 169 kB
Progress (5): 229/238 kB | 241/502 kB | 278/520 kB | 36 kB | 169 kB
Progress (5): 229/238 kB | 245/502 kB | 278/520 kB | 36 kB | 169 kB
Progress (5): 229/238 kB | 249/502 kB | 278/520 kB | 36 kB | 169 kB
Progress (5): 229/238 kB | 253/502 kB | 278/520 kB | 36 kB | 169 kB
Progress (5): 229/238 kB | 258/502 kB | 278/520 kB | 36 kB | 169 kB
Progress (5): 229/238 kB | 262/502 kB | 278/520 kB | 36 kB | 169 kB
Progress (5): 229/238 kB | 266/502 kB | 278/520 kB | 36 kB | 169 kB
Progress (5): 229/238 kB | 270/502 kB | 278/520 kB | 36 kB | 169 kB
Progress (5): 229/238 kB | 274/502 kB | 278/520 kB | 36 kB | 169 kB
Progress (5): 229/238 kB | 278/502 kB | 278/520 kB | 36 kB | 169 kB
Progress (5): 229/238 kB | 282/502 kB | 278/520 kB | 36 kB | 169 kB
Progress (5): 229/238 kB | 286/502 kB | 278/520 kB | 36 kB | 169 kB
Progress (5): 229/238 kB | 290/502 kB | 278/520 kB | 36 kB | 169 kB
Progress (5): 229/238 kB | 294/502 kB | 278/520 kB | 36 kB | 169 kB
Progress (5): 229/238 kB | 298/502 kB | 278/520 kB | 36 kB | 169 kB
Progress (5): 229/238 kB | 303/502 kB | 278/520 kB | 36 kB | 169 kB
Progress (5): 229/238 kB | 307/502 kB | 278/520 kB | 36 kB | 169 kB
Progress (5): 229/238 kB | 311/502 kB | 278/520 kB | 36 kB | 169 kB
Progress (5): 229/238 kB | 315/502 kB | 278/520 kB | 36 kB | 169 kB
Progress (5): 229/238 kB | 319/502 kB | 278/520 kB | 36 kB | 169 kB
Progress (5): 229/238 kB | 323/502 kB | 278/520 kB | 36 kB | 169 kB
Progress (5): 229/238 kB | 327/502 kB | 278/520 kB | 36 kB | 169 kB
Progress (5): 229/238 kB | 331/502 kB | 278/520 kB | 36 kB | 169 kB
Progress (5): 229/238 kB | 335/502 kB | 278/520 kB | 36 kB | 169 kB
Progress (5): 229/238 kB | 339/502 kB | 278/520 kB | 36 kB | 169 kB
Progress (5): 229/238 kB | 344/502 kB | 278/520 kB | 36 kB | 169 kB
Progress (5): 229/238 kB | 348/502 kB | 278/520 kB | 36 kB | 169 kB
Progress (5): 229/238 kB | 352/502 kB | 278/520 kB | 36 kB | 169 kB
Progress (5): 229/238 kB | 356/502 kB | 278/520 kB | 36 kB | 169 kB
Progress (5): 229/238 kB | 360/502 kB | 278/520 kB | 36 kB | 169 kB
Progress (5): 229/238 kB | 364/502 kB | 278/520 kB | 36 kB | 169 kB
Progress (5): 229/238 kB | 368/502 kB | 278/520 kB | 36 kB | 169 kB
Progress (5): 229/238 kB | 372/502 kB | 278/520 kB | 36 kB | 169 kB
Progress (5): 229/238 kB | 376/502 kB | 278/520 kB | 36 kB | 169 kB
Progress (5): 229/238 kB | 380/502 kB | 278/520 kB | 36 kB | 169 kB
Progress (5): 229/238 kB | 384/502 kB | 278/520 kB | 36 kB | 169 kB
Progress (5): 229/238 kB | 389/502 kB | 278/520 kB | 36 kB | 169 kB
Progress (5): 229/238 kB | 393/502 kB | 278/520 kB | 36 kB | 169 kB
Progress (5): 229/238 kB | 397/502 kB | 278/520 kB | 36 kB | 169 kB
Progress (5): 229/238 kB | 401/502 kB | 278/520 kB | 36 kB | 169 kB
Progress (5): 229/238 kB | 405/502 kB | 278/520 kB | 36 kB | 169 kB
Progress (5): 229/238 kB | 409/502 kB | 278/520 kB | 36 kB | 169 kB
Progress (5): 229/238 kB | 409/502 kB | 282/520 kB | 36 kB | 169 kB
Progress (5): 229/238 kB | 409/502 kB | 286/520 kB | 36 kB | 169 kB
Progress (5): 229/238 kB | 409/502 kB | 290/520 kB | 36 kB | 169 kB
Progress (5): 229/238 kB | 409/502 kB | 294/520 kB | 36 kB | 169 kB
Progress (5): 229/238 kB | 409/502 kB | 298/520 kB | 36 kB | 169 kB
Progress (5): 229/238 kB | 409/502 kB | 303/520 kB | 36 kB | 169 kB
Progress (5): 229/238 kB | 409/502 kB | 307/520 kB | 36 kB | 169 kB
Progress (5): 229/238 kB | 409/502 kB | 311/520 kB | 36 kB | 169 kB
Progress (5): 229/238 kB | 409/502 kB | 315/520 kB | 36 kB | 169 kB
Progress (5): 229/238 kB | 409/502 kB | 319/520 kB | 36 kB | 169 kB
Progress (5): 229/238 kB | 409/502 kB | 323/520 kB | 36 kB | 169 kB
Progress (5): 229/238 kB | 409/502 kB | 327/520 kB | 36 kB | 169 kB
Progress (5): 229/238 kB | 409/502 kB | 331/520 kB | 36 kB | 169 kB
Progress (5): 229/238 kB | 409/502 kB | 335/520 kB | 36 kB | 169 kB
Progress (5): 229/238 kB | 409/502 kB | 339/520 kB | 36 kB | 169 kB
Progress (5): 229/238 kB | 409/502 kB | 344/520 kB | 36 kB | 169 kB
Progress (5): 229/238 kB | 409/502 kB | 348/520 kB | 36 kB | 169 kB
Progress (5): 229/238 kB | 409/502 kB | 352/520 kB | 36 kB | 169 kB
Progress (5): 229/238 kB | 409/502 kB | 356/520 kB | 36 kB | 169 kB
Progress (5): 229/238 kB | 409/502 kB | 360/520 kB | 36 kB | 169 kB
Progress (5): 229/238 kB | 409/502 kB | 364/520 kB | 36 kB | 169 kB
Progress (5): 229/238 kB | 409/502 kB | 368/520 kB | 36 kB | 169 kB
Progress (5): 229/238 kB | 409/502 kB | 372/520 kB | 36 kB | 169 kB
Progress (5): 229/238 kB | 409/502 kB | 376/520 kB | 36 kB | 169 kB
Progress (5): 229/238 kB | 409/502 kB | 380/520 kB | 36 kB | 169 kB
Progress (5): 229/238 kB | 409/502 kB | 384/520 kB | 36 kB | 169 kB
Progress (5): 229/238 kB | 409/502 kB | 389/520 kB | 36 kB | 169 kB
Progress (5): 229/238 kB | 409/502 kB | 393/520 kB | 36 kB | 169 kB
Progress (5): 229/238 kB | 409/502 kB | 397/520 kB | 36 kB | 169 kB
Progress (5): 229/238 kB | 409/502 kB | 401/520 kB | 36 kB | 169 kB
Progress (5): 229/238 kB | 409/502 kB | 405/520 kB | 36 kB | 169 kB
Progress (5): 229/238 kB | 409/502 kB | 409/520 kB | 36 kB | 169 kB
Progress (5): 229/238 kB | 409/502 kB | 413/520 kB | 36 kB | 169 kB
Progress (5): 229/238 kB | 409/502 kB | 417/520 kB | 36 kB | 169 kB
Progress (5): 229/238 kB | 409/502 kB | 421/520 kB | 36 kB | 169 kB
Progress (5): 229/238 kB | 409/502 kB | 425/520 kB | 36 kB | 169 kB
Progress (5): 229/238 kB | 409/502 kB | 430/520 kB | 36 kB | 169 kB
Progress (5): 229/238 kB | 409/502 kB | 434/520 kB | 36 kB | 169 kB
Progress (5): 229/238 kB | 409/502 kB | 438/520 kB | 36 kB | 169 kB
Progress (5): 229/238 kB | 409/502 kB | 442/520 kB | 36 kB | 169 kB
Progress (5): 229/238 kB | 409/502 kB | 446/520 kB | 36 kB | 169 kB
Progress (5): 229/238 kB | 409/502 kB | 450/520 kB | 36 kB | 169 kB
Progress (5): 229/238 kB | 409/502 kB | 454/520 kB | 36 kB | 169 kB
Progress (5): 229/238 kB | 409/502 kB | 458/520 kB | 36 kB | 169 kB
Progress (5): 229/238 kB | 409/502 kB | 462/520 kB | 36 kB | 169 kB
Progress (5): 229/238 kB | 409/502 kB | 466/520 kB | 36 kB | 169 kB
Progress (5): 229/238 kB | 409/502 kB | 471/520 kB | 36 kB | 169 kB
Progress (5): 229/238 kB | 409/502 kB | 475/520 kB | 36 kB | 169 kB
Progress (5): 229/238 kB | 409/502 kB | 479/520 kB | 36 kB | 169 kB
Progress (5): 229/238 kB | 409/502 kB | 483/520 kB | 36 kB | 169 kB
Progress (5): 229/238 kB | 409/502 kB | 487/520 kB | 36 kB | 169 kB
Progress (5): 229/238 kB | 409/502 kB | 491/520 kB | 36 kB | 169 kB
Progress (5): 229/238 kB | 409/502 kB | 495/520 kB | 36 kB | 169 kB
Progress (5): 229/238 kB | 409/502 kB | 499/520 kB | 36 kB | 169 kB
Progress (5): 229/238 kB | 409/502 kB | 503/520 kB | 36 kB | 169 kB
Progress (5): 229/238 kB | 409/502 kB | 507/520 kB | 36 kB | 169 kB
Progress (5): 229/238 kB | 409/502 kB | 511/520 kB | 36 kB | 169 kB
Progress (5): 229/238 kB | 409/502 kB | 516/520 kB | 36 kB | 169 kB
Progress (5): 229/238 kB | 409/502 kB | 520/520 kB | 36 kB | 169 kB
Progress (5): 229/238 kB | 409/502 kB | 520 kB | 36 kB | 169 kB    
                                                               
Downloaded from central: https://repo.maven.apache.org/maven2/org/sonatype/spice/model-builder/1.3/model-builder-1.3.jar (36 kB at 24 kB/s)
Downloaded from central: https://repo.maven.apache.org/maven2/org/apache/maven/maven-project-builder/3.0-alpha-2/maven-project-builder-3.0-alpha-2.jar (169 kB at 111 kB/s)
Progress (3): 229/238 kB | 413/502 kB | 520 kB
Progress (3): 229/238 kB | 417/502 kB | 520 kB
Progress (3): 229/238 kB | 421/502 kB | 520 kB
Progress (3): 229/238 kB | 425/502 kB | 520 kB
Progress (3): 229/238 kB | 430/502 kB | 520 kB
Progress (3): 229/238 kB | 434/502 kB | 520 kB
Progress (3): 229/238 kB | 438/502 kB | 520 kB
Progress (3): 229/238 kB | 442/502 kB | 520 kB
Progress (3): 229/238 kB | 446/502 kB | 520 kB
Progress (3): 229/238 kB | 450/502 kB | 520 kB
Progress (3): 229/238 kB | 454/502 kB | 520 kB
Progress (3): 229/238 kB | 458/502 kB | 520 kB
Progress (3): 229/238 kB | 462/502 kB | 520 kB
Progress (3): 229/238 kB | 466/502 kB | 520 kB
Progress (3): 229/238 kB | 470/502 kB | 520 kB
Progress (3): 229/238 kB | 475/502 kB | 520 kB
Progress (3): 229/238 kB | 479/502 kB | 520 kB
Progress (3): 229/238 kB | 483/502 kB | 520 kB
Progress (3): 229/238 kB | 487/502 kB | 520 kB
Progress (3): 229/238 kB | 491/502 kB | 520 kB
Progress (3): 229/238 kB | 495/502 kB | 520 kB
Progress (3): 229/238 kB | 499/502 kB | 520 kB
Progress (3): 229/238 kB | 502 kB | 520 kB    
                                          
Downloaded from central: https://repo.maven.apache.org/maven2/org/codehaus/woodstox/wstx-asl/3.2.6/wstx-asl-3.2.6.jar (520 kB at 312 kB/s)
Progress (2): 233/238 kB | 502 kB
Progress (2): 237/238 kB | 502 kB
Progress (2): 238 kB | 502 kB    
                             
Downloaded from central: https://repo.maven.apache.org/maven2/com/google/code/google-collections/google-collect/snapshot-20080530/google-collect-snapshot-20080530.jar (502 kB at 287 kB/s)
Downloaded from central: https://repo.maven.apache.org/maven2/org/apache/maven/maven-compat/3.0-alpha-2/maven-compat-3.0-alpha-2.jar (238 kB at 126 kB/s)
[INFO] Updating license headers...
[INFO] 
[INFO] --- maven-resources-plugin:2.6:resources (default-resources) @ logstash-logback-encoder ---
[INFO] Using 'UTF-8' encoding to copy filtered resources.
[INFO] skip non existing resourceDirectory /home/cgzhu/projects/gitslice/resources/facts/upgrade_jars_exp/_downloads/logstash-logback-encoder/src/main/resources
[INFO] 
[INFO] --- maven-compiler-plugin:2.3.2:compile (default-compile) @ logstash-logback-encoder ---
[INFO] Compiling 134 source files to /home/cgzhu/projects/gitslice/resources/facts/upgrade_jars_exp/_downloads/logstash-logback-encoder/target/classes
[INFO] 
[INFO] --- maven-bundle-plugin:2.3.7:manifest (bundle-manifest) @ logstash-logback-encoder ---
[INFO] 
[INFO] --- maven-resources-plugin:2.6:testResources (default-testResources) @ logstash-logback-encoder ---
[INFO] Using 'UTF-8' encoding to copy filtered resources.
[INFO] Copying 1 resource
[INFO] 
[INFO] --- maven-compiler-plugin:2.3.2:testCompile (default-testCompile) @ logstash-logback-encoder ---
[INFO] Compiling 55 source files to /home/cgzhu/projects/gitslice/resources/facts/upgrade_jars_exp/_downloads/logstash-logback-encoder/target/test-classes
[INFO] 
[INFO] --- maven-surefire-plugin:2.12.4:test (default-test) @ logstash-logback-encoder ---
[INFO] Surefire report directory: /home/cgzhu/projects/gitslice/resources/facts/upgrade_jars_exp/_downloads/logstash-logback-encoder/target/surefire-reports

-------------------------------------------------------
 T E S T S
-------------------------------------------------------
Running net.logstash.logback.argument.StructuredArgumentsToStringTest
00:57:41,526 |-INFO in ch.qos.logback.classic.LoggerContext[default] - Found resource [logback-test.xml] at [file:/home/cgzhu/projects/gitslice/resources/facts/upgrade_jars_exp/_downloads/logstash-logback-encoder/target/test-classes/logback-test.xml]
00:57:41,573 |-INFO in ch.qos.logback.classic.joran.action.ContextNameAction - Setting logger context name as [testContext]
00:57:41,573 |-INFO in ch.qos.logback.core.joran.action.AppenderAction - About to instantiate appender of type [ch.qos.logback.core.rolling.RollingFileAppender]
00:57:41,576 |-INFO in ch.qos.logback.core.joran.action.AppenderAction - Naming appender as [stash]
00:57:41,589 |-INFO in c.q.l.core.rolling.TimeBasedRollingPolicy@1386767190 - No compression will be used
00:57:41,590 |-INFO in c.q.l.core.rolling.TimeBasedRollingPolicy@1386767190 - Will use the pattern /tmp/test.log.%d{yyyy-MM-dd}.log for the active file
00:57:41,592 |-INFO in c.q.l.core.rolling.DefaultTimeBasedFileNamingAndTriggeringPolicy - The date pattern is 'yyyy-MM-dd' from file name pattern '/tmp/test.log.%d{yyyy-MM-dd}.log'.
00:57:41,592 |-INFO in c.q.l.core.rolling.DefaultTimeBasedFileNamingAndTriggeringPolicy - Roll-over at midnight.
00:57:41,595 |-INFO in c.q.l.core.rolling.DefaultTimeBasedFileNamingAndTriggeringPolicy - Setting initial period to Fri Aug 16 00:57:41 SGT 2019
00:57:41,704 |-INFO in ch.qos.logback.core.rolling.RollingFileAppender[stash] - Active log file name: /tmp/test.log
00:57:41,704 |-INFO in ch.qos.logback.core.rolling.RollingFileAppender[stash] - File property is set to [/tmp/test.log]
00:57:41,704 |-INFO in ch.qos.logback.core.joran.action.AppenderAction - About to instantiate appender of type [ch.qos.logback.core.ConsoleAppender]
00:57:41,705 |-INFO in ch.qos.logback.core.joran.action.AppenderAction - Naming appender as [logstashEncoderAppender]
00:57:41,706 |-INFO in ch.qos.logback.core.joran.action.NestedComplexPropertyIA - Assuming default type [net.logstash.logback.fieldnames.LogstashFieldNames] for [fieldNames] property
00:57:41,711 |-INFO in ch.qos.logback.core.joran.action.NestedComplexPropertyIA - Assuming default type [net.logstash.logback.composite.loggingevent.LoggingEventJsonProviders] for [providers] property
00:57:41,729 |-INFO in ch.qos.logback.core.joran.action.AppenderAction - About to instantiate appender of type [ch.qos.logback.core.ConsoleAppender]
00:57:41,729 |-INFO in ch.qos.logback.core.joran.action.AppenderAction - Naming appender as [loggingEventCompositeJsonEncoderAppender]
00:57:41,730 |-INFO in ch.qos.logback.core.joran.action.NestedComplexPropertyIA - Assuming default type [net.logstash.logback.composite.loggingevent.LoggingEventJsonProviders] for [providers] property
00:57:41,730 |-INFO in ch.qos.logback.core.joran.action.NestedComplexPropertyIA - Assuming default type [net.logstash.logback.composite.loggingevent.LoggingEventFormattedTimestampJsonProvider] for [timestamp] property
00:57:41,730 |-INFO in ch.qos.logback.core.joran.action.NestedComplexPropertyIA - Assuming default type [net.logstash.logback.composite.LogstashVersionJsonProvider] for [version] property
00:57:41,730 |-INFO in ch.qos.logback.core.joran.action.NestedComplexPropertyIA - Assuming default type [net.logstash.logback.composite.loggingevent.MessageJsonProvider] for [message] property
00:57:41,731 |-INFO in ch.qos.logback.core.joran.action.NestedComplexPropertyIA - Assuming default type [net.logstash.logback.composite.loggingevent.LoggingEventNestedJsonProvider] for [nestedField] property
00:57:41,731 |-INFO in ch.qos.logback.core.joran.action.NestedComplexPropertyIA - Assuming default type [net.logstash.logback.composite.loggingevent.LoggingEventJsonProviders] for [providers] property
00:57:41,731 |-INFO in ch.qos.logback.core.joran.action.NestedComplexPropertyIA - Assuming default type [net.logstash.logback.composite.loggingevent.UuidProvider] for [uuid] property
00:57:41,731 |-INFO in ch.qos.logback.core.joran.action.NestedComplexPropertyIA - Assuming default type [net.logstash.logback.composite.loggingevent.RawMessageJsonProvider] for [rawMessage] property
00:57:41,732 |-INFO in ch.qos.logback.core.joran.action.NestedComplexPropertyIA - Assuming default type [net.logstash.logback.composite.loggingevent.LoggerNameJsonProvider] for [loggerName] property
00:57:41,732 |-INFO in ch.qos.logback.core.joran.action.NestedComplexPropertyIA - Assuming default type [net.logstash.logback.composite.loggingevent.ThreadNameJsonProvider] for [threadName] property
00:57:41,732 |-INFO in ch.qos.logback.core.joran.action.NestedComplexPropertyIA - Assuming default type [net.logstash.logback.composite.loggingevent.LogLevelJsonProvider] for [logLevel] property
00:57:41,732 |-INFO in ch.qos.logback.core.joran.action.NestedComplexPropertyIA - Assuming default type [net.logstash.logback.composite.loggingevent.LogLevelValueJsonProvider] for [logLevelValue] property
00:57:41,733 |-INFO in ch.qos.logback.core.joran.action.NestedComplexPropertyIA - Assuming default type [net.logstash.logback.composite.loggingevent.CallerDataJsonProvider] for [callerData] property
00:57:41,733 |-INFO in ch.qos.logback.core.joran.action.NestedComplexPropertyIA - Assuming default type [net.logstash.logback.composite.loggingevent.StackTraceJsonProvider] for [stackTrace] property
00:57:41,734 |-INFO in ch.qos.logback.core.joran.action.NestedComplexPropertyIA - Assuming default type [net.logstash.logback.composite.loggingevent.StackHashJsonProvider] for [stackHash] property
00:57:41,734 |-INFO in ch.qos.logback.core.joran.action.NestedComplexPropertyIA - Assuming default type [net.logstash.logback.composite.ContextJsonProvider] for [context] property
00:57:41,734 |-INFO in ch.qos.logback.core.joran.action.NestedComplexPropertyIA - Assuming default type [net.logstash.logback.composite.loggingevent.ContextNameJsonProvider] for [contextName] property
00:57:41,734 |-INFO in ch.qos.logback.core.joran.action.NestedComplexPropertyIA - Assuming default type [net.logstash.logback.composite.loggingevent.JsonMessageJsonProvider] for [jsonMessage] property
00:57:41,735 |-INFO in ch.qos.logback.core.joran.action.NestedComplexPropertyIA - Assuming default type [net.logstash.logback.composite.loggingevent.MdcJsonProvider] for [mdc] property
00:57:41,736 |-INFO in ch.qos.logback.core.joran.action.NestedComplexPropertyIA - Assuming default type [net.logstash.logback.composite.loggingevent.ContextMapJsonProvider] for [contextMap] property
00:57:41,736 |-INFO in ch.qos.logback.core.joran.action.NestedComplexPropertyIA - Assuming default type [net.logstash.logback.composite.GlobalCustomFieldsJsonProvider] for [globalCustomFields] property
00:57:41,736 |-INFO in ch.qos.logback.core.joran.action.NestedComplexPropertyIA - Assuming default type [net.logstash.logback.composite.loggingevent.TagsJsonProvider] for [tags] property
00:57:41,736 |-INFO in ch.qos.logback.core.joran.action.NestedComplexPropertyIA - Assuming default type [net.logstash.logback.composite.loggingevent.LogstashMarkersJsonProvider] for [logstashMarkers] property
00:57:41,736 |-INFO in ch.qos.logback.core.joran.action.NestedComplexPropertyIA - Assuming default type [net.logstash.logback.composite.loggingevent.LoggingEventPatternJsonProvider] for [pattern] property
00:57:41,737 |-INFO in ch.qos.logback.core.joran.action.NestedComplexPropertyIA - Assuming default type [net.logstash.logback.composite.loggingevent.ArgumentsJsonProvider] for [arguments] property
00:57:41,737 |-INFO in ch.qos.logback.core.joran.action.NestedComplexPropertyIA - Assuming default type [net.logstash.logback.composite.loggingevent.ThrowableClassNameJsonProvider] for [throwableClassName] property
00:57:41,737 |-INFO in ch.qos.logback.core.joran.action.NestedComplexPropertyIA - Assuming default type [net.logstash.logback.composite.loggingevent.ThrowableRootCauseClassNameJsonProvider] for [throwableRootCauseClassName] property
00:57:41,738 |-INFO in ch.qos.logback.core.joran.action.AppenderAction - About to instantiate appender of type [ch.qos.logback.core.read.ListAppender]
00:57:41,738 |-INFO in ch.qos.logback.core.joran.action.AppenderAction - Naming appender as [listAppender]
00:57:41,738 |-INFO in ch.qos.logback.core.joran.action.AppenderAction - About to instantiate appender of type [net.logstash.logback.appender.LoggingEventAsyncDisruptorAppender]
00:57:41,741 |-INFO in ch.qos.logback.core.joran.action.AppenderAction - Naming appender as [asyncAppender]
00:57:41,754 |-INFO in ch.qos.logback.classic.joran.action.LoggerAction - Setting level of logger [net.logstash.logback.encoder.LogstashEncoderTest] to DEBUG
00:57:41,754 |-INFO in ch.qos.logback.core.joran.action.AppenderRefAction - Attaching appender named [stash] to Logger[net.logstash.logback.encoder.LogstashEncoderTest]
00:57:41,755 |-INFO in ch.qos.logback.classic.joran.action.LoggerAction - Setting level of logger [net.logstash.logback.ConfigurationTest] to DEBUG
00:57:41,755 |-INFO in ch.qos.logback.core.joran.action.AppenderRefAction - Attaching appender named [loggingEventCompositeJsonEncoderAppender] to Logger[net.logstash.logback.ConfigurationTest]
00:57:41,755 |-INFO in ch.qos.logback.core.joran.action.AppenderRefAction - Attaching appender named [logstashEncoderAppender] to Logger[net.logstash.logback.ConfigurationTest]
00:57:41,755 |-INFO in ch.qos.logback.core.joran.action.AppenderRefAction - Attaching appender named [listAppender] to Logger[net.logstash.logback.ConfigurationTest]
00:57:41,755 |-INFO in ch.qos.logback.core.joran.action.AppenderRefAction - Attaching appender named [asyncAppender] to Logger[net.logstash.logback.ConfigurationTest]
00:57:41,755 |-INFO in ch.qos.logback.classic.joran.action.ConfigurationAction - End of configuration.
00:57:41,755 |-INFO in ch.qos.logback.classic.joran.JoranConfigurator@31368b99 - Registering current configuration as safe fallback point
00:57:41,756 |-WARN in class net.logstash.logback.argument.StructuredArguments - Failed toString() invocation on an object of type [net.logstash.logback.argument.StructuredArgumentsToStringTest$BuguyToString] java.lang.NullPointerException: npe
	at java.lang.NullPointerException: npe
	at 	at net.logstash.logback.argument.StructuredArgumentsToStringTest$BuguyToString.toString(StructuredArgumentsToStringTest.java:32)
	at 	at java.lang.String.valueOf(String.java:2994)
	at 	at net.logstash.logback.argument.StructuredArguments.toString(StructuredArguments.java:206)
	at 	at net.logstash.logback.argument.StructuredArgumentsToStringTest.testToString(StructuredArgumentsToStringTest.java:58)
	at 	at sun.reflect.NativeMethodAccessorImpl.invoke0(Native Method)
	at 	at sun.reflect.NativeMethodAccessorImpl.invoke(NativeMethodAccessorImpl.java:62)
	at 	at sun.reflect.DelegatingMethodAccessorImpl.invoke(DelegatingMethodAccessorImpl.java:43)
	at 	at java.lang.reflect.Method.invoke(Method.java:498)
	at 	at org.junit.runners.model.FrameworkMethod$1.runReflectiveCall(FrameworkMethod.java:50)
	at 	at org.junit.internal.runners.model.ReflectiveCallable.run(ReflectiveCallable.java:12)
	at 	at org.junit.runners.model.FrameworkMethod.invokeExplosively(FrameworkMethod.java:47)
	at 	at org.junit.internal.runners.statements.InvokeMethod.evaluate(InvokeMethod.java:17)
	at 	at org.junit.runners.ParentRunner.runLeaf(ParentRunner.java:325)
	at 	at org.junit.runners.BlockJUnit4ClassRunner.runChild(BlockJUnit4ClassRunner.java:78)
	at 	at org.junit.runners.BlockJUnit4ClassRunner.runChild(BlockJUnit4ClassRunner.java:57)
	at 	at org.junit.runners.ParentRunner$3.run(ParentRunner.java:290)
	at 	at org.junit.runners.ParentRunner$1.schedule(ParentRunner.java:71)
	at 	at org.junit.runners.ParentRunner.runChildren(ParentRunner.java:288)
	at 	at org.junit.runners.ParentRunner.access$000(ParentRunner.java:58)
	at 	at org.junit.runners.ParentRunner$2.evaluate(ParentRunner.java:268)
	at 	at org.junit.runners.ParentRunner.run(ParentRunner.java:363)
	at 	at org.junit.runners.Suite.runChild(Suite.java:128)
	at 	at org.junit.runners.Suite.runChild(Suite.java:27)
	at 	at org.junit.runners.ParentRunner$3.run(ParentRunner.java:290)
	at 	at org.junit.runners.ParentRunner$1.schedule(ParentRunner.java:71)
	at 	at org.junit.runners.ParentRunner.runChildren(ParentRunner.java:288)
	at 	at org.junit.runners.ParentRunner.access$000(ParentRunner.java:58)
	at 	at org.junit.runners.ParentRunner$2.evaluate(ParentRunner.java:268)
	at 	at org.junit.runners.ParentRunner.run(ParentRunner.java:363)
	at 	at org.apache.maven.surefire.junit4.JUnit4Provider.execute(JUnit4Provider.java:252)
	at 	at org.apache.maven.surefire.junit4.JUnit4Provider.executeTestSet(JUnit4Provider.java:141)
	at 	at org.apache.maven.surefire.junit4.JUnit4Provider.invoke(JUnit4Provider.java:112)
	at 	at sun.reflect.NativeMethodAccessorImpl.invoke0(Native Method)
	at 	at sun.reflect.NativeMethodAccessorImpl.invoke(NativeMethodAccessorImpl.java:62)
	at 	at sun.reflect.DelegatingMethodAccessorImpl.invoke(DelegatingMethodAccessorImpl.java:43)
	at 	at java.lang.reflect.Method.invoke(Method.java:498)
	at 	at org.apache.maven.surefire.util.ReflectionUtils.invokeMethodWithArray(ReflectionUtils.java:189)
	at 	at org.apache.maven.surefire.booter.ProviderFactory$ProviderProxy.invoke(ProviderFactory.java:165)
	at 	at org.apache.maven.surefire.booter.ProviderFactory.invokeProvider(ProviderFactory.java:85)
	at 	at org.apache.maven.surefire.booter.ForkedBooter.runSuitesInProcess(ForkedBooter.java:115)
	at 	at org.apache.maven.surefire.booter.ForkedBooter.main(ForkedBooter.java:75)
SLF4J: Failed toString() invocation on an object of type [net.logstash.logback.argument.StructuredArgumentsToStringTest$BuguyToString]
Reported exception:
java.lang.NullPointerException: npe
	at net.logstash.logback.argument.StructuredArgumentsToStringTest$BuguyToString.toString(StructuredArgumentsToStringTest.java:32)
	at org.slf4j.helpers.MessageFormatter.safeObjectAppend(MessageFormatter.java:299)
	at org.slf4j.helpers.MessageFormatter.deeplyAppendParameter(MessageFormatter.java:271)
	at org.slf4j.helpers.MessageFormatter.arrayFormat(MessageFormatter.java:233)
	at org.slf4j.helpers.MessageFormatter.arrayFormat(MessageFormatter.java:173)
	at org.slf4j.helpers.MessageFormatter.format(MessageFormatter.java:124)
	at net.logstash.logback.argument.StructuredArgumentsToStringTest.testToString(StructuredArgumentsToStringTest.java:59)
	at sun.reflect.NativeMethodAccessorImpl.invoke0(Native Method)
	at sun.reflect.NativeMethodAccessorImpl.invoke(NativeMethodAccessorImpl.java:62)
	at sun.reflect.DelegatingMethodAccessorImpl.invoke(DelegatingMethodAccessorImpl.java:43)
	at java.lang.reflect.Method.invoke(Method.java:498)
	at org.junit.runners.model.FrameworkMethod$1.runReflectiveCall(FrameworkMethod.java:50)
	at org.junit.internal.runners.model.ReflectiveCallable.run(ReflectiveCallable.java:12)
	at org.junit.runners.model.FrameworkMethod.invokeExplosively(FrameworkMethod.java:47)
	at org.junit.internal.runners.statements.InvokeMethod.evaluate(InvokeMethod.java:17)
	at org.junit.runners.ParentRunner.runLeaf(ParentRunner.java:325)
	at org.junit.runners.BlockJUnit4ClassRunner.runChild(BlockJUnit4ClassRunner.java:78)
	at org.junit.runners.BlockJUnit4ClassRunner.runChild(BlockJUnit4ClassRunner.java:57)
	at org.junit.runners.ParentRunner$3.run(ParentRunner.java:290)
	at org.junit.runners.ParentRunner$1.schedule(ParentRunner.java:71)
	at org.junit.runners.ParentRunner.runChildren(ParentRunner.java:288)
	at org.junit.runners.ParentRunner.access$000(ParentRunner.java:58)
	at org.junit.runners.ParentRunner$2.evaluate(ParentRunner.java:268)
	at org.junit.runners.ParentRunner.run(ParentRunner.java:363)
	at org.junit.runners.Suite.runChild(Suite.java:128)
	at org.junit.runners.Suite.runChild(Suite.java:27)
	at org.junit.runners.ParentRunner$3.run(ParentRunner.java:290)
	at org.junit.runners.ParentRunner$1.schedule(ParentRunner.java:71)
	at org.junit.runners.ParentRunner.runChildren(ParentRunner.java:288)
	at org.junit.runners.ParentRunner.access$000(ParentRunner.java:58)
	at org.junit.runners.ParentRunner$2.evaluate(ParentRunner.java:268)
	at org.junit.runners.ParentRunner.run(ParentRunner.java:363)
	at org.apache.maven.surefire.junit4.JUnit4Provider.execute(JUnit4Provider.java:252)
	at org.apache.maven.surefire.junit4.JUnit4Provider.executeTestSet(JUnit4Provider.java:141)
	at org.apache.maven.surefire.junit4.JUnit4Provider.invoke(JUnit4Provider.java:112)
	at sun.reflect.NativeMethodAccessorImpl.invoke0(Native Method)
	at sun.reflect.NativeMethodAccessorImpl.invoke(NativeMethodAccessorImpl.java:62)
	at sun.reflect.DelegatingMethodAccessorImpl.invoke(DelegatingMethodAccessorImpl.java:43)
	at java.lang.reflect.Method.invoke(Method.java:498)
	at org.apache.maven.surefire.util.ReflectionUtils.invokeMethodWithArray(ReflectionUtils.java:189)
	at org.apache.maven.surefire.booter.ProviderFactory$ProviderProxy.invoke(ProviderFactory.java:165)
	at org.apache.maven.surefire.booter.ProviderFactory.invokeProvider(ProviderFactory.java:85)
	at org.apache.maven.surefire.booter.ForkedBooter.runSuitesInProcess(ForkedBooter.java:115)
	at org.apache.maven.surefire.booter.ForkedBooter.main(ForkedBooter.java:75)
00:57:41,759 |-WARN in class net.logstash.logback.argument.StructuredArguments - Failed toString() invocation on an object of type [net.logstash.logback.argument.StructuredArgumentsToStringTest$BuguyToString] java.lang.NullPointerException: npe
	at java.lang.NullPointerException: npe
	at 	at net.logstash.logback.argument.StructuredArgumentsToStringTest$BuguyToString.toString(StructuredArgumentsToStringTest.java:32)
	at 	at java.lang.String.valueOf(String.java:2994)
	at 	at net.logstash.logback.argument.StructuredArguments.toString(StructuredArguments.java:206)
	at 	at net.logstash.logback.argument.StructuredArgumentsToStringTest.testToString(StructuredArgumentsToStringTest.java:59)
	at 	at sun.reflect.NativeMethodAccessorImpl.invoke0(Native Method)
	at 	at sun.reflect.NativeMethodAccessorImpl.invoke(NativeMethodAccessorImpl.java:62)
	at 	at sun.reflect.DelegatingMethodAccessorImpl.invoke(DelegatingMethodAccessorImpl.java:43)
	at 	at java.lang.reflect.Method.invoke(Method.java:498)
	at 	at org.junit.runners.model.FrameworkMethod$1.runReflectiveCall(FrameworkMethod.java:50)
	at 	at org.junit.internal.runners.model.ReflectiveCallable.run(ReflectiveCallable.java:12)
	at 	at org.junit.runners.model.FrameworkMethod.invokeExplosively(FrameworkMethod.java:47)
	at 	at org.junit.internal.runners.statements.InvokeMethod.evaluate(InvokeMethod.java:17)
	at 	at org.junit.runners.ParentRunner.runLeaf(ParentRunner.java:325)
	at 	at org.junit.runners.BlockJUnit4ClassRunner.runChild(BlockJUnit4ClassRunner.java:78)
	at 	at org.junit.runners.BlockJUnit4ClassRunner.runChild(BlockJUnit4ClassRunner.java:57)
	at 	at org.junit.runners.ParentRunner$3.run(ParentRunner.java:290)
	at 	at org.junit.runners.ParentRunner$1.schedule(ParentRunner.java:71)
	at 	at org.junit.runners.ParentRunner.runChildren(ParentRunner.java:288)
	at 	at org.junit.runners.ParentRunner.access$000(ParentRunner.java:58)
	at 	at org.junit.runners.ParentRunner$2.evaluate(ParentRunner.java:268)
	at 	at org.junit.runners.ParentRunner.run(ParentRunner.java:363)
	at 	at org.junit.runners.Suite.runChild(Suite.java:128)
	at 	at org.junit.runners.Suite.runChild(Suite.java:27)
	at 	at org.junit.runners.ParentRunner$3.run(ParentRunner.java:290)
	at 	at org.junit.runners.ParentRunner$1.schedule(ParentRunner.java:71)
	at 	at org.junit.runners.ParentRunner.runChildren(ParentRunner.java:288)
	at 	at org.junit.runners.ParentRunner.access$000(ParentRunner.java:58)
	at 	at org.junit.runners.ParentRunner$2.evaluate(ParentRunner.java:268)
	at 	at org.junit.runners.ParentRunner.run(ParentRunner.java:363)
	at 	at org.apache.maven.surefire.junit4.JUnit4Provider.execute(JUnit4Provider.java:252)
	at 	at org.apache.maven.surefire.junit4.JUnit4Provider.executeTestSet(JUnit4Provider.java:141)
	at 	at org.apache.maven.surefire.junit4.JUnit4Provider.invoke(JUnit4Provider.java:112)
	at 	at sun.reflect.NativeMethodAccessorImpl.invoke0(Native Method)
	at 	at sun.reflect.NativeMethodAccessorImpl.invoke(NativeMethodAccessorImpl.java:62)
	at 	at sun.reflect.DelegatingMethodAccessorImpl.invoke(DelegatingMethodAccessorImpl.java:43)
	at 	at java.lang.reflect.Method.invoke(Method.java:498)
	at 	at org.apache.maven.surefire.util.ReflectionUtils.invokeMethodWithArray(ReflectionUtils.java:189)
	at 	at org.apache.maven.surefire.booter.ProviderFactory$ProviderProxy.invoke(ProviderFactory.java:165)
	at 	at org.apache.maven.surefire.booter.ProviderFactory.invokeProvider(ProviderFactory.java:85)
	at 	at org.apache.maven.surefire.booter.ForkedBooter.runSuitesInProcess(ForkedBooter.java:115)
	at 	at org.apache.maven.surefire.booter.ForkedBooter.main(ForkedBooter.java:75)
Tests run: 5, Failures: 0, Errors: 0, Skipped: 0, Time elapsed: 0.286 sec
Running net.logstash.logback.composite.accessevent.ResponseHeadersJsonProviderTest
Tests run: 4, Failures: 0, Errors: 0, Skipped: 0, Time elapsed: 0.383 sec
Running net.logstash.logback.composite.accessevent.AccessEventPatternJsonProviderTest
Tests run: 1, Failures: 0, Errors: 0, Skipped: 0, Time elapsed: 0.133 sec
Running net.logstash.logback.composite.accessevent.RequestHeadersJsonProviderTest
Tests run: 4, Failures: 0, Errors: 0, Skipped: 0, Time elapsed: 0.003 sec
Running net.logstash.logback.composite.accessevent.AccessEventNestedJsonProviderTest
Tests run: 1, Failures: 0, Errors: 0, Skipped: 0, Time elapsed: 0.04 sec
Running net.logstash.logback.composite.accessevent.IncludeExcludeHeaderFilterTest
Tests run: 4, Failures: 0, Errors: 0, Skipped: 0, Time elapsed: 0.001 sec
Running net.logstash.logback.composite.LogstashVersionJsonProviderTest
Tests run: 6, Failures: 0, Errors: 0, Skipped: 0, Time elapsed: 0.012 sec
Running net.logstash.logback.composite.loggingevent.LogLevelJsonProviderTest
Tests run: 3, Failures: 0, Errors: 0, Skipped: 0, Time elapsed: 0.001 sec
Running net.logstash.logback.composite.loggingevent.RawMessageJsonProviderTest
Tests run: 2, Failures: 0, Errors: 0, Skipped: 0, Time elapsed: 0 sec
Running net.logstash.logback.composite.loggingevent.MessageJsonProviderTest
Tests run: 3, Failures: 0, Errors: 0, Skipped: 0, Time elapsed: 0.001 sec
Running net.logstash.logback.composite.loggingevent.ContextNameJsonProviderTest
Tests run: 2, Failures: 0, Errors: 0, Skipped: 0, Time elapsed: 0.008 sec
Running net.logstash.logback.composite.loggingevent.ThrowableRootCauseClassNameJsonProviderTest
Tests run: 4, Failures: 0, Errors: 0, Skipped: 0, Time elapsed: 0.003 sec
Running net.logstash.logback.composite.loggingevent.LoggingEventCompositeJsonFormatterTest
Tests run: 1, Failures: 0, Errors: 0, Skipped: 0, Time elapsed: 0.008 sec
Running net.logstash.logback.composite.loggingevent.LogLevelValueJsonProviderTest
Tests run: 3, Failures: 0, Errors: 0, Skipped: 0, Time elapsed: 0.002 sec
Running net.logstash.logback.composite.loggingevent.LogstashMarkersJsonProviderTest
Tests run: 1, Failures: 0, Errors: 0, Skipped: 0, Time elapsed: 0.017 sec
Running net.logstash.logback.composite.loggingevent.TagsJsonProviderTest
Tests run: 3, Failures: 0, Errors: 0, Skipped: 0, Time elapsed: 0.011 sec
Running net.logstash.logback.composite.loggingevent.ThreadNameJsonProviderTest
Tests run: 3, Failures: 0, Errors: 0, Skipped: 0, Time elapsed: 0.001 sec
Running net.logstash.logback.composite.loggingevent.ThrowableClassNameJsonProviderTest
Tests run: 4, Failures: 0, Errors: 0, Skipped: 0, Time elapsed: 0.001 sec
Running net.logstash.logback.composite.loggingevent.StackHashJsonProviderTest
Tests run: 2, Failures: 0, Errors: 0, Skipped: 0, Time elapsed: 0.014 sec
Running net.logstash.logback.composite.loggingevent.UuidProviderTest
Tests run: 4, Failures: 0, Errors: 0, Skipped: 0, Time elapsed: 0.002 sec
Running net.logstash.logback.composite.loggingevent.StackTraceJsonProviderTest
Tests run: 3, Failures: 0, Errors: 0, Skipped: 0, Time elapsed: 0.027 sec
Running net.logstash.logback.composite.loggingevent.CallerDataJsonProviderTest
[MockitoHint] CallerDataJsonProviderTest.testFieldName (see javadoc for MockitoHint):
[MockitoHint] 1. Unused -> at net.logstash.logback.composite.loggingevent.CallerDataJsonProviderTest.testFieldName(CallerDataJsonProviderTest.java:109)

Tests run: 6, Failures: 0, Errors: 0, Skipped: 0, Time elapsed: 0.004 sec
Running net.logstash.logback.composite.loggingevent.LoggingEventNestedJsonProviderTest
Tests run: 1, Failures: 0, Errors: 0, Skipped: 0, Time elapsed: 0.033 sec
Running net.logstash.logback.composite.loggingevent.LoggingEventPatternJsonProviderTest
Tests run: 1, Failures: 0, Errors: 0, Skipped: 0, Time elapsed: 0.009 sec
Running net.logstash.logback.composite.loggingevent.LoggerNameJsonProviderTest
Tests run: 4, Failures: 0, Errors: 0, Skipped: 0, Time elapsed: 0.001 sec
Running net.logstash.logback.composite.loggingevent.MdcJsonProviderTest
Tests run: 5, Failures: 0, Errors: 0, Skipped: 0, Time elapsed: 0.003 sec
Running net.logstash.logback.composite.loggingevent.ArgumentsJsonProviderTest
Tests run: 4, Failures: 0, Errors: 0, Skipped: 0, Time elapsed: 0.037 sec
Running net.logstash.logback.composite.GlobalCustomFieldsJsonProviderTest
Tests run: 1, Failures: 0, Errors: 0, Skipped: 0, Time elapsed: 0.001 sec
Running net.logstash.logback.decorate.CharacterEscapesJsonFactoryDecoratorTest
Tests run: 3, Failures: 0, Errors: 0, Skipped: 0, Time elapsed: 0.001 sec
Running net.logstash.logback.marker.ObjectFieldsAppendingMarkerTest
Tests run: 4, Failures: 0, Errors: 0, Skipped: 0, Time elapsed: 0.005 sec
Running net.logstash.logback.marker.MapEntriesAppendingMarkerTest
Tests run: 3, Failures: 0, Errors: 0, Skipped: 0, Time elapsed: 0 sec
Running net.logstash.logback.marker.ObjectAppendingMarkerTest
Tests run: 3, Failures: 0, Errors: 0, Skipped: 0, Time elapsed: 0.001 sec
Running net.logstash.logback.marker.RawJsonAppendingMarkerTest
Tests run: 3, Failures: 0, Errors: 0, Skipped: 0, Time elapsed: 0 sec
Running net.logstash.logback.ConfigurationTest
{"@timestamp":"2019-08-16T00:57:42.560+08:00","@version":"1","customMessage":"message arg k1=v1 k2=[v2] v3","nested":{"id":"cbfc0869-bf7d-11e9-834c-00c0f03d5b7c","customRawMessage":"message {} {} {} {}"},"logger_name":"n.l.l.ConfigurationTest","thread_name":"main","level":"INFO","level_value":20000,"caller":{"class":"net.logstash.logback.ConfigurationTest","method":"verifyOutput","file":"ConfigurationTest.java","line":211},"stack_trace":"<#4b0e87ad> java.lang.Throwable: null\n\tat n.l.logback.ConfigurationTest.verifyOutput(ConfigurationTest.java:216)\n\tat n.l.logback.ConfigurationTest.testLogstashEncoderAppender(ConfigurationTest.java:89)\n\tat s.r.NativeMethodAccessorImpl.invoke0(NativeMethodAccessorImpl.java)\n\tat s.r.NativeMethodAccessorImpl.invoke(NativeMethodAccessorImpl.java:62)\n\tat s.r.DelegatingMethodAccessorImpl.invoke(DelegatingMethodAccessorImpl.java:43)\n\tat java.lang.reflect.Method.invoke(Method.java:498)\n\tat o.j.r.model.FrameworkMethod$1.runReflectiveCall(FrameworkMethod.java:50)\n\tat o.j.i.r.m.ReflectiveCallable.run(ReflectiveCallable.java:12)\n\tat o.j.r.model.FrameworkMethod.invokeExplosively(FrameworkMethod.java:47)\n\tat o.j.i.r.s.InvokeMethod.evaluate(InvokeMethod.java:17)\n\tat o.j.i.r.statements.RunBefores.evaluate(RunBefores.java:26)\n\tat org.junit.runners.ParentRunner.runLeaf(ParentRunner.java:325)\n\tat o.j.r.BlockJUnit4ClassRunner.runChild(BlockJUnit4ClassRunner.java:78)\n\tat o.j.r.BlockJUnit4ClassRunner.run...","stack_hash":"4b0e87ad","context":"testContext","customName":"customValue","markerFieldName":"markerFieldValue","patternName":"patternValue","relativeTime":1044,"prefix0":"arg","k1":"v1","k2":"v2","k3":"v3","throwable_class":"Throwable","throwable_root_cause_class":"java.lang.Throwable"}
{"@timestamp":"2019-08-16T00:57:42.560+08:00","@version":"1","customMessage":"message arg k1=v1 k2=[v2] v3","logger_name":"n.l.l.ConfigurationTest","thread_name":"main","level":"INFO","level_value":20000,"stack_trace":"<#4b0e87ad> java.lang.Throwable: null\n\tat n.l.logback.ConfigurationTest.verifyOutput(ConfigurationTest.java:216)\n\tat n.l.logback.ConfigurationTest.testLogstashEncoderAppender(ConfigurationTest.java:89)\n\tat s.r.NativeMethodAccessorImpl.invoke0(NativeMethodAccessorImpl.java)\n\tat s.r.NativeMethodAccessorImpl.invoke(NativeMethodAccessorImpl.java:62)\n\tat s.r.DelegatingMethodAccessorImpl.invoke(DelegatingMethodAccessorImpl.java:43)\n\tat java.lang.reflect.Method.invoke(Method.java:498)\n\tat o.j.r.model.FrameworkMethod$1.runReflectiveCall(FrameworkMethod.java:50)\n\tat o.j.i.r.m.ReflectiveCallable.run(ReflectiveCallable.java:12)\n\tat o.j.r.model.FrameworkMethod.invokeExplosively(FrameworkMethod.java:47)\n\tat o.j.i.r.s.InvokeMethod.evaluate(InvokeMethod.java:17)\n\tat o.j.i.r.statements.RunBefores.evaluate(RunBefores.java:26)\n\tat org.junit.runners.ParentRunner.runLeaf(ParentRunner.java:325)\n\tat o.j.r.BlockJUnit4ClassRunner.runChild(BlockJUnit4ClassRunner.java:78)\n\tat o.j.r.BlockJUnit4ClassRunner.run...","markerFieldName":"markerFieldValue","caller":{"class":"net.logstash.logback.ConfigurationTest","method":"verifyOutput","file":"ConfigurationTest.java","line":211},"customName":"customValue","patternName":"patternValue","relativeTime":1044,"nested":{"customRawMessage":"message {} {} {} {}","id":"cbfca4aa-bf7d-11e9-834c-00c0f03d5b7c","customErrorHash":"4b0e87ad"},"prefix0":"arg","k1":"v1","k2":"v2","k3":"v3","context":"testContext"}
{"@timestamp":"2019-08-16T00:57:42.610+08:00","@version":"1","customMessage":"message arg k1=v1 k2=[v2] v3","nested":{"id":"cc035b6c-bf7d-11e9-834c-00c0f03d5b7c","customRawMessage":"message {} {} {} {}"},"logger_name":"n.l.l.ConfigurationTest","thread_name":"main","level":"INFO","level_value":20000,"caller":{"class":"net.logstash.logback.ConfigurationTest","method":"verifyOutput","file":"ConfigurationTest.java","line":211},"stack_trace":"<#f0f23b39> java.lang.Throwable: null\n\tat n.l.logback.ConfigurationTest.verifyOutput(ConfigurationTest.java:216)\n\tat n.l.logback.ConfigurationTest.testLoggingEventCompositeJsonEncoderAppender(ConfigurationTest.java:102)\n\tat s.r.NativeMethodAccessorImpl.invoke0(NativeMethodAccessorImpl.java)\n\tat s.r.NativeMethodAccessorImpl.invoke(NativeMethodAccessorImpl.java:62)\n\tat s.r.DelegatingMethodAccessorImpl.invoke(DelegatingMethodAccessorImpl.java:43)\n\tat java.lang.reflect.Method.invoke(Method.java:498)\n\tat o.j.r.model.FrameworkMethod$1.runReflectiveCall(FrameworkMethod.java:50)\n\tat o.j.i.r.m.ReflectiveCallable.run(ReflectiveCallable.java:12)\n\tat o.j.r.model.FrameworkMethod.invokeExplosively(FrameworkMethod.java:47)\n\tat o.j.i.r.s.InvokeMethod.evaluate(InvokeMethod.java:17)\n\tat o.j.i.r.statements.RunBefores.evaluate(RunBefores.java:26)\n\tat org.junit.runners.ParentRunner.runLeaf(ParentRunner.java:325)\n\tat o.j.r.BlockJUnit4ClassRunner.runChild(BlockJUnit4ClassRunner.java:78)\n\tat o.j.r.BlockJUn...","stack_hash":"f0f23b39","context":"testContext","customName":"customValue","markerFieldName":"markerFieldValue","patternName":"patternValue","relativeTime":1094,"prefix0":"arg","k1":"v1","k2":"v2","k3":"v3","throwable_class":"Throwable","throwable_root_cause_class":"java.lang.Throwable"}
{"@timestamp":"2019-08-16T00:57:42.610+08:00","@version":"1","customMessage":"message arg k1=v1 k2=[v2] v3","logger_name":"n.l.l.ConfigurationTest","thread_name":"main","level":"INFO","level_value":20000,"stack_trace":"<#f0f23b39> java.lang.Throwable: null\n\tat n.l.logback.ConfigurationTest.verifyOutput(ConfigurationTest.java:216)\n\tat n.l.logback.ConfigurationTest.testLoggingEventCompositeJsonEncoderAppender(ConfigurationTest.java:102)\n\tat s.r.NativeMethodAccessorImpl.invoke0(NativeMethodAccessorImpl.java)\n\tat s.r.NativeMethodAccessorImpl.invoke(NativeMethodAccessorImpl.java:62)\n\tat s.r.DelegatingMethodAccessorImpl.invoke(DelegatingMethodAccessorImpl.java:43)\n\tat java.lang.reflect.Method.invoke(Method.java:498)\n\tat o.j.r.model.FrameworkMethod$1.runReflectiveCall(FrameworkMethod.java:50)\n\tat o.j.i.r.m.ReflectiveCallable.run(ReflectiveCallable.java:12)\n\tat o.j.r.model.FrameworkMethod.invokeExplosively(FrameworkMethod.java:47)\n\tat o.j.i.r.s.InvokeMethod.evaluate(InvokeMethod.java:17)\n\tat o.j.i.r.statements.RunBefores.evaluate(RunBefores.java:26)\n\tat org.junit.runners.ParentRunner.runLeaf(ParentRunner.java:325)\n\tat o.j.r.BlockJUnit4ClassRunner.runChild(BlockJUnit4ClassRunner.java:78)\n\tat o.j.r.BlockJUn...","markerFieldName":"markerFieldValue","caller":{"class":"net.logstash.logback.ConfigurationTest","method":"verifyOutput","file":"ConfigurationTest.java","line":211},"customName":"customValue","patternName":"patternValue","relativeTime":1094,"nested":{"customRawMessage":"message {} {} {} {}","id":"cc03827d-bf7d-11e9-834c-00c0f03d5b7c","customErrorHash":"f0f23b39"},"prefix0":"arg","k1":"v1","k2":"v2","k3":"v3","context":"testContext"}
Tests run: 3, Failures: 0, Errors: 0, Skipped: 0, Time elapsed: 0.059 sec
Running net.logstash.logback.encoder.CompositeJsonEncoderTest
Tests run: 8, Failures: 0, Errors: 0, Skipped: 0, Time elapsed: 0.86 sec
Running net.logstash.logback.encoder.LogstashEncoderTest
00:57:43,651 |-INFO in ch.qos.logback.classic.LoggerContext[default] - Found resource [logback-test.xml] at [file:/home/cgzhu/projects/gitslice/resources/facts/upgrade_jars_exp/_downloads/logstash-logback-encoder/target/test-classes/logback-test.xml]
00:57:43,736 |-INFO in ch.qos.logback.classic.joran.action.ContextNameAction - Setting logger context name as [testContext]
00:57:43,736 |-INFO in ch.qos.logback.core.joran.action.AppenderAction - About to instantiate appender of type [ch.qos.logback.core.rolling.RollingFileAppender]
00:57:43,739 |-INFO in ch.qos.logback.core.joran.action.AppenderAction - Naming appender as [stash]
00:57:43,753 |-INFO in c.q.l.core.rolling.TimeBasedRollingPolicy@1407009494 - No compression will be used
00:57:43,754 |-INFO in c.q.l.core.rolling.TimeBasedRollingPolicy@1407009494 - Will use the pattern /tmp/test.log.%d{yyyy-MM-dd}.log for the active file
00:57:43,757 |-INFO in c.q.l.core.rolling.DefaultTimeBasedFileNamingAndTriggeringPolicy - The date pattern is 'yyyy-MM-dd' from file name pattern '/tmp/test.log.%d{yyyy-MM-dd}.log'.
00:57:43,757 |-INFO in c.q.l.core.rolling.DefaultTimeBasedFileNamingAndTriggeringPolicy - Roll-over at midnight.
00:57:43,757 |-INFO in c.q.l.core.rolling.DefaultTimeBasedFileNamingAndTriggeringPolicy - Setting initial period to Fri Aug 16 00:57:41 SGT 2019
00:57:43,938 |-INFO in ch.qos.logback.core.rolling.RollingFileAppender[stash] - Active log file name: /tmp/test.log
00:57:43,938 |-INFO in ch.qos.logback.core.rolling.RollingFileAppender[stash] - File property is set to [/tmp/test.log]
00:57:43,939 |-INFO in ch.qos.logback.core.joran.action.AppenderAction - About to instantiate appender of type [ch.qos.logback.core.ConsoleAppender]
00:57:43,942 |-INFO in ch.qos.logback.core.joran.action.AppenderAction - Naming appender as [logstashEncoderAppender]
00:57:43,943 |-INFO in ch.qos.logback.core.joran.action.NestedComplexPropertyIA - Assuming default type [net.logstash.logback.fieldnames.LogstashFieldNames] for [fieldNames] property
00:57:43,950 |-INFO in ch.qos.logback.core.joran.action.NestedComplexPropertyIA - Assuming default type [net.logstash.logback.composite.loggingevent.LoggingEventJsonProviders] for [providers] property
00:57:43,968 |-INFO in ch.qos.logback.core.joran.action.AppenderAction - About to instantiate appender of type [ch.qos.logback.core.ConsoleAppender]
00:57:43,968 |-INFO in ch.qos.logback.core.joran.action.AppenderAction - Naming appender as [loggingEventCompositeJsonEncoderAppender]
00:57:43,969 |-INFO in ch.qos.logback.core.joran.action.NestedComplexPropertyIA - Assuming default type [net.logstash.logback.composite.loggingevent.LoggingEventJsonProviders] for [providers] property
00:57:43,969 |-INFO in ch.qos.logback.core.joran.action.NestedComplexPropertyIA - Assuming default type [net.logstash.logback.composite.loggingevent.LoggingEventFormattedTimestampJsonProvider] for [timestamp] property
00:57:43,969 |-INFO in ch.qos.logback.core.joran.action.NestedComplexPropertyIA - Assuming default type [net.logstash.logback.composite.LogstashVersionJsonProvider] for [version] property
00:57:43,969 |-INFO in ch.qos.logback.core.joran.action.NestedComplexPropertyIA - Assuming default type [net.logstash.logback.composite.loggingevent.MessageJsonProvider] for [message] property
00:57:43,969 |-INFO in ch.qos.logback.core.joran.action.NestedComplexPropertyIA - Assuming default type [net.logstash.logback.composite.loggingevent.LoggingEventNestedJsonProvider] for [nestedField] property
00:57:43,970 |-INFO in ch.qos.logback.core.joran.action.NestedComplexPropertyIA - Assuming default type [net.logstash.logback.composite.loggingevent.LoggingEventJsonProviders] for [providers] property
00:57:43,970 |-INFO in ch.qos.logback.core.joran.action.NestedComplexPropertyIA - Assuming default type [net.logstash.logback.composite.loggingevent.UuidProvider] for [uuid] property
00:57:43,970 |-INFO in ch.qos.logback.core.joran.action.NestedComplexPropertyIA - Assuming default type [net.logstash.logback.composite.loggingevent.RawMessageJsonProvider] for [rawMessage] property
00:57:43,970 |-INFO in ch.qos.logback.core.joran.action.NestedComplexPropertyIA - Assuming default type [net.logstash.logback.composite.loggingevent.LoggerNameJsonProvider] for [loggerName] property
00:57:43,970 |-INFO in ch.qos.logback.core.joran.action.NestedComplexPropertyIA - Assuming default type [net.logstash.logback.composite.loggingevent.ThreadNameJsonProvider] for [threadName] property
00:57:43,970 |-INFO in ch.qos.logback.core.joran.action.NestedComplexPropertyIA - Assuming default type [net.logstash.logback.composite.loggingevent.LogLevelJsonProvider] for [logLevel] property
00:57:43,971 |-INFO in ch.qos.logback.core.joran.action.NestedComplexPropertyIA - Assuming default type [net.logstash.logback.composite.loggingevent.LogLevelValueJsonProvider] for [logLevelValue] property
00:57:43,971 |-INFO in ch.qos.logback.core.joran.action.NestedComplexPropertyIA - Assuming default type [net.logstash.logback.composite.loggingevent.CallerDataJsonProvider] for [callerData] property
00:57:43,971 |-INFO in ch.qos.logback.core.joran.action.NestedComplexPropertyIA - Assuming default type [net.logstash.logback.composite.loggingevent.StackTraceJsonProvider] for [stackTrace] property
00:57:43,972 |-INFO in ch.qos.logback.core.joran.action.NestedComplexPropertyIA - Assuming default type [net.logstash.logback.composite.loggingevent.StackHashJsonProvider] for [stackHash] property
00:57:43,972 |-INFO in ch.qos.logback.core.joran.action.NestedComplexPropertyIA - Assuming default type [net.logstash.logback.composite.ContextJsonProvider] for [context] property
00:57:43,972 |-INFO in ch.qos.logback.core.joran.action.NestedComplexPropertyIA - Assuming default type [net.logstash.logback.composite.loggingevent.ContextNameJsonProvider] for [contextName] property
00:57:43,972 |-INFO in ch.qos.logback.core.joran.action.NestedComplexPropertyIA - Assuming default type [net.logstash.logback.composite.loggingevent.JsonMessageJsonProvider] for [jsonMessage] property
00:57:43,972 |-INFO in ch.qos.logback.core.joran.action.NestedComplexPropertyIA - Assuming default type [net.logstash.logback.composite.loggingevent.MdcJsonProvider] for [mdc] property
00:57:43,973 |-INFO in ch.qos.logback.core.joran.action.NestedComplexPropertyIA - Assuming default type [net.logstash.logback.composite.loggingevent.ContextMapJsonProvider] for [contextMap] property
00:57:43,973 |-INFO in ch.qos.logback.core.joran.action.NestedComplexPropertyIA - Assuming default type [net.logstash.logback.composite.GlobalCustomFieldsJsonProvider] for [globalCustomFields] property
00:57:43,973 |-INFO in ch.qos.logback.core.joran.action.NestedComplexPropertyIA - Assuming default type [net.logstash.logback.composite.loggingevent.TagsJsonProvider] for [tags] property
00:57:43,973 |-INFO in ch.qos.logback.core.joran.action.NestedComplexPropertyIA - Assuming default type [net.logstash.logback.composite.loggingevent.LogstashMarkersJsonProvider] for [logstashMarkers] property
00:57:43,973 |-INFO in ch.qos.logback.core.joran.action.NestedComplexPropertyIA - Assuming default type [net.logstash.logback.composite.loggingevent.LoggingEventPatternJsonProvider] for [pattern] property
00:57:43,974 |-INFO in ch.qos.logback.core.joran.action.NestedComplexPropertyIA - Assuming default type [net.logstash.logback.composite.loggingevent.ArgumentsJsonProvider] for [arguments] property
00:57:43,974 |-INFO in ch.qos.logback.core.joran.action.NestedComplexPropertyIA - Assuming default type [net.logstash.logback.composite.loggingevent.ThrowableClassNameJsonProvider] for [throwableClassName] property
00:57:43,974 |-INFO in ch.qos.logback.core.joran.action.NestedComplexPropertyIA - Assuming default type [net.logstash.logback.composite.loggingevent.ThrowableRootCauseClassNameJsonProvider] for [throwableRootCauseClassName] property
00:57:43,975 |-INFO in ch.qos.logback.core.joran.action.AppenderAction - About to instantiate appender of type [ch.qos.logback.core.read.ListAppender]
00:57:43,975 |-INFO in ch.qos.logback.core.joran.action.AppenderAction - Naming appender as [listAppender]
00:57:43,975 |-INFO in ch.qos.logback.core.joran.action.AppenderAction - About to instantiate appender of type [net.logstash.logback.appender.LoggingEventAsyncDisruptorAppender]
00:57:43,980 |-INFO in ch.qos.logback.core.joran.action.AppenderAction - Naming appender as [asyncAppender]
00:57:43,992 |-INFO in ch.qos.logback.classic.joran.action.LoggerAction - Setting level of logger [net.logstash.logback.encoder.LogstashEncoderTest] to DEBUG
00:57:43,992 |-INFO in ch.qos.logback.core.joran.action.AppenderRefAction - Attaching appender named [stash] to Logger[net.logstash.logback.encoder.LogstashEncoderTest]
00:57:43,992 |-INFO in ch.qos.logback.classic.joran.action.LoggerAction - Setting level of logger [net.logstash.logback.ConfigurationTest] to DEBUG
00:57:43,992 |-INFO in ch.qos.logback.core.joran.action.AppenderRefAction - Attaching appender named [loggingEventCompositeJsonEncoderAppender] to Logger[net.logstash.logback.ConfigurationTest]
00:57:43,992 |-INFO in ch.qos.logback.core.joran.action.AppenderRefAction - Attaching appender named [logstashEncoderAppender] to Logger[net.logstash.logback.ConfigurationTest]
00:57:43,992 |-INFO in ch.qos.logback.core.joran.action.AppenderRefAction - Attaching appender named [listAppender] to Logger[net.logstash.logback.ConfigurationTest]
00:57:43,992 |-INFO in ch.qos.logback.core.joran.action.AppenderRefAction - Attaching appender named [asyncAppender] to Logger[net.logstash.logback.ConfigurationTest]
00:57:43,992 |-INFO in ch.qos.logback.classic.joran.action.ConfigurationAction - End of configuration.
00:57:43,993 |-INFO in ch.qos.logback.classic.joran.JoranConfigurator@5345dfe8 - Registering current configuration as safe fallback point
LOGBACK: No context given for net.logstash.logback.encoder.LogstashEncoder@dd20ebc
LOGBACK: No context given for net.logstash.logback.encoder.LogstashEncoder@5f7cd50e
LOGBACK: No context given for net.logstash.logback.encoder.LogstashEncoder@252c6cdb
Tests run: 34, Failures: 0, Errors: 0, Skipped: 0, Time elapsed: 0.991 sec
Running net.logstash.logback.encoder.LogstashAccessEncoderTest
LOGBACK: No context given for net.logstash.logback.encoder.LogstashAccessEncoder@7aab98b6
LOGBACK: No context given for net.logstash.logback.encoder.LogstashAccessEncoder@538f45f1
Tests run: 9, Failures: 0, Errors: 0, Skipped: 0, Time elapsed: 0.611 sec
Running net.logstash.logback.stacktrace.StackHasherTest
Tests run: 3, Failures: 0, Errors: 0, Skipped: 0, Time elapsed: 0 sec
Running net.logstash.logback.stacktrace.ShortenedThrowableConverterTest
LOGBACK: No context given for ch.qos.logback.core.spi.ContextAwareBase@3d50a3d9
LOGBACK: No context given for ch.qos.logback.core.spi.ContextAwareBase@71eafb64
LOGBACK: No context given for ch.qos.logback.core.spi.ContextAwareBase@491cc0eb
Tests run: 14, Failures: 0, Errors: 0, Skipped: 0, Time elapsed: 0.039 sec
Running net.logstash.logback.pattern.LoggingEventJsonPatternParserTest
Tests run: 11, Failures: 0, Errors: 0, Skipped: 0, Time elapsed: 0.027 sec
Running net.logstash.logback.pattern.AccessEventJsonPatternParserTest
Tests run: 11, Failures: 0, Errors: 0, Skipped: 0, Time elapsed: 0.022 sec
Running net.logstash.logback.layout.CompositeJsonLayoutTest
Tests run: 4, Failures: 0, Errors: 0, Skipped: 0, Time elapsed: 0.011 sec
Running net.logstash.logback.appender.destination.DestinationParserTest
Tests run: 10, Failures: 0, Errors: 0, Skipped: 0, Time elapsed: 0.007 sec
Running net.logstash.logback.appender.destination.RandomDestinationConnectionStrategyTest
Tests run: 4, Failures: 0, Errors: 0, Skipped: 0, Time elapsed: 0.03 sec
Running net.logstash.logback.appender.destination.PreferPrimaryDestinationConnectionStrategyTest
Tests run: 4, Failures: 0, Errors: 0, Skipped: 0, Time elapsed: 0.001 sec
Running net.logstash.logback.appender.destination.RoundRobinDestinationConnectionStrategyTest
Tests run: 4, Failures: 0, Errors: 0, Skipped: 0, Time elapsed: 0.001 sec
Running net.logstash.logback.appender.LogstashTcpSocketAppenderTest
Tests run: 16, Failures: 0, Errors: 0, Skipped: 0, Time elapsed: 1.724 sec
Running net.logstash.logback.appender.LogstashSocketAppenderTest
Tests run: 2, Failures: 0, Errors: 0, Skipped: 0, Time elapsed: 0.003 sec
Running net.logstash.logback.appender.WaitStrategyFactoryTest
Tests run: 21, Failures: 0, Errors: 0, Skipped: 0, Time elapsed: 0.007 sec
Running net.logstash.logback.appender.AsyncDisruptorAppenderTest
Tests run: 5, Failures: 0, Errors: 0, Skipped: 0, Time elapsed: 0.049 sec
Running net.logstash.logback.appender.CachingAbbreviatorTest
Tests run: 1, Failures: 0, Errors: 0, Skipped: 0, Time elapsed: 0.006 sec
Running net.logstash.logback.appender.DelegatingAsyncDisruptorAppenderTest
Tests run: 1, Failures: 0, Errors: 0, Skipped: 0, Time elapsed: 0.024 sec

Results :

Tests run: 266, Failures: 0, Errors: 0, Skipped: 0

[INFO] 
[INFO] --- animal-sniffer-maven-plugin:1.16:check (ensure-java-1.7-compatible) @ logstash-logback-encoder ---
Downloading from central: https://repo.maven.apache.org/maven2/org/codehaus/mojo/animal-sniffer/1.16/animal-sniffer-1.16.pom
Progress (1): 2.2/2.4 kB
Progress (1): 2.4 kB    
                    
Downloaded from central: https://repo.maven.apache.org/maven2/org/codehaus/mojo/animal-sniffer/1.16/animal-sniffer-1.16.pom (2.4 kB at 6.6 kB/s)
Downloading from central: https://repo.maven.apache.org/maven2/org/ow2/asm/asm-all/5.2/asm-all-5.2.pom
Progress (1): 2.0 kB
                    
Downloaded from central: https://repo.maven.apache.org/maven2/org/ow2/asm/asm-all/5.2/asm-all-5.2.pom (2.0 kB at 5.4 kB/s)
Downloading from central: https://repo.maven.apache.org/maven2/org/codehaus/mojo/java-boot-classpath-detector/1.16/java-boot-classpath-detector-1.16.pom
Progress (1): 2.2/2.5 kB
Progress (1): 2.5 kB    
                    
Downloaded from central: https://repo.maven.apache.org/maven2/org/codehaus/mojo/java-boot-classpath-detector/1.16/java-boot-classpath-detector-1.16.pom (2.5 kB at 6.9 kB/s)
Downloading from central: https://repo.maven.apache.org/maven2/org/codehaus/mojo/animal-sniffer/1.16/animal-sniffer-1.16.jar
Downloading from central: https://repo.maven.apache.org/maven2/org/codehaus/mojo/java-boot-classpath-detector/1.16/java-boot-classpath-detector-1.16.jar
Downloading from central: https://repo.maven.apache.org/maven2/org/ow2/asm/asm-all/5.2/asm-all-5.2.jar
Progress (1): 2.2/35 kB
Progress (1): 5.0/35 kB
Progress (1): 7.7/35 kB
Progress (1): 10/35 kB 
Progress (2): 10/35 kB | 2.2/248 kB
Progress (2): 10/35 kB | 5.0/248 kB
Progress (2): 10/35 kB | 7.7/248 kB
Progress (2): 10/35 kB | 10/248 kB 
Progress (2): 10/35 kB | 13/248 kB
Progress (2): 10/35 kB | 16/248 kB
Progress (2): 10/35 kB | 19/248 kB
Progress (2): 10/35 kB | 21/248 kB
Progress (2): 10/35 kB | 24/248 kB
Progress (2): 10/35 kB | 27/248 kB
Progress (2): 10/35 kB | 30/248 kB
Progress (2): 10/35 kB | 32/248 kB
Progress (2): 10/35 kB | 36/248 kB
Progress (2): 10/35 kB | 40/248 kB
Progress (2): 10/35 kB | 45/248 kB
Progress (2): 10/35 kB | 49/248 kB
Progress (3): 10/35 kB | 49/248 kB | 2.2/5.0 kB
Progress (3): 10/35 kB | 49/248 kB | 5.0/5.0 kB
Progress (3): 10/35 kB | 49/248 kB | 5.0 kB    
Progress (3): 10/35 kB | 53/248 kB | 5.0 kB
Progress (3): 10/35 kB | 57/248 kB | 5.0 kB
Progress (3): 10/35 kB | 61/248 kB | 5.0 kB
Progress (3): 10/35 kB | 65/248 kB | 5.0 kB
Progress (3): 10/35 kB | 69/248 kB | 5.0 kB
Progress (3): 10/35 kB | 73/248 kB | 5.0 kB
Progress (3): 10/35 kB | 77/248 kB | 5.0 kB
Progress (3): 10/35 kB | 81/248 kB | 5.0 kB
Progress (3): 10/35 kB | 85/248 kB | 5.0 kB
Progress (3): 10/35 kB | 90/248 kB | 5.0 kB
Progress (3): 10/35 kB | 94/248 kB | 5.0 kB
Progress (3): 10/35 kB | 98/248 kB | 5.0 kB
Progress (3): 10/35 kB | 102/248 kB | 5.0 kB
Progress (3): 10/35 kB | 106/248 kB | 5.0 kB
Progress (3): 10/35 kB | 110/248 kB | 5.0 kB
Progress (3): 10/35 kB | 114/248 kB | 5.0 kB
Progress (3): 10/35 kB | 118/248 kB | 5.0 kB
Progress (3): 10/35 kB | 122/248 kB | 5.0 kB
Progress (3): 10/35 kB | 126/248 kB | 5.0 kB
Progress (3): 10/35 kB | 131/248 kB | 5.0 kB
Progress (3): 10/35 kB | 135/248 kB | 5.0 kB
Progress (3): 10/35 kB | 139/248 kB | 5.0 kB
Progress (3): 10/35 kB | 143/248 kB | 5.0 kB
Progress (3): 10/35 kB | 147/248 kB | 5.0 kB
Progress (3): 10/35 kB | 151/248 kB | 5.0 kB
Progress (3): 10/35 kB | 155/248 kB | 5.0 kB
Progress (3): 10/35 kB | 159/248 kB | 5.0 kB
Progress (3): 10/35 kB | 163/248 kB | 5.0 kB
Progress (3): 10/35 kB | 167/248 kB | 5.0 kB
Progress (3): 10/35 kB | 171/248 kB | 5.0 kB
Progress (3): 10/35 kB | 176/248 kB | 5.0 kB
Progress (3): 10/35 kB | 180/248 kB | 5.0 kB
Progress (3): 10/35 kB | 184/248 kB | 5.0 kB
Progress (3): 10/35 kB | 188/248 kB | 5.0 kB
Progress (3): 10/35 kB | 192/248 kB | 5.0 kB
Progress (3): 10/35 kB | 196/248 kB | 5.0 kB
Progress (3): 10/35 kB | 200/248 kB | 5.0 kB
Progress (3): 10/35 kB | 204/248 kB | 5.0 kB
Progress (3): 10/35 kB | 208/248 kB | 5.0 kB
Progress (3): 10/35 kB | 212/248 kB | 5.0 kB
Progress (3): 10/35 kB | 217/248 kB | 5.0 kB
Progress (3): 10/35 kB | 221/248 kB | 5.0 kB
Progress (3): 10/35 kB | 225/248 kB | 5.0 kB
Progress (3): 10/35 kB | 229/248 kB | 5.0 kB
Progress (3): 10/35 kB | 233/248 kB | 5.0 kB
Progress (3): 10/35 kB | 237/248 kB | 5.0 kB
Progress (3): 10/35 kB | 241/248 kB | 5.0 kB
Progress (3): 10/35 kB | 245/248 kB | 5.0 kB
Progress (3): 10/35 kB | 248 kB | 5.0 kB    
Progress (3): 13/35 kB | 248 kB | 5.0 kB
Progress (3): 16/35 kB | 248 kB | 5.0 kB
Progress (3): 19/35 kB | 248 kB | 5.0 kB
Progress (3): 21/35 kB | 248 kB | 5.0 kB
Progress (3): 24/35 kB | 248 kB | 5.0 kB
Progress (3): 27/35 kB | 248 kB | 5.0 kB
Progress (3): 30/35 kB | 248 kB | 5.0 kB
Progress (3): 32/35 kB | 248 kB | 5.0 kB
                                        
Downloaded from central: https://repo.maven.apache.org/maven2/org/codehaus/mojo/java-boot-classpath-detector/1.16/java-boot-classpath-detector-1.16.jar (5.0 kB at 13 kB/s)
Downloaded from central: https://repo.maven.apache.org/maven2/org/ow2/asm/asm-all/5.2/asm-all-5.2.jar (248 kB at 640 kB/s)
Progress (1): 35 kB
                   
Downloaded from central: https://repo.maven.apache.org/maven2/org/codehaus/mojo/animal-sniffer/1.16/animal-sniffer-1.16.jar (35 kB at 48 kB/s)
[INFO] Checking unresolved references to org.codehaus.mojo.signature:java17:1.0
[INFO] ------------------------------------------------------------------------
[INFO] BUILD SUCCESS
[INFO] ------------------------------------------------------------------------
[INFO] Total time: 39.774 s
[INFO] Finished at: 2019-08-16T00:57:49+08:00
[INFO] ------------------------------------------------------------------------
