[VERSION]: 6.0_BETA
[INFO] Scanning for projects...
[INFO] 
[INFO] ------------------------< ca.mcgill.sable:soot >------------------------
[INFO] Building Soot 3.1.0
[INFO] --------------------------------[ jar ]---------------------------------
[INFO] 
[INFO] --- maven-clean-plugin:2.5:clean (default-clean) @ soot ---
[INFO] Deleting /home/cgzhu/projects/gitslice/resources/facts/upgrade_jars_exp/_downloads/soot/target
[INFO] 
[INFO] --- maven-dependency-plugin:2.8:list (default-cli) @ soot ---
[INFO] 
[INFO] The following files have been resolved:
[INFO]    org.powermock:powermock-api-support:jar:sources:1.6.1:test
[INFO]    org.slf4j:slf4j-simple:jar:1.7.5:compile
[INFO]    org.powermock:powermock-mockito-release-full:pom:1.6.1:test
[INFO]    org.javassist:javassist:jar:3.18.2-GA:provided
[INFO]    org.powermock:powermock-api-mockito:jar:1.6.1:test
[INFO]    org.testng:testng:jar:6.8.13:test
[INFO]    org.jboss:jboss-common-core:jar:2.5.0.Final:compile
[INFO]    org.jboss.logging:jboss-logging-spi:jar:2.1.2.GA:compile
[INFO]    pxb.android:axml:jar:2.0.0:compile
[INFO]    org.smali:util:jar:2.2.2:compile
[INFO]    org.powermock:powermock-reflect:jar:1.6.1:test
[INFO]    org.powermock:powermock-module-junit4-legacy:jar:sources:1.6.1:test
[INFO]    commons-io:commons-io:jar:2.6:compile
[INFO]    org.powermock:powermock-module-junit4:jar:1.6.1:test
[INFO]    org.hamcrest:hamcrest-core:jar:1.3:test
[INFO]    org.powermock:powermock-module-testng:jar:1.6.1:test
[INFO]    org.slf4j:slf4j-api:jar:1.7.5:compile
[INFO]    org.powermock:powermock-core:jar:1.6.1:test
[INFO]    org.powermock:powermock-module-junit3:jar:sources:1.6.1:test
[INFO]    org.powermock:powermock-classloading-base:jar:sources:1.6.1:test
[INFO]    xmlpull:xmlpull:jar:1.1.3.4d_b4_min:compile
[INFO]    org.powermock:powermock-api-mockito:jar:sources:1.6.1:test
[INFO]    ca.mcgill.sable:java_cup:jar:0.9.2:compile
[INFO]    org.hamcrest:hamcrest-all:jar:1.3:test
[INFO]    org.powermock:powermock-api-support:jar:1.6.1:test
[INFO]    com.google.code.findbugs:jsr305:jar:1.3.9:compile
[INFO]    org.powermock:powermock-module-junit4-common:jar:sources:1.6.1:test
[INFO]    ca.mcgill.sable:jasmin:jar:3.0.1:compile
[INFO]    org.beanshell:bsh:jar:2.0b4:test
[INFO]    junit:junit:jar:4.11:test
[INFO]    org.powermock:powermock-module-testng-common:jar:1.6.1:test
[INFO]    org.powermock:powermock-module-junit4:jar:sources:1.6.1:test
[INFO]    heros:heros:jar:1.0.1:compile
[INFO]    org.smali:dexlib2:jar:2.2.2:compile
[INFO]    org.ow2.asm:asm-debug-all:jar:6.0_BETA:compile
[INFO]    org.powermock:powermock-reflect:jar:sources:1.6.1:test
[INFO]    org.objenesis:objenesis:jar:2.1:test
[INFO]    com.beust:jcommander:jar:1.64:compile
[INFO]    org.powermock:powermock-classloading-base:jar:1.6.1:test
[INFO]    org.powermock:powermock-module-junit4-legacy:jar:1.6.1:test
[INFO]    org.powermock:powermock-module-testng:jar:sources:1.6.1:test
[INFO]    org.powermock:powermock-module-junit3:jar:1.6.1:test
[INFO]    org.mockito:mockito-all:jar:1.10.8:test
[INFO]    org.apache.ant:ant-launcher:jar:1.10.1:provided
[INFO]    com.google.guava:guava:jar:18.0:compile
[INFO]    ca.mcgill.sable:polyglot:jar:2006:compile
[INFO]    org.powermock:powermock-core:jar:sources:1.6.1:test
[INFO]    org.apache.ant:ant:jar:1.10.1:provided
[INFO]    org.functionaljava:functionaljava:jar:4.2:compile
[INFO]    org.powermock:powermock-module-junit4-common:jar:1.6.1:test
[INFO] 
[INFO] 
[INFO] --- maven-resources-plugin:3.0.2:copy-resources (copy-resources) @ soot ---
[INFO] Using 'UTF-8' encoding to copy filtered resources.
[INFO] Copying 1 resource
[INFO] 
[INFO] --- build-helper-maven-plugin:3.0.0:add-source (default) @ soot ---
[INFO] Source directory: /home/cgzhu/projects/gitslice/resources/facts/upgrade_jars_exp/_downloads/soot/src/main/generated/singletons added.
[INFO] Source directory: /home/cgzhu/projects/gitslice/resources/facts/upgrade_jars_exp/_downloads/soot/src/main/generated/sablecc added.
[INFO] Source directory: /home/cgzhu/projects/gitslice/resources/facts/upgrade_jars_exp/_downloads/soot/src/main/generated/options added.
[INFO] Source directory: /home/cgzhu/projects/gitslice/resources/facts/upgrade_jars_exp/_downloads/soot/src/main/generated/jastadd added.
[INFO] 
[INFO] --- xml-maven-plugin:1.0.1:transform (default) @ soot ---
[INFO] Transforming file: /home/cgzhu/projects/gitslice/resources/facts/upgrade_jars_exp/_downloads/soot/src/main/xml/singletons/singletons.xml
[INFO] Transformed 1 file(s).
[INFO] Transforming file: /home/cgzhu/projects/gitslice/resources/facts/upgrade_jars_exp/_downloads/soot/src/main/xml/options/soot_options.xml
[INFO] Transformed 1 file(s).
[INFO] Transforming file: /home/cgzhu/projects/gitslice/resources/facts/upgrade_jars_exp/_downloads/soot/src/main/xml/options/soot_options.xml
[INFO] Transformed 1 file(s).
[INFO] Transforming file: /home/cgzhu/projects/gitslice/resources/facts/upgrade_jars_exp/_downloads/soot/src/main/xml/options/soot_options.xml
[INFO] Transformed 1 file(s).
[INFO] Transforming file: /home/cgzhu/projects/gitslice/resources/facts/upgrade_jars_exp/_downloads/soot/src/main/xml/options/soot_options.xml
[INFO] Transformed 1 file(s).
[INFO] 
[INFO] --- maven-resources-plugin:3.0.2:resources (default-resources) @ soot ---
[INFO] Using 'UTF-8' encoding to copy filtered resources.
[INFO] Copying 3 resources
[INFO] 
[INFO] --- maven-compiler-plugin:3.7.0:compile (default-compile) @ soot ---
[INFO] Changes detected - recompiling the module!
[INFO] Compiling 2781 source files to /home/cgzhu/projects/gitslice/resources/facts/upgrade_jars_exp/_downloads/soot/target/classes
[INFO] /home/cgzhu/projects/gitslice/resources/facts/upgrade_jars_exp/_downloads/soot/src/main/generated/jastadd/soot/JastAddJ/Annotation.java: Some input files use or override a deprecated API.
[INFO] /home/cgzhu/projects/gitslice/resources/facts/upgrade_jars_exp/_downloads/soot/src/main/generated/jastadd/soot/JastAddJ/Annotation.java: Recompile with -Xlint:deprecation for details.
[INFO] /home/cgzhu/projects/gitslice/resources/facts/upgrade_jars_exp/_downloads/soot/src/main/generated/jastadd/soot/JastAddJ/ASTNode.java: Some input files use unchecked or unsafe operations.
[INFO] /home/cgzhu/projects/gitslice/resources/facts/upgrade_jars_exp/_downloads/soot/src/main/generated/jastadd/soot/JastAddJ/ASTNode.java: Recompile with -Xlint:unchecked for details.
[INFO] 
[INFO] --- maven-resources-plugin:3.0.2:testResources (default-testResources) @ soot ---
[INFO] Using 'UTF-8' encoding to copy filtered resources.
[INFO] skip non existing resourceDirectory /home/cgzhu/projects/gitslice/resources/facts/upgrade_jars_exp/_downloads/soot/src/test/resources
[INFO] 
[INFO] --- maven-compiler-plugin:3.7.0:testCompile (default-testCompile) @ soot ---
[INFO] Changes detected - recompiling the module!
[INFO] Compiling 90 source files to /home/cgzhu/projects/gitslice/resources/facts/upgrade_jars_exp/_downloads/soot/target/test-classes
[WARNING] /home/cgzhu/projects/gitslice/resources/facts/upgrade_jars_exp/_downloads/soot/src/test/java/soot/asm/backend/ConstantPoolTest.java:[21,50] com.sun.org.apache.bcel.internal.classfile.ClassFormatException is internal proprietary API and may be removed in a future release
[WARNING] /home/cgzhu/projects/gitslice/resources/facts/upgrade_jars_exp/_downloads/soot/src/test/java/soot/asm/backend/ConstantPoolTest.java:[226,26] com.sun.org.apache.bcel.internal.classfile.ClassFormatException is internal proprietary API and may be removed in a future release
[INFO] /home/cgzhu/projects/gitslice/resources/facts/upgrade_jars_exp/_downloads/soot/src/test/java/soot/toolkits/purity/BinarySearchTree.java: Some input files use unchecked or unsafe operations.
[INFO] /home/cgzhu/projects/gitslice/resources/facts/upgrade_jars_exp/_downloads/soot/src/test/java/soot/toolkits/purity/BinarySearchTree.java: Recompile with -Xlint:unchecked for details.
[INFO] 
[INFO] --- maven-surefire-plugin:2.20.1:test (default-test) @ soot ---
[INFO] 
[INFO] -------------------------------------------------------
[INFO]  T E S T S
[INFO] -------------------------------------------------------
[INFO] Running soot.toolkits.scalar.ArrayPackedSetTest
[INFO] Tests run: 15, Failures: 0, Errors: 0, Skipped: 0, Time elapsed: 0.221 s - in soot.toolkits.scalar.ArrayPackedSetTest
[INFO] Running soot.toolkits.scalar.CombinedDUAnalysisTest
[INFO] Tests run: 1, Failures: 0, Errors: 0, Skipped: 0, Time elapsed: 0.225 s - in soot.toolkits.scalar.CombinedDUAnalysisTest
[INFO] Running soot.toolkits.scalar.ArraySparseSetTest
[INFO] Tests run: 2, Failures: 0, Errors: 0, Skipped: 0, Time elapsed: 0.222 s - in soot.toolkits.scalar.ArraySparseSetTest
[INFO] Running soot.toolkits.purity.PurityTest
[INFO] Tests run: 0, Failures: 0, Errors: 0, Skipped: 0, Time elapsed: 0.195 s - in soot.toolkits.purity.PurityTest
[INFO] Running soot.toolkits.exceptions.UnitThrowAnalysisTest
[WARNING] Tests run: 45, Failures: 0, Errors: 0, Skipped: 7, Time elapsed: 0.691 s - in soot.toolkits.exceptions.UnitThrowAnalysisTest
[INFO] Running soot.toolkits.exceptions.MethodThrowableSetTest
[Thread-12] ERROR heros.solver.CountingThreadPoolExecutor - Worker thread execution failed: Failed to apply jb to <soot.asm.backend.ConstantPoolTest: void loadClass()>
java.lang.RuntimeException: Failed to apply jb to <soot.asm.backend.ConstantPoolTest: void loadClass()>
	at soot.asm.AsmMethodSource.getBody(AsmMethodSource.java:1914)
	at soot.SootMethod.getBodyFromMethodSource(SootMethod.java:126)
	at soot.SootMethod.retrieveActiveBody(SootMethod.java:385)
	at soot.PackManager$3.run(PackManager.java:1244)
	at java.util.concurrent.ThreadPoolExecutor.runWorker(ThreadPoolExecutor.java:1149)
	at java.util.concurrent.ThreadPoolExecutor$Worker.run(ThreadPoolExecutor.java:624)
	at java.lang.Thread.run(Thread.java:748)
Caused by: java.lang.RuntimeException: This operation requires resolving level SIGNATURES but java.security.SecureClassLoader is at resolving level HIERARCHY
If you are extending Soot, try to add the following call before calling soot.Main.main(..):
Scene.v().addBasicClass(java.security.SecureClassLoader,SIGNATURES);
Otherwise, try whole-program mode (-w).
	at soot.SootClass.checkLevelIgnoreResolving(SootClass.java:186)
	at soot.SootClass.checkLevel(SootClass.java:166)
	at soot.SootClass.getMethodUnsafe(SootClass.java:377)
	at soot.SootMethodRefImpl.tryResolve(SootMethodRefImpl.java:174)
	at soot.SootMethodRefImpl.tryResolve(SootMethodRefImpl.java:153)
	at soot.toolkits.exceptions.UnitThrowAnalysis.mightThrow(UnitThrowAnalysis.java:301)
	at soot.toolkits.exceptions.UnitThrowAnalysis$ValueSwitch.caseInstanceInvokeExpr(UnitThrowAnalysis.java:1131)
	at soot.toolkits.exceptions.UnitThrowAnalysis$ValueSwitch.caseVirtualInvokeExpr(UnitThrowAnalysis.java:976)
	at soot.jimple.internal.AbstractVirtualInvokeExpr.apply(AbstractVirtualInvokeExpr.java:79)
	at soot.toolkits.exceptions.UnitThrowAnalysis.mightThrow(UnitThrowAnalysis.java:293)
	at soot.toolkits.exceptions.UnitThrowAnalysis$UnitSwitch.caseAssignStmt(UnitThrowAnalysis.java:759)
	at soot.jimple.internal.JAssignStmt.apply(JAssignStmt.java:238)
	at soot.toolkits.exceptions.UnitThrowAnalysis.mightThrow(UnitThrowAnalysis.java:277)
	at soot.toolkits.graph.ExceptionalUnitGraph.buildExceptionDests(ExceptionalUnitGraph.java:347)
	at soot.toolkits.graph.ExceptionalUnitGraph.initialize(ExceptionalUnitGraph.java:272)
	at soot.toolkits.graph.ExceptionalUnitGraph.<init>(ExceptionalUnitGraph.java:159)
	at soot.jimple.toolkits.scalar.UnreachableCodeEliminator.internalTransform(UnreachableCodeEliminator.java:82)
	at soot.BodyTransformer.transform(BodyTransformer.java:54)
	at soot.Transform.apply(Transform.java:108)
	at soot.JimpleBodyPack.applyPhaseOptions(JimpleBodyPack.java:62)
	at soot.JimpleBodyPack.internalApply(JimpleBodyPack.java:105)
	at soot.Pack.apply(Pack.java:125)
	at soot.asm.AsmMethodSource.getBody(AsmMethodSource.java:1912)
	... 6 more
Exception in thread "Thread-12" java.lang.RuntimeException: Failed to apply jb to <soot.asm.backend.ConstantPoolTest: void loadClass()>
	at soot.asm.AsmMethodSource.getBody(AsmMethodSource.java:1914)
	at soot.SootMethod.getBodyFromMethodSource(SootMethod.java:126)
	at soot.SootMethod.retrieveActiveBody(SootMethod.java:385)
	at soot.PackManager$3.run(PackManager.java:1244)
	at java.util.concurrent.ThreadPoolExecutor.runWorker(ThreadPoolExecutor.java:1149)
	at java.util.concurrent.ThreadPoolExecutor$Worker.run(ThreadPoolExecutor.java:624)
	at java.lang.Thread.run(Thread.java:748)
Caused by: java.lang.RuntimeException: This operation requires resolving level SIGNATURES but java.security.SecureClassLoader is at resolving level HIERARCHY
If you are extending Soot, try to add the following call before calling soot.Main.main(..):
Scene.v().addBasicClass(java.security.SecureClassLoader,SIGNATURES);
Otherwise, try whole-program mode (-w).
	at soot.SootClass.checkLevelIgnoreResolving(SootClass.java:186)
	at soot.SootClass.checkLevel(SootClass.java:166)
	at soot.SootClass.getMethodUnsafe(SootClass.java:377)
	at soot.SootMethodRefImpl.tryResolve(SootMethodRefImpl.java:174)
	at soot.SootMethodRefImpl.tryResolve(SootMethodRefImpl.java:153)
	at soot.toolkits.exceptions.UnitThrowAnalysis.mightThrow(UnitThrowAnalysis.java:301)
	at soot.toolkits.exceptions.UnitThrowAnalysis$ValueSwitch.caseInstanceInvokeExpr(UnitThrowAnalysis.java:1131)
	at soot.toolkits.exceptions.UnitThrowAnalysis$ValueSwitch.caseVirtualInvokeExpr(UnitThrowAnalysis.java:976)
	at soot.jimple.internal.AbstractVirtualInvokeExpr.apply(AbstractVirtualInvokeExpr.java:79)
	at soot.toolkits.exceptions.UnitThrowAnalysis.mightThrow(UnitThrowAnalysis.java:293)
	at soot.toolkits.exceptions.UnitThrowAnalysis$UnitSwitch.caseAssignStmt(UnitThrowAnalysis.java:759)
	at soot.jimple.internal.JAssignStmt.apply(JAssignStmt.java:238)
	at soot.toolkits.exceptions.UnitThrowAnalysis.mightThrow(UnitThrowAnalysis.java:277)
	at soot.toolkits.graph.ExceptionalUnitGraph.buildExceptionDests(ExceptionalUnitGraph.java:347)
	at soot.toolkits.graph.ExceptionalUnitGraph.initialize(ExceptionalUnitGraph.java:272)
	at soot.toolkits.graph.ExceptionalUnitGraph.<init>(ExceptionalUnitGraph.java:159)
	at soot.jimple.toolkits.scalar.UnreachableCodeEliminator.internalTransform(UnreachableCodeEliminator.java:82)
	at soot.BodyTransformer.transform(BodyTransformer.java:54)
	at soot.Transform.apply(Transform.java:108)
	at soot.JimpleBodyPack.applyPhaseOptions(JimpleBodyPack.java:62)
	at soot.JimpleBodyPack.internalApply(JimpleBodyPack.java:105)
	at soot.Pack.apply(Pack.java:125)
	at soot.asm.AsmMethodSource.getBody(AsmMethodSource.java:1912)
	... 6 more
[INFO] Tests run: 0, Failures: 0, Errors: 0, Skipped: 0, Time elapsed: 0.985 s - in soot.toolkits.exceptions.MethodThrowableSetTest
[INFO] Running soot.toolkits.exceptions.ThrowableSetTest
[INFO] Tests run: 15, Failures: 0, Errors: 0, Skipped: 0, Time elapsed: 0.517 s - in soot.toolkits.exceptions.ThrowableSetTest
[INFO] Running soot.toolkits.graph.SCCFastTest
[INFO] Tests run: 2, Failures: 0, Errors: 0, Skipped: 0, Time elapsed: 0.206 s - in soot.toolkits.graph.SCCFastTest
[INFO] Running soot.toolkits.graph.TestDominance
[INFO] Tests run: 3, Failures: 0, Errors: 0, Skipped: 0, Time elapsed: 0.241 s - in soot.toolkits.graph.TestDominance
[INFO] Running soot.baf.ASMBackendMockingTest
[INFO] Tests run: 23, Failures: 0, Errors: 0, Skipped: 0, Time elapsed: 1.039 s - in soot.baf.ASMBackendMockingTest
[INFO] Running soot.util.MediumPriorityQueueTest
[INFO] Tests run: 19, Failures: 0, Errors: 0, Skipped: 0, Time elapsed: 0.317 s - in soot.util.MediumPriorityQueueTest
[INFO] Running soot.util.BitVector_intersects_Test
[INFO] Tests run: 9, Failures: 0, Errors: 0, Skipped: 0, Time elapsed: 0.22 s - in soot.util.BitVector_intersects_Test
[INFO] Running soot.util.SmallPriorityQueueTest
[INFO] Tests run: 17, Failures: 0, Errors: 0, Skipped: 0, Time elapsed: 0.257 s - in soot.util.SmallPriorityQueueTest
[INFO] Running soot.util.backend.SootASMClassWriterTest
[INFO] Tests run: 4, Failures: 0, Errors: 0, Skipped: 0, Time elapsed: 1.557 s - in soot.util.backend.SootASMClassWriterTest
[INFO] Running soot.util.queue.ChunkedQueueTest
[INFO] Tests run: 9, Failures: 0, Errors: 0, Skipped: 0, Time elapsed: 0.221 s - in soot.util.queue.ChunkedQueueTest
[INFO] Running soot.jimple.MethodHandleTest
Command Line: [-asm-backend, -pp, -cp, /tmp/1566294431516-0, -O, HelloMethodHandles]
Invalid option -asm-backend
[WARNING] Tests run: 2, Failures: 0, Errors: 0, Skipped: 1, Time elapsed: 0.27 s - in soot.jimple.MethodHandleTest
[INFO] Running soot.jimple.toolkit.callgraph.TypeBasedReflectionModelTest
[INFO] Tests run: 3, Failures: 0, Errors: 0, Skipped: 0, Time elapsed: 1.516 s - in soot.jimple.toolkit.callgraph.TypeBasedReflectionModelTest
[INFO] Running soot.asm.backend.OuterClassTest
Class path: /home/cgzhu/projects/gitslice/resources/facts/upgrade_jars_exp/_downloads/soot/./target/test-classes:/home/cgzhu/opt/jdk1.8.0_151/jre/lib/rt.jar
Soot started on Tue Aug 20 17:47:14 SGT 2019
Soot finished on Tue Aug 20 17:47:14 SGT 2019
Soot has run for 0 min. 0 sec.
Comparing files /home/cgzhu/projects/gitslice/resources/facts/upgrade_jars_exp/_downloads/soot/sootOutput/soot.asm.backend.targets.InnerClass.asm.compare and /home/cgzhu/projects/gitslice/resources/facts/upgrade_jars_exp/_downloads/soot/sootOutput/soot.asm.backend.targets.InnerClass.asm...
File comparison successful.
[INFO] Tests run: 1, Failures: 0, Errors: 0, Skipped: 0, Time elapsed: 0.585 s - in soot.asm.backend.OuterClassTest
[INFO] Running soot.asm.backend.InterfaceTest
Class path: /home/cgzhu/projects/gitslice/resources/facts/upgrade_jars_exp/_downloads/soot/./target/test-classes:/home/cgzhu/opt/jdk1.8.0_151/jre/lib/rt.jar
Soot started on Tue Aug 20 17:47:15 SGT 2019
Soot finished on Tue Aug 20 17:47:15 SGT 2019
Soot has run for 0 min. 0 sec.
Comparing files /home/cgzhu/projects/gitslice/resources/facts/upgrade_jars_exp/_downloads/soot/sootOutput/soot.asm.backend.targets.Comparable.asm.compare and /home/cgzhu/projects/gitslice/resources/facts/upgrade_jars_exp/_downloads/soot/sootOutput/soot.asm.backend.targets.Comparable.asm...
File comparison successful.
[INFO] Tests run: 1, Failures: 0, Errors: 0, Skipped: 0, Time elapsed: 0.548 s - in soot.asm.backend.InterfaceTest
[INFO] Running soot.asm.backend.ExceptionTest
Class path: /home/cgzhu/projects/gitslice/resources/facts/upgrade_jars_exp/_downloads/soot/./target/test-classes:/home/cgzhu/opt/jdk1.8.0_151/jre/lib/rt.jar
Soot started on Tue Aug 20 17:47:16 SGT 2019
Soot finished on Tue Aug 20 17:47:16 SGT 2019
Soot has run for 0 min. 0 sec.
Comparing files /home/cgzhu/projects/gitslice/resources/facts/upgrade_jars_exp/_downloads/soot/sootOutput/soot.asm.backend.targets.ExceptionMethods.asm.compare and /home/cgzhu/projects/gitslice/resources/facts/upgrade_jars_exp/_downloads/soot/sootOutput/soot.asm.backend.targets.ExceptionMethods.asm...
File comparison successful.
[INFO] Tests run: 1, Failures: 0, Errors: 0, Skipped: 0, Time elapsed: 0.534 s - in soot.asm.backend.ExceptionTest
[INFO] Running soot.asm.backend.StoresTest
Class path: /home/cgzhu/projects/gitslice/resources/facts/upgrade_jars_exp/_downloads/soot/./target/test-classes:/home/cgzhu/opt/jdk1.8.0_151/jre/lib/rt.jar
Soot started on Tue Aug 20 17:47:17 SGT 2019
Soot finished on Tue Aug 20 17:47:17 SGT 2019
Soot has run for 0 min. 0 sec.
Comparing files /home/cgzhu/projects/gitslice/resources/facts/upgrade_jars_exp/_downloads/soot/sootOutput/soot.asm.backend.targets.Stores.asm.compare and /home/cgzhu/projects/gitslice/resources/facts/upgrade_jars_exp/_downloads/soot/sootOutput/soot.asm.backend.targets.Stores.asm...
File comparison successful.
[INFO] Tests run: 1, Failures: 0, Errors: 0, Skipped: 0, Time elapsed: 0.761 s - in soot.asm.backend.StoresTest
[INFO] Running soot.asm.backend.NullTypesTest
Class path: /home/cgzhu/projects/gitslice/resources/facts/upgrade_jars_exp/_downloads/soot/./target/test-classes:/home/cgzhu/opt/jdk1.8.0_151/jre/lib/rt.jar
Soot started on Tue Aug 20 17:47:18 SGT 2019
Soot finished on Tue Aug 20 17:47:19 SGT 2019
Soot has run for 0 min. 0 sec.
Comparing files /home/cgzhu/projects/gitslice/resources/facts/upgrade_jars_exp/_downloads/soot/sootOutput/soot.asm.backend.targets.nullTypes.asm.compare and /home/cgzhu/projects/gitslice/resources/facts/upgrade_jars_exp/_downloads/soot/sootOutput/soot.asm.backend.targets.nullTypes.asm...
File comparison successful.
[INFO] Tests run: 1, Failures: 0, Errors: 0, Skipped: 0, Time elapsed: 0.678 s - in soot.asm.backend.NullTypesTest
[INFO] Running soot.asm.backend.AbstractASMBackendTest
[INFO] Tests run: 0, Failures: 0, Errors: 0, Skipped: 0, Time elapsed: 0.188 s - in soot.asm.backend.AbstractASMBackendTest
[INFO] Running soot.asm.backend.ModifiersTest
Class path: /home/cgzhu/projects/gitslice/resources/facts/upgrade_jars_exp/_downloads/soot/./target/test-classes:/home/cgzhu/opt/jdk1.8.0_151/jre/lib/rt.jar
Soot started on Tue Aug 20 17:47:20 SGT 2019
Soot finished on Tue Aug 20 17:47:20 SGT 2019
Soot has run for 0 min. 0 sec.
Comparing files /home/cgzhu/projects/gitslice/resources/facts/upgrade_jars_exp/_downloads/soot/sootOutput/soot.asm.backend.targets.Modifiers.asm.compare and /home/cgzhu/projects/gitslice/resources/facts/upgrade_jars_exp/_downloads/soot/sootOutput/soot.asm.backend.targets.Modifiers.asm...
File comparison successful.
[INFO] Tests run: 1, Failures: 0, Errors: 0, Skipped: 0, Time elapsed: 0.621 s - in soot.asm.backend.ModifiersTest
[INFO] Running soot.asm.backend.ArithmeticTest
Class path: /home/cgzhu/projects/gitslice/resources/facts/upgrade_jars_exp/_downloads/soot/./target/test-classes:/home/cgzhu/opt/jdk1.8.0_151/jre/lib/rt.jar
Soot started on Tue Aug 20 17:47:21 SGT 2019
Soot finished on Tue Aug 20 17:47:21 SGT 2019
Soot has run for 0 min. 0 sec.
Comparing files /home/cgzhu/projects/gitslice/resources/facts/upgrade_jars_exp/_downloads/soot/sootOutput/soot.asm.backend.targets.ArithmeticLib.asm.compare and /home/cgzhu/projects/gitslice/resources/facts/upgrade_jars_exp/_downloads/soot/sootOutput/soot.asm.backend.targets.ArithmeticLib.asm...
File comparison successful.
[INFO] Tests run: 1, Failures: 0, Errors: 0, Skipped: 0, Time elapsed: 0.678 s - in soot.asm.backend.ArithmeticTest
[INFO] Running soot.asm.backend.AnnotatedClassTest
Class path: /home/cgzhu/projects/gitslice/resources/facts/upgrade_jars_exp/_downloads/soot/./target/test-classes:/home/cgzhu/opt/jdk1.8.0_151/jre/lib/rt.jar
Soot started on Tue Aug 20 17:47:22 SGT 2019
Soot finished on Tue Aug 20 17:47:23 SGT 2019
Soot has run for 0 min. 0 sec.
Comparing files /home/cgzhu/projects/gitslice/resources/facts/upgrade_jars_exp/_downloads/soot/sootOutput/soot.asm.backend.targets.AnnotatedClass.asm.compare and /home/cgzhu/projects/gitslice/resources/facts/upgrade_jars_exp/_downloads/soot/sootOutput/soot.asm.backend.targets.AnnotatedClass.asm...
File comparison successful.
[INFO] Tests run: 1, Failures: 0, Errors: 0, Skipped: 0, Time elapsed: 0.638 s - in soot.asm.backend.AnnotatedClassTest
[INFO] Running soot.asm.backend.CompareArithmeticInstructionsTest
Class path: /home/cgzhu/projects/gitslice/resources/facts/upgrade_jars_exp/_downloads/soot/./target/test-classes:/home/cgzhu/opt/jdk1.8.0_151/jre/lib/rt.jar
Soot started on Tue Aug 20 17:47:23 SGT 2019
Soot finished on Tue Aug 20 17:47:24 SGT 2019
Soot has run for 0 min. 0 sec.
Comparing files /home/cgzhu/projects/gitslice/resources/facts/upgrade_jars_exp/_downloads/soot/sootOutput/soot.asm.backend.targets.CompareArithmeticInstuctions.asm.compare and /home/cgzhu/projects/gitslice/resources/facts/upgrade_jars_exp/_downloads/soot/sootOutput/soot.asm.backend.targets.CompareArithmeticInstuctions.asm...
File comparison successful.
[INFO] Tests run: 1, Failures: 0, Errors: 0, Skipped: 0, Time elapsed: 0.686 s - in soot.asm.backend.CompareArithmeticInstructionsTest
[INFO] Running soot.asm.backend.ExtendedArithmeticLibTest
Class path: /home/cgzhu/projects/gitslice/resources/facts/upgrade_jars_exp/_downloads/soot/./target/test-classes:/home/cgzhu/opt/jdk1.8.0_151/jre/lib/rt.jar
Soot started on Tue Aug 20 17:47:24 SGT 2019
Soot finished on Tue Aug 20 17:47:25 SGT 2019
Soot has run for 0 min. 0 sec.
Comparing files /home/cgzhu/projects/gitslice/resources/facts/upgrade_jars_exp/_downloads/soot/sootOutput/soot.asm.backend.targets.ExtendedArithmeticLib.asm.compare and /home/cgzhu/projects/gitslice/resources/facts/upgrade_jars_exp/_downloads/soot/sootOutput/soot.asm.backend.targets.ExtendedArithmeticLib.asm...
File comparison successful.
[INFO] Tests run: 1, Failures: 0, Errors: 0, Skipped: 0, Time elapsed: 0.686 s - in soot.asm.backend.ExtendedArithmeticLibTest
[INFO] Running soot.asm.backend.MinimalJavaVersionTest
Soot started on Tue Aug 20 17:47:26 SGT 2019
[Thread-3] ERROR heros.solver.CountingThreadPoolExecutor - Worker thread execution failed: Enforced Java version 1.3 too low to support required features (1.5 required)
java.lang.IllegalArgumentException: Enforced Java version 1.3 too low to support required features (1.5 required)
	at soot.AbstractASMBackend.<init>(AbstractASMBackend.java:91)
	at soot.baf.BafASMBackend.<init>(BafASMBackend.java:100)
	at soot.PackManager.writeClass(PackManager.java:1166)
	at soot.PackManager$2.run(PackManager.java:693)
	at java.util.concurrent.ThreadPoolExecutor.runWorker(ThreadPoolExecutor.java:1149)
	at java.util.concurrent.ThreadPoolExecutor$Worker.run(ThreadPoolExecutor.java:624)
	at java.lang.Thread.run(Thread.java:748)
Exception in thread "Thread-3" java.lang.IllegalArgumentException: Enforced Java version 1.3 too low to support required features (1.5 required)
	at soot.AbstractASMBackend.<init>(AbstractASMBackend.java:91)
	at soot.baf.BafASMBackend.<init>(BafASMBackend.java:100)
	at soot.PackManager.writeClass(PackManager.java:1166)
	at soot.PackManager$2.run(PackManager.java:693)
	at java.util.concurrent.ThreadPoolExecutor.runWorker(ThreadPoolExecutor.java:1149)
	at java.util.concurrent.ThreadPoolExecutor$Worker.run(ThreadPoolExecutor.java:624)
	at java.lang.Thread.run(Thread.java:748)
Soot started on Tue Aug 20 17:47:26 SGT 2019
Soot finished on Tue Aug 20 17:47:26 SGT 2019
Soot has run for 0 min. 0 sec.
[INFO] Tests run: 2, Failures: 0, Errors: 0, Skipped: 0, Time elapsed: 0.751 s - in soot.asm.backend.MinimalJavaVersionTest
[INFO] Running soot.asm.backend.LogicalOperationsTest
Class path: /home/cgzhu/projects/gitslice/resources/facts/upgrade_jars_exp/_downloads/soot/./target/test-classes:/home/cgzhu/opt/jdk1.8.0_151/jre/lib/rt.jar
Soot started on Tue Aug 20 17:47:27 SGT 2019
Soot finished on Tue Aug 20 17:47:27 SGT 2019
Soot has run for 0 min. 0 sec.
Comparing files /home/cgzhu/projects/gitslice/resources/facts/upgrade_jars_exp/_downloads/soot/sootOutput/soot.asm.backend.targets.LogicalOperations.asm.compare and /home/cgzhu/projects/gitslice/resources/facts/upgrade_jars_exp/_downloads/soot/sootOutput/soot.asm.backend.targets.LogicalOperations.asm...
File comparison successful.
[INFO] Tests run: 1, Failures: 0, Errors: 0, Skipped: 0, Time elapsed: 0.673 s - in soot.asm.backend.LogicalOperationsTest
[INFO] Running soot.asm.backend.ControlStructuresTest
Class path: /home/cgzhu/projects/gitslice/resources/facts/upgrade_jars_exp/_downloads/soot/./target/test-classes:/home/cgzhu/opt/jdk1.8.0_151/jre/lib/rt.jar
Soot started on Tue Aug 20 17:47:28 SGT 2019
Soot finished on Tue Aug 20 17:47:28 SGT 2019
Soot has run for 0 min. 0 sec.
Comparing files /home/cgzhu/projects/gitslice/resources/facts/upgrade_jars_exp/_downloads/soot/sootOutput/soot.asm.backend.targets.ControlStructures.asm.compare and /home/cgzhu/projects/gitslice/resources/facts/upgrade_jars_exp/_downloads/soot/sootOutput/soot.asm.backend.targets.ControlStructures.asm...
File comparison successful.
[INFO] Tests run: 1, Failures: 0, Errors: 0, Skipped: 0, Time elapsed: 0.665 s - in soot.asm.backend.ControlStructuresTest
[INFO] Running soot.asm.backend.ConstantPoolTest
Invalid option -asm-backend
Class path: /home/cgzhu/projects/gitslice/resources/facts/upgrade_jars_exp/_downloads/soot/./target/test-classes:/home/cgzhu/opt/jdk1.8.0_151/jre/lib/rt.jar
Soot started on Tue Aug 20 17:47:29 SGT 2019
Soot finished on Tue Aug 20 17:47:29 SGT 2019
Soot has run for 0 min. 0 sec.
Comparing files /home/cgzhu/projects/gitslice/resources/facts/upgrade_jars_exp/_downloads/soot/sootOutput/soot.asm.backend.targets.ConstantPool.asm.compare and /home/cgzhu/projects/gitslice/resources/facts/upgrade_jars_exp/_downloads/soot/sootOutput/soot.asm.backend.targets.ConstantPool.asm...
File comparison successful.
[INFO] Tests run: 2, Failures: 0, Errors: 0, Skipped: 0, Time elapsed: 0.703 s - in soot.asm.backend.ConstantPoolTest
[INFO] Running soot.asm.backend.CompareArithmeticInstructions2Test
Class path: /home/cgzhu/projects/gitslice/resources/facts/upgrade_jars_exp/_downloads/soot/./target/test-classes:/home/cgzhu/opt/jdk1.8.0_151/jre/lib/rt.jar
Soot started on Tue Aug 20 17:47:30 SGT 2019
Soot finished on Tue Aug 20 17:47:31 SGT 2019
Soot has run for 0 min. 0 sec.
Comparing files /home/cgzhu/projects/gitslice/resources/facts/upgrade_jars_exp/_downloads/soot/sootOutput/soot.asm.backend.targets.CompareArithmeticInstructions2.asm.compare and /home/cgzhu/projects/gitslice/resources/facts/upgrade_jars_exp/_downloads/soot/sootOutput/soot.asm.backend.targets.CompareArithmeticInstructions2.asm...
File comparison successful.
[INFO] Tests run: 1, Failures: 0, Errors: 0, Skipped: 0, Time elapsed: 0.695 s - in soot.asm.backend.CompareArithmeticInstructions2Test
[INFO] Running soot.asm.backend.ArraysTest
Class path: /home/cgzhu/projects/gitslice/resources/facts/upgrade_jars_exp/_downloads/soot/./target/test-classes:/home/cgzhu/opt/jdk1.8.0_151/jre/lib/rt.jar
Soot started on Tue Aug 20 17:47:31 SGT 2019
Soot finished on Tue Aug 20 17:47:32 SGT 2019
Soot has run for 0 min. 0 sec.
Comparing files /home/cgzhu/projects/gitslice/resources/facts/upgrade_jars_exp/_downloads/soot/sootOutput/soot.asm.backend.targets.Arrays.asm.compare and /home/cgzhu/projects/gitslice/resources/facts/upgrade_jars_exp/_downloads/soot/sootOutput/soot.asm.backend.targets.Arrays.asm...
File comparison successful.
[INFO] Tests run: 1, Failures: 0, Errors: 0, Skipped: 0, Time elapsed: 0.685 s - in soot.asm.backend.ArraysTest
[INFO] Running soot.asm.backend.AnnotatedParameterTest
Class path: /home/cgzhu/projects/gitslice/resources/facts/upgrade_jars_exp/_downloads/soot/./target/test-classes:/home/cgzhu/opt/jdk1.8.0_151/jre/lib/rt.jar
Soot started on Tue Aug 20 17:47:33 SGT 2019
Soot finished on Tue Aug 20 17:47:33 SGT 2019
Soot has run for 0 min. 0 sec.
Comparing files /home/cgzhu/projects/gitslice/resources/facts/upgrade_jars_exp/_downloads/soot/sootOutput/soot.asm.backend.targets.AnnotatedParameter.asm.compare and /home/cgzhu/projects/gitslice/resources/facts/upgrade_jars_exp/_downloads/soot/sootOutput/soot.asm.backend.targets.AnnotatedParameter.asm...
File comparison successful.
[INFO] Tests run: 1, Failures: 0, Errors: 0, Skipped: 0, Time elapsed: 0.698 s - in soot.asm.backend.AnnotatedParameterTest
[INFO] Running soot.asm.backend.MethodExampleTest
Class path: /home/cgzhu/projects/gitslice/resources/facts/upgrade_jars_exp/_downloads/soot/./target/test-classes:/home/cgzhu/opt/jdk1.8.0_151/jre/lib/rt.jar
Soot started on Tue Aug 20 17:47:34 SGT 2019
Soot finished on Tue Aug 20 17:47:34 SGT 2019
Soot has run for 0 min. 0 sec.
Comparing files /home/cgzhu/projects/gitslice/resources/facts/upgrade_jars_exp/_downloads/soot/sootOutput/soot.asm.backend.targets.Bean.asm.compare and /home/cgzhu/projects/gitslice/resources/facts/upgrade_jars_exp/_downloads/soot/sootOutput/soot.asm.backend.targets.Bean.asm...
File comparison successful.
[INFO] Tests run: 1, Failures: 0, Errors: 0, Skipped: 0, Time elapsed: 0.652 s - in soot.asm.backend.MethodExampleTest
[INFO] Running soot.asm.backend.InnerClass2Test
Class path: /home/cgzhu/projects/gitslice/resources/facts/upgrade_jars_exp/_downloads/soot/./target/test-classes:/home/cgzhu/opt/jdk1.8.0_151/jre/lib/rt.jar
Soot started on Tue Aug 20 17:47:35 SGT 2019
Soot finished on Tue Aug 20 17:47:35 SGT 2019
Soot has run for 0 min. 0 sec.
Comparing files /home/cgzhu/projects/gitslice/resources/facts/upgrade_jars_exp/_downloads/soot/sootOutput/soot.asm.backend.targets.InnerClass$1.asm.compare and /home/cgzhu/projects/gitslice/resources/facts/upgrade_jars_exp/_downloads/soot/sootOutput/soot.asm.backend.targets.InnerClass$1.asm...
File comparison successful.
[INFO] Tests run: 1, Failures: 0, Errors: 0, Skipped: 0, Time elapsed: 0.645 s - in soot.asm.backend.InnerClass2Test
[INFO] Running soot.asm.backend.DupsTest
Class path: /home/cgzhu/projects/gitslice/resources/facts/upgrade_jars_exp/_downloads/soot/./target/test-classes:/home/cgzhu/opt/jdk1.8.0_151/jre/lib/rt.jar
Soot started on Tue Aug 20 17:47:36 SGT 2019
Soot finished on Tue Aug 20 17:47:36 SGT 2019
Soot has run for 0 min. 0 sec.
Comparing files /home/cgzhu/projects/gitslice/resources/facts/upgrade_jars_exp/_downloads/soot/sootOutput/soot.asm.backend.targets.Dups.asm.compare and /home/cgzhu/projects/gitslice/resources/facts/upgrade_jars_exp/_downloads/soot/sootOutput/soot.asm.backend.targets.Dups.asm...
File comparison successful.
[INFO] Tests run: 1, Failures: 0, Errors: 0, Skipped: 0, Time elapsed: 0.646 s - in soot.asm.backend.DupsTest
[INFO] Running soot.asm.backend.InstanceOfCastsTest
Class path: /home/cgzhu/projects/gitslice/resources/facts/upgrade_jars_exp/_downloads/soot/./target/test-classes:/home/cgzhu/opt/jdk1.8.0_151/jre/lib/rt.jar
Soot started on Tue Aug 20 17:47:37 SGT 2019
Soot finished on Tue Aug 20 17:47:38 SGT 2019
Soot has run for 0 min. 0 sec.
Comparing files /home/cgzhu/projects/gitslice/resources/facts/upgrade_jars_exp/_downloads/soot/sootOutput/soot.asm.backend.targets.InstanceOfCasts.asm.compare and /home/cgzhu/projects/gitslice/resources/facts/upgrade_jars_exp/_downloads/soot/sootOutput/soot.asm.backend.targets.InstanceOfCasts.asm...
File comparison successful.
[INFO] Tests run: 1, Failures: 0, Errors: 0, Skipped: 0, Time elapsed: 0.649 s - in soot.asm.backend.InstanceOfCastsTest
[INFO] Running soot.asm.backend.CompareInstructionsTest
Class path: /home/cgzhu/projects/gitslice/resources/facts/upgrade_jars_exp/_downloads/soot/./target/test-classes:/home/cgzhu/opt/jdk1.8.0_151/jre/lib/rt.jar
Soot started on Tue Aug 20 17:47:38 SGT 2019
Soot finished on Tue Aug 20 17:47:39 SGT 2019
Soot has run for 0 min. 0 sec.
Comparing files /home/cgzhu/projects/gitslice/resources/facts/upgrade_jars_exp/_downloads/soot/sootOutput/soot.asm.backend.targets.CompareInstructions.asm.compare and /home/cgzhu/projects/gitslice/resources/facts/upgrade_jars_exp/_downloads/soot/sootOutput/soot.asm.backend.targets.CompareInstructions.asm...
File comparison successful.
[INFO] Tests run: 1, Failures: 0, Errors: 0, Skipped: 0, Time elapsed: 0.686 s - in soot.asm.backend.CompareInstructionsTest
[INFO] Running soot.asm.backend.LineNumbersTest
Soot started on Tue Aug 20 17:47:40 SGT 2019
Soot finished on Tue Aug 20 17:47:40 SGT 2019
Soot has run for 0 min. 0 sec.
[INFO] Tests run: 1, Failures: 0, Errors: 0, Skipped: 0, Time elapsed: 0.671 s - in soot.asm.backend.LineNumbersTest
[INFO] Running soot.asm.backend.ReturnsTest
Class path: /home/cgzhu/projects/gitslice/resources/facts/upgrade_jars_exp/_downloads/soot/./target/test-classes:/home/cgzhu/opt/jdk1.8.0_151/jre/lib/rt.jar
Soot started on Tue Aug 20 17:47:41 SGT 2019
Soot finished on Tue Aug 20 17:47:41 SGT 2019
Soot has run for 0 min. 0 sec.
Comparing files /home/cgzhu/projects/gitslice/resources/facts/upgrade_jars_exp/_downloads/soot/sootOutput/soot.asm.backend.targets.Returns.asm.compare and /home/cgzhu/projects/gitslice/resources/facts/upgrade_jars_exp/_downloads/soot/sootOutput/soot.asm.backend.targets.Returns.asm...
File comparison successful.
[INFO] Tests run: 1, Failures: 0, Errors: 0, Skipped: 0, Time elapsed: 0.654 s - in soot.asm.backend.ReturnsTest
[INFO] Running soot.asm.backend.TryCatchTest
Class path: /home/cgzhu/projects/gitslice/resources/facts/upgrade_jars_exp/_downloads/soot/./target/test-classes:/home/cgzhu/opt/jdk1.8.0_151/jre/lib/rt.jar
Soot started on Tue Aug 20 17:47:42 SGT 2019
Soot finished on Tue Aug 20 17:47:42 SGT 2019
Soot has run for 0 min. 0 sec.
Comparing files /home/cgzhu/projects/gitslice/resources/facts/upgrade_jars_exp/_downloads/soot/sootOutput/soot.asm.backend.targets.TryCatch.asm.compare and /home/cgzhu/projects/gitslice/resources/facts/upgrade_jars_exp/_downloads/soot/sootOutput/soot.asm.backend.targets.TryCatch.asm...
File comparison successful.
[INFO] Tests run: 1, Failures: 0, Errors: 0, Skipped: 0, Time elapsed: 0.63 s - in soot.asm.backend.TryCatchTest
[INFO] Running soot.asm.backend.AnnotatedFieldTest
Class path: /home/cgzhu/projects/gitslice/resources/facts/upgrade_jars_exp/_downloads/soot/./target/test-classes:/home/cgzhu/opt/jdk1.8.0_151/jre/lib/rt.jar
Soot started on Tue Aug 20 17:47:43 SGT 2019
Soot finished on Tue Aug 20 17:47:43 SGT 2019
Soot has run for 0 min. 0 sec.
Comparing files /home/cgzhu/projects/gitslice/resources/facts/upgrade_jars_exp/_downloads/soot/sootOutput/soot.asm.backend.targets.AnnotatedField.asm.compare and /home/cgzhu/projects/gitslice/resources/facts/upgrade_jars_exp/_downloads/soot/sootOutput/soot.asm.backend.targets.AnnotatedField.asm...
File comparison successful.
[INFO] Tests run: 1, Failures: 0, Errors: 0, Skipped: 0, Time elapsed: 0.638 s - in soot.asm.backend.AnnotatedFieldTest
[INFO] Running soot.asm.backend.AnnotatedAnnotationTest
Class path: /home/cgzhu/projects/gitslice/resources/facts/upgrade_jars_exp/_downloads/soot/./target/test-classes:/home/cgzhu/opt/jdk1.8.0_151/jre/lib/rt.jar
Soot started on Tue Aug 20 17:47:44 SGT 2019
Soot finished on Tue Aug 20 17:47:44 SGT 2019
Soot has run for 0 min. 0 sec.
Comparing files /home/cgzhu/projects/gitslice/resources/facts/upgrade_jars_exp/_downloads/soot/sootOutput/soot.asm.backend.targets.MyAnnotatedAnnotation.asm.compare and /home/cgzhu/projects/gitslice/resources/facts/upgrade_jars_exp/_downloads/soot/sootOutput/soot.asm.backend.targets.MyAnnotatedAnnotation.asm...
File comparison successful.
[INFO] Tests run: 1, Failures: 0, Errors: 0, Skipped: 0, Time elapsed: 0.561 s - in soot.asm.backend.AnnotatedAnnotationTest
[INFO] Running soot.asm.backend.InnerClassTest
Class path: /home/cgzhu/projects/gitslice/resources/facts/upgrade_jars_exp/_downloads/soot/./target/test-classes:/home/cgzhu/opt/jdk1.8.0_151/jre/lib/rt.jar
Soot started on Tue Aug 20 17:47:45 SGT 2019
Soot finished on Tue Aug 20 17:47:46 SGT 2019
Soot has run for 0 min. 0 sec.
Comparing files /home/cgzhu/projects/gitslice/resources/facts/upgrade_jars_exp/_downloads/soot/sootOutput/soot.asm.backend.targets.InnerClass$Inner.asm.compare and /home/cgzhu/projects/gitslice/resources/facts/upgrade_jars_exp/_downloads/soot/sootOutput/soot.asm.backend.targets.InnerClass$Inner.asm...
File comparison successful.
[INFO] Tests run: 1, Failures: 0, Errors: 0, Skipped: 0, Time elapsed: 0.633 s - in soot.asm.backend.InnerClassTest
[INFO] Running soot.asm.backend.MonitorTest
Class path: /home/cgzhu/projects/gitslice/resources/facts/upgrade_jars_exp/_downloads/soot/./target/test-classes:/home/cgzhu/opt/jdk1.8.0_151/jre/lib/rt.jar
Soot started on Tue Aug 20 17:47:46 SGT 2019
Soot finished on Tue Aug 20 17:47:47 SGT 2019
Soot has run for 0 min. 0 sec.
Comparing files /home/cgzhu/projects/gitslice/resources/facts/upgrade_jars_exp/_downloads/soot/sootOutput/soot.asm.backend.targets.Monitor.asm.compare and /home/cgzhu/projects/gitslice/resources/facts/upgrade_jars_exp/_downloads/soot/sootOutput/soot.asm.backend.targets.Monitor.asm...
File comparison successful.
[INFO] Tests run: 1, Failures: 0, Errors: 0, Skipped: 0, Time elapsed: 0.66 s - in soot.asm.backend.MonitorTest
[INFO] Running soot.asm.backend.AnnotatedMethodTest
Class path: /home/cgzhu/projects/gitslice/resources/facts/upgrade_jars_exp/_downloads/soot/./target/test-classes:/home/cgzhu/opt/jdk1.8.0_151/jre/lib/rt.jar
Soot started on Tue Aug 20 17:47:47 SGT 2019
Soot finished on Tue Aug 20 17:47:48 SGT 2019
Soot has run for 0 min. 0 sec.
Comparing files /home/cgzhu/projects/gitslice/resources/facts/upgrade_jars_exp/_downloads/soot/sootOutput/soot.asm.backend.targets.AnnotatedMethod.asm.compare and /home/cgzhu/projects/gitslice/resources/facts/upgrade_jars_exp/_downloads/soot/sootOutput/soot.asm.backend.targets.AnnotatedMethod.asm...
File comparison successful.
[INFO] Tests run: 1, Failures: 0, Errors: 0, Skipped: 0, Time elapsed: 0.624 s - in soot.asm.backend.AnnotatedMethodTest
[INFO] Running soot.asm.backend.AnnotationTest
Class path: /home/cgzhu/projects/gitslice/resources/facts/upgrade_jars_exp/_downloads/soot/./target/test-classes:/home/cgzhu/opt/jdk1.8.0_151/jre/lib/rt.jar
Soot started on Tue Aug 20 17:47:49 SGT 2019
Soot finished on Tue Aug 20 17:47:49 SGT 2019
Soot has run for 0 min. 0 sec.
Comparing files /home/cgzhu/projects/gitslice/resources/facts/upgrade_jars_exp/_downloads/soot/sootOutput/soot.asm.backend.targets.MyTestAnnotation.asm.compare and /home/cgzhu/projects/gitslice/resources/facts/upgrade_jars_exp/_downloads/soot/sootOutput/soot.asm.backend.targets.MyTestAnnotation.asm...
File comparison successful.
[INFO] Tests run: 1, Failures: 0, Errors: 0, Skipped: 0, Time elapsed: 0.565 s - in soot.asm.backend.AnnotationTest
[INFO] Running soot.asm.backend.EnumTest
Class path: /home/cgzhu/projects/gitslice/resources/facts/upgrade_jars_exp/_downloads/soot/./target/test-classes:/home/cgzhu/opt/jdk1.8.0_151/jre/lib/rt.jar
Soot started on Tue Aug 20 17:47:50 SGT 2019
Soot finished on Tue Aug 20 17:47:50 SGT 2019
Soot has run for 0 min. 0 sec.
Comparing files /home/cgzhu/projects/gitslice/resources/facts/upgrade_jars_exp/_downloads/soot/sootOutput/soot.asm.backend.targets.MyEnum.asm.compare and /home/cgzhu/projects/gitslice/resources/facts/upgrade_jars_exp/_downloads/soot/sootOutput/soot.asm.backend.targets.MyEnum.asm...
File comparison successful.
[INFO] Tests run: 1, Failures: 0, Errors: 0, Skipped: 0, Time elapsed: 0.665 s - in soot.asm.backend.EnumTest
[INFO] Running soot.asm.backend.AnnotatedAnnotatedClassTest
Class path: /home/cgzhu/projects/gitslice/resources/facts/upgrade_jars_exp/_downloads/soot/./target/test-classes:/home/cgzhu/opt/jdk1.8.0_151/jre/lib/rt.jar
Soot started on Tue Aug 20 17:47:51 SGT 2019
Soot finished on Tue Aug 20 17:47:51 SGT 2019
Soot has run for 0 min. 0 sec.
Comparing files /home/cgzhu/projects/gitslice/resources/facts/upgrade_jars_exp/_downloads/soot/sootOutput/soot.asm.backend.targets.AnnotatedAnnotatedClass.asm.compare and /home/cgzhu/projects/gitslice/resources/facts/upgrade_jars_exp/_downloads/soot/sootOutput/soot.asm.backend.targets.AnnotatedAnnotatedClass.asm...
File comparison successful.
[INFO] Tests run: 1, Failures: 0, Errors: 0, Skipped: 0, Time elapsed: 0.637 s - in soot.asm.backend.AnnotatedAnnotatedClassTest
[INFO] Running soot.RefTypeTest
[INFO] Tests run: 1, Failures: 0, Errors: 0, Skipped: 0, Time elapsed: 0.492 s - in soot.RefTypeTest
[INFO] 
[INFO] Results:
[INFO] 
[WARNING] Tests run: 205, Failures: 0, Errors: 0, Skipped: 8
[INFO] 
[INFO] ------------------------------------------------------------------------
[INFO] BUILD SUCCESS
[INFO] ------------------------------------------------------------------------
[INFO] Total time: 01:13 min
[INFO] Finished at: 2019-08-20T17:47:53+08:00
[INFO] ------------------------------------------------------------------------
