[VERSION]: 1.10.19
[INFO] Scanning for projects...
Downloading from central: https://repo.maven.apache.org/maven2/org/apache/felix/maven-bundle-plugin/2.5.3/maven-bundle-plugin-2.5.3.pom
Progress (1): 2.2/4.7 kB
Progress (1): 4.7 kB    
                    
Downloaded from central: https://repo.maven.apache.org/maven2/org/apache/felix/maven-bundle-plugin/2.5.3/maven-bundle-plugin-2.5.3.pom (4.7 kB at 4.5 kB/s)
Downloading from central: https://repo.maven.apache.org/maven2/org/apache/felix/maven-bundle-plugin/2.5.3/maven-bundle-plugin-2.5.3.jar
Progress (1): 2.2/176 kB
Progress (1): 5.0/176 kB
Progress (1): 7.7/176 kB
Progress (1): 10/176 kB 
Progress (1): 13/176 kB
Progress (1): 16/176 kB
Progress (1): 19/176 kB
Progress (1): 21/176 kB
Progress (1): 24/176 kB
Progress (1): 27/176 kB
Progress (1): 30/176 kB
Progress (1): 32/176 kB
Progress (1): 36/176 kB
Progress (1): 40/176 kB
Progress (1): 45/176 kB
Progress (1): 49/176 kB
Progress (1): 53/176 kB
Progress (1): 57/176 kB
Progress (1): 61/176 kB
Progress (1): 65/176 kB
Progress (1): 69/176 kB
Progress (1): 73/176 kB
Progress (1): 77/176 kB
Progress (1): 81/176 kB
Progress (1): 85/176 kB
Progress (1): 90/176 kB
Progress (1): 94/176 kB
Progress (1): 98/176 kB
Progress (1): 102/176 kB
Progress (1): 106/176 kB
Progress (1): 110/176 kB
Progress (1): 114/176 kB
Progress (1): 118/176 kB
Progress (1): 122/176 kB
Progress (1): 126/176 kB
Progress (1): 131/176 kB
Progress (1): 135/176 kB
Progress (1): 139/176 kB
Progress (1): 143/176 kB
Progress (1): 147/176 kB
Progress (1): 151/176 kB
Progress (1): 155/176 kB
Progress (1): 159/176 kB
Progress (1): 163/176 kB
Progress (1): 167/176 kB
Progress (1): 171/176 kB
Progress (1): 176/176 kB
Progress (1): 176 kB    
                    
Downloaded from central: https://repo.maven.apache.org/maven2/org/apache/felix/maven-bundle-plugin/2.5.3/maven-bundle-plugin-2.5.3.jar (176 kB at 193 kB/s)
[INFO] 
[INFO] ----------------------< com.sparkjava:spark-core >----------------------
[INFO] Building Spark 2.7.2
[INFO] -------------------------------[ bundle ]-------------------------------
Downloading from central: https://repo.maven.apache.org/maven2/org/eclipse/jetty/jetty-server/9.4.8.v20171121/jetty-server-9.4.8.v20171121.pom
Progress (1): 2.6 kB
                    
Downloaded from central: https://repo.maven.apache.org/maven2/org/eclipse/jetty/jetty-server/9.4.8.v20171121/jetty-server-9.4.8.v20171121.pom (2.6 kB at 7.0 kB/s)
Downloading from central: https://repo.maven.apache.org/maven2/org/eclipse/jetty/jetty-project/9.4.8.v20171121/jetty-project-9.4.8.v20171121.pom
Progress (1): 2.2/57 kB
Progress (1): 5.0/57 kB
Progress (1): 7.8/57 kB
Progress (1): 11/57 kB 
Progress (1): 13/57 kB
Progress (1): 16/57 kB
Progress (1): 19/57 kB
Progress (1): 21/57 kB
Progress (1): 24/57 kB
Progress (1): 27/57 kB
Progress (1): 30/57 kB
Progress (1): 32/57 kB
Progress (1): 36/57 kB
Progress (1): 40/57 kB
Progress (1): 45/57 kB
Progress (1): 49/57 kB
Progress (1): 53/57 kB
Progress (1): 57 kB   
                   
Downloaded from central: https://repo.maven.apache.org/maven2/org/eclipse/jetty/jetty-project/9.4.8.v20171121/jetty-project-9.4.8.v20171121.pom (57 kB at 147 kB/s)
Downloading from central: https://repo.maven.apache.org/maven2/org/eclipse/jetty/jetty-http/9.4.8.v20171121/jetty-http-9.4.8.v20171121.pom
Progress (1): 2.2/2.7 kB
Progress (1): 2.7 kB    
                    
Downloaded from central: https://repo.maven.apache.org/maven2/org/eclipse/jetty/jetty-http/9.4.8.v20171121/jetty-http-9.4.8.v20171121.pom (2.7 kB at 7.5 kB/s)
Downloading from central: https://repo.maven.apache.org/maven2/org/eclipse/jetty/jetty-util/9.4.8.v20171121/jetty-util-9.4.8.v20171121.pom
Progress (1): 2.2/3.2 kB
Progress (1): 3.2 kB    
                    
Downloaded from central: https://repo.maven.apache.org/maven2/org/eclipse/jetty/jetty-util/9.4.8.v20171121/jetty-util-9.4.8.v20171121.pom (3.2 kB at 8.7 kB/s)
Downloading from central: https://repo.maven.apache.org/maven2/org/eclipse/jetty/jetty-io/9.4.8.v20171121/jetty-io-9.4.8.v20171121.pom
Progress (1): 1.3 kB
                    
Downloaded from central: https://repo.maven.apache.org/maven2/org/eclipse/jetty/jetty-io/9.4.8.v20171121/jetty-io-9.4.8.v20171121.pom (1.3 kB at 3.6 kB/s)
Downloading from central: https://repo.maven.apache.org/maven2/org/eclipse/jetty/jetty-webapp/9.4.8.v20171121/jetty-webapp-9.4.8.v20171121.pom
Progress (1): 2.2/3.0 kB
Progress (1): 3.0 kB    
                    
Downloaded from central: https://repo.maven.apache.org/maven2/org/eclipse/jetty/jetty-webapp/9.4.8.v20171121/jetty-webapp-9.4.8.v20171121.pom (3.0 kB at 8.2 kB/s)
Downloading from central: https://repo.maven.apache.org/maven2/org/eclipse/jetty/jetty-xml/9.4.8.v20171121/jetty-xml-9.4.8.v20171121.pom
Progress (1): 1.3 kB
                    
Downloaded from central: https://repo.maven.apache.org/maven2/org/eclipse/jetty/jetty-xml/9.4.8.v20171121/jetty-xml-9.4.8.v20171121.pom (1.3 kB at 3.6 kB/s)
Downloading from central: https://repo.maven.apache.org/maven2/org/eclipse/jetty/jetty-servlet/9.4.8.v20171121/jetty-servlet-9.4.8.v20171121.pom
Progress (1): 2.1 kB
                    
Downloaded from central: https://repo.maven.apache.org/maven2/org/eclipse/jetty/jetty-servlet/9.4.8.v20171121/jetty-servlet-9.4.8.v20171121.pom (2.1 kB at 5.8 kB/s)
Downloading from central: https://repo.maven.apache.org/maven2/org/eclipse/jetty/jetty-security/9.4.8.v20171121/jetty-security-9.4.8.v20171121.pom
Progress (1): 2.0 kB
                    
Downloaded from central: https://repo.maven.apache.org/maven2/org/eclipse/jetty/jetty-security/9.4.8.v20171121/jetty-security-9.4.8.v20171121.pom (2.0 kB at 5.5 kB/s)
Downloading from central: https://repo.maven.apache.org/maven2/org/eclipse/jetty/websocket/websocket-server/9.4.8.v20171121/websocket-server-9.4.8.v20171121.pom
Progress (1): 2.2/4.4 kB
Progress (1): 4.4 kB    
                    
Downloaded from central: https://repo.maven.apache.org/maven2/org/eclipse/jetty/websocket/websocket-server/9.4.8.v20171121/websocket-server-9.4.8.v20171121.pom (4.4 kB at 12 kB/s)
Downloading from central: https://repo.maven.apache.org/maven2/org/eclipse/jetty/websocket/websocket-parent/9.4.8.v20171121/websocket-parent-9.4.8.v20171121.pom
Progress (1): 2.2/2.8 kB
Progress (1): 2.8 kB    
                    
Downloaded from central: https://repo.maven.apache.org/maven2/org/eclipse/jetty/websocket/websocket-parent/9.4.8.v20171121/websocket-parent-9.4.8.v20171121.pom (2.8 kB at 7.6 kB/s)
Downloading from central: https://repo.maven.apache.org/maven2/org/eclipse/jetty/websocket/websocket-common/9.4.8.v20171121/websocket-common-9.4.8.v20171121.pom
Progress (1): 2.2/2.6 kB
Progress (1): 2.6 kB    
                    
Downloaded from central: https://repo.maven.apache.org/maven2/org/eclipse/jetty/websocket/websocket-common/9.4.8.v20171121/websocket-common-9.4.8.v20171121.pom (2.6 kB at 7.2 kB/s)
Downloading from central: https://repo.maven.apache.org/maven2/org/eclipse/jetty/websocket/websocket-api/9.4.8.v20171121/websocket-api-9.4.8.v20171121.pom
Progress (1): 2.2 kB
                    
Downloaded from central: https://repo.maven.apache.org/maven2/org/eclipse/jetty/websocket/websocket-api/9.4.8.v20171121/websocket-api-9.4.8.v20171121.pom (2.2 kB at 6.0 kB/s)
Downloading from central: https://repo.maven.apache.org/maven2/org/eclipse/jetty/websocket/websocket-client/9.4.8.v20171121/websocket-client-9.4.8.v20171121.pom
Progress (1): 2.2/5.5 kB
Progress (1): 5.0/5.5 kB
Progress (1): 5.5 kB    
                    
Downloaded from central: https://repo.maven.apache.org/maven2/org/eclipse/jetty/websocket/websocket-client/9.4.8.v20171121/websocket-client-9.4.8.v20171121.pom (5.5 kB at 15 kB/s)
Downloading from central: https://repo.maven.apache.org/maven2/org/eclipse/jetty/jetty-client/9.4.8.v20171121/jetty-client-9.4.8.v20171121.pom
Progress (1): 2.2/4.4 kB
Progress (1): 4.4 kB    
                    
Downloaded from central: https://repo.maven.apache.org/maven2/org/eclipse/jetty/jetty-client/9.4.8.v20171121/jetty-client-9.4.8.v20171121.pom (4.4 kB at 12 kB/s)
Downloading from central: https://repo.maven.apache.org/maven2/org/eclipse/jetty/websocket/websocket-servlet/9.4.8.v20171121/websocket-servlet-9.4.8.v20171121.pom
Progress (1): 2.2/2.8 kB
Progress (1): 2.8 kB    
                    
Downloaded from central: https://repo.maven.apache.org/maven2/org/eclipse/jetty/websocket/websocket-servlet/9.4.8.v20171121/websocket-servlet-9.4.8.v20171121.pom (2.8 kB at 7.6 kB/s)
Downloading from central: https://repo.maven.apache.org/maven2/org/powermock/powermock-module-junit4/1.6.6/powermock-module-junit4-1.6.6.pom
Progress (1): 1.4 kB
                    
Downloaded from central: https://repo.maven.apache.org/maven2/org/powermock/powermock-module-junit4/1.6.6/powermock-module-junit4-1.6.6.pom (1.4 kB at 4.0 kB/s)
Downloading from central: https://repo.maven.apache.org/maven2/org/powermock/powermock-modules/1.6.6/powermock-modules-1.6.6.pom
Progress (1): 771 B
                   
Downloaded from central: https://repo.maven.apache.org/maven2/org/powermock/powermock-modules/1.6.6/powermock-modules-1.6.6.pom (771 B at 2.1 kB/s)
Downloading from central: https://repo.maven.apache.org/maven2/org/powermock/powermock/1.6.6/powermock-1.6.6.pom
Progress (1): 2.2/17 kB
Progress (1): 5.0/17 kB
Progress (1): 7.8/17 kB
Progress (1): 11/17 kB 
Progress (1): 13/17 kB
Progress (1): 16/17 kB
Progress (1): 17 kB   
                   
Downloaded from central: https://repo.maven.apache.org/maven2/org/powermock/powermock/1.6.6/powermock-1.6.6.pom (17 kB at 47 kB/s)
Downloading from central: https://repo.maven.apache.org/maven2/org/powermock/powermock-module-junit4-common/1.6.6/powermock-module-junit4-common-1.6.6.pom
Progress (1): 1.3 kB
                    
Downloaded from central: https://repo.maven.apache.org/maven2/org/powermock/powermock-module-junit4-common/1.6.6/powermock-module-junit4-common-1.6.6.pom (1.3 kB at 3.5 kB/s)
Downloading from central: https://repo.maven.apache.org/maven2/org/powermock/powermock-core/1.6.6/powermock-core-1.6.6.pom
Progress (1): 2.2/2.8 kB
Progress (1): 2.8 kB    
                    
Downloaded from central: https://repo.maven.apache.org/maven2/org/powermock/powermock-core/1.6.6/powermock-core-1.6.6.pom (2.8 kB at 7.8 kB/s)
Downloading from central: https://repo.maven.apache.org/maven2/org/powermock/powermock-reflect/1.6.6/powermock-reflect-1.6.6.pom
Progress (1): 1.2 kB
                    
Downloaded from central: https://repo.maven.apache.org/maven2/org/powermock/powermock-reflect/1.6.6/powermock-reflect-1.6.6.pom (1.2 kB at 3.0 kB/s)
Downloading from central: https://repo.maven.apache.org/maven2/org/powermock/powermock-api-mockito/1.6.6/powermock-api-mockito-1.6.6.pom
Progress (1): 1.3 kB
                    
Downloaded from central: https://repo.maven.apache.org/maven2/org/powermock/powermock-api-mockito/1.6.6/powermock-api-mockito-1.6.6.pom (1.3 kB at 3.5 kB/s)
Downloading from central: https://repo.maven.apache.org/maven2/org/powermock/powermock-api/1.6.6/powermock-api-1.6.6.pom
Progress (1): 855 B
                   
Downloaded from central: https://repo.maven.apache.org/maven2/org/powermock/powermock-api/1.6.6/powermock-api-1.6.6.pom (855 B at 2.4 kB/s)
Downloading from central: https://repo.maven.apache.org/maven2/org/powermock/powermock-api-mockito-common/1.6.6/powermock-api-mockito-common-1.6.6.pom
Progress (1): 1.5 kB
                    
Downloaded from central: https://repo.maven.apache.org/maven2/org/powermock/powermock-api-mockito-common/1.6.6/powermock-api-mockito-common-1.6.6.pom (1.5 kB at 4.1 kB/s)
Downloading from central: https://repo.maven.apache.org/maven2/org/powermock/powermock-api-support/1.6.6/powermock-api-support-1.6.6.pom
Progress (1): 1.1 kB
                    
Downloaded from central: https://repo.maven.apache.org/maven2/org/powermock/powermock-api-support/1.6.6/powermock-api-support-1.6.6.pom (1.1 kB at 3.1 kB/s)
Downloading from central: https://repo.maven.apache.org/maven2/com/google/code/gson/gson/2.4/gson-2.4.pom
Downloaded from central: https://repo.maven.apache.org/maven2/com/google/code/gson/gson/2.4/gson-2.4.pom (0 B at 0 B/s)
Downloading from central: https://repo.maven.apache.org/maven2/org/powermock/tests/powermock-tests-utils/1.6.6/powermock-tests-utils-1.6.6.pom
Progress (1): 1.4 kB
                    
Downloaded from central: https://repo.maven.apache.org/maven2/org/powermock/tests/powermock-tests-utils/1.6.6/powermock-tests-utils-1.6.6.pom (1.4 kB at 2.9 kB/s)
Downloading from central: https://repo.maven.apache.org/maven2/org/powermock/tests/powermock-tests/1.6.6/powermock-tests-1.6.6.pom
Progress (1): 769 B
                   
Downloaded from central: https://repo.maven.apache.org/maven2/org/powermock/tests/powermock-tests/1.6.6/powermock-tests-1.6.6.pom (769 B at 1.8 kB/s)
Downloading from central: https://repo.maven.apache.org/maven2/org/slf4j/slf4j-api/1.7.13/slf4j-api-1.7.13.jar
Downloading from central: https://repo.maven.apache.org/maven2/org/eclipse/jetty/jetty-server/9.4.8.v20171121/jetty-server-9.4.8.v20171121.jar
Downloading from central: https://repo.maven.apache.org/maven2/org/eclipse/jetty/jetty-http/9.4.8.v20171121/jetty-http-9.4.8.v20171121.jar
Downloading from central: https://repo.maven.apache.org/maven2/org/eclipse/jetty/jetty-webapp/9.4.8.v20171121/jetty-webapp-9.4.8.v20171121.jar
Downloading from central: https://repo.maven.apache.org/maven2/org/eclipse/jetty/jetty-io/9.4.8.v20171121/jetty-io-9.4.8.v20171121.jar
Progress (1): 2.2/33 kB
Progress (1): 5.0/33 kB
Progress (1): 7.7/33 kB
Progress (1): 10/33 kB 
Progress (1): 13/33 kB
Progress (1): 16/33 kB
Progress (1): 19/33 kB
Progress (1): 21/33 kB
Progress (1): 24/33 kB
Progress (1): 27/33 kB
Progress (1): 30/33 kB
Progress (1): 32/33 kB
Progress (1): 33 kB   
                   
Downloaded from central: https://repo.maven.apache.org/maven2/org/slf4j/slf4j-api/1.7.13/slf4j-api-1.7.13.jar (33 kB at 87 kB/s)
Downloading from central: https://repo.maven.apache.org/maven2/org/eclipse/jetty/jetty-xml/9.4.8.v20171121/jetty-xml-9.4.8.v20171121.jar
Progress (1): 2.2/585 kB
Progress (1): 5.0/585 kB
Progress (1): 7.7/585 kB
Progress (1): 10/585 kB 
Progress (1): 13/585 kB
Progress (2): 13/585 kB | 2.2/165 kB
Progress (2): 13/585 kB | 5.0/165 kB
Progress (2): 13/585 kB | 7.7/165 kB
Progress (2): 13/585 kB | 10/165 kB 
Progress (2): 13/585 kB | 13/165 kB
Progress (3): 13/585 kB | 13/165 kB | 2.2/129 kB
Progress (3): 13/585 kB | 13/165 kB | 5.0/129 kB
Progress (3): 13/585 kB | 13/165 kB | 7.7/129 kB
Progress (4): 13/585 kB | 13/165 kB | 7.7/129 kB | 2.2/52 kB
Progress (4): 13/585 kB | 13/165 kB | 10/129 kB | 2.2/52 kB 
Progress (4): 13/585 kB | 13/165 kB | 10/129 kB | 5.0/52 kB
Progress (4): 13/585 kB | 13/165 kB | 13/129 kB | 5.0/52 kB
Progress (4): 13/585 kB | 13/165 kB | 13/129 kB | 7.7/52 kB
Progress (4): 13/585 kB | 13/165 kB | 13/129 kB | 10/52 kB 
Progress (4): 13/585 kB | 13/165 kB | 13/129 kB | 13/52 kB
Progress (4): 13/585 kB | 13/165 kB | 13/129 kB | 16/52 kB
Progress (4): 13/585 kB | 13/165 kB | 13/129 kB | 19/52 kB
Progress (4): 13/585 kB | 13/165 kB | 13/129 kB | 21/52 kB
Progress (4): 13/585 kB | 13/165 kB | 13/129 kB | 24/52 kB
Progress (4): 13/585 kB | 13/165 kB | 13/129 kB | 27/52 kB
Progress (4): 13/585 kB | 13/165 kB | 13/129 kB | 30/52 kB
Progress (4): 13/585 kB | 13/165 kB | 13/129 kB | 32/52 kB
Progress (4): 13/585 kB | 13/165 kB | 13/129 kB | 36/52 kB
Progress (4): 13/585 kB | 13/165 kB | 13/129 kB | 40/52 kB
Progress (4): 13/585 kB | 13/165 kB | 13/129 kB | 45/52 kB
Progress (4): 13/585 kB | 13/165 kB | 13/129 kB | 49/52 kB
Progress (4): 13/585 kB | 13/165 kB | 13/129 kB | 52 kB   
Progress (5): 13/585 kB | 13/165 kB | 13/129 kB | 52 kB | 2.2/129 kB
Progress (5): 13/585 kB | 13/165 kB | 13/129 kB | 52 kB | 5.0/129 kB
Progress (5): 13/585 kB | 13/165 kB | 13/129 kB | 52 kB | 7.7/129 kB
Progress (5): 13/585 kB | 13/165 kB | 13/129 kB | 52 kB | 10/129 kB 
Progress (5): 13/585 kB | 13/165 kB | 13/129 kB | 52 kB | 13/129 kB
Progress (5): 16/585 kB | 13/165 kB | 13/129 kB | 52 kB | 13/129 kB
Progress (5): 16/585 kB | 13/165 kB | 16/129 kB | 52 kB | 13/129 kB
Progress (5): 19/585 kB | 13/165 kB | 16/129 kB | 52 kB | 13/129 kB
Progress (5): 19/585 kB | 13/165 kB | 19/129 kB | 52 kB | 13/129 kB
Progress (5): 21/585 kB | 13/165 kB | 19/129 kB | 52 kB | 13/129 kB
Progress (5): 21/585 kB | 13/165 kB | 21/129 kB | 52 kB | 13/129 kB
Progress (5): 21/585 kB | 16/165 kB | 21/129 kB | 52 kB | 13/129 kB
Progress (5): 21/585 kB | 16/165 kB | 24/129 kB | 52 kB | 13/129 kB
Progress (5): 24/585 kB | 16/165 kB | 24/129 kB | 52 kB | 13/129 kB
Progress (5): 24/585 kB | 16/165 kB | 27/129 kB | 52 kB | 13/129 kB
Progress (5): 24/585 kB | 19/165 kB | 27/129 kB | 52 kB | 13/129 kB
Progress (5): 24/585 kB | 19/165 kB | 30/129 kB | 52 kB | 13/129 kB
Progress (5): 27/585 kB | 19/165 kB | 30/129 kB | 52 kB | 13/129 kB
Progress (5): 27/585 kB | 19/165 kB | 32/129 kB | 52 kB | 13/129 kB
Progress (5): 27/585 kB | 21/165 kB | 32/129 kB | 52 kB | 13/129 kB
Progress (5): 30/585 kB | 21/165 kB | 32/129 kB | 52 kB | 13/129 kB
Progress (5): 30/585 kB | 24/165 kB | 32/129 kB | 52 kB | 13/129 kB
Progress (5): 32/585 kB | 24/165 kB | 32/129 kB | 52 kB | 13/129 kB
Progress (5): 32/585 kB | 27/165 kB | 32/129 kB | 52 kB | 13/129 kB
Progress (5): 32/585 kB | 30/165 kB | 32/129 kB | 52 kB | 13/129 kB
Progress (5): 32/585 kB | 32/165 kB | 32/129 kB | 52 kB | 13/129 kB
                                                                   
Downloaded from central: https://repo.maven.apache.org/maven2/org/eclipse/jetty/jetty-xml/9.4.8.v20171121/jetty-xml-9.4.8.v20171121.jar (52 kB at 70 kB/s)
Downloading from central: https://repo.maven.apache.org/maven2/org/eclipse/jetty/jetty-servlet/9.4.8.v20171121/jetty-servlet-9.4.8.v20171121.jar
Progress (4): 32/585 kB | 32/165 kB | 32/129 kB | 16/129 kB
Progress (4): 32/585 kB | 32/165 kB | 32/129 kB | 19/129 kB
Progress (4): 32/585 kB | 32/165 kB | 32/129 kB | 21/129 kB
Progress (4): 32/585 kB | 32/165 kB | 32/129 kB | 24/129 kB
Progress (4): 32/585 kB | 32/165 kB | 32/129 kB | 27/129 kB
Progress (4): 32/585 kB | 32/165 kB | 32/129 kB | 30/129 kB
Progress (4): 32/585 kB | 32/165 kB | 32/129 kB | 32/129 kB
Progress (4): 36/585 kB | 32/165 kB | 32/129 kB | 32/129 kB
Progress (4): 40/585 kB | 32/165 kB | 32/129 kB | 32/129 kB
Progress (4): 45/585 kB | 32/165 kB | 32/129 kB | 32/129 kB
Progress (4): 49/585 kB | 32/165 kB | 32/129 kB | 32/129 kB
Progress (4): 49/585 kB | 32/165 kB | 36/129 kB | 32/129 kB
Progress (4): 49/585 kB | 32/165 kB | 40/129 kB | 32/129 kB
Progress (4): 49/585 kB | 32/165 kB | 45/129 kB | 32/129 kB
Progress (4): 53/585 kB | 32/165 kB | 45/129 kB | 32/129 kB
Progress (4): 53/585 kB | 32/165 kB | 49/129 kB | 32/129 kB
Progress (4): 57/585 kB | 32/165 kB | 49/129 kB | 32/129 kB
Progress (4): 61/585 kB | 32/165 kB | 49/129 kB | 32/129 kB
Progress (4): 65/585 kB | 32/165 kB | 49/129 kB | 32/129 kB
Progress (4): 65/585 kB | 32/165 kB | 53/129 kB | 32/129 kB
Progress (4): 65/585 kB | 32/165 kB | 57/129 kB | 32/129 kB
Progress (4): 65/585 kB | 32/165 kB | 61/129 kB | 32/129 kB
Progress (4): 69/585 kB | 32/165 kB | 61/129 kB | 32/129 kB
Progress (4): 69/585 kB | 32/165 kB | 65/129 kB | 32/129 kB
Progress (4): 73/585 kB | 32/165 kB | 65/129 kB | 32/129 kB
Progress (4): 73/585 kB | 36/165 kB | 65/129 kB | 32/129 kB
Progress (4): 77/585 kB | 36/165 kB | 65/129 kB | 32/129 kB
Progress (4): 77/585 kB | 40/165 kB | 65/129 kB | 32/129 kB
Progress (4): 77/585 kB | 40/165 kB | 69/129 kB | 32/129 kB
Progress (4): 77/585 kB | 45/165 kB | 69/129 kB | 32/129 kB
Progress (4): 81/585 kB | 45/165 kB | 69/129 kB | 32/129 kB
Progress (4): 81/585 kB | 49/165 kB | 69/129 kB | 32/129 kB
Progress (4): 81/585 kB | 49/165 kB | 73/129 kB | 32/129 kB
Progress (4): 81/585 kB | 49/165 kB | 77/129 kB | 32/129 kB
Progress (4): 81/585 kB | 49/165 kB | 81/129 kB | 32/129 kB
Progress (4): 81/585 kB | 53/165 kB | 81/129 kB | 32/129 kB
Progress (4): 81/585 kB | 57/165 kB | 81/129 kB | 32/129 kB
Progress (4): 81/585 kB | 61/165 kB | 81/129 kB | 32/129 kB
Progress (4): 81/585 kB | 65/165 kB | 81/129 kB | 32/129 kB
Progress (4): 81/585 kB | 69/165 kB | 81/129 kB | 32/129 kB
Progress (4): 81/585 kB | 73/165 kB | 81/129 kB | 32/129 kB
Progress (4): 81/585 kB | 77/165 kB | 81/129 kB | 32/129 kB
Progress (4): 81/585 kB | 81/165 kB | 81/129 kB | 32/129 kB
Progress (5): 81/585 kB | 81/165 kB | 81/129 kB | 32/129 kB | 4.1/110 kB
Progress (5): 81/585 kB | 81/165 kB | 81/129 kB | 32/129 kB | 7.7/110 kB
Progress (5): 81/585 kB | 81/165 kB | 81/129 kB | 32/129 kB | 12/110 kB 
Progress (5): 81/585 kB | 81/165 kB | 81/129 kB | 32/129 kB | 16/110 kB
Progress (5): 81/585 kB | 81/165 kB | 81/129 kB | 32/129 kB | 20/110 kB
Progress (5): 81/585 kB | 81/165 kB | 81/129 kB | 32/129 kB | 24/110 kB
Progress (5): 81/585 kB | 81/165 kB | 81/129 kB | 32/129 kB | 28/110 kB
Progress (5): 81/585 kB | 81/165 kB | 81/129 kB | 32/129 kB | 32/110 kB
Progress (5): 81/585 kB | 81/165 kB | 81/129 kB | 32/129 kB | 36/110 kB
Progress (5): 81/585 kB | 81/165 kB | 81/129 kB | 32/129 kB | 40/110 kB
Progress (5): 81/585 kB | 81/165 kB | 81/129 kB | 32/129 kB | 45/110 kB
Progress (5): 81/585 kB | 81/165 kB | 81/129 kB | 32/129 kB | 49/110 kB
Progress (5): 81/585 kB | 81/165 kB | 81/129 kB | 32/129 kB | 53/110 kB
Progress (5): 81/585 kB | 81/165 kB | 81/129 kB | 32/129 kB | 57/110 kB
Progress (5): 81/585 kB | 81/165 kB | 81/129 kB | 32/129 kB | 61/110 kB
Progress (5): 81/585 kB | 81/165 kB | 81/129 kB | 32/129 kB | 65/110 kB
Progress (5): 81/585 kB | 81/165 kB | 81/129 kB | 32/129 kB | 69/110 kB
Progress (5): 81/585 kB | 81/165 kB | 81/129 kB | 32/129 kB | 73/110 kB
Progress (5): 81/585 kB | 81/165 kB | 81/129 kB | 32/129 kB | 77/110 kB
Progress (5): 81/585 kB | 81/165 kB | 81/129 kB | 32/129 kB | 81/110 kB
Progress (5): 81/585 kB | 81/165 kB | 81/129 kB | 32/129 kB | 85/110 kB
Progress (5): 81/585 kB | 81/165 kB | 81/129 kB | 32/129 kB | 90/110 kB
Progress (5): 81/585 kB | 81/165 kB | 81/129 kB | 32/129 kB | 94/110 kB
Progress (5): 81/585 kB | 81/165 kB | 81/129 kB | 32/129 kB | 98/110 kB
Progress (5): 81/585 kB | 81/165 kB | 81/129 kB | 36/129 kB | 98/110 kB
Progress (5): 81/585 kB | 81/165 kB | 81/129 kB | 40/129 kB | 98/110 kB
Progress (5): 81/585 kB | 81/165 kB | 81/129 kB | 45/129 kB | 98/110 kB
Progress (5): 81/585 kB | 81/165 kB | 81/129 kB | 49/129 kB | 98/110 kB
Progress (5): 81/585 kB | 81/165 kB | 81/129 kB | 53/129 kB | 98/110 kB
Progress (5): 81/585 kB | 81/165 kB | 81/129 kB | 57/129 kB | 98/110 kB
Progress (5): 81/585 kB | 81/165 kB | 81/129 kB | 61/129 kB | 98/110 kB
Progress (5): 81/585 kB | 81/165 kB | 81/129 kB | 65/129 kB | 98/110 kB
Progress (5): 81/585 kB | 81/165 kB | 81/129 kB | 69/129 kB | 98/110 kB
Progress (5): 81/585 kB | 81/165 kB | 81/129 kB | 73/129 kB | 98/110 kB
Progress (5): 81/585 kB | 81/165 kB | 81/129 kB | 77/129 kB | 98/110 kB
Progress (5): 81/585 kB | 81/165 kB | 81/129 kB | 81/129 kB | 98/110 kB
Progress (5): 81/585 kB | 81/165 kB | 85/129 kB | 81/129 kB | 98/110 kB
Progress (5): 81/585 kB | 81/165 kB | 90/129 kB | 81/129 kB | 98/110 kB
Progress (5): 85/585 kB | 81/165 kB | 90/129 kB | 81/129 kB | 98/110 kB
Progress (5): 85/585 kB | 81/165 kB | 94/129 kB | 81/129 kB | 98/110 kB
Progress (5): 90/585 kB | 81/165 kB | 94/129 kB | 81/129 kB | 98/110 kB
Progress (5): 90/585 kB | 81/165 kB | 98/129 kB | 81/129 kB | 98/110 kB
Progress (5): 94/585 kB | 81/165 kB | 98/129 kB | 81/129 kB | 98/110 kB
Progress (5): 98/585 kB | 81/165 kB | 98/129 kB | 81/129 kB | 98/110 kB
Progress (5): 98/585 kB | 81/165 kB | 102/129 kB | 81/129 kB | 98/110 kB
Progress (5): 98/585 kB | 81/165 kB | 106/129 kB | 81/129 kB | 98/110 kB
Progress (5): 102/585 kB | 81/165 kB | 106/129 kB | 81/129 kB | 98/110 kB
Progress (5): 102/585 kB | 81/165 kB | 110/129 kB | 81/129 kB | 98/110 kB
Progress (5): 106/585 kB | 81/165 kB | 110/129 kB | 81/129 kB | 98/110 kB
Progress (5): 106/585 kB | 81/165 kB | 114/129 kB | 81/129 kB | 98/110 kB
Progress (5): 110/585 kB | 81/165 kB | 114/129 kB | 81/129 kB | 98/110 kB
Progress (5): 114/585 kB | 81/165 kB | 114/129 kB | 81/129 kB | 98/110 kB
Progress (5): 114/585 kB | 81/165 kB | 118/129 kB | 81/129 kB | 98/110 kB
Progress (5): 114/585 kB | 81/165 kB | 122/129 kB | 81/129 kB | 98/110 kB
Progress (5): 118/585 kB | 81/165 kB | 122/129 kB | 81/129 kB | 98/110 kB
Progress (5): 118/585 kB | 81/165 kB | 126/129 kB | 81/129 kB | 98/110 kB
Progress (5): 122/585 kB | 81/165 kB | 126/129 kB | 81/129 kB | 98/110 kB
Progress (5): 122/585 kB | 81/165 kB | 129 kB | 81/129 kB | 98/110 kB    
Progress (5): 126/585 kB | 81/165 kB | 129 kB | 81/129 kB | 98/110 kB
Progress (5): 131/585 kB | 81/165 kB | 129 kB | 81/129 kB | 98/110 kB
Progress (5): 135/585 kB | 81/165 kB | 129 kB | 81/129 kB | 98/110 kB
Progress (5): 139/585 kB | 81/165 kB | 129 kB | 81/129 kB | 98/110 kB
Progress (5): 143/585 kB | 81/165 kB | 129 kB | 81/129 kB | 98/110 kB
Progress (5): 147/585 kB | 81/165 kB | 129 kB | 81/129 kB | 98/110 kB
Progress (5): 151/585 kB | 81/165 kB | 129 kB | 81/129 kB | 98/110 kB
Progress (5): 155/585 kB | 81/165 kB | 129 kB | 81/129 kB | 98/110 kB
Progress (5): 159/585 kB | 81/165 kB | 129 kB | 81/129 kB | 98/110 kB
Progress (5): 163/585 kB | 81/165 kB | 129 kB | 81/129 kB | 98/110 kB
Progress (5): 167/585 kB | 81/165 kB | 129 kB | 81/129 kB | 98/110 kB
Progress (5): 171/585 kB | 81/165 kB | 129 kB | 81/129 kB | 98/110 kB
Progress (5): 176/585 kB | 81/165 kB | 129 kB | 81/129 kB | 98/110 kB
Progress (5): 180/585 kB | 81/165 kB | 129 kB | 81/129 kB | 98/110 kB
Progress (5): 184/585 kB | 81/165 kB | 129 kB | 81/129 kB | 98/110 kB
Progress (5): 188/585 kB | 81/165 kB | 129 kB | 81/129 kB | 98/110 kB
Progress (5): 192/585 kB | 81/165 kB | 129 kB | 81/129 kB | 98/110 kB
Progress (5): 196/585 kB | 81/165 kB | 129 kB | 81/129 kB | 98/110 kB
Progress (5): 196/585 kB | 85/165 kB | 129 kB | 81/129 kB | 98/110 kB
Progress (5): 196/585 kB | 90/165 kB | 129 kB | 81/129 kB | 98/110 kB
Progress (5): 196/585 kB | 94/165 kB | 129 kB | 81/129 kB | 98/110 kB
Progress (5): 196/585 kB | 98/165 kB | 129 kB | 81/129 kB | 98/110 kB
Progress (5): 196/585 kB | 102/165 kB | 129 kB | 81/129 kB | 98/110 kB
Progress (5): 196/585 kB | 106/165 kB | 129 kB | 81/129 kB | 98/110 kB
Progress (5): 196/585 kB | 110/165 kB | 129 kB | 81/129 kB | 98/110 kB
Progress (5): 196/585 kB | 114/165 kB | 129 kB | 81/129 kB | 98/110 kB
Progress (5): 196/585 kB | 118/165 kB | 129 kB | 81/129 kB | 98/110 kB
Progress (5): 196/585 kB | 122/165 kB | 129 kB | 81/129 kB | 98/110 kB
Progress (5): 196/585 kB | 126/165 kB | 129 kB | 81/129 kB | 98/110 kB
Progress (5): 196/585 kB | 131/165 kB | 129 kB | 81/129 kB | 98/110 kB
Progress (5): 196/585 kB | 135/165 kB | 129 kB | 81/129 kB | 98/110 kB
Progress (5): 196/585 kB | 139/165 kB | 129 kB | 81/129 kB | 98/110 kB
Progress (5): 196/585 kB | 143/165 kB | 129 kB | 81/129 kB | 98/110 kB
Progress (5): 196/585 kB | 147/165 kB | 129 kB | 81/129 kB | 98/110 kB
Progress (5): 196/585 kB | 151/165 kB | 129 kB | 81/129 kB | 98/110 kB
Progress (5): 196/585 kB | 155/165 kB | 129 kB | 81/129 kB | 98/110 kB
Progress (5): 196/585 kB | 159/165 kB | 129 kB | 81/129 kB | 98/110 kB
Progress (5): 196/585 kB | 163/165 kB | 129 kB | 81/129 kB | 98/110 kB
Progress (5): 196/585 kB | 165 kB | 129 kB | 81/129 kB | 98/110 kB    
Progress (5): 196/585 kB | 165 kB | 129 kB | 81/129 kB | 102/110 kB
Progress (5): 196/585 kB | 165 kB | 129 kB | 81/129 kB | 106/110 kB
Progress (5): 196/585 kB | 165 kB | 129 kB | 81/129 kB | 110/110 kB
Progress (5): 196/585 kB | 165 kB | 129 kB | 81/129 kB | 110 kB    
Progress (5): 196/585 kB | 165 kB | 129 kB | 85/129 kB | 110 kB
Progress (5): 196/585 kB | 165 kB | 129 kB | 90/129 kB | 110 kB
Progress (5): 196/585 kB | 165 kB | 129 kB | 94/129 kB | 110 kB
Progress (5): 196/585 kB | 165 kB | 129 kB | 98/129 kB | 110 kB
Progress (5): 196/585 kB | 165 kB | 129 kB | 102/129 kB | 110 kB
Progress (5): 196/585 kB | 165 kB | 129 kB | 106/129 kB | 110 kB
Progress (5): 196/585 kB | 165 kB | 129 kB | 110/129 kB | 110 kB
Progress (5): 196/585 kB | 165 kB | 129 kB | 114/129 kB | 110 kB
Progress (5): 196/585 kB | 165 kB | 129 kB | 118/129 kB | 110 kB
Progress (5): 196/585 kB | 165 kB | 129 kB | 122/129 kB | 110 kB
Progress (5): 196/585 kB | 165 kB | 129 kB | 126/129 kB | 110 kB
Progress (5): 196/585 kB | 165 kB | 129 kB | 129 kB | 110 kB    
Progress (5): 200/585 kB | 165 kB | 129 kB | 129 kB | 110 kB
Progress (5): 204/585 kB | 165 kB | 129 kB | 129 kB | 110 kB
Progress (5): 208/585 kB | 165 kB | 129 kB | 129 kB | 110 kB
Progress (5): 212/585 kB | 165 kB | 129 kB | 129 kB | 110 kB
Progress (5): 217/585 kB | 165 kB | 129 kB | 129 kB | 110 kB
Progress (5): 221/585 kB | 165 kB | 129 kB | 129 kB | 110 kB
Progress (5): 225/585 kB | 165 kB | 129 kB | 129 kB | 110 kB
Progress (5): 229/585 kB | 165 kB | 129 kB | 129 kB | 110 kB
Progress (5): 233/585 kB | 165 kB | 129 kB | 129 kB | 110 kB
Progress (5): 237/585 kB | 165 kB | 129 kB | 129 kB | 110 kB
Progress (5): 241/585 kB | 165 kB | 129 kB | 129 kB | 110 kB
Progress (5): 245/585 kB | 165 kB | 129 kB | 129 kB | 110 kB
Progress (5): 249/585 kB | 165 kB | 129 kB | 129 kB | 110 kB
Progress (5): 253/585 kB | 165 kB | 129 kB | 129 kB | 110 kB
Progress (5): 258/585 kB | 165 kB | 129 kB | 129 kB | 110 kB
Progress (5): 262/585 kB | 165 kB | 129 kB | 129 kB | 110 kB
Progress (5): 266/585 kB | 165 kB | 129 kB | 129 kB | 110 kB
Progress (5): 270/585 kB | 165 kB | 129 kB | 129 kB | 110 kB
Progress (5): 274/585 kB | 165 kB | 129 kB | 129 kB | 110 kB
Progress (5): 278/585 kB | 165 kB | 129 kB | 129 kB | 110 kB
Progress (5): 282/585 kB | 165 kB | 129 kB | 129 kB | 110 kB
Progress (5): 286/585 kB | 165 kB | 129 kB | 129 kB | 110 kB
Progress (5): 290/585 kB | 165 kB | 129 kB | 129 kB | 110 kB
Progress (5): 294/585 kB | 165 kB | 129 kB | 129 kB | 110 kB
Progress (5): 298/585 kB | 165 kB | 129 kB | 129 kB | 110 kB
Progress (5): 303/585 kB | 165 kB | 129 kB | 129 kB | 110 kB
Progress (5): 307/585 kB | 165 kB | 129 kB | 129 kB | 110 kB
                                                            
Downloaded from central: https://repo.maven.apache.org/maven2/org/eclipse/jetty/jetty-io/9.4.8.v20171121/jetty-io-9.4.8.v20171121.jar (129 kB at 102 kB/s)
Progress (4): 311/585 kB | 165 kB | 129 kB | 110 kB
                                                   
Downloading from central: https://repo.maven.apache.org/maven2/org/eclipse/jetty/jetty-security/9.4.8.v20171121/jetty-security-9.4.8.v20171121.jar
Progress (4): 315/585 kB | 165 kB | 129 kB | 110 kB
Progress (4): 319/585 kB | 165 kB | 129 kB | 110 kB
Progress (4): 323/585 kB | 165 kB | 129 kB | 110 kB
Progress (4): 327/585 kB | 165 kB | 129 kB | 110 kB
Progress (4): 331/585 kB | 165 kB | 129 kB | 110 kB
Progress (4): 335/585 kB | 165 kB | 129 kB | 110 kB
Progress (4): 339/585 kB | 165 kB | 129 kB | 110 kB
Progress (4): 344/585 kB | 165 kB | 129 kB | 110 kB
Progress (4): 348/585 kB | 165 kB | 129 kB | 110 kB
Progress (4): 352/585 kB | 165 kB | 129 kB | 110 kB
Progress (4): 356/585 kB | 165 kB | 129 kB | 110 kB
Progress (4): 360/585 kB | 165 kB | 129 kB | 110 kB
Progress (4): 364/585 kB | 165 kB | 129 kB | 110 kB
Progress (4): 368/585 kB | 165 kB | 129 kB | 110 kB
Progress (4): 372/585 kB | 165 kB | 129 kB | 110 kB
Progress (4): 376/585 kB | 165 kB | 129 kB | 110 kB
Progress (4): 380/585 kB | 165 kB | 129 kB | 110 kB
Progress (4): 384/585 kB | 165 kB | 129 kB | 110 kB
Progress (4): 389/585 kB | 165 kB | 129 kB | 110 kB
Progress (4): 393/585 kB | 165 kB | 129 kB | 110 kB
Progress (4): 397/585 kB | 165 kB | 129 kB | 110 kB
Progress (4): 401/585 kB | 165 kB | 129 kB | 110 kB
Progress (4): 405/585 kB | 165 kB | 129 kB | 110 kB
Progress (4): 409/585 kB | 165 kB | 129 kB | 110 kB
                                                   
Downloaded from central: https://repo.maven.apache.org/maven2/org/eclipse/jetty/jetty-http/9.4.8.v20171121/jetty-http-9.4.8.v20171121.jar (165 kB at 129 kB/s)
Downloading from central: https://repo.maven.apache.org/maven2/org/eclipse/jetty/websocket/websocket-server/9.4.8.v20171121/websocket-server-9.4.8.v20171121.jar
Downloaded from central: https://repo.maven.apache.org/maven2/org/eclipse/jetty/jetty-servlet/9.4.8.v20171121/jetty-servlet-9.4.8.v20171121.jar (110 kB at 85 kB/s)
Downloading from central: https://repo.maven.apache.org/maven2/org/eclipse/jetty/websocket/websocket-common/9.4.8.v20171121/websocket-common-9.4.8.v20171121.jar
Downloaded from central: https://repo.maven.apache.org/maven2/org/eclipse/jetty/jetty-webapp/9.4.8.v20171121/jetty-webapp-9.4.8.v20171121.jar (129 kB at 94 kB/s)
Downloading from central: https://repo.maven.apache.org/maven2/org/eclipse/jetty/websocket/websocket-servlet/9.4.8.v20171121/websocket-servlet-9.4.8.v20171121.jar
Progress (1): 413/585 kB
Progress (1): 417/585 kB
Progress (1): 421/585 kB
Progress (1): 425/585 kB
Progress (1): 430/585 kB
Progress (1): 434/585 kB
Progress (1): 438/585 kB
Progress (1): 442/585 kB
Progress (1): 446/585 kB
Progress (1): 450/585 kB
Progress (1): 454/585 kB
Progress (1): 458/585 kB
Progress (1): 462/585 kB
Progress (1): 466/585 kB
Progress (1): 470/585 kB
Progress (1): 475/585 kB
Progress (1): 479/585 kB
Progress (1): 483/585 kB
Progress (1): 487/585 kB
Progress (1): 491/585 kB
Progress (1): 495/585 kB
Progress (1): 499/585 kB
Progress (1): 503/585 kB
Progress (1): 507/585 kB
Progress (1): 511/585 kB
Progress (1): 516/585 kB
Progress (1): 520/585 kB
Progress (1): 524/585 kB
Progress (1): 528/585 kB
Progress (1): 532/585 kB
Progress (1): 536/585 kB
Progress (1): 540/585 kB
Progress (1): 544/585 kB
Progress (1): 548/585 kB
Progress (1): 552/585 kB
Progress (1): 557/585 kB
Progress (2): 557/585 kB | 4.1/93 kB
Progress (2): 557/585 kB | 7.7/93 kB
Progress (2): 557/585 kB | 12/93 kB 
Progress (2): 557/585 kB | 16/93 kB
Progress (2): 561/585 kB | 16/93 kB
Progress (2): 565/585 kB | 16/93 kB
Progress (2): 569/585 kB | 16/93 kB
Progress (2): 573/585 kB | 16/93 kB
Progress (2): 573/585 kB | 20/93 kB
Progress (2): 573/585 kB | 24/93 kB
Progress (2): 573/585 kB | 28/93 kB
Progress (2): 577/585 kB | 28/93 kB
Progress (2): 577/585 kB | 32/93 kB
Progress (2): 581/585 kB | 32/93 kB
Progress (2): 585/585 kB | 32/93 kB
Progress (2): 585 kB | 32/93 kB    
Progress (2): 585 kB | 36/93 kB
Progress (2): 585 kB | 40/93 kB
Progress (2): 585 kB | 45/93 kB
Progress (2): 585 kB | 49/93 kB
Progress (2): 585 kB | 53/93 kB
Progress (2): 585 kB | 57/93 kB
Progress (2): 585 kB | 61/93 kB
Progress (2): 585 kB | 65/93 kB
Progress (2): 585 kB | 69/93 kB
Progress (2): 585 kB | 73/93 kB
Progress (2): 585 kB | 77/93 kB
Progress (2): 585 kB | 81/93 kB
Progress (3): 585 kB | 81/93 kB | 4.1/35 kB
Progress (3): 585 kB | 81/93 kB | 7.7/35 kB
Progress (3): 585 kB | 81/93 kB | 12/35 kB 
Progress (3): 585 kB | 81/93 kB | 16/35 kB
Progress (3): 585 kB | 81/93 kB | 20/35 kB
Progress (3): 585 kB | 81/93 kB | 24/35 kB
Progress (3): 585 kB | 81/93 kB | 28/35 kB
Progress (3): 585 kB | 81/93 kB | 32/35 kB
Progress (3): 585 kB | 81/93 kB | 35 kB   
Progress (4): 585 kB | 81/93 kB | 35 kB | 4.1/196 kB
Progress (4): 585 kB | 81/93 kB | 35 kB | 7.7/196 kB
Progress (4): 585 kB | 81/93 kB | 35 kB | 12/196 kB 
Progress (4): 585 kB | 81/93 kB | 35 kB | 16/196 kB
Progress (4): 585 kB | 81/93 kB | 35 kB | 20/196 kB
Progress (4): 585 kB | 81/93 kB | 35 kB | 24/196 kB
Progress (4): 585 kB | 81/93 kB | 35 kB | 28/196 kB
Progress (4): 585 kB | 81/93 kB | 35 kB | 32/196 kB
Progress (4): 585 kB | 81/93 kB | 35 kB | 36/196 kB
Progress (4): 585 kB | 81/93 kB | 35 kB | 40/196 kB
Progress (4): 585 kB | 81/93 kB | 35 kB | 45/196 kB
Progress (4): 585 kB | 81/93 kB | 35 kB | 49/196 kB
Progress (4): 585 kB | 81/93 kB | 35 kB | 53/196 kB
Progress (4): 585 kB | 81/93 kB | 35 kB | 57/196 kB
Progress (4): 585 kB | 81/93 kB | 35 kB | 61/196 kB
Progress (4): 585 kB | 81/93 kB | 35 kB | 65/196 kB
Progress (4): 585 kB | 81/93 kB | 35 kB | 69/196 kB
Progress (4): 585 kB | 81/93 kB | 35 kB | 73/196 kB
Progress (4): 585 kB | 81/93 kB | 35 kB | 77/196 kB
Progress (4): 585 kB | 81/93 kB | 35 kB | 81/196 kB
Progress (4): 585 kB | 81/93 kB | 35 kB | 85/196 kB
Progress (4): 585 kB | 81/93 kB | 35 kB | 90/196 kB
Progress (4): 585 kB | 81/93 kB | 35 kB | 94/196 kB
Progress (4): 585 kB | 81/93 kB | 35 kB | 98/196 kB
Progress (4): 585 kB | 81/93 kB | 35 kB | 102/196 kB
Progress (4): 585 kB | 81/93 kB | 35 kB | 106/196 kB
Progress (4): 585 kB | 81/93 kB | 35 kB | 110/196 kB
Progress (4): 585 kB | 81/93 kB | 35 kB | 114/196 kB
Progress (4): 585 kB | 81/93 kB | 35 kB | 118/196 kB
Progress (4): 585 kB | 81/93 kB | 35 kB | 122/196 kB
Progress (4): 585 kB | 81/93 kB | 35 kB | 126/196 kB
Progress (4): 585 kB | 81/93 kB | 35 kB | 131/196 kB
Progress (4): 585 kB | 81/93 kB | 35 kB | 135/196 kB
Progress (4): 585 kB | 81/93 kB | 35 kB | 139/196 kB
Progress (4): 585 kB | 81/93 kB | 35 kB | 143/196 kB
Progress (4): 585 kB | 81/93 kB | 35 kB | 147/196 kB
Progress (4): 585 kB | 81/93 kB | 35 kB | 151/196 kB
Progress (4): 585 kB | 81/93 kB | 35 kB | 155/196 kB
Progress (4): 585 kB | 81/93 kB | 35 kB | 159/196 kB
Progress (4): 585 kB | 81/93 kB | 35 kB | 163/196 kB
Progress (4): 585 kB | 81/93 kB | 35 kB | 167/196 kB
Progress (4): 585 kB | 81/93 kB | 35 kB | 171/196 kB
Progress (4): 585 kB | 81/93 kB | 35 kB | 176/196 kB
Progress (4): 585 kB | 81/93 kB | 35 kB | 180/196 kB
Progress (4): 585 kB | 81/93 kB | 35 kB | 184/196 kB
Progress (4): 585 kB | 81/93 kB | 35 kB | 188/196 kB
Progress (4): 585 kB | 81/93 kB | 35 kB | 192/196 kB
Progress (4): 585 kB | 81/93 kB | 35 kB | 196/196 kB
Progress (4): 585 kB | 81/93 kB | 35 kB | 196 kB    
Progress (5): 585 kB | 81/93 kB | 35 kB | 196 kB | 4.1/21 kB
Progress (5): 585 kB | 81/93 kB | 35 kB | 196 kB | 7.7/21 kB
Progress (5): 585 kB | 81/93 kB | 35 kB | 196 kB | 12/21 kB 
Progress (5): 585 kB | 81/93 kB | 35 kB | 196 kB | 16/21 kB
Progress (5): 585 kB | 81/93 kB | 35 kB | 196 kB | 20/21 kB
Progress (5): 585 kB | 81/93 kB | 35 kB | 196 kB | 21 kB   
Progress (5): 585 kB | 85/93 kB | 35 kB | 196 kB | 21 kB
Progress (5): 585 kB | 90/93 kB | 35 kB | 196 kB | 21 kB
Progress (5): 585 kB | 93 kB | 35 kB | 196 kB | 21 kB   
                                                     
Downloaded from central: https://repo.maven.apache.org/maven2/org/eclipse/jetty/jetty-server/9.4.8.v20171121/jetty-server-9.4.8.v20171121.jar (585 kB at 362 kB/s)
Downloading from central: https://repo.maven.apache.org/maven2/org/eclipse/jetty/websocket/websocket-api/9.4.8.v20171121/websocket-api-9.4.8.v20171121.jar
Downloaded from central: https://repo.maven.apache.org/maven2/org/eclipse/jetty/websocket/websocket-server/9.4.8.v20171121/websocket-server-9.4.8.v20171121.jar (35 kB at 21 kB/s)
Downloading from central: https://repo.maven.apache.org/maven2/org/powermock/powermock-module-junit4/1.6.6/powermock-module-junit4-1.6.6.jar
Downloaded from central: https://repo.maven.apache.org/maven2/org/eclipse/jetty/websocket/websocket-common/9.4.8.v20171121/websocket-common-9.4.8.v20171121.jar (196 kB at 117 kB/s)
Downloading from central: https://repo.maven.apache.org/maven2/org/powermock/powermock-module-junit4-common/1.6.6/powermock-module-junit4-common-1.6.6.jar
Downloaded from central: https://repo.maven.apache.org/maven2/org/eclipse/jetty/websocket/websocket-servlet/9.4.8.v20171121/websocket-servlet-9.4.8.v20171121.jar (21 kB at 12 kB/s)
Downloading from central: https://repo.maven.apache.org/maven2/org/powermock/powermock-reflect/1.6.6/powermock-reflect-1.6.6.jar
Downloaded from central: https://repo.maven.apache.org/maven2/org/eclipse/jetty/jetty-security/9.4.8.v20171121/jetty-security-9.4.8.v20171121.jar (93 kB at 52 kB/s)
Downloading from central: https://repo.maven.apache.org/maven2/org/powermock/powermock-api-mockito/1.6.6/powermock-api-mockito-1.6.6.jar
Progress (1): 4.1/42 kB
Progress (1): 7.7/42 kB
Progress (1): 12/42 kB 
Progress (1): 16/42 kB
Progress (1): 20/42 kB
Progress (1): 24/42 kB
Progress (1): 28/42 kB
Progress (1): 32/42 kB
Progress (1): 36/42 kB
Progress (1): 40/42 kB
Progress (1): 42 kB   
Progress (2): 42 kB | 4.1/46 kB
Progress (2): 42 kB | 7.7/46 kB
Progress (2): 42 kB | 12/46 kB 
Progress (2): 42 kB | 16/46 kB
Progress (2): 42 kB | 20/46 kB
Progress (2): 42 kB | 24/46 kB
Progress (2): 42 kB | 28/46 kB
Progress (2): 42 kB | 32/46 kB
Progress (2): 42 kB | 36/46 kB
Progress (2): 42 kB | 40/46 kB
Progress (2): 42 kB | 45/46 kB
Progress (2): 42 kB | 46 kB   
Progress (3): 42 kB | 46 kB | 4.1/16 kB
Progress (3): 42 kB | 46 kB | 7.7/16 kB
Progress (3): 42 kB | 46 kB | 12/16 kB 
Progress (3): 42 kB | 46 kB | 16/16 kB
Progress (3): 42 kB | 46 kB | 16 kB   
Progress (4): 42 kB | 46 kB | 16 kB | 4.1/82 kB
Progress (4): 42 kB | 46 kB | 16 kB | 7.7/82 kB
Progress (4): 42 kB | 46 kB | 16 kB | 12/82 kB 
Progress (4): 42 kB | 46 kB | 16 kB | 16/82 kB
Progress (4): 42 kB | 46 kB | 16 kB | 20/82 kB
Progress (4): 42 kB | 46 kB | 16 kB | 24/82 kB
Progress (4): 42 kB | 46 kB | 16 kB | 28/82 kB
Progress (4): 42 kB | 46 kB | 16 kB | 32/82 kB
Progress (4): 42 kB | 46 kB | 16 kB | 36/82 kB
Progress (4): 42 kB | 46 kB | 16 kB | 40/82 kB
Progress (4): 42 kB | 46 kB | 16 kB | 45/82 kB
Progress (4): 42 kB | 46 kB | 16 kB | 49/82 kB
Progress (4): 42 kB | 46 kB | 16 kB | 53/82 kB
Progress (4): 42 kB | 46 kB | 16 kB | 57/82 kB
Progress (4): 42 kB | 46 kB | 16 kB | 61/82 kB
Progress (4): 42 kB | 46 kB | 16 kB | 65/82 kB
Progress (4): 42 kB | 46 kB | 16 kB | 69/82 kB
Progress (4): 42 kB | 46 kB | 16 kB | 73/82 kB
Progress (4): 42 kB | 46 kB | 16 kB | 77/82 kB
Progress (4): 42 kB | 46 kB | 16 kB | 81/82 kB
Progress (4): 42 kB | 46 kB | 16 kB | 82 kB   
                                           
Downloaded from central: https://repo.maven.apache.org/maven2/org/eclipse/jetty/websocket/websocket-api/9.4.8.v20171121/websocket-api-9.4.8.v20171121.jar (42 kB at 21 kB/s)
Downloading from central: https://repo.maven.apache.org/maven2/org/powermock/powermock-api-mockito-common/1.6.6/powermock-api-mockito-common-1.6.6.jar
Progress (4): 46 kB | 16 kB | 82 kB | 0.8/60 kB
Progress (4): 46 kB | 16 kB | 82 kB | 3.5/60 kB
Progress (4): 46 kB | 16 kB | 82 kB | 4.9/60 kB
Progress (4): 46 kB | 16 kB | 82 kB | 7.6/60 kB
Progress (4): 46 kB | 16 kB | 82 kB | 9.0/60 kB
Progress (4): 46 kB | 16 kB | 82 kB | 12/60 kB 
Progress (4): 46 kB | 16 kB | 82 kB | 13/60 kB
Progress (4): 46 kB | 16 kB | 82 kB | 16/60 kB
Progress (4): 46 kB | 16 kB | 82 kB | 17/60 kB
Progress (4): 46 kB | 16 kB | 82 kB | 20/60 kB
Progress (4): 46 kB | 16 kB | 82 kB | 21/60 kB
Progress (4): 46 kB | 16 kB | 82 kB | 24/60 kB
Progress (4): 46 kB | 16 kB | 82 kB | 25/60 kB
Progress (4): 46 kB | 16 kB | 82 kB | 28/60 kB
Progress (4): 46 kB | 16 kB | 82 kB | 29/60 kB
Progress (4): 46 kB | 16 kB | 82 kB | 32/60 kB
Progress (4): 46 kB | 16 kB | 82 kB | 34/60 kB
Progress (4): 46 kB | 16 kB | 82 kB | 36/60 kB
Progress (4): 46 kB | 16 kB | 82 kB | 38/60 kB
Progress (4): 46 kB | 16 kB | 82 kB | 40/60 kB
Progress (4): 46 kB | 16 kB | 82 kB | 42/60 kB
Progress (4): 46 kB | 16 kB | 82 kB | 45/60 kB
Progress (4): 46 kB | 16 kB | 82 kB | 46/60 kB
Progress (4): 46 kB | 16 kB | 82 kB | 49/60 kB
Progress (4): 46 kB | 16 kB | 82 kB | 50/60 kB
Progress (4): 46 kB | 16 kB | 82 kB | 53/60 kB
Progress (4): 46 kB | 16 kB | 82 kB | 54/60 kB
Progress (4): 46 kB | 16 kB | 82 kB | 57/60 kB
Progress (4): 46 kB | 16 kB | 82 kB | 60/60 kB
Progress (4): 46 kB | 16 kB | 82 kB | 60 kB   
                                           
Downloaded from central: https://repo.maven.apache.org/maven2/org/powermock/powermock-module-junit4/1.6.6/powermock-module-junit4-1.6.6.jar (46 kB at 23 kB/s)
Downloading from central: https://repo.maven.apache.org/maven2/org/powermock/powermock-api-support/1.6.6/powermock-api-support-1.6.6.jar
Downloaded from central: https://repo.maven.apache.org/maven2/org/powermock/powermock-module-junit4-common/1.6.6/powermock-module-junit4-common-1.6.6.jar (16 kB at 7.8 kB/s)
Downloading from central: https://repo.maven.apache.org/maven2/com/google/code/gson/gson/2.4/gson-2.4.jar
Downloaded from central: https://repo.maven.apache.org/maven2/org/powermock/powermock-api-mockito/1.6.6/powermock-api-mockito-1.6.6.jar (82 kB at 38 kB/s)
Downloading from central: https://repo.maven.apache.org/maven2/org/eclipse/jetty/websocket/websocket-client/9.4.8.v20171121/websocket-client-9.4.8.v20171121.jar
Progress (2): 60 kB | 4.1/39 kB
Progress (2): 60 kB | 7.7/39 kB
Progress (2): 60 kB | 12/39 kB 
Progress (2): 60 kB | 16/39 kB
Progress (2): 60 kB | 20/39 kB
Progress (2): 60 kB | 24/39 kB
Progress (2): 60 kB | 28/39 kB
Progress (2): 60 kB | 32/39 kB
Progress (2): 60 kB | 36/39 kB
Progress (2): 60 kB | 39 kB   
                           
Downloaded from central: https://repo.maven.apache.org/maven2/org/powermock/powermock-reflect/1.6.6/powermock-reflect-1.6.6.jar (60 kB at 27 kB/s)
Downloading from central: https://repo.maven.apache.org/maven2/org/eclipse/jetty/jetty-client/9.4.8.v20171121/jetty-client-9.4.8.v20171121.jar
Progress (2): 39 kB | 4.1/21 kB
Progress (2): 39 kB | 7.7/21 kB
Progress (2): 39 kB | 12/21 kB 
Progress (2): 39 kB | 16/21 kB
Progress (2): 39 kB | 20/21 kB
Progress (2): 39 kB | 21 kB   
                           
Downloaded from central: https://repo.maven.apache.org/maven2/com/google/code/gson/gson/2.4/gson-2.4.jar (0 B at 0 B/s)
Downloading from central: https://repo.maven.apache.org/maven2/org/eclipse/jetty/jetty-util/9.4.8.v20171121/jetty-util-9.4.8.v20171121.jar
Progress (3): 39 kB | 21 kB | 2.2/35 kB
Progress (3): 39 kB | 21 kB | 5.0/35 kB
Progress (3): 39 kB | 21 kB | 7.7/35 kB
Progress (3): 39 kB | 21 kB | 10/35 kB 
Progress (3): 39 kB | 21 kB | 13/35 kB
Progress (3): 39 kB | 21 kB | 16/35 kB
Progress (3): 39 kB | 21 kB | 19/35 kB
Progress (3): 39 kB | 21 kB | 21/35 kB
Progress (3): 39 kB | 21 kB | 24/35 kB
Progress (3): 39 kB | 21 kB | 27/35 kB
Progress (3): 39 kB | 21 kB | 30/35 kB
Progress (3): 39 kB | 21 kB | 32/35 kB
Progress (3): 39 kB | 21 kB | 35/35 kB
Progress (3): 39 kB | 21 kB | 35 kB   
                                   
Downloaded from central: https://repo.maven.apache.org/maven2/org/powermock/powermock-api-mockito-common/1.6.6/powermock-api-mockito-common-1.6.6.jar (39 kB at 17 kB/s)
Downloading from central: https://repo.maven.apache.org/maven2/org/powermock/tests/powermock-tests-utils/1.6.6/powermock-tests-utils-1.6.6.jar
Downloaded from central: https://repo.maven.apache.org/maven2/org/powermock/powermock-api-support/1.6.6/powermock-api-support-1.6.6.jar (21 kB at 8.8 kB/s)
Downloading from central: https://repo.maven.apache.org/maven2/org/powermock/powermock-core/1.6.6/powermock-core-1.6.6.jar
Progress (2): 35 kB | 2.2/482 kB
Progress (2): 35 kB | 5.0/482 kB
Progress (2): 35 kB | 7.7/482 kB
Progress (2): 35 kB | 10/482 kB 
Progress (2): 35 kB | 13/482 kB
Progress (2): 35 kB | 16/482 kB
Progress (2): 35 kB | 19/482 kB
Progress (2): 35 kB | 21/482 kB
Progress (2): 35 kB | 24/482 kB
Progress (2): 35 kB | 27/482 kB
Progress (2): 35 kB | 30/482 kB
Progress (2): 35 kB | 32/482 kB
Progress (2): 35 kB | 36/482 kB
Progress (2): 35 kB | 40/482 kB
Progress (2): 35 kB | 45/482 kB
Progress (2): 35 kB | 49/482 kB
Progress (2): 35 kB | 53/482 kB
Progress (2): 35 kB | 57/482 kB
Progress (2): 35 kB | 61/482 kB
Progress (2): 35 kB | 65/482 kB
Progress (2): 35 kB | 69/482 kB
Progress (2): 35 kB | 73/482 kB
Progress (2): 35 kB | 77/482 kB
Progress (2): 35 kB | 81/482 kB
Progress (2): 35 kB | 85/482 kB
Progress (2): 35 kB | 90/482 kB
Progress (2): 35 kB | 94/482 kB
Progress (2): 35 kB | 98/482 kB
Progress (2): 35 kB | 102/482 kB
Progress (2): 35 kB | 106/482 kB
Progress (2): 35 kB | 110/482 kB
Progress (2): 35 kB | 114/482 kB
Progress (2): 35 kB | 118/482 kB
Progress (2): 35 kB | 122/482 kB
Progress (2): 35 kB | 126/482 kB
Progress (2): 35 kB | 131/482 kB
Progress (2): 35 kB | 135/482 kB
Progress (2): 35 kB | 139/482 kB
Progress (2): 35 kB | 143/482 kB
Progress (2): 35 kB | 147/482 kB
Progress (2): 35 kB | 151/482 kB
Progress (2): 35 kB | 155/482 kB
Progress (2): 35 kB | 159/482 kB
Progress (2): 35 kB | 163/482 kB
Progress (2): 35 kB | 167/482 kB
Progress (2): 35 kB | 171/482 kB
Progress (2): 35 kB | 176/482 kB
Progress (2): 35 kB | 180/482 kB
Progress (2): 35 kB | 184/482 kB
Progress (2): 35 kB | 188/482 kB
Progress (2): 35 kB | 192/482 kB
Progress (2): 35 kB | 196/482 kB
Progress (2): 35 kB | 200/482 kB
Progress (2): 35 kB | 204/482 kB
Progress (2): 35 kB | 208/482 kB
Progress (2): 35 kB | 212/482 kB
Progress (2): 35 kB | 217/482 kB
Progress (2): 35 kB | 221/482 kB
Progress (2): 35 kB | 225/482 kB
Progress (2): 35 kB | 229/482 kB
Progress (2): 35 kB | 233/482 kB
Progress (2): 35 kB | 237/482 kB
Progress (2): 35 kB | 241/482 kB
Progress (2): 35 kB | 245/482 kB
Progress (2): 35 kB | 249/482 kB
Progress (2): 35 kB | 253/482 kB
Progress (2): 35 kB | 258/482 kB
Progress (2): 35 kB | 262/482 kB
                                
Downloaded from central: https://repo.maven.apache.org/maven2/org/eclipse/jetty/websocket/websocket-client/9.4.8.v20171121/websocket-client-9.4.8.v20171121.jar (35 kB at 14 kB/s)
Progress (2): 262/482 kB | 2.2/275 kB
Progress (2): 262/482 kB | 5.0/275 kB
Progress (2): 262/482 kB | 7.7/275 kB
Progress (2): 262/482 kB | 10/275 kB 
Progress (2): 262/482 kB | 13/275 kB
Progress (2): 262/482 kB | 16/275 kB
Progress (2): 262/482 kB | 19/275 kB
Progress (2): 262/482 kB | 21/275 kB
Progress (2): 262/482 kB | 24/275 kB
Progress (2): 262/482 kB | 27/275 kB
Progress (2): 262/482 kB | 30/275 kB
Progress (2): 262/482 kB | 32/275 kB
Progress (2): 262/482 kB | 36/275 kB
Progress (2): 262/482 kB | 40/275 kB
Progress (2): 262/482 kB | 45/275 kB
Progress (2): 262/482 kB | 49/275 kB
Progress (2): 262/482 kB | 53/275 kB
Progress (2): 262/482 kB | 57/275 kB
Progress (2): 262/482 kB | 61/275 kB
Progress (2): 262/482 kB | 65/275 kB
Progress (2): 262/482 kB | 69/275 kB
Progress (2): 262/482 kB | 73/275 kB
Progress (2): 262/482 kB | 77/275 kB
Progress (2): 262/482 kB | 81/275 kB
Progress (2): 262/482 kB | 85/275 kB
Progress (2): 262/482 kB | 90/275 kB
Progress (2): 262/482 kB | 94/275 kB
Progress (2): 262/482 kB | 98/275 kB
Progress (2): 262/482 kB | 102/275 kB
Progress (2): 262/482 kB | 106/275 kB
Progress (2): 262/482 kB | 110/275 kB
Progress (2): 262/482 kB | 114/275 kB
Progress (3): 262/482 kB | 114/275 kB | 4.1/122 kB
Progress (3): 262/482 kB | 114/275 kB | 7.7/122 kB
Progress (3): 262/482 kB | 114/275 kB | 12/122 kB 
Progress (3): 262/482 kB | 114/275 kB | 16/122 kB
Progress (3): 262/482 kB | 114/275 kB | 20/122 kB
Progress (3): 262/482 kB | 114/275 kB | 24/122 kB
Progress (3): 262/482 kB | 114/275 kB | 28/122 kB
Progress (3): 262/482 kB | 114/275 kB | 32/122 kB
Progress (3): 262/482 kB | 114/275 kB | 36/122 kB
Progress (3): 262/482 kB | 114/275 kB | 40/122 kB
Progress (3): 262/482 kB | 114/275 kB | 45/122 kB
Progress (3): 262/482 kB | 114/275 kB | 49/122 kB
Progress (4): 262/482 kB | 114/275 kB | 49/122 kB | 4.1/110 kB
Progress (4): 262/482 kB | 114/275 kB | 49/122 kB | 7.7/110 kB
Progress (4): 262/482 kB | 114/275 kB | 53/122 kB | 7.7/110 kB
Progress (4): 262/482 kB | 114/275 kB | 53/122 kB | 12/110 kB 
Progress (4): 262/482 kB | 114/275 kB | 57/122 kB | 12/110 kB
Progress (4): 262/482 kB | 114/275 kB | 57/122 kB | 16/110 kB
Progress (4): 262/482 kB | 114/275 kB | 61/122 kB | 16/110 kB
Progress (4): 262/482 kB | 114/275 kB | 65/122 kB | 16/110 kB
Progress (4): 262/482 kB | 114/275 kB | 65/122 kB | 20/110 kB
Progress (4): 262/482 kB | 114/275 kB | 65/122 kB | 24/110 kB
Progress (4): 262/482 kB | 114/275 kB | 69/122 kB | 24/110 kB
Progress (4): 262/482 kB | 114/275 kB | 69/122 kB | 28/110 kB
Progress (4): 262/482 kB | 114/275 kB | 73/122 kB | 28/110 kB
Progress (4): 262/482 kB | 114/275 kB | 73/122 kB | 32/110 kB
Progress (4): 262/482 kB | 114/275 kB | 77/122 kB | 32/110 kB
Progress (4): 262/482 kB | 114/275 kB | 81/122 kB | 32/110 kB
Progress (4): 262/482 kB | 114/275 kB | 85/122 kB | 32/110 kB
Progress (4): 262/482 kB | 114/275 kB | 90/122 kB | 32/110 kB
Progress (4): 262/482 kB | 114/275 kB | 90/122 kB | 36/110 kB
Progress (4): 262/482 kB | 114/275 kB | 94/122 kB | 36/110 kB
Progress (4): 262/482 kB | 114/275 kB | 94/122 kB | 40/110 kB
Progress (4): 262/482 kB | 114/275 kB | 98/122 kB | 40/110 kB
Progress (4): 262/482 kB | 114/275 kB | 98/122 kB | 45/110 kB
Progress (4): 262/482 kB | 114/275 kB | 102/122 kB | 45/110 kB
Progress (4): 262/482 kB | 114/275 kB | 102/122 kB | 49/110 kB
Progress (4): 262/482 kB | 114/275 kB | 106/122 kB | 49/110 kB
Progress (4): 262/482 kB | 114/275 kB | 110/122 kB | 49/110 kB
Progress (4): 262/482 kB | 114/275 kB | 114/122 kB | 49/110 kB
Progress (4): 262/482 kB | 114/275 kB | 114/122 kB | 53/110 kB
Progress (4): 262/482 kB | 114/275 kB | 118/122 kB | 53/110 kB
Progress (4): 262/482 kB | 114/275 kB | 118/122 kB | 57/110 kB
Progress (4): 262/482 kB | 114/275 kB | 122 kB | 57/110 kB    
Progress (4): 262/482 kB | 114/275 kB | 122 kB | 61/110 kB
Progress (4): 262/482 kB | 114/275 kB | 122 kB | 65/110 kB
Progress (4): 262/482 kB | 114/275 kB | 122 kB | 69/110 kB
Progress (4): 262/482 kB | 114/275 kB | 122 kB | 73/110 kB
Progress (4): 262/482 kB | 114/275 kB | 122 kB | 77/110 kB
Progress (4): 262/482 kB | 114/275 kB | 122 kB | 81/110 kB
Progress (4): 262/482 kB | 114/275 kB | 122 kB | 85/110 kB
Progress (4): 262/482 kB | 114/275 kB | 122 kB | 90/110 kB
Progress (4): 262/482 kB | 114/275 kB | 122 kB | 94/110 kB
Progress (4): 262/482 kB | 114/275 kB | 122 kB | 98/110 kB
Progress (4): 262/482 kB | 114/275 kB | 122 kB | 102/110 kB
Progress (4): 262/482 kB | 114/275 kB | 122 kB | 106/110 kB
Progress (4): 262/482 kB | 114/275 kB | 122 kB | 110 kB    
Progress (4): 266/482 kB | 114/275 kB | 122 kB | 110 kB
Progress (4): 270/482 kB | 114/275 kB | 122 kB | 110 kB
Progress (4): 274/482 kB | 114/275 kB | 122 kB | 110 kB
Progress (4): 278/482 kB | 114/275 kB | 122 kB | 110 kB
Progress (4): 282/482 kB | 114/275 kB | 122 kB | 110 kB
Progress (4): 286/482 kB | 114/275 kB | 122 kB | 110 kB
Progress (4): 290/482 kB | 114/275 kB | 122 kB | 110 kB
Progress (4): 294/482 kB | 114/275 kB | 122 kB | 110 kB
Progress (4): 298/482 kB | 114/275 kB | 122 kB | 110 kB
Progress (4): 303/482 kB | 114/275 kB | 122 kB | 110 kB
Progress (4): 307/482 kB | 114/275 kB | 122 kB | 110 kB
Progress (4): 311/482 kB | 114/275 kB | 122 kB | 110 kB
Progress (4): 315/482 kB | 114/275 kB | 122 kB | 110 kB
Progress (4): 319/482 kB | 114/275 kB | 122 kB | 110 kB
Progress (4): 323/482 kB | 114/275 kB | 122 kB | 110 kB
Progress (4): 327/482 kB | 114/275 kB | 122 kB | 110 kB
Progress (4): 331/482 kB | 114/275 kB | 122 kB | 110 kB
Progress (4): 335/482 kB | 114/275 kB | 122 kB | 110 kB
Progress (4): 339/482 kB | 114/275 kB | 122 kB | 110 kB
Progress (4): 344/482 kB | 114/275 kB | 122 kB | 110 kB
Progress (4): 344/482 kB | 118/275 kB | 122 kB | 110 kB
Progress (4): 344/482 kB | 122/275 kB | 122 kB | 110 kB
Progress (4): 344/482 kB | 126/275 kB | 122 kB | 110 kB
Progress (4): 344/482 kB | 131/275 kB | 122 kB | 110 kB
Progress (4): 344/482 kB | 135/275 kB | 122 kB | 110 kB
Progress (4): 344/482 kB | 139/275 kB | 122 kB | 110 kB
Progress (4): 344/482 kB | 143/275 kB | 122 kB | 110 kB
Progress (4): 344/482 kB | 147/275 kB | 122 kB | 110 kB
Progress (4): 344/482 kB | 151/275 kB | 122 kB | 110 kB
Progress (4): 344/482 kB | 155/275 kB | 122 kB | 110 kB
Progress (4): 344/482 kB | 159/275 kB | 122 kB | 110 kB
Progress (4): 344/482 kB | 163/275 kB | 122 kB | 110 kB
Progress (4): 344/482 kB | 167/275 kB | 122 kB | 110 kB
Progress (4): 344/482 kB | 171/275 kB | 122 kB | 110 kB
Progress (4): 344/482 kB | 176/275 kB | 122 kB | 110 kB
Progress (4): 344/482 kB | 180/275 kB | 122 kB | 110 kB
Progress (4): 344/482 kB | 184/275 kB | 122 kB | 110 kB
Progress (4): 344/482 kB | 188/275 kB | 122 kB | 110 kB
Progress (4): 344/482 kB | 192/275 kB | 122 kB | 110 kB
Progress (4): 344/482 kB | 196/275 kB | 122 kB | 110 kB
Progress (4): 344/482 kB | 200/275 kB | 122 kB | 110 kB
Progress (4): 344/482 kB | 204/275 kB | 122 kB | 110 kB
Progress (4): 344/482 kB | 208/275 kB | 122 kB | 110 kB
Progress (4): 344/482 kB | 212/275 kB | 122 kB | 110 kB
Progress (4): 344/482 kB | 217/275 kB | 122 kB | 110 kB
Progress (4): 344/482 kB | 221/275 kB | 122 kB | 110 kB
Progress (4): 344/482 kB | 225/275 kB | 122 kB | 110 kB
Progress (4): 344/482 kB | 229/275 kB | 122 kB | 110 kB
Progress (4): 344/482 kB | 233/275 kB | 122 kB | 110 kB
Progress (4): 344/482 kB | 237/275 kB | 122 kB | 110 kB
Progress (4): 344/482 kB | 241/275 kB | 122 kB | 110 kB
Progress (4): 344/482 kB | 245/275 kB | 122 kB | 110 kB
Progress (4): 344/482 kB | 249/275 kB | 122 kB | 110 kB
Progress (4): 344/482 kB | 253/275 kB | 122 kB | 110 kB
Progress (4): 344/482 kB | 258/275 kB | 122 kB | 110 kB
Progress (4): 344/482 kB | 262/275 kB | 122 kB | 110 kB
Progress (4): 344/482 kB | 266/275 kB | 122 kB | 110 kB
Progress (4): 344/482 kB | 270/275 kB | 122 kB | 110 kB
Progress (4): 344/482 kB | 274/275 kB | 122 kB | 110 kB
Progress (4): 344/482 kB | 275 kB | 122 kB | 110 kB    
                                                   
Downloaded from central: https://repo.maven.apache.org/maven2/org/powermock/powermock-core/1.6.6/powermock-core-1.6.6.jar (122 kB at 44 kB/s)
Downloaded from central: https://repo.maven.apache.org/maven2/org/powermock/tests/powermock-tests-utils/1.6.6/powermock-tests-utils-1.6.6.jar (110 kB at 40 kB/s)
Progress (2): 348/482 kB | 275 kB
Progress (2): 352/482 kB | 275 kB
Progress (2): 356/482 kB | 275 kB
Progress (2): 360/482 kB | 275 kB
Progress (2): 364/482 kB | 275 kB
Progress (2): 368/482 kB | 275 kB
Progress (2): 372/482 kB | 275 kB
Progress (2): 376/482 kB | 275 kB
Progress (2): 380/482 kB | 275 kB
Progress (2): 384/482 kB | 275 kB
Progress (2): 389/482 kB | 275 kB
Progress (2): 393/482 kB | 275 kB
Progress (2): 397/482 kB | 275 kB
Progress (2): 401/482 kB | 275 kB
Progress (2): 405/482 kB | 275 kB
Progress (2): 409/482 kB | 275 kB
Progress (2): 413/482 kB | 275 kB
Progress (2): 417/482 kB | 275 kB
Progress (2): 421/482 kB | 275 kB
Progress (2): 425/482 kB | 275 kB
Progress (2): 430/482 kB | 275 kB
Progress (2): 434/482 kB | 275 kB
Progress (2): 438/482 kB | 275 kB
Progress (2): 442/482 kB | 275 kB
Progress (2): 446/482 kB | 275 kB
Progress (2): 450/482 kB | 275 kB
Progress (2): 454/482 kB | 275 kB
Progress (2): 458/482 kB | 275 kB
Progress (2): 462/482 kB | 275 kB
Progress (2): 466/482 kB | 275 kB
Progress (2): 470/482 kB | 275 kB
Progress (2): 475/482 kB | 275 kB
Progress (2): 479/482 kB | 275 kB
Progress (2): 482 kB | 275 kB    
                             
Downloaded from central: https://repo.maven.apache.org/maven2/org/eclipse/jetty/jetty-client/9.4.8.v20171121/jetty-client-9.4.8.v20171121.jar (275 kB at 94 kB/s)
Downloaded from central: https://repo.maven.apache.org/maven2/org/eclipse/jetty/jetty-util/9.4.8.v20171121/jetty-util-9.4.8.v20171121.jar (482 kB at 163 kB/s)
[INFO] 
[INFO] --- maven-clean-plugin:2.5:clean (default-clean) @ spark-core ---
[INFO] 
[INFO] --- maven-dependency-plugin:2.8:list (default-cli) @ spark-core ---
[INFO] 
[INFO] The following files have been resolved:
[INFO]    org.eclipse.jetty:jetty-xml:jar:9.4.8.v20171121:compile
[INFO]    org.powermock:powermock-api-support:jar:1.6.6:test
[INFO]    org.eclipse.jetty.websocket:websocket-servlet:jar:9.4.8.v20171121:compile
[INFO]    org.eclipse.jetty:jetty-server:jar:9.4.8.v20171121:compile
[INFO]    org.eclipse.jetty:jetty-io:jar:9.4.8.v20171121:compile
[INFO]    org.powermock:powermock-api-mockito:jar:1.6.6:test
[INFO]    org.eclipse.jetty:jetty-security:jar:9.4.8.v20171121:compile
[INFO]    org.powermock:powermock-module-junit4:jar:1.6.6:test
[INFO]    org.eclipse.jetty:jetty-servlet:jar:9.4.8.v20171121:compile
[INFO]    org.mockito:mockito-core:jar:1.10.19:test
[INFO]    com.google.code.gson:gson:jar:2.4:test
[INFO]    org.eclipse.jetty.websocket:websocket-client:jar:9.4.8.v20171121:test
[INFO]    org.powermock:powermock-reflect:jar:1.6.6:test
[INFO]    org.apache.httpcomponents:httpcore:jar:4.4.3:test
[INFO]    org.objenesis:objenesis:jar:2.1:test
[INFO]    org.javassist:javassist:jar:3.21.0-GA:test
[INFO]    org.eclipse.jetty.websocket:websocket-server:jar:9.4.8.v20171121:compile
[INFO]    org.eclipse.jetty.websocket:websocket-common:jar:9.4.8.v20171121:compile
[INFO]    org.eclipse.jetty:jetty-util:jar:9.4.8.v20171121:compile
[INFO]    org.freemarker:freemarker:jar:2.3.23:test
[INFO]    javax.servlet:javax.servlet-api:jar:3.1.0:compile
[INFO]    org.hamcrest:hamcrest-core:jar:1.3:test
[INFO]    commons-codec:commons-codec:jar:1.9:test
[INFO]    org.slf4j:slf4j-api:jar:1.7.13:compile
[INFO]    org.eclipse.jetty:jetty-webapp:jar:9.4.8.v20171121:compile
[INFO]    org.eclipse.jetty:jetty-client:jar:9.4.8.v20171121:test
[INFO]    junit:junit:jar:4.12:test
[INFO]    commons-logging:commons-logging:jar:1.2:test
[INFO]    org.slf4j:slf4j-simple:jar:1.7.13:test
[INFO]    org.powermock.tests:powermock-tests-utils:jar:1.6.6:test
[INFO]    javax.servlet:servlet-api:jar:2.5:test
[INFO]    org.powermock:powermock-module-junit4-common:jar:1.6.6:test
[INFO]    org.powermock:powermock-core:jar:1.6.6:test
[INFO]    org.apache.httpcomponents:httpclient:jar:4.5.1:test
[INFO]    org.powermock:powermock-api-mockito-common:jar:1.6.6:test
[INFO]    org.eclipse.jetty:jetty-http:jar:9.4.8.v20171121:compile
[INFO]    org.eclipse.jetty.websocket:websocket-api:jar:9.4.8.v20171121:compile
[INFO] 
[INFO] 
[INFO] --- maven-enforcer-plugin:1.4:enforce (enforce-maven) @ spark-core ---
[INFO] 
[INFO] --- maven-enforcer-plugin:1.4:enforce (enforce-java) @ spark-core ---
[INFO] 
[INFO] --- maven-resources-plugin:3.1.0:resources (default-resources) @ spark-core ---
[INFO] Using 'UTF-8' encoding to copy filtered resources.
[INFO] skip non existing resourceDirectory /home/cgzhu/projects/gitslice/resources/facts/upgrade_jars_exp/_downloads/spark/src/main/resources
[INFO] Copying 0 resource
[INFO] 
[INFO] --- maven-compiler-plugin:3.3:compile (default-compile) @ spark-core ---
[INFO] Changes detected - recompiling the module!
[INFO] Compiling 99 source files to /home/cgzhu/projects/gitslice/resources/facts/upgrade_jars_exp/_downloads/spark/target/classes
[INFO] /home/cgzhu/projects/gitslice/resources/facts/upgrade_jars_exp/_downloads/spark/src/main/java/spark/staticfiles/MimeType.java: Some input files use unchecked or unsafe operations.
[INFO] /home/cgzhu/projects/gitslice/resources/facts/upgrade_jars_exp/_downloads/spark/src/main/java/spark/staticfiles/MimeType.java: Recompile with -Xlint:unchecked for details.
[INFO] 
[INFO] --- maven-resources-plugin:3.1.0:testResources (default-testResources) @ spark-core ---
[INFO] Using 'UTF-8' encoding to copy filtered resources.
[INFO] Copying 12 resources
[INFO] 
[INFO] --- maven-compiler-plugin:3.3:testCompile (default-testCompile) @ spark-core ---
[INFO] Changes detected - recompiling the module!
[INFO] Compiling 80 source files to /home/cgzhu/projects/gitslice/resources/facts/upgrade_jars_exp/_downloads/spark/target/test-classes
[INFO] /home/cgzhu/projects/gitslice/resources/facts/upgrade_jars_exp/_downloads/spark/src/test/java/spark/StaticFilesMemberTest.java: /home/cgzhu/projects/gitslice/resources/facts/upgrade_jars_exp/_downloads/spark/src/test/java/spark/StaticFilesMemberTest.java uses unchecked or unsafe operations.
[INFO] /home/cgzhu/projects/gitslice/resources/facts/upgrade_jars_exp/_downloads/spark/src/test/java/spark/StaticFilesMemberTest.java: Recompile with -Xlint:unchecked for details.
[INFO] 
[INFO] --- maven-surefire-plugin:2.18.1:test (default-test) @ spark-core ---
[INFO] Surefire report directory: /home/cgzhu/projects/gitslice/resources/facts/upgrade_jars_exp/_downloads/spark/target/surefire-reports

-------------------------------------------------------
 T E S T S
-------------------------------------------------------
Running spark.SessionTest
Tests run: 15, Failures: 0, Errors: 0, Skipped: 0, Time elapsed: 0.103 sec - in spark.SessionTest
Running spark.BooksIntegrationTest
[Thread-0] INFO org.eclipse.jetty.util.log - Logging initialized @207ms to org.eclipse.jetty.util.log.Slf4jLog
[Thread-0] INFO spark.embeddedserver.jetty.EmbeddedJettyServer - == Spark has ignited ...
[Thread-0] INFO spark.embeddedserver.jetty.EmbeddedJettyServer - >> Listening on 0.0.0.0:4567
[Thread-0] INFO org.eclipse.jetty.server.Server - jetty-9.4.8.v20171121, build timestamp: 2017-11-22T05:27:37+08:00, git hash: 82b8fb23f757335bb3329d540ce37a2a2615f0a8
[Thread-0] INFO org.eclipse.jetty.server.session - DefaultSessionIdManager workerName=node0
[Thread-0] INFO org.eclipse.jetty.server.session - No SessionScavenger set, using defaults
[Thread-0] INFO org.eclipse.jetty.server.session - Scavenging every 660000ms
[Thread-0] INFO org.eclipse.jetty.server.AbstractConnector - Started ServerConnector@2ebc74b8{HTTP/1.1,[http/1.1]}{0.0.0.0:4567}
[Thread-0] INFO org.eclipse.jetty.server.Server - Started @318ms
Tests run: 7, Failures: 0, Errors: 0, Skipped: 0, Time elapsed: 0.287 sec - in spark.BooksIntegrationTest
[Thread-12] INFO spark.embeddedserver.jetty.EmbeddedJettyServer - >>> Spark shutting down ...
Running spark.FilterImplTest
Tests run: 4, Failures: 0, Errors: 0, Skipped: 0, Time elapsed: 0.004 sec - in spark.FilterImplTest
Running spark.ResponseWrapperDelegationTest
[Thread-1] INFO org.eclipse.jetty.util.log - Logging initialized @365ms to org.eclipse.jetty.util.log.Slf4jLog
[Thread-1] INFO spark.embeddedserver.jetty.EmbeddedJettyServer - == Spark has ignited ...
[Thread-1] INFO spark.embeddedserver.jetty.EmbeddedJettyServer - >> Listening on 0.0.0.0:4567
[Thread-1] INFO org.eclipse.jetty.server.Server - jetty-9.4.8.v20171121, build timestamp: 2017-11-22T05:27:37+08:00, git hash: 82b8fb23f757335bb3329d540ce37a2a2615f0a8
[Thread-1] INFO org.eclipse.jetty.server.session - DefaultSessionIdManager workerName=node0
[Thread-1] INFO org.eclipse.jetty.server.session - No SessionScavenger set, using defaults
[Thread-1] INFO org.eclipse.jetty.server.session - Scavenging every 600000ms
[Thread-1] INFO org.eclipse.jetty.server.AbstractConnector - Started ServerConnector@213ebfe2{HTTP/1.1,[http/1.1]}{0.0.0.0:4567}
[Thread-1] INFO org.eclipse.jetty.server.Server - Started @450ms
[Thread-13] INFO spark.embeddedserver.jetty.EmbeddedJettyServer - >>> Spark shutting down ...
Tests run: 2, Failures: 0, Errors: 0, Skipped: 0, Time elapsed: 0.434 sec - in spark.ResponseWrapperDelegationTest
Running spark.MultipleServicesTest
[main] INFO spark.staticfiles.StaticFilesConfiguration - StaticResourceHandler configured with folder = /public
[Thread-2] INFO org.eclipse.jetty.util.log - Logging initialized @386ms to org.eclipse.jetty.util.log.Slf4jLog
[Thread-2] INFO spark.embeddedserver.jetty.EmbeddedJettyServer - == Spark has ignited ...
[Thread-1] INFO spark.embeddedserver.jetty.EmbeddedJettyServer - == Spark has ignited ...
[Thread-2] INFO spark.embeddedserver.jetty.EmbeddedJettyServer - >> Listening on 0.0.0.0:1234
[Thread-1] INFO spark.embeddedserver.jetty.EmbeddedJettyServer - >> Listening on 0.0.0.0:4567
[Thread-2] INFO org.eclipse.jetty.server.Server - jetty-9.4.8.v20171121, build timestamp: 2017-11-22T05:27:37+08:00, git hash: 82b8fb23f757335bb3329d540ce37a2a2615f0a8
[Thread-1] INFO org.eclipse.jetty.server.Server - jetty-9.4.8.v20171121, build timestamp: 2017-11-22T05:27:37+08:00, git hash: 82b8fb23f757335bb3329d540ce37a2a2615f0a8
[Thread-2] INFO org.eclipse.jetty.server.session - DefaultSessionIdManager workerName=node0
[Thread-2] INFO org.eclipse.jetty.server.session - No SessionScavenger set, using defaults
[Thread-1] INFO org.eclipse.jetty.server.session - DefaultSessionIdManager workerName=node0
[Thread-1] INFO org.eclipse.jetty.server.session - No SessionScavenger set, using defaults
[Thread-2] INFO org.eclipse.jetty.server.session - Scavenging every 660000ms
[Thread-1] INFO org.eclipse.jetty.server.session - Scavenging every 660000ms
[Thread-2] INFO org.eclipse.jetty.server.AbstractConnector - Started ServerConnector@53c135ce{HTTP/1.1,[http/1.1]}{0.0.0.0:1234}
[Thread-2] INFO org.eclipse.jetty.server.Server - Started @471ms
[Thread-1] INFO org.eclipse.jetty.server.AbstractConnector - Started ServerConnector@1994344f{HTTP/1.1,[http/1.1]}{0.0.0.0:4567}
[Thread-1] INFO org.eclipse.jetty.server.Server - Started @471ms
[qtp383245603-28] INFO spark.http.matching.MatcherFilter - The requested route [/css/style.css] has not been mapped in Spark for Accept: [text/html]
[qtp383245603-32] INFO spark.http.matching.MatcherFilter - The requested route [/uniqueforsecond] has not been mapped in Spark for Accept: [text/html]
[Thread-23] INFO spark.embeddedserver.jetty.EmbeddedJettyServer - >>> Spark shutting down ...
Tests run: 6, Failures: 0, Errors: 0, Skipped: 0, Time elapsed: 0.456 sec - in spark.MultipleServicesTest
[Thread-24] INFO spark.embeddedserver.jetty.EmbeddedJettyServer - >>> Spark shutting down ...
Running spark.GenericSecureIntegrationTest
[Thread-1] INFO org.eclipse.jetty.util.log - Logging initialized @390ms to org.eclipse.jetty.util.log.Slf4jLog
[Thread-1] INFO spark.embeddedserver.jetty.EmbeddedJettyServer - == Spark has ignited ...
[Thread-1] INFO spark.embeddedserver.jetty.EmbeddedJettyServer - >> Listening on 0.0.0.0:4567
[Thread-1] INFO org.eclipse.jetty.server.Server - jetty-9.4.8.v20171121, build timestamp: 2017-11-22T05:27:37+08:00, git hash: 82b8fb23f757335bb3329d540ce37a2a2615f0a8
[Thread-1] INFO org.eclipse.jetty.server.session - DefaultSessionIdManager workerName=node0
[Thread-1] INFO org.eclipse.jetty.server.session - No SessionScavenger set, using defaults
[Thread-1] INFO org.eclipse.jetty.server.session - Scavenging every 600000ms
[Thread-1] INFO org.eclipse.jetty.util.ssl.SslContextFactory - x509=X509@20629bd4(selfsigned,h=[],w=[]) for SslContextFactory@608501b2[provider=null,keyStore=file:///home/cgzhu/projects/gitslice/resources/facts/upgrade_jars_exp/_downloads/spark/src/test/resources/keystore.jks,trustStore=null]
[Thread-1] INFO org.eclipse.jetty.server.AbstractConnector - Started ServerConnector@312cddeb{SSL,[ssl, http/1.1]}{0.0.0.0:4567}
[Thread-1] INFO org.eclipse.jetty.server.Server - Started @492ms
[qtp206028543-23] INFO spark.http.matching.MatcherFilter - The requested route [/no/resource] has not been mapped in Spark for Accept: [text/html]
[main] INFO spark.GenericSecureIntegrationTest - Body was: Fo shizzy
[main] INFO spark.GenericSecureIntegrationTest - Body was: Fo shizzy
[Thread-13] INFO spark.embeddedserver.jetty.EmbeddedJettyServer - >>> Spark shutting down ...
Tests run: 12, Failures: 0, Errors: 0, Skipped: 0, Time elapsed: 0.538 sec - in spark.GenericSecureIntegrationTest
Running spark.BodyAvailabilityTest
[Thread-1] INFO org.eclipse.jetty.util.log - Logging initialized @384ms to org.eclipse.jetty.util.log.Slf4jLog
[Thread-1] INFO spark.embeddedserver.jetty.EmbeddedJettyServer - == Spark has ignited ...
[Thread-1] INFO spark.embeddedserver.jetty.EmbeddedJettyServer - >> Listening on 0.0.0.0:4567
[Thread-1] INFO org.eclipse.jetty.server.Server - jetty-9.4.8.v20171121, build timestamp: 2017-11-22T05:27:37+08:00, git hash: 82b8fb23f757335bb3329d540ce37a2a2615f0a8
[Thread-1] INFO org.eclipse.jetty.server.session - DefaultSessionIdManager workerName=node0
[Thread-1] INFO org.eclipse.jetty.server.session - No SessionScavenger set, using defaults
[Thread-1] INFO org.eclipse.jetty.server.session - Scavenging every 660000ms
[Thread-1] INFO org.eclipse.jetty.server.AbstractConnector - Started ServerConnector@27a63b96{HTTP/1.1,[http/1.1]}{0.0.0.0:4567}
[Thread-1] INFO org.eclipse.jetty.server.Server - Started @470ms
[main] INFO spark.BodyAvailabilityTest - the body content
[Thread-13] INFO spark.embeddedserver.jetty.EmbeddedJettyServer - >>> Spark shutting down ...
Tests run: 1, Failures: 0, Errors: 0, Skipped: 0, Time elapsed: 0.434 sec - in spark.BodyAvailabilityTest
Running spark.route.RouteEntryTest
Tests run: 9, Failures: 0, Errors: 0, Skipped: 0, Time elapsed: 0.006 sec - in spark.route.RouteEntryTest
Running spark.route.HttpMethodTest
Tests run: 2, Failures: 0, Errors: 0, Skipped: 0, Time elapsed: 0.003 sec - in spark.route.HttpMethodTest
Running spark.utils.SparkUtilsTest
Tests run: 5, Failures: 0, Errors: 0, Skipped: 0, Time elapsed: 0.006 sec - in spark.utils.SparkUtilsTest
Running spark.utils.CollectionUtilsTest
Tests run: 2, Failures: 0, Errors: 0, Skipped: 0, Time elapsed: 0.003 sec - in spark.utils.CollectionUtilsTest
Running spark.utils.ObjectUtilsTest
Tests run: 2, Failures: 0, Errors: 0, Skipped: 0, Time elapsed: 0.004 sec - in spark.utils.ObjectUtilsTest
Running spark.utils.MimeParseTest
Tests run: 2, Failures: 0, Errors: 0, Skipped: 0, Time elapsed: 0.004 sec - in spark.utils.MimeParseTest
Running spark.StaticFilesFromArchiveTest
[main] INFO spark.staticfiles.StaticFilesConfiguration - StaticResourceHandler configured with folder = /public-jar
[Thread-1] INFO org.eclipse.jetty.util.log - Logging initialized @394ms to org.eclipse.jetty.util.log.Slf4jLog
[Thread-1] INFO spark.embeddedserver.jetty.EmbeddedJettyServer - == Spark has ignited ...
[Thread-1] INFO spark.embeddedserver.jetty.EmbeddedJettyServer - >> Listening on 0.0.0.0:4567
[Thread-1] INFO org.eclipse.jetty.server.Server - jetty-9.4.8.v20171121, build timestamp: 2017-11-22T05:27:37+08:00, git hash: 82b8fb23f757335bb3329d540ce37a2a2615f0a8
[Thread-1] INFO org.eclipse.jetty.server.session - DefaultSessionIdManager workerName=node0
[Thread-1] INFO org.eclipse.jetty.server.session - No SessionScavenger set, using defaults
[Thread-1] INFO org.eclipse.jetty.server.session - Scavenging every 600000ms
[Thread-1] INFO org.eclipse.jetty.server.AbstractConnector - Started ServerConnector@340d6980{HTTP/1.1,[http/1.1]}{0.0.0.0:4567}
[Thread-1] INFO org.eclipse.jetty.server.Server - Started @487ms
Tests run: 1, Failures: 0, Errors: 0, Skipped: 0, Time elapsed: 0.462 sec - in spark.StaticFilesFromArchiveTest
Running spark.embeddedserver.EmbeddedServersTest
[main] INFO org.eclipse.jetty.util.log - Logging initialized @178ms to org.eclipse.jetty.util.log.Slf4jLog
[main] INFO spark.embeddedserver.jetty.EmbeddedJettyServer - == Spark has ignited ...
[main] INFO spark.embeddedserver.jetty.EmbeddedJettyServer - >> Listening on localhost:33807
[main] INFO org.eclipse.jetty.server.Server - jetty-9.4.8.v20171121, build timestamp: 2017-11-22T05:27:37+08:00, git hash: 82b8fb23f757335bb3329d540ce37a2a2615f0a8
[main] INFO org.eclipse.jetty.server.AbstractNCSARequestLog - Opened /tmp/junit698612266501099900/junit7831570386754623302/request.log
[main] INFO org.eclipse.jetty.server.session - DefaultSessionIdManager workerName=node0
[main] INFO org.eclipse.jetty.server.session - No SessionScavenger set, using defaults
[main] INFO org.eclipse.jetty.server.session - Scavenging every 600000ms
[main] INFO org.eclipse.jetty.server.AbstractConnector - Started ServerConnector@6591f517{HTTP/1.1,[http/1.1]}{localhost:33807}
[main] INFO org.eclipse.jetty.server.Server - Started @396ms
[main] INFO spark.embeddedserver.jetty.EmbeddedJettyServer - >>> Spark shutting down ...
[main] INFO org.eclipse.jetty.server.AbstractConnector - Stopped ServerConnector@6591f517{HTTP/1.1,[http/1.1]}{localhost:33807}
[main] INFO org.eclipse.jetty.server.session - Stopped scavenging
[main] INFO spark.embeddedserver.jetty.EmbeddedJettyServer - done
[Thread-9] INFO spark.embeddedserver.jetty.EmbeddedJettyServer - == Spark has ignited ...
[Thread-9] INFO spark.embeddedserver.jetty.EmbeddedJettyServer - >> Listening on 0.0.0.0:4567
[Thread-9] INFO org.eclipse.jetty.server.Server - jetty-9.4.8.v20171121, build timestamp: 2017-11-22T05:27:37+08:00, git hash: 82b8fb23f757335bb3329d540ce37a2a2615f0a8
[Thread-9] INFO org.eclipse.jetty.server.AbstractNCSARequestLog - Opened /tmp/junit6594830406113826959/junit7731752507219676803/request.log
[Thread-9] INFO org.eclipse.jetty.server.session - DefaultSessionIdManager workerName=node0
[Thread-9] INFO org.eclipse.jetty.server.session - No SessionScavenger set, using defaults
[Thread-9] INFO org.eclipse.jetty.server.session - Scavenging every 600000ms
[Thread-9] INFO org.eclipse.jetty.server.AbstractConnector - Started ServerConnector@d67cc86{HTTP/1.1,[http/1.1]}{0.0.0.0:4567}
[Thread-9] INFO org.eclipse.jetty.server.Server - Started @421ms
Tests run: 2, Failures: 0, Errors: 0, Skipped: 0, Time elapsed: 0.269 sec - in spark.embeddedserver.EmbeddedServersTest
[Thread-18] INFO spark.embeddedserver.jetty.EmbeddedJettyServer - >>> Spark shutting down ...
Running spark.embeddedserver.jetty.SocketConnectorFactoryTest
[main] INFO org.eclipse.jetty.util.log - Logging initialized @171ms to org.eclipse.jetty.util.log.Slf4jLog
Tests run: 7, Failures: 0, Errors: 0, Skipped: 0, Time elapsed: 0.102 sec - in spark.embeddedserver.jetty.SocketConnectorFactoryTest
Running spark.embeddedserver.jetty.JettyServerTest
[main] INFO org.eclipse.jetty.util.log - Logging initialized @158ms to org.eclipse.jetty.util.log.Slf4jLog
Tests run: 2, Failures: 0, Errors: 0, Skipped: 0, Time elapsed: 0.029 sec - in spark.embeddedserver.jetty.JettyServerTest
Running spark.embeddedserver.jetty.websocket.WebSocketCreatorFactoryTest
Tests run: 3, Failures: 0, Errors: 0, Skipped: 0, Time elapsed: 0.008 sec - in spark.embeddedserver.jetty.websocket.WebSocketCreatorFactoryTest
Running spark.embeddedserver.jetty.websocket.WebSocketServletContextHandlerFactoryTest
[main] INFO org.eclipse.jetty.util.log - Logging initialized @553ms to org.eclipse.jetty.util.log.Slf4jLog
[main] INFO org.eclipse.jetty.util.log - Logging initialized @809ms to org.eclipse.jetty.util.log.Slf4jLog
[main] ERROR spark.embeddedserver.jetty.websocket.WebSocketServletContextHandlerFactory - creation of websocket context handler failed.
java.lang.NullPointerException
	at org.eclipse.jetty.websocket.server.WebSocketUpgradeFilter.configureContext(WebSocketUpgradeFilter.java:62)
	at spark.embeddedserver.jetty.websocket.WebSocketServletContextHandlerFactory.create(WebSocketServletContextHandlerFactory.java:50)
	at spark.embeddedserver.jetty.websocket.WebSocketServletContextHandlerFactoryTest.testCreate_whenWebSocketContextHandlerCreationFails_thenThrowException(WebSocketServletContextHandlerFactoryTest.java:125)
	at sun.reflect.NativeMethodAccessorImpl.invoke0(Native Method)
	at sun.reflect.NativeMethodAccessorImpl.invoke(NativeMethodAccessorImpl.java:62)
	at sun.reflect.DelegatingMethodAccessorImpl.invoke(DelegatingMethodAccessorImpl.java:43)
	at java.lang.reflect.Method.invoke(Method.java:498)
	at org.junit.internal.runners.TestMethod.invoke(TestMethod.java:68)
	at org.powermock.modules.junit4.internal.impl.PowerMockJUnit44RunnerDelegateImpl$PowerMockJUnit44MethodRunner.runTestMethod(PowerMockJUnit44RunnerDelegateImpl.java:316)
	at org.junit.internal.runners.MethodRoadie$2.run(MethodRoadie.java:89)
	at org.junit.internal.runners.MethodRoadie.runBeforesThenTestThenAfters(MethodRoadie.java:97)
	at org.powermock.modules.junit4.internal.impl.PowerMockJUnit44RunnerDelegateImpl$PowerMockJUnit44MethodRunner.executeTest(PowerMockJUnit44RunnerDelegateImpl.java:300)
	at org.powermock.modules.junit4.internal.impl.PowerMockJUnit47RunnerDelegateImpl$PowerMockJUnit47MethodRunner.executeTestInSuper(PowerMockJUnit47RunnerDelegateImpl.java:131)
	at org.powermock.modules.junit4.internal.impl.PowerMockJUnit47RunnerDelegateImpl$PowerMockJUnit47MethodRunner.access$100(PowerMockJUnit47RunnerDelegateImpl.java:59)
	at org.powermock.modules.junit4.internal.impl.PowerMockJUnit47RunnerDelegateImpl$PowerMockJUnit47MethodRunner$TestExecutorStatement.evaluate(PowerMockJUnit47RunnerDelegateImpl.java:147)
	at org.powermock.modules.junit4.internal.impl.PowerMockJUnit47RunnerDelegateImpl$PowerMockJUnit47MethodRunner.evaluateStatement(PowerMockJUnit47RunnerDelegateImpl.java:107)
	at org.powermock.modules.junit4.internal.impl.PowerMockJUnit47RunnerDelegateImpl$PowerMockJUnit47MethodRunner.executeTest(PowerMockJUnit47RunnerDelegateImpl.java:82)
	at org.powermock.modules.junit4.internal.impl.PowerMockJUnit44RunnerDelegateImpl$PowerMockJUnit44MethodRunner.runBeforesThenTestThenAfters(PowerMockJUnit44RunnerDelegateImpl.java:288)
	at org.junit.internal.runners.MethodRoadie.runTest(MethodRoadie.java:87)
	at org.junit.internal.runners.MethodRoadie.run(MethodRoadie.java:50)
	at org.powermock.modules.junit4.internal.impl.PowerMockJUnit44RunnerDelegateImpl.invokeTestMethod(PowerMockJUnit44RunnerDelegateImpl.java:208)
	at org.powermock.modules.junit4.internal.impl.PowerMockJUnit44RunnerDelegateImpl.runMethods(PowerMockJUnit44RunnerDelegateImpl.java:147)
	at org.powermock.modules.junit4.internal.impl.PowerMockJUnit44RunnerDelegateImpl$1.run(PowerMockJUnit44RunnerDelegateImpl.java:121)
	at org.junit.internal.runners.ClassRoadie.runUnprotected(ClassRoadie.java:34)
	at org.junit.internal.runners.ClassRoadie.runProtected(ClassRoadie.java:44)
	at org.powermock.modules.junit4.internal.impl.PowerMockJUnit44RunnerDelegateImpl.run(PowerMockJUnit44RunnerDelegateImpl.java:123)
	at org.powermock.modules.junit4.common.internal.impl.JUnit4TestSuiteChunkerImpl.run(JUnit4TestSuiteChunkerImpl.java:121)
	at org.powermock.modules.junit4.common.internal.impl.AbstractCommonPowerMockRunner.run(AbstractCommonPowerMockRunner.java:53)
	at org.powermock.modules.junit4.PowerMockRunner.run(PowerMockRunner.java:59)
	at org.apache.maven.surefire.junit4.JUnit4Provider.execute(JUnit4Provider.java:283)
	at org.apache.maven.surefire.junit4.JUnit4Provider.executeWithRerun(JUnit4Provider.java:173)
	at org.apache.maven.surefire.junit4.JUnit4Provider.executeTestSet(JUnit4Provider.java:153)
	at org.apache.maven.surefire.junit4.JUnit4Provider.invoke(JUnit4Provider.java:128)
	at org.apache.maven.surefire.booter.ForkedBooter.invokeProviderInSameClassLoader(ForkedBooter.java:203)
	at org.apache.maven.surefire.booter.ForkedBooter.runSuitesInProcess(ForkedBooter.java:155)
	at org.apache.maven.surefire.booter.ForkedBooter.main(ForkedBooter.java:103)
Tests run: 4, Failures: 0, Errors: 0, Skipped: 0, Time elapsed: 0.44 sec - in spark.embeddedserver.jetty.websocket.WebSocketServletContextHandlerFactoryTest
Running spark.embeddedserver.jetty.EmbeddedJettyFactoryTest
[main] INFO org.eclipse.jetty.util.log - Logging initialized @155ms to org.eclipse.jetty.util.log.Slf4jLog
[main] INFO spark.embeddedserver.jetty.EmbeddedJettyServer - == Spark has ignited ...
[main] INFO spark.embeddedserver.jetty.EmbeddedJettyServer - >> Listening on localhost:6758
[main] INFO org.eclipse.jetty.server.Server - jetty-9.4.8.v20171121, build timestamp: 2017-11-22T05:27:37+08:00, git hash: 82b8fb23f757335bb3329d540ce37a2a2615f0a8
[main] INFO org.eclipse.jetty.server.session - DefaultSessionIdManager workerName=node0
[main] INFO org.eclipse.jetty.server.session - No SessionScavenger set, using defaults
[main] INFO org.eclipse.jetty.server.session - Scavenging every 660000ms
[main] INFO org.eclipse.jetty.server.AbstractConnector - Started ServerConnector@473b46c3{HTTP/1.1,[http/1.1]}{localhost:6758}
[main] INFO org.eclipse.jetty.server.Server - Started @369ms
[main] INFO spark.embeddedserver.jetty.EmbeddedJettyServer - >>> Spark shutting down ...
[main] INFO org.eclipse.jetty.server.AbstractConnector - Stopped ServerConnector@473b46c3{HTTP/1.1,[http/1.1]}{localhost:6758}
[main] INFO org.eclipse.jetty.server.session - Stopped scavenging
[main] INFO spark.embeddedserver.jetty.EmbeddedJettyServer - done
[main] INFO spark.embeddedserver.jetty.EmbeddedJettyServer - == Spark has ignited ...
[main] INFO spark.embeddedserver.jetty.EmbeddedJettyServer - >> Listening on localhost:6757
[main] INFO org.eclipse.jetty.server.Server - jetty-9.4.8.v20171121, build timestamp: 2017-11-22T05:27:37+08:00, git hash: 82b8fb23f757335bb3329d540ce37a2a2615f0a8
[main] INFO org.eclipse.jetty.server.session - DefaultSessionIdManager workerName=node0
[main] INFO org.eclipse.jetty.server.session - No SessionScavenger set, using defaults
[main] INFO org.eclipse.jetty.server.session - Scavenging every 660000ms
[main] INFO org.eclipse.jetty.server.AbstractConnector - Started ServerConnector@1a052a00{HTTP/1.1,[http/1.1]}{localhost:6757}
[main] INFO org.eclipse.jetty.server.Server - Started @385ms
[main] INFO spark.embeddedserver.jetty.EmbeddedJettyServer - >>> Spark shutting down ...
[main] INFO org.eclipse.jetty.server.AbstractConnector - Stopped ServerConnector@1a052a00{HTTP/1.1,[http/1.1]}{localhost:6757}
[main] INFO org.eclipse.jetty.server.session - Stopped scavenging
[main] INFO spark.embeddedserver.jetty.EmbeddedJettyServer - done
[main] INFO spark.embeddedserver.jetty.EmbeddedJettyServer - == Spark has ignited ...
[main] INFO spark.embeddedserver.jetty.EmbeddedJettyServer - >> Listening on localhost:6759
[main] INFO org.eclipse.jetty.server.Server - jetty-9.4.8.v20171121, build timestamp: 2017-11-22T05:27:37+08:00, git hash: 82b8fb23f757335bb3329d540ce37a2a2615f0a8
[main] INFO org.eclipse.jetty.server.session - DefaultSessionIdManager workerName=node0
[main] INFO org.eclipse.jetty.server.session - No SessionScavenger set, using defaults
[main] INFO org.eclipse.jetty.server.session - Scavenging every 660000ms
[main] INFO org.eclipse.jetty.server.AbstractConnector - Started ServerConnector@2ea6137{HTTP/1.1,[http/1.1]}{localhost:6759}
[main] INFO org.eclipse.jetty.server.Server - Started @391ms
[main] INFO spark.embeddedserver.jetty.EmbeddedJettyServer - >>> Spark shutting down ...
[main] INFO org.eclipse.jetty.server.AbstractConnector - Stopped ServerConnector@2ea6137{HTTP/1.1,[http/1.1]}{localhost:6759}
[main] INFO org.eclipse.jetty.server.session - Stopped scavenging
[main] INFO spark.embeddedserver.jetty.EmbeddedJettyServer - done
Tests run: 3, Failures: 0, Errors: 0, Skipped: 0, Time elapsed: 0.253 sec - in spark.embeddedserver.jetty.EmbeddedJettyFactoryTest
Running spark.customerrorpages.CustomErrorPagesTest
[Thread-1] INFO org.eclipse.jetty.util.log - Logging initialized @367ms to org.eclipse.jetty.util.log.Slf4jLog
[Thread-1] INFO spark.embeddedserver.jetty.EmbeddedJettyServer - == Spark has ignited ...
[Thread-1] INFO spark.embeddedserver.jetty.EmbeddedJettyServer - >> Listening on 0.0.0.0:4567
[Thread-1] INFO org.eclipse.jetty.server.Server - jetty-9.4.8.v20171121, build timestamp: 2017-11-22T05:27:37+08:00, git hash: 82b8fb23f757335bb3329d540ce37a2a2615f0a8
[Thread-1] INFO org.eclipse.jetty.server.session - DefaultSessionIdManager workerName=node0
[Thread-1] INFO org.eclipse.jetty.server.session - No SessionScavenger set, using defaults
[Thread-1] INFO org.eclipse.jetty.server.session - Scavenging every 660000ms
[Thread-1] INFO org.eclipse.jetty.server.AbstractConnector - Started ServerConnector@27a63b96{HTTP/1.1,[http/1.1]}{0.0.0.0:4567}
[Thread-1] INFO org.eclipse.jetty.server.Server - Started @443ms
[qtp1078667950-19] ERROR spark.http.matching.GeneralError - 
java.lang.Exception: 
	at spark.customerrorpages.CustomErrorPagesTest.lambda$setup$1(CustomErrorPagesTest.java:40)
	at spark.RouteImpl$1.handle(RouteImpl.java:72)
	at spark.http.matching.Routes.execute(Routes.java:61)
	at spark.http.matching.MatcherFilter.doFilter(MatcherFilter.java:130)
	at spark.embeddedserver.jetty.JettyHandler.doHandle(JettyHandler.java:50)
	at org.eclipse.jetty.server.session.SessionHandler.doScope(SessionHandler.java:1568)
	at org.eclipse.jetty.server.handler.ScopedHandler.handle(ScopedHandler.java:141)
	at org.eclipse.jetty.server.handler.HandlerWrapper.handle(HandlerWrapper.java:132)
	at org.eclipse.jetty.server.Server.handle(Server.java:530)
	at org.eclipse.jetty.server.HttpChannel.handle(HttpChannel.java:347)
	at org.eclipse.jetty.server.HttpConnection.onFillable(HttpConnection.java:256)
	at org.eclipse.jetty.io.AbstractConnection$ReadCallback.succeeded(AbstractConnection.java:279)
	at org.eclipse.jetty.io.FillInterest.fillable(FillInterest.java:102)
	at org.eclipse.jetty.io.ChannelEndPoint$2.run(ChannelEndPoint.java:124)
	at org.eclipse.jetty.util.thread.strategy.EatWhatYouKill.doProduce(EatWhatYouKill.java:247)
	at org.eclipse.jetty.util.thread.strategy.EatWhatYouKill.produce(EatWhatYouKill.java:140)
	at org.eclipse.jetty.util.thread.strategy.EatWhatYouKill.run(EatWhatYouKill.java:131)
	at org.eclipse.jetty.util.thread.ReservedThreadExecutor$ReservedThread.run(ReservedThreadExecutor.java:382)
	at org.eclipse.jetty.util.thread.QueuedThreadPool.runJob(QueuedThreadPool.java:708)
	at org.eclipse.jetty.util.thread.QueuedThreadPool$2.run(QueuedThreadPool.java:626)
	at java.lang.Thread.run(Thread.java:748)
[qtp1078667950-19] WARN spark.CustomErrorPages - Custom error page handler for status code 500 has thrown an exception: null. Using default page instead.
[qtp1078667950-23] ERROR spark.http.matching.GeneralError - 
java.lang.Exception: 
	at spark.customerrorpages.CustomErrorPagesTest.lambda$setup$1(CustomErrorPagesTest.java:40)
	at spark.RouteImpl$1.handle(RouteImpl.java:72)
	at spark.http.matching.Routes.execute(Routes.java:61)
	at spark.http.matching.MatcherFilter.doFilter(MatcherFilter.java:130)
	at spark.embeddedserver.jetty.JettyHandler.doHandle(JettyHandler.java:50)
	at org.eclipse.jetty.server.session.SessionHandler.doScope(SessionHandler.java:1568)
	at org.eclipse.jetty.server.handler.ScopedHandler.handle(ScopedHandler.java:141)
	at org.eclipse.jetty.server.handler.HandlerWrapper.handle(HandlerWrapper.java:132)
	at org.eclipse.jetty.server.Server.handle(Server.java:530)
	at org.eclipse.jetty.server.HttpChannel.handle(HttpChannel.java:347)
	at org.eclipse.jetty.server.HttpConnection.onFillable(HttpConnection.java:256)
	at org.eclipse.jetty.io.AbstractConnection$ReadCallback.succeeded(AbstractConnection.java:279)
	at org.eclipse.jetty.io.FillInterest.fillable(FillInterest.java:102)
	at org.eclipse.jetty.io.ChannelEndPoint$2.run(ChannelEndPoint.java:124)
	at org.eclipse.jetty.util.thread.strategy.EatWhatYouKill.doProduce(EatWhatYouKill.java:247)
	at org.eclipse.jetty.util.thread.strategy.EatWhatYouKill.produce(EatWhatYouKill.java:140)
	at org.eclipse.jetty.util.thread.strategy.EatWhatYouKill.run(EatWhatYouKill.java:131)
	at org.eclipse.jetty.util.thread.ReservedThreadExecutor$ReservedThread.run(ReservedThreadExecutor.java:382)
	at org.eclipse.jetty.util.thread.QueuedThreadPool.runJob(QueuedThreadPool.java:708)
	at org.eclipse.jetty.util.thread.QueuedThreadPool$2.run(QueuedThreadPool.java:626)
	at java.lang.Thread.run(Thread.java:748)
[qtp1078667950-19] INFO spark.http.matching.MatcherFilter - The requested route [/othernotmapped] has not been mapped in Spark for Accept: [text/html]
[Thread-13] INFO spark.embeddedserver.jetty.EmbeddedJettyServer - >>> Spark shutting down ...
Tests run: 4, Failures: 0, Errors: 0, Skipped: 0, Time elapsed: 0.436 sec - in spark.customerrorpages.CustomErrorPagesTest
Running spark.ServiceTest
Tests run: 25, Failures: 0, Errors: 0, Skipped: 0, Time elapsed: 0.064 sec - in spark.ServiceTest
Running spark.RedirectTest
[Thread-1] INFO org.eclipse.jetty.util.log - Logging initialized @368ms to org.eclipse.jetty.util.log.Slf4jLog
[Thread-1] INFO spark.embeddedserver.jetty.EmbeddedJettyServer - == Spark has ignited ...
[Thread-1] INFO spark.embeddedserver.jetty.EmbeddedJettyServer - >> Listening on 0.0.0.0:4567
[Thread-1] INFO org.eclipse.jetty.server.Server - jetty-9.4.8.v20171121, build timestamp: 2017-11-22T05:27:37+08:00, git hash: 82b8fb23f757335bb3329d540ce37a2a2615f0a8
[Thread-1] INFO org.eclipse.jetty.server.session - DefaultSessionIdManager workerName=node0
[Thread-1] INFO org.eclipse.jetty.server.session - No SessionScavenger set, using defaults
[Thread-1] INFO org.eclipse.jetty.server.session - Scavenging every 600000ms
[Thread-1] INFO org.eclipse.jetty.server.AbstractConnector - Started ServerConnector@55144782{HTTP/1.1,[http/1.1]}{0.0.0.0:4567}
[Thread-1] INFO org.eclipse.jetty.server.Server - Started @442ms
Tests run: 16, Failures: 0, Errors: 0, Skipped: 0, Time elapsed: 0.472 sec - in spark.RedirectTest
Running spark.ExceptionMapperTest
Tests run: 2, Failures: 0, Errors: 0, Skipped: 0, Time elapsed: 0.009 sec - in spark.ExceptionMapperTest
Running spark.ServicePortIntegrationTest
[Thread-0] INFO org.eclipse.jetty.util.log - Logging initialized @214ms to org.eclipse.jetty.util.log.Slf4jLog
[Thread-0] INFO spark.embeddedserver.jetty.EmbeddedJettyServer - == Spark has ignited ...
[Thread-0] INFO spark.embeddedserver.jetty.EmbeddedJettyServer - >> Listening on 0.0.0.0:44321
[Thread-0] INFO org.eclipse.jetty.server.Server - jetty-9.4.8.v20171121, build timestamp: 2017-11-22T05:27:37+08:00, git hash: 82b8fb23f757335bb3329d540ce37a2a2615f0a8
[Thread-0] INFO org.eclipse.jetty.server.session - DefaultSessionIdManager workerName=node0
[Thread-0] INFO org.eclipse.jetty.server.session - No SessionScavenger set, using defaults
[Thread-0] INFO org.eclipse.jetty.server.session - Scavenging every 600000ms
[Thread-0] INFO org.eclipse.jetty.server.AbstractConnector - Started ServerConnector@372136d1{HTTP/1.1,[http/1.1]}{0.0.0.0:44321}
[Thread-0] INFO org.eclipse.jetty.server.Server - Started @313ms
[main] INFO spark.ServicePortIntegrationTest - got port 
[Thread-13] INFO spark.embeddedserver.jetty.EmbeddedJettyServer - >>> Spark shutting down ...
Tests run: 1, Failures: 0, Errors: 0, Skipped: 0, Time elapsed: 0.442 sec - in spark.ServicePortIntegrationTest
Running spark.FilterTest
[Thread-1] INFO org.eclipse.jetty.util.log - Logging initialized @401ms to org.eclipse.jetty.util.log.Slf4jLog
[Thread-1] INFO spark.embeddedserver.jetty.EmbeddedJettyServer - == Spark has ignited ...
[Thread-1] INFO spark.embeddedserver.jetty.EmbeddedJettyServer - >> Listening on 0.0.0.0:4567
[Thread-1] INFO org.eclipse.jetty.server.Server - jetty-9.4.8.v20171121, build timestamp: 2017-11-22T05:27:37+08:00, git hash: 82b8fb23f757335bb3329d540ce37a2a2615f0a8
[Thread-1] INFO org.eclipse.jetty.server.session - DefaultSessionIdManager workerName=node0
[Thread-1] INFO org.eclipse.jetty.server.session - No SessionScavenger set, using defaults
[Thread-1] INFO org.eclipse.jetty.server.session - Scavenging every 600000ms
[Thread-1] INFO org.eclipse.jetty.server.AbstractConnector - Started ServerConnector@76136e68{HTTP/1.1,[http/1.1]}{0.0.0.0:4567}
[Thread-1] INFO org.eclipse.jetty.server.Server - Started @488ms
Filter matched
[qtp335673485-12] INFO spark.http.matching.MatcherFilter - The requested route [/justfilter] has not been mapped in Spark for Accept: [text/html]
response.status = 404
[Thread-13] INFO spark.embeddedserver.jetty.EmbeddedJettyServer - >>> Spark shutting down ...
Tests run: 1, Failures: 0, Errors: 0, Skipped: 0, Time elapsed: 0.451 sec - in spark.FilterTest
Running spark.RequestTest
Tests run: 35, Failures: 0, Errors: 0, Skipped: 0, Time elapsed: 0.137 sec - in spark.RequestTest
Running spark.GenericIntegrationTest
[main] INFO spark.staticfiles.StaticFilesConfiguration - StaticResourceHandler configured with folder = /public
[main] INFO spark.staticfiles.StaticFilesConfiguration - External StaticResourceHandler configured with folder = /tmp
[main] WARN spark.staticfiles.StaticFilesFolder - Registering external static files folder [/tmp] as [/tmp].
[Thread-1] INFO org.eclipse.jetty.util.log - Logging initialized @392ms to org.eclipse.jetty.util.log.Slf4jLog
[Thread-1] INFO spark.embeddedserver.jetty.EmbeddedJettyServer - == Spark has ignited ...
[Thread-1] INFO spark.embeddedserver.jetty.EmbeddedJettyServer - >> Listening on 0.0.0.0:4567
[Thread-1] INFO org.eclipse.jetty.server.Server - jetty-9.4.8.v20171121, build timestamp: 2017-11-22T05:27:37+08:00, git hash: 82b8fb23f757335bb3329d540ce37a2a2615f0a8
[Thread-1] INFO org.eclipse.jetty.server.session - DefaultSessionIdManager workerName=node0
[Thread-1] INFO org.eclipse.jetty.server.session - No SessionScavenger set, using defaults
[Thread-1] INFO org.eclipse.jetty.server.session - Scavenging every 600000ms
[Thread-1] INFO org.eclipse.jetty.server.handler.ContextHandler - Started o.e.j.s.ServletContextHandler@64c3c80d{/,null,AVAILABLE}
[Thread-1] INFO org.eclipse.jetty.server.AbstractConnector - Started ServerConnector@8a4db39{HTTP/1.1,[http/1.1]}{0.0.0.0:4567}
[Thread-1] INFO org.eclipse.jetty.server.Server - Started @514ms
[main] INFO spark.GenericIntegrationTest - Body was: Fo shizzy
[main] INFO spark.GenericIntegrationTest - Body was: Fo shizzy
Method Override Worked
[qtp224498882-19] ERROR spark.http.matching.GeneralError - 
java.lang.RuntimeException
	at spark.GenericIntegrationTest.lambda$setup$35(GenericIntegrationTest.java:195)
	at spark.RouteImpl$1.handle(RouteImpl.java:72)
	at spark.http.matching.Routes.execute(Routes.java:61)
	at spark.http.matching.MatcherFilter.doFilter(MatcherFilter.java:130)
	at spark.embeddedserver.jetty.JettyHandler.doHandle(JettyHandler.java:50)
	at org.eclipse.jetty.server.session.SessionHandler.doScope(SessionHandler.java:1568)
	at org.eclipse.jetty.server.handler.ScopedHandler.handle(ScopedHandler.java:141)
	at org.eclipse.jetty.server.handler.HandlerList.handle(HandlerList.java:61)
	at org.eclipse.jetty.server.handler.HandlerWrapper.handle(HandlerWrapper.java:132)
	at org.eclipse.jetty.server.Server.handle(Server.java:530)
	at org.eclipse.jetty.server.HttpChannel.handle(HttpChannel.java:347)
	at org.eclipse.jetty.server.HttpConnection.onFillable(HttpConnection.java:256)
	at org.eclipse.jetty.io.AbstractConnection$ReadCallback.succeeded(AbstractConnection.java:279)
	at org.eclipse.jetty.io.FillInterest.fillable(FillInterest.java:102)
	at org.eclipse.jetty.io.ChannelEndPoint$2.run(ChannelEndPoint.java:124)
	at org.eclipse.jetty.util.thread.strategy.EatWhatYouKill.doProduce(EatWhatYouKill.java:247)
	at org.eclipse.jetty.util.thread.strategy.EatWhatYouKill.produce(EatWhatYouKill.java:140)
	at org.eclipse.jetty.util.thread.strategy.EatWhatYouKill.run(EatWhatYouKill.java:131)
	at org.eclipse.jetty.util.thread.ReservedThreadExecutor$ReservedThread.run(ReservedThreadExecutor.java:382)
	at org.eclipse.jetty.util.thread.QueuedThreadPool.runJob(QueuedThreadPool.java:708)
	at org.eclipse.jetty.util.thread.QueuedThreadPool$2.run(QueuedThreadPool.java:626)
	at java.lang.Thread.run(Thread.java:748)
[Thread-25] INFO spark.embeddedserver.jetty.EmbeddedJettyServer - >>> Spark shutting down ...
Tests run: 40, Failures: 0, Errors: 0, Skipped: 0, Time elapsed: 0.695 sec - in spark.GenericIntegrationTest
Running spark.RouteImplTest
Tests run: 6, Failures: 0, Errors: 0, Skipped: 0, Time elapsed: 0.004 sec - in spark.RouteImplTest
Running spark.CookiesIntegrationTest
[Thread-0] INFO org.eclipse.jetty.util.log - Logging initialized @205ms to org.eclipse.jetty.util.log.Slf4jLog
[Thread-0] INFO spark.embeddedserver.jetty.EmbeddedJettyServer - == Spark has ignited ...
[Thread-0] INFO spark.embeddedserver.jetty.EmbeddedJettyServer - >> Listening on 0.0.0.0:4567
[Thread-0] INFO org.eclipse.jetty.server.Server - jetty-9.4.8.v20171121, build timestamp: 2017-11-22T05:27:37+08:00, git hash: 82b8fb23f757335bb3329d540ce37a2a2615f0a8
[Thread-0] INFO org.eclipse.jetty.server.session - DefaultSessionIdManager workerName=node0
[Thread-0] INFO org.eclipse.jetty.server.session - No SessionScavenger set, using defaults
[Thread-0] INFO org.eclipse.jetty.server.session - Scavenging every 600000ms
[Thread-0] INFO org.eclipse.jetty.server.AbstractConnector - Started ServerConnector@2616d9ac{HTTP/1.1,[http/1.1]}{0.0.0.0:4567}
[Thread-0] INFO org.eclipse.jetty.server.Server - Started @301ms
[Thread-14] INFO spark.embeddedserver.jetty.EmbeddedJettyServer - >>> Spark shutting down ...
Tests run: 4, Failures: 0, Errors: 0, Skipped: 0, Time elapsed: 0.346 sec - in spark.CookiesIntegrationTest
Running spark.QueryParamsMapTest
Tests run: 8, Failures: 0, Errors: 0, Skipped: 0, Time elapsed: 0.005 sec - in spark.QueryParamsMapTest
Running spark.ResponseTest
Tests run: 19, Failures: 0, Errors: 0, Skipped: 0, Time elapsed: 0.107 sec - in spark.ResponseTest
Running spark.StaticFilesMemberTest
[main] INFO spark.staticfiles.StaticFilesConfiguration - StaticResourceHandler configured with folder = /public
[main] INFO spark.staticfiles.StaticFilesConfiguration - External StaticResourceHandler configured with folder = /tmp
[main] WARN spark.staticfiles.StaticFilesFolder - Registering external static files folder [/tmp] as [/tmp].
[Thread-1] INFO org.eclipse.jetty.util.log - Logging initialized @391ms to org.eclipse.jetty.util.log.Slf4jLog
[Thread-1] INFO spark.embeddedserver.jetty.EmbeddedJettyServer - == Spark has ignited ...
[Thread-1] INFO spark.embeddedserver.jetty.EmbeddedJettyServer - >> Listening on 0.0.0.0:4567
[Thread-1] INFO org.eclipse.jetty.server.Server - jetty-9.4.8.v20171121, build timestamp: 2017-11-22T05:27:37+08:00, git hash: 82b8fb23f757335bb3329d540ce37a2a2615f0a8
[Thread-1] INFO org.eclipse.jetty.server.session - DefaultSessionIdManager workerName=node0
[Thread-1] INFO org.eclipse.jetty.server.session - No SessionScavenger set, using defaults
[Thread-1] INFO org.eclipse.jetty.server.session - Scavenging every 600000ms
[Thread-1] INFO org.eclipse.jetty.server.AbstractConnector - Started ServerConnector@45bd179e{HTTP/1.1,[http/1.1]}{0.0.0.0:4567}
[Thread-1] INFO org.eclipse.jetty.server.Server - Started @474ms
[Thread-13] INFO spark.embeddedserver.jetty.EmbeddedJettyServer - >>> Spark shutting down ...
Tests run: 7, Failures: 0, Errors: 0, Skipped: 0, Time elapsed: 0.472 sec - in spark.StaticFilesMemberTest
Running spark.GzipTest
[main] INFO spark.staticfiles.StaticFilesConfiguration - StaticResourceHandler configured with folder = /public
[Thread-0] INFO org.eclipse.jetty.util.log - Logging initialized @226ms to org.eclipse.jetty.util.log.Slf4jLog
[Thread-0] INFO spark.embeddedserver.jetty.EmbeddedJettyServer - == Spark has ignited ...
[Thread-0] INFO spark.embeddedserver.jetty.EmbeddedJettyServer - >> Listening on 0.0.0.0:4567
[Thread-0] INFO org.eclipse.jetty.server.Server - jetty-9.4.8.v20171121, build timestamp: 2017-11-22T05:27:37+08:00, git hash: 82b8fb23f757335bb3329d540ce37a2a2615f0a8
[Thread-0] INFO org.eclipse.jetty.server.session - DefaultSessionIdManager workerName=node0
[Thread-0] INFO org.eclipse.jetty.server.session - No SessionScavenger set, using defaults
[Thread-0] INFO org.eclipse.jetty.server.session - Scavenging every 660000ms
[Thread-0] INFO org.eclipse.jetty.server.AbstractConnector - Started ServerConnector@776c55ca{HTTP/1.1,[http/1.1]}{0.0.0.0:4567}
[Thread-0] INFO org.eclipse.jetty.server.Server - Started @314ms
Tests run: 2, Failures: 0, Errors: 0, Skipped: 0, Time elapsed: 0.47 sec - in spark.GzipTest
[Thread-13] INFO spark.embeddedserver.jetty.EmbeddedJettyServer - >>> Spark shutting down ...
Running spark.MultipleFiltersTest
[Thread-1] INFO org.eclipse.jetty.util.log - Logging initialized @408ms to org.eclipse.jetty.util.log.Slf4jLog
[Thread-1] INFO spark.embeddedserver.jetty.EmbeddedJettyServer - == Spark has ignited ...
[Thread-1] INFO spark.embeddedserver.jetty.EmbeddedJettyServer - >> Listening on 0.0.0.0:4567
[Thread-1] INFO org.eclipse.jetty.server.Server - jetty-9.4.8.v20171121, build timestamp: 2017-11-22T05:27:37+08:00, git hash: 82b8fb23f757335bb3329d540ce37a2a2615f0a8
[Thread-1] INFO org.eclipse.jetty.server.session - DefaultSessionIdManager workerName=node0
[Thread-1] INFO org.eclipse.jetty.server.session - No SessionScavenger set, using defaults
[Thread-1] INFO org.eclipse.jetty.server.session - Scavenging every 600000ms
[Thread-1] INFO org.eclipse.jetty.server.AbstractConnector - Started ServerConnector@5fa3baf3{HTTP/1.1,[http/1.1]}{0.0.0.0:4567}
[Thread-1] INFO org.eclipse.jetty.server.Server - Started @491ms
[Thread-13] INFO spark.embeddedserver.jetty.EmbeddedJettyServer - >>> Spark shutting down ...
Tests run: 1, Failures: 0, Errors: 0, Skipped: 0, Time elapsed: 0.45 sec - in spark.MultipleFiltersTest
Running spark.InitExceptionHandlerTest
[Thread-0] INFO org.eclipse.jetty.util.log - Logging initialized @219ms to org.eclipse.jetty.util.log.Slf4jLog
[Thread-0] INFO spark.embeddedserver.jetty.EmbeddedJettyServer - == Spark has ignited ...
[Thread-0] INFO spark.embeddedserver.jetty.EmbeddedJettyServer - >> Listening on 0.0.0.0:2147483647
[Thread-0] INFO org.eclipse.jetty.server.Server - jetty-9.4.8.v20171121, build timestamp: 2017-11-22T05:27:37+08:00, git hash: 82b8fb23f757335bb3329d540ce37a2a2615f0a8
[Thread-0] INFO org.eclipse.jetty.server.session - DefaultSessionIdManager workerName=node0
[Thread-0] INFO org.eclipse.jetty.server.session - No SessionScavenger set, using defaults
[Thread-0] INFO org.eclipse.jetty.server.session - Scavenging every 660000ms
[Thread-9] INFO spark.embeddedserver.jetty.EmbeddedJettyServer - >>> Spark shutting down ...
Tests run: 1, Failures: 0, Errors: 0, Skipped: 0, Time elapsed: 0.144 sec - in spark.InitExceptionHandlerTest
[Thread-9] INFO org.eclipse.jetty.server.AbstractConnector - Stopped ServerConnector@7d87cf1b{HTTP/1.1,[http/1.1]}{0.0.0.0:2147483647}
[Thread-9] INFO org.eclipse.jetty.server.session - Stopped scavenging
[Thread-9] INFO spark.embeddedserver.jetty.EmbeddedJettyServer - done
Running spark.globalstate.ServletFlagTest
Tests run: 4, Failures: 0, Errors: 0, Skipped: 0, Time elapsed: 0.084 sec - in spark.globalstate.ServletFlagTest
Running spark.staticfiles.DisableMimeGuessingTest
[main] INFO spark.staticfiles.StaticFilesConfiguration - StaticResourceHandler configured with folder = /public
[main] INFO spark.staticfiles.StaticFilesConfiguration - External StaticResourceHandler configured with folder = /tmp
[main] WARN spark.staticfiles.StaticFilesFolder - Registering external static files folder [/tmp] as [/tmp].
[Thread-1] INFO org.eclipse.jetty.util.log - Logging initialized @381ms to org.eclipse.jetty.util.log.Slf4jLog
[Thread-1] INFO spark.embeddedserver.jetty.EmbeddedJettyServer - == Spark has ignited ...
[Thread-1] INFO spark.embeddedserver.jetty.EmbeddedJettyServer - >> Listening on 0.0.0.0:4567
[Thread-1] INFO org.eclipse.jetty.server.Server - jetty-9.4.8.v20171121, build timestamp: 2017-11-22T05:27:37+08:00, git hash: 82b8fb23f757335bb3329d540ce37a2a2615f0a8
[Thread-1] INFO org.eclipse.jetty.server.session - DefaultSessionIdManager workerName=node0
[Thread-1] INFO org.eclipse.jetty.server.session - No SessionScavenger set, using defaults
[Thread-1] INFO org.eclipse.jetty.server.session - Scavenging every 600000ms
[Thread-1] INFO org.eclipse.jetty.server.AbstractConnector - Started ServerConnector@24a73cb7{HTTP/1.1,[http/1.1]}{0.0.0.0:4567}
[Thread-1] INFO org.eclipse.jetty.server.Server - Started @459ms
[Thread-13] INFO spark.embeddedserver.jetty.EmbeddedJettyServer - >>> Spark shutting down ...
Tests run: 2, Failures: 0, Errors: 0, Skipped: 0, Time elapsed: 0.443 sec - in spark.staticfiles.DisableMimeGuessingTest
Running spark.staticfiles.StaticFilesTest
[main] INFO spark.staticfiles.StaticFilesConfiguration - StaticResourceHandler configured with folder = /public
[main] INFO spark.staticfiles.StaticFilesConfiguration - External StaticResourceHandler configured with folder = /tmp
[main] WARN spark.staticfiles.StaticFilesFolder - Registering external static files folder [/tmp] as [/tmp].
[Thread-1] INFO org.eclipse.jetty.util.log - Logging initialized @410ms to org.eclipse.jetty.util.log.Slf4jLog
[Thread-1] INFO spark.embeddedserver.jetty.EmbeddedJettyServer - == Spark has ignited ...
[Thread-1] INFO spark.embeddedserver.jetty.EmbeddedJettyServer - >> Listening on 0.0.0.0:4567
[Thread-1] INFO org.eclipse.jetty.server.Server - jetty-9.4.8.v20171121, build timestamp: 2017-11-22T05:27:37+08:00, git hash: 82b8fb23f757335bb3329d540ce37a2a2615f0a8
[Thread-1] INFO org.eclipse.jetty.server.session - DefaultSessionIdManager workerName=node0
[Thread-1] INFO org.eclipse.jetty.server.session - No SessionScavenger set, using defaults
[Thread-1] INFO org.eclipse.jetty.server.session - Scavenging every 660000ms
[Thread-1] INFO org.eclipse.jetty.server.AbstractConnector - Started ServerConnector@211a9a0{HTTP/1.1,[http/1.1]}{0.0.0.0:4567}
[Thread-1] INFO org.eclipse.jetty.server.Server - Started @484ms
[qtp2078091248-12] WARN spark.staticfiles.StaticFilesConfiguration - classpath directory traversal detection for path: /..\spark\Spark.class
[Thread-13] INFO spark.embeddedserver.jetty.EmbeddedJettyServer - >>> Spark shutting down ...
Tests run: 8, Failures: 0, Errors: 0, Skipped: 0, Time elapsed: 0.48 sec - in spark.staticfiles.StaticFilesTest
Running spark.util.ResourceUtilsTest
Tests run: 2, Failures: 0, Errors: 0, Skipped: 0, Time elapsed: 0.01 sec - in spark.util.ResourceUtilsTest
Running spark.servlet.ServletTest
[main] INFO org.eclipse.jetty.util.log - Logging initialized @378ms to org.eclipse.jetty.util.log.Slf4jLog
[Thread-1] INFO spark.servlet.ServletTest - >>> STARTING EMBEDDED JETTY SERVER for jUnit testing of SparkFilter
[Thread-1] INFO org.eclipse.jetty.server.Server - jetty-9.4.8.v20171121, build timestamp: 2017-11-22T05:27:37+08:00, git hash: 82b8fb23f757335bb3329d540ce37a2a2615f0a8
[Thread-1] INFO org.eclipse.jetty.webapp.StandardDescriptorProcessor - NO JSP Support for /somepath, did not find org.eclipse.jetty.jsp.JettyJspServlet
[Thread-1] INFO org.eclipse.jetty.server.session - DefaultSessionIdManager workerName=node0
[Thread-1] INFO org.eclipse.jetty.server.session - No SessionScavenger set, using defaults
[Thread-1] INFO org.eclipse.jetty.server.session - Scavenging every 600000ms
[Thread-1] INFO spark.staticfiles.StaticFilesConfiguration - External StaticResourceHandler configured with folder = /tmp
[Thread-1] WARN spark.staticfiles.StaticFilesFolder - Registering external static files folder [/tmp] as [/tmp].
[Thread-1] INFO spark.staticfiles.StaticFilesConfiguration - StaticResourceHandler configured with folder = /public
[Thread-1] INFO org.eclipse.jetty.server.handler.ContextHandler - Started o.e.j.w.WebAppContext@736c1555{/somepath,file:///home/cgzhu/projects/gitslice/resources/facts/upgrade_jars_exp/_downloads/spark/src/test/webapp/,AVAILABLE}{src/test/webapp}
[Thread-1] INFO org.eclipse.jetty.server.AbstractConnector - Started ServerConnector@22e5d98a{HTTP/1.1,[http/1.1]}{0.0.0.0:9393}
[Thread-1] INFO org.eclipse.jetty.server.Server - Started @1084ms
[qtp592688102-13] INFO spark.http.matching.MatcherFilter - The requested route [/no/resource] has not been mapped in Spark for Accept: [text/html]
Tests run: 12, Failures: 0, Errors: 0, Skipped: 0, Time elapsed: 1.098 sec - in spark.servlet.ServletTest
Running spark.resource.UriPathTest
Tests run: 1, Failures: 0, Errors: 0, Skipped: 0, Time elapsed: 0.003 sec - in spark.resource.UriPathTest
Running spark.ResponseBodyTest
[Thread-1] INFO org.eclipse.jetty.util.log - Logging initialized @366ms to org.eclipse.jetty.util.log.Slf4jLog
[Thread-1] INFO spark.embeddedserver.jetty.EmbeddedJettyServer - == Spark has ignited ...
[Thread-1] INFO spark.embeddedserver.jetty.EmbeddedJettyServer - >> Listening on 0.0.0.0:4567
[Thread-1] INFO org.eclipse.jetty.server.Server - jetty-9.4.8.v20171121, build timestamp: 2017-11-22T05:27:37+08:00, git hash: 82b8fb23f757335bb3329d540ce37a2a2615f0a8
[Thread-1] INFO org.eclipse.jetty.server.session - DefaultSessionIdManager workerName=node0
[Thread-1] INFO org.eclipse.jetty.server.session - No SessionScavenger set, using defaults
[Thread-1] INFO org.eclipse.jetty.server.session - Scavenging every 660000ms
[Thread-1] INFO org.eclipse.jetty.server.AbstractConnector - Started ServerConnector@ec36780{HTTP/1.1,[http/1.1]}{0.0.0.0:4567}
[Thread-1] INFO org.eclipse.jetty.server.Server - Started @448ms
Tests run: 4, Failures: 0, Errors: 0, Skipped: 0, Time elapsed: 0.438 sec - in spark.ResponseBodyTest
[Thread-13] INFO spark.embeddedserver.jetty.EmbeddedJettyServer - >>> Spark shutting down ...

Results :

Tests run: 296, Failures: 0, Errors: 0, Skipped: 0

[INFO] ------------------------------------------------------------------------
[INFO] BUILD SUCCESS
[INFO] ------------------------------------------------------------------------
[INFO] Total time: 43.480 s
[INFO] Finished at: 2019-08-16T06:52:19+08:00
[INFO] ------------------------------------------------------------------------
