[INFO] Scanning for projects...
Downloading from central: https://repo.maven.apache.org/maven2/org/apache/maven/plugins/maven-invoker-plugin/3.0.1/maven-invoker-plugin-3.0.1.pom
Progress (1): 2.2/14 kBProgress (1): 5.0/14 kBProgress (1): 7.8/14 kBProgress (1): 11/14 kB Progress (1): 13/14 kBProgress (1): 14 kB                      Downloaded from central: https://repo.maven.apache.org/maven2/org/apache/maven/plugins/maven-invoker-plugin/3.0.1/maven-invoker-plugin-3.0.1.pom (14 kB at 11 kB/s)
Downloading from central: https://repo.maven.apache.org/maven2/org/apache/maven/plugins/maven-invoker-plugin/3.0.1/maven-invoker-plugin-3.0.1.jar
Progress (1): 2.2/112 kBProgress (1): 5.0/112 kBProgress (1): 7.7/112 kBProgress (1): 10/112 kB Progress (1): 13/112 kBProgress (1): 16/112 kBProgress (1): 19/112 kBProgress (1): 21/112 kBProgress (1): 24/112 kBProgress (1): 27/112 kBProgress (1): 30/112 kBProgress (1): 32/112 kBProgress (1): 36/112 kBProgress (1): 40/112 kBProgress (1): 45/112 kBProgress (1): 49/112 kBProgress (1): 53/112 kBProgress (1): 57/112 kBProgress (1): 61/112 kBProgress (1): 65/112 kBProgress (1): 69/112 kBProgress (1): 73/112 kBProgress (1): 77/112 kBProgress (1): 81/112 kBProgress (1): 85/112 kBProgress (1): 90/112 kBProgress (1): 94/112 kBProgress (1): 98/112 kBProgress (1): 102/112 kBProgress (1): 106/112 kBProgress (1): 110/112 kBProgress (1): 112 kB                        Downloaded from central: https://repo.maven.apache.org/maven2/org/apache/maven/plugins/maven-invoker-plugin/3.0.1/maven-invoker-plugin-3.0.1.jar (112 kB at 155 kB/s)
[INFO] 
[INFO] ---------------------------< org.vafer:jdeb >---------------------------
[INFO] Building jdeb 1.6
[INFO] ----------------------------[ maven-plugin ]----------------------------
Downloading from central: https://repo.maven.apache.org/maven2/org/apache/ant/ant/1.10.1/ant-1.10.1.pom
Progress (1): 4.1/9.8 kBProgress (1): 7.7/9.8 kBProgress (1): 9.8 kB                        Downloaded from central: https://repo.maven.apache.org/maven2/org/apache/ant/ant/1.10.1/ant-1.10.1.pom (9.8 kB at 27 kB/s)
Downloading from central: https://repo.maven.apache.org/maven2/org/apache/ant/ant-parent/1.10.1/ant-parent-1.10.1.pom
Progress (1): 4.1/5.6 kBProgress (1): 5.6 kB                        Downloaded from central: https://repo.maven.apache.org/maven2/org/apache/ant/ant-parent/1.10.1/ant-parent-1.10.1.pom (5.6 kB at 16 kB/s)
Downloading from central: https://repo.maven.apache.org/maven2/org/apache/ant/ant-launcher/1.10.1/ant-launcher-1.10.1.pom
Progress (1): 2.2/2.3 kBProgress (1): 2.3 kB                        Downloaded from central: https://repo.maven.apache.org/maven2/org/apache/ant/ant-launcher/1.10.1/ant-launcher-1.10.1.pom (2.3 kB at 6.5 kB/s)
Downloading from central: https://repo.maven.apache.org/maven2/org/apache/maven/maven-core/3.5.2/maven-core-3.5.2.pom
Progress (1): 2.2/8.8 kBProgress (1): 5.0/8.8 kBProgress (1): 7.8/8.8 kBProgress (1): 8.8 kB                        Downloaded from central: https://repo.maven.apache.org/maven2/org/apache/maven/maven-core/3.5.2/maven-core-3.5.2.pom (8.8 kB at 24 kB/s)
Downloading from central: https://repo.maven.apache.org/maven2/org/apache/maven/maven/3.5.2/maven-3.5.2.pom
Progress (1): 2.2/25 kBProgress (1): 5.0/25 kBProgress (1): 7.8/25 kBProgress (1): 11/25 kB Progress (1): 13/25 kBProgress (1): 16/25 kBProgress (1): 19/25 kBProgress (1): 21/25 kBProgress (1): 24/25 kBProgress (1): 25 kB                      Downloaded from central: https://repo.maven.apache.org/maven2/org/apache/maven/maven/3.5.2/maven-3.5.2.pom (25 kB at 65 kB/s)
Downloading from central: https://repo.maven.apache.org/maven2/org/apache/maven/maven-model/3.5.2/maven-model-3.5.2.pom
Progress (1): 2.2/4.0 kBProgress (1): 4.0 kB                        Downloaded from central: https://repo.maven.apache.org/maven2/org/apache/maven/maven-model/3.5.2/maven-model-3.5.2.pom (4.0 kB at 11 kB/s)
Downloading from central: https://repo.maven.apache.org/maven2/org/apache/maven/maven-settings/3.5.2/maven-settings-3.5.2.pom
Progress (1): 1.8 kB                    Downloaded from central: https://repo.maven.apache.org/maven2/org/apache/maven/maven-settings/3.5.2/maven-settings-3.5.2.pom (1.8 kB at 5.1 kB/s)
Downloading from central: https://repo.maven.apache.org/maven2/org/apache/maven/maven-settings-builder/3.5.2/maven-settings-builder-3.5.2.pom
Progress (1): 2.2/2.6 kBProgress (1): 2.6 kB                        Downloaded from central: https://repo.maven.apache.org/maven2/org/apache/maven/maven-settings-builder/3.5.2/maven-settings-builder-3.5.2.pom (2.6 kB at 7.2 kB/s)
Downloading from central: https://repo.maven.apache.org/maven2/org/apache/maven/maven-builder-support/3.5.2/maven-builder-support-3.5.2.pom
Progress (1): 1.5 kB                    Downloaded from central: https://repo.maven.apache.org/maven2/org/apache/maven/maven-builder-support/3.5.2/maven-builder-support-3.5.2.pom (1.5 kB at 4.1 kB/s)
Downloading from central: https://repo.maven.apache.org/maven2/org/apache/maven/maven-repository-metadata/3.5.2/maven-repository-metadata-3.5.2.pom
Progress (1): 1.9 kB                    Downloaded from central: https://repo.maven.apache.org/maven2/org/apache/maven/maven-repository-metadata/3.5.2/maven-repository-metadata-3.5.2.pom (1.9 kB at 5.3 kB/s)
Downloading from central: https://repo.maven.apache.org/maven2/org/apache/maven/maven-artifact/3.5.2/maven-artifact-3.5.2.pom
Progress (1): 2.1 kB                    Downloaded from central: https://repo.maven.apache.org/maven2/org/apache/maven/maven-artifact/3.5.2/maven-artifact-3.5.2.pom (2.1 kB at 5.8 kB/s)
Downloading from central: https://repo.maven.apache.org/maven2/org/apache/maven/maven-plugin-api/3.5.2/maven-plugin-api-3.5.2.pom
Progress (1): 2.2/2.9 kBProgress (1): 2.9 kB                        Downloaded from central: https://repo.maven.apache.org/maven2/org/apache/maven/maven-plugin-api/3.5.2/maven-plugin-api-3.5.2.pom (2.9 kB at 8.1 kB/s)
Downloading from central: https://repo.maven.apache.org/maven2/org/apache/maven/maven-model-builder/3.5.2/maven-model-builder-3.5.2.pom
Progress (1): 2.2/3.1 kBProgress (1): 3.1 kB                        Downloaded from central: https://repo.maven.apache.org/maven2/org/apache/maven/maven-model-builder/3.5.2/maven-model-builder-3.5.2.pom (3.1 kB at 8.6 kB/s)
Downloading from central: https://repo.maven.apache.org/maven2/org/apache/maven/maven-resolver-provider/3.5.2/maven-resolver-provider-3.5.2.pom
Progress (1): 2.2/4.2 kBProgress (1): 4.2 kB                        Downloaded from central: https://repo.maven.apache.org/maven2/org/apache/maven/maven-resolver-provider/3.5.2/maven-resolver-provider-3.5.2.pom (4.2 kB at 12 kB/s)
Downloading from central: https://repo.maven.apache.org/maven2/org/apache/maven/resolver/maven-resolver-api/1.1.0/maven-resolver-api-1.1.0.pom
Progress (1): 1.9 kB                    Downloaded from central: https://repo.maven.apache.org/maven2/org/apache/maven/resolver/maven-resolver-api/1.1.0/maven-resolver-api-1.1.0.pom (1.9 kB at 4.6 kB/s)
Downloading from central: https://repo.maven.apache.org/maven2/org/apache/maven/resolver/maven-resolver/1.1.0/maven-resolver-1.1.0.pom
Progress (1): 2.2/16 kBProgress (1): 5.0/16 kBProgress (1): 7.8/16 kBProgress (1): 11/16 kB Progress (1): 13/16 kBProgress (1): 16 kB                      Downloaded from central: https://repo.maven.apache.org/maven2/org/apache/maven/resolver/maven-resolver/1.1.0/maven-resolver-1.1.0.pom (16 kB at 43 kB/s)
Downloading from central: https://repo.maven.apache.org/maven2/org/apache/maven/resolver/maven-resolver-spi/1.1.0/maven-resolver-spi-1.1.0.pom
Progress (1): 2.1 kB                    Downloaded from central: https://repo.maven.apache.org/maven2/org/apache/maven/resolver/maven-resolver-spi/1.1.0/maven-resolver-spi-1.1.0.pom (2.1 kB at 5.7 kB/s)
Downloading from central: https://repo.maven.apache.org/maven2/org/apache/maven/resolver/maven-resolver-util/1.1.0/maven-resolver-util-1.1.0.pom
Progress (1): 2.2 kB                    Downloaded from central: https://repo.maven.apache.org/maven2/org/apache/maven/resolver/maven-resolver-util/1.1.0/maven-resolver-util-1.1.0.pom (2.2 kB at 6.2 kB/s)
Downloading from central: https://repo.maven.apache.org/maven2/org/apache/maven/resolver/maven-resolver-impl/1.1.0/maven-resolver-impl-1.1.0.pom
Progress (1): 2.2/3.5 kBProgress (1): 3.5 kB                        Downloaded from central: https://repo.maven.apache.org/maven2/org/apache/maven/resolver/maven-resolver-impl/1.1.0/maven-resolver-impl-1.1.0.pom (3.5 kB at 9.5 kB/s)
Downloading from central: https://repo.maven.apache.org/maven2/org/apache/commons/commons-compress/1.15/commons-compress-1.15.pom
Progress (1): 2.2/15 kBProgress (1): 5.0/15 kBProgress (1): 7.8/15 kBProgress (1): 11/15 kB Progress (1): 13/15 kBProgress (1): 15 kB                      Downloaded from central: https://repo.maven.apache.org/maven2/org/apache/commons/commons-compress/1.15/commons-compress-1.15.pom (15 kB at 41 kB/s)
Downloading from central: https://repo.maven.apache.org/maven2/org/apache/ant/ant/1.10.1/ant-1.10.1.jar
Downloading from central: https://repo.maven.apache.org/maven2/org/apache/maven/maven-settings/3.5.2/maven-settings-3.5.2.jar
Downloading from central: https://repo.maven.apache.org/maven2/org/apache/maven/maven-model/3.5.2/maven-model-3.5.2.jar
Downloading from central: https://repo.maven.apache.org/maven2/org/apache/ant/ant-launcher/1.10.1/ant-launcher-1.10.1.jar
Downloading from central: https://repo.maven.apache.org/maven2/org/apache/maven/maven-core/3.5.2/maven-core-3.5.2.jar
Progress (1): 2.2/45 kBProgress (1): 5.0/45 kBProgress (1): 7.7/45 kBProgress (1): 10/45 kB Progress (1): 13/45 kBProgress (1): 16/45 kBProgress (1): 19/45 kBProgress (1): 21/45 kBProgress (1): 24/45 kBProgress (1): 27/45 kBProgress (1): 30/45 kBProgress (1): 32/45 kBProgress (1): 36/45 kBProgress (1): 40/45 kBProgress (1): 45/45 kBProgress (1): 45 kB   Progress (2): 45 kB | 2.2/19 kBProgress (3): 45 kB | 2.2/19 kB | 2.2/165 kBProgress (3): 45 kB | 5.0/19 kB | 2.2/165 kBProgress (3): 45 kB | 5.0/19 kB | 5.0/165 kBProgress (3): 45 kB | 7.7/19 kB | 5.0/165 kBProgress (3): 45 kB | 7.7/19 kB | 7.7/165 kBProgress (3): 45 kB | 10/19 kB | 7.7/165 kB Progress (3): 45 kB | 10/19 kB | 10/165 kB Progress (3): 45 kB | 13/19 kB | 10/165 kBProgress (3): 45 kB | 13/19 kB | 13/165 kB                                          Downloaded from central: https://repo.maven.apache.org/maven2/org/apache/maven/maven-settings/3.5.2/maven-settings-3.5.2.jar (45 kB at 79 kB/s)
Downloading from central: https://repo.maven.apache.org/maven2/org/apache/maven/maven-settings-builder/3.5.2/maven-settings-builder-3.5.2.jar
Progress (3): 13/19 kB | 13/165 kB | 2.2/630 kBProgress (3): 13/19 kB | 13/165 kB | 5.0/630 kBProgress (3): 13/19 kB | 13/165 kB | 7.7/630 kBProgress (3): 13/19 kB | 13/165 kB | 10/630 kB Progress (3): 13/19 kB | 13/165 kB | 13/630 kBProgress (4): 13/19 kB | 13/165 kB | 13/630 kB | 0/2.2 MBProgress (4): 13/19 kB | 13/165 kB | 13/630 kB | 0/2.2 MBProgress (4): 13/19 kB | 13/165 kB | 13/630 kB | 0/2.2 MBProgress (4): 13/19 kB | 13/165 kB | 13/630 kB | 0/2.2 MBProgress (4): 13/19 kB | 13/165 kB | 13/630 kB | 0/2.2 MBProgress (4): 16/19 kB | 13/165 kB | 13/630 kB | 0/2.2 MBProgress (4): 16/19 kB | 16/165 kB | 13/630 kB | 0/2.2 MBProgress (4): 19/19 kB | 16/165 kB | 13/630 kB | 0/2.2 MBProgress (4): 19/19 kB | 19/165 kB | 13/630 kB | 0/2.2 MBProgress (4): 19 kB | 19/165 kB | 13/630 kB | 0/2.2 MB   Progress (4): 19 kB | 21/165 kB | 13/630 kB | 0/2.2 MBProgress (4): 19 kB | 24/165 kB | 13/630 kB | 0/2.2 MBProgress (4): 19 kB | 27/165 kB | 13/630 kB | 0/2.2 MBProgress (4): 19 kB | 30/165 kB | 13/630 kB | 0/2.2 MBProgress (4): 19 kB | 32/165 kB | 13/630 kB | 0/2.2 MBProgress (4): 19 kB | 32/165 kB | 16/630 kB | 0/2.2 MBProgress (4): 19 kB | 32/165 kB | 19/630 kB | 0/2.2 MBProgress (4): 19 kB | 32/165 kB | 21/630 kB | 0/2.2 MBProgress (4): 19 kB | 32/165 kB | 24/630 kB | 0/2.2 MBProgress (4): 19 kB | 32/165 kB | 27/630 kB | 0/2.2 MBProgress (5): 19 kB | 32/165 kB | 27/630 kB | 0/2.2 MB | 4.1/43 kBProgress (5): 19 kB | 32/165 kB | 30/630 kB | 0/2.2 MB | 4.1/43 kBProgress (5): 19 kB | 32/165 kB | 30/630 kB | 0/2.2 MB | 7.7/43 kBProgress (5): 19 kB | 32/165 kB | 32/630 kB | 0/2.2 MB | 7.7/43 kBProgress (5): 19 kB | 32/165 kB | 32/630 kB | 0/2.2 MB | 12/43 kB Progress (5): 19 kB | 32/165 kB | 32/630 kB | 0/2.2 MB | 16/43 kBProgress (5): 19 kB | 32/165 kB | 32/630 kB | 0/2.2 MB | 20/43 kBProgress (5): 19 kB | 32/165 kB | 32/630 kB | 0/2.2 MB | 24/43 kBProgress (5): 19 kB | 32/165 kB | 32/630 kB | 0/2.2 MB | 28/43 kBProgress (5): 19 kB | 32/165 kB | 32/630 kB | 0/2.2 MB | 32/43 kBProgress (5): 19 kB | 32/165 kB | 32/630 kB | 0/2.2 MB | 32/43 kBProgress (5): 19 kB | 32/165 kB | 32/630 kB | 0/2.2 MB | 36/43 kBProgress (5): 19 kB | 32/165 kB | 32/630 kB | 0/2.2 MB | 36/43 kBProgress (5): 19 kB | 32/165 kB | 32/630 kB | 0/2.2 MB | 40/43 kBProgress (5): 19 kB | 32/165 kB | 32/630 kB | 0/2.2 MB | 40/43 kBProgress (5): 19 kB | 32/165 kB | 32/630 kB | 0/2.2 MB | 43 kB   Progress (5): 19 kB | 32/165 kB | 32/630 kB | 0/2.2 MB | 43 kBProgress (5): 19 kB | 32/165 kB | 32/630 kB | 0/2.2 MB | 43 kBProgress (5): 19 kB | 32/165 kB | 32/630 kB | 0/2.2 MB | 43 kBProgress (5): 19 kB | 32/165 kB | 32/630 kB | 0/2.2 MB | 43 kBProgress (5): 19 kB | 36/165 kB | 32/630 kB | 0/2.2 MB | 43 kBProgress (5): 19 kB | 40/165 kB | 32/630 kB | 0/2.2 MB | 43 kBProgress (5): 19 kB | 45/165 kB | 32/630 kB | 0/2.2 MB | 43 kBProgress (5): 19 kB | 49/165 kB | 32/630 kB | 0/2.2 MB | 43 kBProgress (5): 19 kB | 53/165 kB | 32/630 kB | 0/2.2 MB | 43 kBProgress (5): 19 kB | 57/165 kB | 32/630 kB | 0/2.2 MB | 43 kBProgress (5): 19 kB | 61/165 kB | 32/630 kB | 0/2.2 MB | 43 kBProgress (5): 19 kB | 65/165 kB | 32/630 kB | 0/2.2 MB | 43 kBProgress (5): 19 kB | 69/165 kB | 32/630 kB | 0/2.2 MB | 43 kBProgress (5): 19 kB | 73/165 kB | 32/630 kB | 0/2.2 MB | 43 kB                                                              Downloaded from central: https://repo.maven.apache.org/maven2/org/apache/ant/ant-launcher/1.10.1/ant-launcher-1.10.1.jar (19 kB at 21 kB/s)
Progress (4): 77/165 kB | 32/630 kB | 0/2.2 MB | 43 kB                                                      Downloading from central: https://repo.maven.apache.org/maven2/org/apache/maven/maven-builder-support/3.5.2/maven-builder-support-3.5.2.jar
Progress (4): 81/165 kB | 32/630 kB | 0/2.2 MB | 43 kBProgress (4): 81/165 kB | 36/630 kB | 0/2.2 MB | 43 kBProgress (4): 81/165 kB | 40/630 kB | 0/2.2 MB | 43 kBProgress (4): 81/165 kB | 45/630 kB | 0/2.2 MB | 43 kBProgress (4): 81/165 kB | 49/630 kB | 0/2.2 MB | 43 kBProgress (4): 81/165 kB | 53/630 kB | 0/2.2 MB | 43 kBProgress (4): 81/165 kB | 57/630 kB | 0/2.2 MB | 43 kBProgress (4): 81/165 kB | 61/630 kB | 0/2.2 MB | 43 kBProgress (4): 81/165 kB | 65/630 kB | 0/2.2 MB | 43 kBProgress (4): 81/165 kB | 69/630 kB | 0/2.2 MB | 43 kBProgress (4): 81/165 kB | 73/630 kB | 0/2.2 MB | 43 kBProgress (4): 81/165 kB | 77/630 kB | 0/2.2 MB | 43 kBProgress (4): 81/165 kB | 81/630 kB | 0/2.2 MB | 43 kBProgress (4): 81/165 kB | 81/630 kB | 0/2.2 MB | 43 kBProgress (4): 81/165 kB | 81/630 kB | 0/2.2 MB | 43 kBProgress (4): 81/165 kB | 81/630 kB | 0/2.2 MB | 43 kBProgress (4): 81/165 kB | 81/630 kB | 0/2.2 MB | 43 kBProgress (4): 81/165 kB | 81/630 kB | 0.1/2.2 MB | 43 kBProgress (4): 81/165 kB | 81/630 kB | 0.1/2.2 MB | 43 kBProgress (4): 81/165 kB | 81/630 kB | 0.1/2.2 MB | 43 kBProgress (4): 81/165 kB | 81/630 kB | 0.1/2.2 MB | 43 kBProgress (4): 81/165 kB | 81/630 kB | 0.1/2.2 MB | 43 kBProgress (4): 81/165 kB | 81/630 kB | 0.1/2.2 MB | 43 kBProgress (4): 81/165 kB | 81/630 kB | 0.1/2.2 MB | 43 kBProgress (4): 81/165 kB | 81/630 kB | 0.1/2.2 MB | 43 kB                                                        Downloaded from central: https://repo.maven.apache.org/maven2/org/apache/maven/maven-settings-builder/3.5.2/maven-settings-builder-3.5.2.jar (43 kB at 46 kB/s)
Downloading from central: https://repo.maven.apache.org/maven2/org/apache/maven/maven-repository-metadata/3.5.2/maven-repository-metadata-3.5.2.jar
Progress (3): 85/165 kB | 81/630 kB | 0.1/2.2 MBProgress (3): 90/165 kB | 81/630 kB | 0.1/2.2 MBProgress (3): 94/165 kB | 81/630 kB | 0.1/2.2 MBProgress (3): 98/165 kB | 81/630 kB | 0.1/2.2 MBProgress (3): 102/165 kB | 81/630 kB | 0.1/2.2 MBProgress (3): 106/165 kB | 81/630 kB | 0.1/2.2 MBProgress (3): 110/165 kB | 81/630 kB | 0.1/2.2 MBProgress (3): 114/165 kB | 81/630 kB | 0.1/2.2 MBProgress (3): 118/165 kB | 81/630 kB | 0.1/2.2 MBProgress (3): 122/165 kB | 81/630 kB | 0.1/2.2 MBProgress (3): 126/165 kB | 81/630 kB | 0.1/2.2 MBProgress (3): 131/165 kB | 81/630 kB | 0.1/2.2 MBProgress (3): 135/165 kB | 81/630 kB | 0.1/2.2 MBProgress (3): 139/165 kB | 81/630 kB | 0.1/2.2 MBProgress (3): 143/165 kB | 81/630 kB | 0.1/2.2 MBProgress (3): 147/165 kB | 81/630 kB | 0.1/2.2 MBProgress (3): 151/165 kB | 81/630 kB | 0.1/2.2 MBProgress (3): 155/165 kB | 81/630 kB | 0.1/2.2 MBProgress (3): 159/165 kB | 81/630 kB | 0.1/2.2 MBProgress (3): 163/165 kB | 81/630 kB | 0.1/2.2 MBProgress (3): 165 kB | 81/630 kB | 0.1/2.2 MB    Progress (4): 165 kB | 81/630 kB | 0.1/2.2 MB | 2.2/15 kBProgress (4): 165 kB | 81/630 kB | 0.1/2.2 MB | 5.0/15 kBProgress (4): 165 kB | 81/630 kB | 0.1/2.2 MB | 7.7/15 kBProgress (4): 165 kB | 81/630 kB | 0.1/2.2 MB | 10/15 kB Progress (4): 165 kB | 81/630 kB | 0.1/2.2 MB | 13/15 kBProgress (4): 165 kB | 81/630 kB | 0.1/2.2 MB | 15 kB   Progress (4): 165 kB | 85/630 kB | 0.1/2.2 MB | 15 kBProgress (4): 165 kB | 90/630 kB | 0.1/2.2 MB | 15 kBProgress (4): 165 kB | 90/630 kB | 0.1/2.2 MB | 15 kBProgress (4): 165 kB | 94/630 kB | 0.1/2.2 MB | 15 kBProgress (4): 165 kB | 94/630 kB | 0.1/2.2 MB | 15 kBProgress (4): 165 kB | 98/630 kB | 0.1/2.2 MB | 15 kBProgress (4): 165 kB | 98/630 kB | 0.1/2.2 MB | 15 kBProgress (4): 165 kB | 98/630 kB | 0.1/2.2 MB | 15 kBProgress (4): 165 kB | 102/630 kB | 0.1/2.2 MB | 15 kBProgress (4): 165 kB | 106/630 kB | 0.1/2.2 MB | 15 kBProgress (4): 165 kB | 110/630 kB | 0.1/2.2 MB | 15 kBProgress (4): 165 kB | 110/630 kB | 0.1/2.2 MB | 15 kBProgress (4): 165 kB | 114/630 kB | 0.1/2.2 MB | 15 kBProgress (4): 165 kB | 114/630 kB | 0.1/2.2 MB | 15 kBProgress (4): 165 kB | 114/630 kB | 0.1/2.2 MB | 15 kBProgress (4): 165 kB | 118/630 kB | 0.1/2.2 MB | 15 kBProgress (4): 165 kB | 118/630 kB | 0.1/2.2 MB | 15 kBProgress (4): 165 kB | 122/630 kB | 0.1/2.2 MB | 15 kBProgress (4): 165 kB | 126/630 kB | 0.1/2.2 MB | 15 kBProgress (4): 165 kB | 131/630 kB | 0.1/2.2 MB | 15 kBProgress (4): 165 kB | 131/630 kB | 0.1/2.2 MB | 15 kBProgress (4): 165 kB | 131/630 kB | 0.1/2.2 MB | 15 kBProgress (4): 165 kB | 135/630 kB | 0.1/2.2 MB | 15 kBProgress (4): 165 kB | 135/630 kB | 0.1/2.2 MB | 15 kBProgress (4): 165 kB | 139/630 kB | 0.1/2.2 MB | 15 kBProgress (4): 165 kB | 139/630 kB | 0.1/2.2 MB | 15 kBProgress (4): 165 kB | 143/630 kB | 0.1/2.2 MB | 15 kBProgress (4): 165 kB | 143/630 kB | 0.1/2.2 MB | 15 kBProgress (4): 165 kB | 147/630 kB | 0.1/2.2 MB | 15 kBProgress (4): 165 kB | 147/630 kB | 0.1/2.2 MB | 15 kBProgress (4): 165 kB | 147/630 kB | 0.1/2.2 MB | 15 kBProgress (4): 165 kB | 147/630 kB | 0.1/2.2 MB | 15 kBProgress (4): 165 kB | 151/630 kB | 0.1/2.2 MB | 15 kBProgress (4): 165 kB | 151/630 kB | 0.2/2.2 MB | 15 kBProgress (4): 165 kB | 155/630 kB | 0.2/2.2 MB | 15 kBProgress (4): 165 kB | 155/630 kB | 0.2/2.2 MB | 15 kBProgress (4): 165 kB | 159/630 kB | 0.2/2.2 MB | 15 kBProgress (4): 165 kB | 159/630 kB | 0.2/2.2 MB | 15 kBProgress (4): 165 kB | 163/630 kB | 0.2/2.2 MB | 15 kBProgress (4): 165 kB | 163/630 kB | 0.2/2.2 MB | 15 kBProgress (4): 165 kB | 167/630 kB | 0.2/2.2 MB | 15 kBProgress (4): 165 kB | 167/630 kB | 0.2/2.2 MB | 15 kBProgress (4): 165 kB | 171/630 kB | 0.2/2.2 MB | 15 kBProgress (4): 165 kB | 171/630 kB | 0.2/2.2 MB | 15 kBProgress (4): 165 kB | 176/630 kB | 0.2/2.2 MB | 15 kBProgress (4): 165 kB | 176/630 kB | 0.2/2.2 MB | 15 kBProgress (4): 165 kB | 180/630 kB | 0.2/2.2 MB | 15 kBProgress (4): 165 kB | 180/630 kB | 0.2/2.2 MB | 15 kBProgress (4): 165 kB | 180/630 kB | 0.2/2.2 MB | 15 kBProgress (4): 165 kB | 180/630 kB | 0.2/2.2 MB | 15 kBProgress (4): 165 kB | 180/630 kB | 0.2/2.2 MB | 15 kBProgress (4): 165 kB | 180/630 kB | 0.2/2.2 MB | 15 kBProgress (5): 165 kB | 180/630 kB | 0.2/2.2 MB | 15 kB | 4.1/27 kBProgress (5): 165 kB | 180/630 kB | 0.2/2.2 MB | 15 kB | 7.7/27 kBProgress (5): 165 kB | 180/630 kB | 0.2/2.2 MB | 15 kB | 12/27 kB Progress (5): 165 kB | 180/630 kB | 0.2/2.2 MB | 15 kB | 16/27 kBProgress (5): 165 kB | 180/630 kB | 0.2/2.2 MB | 15 kB | 20/27 kBProgress (5): 165 kB | 180/630 kB | 0.2/2.2 MB | 15 kB | 24/27 kBProgress (5): 165 kB | 180/630 kB | 0.2/2.2 MB | 15 kB | 27 kB                                                                 Downloaded from central: https://repo.maven.apache.org/maven2/org/apache/maven/maven-model/3.5.2/maven-model-3.5.2.jar (165 kB at 130 kB/s)
Progress (4): 180/630 kB | 0.2/2.2 MB | 15 kB | 27 kB                                                     Downloading from central: https://repo.maven.apache.org/maven2/org/apache/maven/maven-artifact/3.5.2/maven-artifact-3.5.2.jar
Progress (4): 180/630 kB | 0.2/2.2 MB | 15 kB | 27 kBProgress (4): 180/630 kB | 0.2/2.2 MB | 15 kB | 27 kBProgress (4): 180/630 kB | 0.2/2.2 MB | 15 kB | 27 kBProgress (4): 180/630 kB | 0.2/2.2 MB | 15 kB | 27 kBProgress (4): 180/630 kB | 0.2/2.2 MB | 15 kB | 27 kBProgress (4): 180/630 kB | 0.2/2.2 MB | 15 kB | 27 kBProgress (4): 180/630 kB | 0.2/2.2 MB | 15 kB | 27 kB                                                     Downloaded from central: https://repo.maven.apache.org/maven2/org/apache/maven/maven-builder-support/3.5.2/maven-builder-support-3.5.2.jar (15 kB at 12 kB/s)
Progress (3): 180/630 kB | 0.2/2.2 MB | 27 kB                                             Downloading from central: https://repo.maven.apache.org/maven2/org/apache/maven/maven-model-builder/3.5.2/maven-model-builder-3.5.2.jar
Progress (3): 184/630 kB | 0.2/2.2 MB | 27 kBProgress (3): 184/630 kB | 0.2/2.2 MB | 27 kBProgress (3): 188/630 kB | 0.2/2.2 MB | 27 kBProgress (3): 188/630 kB | 0.2/2.2 MB | 27 kBProgress (3): 192/630 kB | 0.2/2.2 MB | 27 kBProgress (3): 192/630 kB | 0.2/2.2 MB | 27 kBProgress (3): 196/630 kB | 0.2/2.2 MB | 27 kBProgress (3): 200/630 kB | 0.2/2.2 MB | 27 kBProgress (3): 200/630 kB | 0.2/2.2 MB | 27 kBProgress (3): 204/630 kB | 0.2/2.2 MB | 27 kBProgress (3): 204/630 kB | 0.3/2.2 MB | 27 kBProgress (3): 208/630 kB | 0.3/2.2 MB | 27 kBProgress (3): 208/630 kB | 0.3/2.2 MB | 27 kBProgress (3): 212/630 kB | 0.3/2.2 MB | 27 kBProgress (3): 212/630 kB | 0.3/2.2 MB | 27 kBProgress (3): 217/630 kB | 0.3/2.2 MB | 27 kBProgress (3): 217/630 kB | 0.3/2.2 MB | 27 kBProgress (3): 221/630 kB | 0.3/2.2 MB | 27 kBProgress (3): 221/630 kB | 0.3/2.2 MB | 27 kBProgress (3): 225/630 kB | 0.3/2.2 MB | 27 kBProgress (3): 225/630 kB | 0.3/2.2 MB | 27 kBProgress (3): 229/630 kB | 0.3/2.2 MB | 27 kBProgress (3): 229/630 kB | 0.3/2.2 MB | 27 kBProgress (3): 229/630 kB | 0.3/2.2 MB | 27 kBProgress (3): 229/630 kB | 0.3/2.2 MB | 27 kBProgress (3): 233/630 kB | 0.3/2.2 MB | 27 kBProgress (3): 233/630 kB | 0.3/2.2 MB | 27 kBProgress (3): 237/630 kB | 0.3/2.2 MB | 27 kBProgress (3): 237/630 kB | 0.3/2.2 MB | 27 kBProgress (3): 241/630 kB | 0.3/2.2 MB | 27 kBProgress (3): 245/630 kB | 0.3/2.2 MB | 27 kBProgress (3): 245/630 kB | 0.3/2.2 MB | 27 kBProgress (3): 245/630 kB | 0.3/2.2 MB | 27 kBProgress (3): 245/630 kB | 0.3/2.2 MB | 27 kBProgress (3): 245/630 kB | 0.3/2.2 MB | 27 kBProgress (3): 249/630 kB | 0.3/2.2 MB | 27 kBProgress (3): 249/630 kB | 0.3/2.2 MB | 27 kBProgress (3): 253/630 kB | 0.3/2.2 MB | 27 kBProgress (3): 253/630 kB | 0.3/2.2 MB | 27 kBProgress (3): 258/630 kB | 0.3/2.2 MB | 27 kBProgress (3): 258/630 kB | 0.3/2.2 MB | 27 kBProgress (3): 262/630 kB | 0.3/2.2 MB | 27 kBProgress (3): 262/630 kB | 0.3/2.2 MB | 27 kBProgress (3): 262/630 kB | 0.3/2.2 MB | 27 kBProgress (3): 262/630 kB | 0.3/2.2 MB | 27 kBProgress (3): 266/630 kB | 0.3/2.2 MB | 27 kBProgress (3): 266/630 kB | 0.3/2.2 MB | 27 kBProgress (3): 270/630 kB | 0.3/2.2 MB | 27 kBProgress (3): 270/630 kB | 0.3/2.2 MB | 27 kBProgress (3): 274/630 kB | 0.3/2.2 MB | 27 kBProgress (3): 278/630 kB | 0.3/2.2 MB | 27 kBProgress (3): 282/630 kB | 0.3/2.2 MB | 27 kBProgress (3): 286/630 kB | 0.3/2.2 MB | 27 kBProgress (3): 290/630 kB | 0.3/2.2 MB | 27 kBProgress (3): 294/630 kB | 0.3/2.2 MB | 27 kBProgress (3): 298/630 kB | 0.3/2.2 MB | 27 kBProgress (3): 303/630 kB | 0.3/2.2 MB | 27 kBProgress (3): 307/630 kB | 0.3/2.2 MB | 27 kBProgress (3): 311/630 kB | 0.3/2.2 MB | 27 kBProgress (3): 315/630 kB | 0.3/2.2 MB | 27 kBProgress (3): 319/630 kB | 0.3/2.2 MB | 27 kBProgress (3): 323/630 kB | 0.3/2.2 MB | 27 kBProgress (3): 327/630 kB | 0.3/2.2 MB | 27 kBProgress (3): 331/630 kB | 0.3/2.2 MB | 27 kBProgress (3): 335/630 kB | 0.3/2.2 MB | 27 kBProgress (3): 339/630 kB | 0.3/2.2 MB | 27 kBProgress (3): 344/630 kB | 0.3/2.2 MB | 27 kBProgress (3): 348/630 kB | 0.3/2.2 MB | 27 kBProgress (3): 352/630 kB | 0.3/2.2 MB | 27 kBProgress (3): 356/630 kB | 0.3/2.2 MB | 27 kBProgress (3): 360/630 kB | 0.3/2.2 MB | 27 kBProgress (3): 364/630 kB | 0.3/2.2 MB | 27 kBProgress (3): 368/630 kB | 0.3/2.2 MB | 27 kBProgress (3): 372/630 kB | 0.3/2.2 MB | 27 kBProgress (3): 376/630 kB | 0.3/2.2 MB | 27 kB                                             Downloaded from central: https://repo.maven.apache.org/maven2/org/apache/maven/maven-repository-metadata/3.5.2/maven-repository-metadata-3.5.2.jar (27 kB at 21 kB/s)
Downloading from central: https://repo.maven.apache.org/maven2/org/apache/maven/maven-resolver-provider/3.5.2/maven-resolver-provider-3.5.2.jar
Progress (2): 376/630 kB | 0.3/2.2 MBProgress (2): 376/630 kB | 0.4/2.2 MBProgress (2): 376/630 kB | 0.4/2.2 MBProgress (2): 376/630 kB | 0.4/2.2 MBProgress (2): 376/630 kB | 0.4/2.2 MBProgress (2): 376/630 kB | 0.4/2.2 MBProgress (2): 376/630 kB | 0.4/2.2 MBProgress (2): 376/630 kB | 0.4/2.2 MBProgress (2): 376/630 kB | 0.4/2.2 MBProgress (2): 376/630 kB | 0.4/2.2 MBProgress (2): 376/630 kB | 0.4/2.2 MBProgress (2): 376/630 kB | 0.4/2.2 MBProgress (2): 376/630 kB | 0.4/2.2 MBProgress (2): 376/630 kB | 0.4/2.2 MBProgress (2): 376/630 kB | 0.4/2.2 MBProgress (2): 376/630 kB | 0.4/2.2 MBProgress (2): 376/630 kB | 0.4/2.2 MBProgress (2): 376/630 kB | 0.4/2.2 MBProgress (2): 376/630 kB | 0.4/2.2 MBProgress (2): 376/630 kB | 0.4/2.2 MBProgress (2): 376/630 kB | 0.4/2.2 MBProgress (2): 376/630 kB | 0.4/2.2 MBProgress (2): 376/630 kB | 0.4/2.2 MBProgress (2): 376/630 kB | 0.4/2.2 MBProgress (2): 376/630 kB | 0.4/2.2 MBProgress (2): 376/630 kB | 0.5/2.2 MBProgress (2): 376/630 kB | 0.5/2.2 MBProgress (2): 376/630 kB | 0.5/2.2 MBProgress (2): 376/630 kB | 0.5/2.2 MBProgress (2): 376/630 kB | 0.5/2.2 MBProgress (2): 376/630 kB | 0.5/2.2 MBProgress (2): 376/630 kB | 0.5/2.2 MBProgress (2): 376/630 kB | 0.5/2.2 MBProgress (2): 376/630 kB | 0.5/2.2 MBProgress (2): 376/630 kB | 0.5/2.2 MBProgress (2): 376/630 kB | 0.5/2.2 MBProgress (2): 380/630 kB | 0.5/2.2 MBProgress (2): 384/630 kB | 0.5/2.2 MBProgress (2): 389/630 kB | 0.5/2.2 MBProgress (2): 393/630 kB | 0.5/2.2 MBProgress (2): 393/630 kB | 0.5/2.2 MBProgress (2): 393/630 kB | 0.5/2.2 MBProgress (3): 393/630 kB | 0.5/2.2 MB | 4.1/55 kBProgress (3): 393/630 kB | 0.5/2.2 MB | 4.1/55 kBProgress (3): 397/630 kB | 0.5/2.2 MB | 4.1/55 kBProgress (3): 397/630 kB | 0.5/2.2 MB | 4.1/55 kBProgress (3): 397/630 kB | 0.5/2.2 MB | 7.7/55 kBProgress (3): 401/630 kB | 0.5/2.2 MB | 7.7/55 kBProgress (3): 401/630 kB | 0.5/2.2 MB | 7.7/55 kBProgress (3): 401/630 kB | 0.5/2.2 MB | 12/55 kB Progress (3): 401/630 kB | 0.5/2.2 MB | 12/55 kBProgress (3): 405/630 kB | 0.5/2.2 MB | 12/55 kBProgress (3): 405/630 kB | 0.5/2.2 MB | 12/55 kBProgress (3): 405/630 kB | 0.5/2.2 MB | 16/55 kBProgress (3): 405/630 kB | 0.5/2.2 MB | 16/55 kBProgress (3): 409/630 kB | 0.5/2.2 MB | 16/55 kBProgress (4): 409/630 kB | 0.5/2.2 MB | 16/55 kB | 2.6/180 kBProgress (4): 409/630 kB | 0.5/2.2 MB | 16/55 kB | 2.6/180 kBProgress (4): 413/630 kB | 0.5/2.2 MB | 16/55 kB | 2.6/180 kBProgress (4): 413/630 kB | 0.5/2.2 MB | 16/55 kB | 2.6/180 kBProgress (4): 417/630 kB | 0.5/2.2 MB | 16/55 kB | 2.6/180 kBProgress (4): 417/630 kB | 0.5/2.2 MB | 20/55 kB | 2.6/180 kBProgress (4): 417/630 kB | 0.5/2.2 MB | 20/55 kB | 2.6/180 kBProgress (4): 417/630 kB | 0.5/2.2 MB | 20/55 kB | 5.3/180 kBProgress (4): 417/630 kB | 0.5/2.2 MB | 20/55 kB | 5.3/180 kBProgress (4): 417/630 kB | 0.5/2.2 MB | 24/55 kB | 5.3/180 kBProgress (4): 421/630 kB | 0.5/2.2 MB | 24/55 kB | 5.3/180 kBProgress (4): 421/630 kB | 0.5/2.2 MB | 28/55 kB | 5.3/180 kBProgress (4): 421/630 kB | 0.5/2.2 MB | 28/55 kB | 5.3/180 kBProgress (4): 421/630 kB | 0.5/2.2 MB | 28/55 kB | 6.7/180 kBProgress (4): 421/630 kB | 0.5/2.2 MB | 28/55 kB | 6.7/180 kBProgress (4): 421/630 kB | 0.5/2.2 MB | 32/55 kB | 6.7/180 kBProgress (4): 425/630 kB | 0.5/2.2 MB | 32/55 kB | 6.7/180 kBProgress (4): 425/630 kB | 0.5/2.2 MB | 32/55 kB | 9.4/180 kBProgress (4): 425/630 kB | 0.6/2.2 MB | 32/55 kB | 9.4/180 kBProgress (4): 430/630 kB | 0.6/2.2 MB | 32/55 kB | 9.4/180 kBProgress (4): 430/630 kB | 0.6/2.2 MB | 32/55 kB | 11/180 kB Progress (4): 430/630 kB | 0.6/2.2 MB | 32/55 kB | 11/180 kBProgress (4): 430/630 kB | 0.6/2.2 MB | 36/55 kB | 11/180 kBProgress (4): 434/630 kB | 0.6/2.2 MB | 36/55 kB | 11/180 kBProgress (4): 434/630 kB | 0.6/2.2 MB | 40/55 kB | 11/180 kBProgress (4): 434/630 kB | 0.6/2.2 MB | 40/55 kB | 11/180 kBProgress (4): 434/630 kB | 0.6/2.2 MB | 40/55 kB | 14/180 kBProgress (4): 434/630 kB | 0.6/2.2 MB | 40/55 kB | 14/180 kBProgress (4): 434/630 kB | 0.6/2.2 MB | 45/55 kB | 14/180 kBProgress (4): 438/630 kB | 0.6/2.2 MB | 45/55 kB | 14/180 kBProgress (4): 438/630 kB | 0.6/2.2 MB | 49/55 kB | 14/180 kBProgress (4): 438/630 kB | 0.6/2.2 MB | 49/55 kB | 14/180 kBProgress (4): 438/630 kB | 0.6/2.2 MB | 49/55 kB | 15/180 kBProgress (4): 438/630 kB | 0.6/2.2 MB | 49/55 kB | 15/180 kBProgress (4): 438/630 kB | 0.6/2.2 MB | 53/55 kB | 15/180 kBProgress (4): 438/630 kB | 0.6/2.2 MB | 55 kB | 15/180 kB   Progress (4): 442/630 kB | 0.6/2.2 MB | 55 kB | 15/180 kBProgress (4): 442/630 kB | 0.6/2.2 MB | 55 kB | 15/180 kBProgress (4): 442/630 kB | 0.6/2.2 MB | 55 kB | 18/180 kBProgress (4): 442/630 kB | 0.6/2.2 MB | 55 kB | 18/180 kBProgress (4): 442/630 kB | 0.6/2.2 MB | 55 kB | 19/180 kBProgress (4): 442/630 kB | 0.6/2.2 MB | 55 kB | 19/180 kBProgress (4): 442/630 kB | 0.6/2.2 MB | 55 kB | 22/180 kBProgress (4): 446/630 kB | 0.6/2.2 MB | 55 kB | 22/180 kBProgress (4): 446/630 kB | 0.6/2.2 MB | 55 kB | 23/180 kBProgress (4): 446/630 kB | 0.6/2.2 MB | 55 kB | 23/180 kBProgress (4): 446/630 kB | 0.6/2.2 MB | 55 kB | 26/180 kBProgress (4): 450/630 kB | 0.6/2.2 MB | 55 kB | 26/180 kBProgress (4): 450/630 kB | 0.6/2.2 MB | 55 kB | 26/180 kBProgress (4): 450/630 kB | 0.6/2.2 MB | 55 kB | 27/180 kBProgress (4): 450/630 kB | 0.6/2.2 MB | 55 kB | 27/180 kBProgress (4): 450/630 kB | 0.6/2.2 MB | 55 kB | 30/180 kBProgress (4): 454/630 kB | 0.6/2.2 MB | 55 kB | 30/180 kBProgress (4): 454/630 kB | 0.6/2.2 MB | 55 kB | 31/180 kBProgress (4): 454/630 kB | 0.6/2.2 MB | 55 kB | 31/180 kBProgress (4): 458/630 kB | 0.6/2.2 MB | 55 kB | 31/180 kBProgress (4): 458/630 kB | 0.6/2.2 MB | 55 kB | 31/180 kBProgress (4): 458/630 kB | 0.6/2.2 MB | 55 kB | 31/180 kBProgress (4): 462/630 kB | 0.6/2.2 MB | 55 kB | 31/180 kBProgress (4): 462/630 kB | 0.6/2.2 MB | 55 kB | 31/180 kBProgress (4): 466/630 kB | 0.6/2.2 MB | 55 kB | 31/180 kBProgress (4): 466/630 kB | 0.6/2.2 MB | 55 kB | 31/180 kBProgress (4): 470/630 kB | 0.6/2.2 MB | 55 kB | 31/180 kBProgress (4): 470/630 kB | 0.6/2.2 MB | 55 kB | 31/180 kBProgress (4): 475/630 kB | 0.6/2.2 MB | 55 kB | 31/180 kBProgress (4): 475/630 kB | 0.6/2.2 MB | 55 kB | 31/180 kBProgress (4): 475/630 kB | 0.6/2.2 MB | 55 kB | 31/180 kBProgress (4): 475/630 kB | 0.6/2.2 MB | 55 kB | 31/180 kBProgress (4): 475/630 kB | 0.6/2.2 MB | 55 kB | 31/180 kBProgress (4): 479/630 kB | 0.6/2.2 MB | 55 kB | 31/180 kBProgress (4): 483/630 kB | 0.6/2.2 MB | 55 kB | 31/180 kBProgress (4): 483/630 kB | 0.6/2.2 MB | 55 kB | 31/180 kBProgress (4): 487/630 kB | 0.6/2.2 MB | 55 kB | 31/180 kBProgress (4): 487/630 kB | 0.6/2.2 MB | 55 kB | 31/180 kBProgress (4): 491/630 kB | 0.6/2.2 MB | 55 kB | 31/180 kBProgress (4): 491/630 kB | 0.7/2.2 MB | 55 kB | 31/180 kBProgress (4): 491/630 kB | 0.7/2.2 MB | 55 kB | 31/180 kBProgress (4): 495/630 kB | 0.7/2.2 MB | 55 kB | 31/180 kBProgress (4): 495/630 kB | 0.7/2.2 MB | 55 kB | 31/180 kBProgress (4): 499/630 kB | 0.7/2.2 MB | 55 kB | 31/180 kBProgress (4): 499/630 kB | 0.7/2.2 MB | 55 kB | 31/180 kBProgress (4): 503/630 kB | 0.7/2.2 MB | 55 kB | 31/180 kBProgress (4): 503/630 kB | 0.7/2.2 MB | 55 kB | 31/180 kBProgress (4): 507/630 kB | 0.7/2.2 MB | 55 kB | 31/180 kBProgress (4): 507/630 kB | 0.7/2.2 MB | 55 kB | 31/180 kBProgress (4): 511/630 kB | 0.7/2.2 MB | 55 kB | 31/180 kBProgress (4): 516/630 kB | 0.7/2.2 MB | 55 kB | 31/180 kBProgress (4): 520/630 kB | 0.7/2.2 MB | 55 kB | 31/180 kBProgress (4): 524/630 kB | 0.7/2.2 MB | 55 kB | 31/180 kBProgress (5): 524/630 kB | 0.7/2.2 MB | 55 kB | 31/180 kB | 4.1/68 kBProgress (5): 528/630 kB | 0.7/2.2 MB | 55 kB | 31/180 kB | 4.1/68 kBProgress (5): 528/630 kB | 0.7/2.2 MB | 55 kB | 31/180 kB | 7.7/68 kBProgress (5): 532/630 kB | 0.7/2.2 MB | 55 kB | 31/180 kB | 7.7/68 kBProgress (5): 532/630 kB | 0.7/2.2 MB | 55 kB | 31/180 kB | 12/68 kB Progress (5): 536/630 kB | 0.7/2.2 MB | 55 kB | 31/180 kB | 12/68 kBProgress (5): 536/630 kB | 0.7/2.2 MB | 55 kB | 31/180 kB | 16/68 kBProgress (5): 540/630 kB | 0.7/2.2 MB | 55 kB | 31/180 kB | 16/68 kBProgress (5): 540/630 kB | 0.7/2.2 MB | 55 kB | 31/180 kB | 20/68 kBProgress (5): 544/630 kB | 0.7/2.2 MB | 55 kB | 31/180 kB | 20/68 kBProgress (5): 544/630 kB | 0.7/2.2 MB | 55 kB | 31/180 kB | 24/68 kBProgress (5): 548/630 kB | 0.7/2.2 MB | 55 kB | 31/180 kB | 24/68 kBProgress (5): 548/630 kB | 0.7/2.2 MB | 55 kB | 31/180 kB | 28/68 kBProgress (5): 552/630 kB | 0.7/2.2 MB | 55 kB | 31/180 kB | 28/68 kBProgress (5): 552/630 kB | 0.7/2.2 MB | 55 kB | 31/180 kB | 32/68 kBProgress (5): 557/630 kB | 0.7/2.2 MB | 55 kB | 31/180 kB | 32/68 kBProgress (5): 557/630 kB | 0.7/2.2 MB | 55 kB | 31/180 kB | 36/68 kBProgress (5): 561/630 kB | 0.7/2.2 MB | 55 kB | 31/180 kB | 36/68 kBProgress (5): 561/630 kB | 0.7/2.2 MB | 55 kB | 31/180 kB | 40/68 kBProgress (5): 565/630 kB | 0.7/2.2 MB | 55 kB | 31/180 kB | 40/68 kBProgress (5): 565/630 kB | 0.7/2.2 MB | 55 kB | 31/180 kB | 45/68 kBProgress (5): 569/630 kB | 0.7/2.2 MB | 55 kB | 31/180 kB | 45/68 kBProgress (5): 569/630 kB | 0.7/2.2 MB | 55 kB | 31/180 kB | 49/68 kBProgress (5): 573/630 kB | 0.7/2.2 MB | 55 kB | 31/180 kB | 49/68 kBProgress (5): 573/630 kB | 0.7/2.2 MB | 55 kB | 31/180 kB | 53/68 kBProgress (5): 577/630 kB | 0.7/2.2 MB | 55 kB | 31/180 kB | 53/68 kBProgress (5): 577/630 kB | 0.7/2.2 MB | 55 kB | 31/180 kB | 57/68 kBProgress (5): 581/630 kB | 0.7/2.2 MB | 55 kB | 31/180 kB | 57/68 kBProgress (5): 581/630 kB | 0.7/2.2 MB | 55 kB | 31/180 kB | 61/68 kBProgress (5): 585/630 kB | 0.7/2.2 MB | 55 kB | 31/180 kB | 61/68 kBProgress (5): 585/630 kB | 0.7/2.2 MB | 55 kB | 31/180 kB | 65/68 kBProgress (5): 589/630 kB | 0.7/2.2 MB | 55 kB | 31/180 kB | 65/68 kBProgress (5): 589/630 kB | 0.7/2.2 MB | 55 kB | 31/180 kB | 68 kB   Progress (5): 593/630 kB | 0.7/2.2 MB | 55 kB | 31/180 kB | 68 kBProgress (5): 597/630 kB | 0.7/2.2 MB | 55 kB | 31/180 kB | 68 kBProgress (5): 602/630 kB | 0.7/2.2 MB | 55 kB | 31/180 kB | 68 kBProgress (5): 606/630 kB | 0.7/2.2 MB | 55 kB | 31/180 kB | 68 kBProgress (5): 610/630 kB | 0.7/2.2 MB | 55 kB | 31/180 kB | 68 kBProgress (5): 614/630 kB | 0.7/2.2 MB | 55 kB | 31/180 kB | 68 kBProgress (5): 618/630 kB | 0.7/2.2 MB | 55 kB | 31/180 kB | 68 kBProgress (5): 622/630 kB | 0.7/2.2 MB | 55 kB | 31/180 kB | 68 kBProgress (5): 626/630 kB | 0.7/2.2 MB | 55 kB | 31/180 kB | 68 kBProgress (5): 630/630 kB | 0.7/2.2 MB | 55 kB | 31/180 kB | 68 kBProgress (5): 630 kB | 0.7/2.2 MB | 55 kB | 31/180 kB | 68 kB    Progress (5): 630 kB | 0.7/2.2 MB | 55 kB | 34/180 kB | 68 kBProgress (5): 630 kB | 0.7/2.2 MB | 55 kB | 35/180 kB | 68 kBProgress (5): 630 kB | 0.7/2.2 MB | 55 kB | 38/180 kB | 68 kBProgress (5): 630 kB | 0.7/2.2 MB | 55 kB | 39/180 kB | 68 kBProgress (5): 630 kB | 0.7/2.2 MB | 55 kB | 42/180 kB | 68 kBProgress (5): 630 kB | 0.7/2.2 MB | 55 kB | 44/180 kB | 68 kBProgress (5): 630 kB | 0.7/2.2 MB | 55 kB | 46/180 kB | 68 kBProgress (5): 630 kB | 0.7/2.2 MB | 55 kB | 48/180 kB | 68 kBProgress (5): 630 kB | 0.7/2.2 MB | 55 kB | 50/180 kB | 68 kBProgress (5): 630 kB | 0.7/2.2 MB | 55 kB | 52/180 kB | 68 kBProgress (5): 630 kB | 0.7/2.2 MB | 55 kB | 54/180 kB | 68 kBProgress (5): 630 kB | 0.7/2.2 MB | 55 kB | 57/180 kB | 68 kBProgress (5): 630 kB | 0.7/2.2 MB | 55 kB | 60/180 kB | 68 kBProgress (5): 630 kB | 0.7/2.2 MB | 55 kB | 63/180 kB | 68 kBProgress (5): 630 kB | 0.7/2.2 MB | 55 kB | 66/180 kB | 68 kBProgress (5): 630 kB | 0.7/2.2 MB | 55 kB | 68/180 kB | 68 kBProgress (5): 630 kB | 0.7/2.2 MB | 55 kB | 71/180 kB | 68 kBProgress (5): 630 kB | 0.7/2.2 MB | 55 kB | 74/180 kB | 68 kBProgress (5): 630 kB | 0.7/2.2 MB | 55 kB | 76/180 kB | 68 kBProgress (5): 630 kB | 0.7/2.2 MB | 55 kB | 79/180 kB | 68 kBProgress (5): 630 kB | 0.7/2.2 MB | 55 kB | 82/180 kB | 68 kBProgress (5): 630 kB | 0.7/2.2 MB | 55 kB | 84/180 kB | 68 kBProgress (5): 630 kB | 0.7/2.2 MB | 55 kB | 89/180 kB | 68 kBProgress (5): 630 kB | 0.7/2.2 MB | 55 kB | 93/180 kB | 68 kBProgress (5): 630 kB | 0.7/2.2 MB | 55 kB | 97/180 kB | 68 kBProgress (5): 630 kB | 0.7/2.2 MB | 55 kB | 101/180 kB | 68 kB                                                              Downloaded from central: https://repo.maven.apache.org/maven2/org/apache/maven/maven-artifact/3.5.2/maven-artifact-3.5.2.jar (55 kB at 33 kB/s)
Downloading from central: https://repo.maven.apache.org/maven2/org/apache/maven/resolver/maven-resolver-impl/1.1.0/maven-resolver-impl-1.1.0.jar
Downloaded from central: https://repo.maven.apache.org/maven2/org/apache/maven/maven-resolver-provider/3.5.2/maven-resolver-provider-3.5.2.jar (68 kB at 41 kB/s)
Downloading from central: https://repo.maven.apache.org/maven2/org/apache/maven/resolver/maven-resolver-api/1.1.0/maven-resolver-api-1.1.0.jar
Downloaded from central: https://repo.maven.apache.org/maven2/org/apache/maven/maven-core/3.5.2/maven-core-3.5.2.jar (630 kB at 377 kB/s)
Downloading from central: https://repo.maven.apache.org/maven2/org/apache/maven/resolver/maven-resolver-spi/1.1.0/maven-resolver-spi-1.1.0.jar
Progress (2): 0.7/2.2 MB | 105/180 kBProgress (2): 0.7/2.2 MB | 109/180 kBProgress (2): 0.7/2.2 MB | 113/180 kBProgress (2): 0.7/2.2 MB | 117/180 kBProgress (2): 0.7/2.2 MB | 121/180 kBProgress (2): 0.7/2.2 MB | 125/180 kBProgress (2): 0.7/2.2 MB | 130/180 kBProgress (2): 0.7/2.2 MB | 134/180 kBProgress (2): 0.7/2.2 MB | 138/180 kBProgress (2): 0.7/2.2 MB | 142/180 kBProgress (2): 0.7/2.2 MB | 146/180 kBProgress (2): 0.7/2.2 MB | 150/180 kBProgress (2): 0.7/2.2 MB | 154/180 kBProgress (2): 0.7/2.2 MB | 158/180 kBProgress (2): 0.7/2.2 MB | 162/180 kBProgress (2): 0.7/2.2 MB | 166/180 kBProgress (2): 0.7/2.2 MB | 171/180 kBProgress (2): 0.7/2.2 MB | 175/180 kBProgress (2): 0.7/2.2 MB | 179/180 kBProgress (2): 0.7/2.2 MB | 180 kB    Progress (3): 0.7/2.2 MB | 180 kB | 4.1/185 kBProgress (3): 0.7/2.2 MB | 180 kB | 7.7/185 kBProgress (3): 0.7/2.2 MB | 180 kB | 12/185 kB Progress (3): 0.7/2.2 MB | 180 kB | 16/185 kBProgress (3): 0.7/2.2 MB | 180 kB | 20/185 kBProgress (3): 0.7/2.2 MB | 180 kB | 24/185 kBProgress (3): 0.7/2.2 MB | 180 kB | 28/185 kBProgress (3): 0.7/2.2 MB | 180 kB | 32/185 kBProgress (3): 0.7/2.2 MB | 180 kB | 36/185 kBProgress (3): 0.7/2.2 MB | 180 kB | 40/185 kBProgress (3): 0.7/2.2 MB | 180 kB | 45/185 kBProgress (3): 0.7/2.2 MB | 180 kB | 49/185 kBProgress (3): 0.7/2.2 MB | 180 kB | 53/185 kBProgress (3): 0.7/2.2 MB | 180 kB | 57/185 kBProgress (3): 0.7/2.2 MB | 180 kB | 61/185 kBProgress (3): 0.7/2.2 MB | 180 kB | 65/185 kBProgress (3): 0.7/2.2 MB | 180 kB | 69/185 kBProgress (3): 0.7/2.2 MB | 180 kB | 73/185 kBProgress (3): 0.7/2.2 MB | 180 kB | 77/185 kBProgress (3): 0.7/2.2 MB | 180 kB | 81/185 kBProgress (3): 0.7/2.2 MB | 180 kB | 85/185 kBProgress (3): 0.7/2.2 MB | 180 kB | 90/185 kBProgress (3): 0.7/2.2 MB | 180 kB | 94/185 kBProgress (3): 0.7/2.2 MB | 180 kB | 98/185 kBProgress (3): 0.7/2.2 MB | 180 kB | 102/185 kBProgress (3): 0.7/2.2 MB | 180 kB | 106/185 kBProgress (3): 0.7/2.2 MB | 180 kB | 110/185 kBProgress (3): 0.7/2.2 MB | 180 kB | 114/185 kBProgress (3): 0.7/2.2 MB | 180 kB | 118/185 kBProgress (3): 0.7/2.2 MB | 180 kB | 122/185 kBProgress (3): 0.7/2.2 MB | 180 kB | 126/185 kBProgress (3): 0.7/2.2 MB | 180 kB | 131/185 kBProgress (3): 0.7/2.2 MB | 180 kB | 135/185 kBProgress (3): 0.7/2.2 MB | 180 kB | 139/185 kBProgress (3): 0.7/2.2 MB | 180 kB | 143/185 kBProgress (3): 0.7/2.2 MB | 180 kB | 147/185 kBProgress (4): 0.7/2.2 MB | 180 kB | 147/185 kB | 4.1/146 kBProgress (4): 0.7/2.2 MB | 180 kB | 147/185 kB | 7.7/146 kBProgress (4): 0.7/2.2 MB | 180 kB | 147/185 kB | 12/146 kB Progress (4): 0.7/2.2 MB | 180 kB | 147/185 kB | 16/146 kBProgress (5): 0.7/2.2 MB | 180 kB | 147/185 kB | 16/146 kB | 4.1/36 kBProgress (5): 0.7/2.2 MB | 180 kB | 147/185 kB | 16/146 kB | 7.7/36 kBProgress (5): 0.7/2.2 MB | 180 kB | 147/185 kB | 20/146 kB | 7.7/36 kBProgress (5): 0.7/2.2 MB | 180 kB | 147/185 kB | 20/146 kB | 12/36 kB Progress (5): 0.7/2.2 MB | 180 kB | 147/185 kB | 24/146 kB | 12/36 kBProgress (5): 0.7/2.2 MB | 180 kB | 147/185 kB | 24/146 kB | 16/36 kBProgress (5): 0.7/2.2 MB | 180 kB | 147/185 kB | 28/146 kB | 16/36 kBProgress (5): 0.7/2.2 MB | 180 kB | 147/185 kB | 32/146 kB | 16/36 kBProgress (5): 0.7/2.2 MB | 180 kB | 147/185 kB | 32/146 kB | 20/36 kBProgress (5): 0.7/2.2 MB | 180 kB | 147/185 kB | 32/146 kB | 24/36 kBProgress (5): 0.7/2.2 MB | 180 kB | 147/185 kB | 36/146 kB | 24/36 kBProgress (5): 0.7/2.2 MB | 180 kB | 147/185 kB | 36/146 kB | 28/36 kBProgress (5): 0.7/2.2 MB | 180 kB | 147/185 kB | 40/146 kB | 28/36 kBProgress (5): 0.7/2.2 MB | 180 kB | 147/185 kB | 40/146 kB | 32/36 kBProgress (5): 0.7/2.2 MB | 180 kB | 147/185 kB | 45/146 kB | 32/36 kBProgress (5): 0.7/2.2 MB | 180 kB | 147/185 kB | 45/146 kB | 36 kB   Progress (5): 0.7/2.2 MB | 180 kB | 147/185 kB | 49/146 kB | 36 kBProgress (5): 0.7/2.2 MB | 180 kB | 147/185 kB | 53/146 kB | 36 kBProgress (5): 0.7/2.2 MB | 180 kB | 147/185 kB | 57/146 kB | 36 kBProgress (5): 0.7/2.2 MB | 180 kB | 147/185 kB | 61/146 kB | 36 kBProgress (5): 0.7/2.2 MB | 180 kB | 147/185 kB | 65/146 kB | 36 kBProgress (5): 0.7/2.2 MB | 180 kB | 147/185 kB | 69/146 kB | 36 kBProgress (5): 0.7/2.2 MB | 180 kB | 147/185 kB | 73/146 kB | 36 kBProgress (5): 0.7/2.2 MB | 180 kB | 147/185 kB | 77/146 kB | 36 kBProgress (5): 0.7/2.2 MB | 180 kB | 147/185 kB | 81/146 kB | 36 kBProgress (5): 0.7/2.2 MB | 180 kB | 147/185 kB | 85/146 kB | 36 kBProgress (5): 0.7/2.2 MB | 180 kB | 147/185 kB | 90/146 kB | 36 kBProgress (5): 0.7/2.2 MB | 180 kB | 147/185 kB | 94/146 kB | 36 kBProgress (5): 0.7/2.2 MB | 180 kB | 147/185 kB | 98/146 kB | 36 kBProgress (5): 0.7/2.2 MB | 180 kB | 147/185 kB | 102/146 kB | 36 kBProgress (5): 0.7/2.2 MB | 180 kB | 147/185 kB | 106/146 kB | 36 kBProgress (5): 0.7/2.2 MB | 180 kB | 147/185 kB | 110/146 kB | 36 kBProgress (5): 0.7/2.2 MB | 180 kB | 147/185 kB | 114/146 kB | 36 kBProgress (5): 0.7/2.2 MB | 180 kB | 147/185 kB | 114/146 kB | 36 kBProgress (5): 0.7/2.2 MB | 180 kB | 147/185 kB | 114/146 kB | 36 kBProgress (5): 0.7/2.2 MB | 180 kB | 147/185 kB | 114/146 kB | 36 kBProgress (5): 0.7/2.2 MB | 180 kB | 147/185 kB | 114/146 kB | 36 kBProgress (5): 0.7/2.2 MB | 180 kB | 147/185 kB | 114/146 kB | 36 kBProgress (5): 0.7/2.2 MB | 180 kB | 147/185 kB | 114/146 kB | 36 kBProgress (5): 0.7/2.2 MB | 180 kB | 147/185 kB | 114/146 kB | 36 kBProgress (5): 0.7/2.2 MB | 180 kB | 147/185 kB | 114/146 kB | 36 kBProgress (5): 0.7/2.2 MB | 180 kB | 147/185 kB | 114/146 kB | 36 kBProgress (5): 0.7/2.2 MB | 180 kB | 147/185 kB | 114/146 kB | 36 kBProgress (5): 0.7/2.2 MB | 180 kB | 147/185 kB | 114/146 kB | 36 kBProgress (5): 0.7/2.2 MB | 180 kB | 147/185 kB | 114/146 kB | 36 kBProgress (5): 0.7/2.2 MB | 180 kB | 147/185 kB | 114/146 kB | 36 kBProgress (5): 0.7/2.2 MB | 180 kB | 147/185 kB | 114/146 kB | 36 kBProgress (5): 0.7/2.2 MB | 180 kB | 147/185 kB | 114/146 kB | 36 kBProgress (5): 0.7/2.2 MB | 180 kB | 147/185 kB | 114/146 kB | 36 kBProgress (5): 0.7/2.2 MB | 180 kB | 147/185 kB | 114/146 kB | 36 kBProgress (5): 0.7/2.2 MB | 180 kB | 147/185 kB | 114/146 kB | 36 kBProgress (5): 0.7/2.2 MB | 180 kB | 147/185 kB | 114/146 kB | 36 kBProgress (5): 0.8/2.2 MB | 180 kB | 147/185 kB | 114/146 kB | 36 kBProgress (5): 0.8/2.2 MB | 180 kB | 147/185 kB | 114/146 kB | 36 kBProgress (5): 0.8/2.2 MB | 180 kB | 147/185 kB | 114/146 kB | 36 kBProgress (5): 0.8/2.2 MB | 180 kB | 147/185 kB | 114/146 kB | 36 kBProgress (5): 0.8/2.2 MB | 180 kB | 147/185 kB | 114/146 kB | 36 kBProgress (5): 0.8/2.2 MB | 180 kB | 147/185 kB | 114/146 kB | 36 kBProgress (5): 0.8/2.2 MB | 180 kB | 147/185 kB | 114/146 kB | 36 kBProgress (5): 0.8/2.2 MB | 180 kB | 147/185 kB | 114/146 kB | 36 kBProgress (5): 0.8/2.2 MB | 180 kB | 147/185 kB | 114/146 kB | 36 kBProgress (5): 0.8/2.2 MB | 180 kB | 147/185 kB | 114/146 kB | 36 kBProgress (5): 0.8/2.2 MB | 180 kB | 147/185 kB | 114/146 kB | 36 kBProgress (5): 0.8/2.2 MB | 180 kB | 147/185 kB | 114/146 kB | 36 kBProgress (5): 0.8/2.2 MB | 180 kB | 147/185 kB | 114/146 kB | 36 kBProgress (5): 0.8/2.2 MB | 180 kB | 147/185 kB | 114/146 kB | 36 kBProgress (5): 0.8/2.2 MB | 180 kB | 147/185 kB | 114/146 kB | 36 kBProgress (5): 0.8/2.2 MB | 180 kB | 147/185 kB | 114/146 kB | 36 kBProgress (5): 0.8/2.2 MB | 180 kB | 147/185 kB | 114/146 kB | 36 kBProgress (5): 0.8/2.2 MB | 180 kB | 147/185 kB | 114/146 kB | 36 kBProgress (5): 0.8/2.2 MB | 180 kB | 147/185 kB | 114/146 kB | 36 kBProgress (5): 0.8/2.2 MB | 180 kB | 147/185 kB | 114/146 kB | 36 kBProgress (5): 0.8/2.2 MB | 180 kB | 147/185 kB | 114/146 kB | 36 kBProgress (5): 0.8/2.2 MB | 180 kB | 147/185 kB | 114/146 kB | 36 kBProgress (5): 0.8/2.2 MB | 180 kB | 147/185 kB | 114/146 kB | 36 kBProgress (5): 0.8/2.2 MB | 180 kB | 147/185 kB | 114/146 kB | 36 kBProgress (5): 0.9/2.2 MB | 180 kB | 147/185 kB | 114/146 kB | 36 kBProgress (5): 0.9/2.2 MB | 180 kB | 147/185 kB | 114/146 kB | 36 kBProgress (5): 0.9/2.2 MB | 180 kB | 147/185 kB | 114/146 kB | 36 kBProgress (5): 0.9/2.2 MB | 180 kB | 147/185 kB | 114/146 kB | 36 kBProgress (5): 0.9/2.2 MB | 180 kB | 147/185 kB | 114/146 kB | 36 kBProgress (5): 0.9/2.2 MB | 180 kB | 147/185 kB | 114/146 kB | 36 kBProgress (5): 0.9/2.2 MB | 180 kB | 147/185 kB | 114/146 kB | 36 kBProgress (5): 0.9/2.2 MB | 180 kB | 147/185 kB | 114/146 kB | 36 kBProgress (5): 0.9/2.2 MB | 180 kB | 147/185 kB | 114/146 kB | 36 kBProgress (5): 0.9/2.2 MB | 180 kB | 147/185 kB | 114/146 kB | 36 kBProgress (5): 0.9/2.2 MB | 180 kB | 147/185 kB | 114/146 kB | 36 kBProgress (5): 0.9/2.2 MB | 180 kB | 147/185 kB | 114/146 kB | 36 kBProgress (5): 0.9/2.2 MB | 180 kB | 147/185 kB | 114/146 kB | 36 kBProgress (5): 0.9/2.2 MB | 180 kB | 147/185 kB | 114/146 kB | 36 kBProgress (5): 0.9/2.2 MB | 180 kB | 147/185 kB | 114/146 kB | 36 kBProgress (5): 0.9/2.2 MB | 180 kB | 147/185 kB | 114/146 kB | 36 kBProgress (5): 0.9/2.2 MB | 180 kB | 147/185 kB | 114/146 kB | 36 kBProgress (5): 0.9/2.2 MB | 180 kB | 147/185 kB | 114/146 kB | 36 kBProgress (5): 0.9/2.2 MB | 180 kB | 147/185 kB | 114/146 kB | 36 kBProgress (5): 0.9/2.2 MB | 180 kB | 147/185 kB | 114/146 kB | 36 kBProgress (5): 0.9/2.2 MB | 180 kB | 147/185 kB | 114/146 kB | 36 kBProgress (5): 0.9/2.2 MB | 180 kB | 147/185 kB | 114/146 kB | 36 kBProgress (5): 0.9/2.2 MB | 180 kB | 147/185 kB | 114/146 kB | 36 kBProgress (5): 0.9/2.2 MB | 180 kB | 147/185 kB | 114/146 kB | 36 kBProgress (5): 0.9/2.2 MB | 180 kB | 147/185 kB | 114/146 kB | 36 kBProgress (5): 1.0/2.2 MB | 180 kB | 147/185 kB | 114/146 kB | 36 kBProgress (5): 1.0/2.2 MB | 180 kB | 147/185 kB | 114/146 kB | 36 kBProgress (5): 1.0/2.2 MB | 180 kB | 147/185 kB | 114/146 kB | 36 kBProgress (5): 1.0/2.2 MB | 180 kB | 147/185 kB | 114/146 kB | 36 kBProgress (5): 1.0/2.2 MB | 180 kB | 147/185 kB | 114/146 kB | 36 kBProgress (5): 1.0/2.2 MB | 180 kB | 147/185 kB | 114/146 kB | 36 kBProgress (5): 1.0/2.2 MB | 180 kB | 147/185 kB | 114/146 kB | 36 kBProgress (5): 1.0/2.2 MB | 180 kB | 147/185 kB | 114/146 kB | 36 kBProgress (5): 1.0/2.2 MB | 180 kB | 147/185 kB | 114/146 kB | 36 kBProgress (5): 1.0/2.2 MB | 180 kB | 147/185 kB | 114/146 kB | 36 kBProgress (5): 1.0/2.2 MB | 180 kB | 147/185 kB | 114/146 kB | 36 kBProgress (5): 1.0/2.2 MB | 180 kB | 147/185 kB | 114/146 kB | 36 kBProgress (5): 1.0/2.2 MB | 180 kB | 147/185 kB | 114/146 kB | 36 kBProgress (5): 1.0/2.2 MB | 180 kB | 147/185 kB | 114/146 kB | 36 kBProgress (5): 1.0/2.2 MB | 180 kB | 147/185 kB | 114/146 kB | 36 kBProgress (5): 1.0/2.2 MB | 180 kB | 147/185 kB | 114/146 kB | 36 kBProgress (5): 1.0/2.2 MB | 180 kB | 147/185 kB | 114/146 kB | 36 kBProgress (5): 1.0/2.2 MB | 180 kB | 147/185 kB | 114/146 kB | 36 kBProgress (5): 1.0/2.2 MB | 180 kB | 147/185 kB | 114/146 kB | 36 kBProgress (5): 1.0/2.2 MB | 180 kB | 147/185 kB | 114/146 kB | 36 kBProgress (5): 1.0/2.2 MB | 180 kB | 147/185 kB | 114/146 kB | 36 kBProgress (5): 1.0/2.2 MB | 180 kB | 147/185 kB | 114/146 kB | 36 kBProgress (5): 1.0/2.2 MB | 180 kB | 147/185 kB | 114/146 kB | 36 kBProgress (5): 1.0/2.2 MB | 180 kB | 147/185 kB | 114/146 kB | 36 kBProgress (5): 1.1/2.2 MB | 180 kB | 147/185 kB | 114/146 kB | 36 kBProgress (5): 1.1/2.2 MB | 180 kB | 147/185 kB | 114/146 kB | 36 kBProgress (5): 1.1/2.2 MB | 180 kB | 147/185 kB | 114/146 kB | 36 kBProgress (5): 1.1/2.2 MB | 180 kB | 147/185 kB | 114/146 kB | 36 kBProgress (5): 1.1/2.2 MB | 180 kB | 147/185 kB | 114/146 kB | 36 kBProgress (5): 1.1/2.2 MB | 180 kB | 147/185 kB | 114/146 kB | 36 kBProgress (5): 1.1/2.2 MB | 180 kB | 147/185 kB | 114/146 kB | 36 kBProgress (5): 1.1/2.2 MB | 180 kB | 147/185 kB | 114/146 kB | 36 kBProgress (5): 1.1/2.2 MB | 180 kB | 147/185 kB | 114/146 kB | 36 kBProgress (5): 1.1/2.2 MB | 180 kB | 147/185 kB | 114/146 kB | 36 kBProgress (5): 1.1/2.2 MB | 180 kB | 147/185 kB | 114/146 kB | 36 kBProgress (5): 1.1/2.2 MB | 180 kB | 147/185 kB | 114/146 kB | 36 kBProgress (5): 1.1/2.2 MB | 180 kB | 147/185 kB | 114/146 kB | 36 kBProgress (5): 1.1/2.2 MB | 180 kB | 147/185 kB | 114/146 kB | 36 kBProgress (5): 1.1/2.2 MB | 180 kB | 147/185 kB | 114/146 kB | 36 kBProgress (5): 1.1/2.2 MB | 180 kB | 147/185 kB | 114/146 kB | 36 kBProgress (5): 1.1/2.2 MB | 180 kB | 147/185 kB | 114/146 kB | 36 kBProgress (5): 1.1/2.2 MB | 180 kB | 147/185 kB | 114/146 kB | 36 kBProgress (5): 1.1/2.2 MB | 180 kB | 147/185 kB | 114/146 kB | 36 kBProgress (5): 1.1/2.2 MB | 180 kB | 147/185 kB | 114/146 kB | 36 kBProgress (5): 1.1/2.2 MB | 180 kB | 147/185 kB | 114/146 kB | 36 kBProgress (5): 1.1/2.2 MB | 180 kB | 147/185 kB | 114/146 kB | 36 kBProgress (5): 1.1/2.2 MB | 180 kB | 147/185 kB | 114/146 kB | 36 kBProgress (5): 1.1/2.2 MB | 180 kB | 147/185 kB | 114/146 kB | 36 kBProgress (5): 1.2/2.2 MB | 180 kB | 147/185 kB | 114/146 kB | 36 kBProgress (5): 1.2/2.2 MB | 180 kB | 147/185 kB | 114/146 kB | 36 kBProgress (5): 1.2/2.2 MB | 180 kB | 147/185 kB | 114/146 kB | 36 kBProgress (5): 1.2/2.2 MB | 180 kB | 147/185 kB | 114/146 kB | 36 kBProgress (5): 1.2/2.2 MB | 180 kB | 147/185 kB | 114/146 kB | 36 kBProgress (5): 1.2/2.2 MB | 180 kB | 147/185 kB | 114/146 kB | 36 kBProgress (5): 1.2/2.2 MB | 180 kB | 147/185 kB | 114/146 kB | 36 kBProgress (5): 1.2/2.2 MB | 180 kB | 147/185 kB | 114/146 kB | 36 kBProgress (5): 1.2/2.2 MB | 180 kB | 147/185 kB | 114/146 kB | 36 kBProgress (5): 1.2/2.2 MB | 180 kB | 147/185 kB | 114/146 kB | 36 kBProgress (5): 1.2/2.2 MB | 180 kB | 147/185 kB | 114/146 kB | 36 kBProgress (5): 1.2/2.2 MB | 180 kB | 147/185 kB | 114/146 kB | 36 kBProgress (5): 1.2/2.2 MB | 180 kB | 147/185 kB | 114/146 kB | 36 kBProgress (5): 1.2/2.2 MB | 180 kB | 147/185 kB | 114/146 kB | 36 kBProgress (5): 1.2/2.2 MB | 180 kB | 147/185 kB | 114/146 kB | 36 kBProgress (5): 1.2/2.2 MB | 180 kB | 147/185 kB | 114/146 kB | 36 kBProgress (5): 1.2/2.2 MB | 180 kB | 147/185 kB | 114/146 kB | 36 kBProgress (5): 1.2/2.2 MB | 180 kB | 147/185 kB | 114/146 kB | 36 kBProgress (5): 1.2/2.2 MB | 180 kB | 147/185 kB | 114/146 kB | 36 kBProgress (5): 1.2/2.2 MB | 180 kB | 147/185 kB | 114/146 kB | 36 kBProgress (5): 1.2/2.2 MB | 180 kB | 147/185 kB | 114/146 kB | 36 kBProgress (5): 1.2/2.2 MB | 180 kB | 147/185 kB | 114/146 kB | 36 kBProgress (5): 1.2/2.2 MB | 180 kB | 147/185 kB | 114/146 kB | 36 kBProgress (5): 1.2/2.2 MB | 180 kB | 147/185 kB | 114/146 kB | 36 kBProgress (5): 1.2/2.2 MB | 180 kB | 147/185 kB | 114/146 kB | 36 kBProgress (5): 1.3/2.2 MB | 180 kB | 147/185 kB | 114/146 kB | 36 kBProgress (5): 1.3/2.2 MB | 180 kB | 147/185 kB | 114/146 kB | 36 kBProgress (5): 1.3/2.2 MB | 180 kB | 147/185 kB | 114/146 kB | 36 kBProgress (5): 1.3/2.2 MB | 180 kB | 147/185 kB | 114/146 kB | 36 kBProgress (5): 1.3/2.2 MB | 180 kB | 147/185 kB | 114/146 kB | 36 kBProgress (5): 1.3/2.2 MB | 180 kB | 147/185 kB | 114/146 kB | 36 kBProgress (5): 1.3/2.2 MB | 180 kB | 147/185 kB | 114/146 kB | 36 kBProgress (5): 1.3/2.2 MB | 180 kB | 147/185 kB | 114/146 kB | 36 kBProgress (5): 1.3/2.2 MB | 180 kB | 147/185 kB | 114/146 kB | 36 kBProgress (5): 1.3/2.2 MB | 180 kB | 147/185 kB | 114/146 kB | 36 kBProgress (5): 1.3/2.2 MB | 180 kB | 147/185 kB | 114/146 kB | 36 kBProgress (5): 1.3/2.2 MB | 180 kB | 147/185 kB | 114/146 kB | 36 kBProgress (5): 1.3/2.2 MB | 180 kB | 147/185 kB | 114/146 kB | 36 kBProgress (5): 1.3/2.2 MB | 180 kB | 147/185 kB | 114/146 kB | 36 kBProgress (5): 1.3/2.2 MB | 180 kB | 147/185 kB | 114/146 kB | 36 kBProgress (5): 1.3/2.2 MB | 180 kB | 147/185 kB | 114/146 kB | 36 kBProgress (5): 1.3/2.2 MB | 180 kB | 147/185 kB | 114/146 kB | 36 kBProgress (5): 1.3/2.2 MB | 180 kB | 147/185 kB | 114/146 kB | 36 kBProgress (5): 1.3/2.2 MB | 180 kB | 147/185 kB | 114/146 kB | 36 kBProgress (5): 1.3/2.2 MB | 180 kB | 147/185 kB | 114/146 kB | 36 kBProgress (5): 1.3/2.2 MB | 180 kB | 147/185 kB | 114/146 kB | 36 kBProgress (5): 1.3/2.2 MB | 180 kB | 147/185 kB | 114/146 kB | 36 kBProgress (5): 1.3/2.2 MB | 180 kB | 147/185 kB | 114/146 kB | 36 kBProgress (5): 1.3/2.2 MB | 180 kB | 147/185 kB | 114/146 kB | 36 kBProgress (5): 1.4/2.2 MB | 180 kB | 147/185 kB | 114/146 kB | 36 kBProgress (5): 1.4/2.2 MB | 180 kB | 147/185 kB | 114/146 kB | 36 kBProgress (5): 1.4/2.2 MB | 180 kB | 147/185 kB | 114/146 kB | 36 kBProgress (5): 1.4/2.2 MB | 180 kB | 147/185 kB | 114/146 kB | 36 kBProgress (5): 1.4/2.2 MB | 180 kB | 147/185 kB | 114/146 kB | 36 kBProgress (5): 1.4/2.2 MB | 180 kB | 147/185 kB | 114/146 kB | 36 kBProgress (5): 1.4/2.2 MB | 180 kB | 147/185 kB | 114/146 kB | 36 kB                                                                   Downloaded from central: https://repo.maven.apache.org/maven2/org/apache/maven/maven-model-builder/3.5.2/maven-model-builder-3.5.2.jar (180 kB at 89 kB/s)
Progress (4): 1.4/2.2 MB | 147/185 kB | 114/146 kB | 36 kB                                                          Downloading from central: https://repo.maven.apache.org/maven2/org/apache/maven/resolver/maven-resolver-util/1.1.0/maven-resolver-util-1.1.0.jar
Progress (4): 1.4/2.2 MB | 147/185 kB | 114/146 kB | 36 kBProgress (4): 1.4/2.2 MB | 147/185 kB | 114/146 kB | 36 kBProgress (4): 1.4/2.2 MB | 147/185 kB | 114/146 kB | 36 kBProgress (4): 1.4/2.2 MB | 147/185 kB | 114/146 kB | 36 kBProgress (4): 1.4/2.2 MB | 147/185 kB | 114/146 kB | 36 kBProgress (4): 1.4/2.2 MB | 147/185 kB | 114/146 kB | 36 kBProgress (4): 1.4/2.2 MB | 147/185 kB | 114/146 kB | 36 kBProgress (4): 1.4/2.2 MB | 147/185 kB | 114/146 kB | 36 kBProgress (4): 1.4/2.2 MB | 147/185 kB | 114/146 kB | 36 kBProgress (4): 1.4/2.2 MB | 147/185 kB | 114/146 kB | 36 kBProgress (4): 1.4/2.2 MB | 147/185 kB | 114/146 kB | 36 kBProgress (4): 1.4/2.2 MB | 147/185 kB | 114/146 kB | 36 kBProgress (4): 1.4/2.2 MB | 147/185 kB | 114/146 kB | 36 kBProgress (4): 1.4/2.2 MB | 147/185 kB | 114/146 kB | 36 kBProgress (4): 1.4/2.2 MB | 147/185 kB | 114/146 kB | 36 kBProgress (4): 1.4/2.2 MB | 151/185 kB | 114/146 kB | 36 kBProgress (4): 1.4/2.2 MB | 151/185 kB | 114/146 kB | 36 kBProgress (4): 1.4/2.2 MB | 155/185 kB | 114/146 kB | 36 kBProgress (4): 1.4/2.2 MB | 155/185 kB | 114/146 kB | 36 kBProgress (4): 1.4/2.2 MB | 159/185 kB | 114/146 kB | 36 kBProgress (4): 1.5/2.2 MB | 159/185 kB | 114/146 kB | 36 kBProgress (4): 1.5/2.2 MB | 163/185 kB | 114/146 kB | 36 kBProgress (4): 1.5/2.2 MB | 163/185 kB | 114/146 kB | 36 kBProgress (4): 1.5/2.2 MB | 163/185 kB | 114/146 kB | 36 kBProgress (4): 1.5/2.2 MB | 163/185 kB | 114/146 kB | 36 kBProgress (4): 1.5/2.2 MB | 163/185 kB | 114/146 kB | 36 kBProgress (4): 1.5/2.2 MB | 163/185 kB | 114/146 kB | 36 kBProgress (4): 1.5/2.2 MB | 167/185 kB | 114/146 kB | 36 kBProgress (4): 1.5/2.2 MB | 167/185 kB | 114/146 kB | 36 kBProgress (4): 1.5/2.2 MB | 171/185 kB | 114/146 kB | 36 kBProgress (4): 1.5/2.2 MB | 171/185 kB | 114/146 kB | 36 kBProgress (4): 1.5/2.2 MB | 176/185 kB | 114/146 kB | 36 kBProgress (4): 1.5/2.2 MB | 176/185 kB | 114/146 kB | 36 kBProgress (4): 1.5/2.2 MB | 180/185 kB | 114/146 kB | 36 kBProgress (4): 1.5/2.2 MB | 180/185 kB | 114/146 kB | 36 kBProgress (4): 1.5/2.2 MB | 184/185 kB | 114/146 kB | 36 kBProgress (4): 1.5/2.2 MB | 184/185 kB | 114/146 kB | 36 kBProgress (4): 1.5/2.2 MB | 185 kB | 114/146 kB | 36 kB    Progress (4): 1.5/2.2 MB | 185 kB | 114/146 kB | 36 kBProgress (4): 1.5/2.2 MB | 185 kB | 114/146 kB | 36 kBProgress (4): 1.5/2.2 MB | 185 kB | 114/146 kB | 36 kBProgress (4): 1.5/2.2 MB | 185 kB | 114/146 kB | 36 kBProgress (4): 1.5/2.2 MB | 185 kB | 114/146 kB | 36 kBProgress (4): 1.5/2.2 MB | 185 kB | 114/146 kB | 36 kBProgress (4): 1.5/2.2 MB | 185 kB | 114/146 kB | 36 kBProgress (4): 1.5/2.2 MB | 185 kB | 114/146 kB | 36 kBProgress (4): 1.5/2.2 MB | 185 kB | 114/146 kB | 36 kBProgress (4): 1.5/2.2 MB | 185 kB | 114/146 kB | 36 kBProgress (4): 1.5/2.2 MB | 185 kB | 114/146 kB | 36 kBProgress (4): 1.5/2.2 MB | 185 kB | 114/146 kB | 36 kBProgress (4): 1.5/2.2 MB | 185 kB | 114/146 kB | 36 kBProgress (4): 1.6/2.2 MB | 185 kB | 114/146 kB | 36 kBProgress (4): 1.6/2.2 MB | 185 kB | 114/146 kB | 36 kBProgress (4): 1.6/2.2 MB | 185 kB | 114/146 kB | 36 kBProgress (4): 1.6/2.2 MB | 185 kB | 114/146 kB | 36 kBProgress (4): 1.6/2.2 MB | 185 kB | 114/146 kB | 36 kBProgress (4): 1.6/2.2 MB | 185 kB | 114/146 kB | 36 kBProgress (4): 1.6/2.2 MB | 185 kB | 118/146 kB | 36 kBProgress (4): 1.6/2.2 MB | 185 kB | 122/146 kB | 36 kBProgress (4): 1.6/2.2 MB | 185 kB | 126/146 kB | 36 kBProgress (4): 1.6/2.2 MB | 185 kB | 131/146 kB | 36 kBProgress (4): 1.6/2.2 MB | 185 kB | 135/146 kB | 36 kBProgress (4): 1.6/2.2 MB | 185 kB | 139/146 kB | 36 kBProgress (4): 1.6/2.2 MB | 185 kB | 143/146 kB | 36 kBProgress (4): 1.6/2.2 MB | 185 kB | 146 kB | 36 kB                                                      Downloaded from central: https://repo.maven.apache.org/maven2/org/apache/maven/resolver/maven-resolver-spi/1.1.0/maven-resolver-spi-1.1.0.jar (36 kB at 18 kB/s)
Downloading from central: https://repo.maven.apache.org/maven2/com/google/inject/guice/4.0/guice-4.0-no_aop.jar
Progress (3): 1.6/2.2 MB | 185 kB | 146 kBProgress (3): 1.6/2.2 MB | 185 kB | 146 kBProgress (3): 1.6/2.2 MB | 185 kB | 146 kBProgress (3): 1.6/2.2 MB | 185 kB | 146 kBProgress (3): 1.6/2.2 MB | 185 kB | 146 kBProgress (3): 1.6/2.2 MB | 185 kB | 146 kBProgress (3): 1.6/2.2 MB | 185 kB | 146 kBProgress (3): 1.6/2.2 MB | 185 kB | 146 kBProgress (3): 1.6/2.2 MB | 185 kB | 146 kBProgress (3): 1.6/2.2 MB | 185 kB | 146 kBProgress (3): 1.6/2.2 MB | 185 kB | 146 kBProgress (3): 1.6/2.2 MB | 185 kB | 146 kBProgress (3): 1.6/2.2 MB | 185 kB | 146 kBProgress (3): 1.6/2.2 MB | 185 kB | 146 kBProgress (3): 1.6/2.2 MB | 185 kB | 146 kBProgress (3): 1.6/2.2 MB | 185 kB | 146 kBProgress (3): 1.6/2.2 MB | 185 kB | 146 kBProgress (3): 1.6/2.2 MB | 185 kB | 146 kBProgress (3): 1.7/2.2 MB | 185 kB | 146 kBProgress (3): 1.7/2.2 MB | 185 kB | 146 kBProgress (3): 1.7/2.2 MB | 185 kB | 146 kBProgress (3): 1.7/2.2 MB | 185 kB | 146 kBProgress (3): 1.7/2.2 MB | 185 kB | 146 kBProgress (3): 1.7/2.2 MB | 185 kB | 146 kBProgress (3): 1.7/2.2 MB | 185 kB | 146 kBProgress (3): 1.7/2.2 MB | 185 kB | 146 kBProgress (3): 1.7/2.2 MB | 185 kB | 146 kBProgress (3): 1.7/2.2 MB | 185 kB | 146 kBProgress (3): 1.7/2.2 MB | 185 kB | 146 kBProgress (3): 1.7/2.2 MB | 185 kB | 146 kBProgress (3): 1.7/2.2 MB | 185 kB | 146 kBProgress (3): 1.7/2.2 MB | 185 kB | 146 kBProgress (3): 1.7/2.2 MB | 185 kB | 146 kBProgress (3): 1.7/2.2 MB | 185 kB | 146 kBProgress (3): 1.7/2.2 MB | 185 kB | 146 kBProgress (3): 1.7/2.2 MB | 185 kB | 146 kBProgress (3): 1.7/2.2 MB | 185 kB | 146 kBProgress (3): 1.7/2.2 MB | 185 kB | 146 kBProgress (3): 1.7/2.2 MB | 185 kB | 146 kBProgress (3): 1.7/2.2 MB | 185 kB | 146 kBProgress (3): 1.7/2.2 MB | 185 kB | 146 kBProgress (3): 1.7/2.2 MB | 185 kB | 146 kBProgress (3): 1.7/2.2 MB | 185 kB | 146 kBProgress (3): 1.8/2.2 MB | 185 kB | 146 kBProgress (3): 1.8/2.2 MB | 185 kB | 146 kBProgress (3): 1.8/2.2 MB | 185 kB | 146 kBProgress (3): 1.8/2.2 MB | 185 kB | 146 kBProgress (3): 1.8/2.2 MB | 185 kB | 146 kB                                          Downloaded from central: https://repo.maven.apache.org/maven2/org/apache/maven/resolver/maven-resolver-impl/1.1.0/maven-resolver-impl-1.1.0.jar (185 kB at 84 kB/s)
Downloading from central: https://repo.maven.apache.org/maven2/org/apache/maven/maven-plugin-api/3.5.2/maven-plugin-api-3.5.2.jar
Downloaded from central: https://repo.maven.apache.org/maven2/org/apache/maven/resolver/maven-resolver-api/1.1.0/maven-resolver-api-1.1.0.jar (146 kB at 66 kB/s)
Downloading from central: https://repo.maven.apache.org/maven2/org/apache/commons/commons-compress/1.15/commons-compress-1.15.jar
Progress (2): 1.8/2.2 MB | 4.1/424 kBProgress (2): 1.8/2.2 MB | 7.7/424 kBProgress (2): 1.8/2.2 MB | 12/424 kB Progress (2): 1.8/2.2 MB | 16/424 kBProgress (2): 1.8/2.2 MB | 20/424 kBProgress (2): 1.8/2.2 MB | 24/424 kBProgress (2): 1.8/2.2 MB | 28/424 kBProgress (2): 1.8/2.2 MB | 32/424 kBProgress (2): 1.8/2.2 MB | 36/424 kBProgress (2): 1.8/2.2 MB | 40/424 kBProgress (2): 1.8/2.2 MB | 45/424 kBProgress (2): 1.8/2.2 MB | 49/424 kBProgress (2): 1.8/2.2 MB | 53/424 kBProgress (2): 1.8/2.2 MB | 57/424 kBProgress (2): 1.8/2.2 MB | 61/424 kBProgress (2): 1.8/2.2 MB | 65/424 kBProgress (2): 1.8/2.2 MB | 69/424 kBProgress (2): 1.8/2.2 MB | 73/424 kBProgress (2): 1.8/2.2 MB | 77/424 kBProgress (2): 1.8/2.2 MB | 81/424 kBProgress (2): 1.8/2.2 MB | 85/424 kBProgress (2): 1.8/2.2 MB | 90/424 kBProgress (2): 1.8/2.2 MB | 94/424 kBProgress (2): 1.8/2.2 MB | 98/424 kBProgress (2): 1.8/2.2 MB | 102/424 kBProgress (2): 1.8/2.2 MB | 106/424 kBProgress (2): 1.8/2.2 MB | 110/424 kBProgress (2): 1.8/2.2 MB | 114/424 kBProgress (2): 1.8/2.2 MB | 118/424 kBProgress (2): 1.8/2.2 MB | 122/424 kBProgress (2): 1.8/2.2 MB | 126/424 kBProgress (2): 1.8/2.2 MB | 131/424 kBProgress (2): 1.8/2.2 MB | 135/424 kBProgress (2): 1.8/2.2 MB | 139/424 kBProgress (2): 1.8/2.2 MB | 143/424 kBProgress (2): 1.8/2.2 MB | 147/424 kBProgress (2): 1.8/2.2 MB | 151/424 kBProgress (2): 1.8/2.2 MB | 155/424 kBProgress (2): 1.8/2.2 MB | 159/424 kBProgress (2): 1.8/2.2 MB | 163/424 kBProgress (2): 1.8/2.2 MB | 167/424 kBProgress (2): 1.8/2.2 MB | 171/424 kBProgress (2): 1.8/2.2 MB | 176/424 kBProgress (2): 1.8/2.2 MB | 180/424 kBProgress (2): 1.8/2.2 MB | 184/424 kBProgress (2): 1.8/2.2 MB | 188/424 kBProgress (2): 1.8/2.2 MB | 192/424 kBProgress (2): 1.8/2.2 MB | 196/424 kBProgress (3): 1.8/2.2 MB | 196/424 kB | 4.1/159 kBProgress (3): 1.8/2.2 MB | 196/424 kB | 7.7/159 kBProgress (3): 1.8/2.2 MB | 196/424 kB | 12/159 kB Progress (3): 1.8/2.2 MB | 196/424 kB | 16/159 kBProgress (3): 1.8/2.2 MB | 196/424 kB | 20/159 kBProgress (3): 1.8/2.2 MB | 196/424 kB | 24/159 kBProgress (3): 1.8/2.2 MB | 196/424 kB | 28/159 kBProgress (3): 1.8/2.2 MB | 196/424 kB | 32/159 kBProgress (3): 1.8/2.2 MB | 196/424 kB | 36/159 kBProgress (3): 1.8/2.2 MB | 196/424 kB | 40/159 kBProgress (3): 1.8/2.2 MB | 196/424 kB | 45/159 kBProgress (3): 1.8/2.2 MB | 196/424 kB | 49/159 kBProgress (3): 1.8/2.2 MB | 196/424 kB | 53/159 kBProgress (3): 1.8/2.2 MB | 196/424 kB | 57/159 kBProgress (3): 1.8/2.2 MB | 196/424 kB | 61/159 kBProgress (3): 1.8/2.2 MB | 196/424 kB | 65/159 kBProgress (3): 1.8/2.2 MB | 196/424 kB | 69/159 kBProgress (3): 1.8/2.2 MB | 196/424 kB | 73/159 kBProgress (3): 1.8/2.2 MB | 196/424 kB | 77/159 kBProgress (3): 1.8/2.2 MB | 196/424 kB | 81/159 kBProgress (3): 1.8/2.2 MB | 196/424 kB | 85/159 kBProgress (3): 1.8/2.2 MB | 196/424 kB | 90/159 kBProgress (3): 1.8/2.2 MB | 196/424 kB | 94/159 kBProgress (3): 1.8/2.2 MB | 196/424 kB | 98/159 kBProgress (3): 1.8/2.2 MB | 196/424 kB | 102/159 kBProgress (3): 1.8/2.2 MB | 196/424 kB | 106/159 kBProgress (3): 1.8/2.2 MB | 196/424 kB | 110/159 kBProgress (3): 1.8/2.2 MB | 196/424 kB | 114/159 kBProgress (3): 1.8/2.2 MB | 196/424 kB | 118/159 kBProgress (3): 1.8/2.2 MB | 196/424 kB | 122/159 kBProgress (3): 1.8/2.2 MB | 196/424 kB | 126/159 kBProgress (3): 1.8/2.2 MB | 196/424 kB | 131/159 kBProgress (3): 1.8/2.2 MB | 196/424 kB | 135/159 kBProgress (3): 1.8/2.2 MB | 196/424 kB | 139/159 kBProgress (3): 1.8/2.2 MB | 196/424 kB | 143/159 kBProgress (3): 1.8/2.2 MB | 196/424 kB | 147/159 kBProgress (3): 1.8/2.2 MB | 196/424 kB | 147/159 kBProgress (3): 1.8/2.2 MB | 196/424 kB | 147/159 kBProgress (3): 1.8/2.2 MB | 196/424 kB | 147/159 kBProgress (3): 1.8/2.2 MB | 196/424 kB | 147/159 kBProgress (3): 1.8/2.2 MB | 196/424 kB | 147/159 kBProgress (3): 1.8/2.2 MB | 196/424 kB | 147/159 kBProgress (3): 1.8/2.2 MB | 196/424 kB | 147/159 kBProgress (3): 1.8/2.2 MB | 196/424 kB | 147/159 kBProgress (3): 1.8/2.2 MB | 196/424 kB | 147/159 kBProgress (3): 1.8/2.2 MB | 196/424 kB | 147/159 kBProgress (3): 1.8/2.2 MB | 196/424 kB | 147/159 kBProgress (3): 1.8/2.2 MB | 196/424 kB | 147/159 kBProgress (3): 1.8/2.2 MB | 196/424 kB | 147/159 kBProgress (3): 1.8/2.2 MB | 196/424 kB | 147/159 kBProgress (3): 1.8/2.2 MB | 196/424 kB | 147/159 kBProgress (3): 1.8/2.2 MB | 196/424 kB | 147/159 kBProgress (3): 1.8/2.2 MB | 196/424 kB | 147/159 kBProgress (3): 1.8/2.2 MB | 196/424 kB | 147/159 kBProgress (3): 1.8/2.2 MB | 196/424 kB | 147/159 kBProgress (3): 1.9/2.2 MB | 196/424 kB | 147/159 kBProgress (3): 1.9/2.2 MB | 196/424 kB | 147/159 kBProgress (3): 1.9/2.2 MB | 196/424 kB | 147/159 kBProgress (3): 1.9/2.2 MB | 196/424 kB | 147/159 kBProgress (3): 1.9/2.2 MB | 196/424 kB | 147/159 kBProgress (3): 1.9/2.2 MB | 196/424 kB | 147/159 kBProgress (3): 1.9/2.2 MB | 196/424 kB | 147/159 kBProgress (3): 1.9/2.2 MB | 196/424 kB | 147/159 kBProgress (3): 1.9/2.2 MB | 196/424 kB | 147/159 kBProgress (4): 1.9/2.2 MB | 196/424 kB | 147/159 kB | 4.1/48 kBProgress (4): 1.9/2.2 MB | 196/424 kB | 147/159 kB | 7.7/48 kBProgress (4): 1.9/2.2 MB | 196/424 kB | 147/159 kB | 12/48 kB Progress (4): 1.9/2.2 MB | 196/424 kB | 147/159 kB | 16/48 kBProgress (4): 1.9/2.2 MB | 196/424 kB | 147/159 kB | 20/48 kBProgress (4): 1.9/2.2 MB | 196/424 kB | 147/159 kB | 24/48 kBProgress (4): 1.9/2.2 MB | 196/424 kB | 147/159 kB | 28/48 kBProgress (4): 1.9/2.2 MB | 196/424 kB | 147/159 kB | 32/48 kBProgress (4): 1.9/2.2 MB | 196/424 kB | 147/159 kB | 36/48 kBProgress (4): 1.9/2.2 MB | 196/424 kB | 147/159 kB | 40/48 kBProgress (4): 1.9/2.2 MB | 196/424 kB | 147/159 kB | 45/48 kBProgress (4): 1.9/2.2 MB | 196/424 kB | 147/159 kB | 48 kB   Progress (5): 1.9/2.2 MB | 196/424 kB | 147/159 kB | 48 kB | 4.1/532 kBProgress (5): 1.9/2.2 MB | 196/424 kB | 147/159 kB | 48 kB | 7.7/532 kBProgress (5): 1.9/2.2 MB | 196/424 kB | 147/159 kB | 48 kB | 12/532 kB Progress (5): 1.9/2.2 MB | 196/424 kB | 147/159 kB | 48 kB | 16/532 kBProgress (5): 1.9/2.2 MB | 196/424 kB | 147/159 kB | 48 kB | 20/532 kBProgress (5): 1.9/2.2 MB | 196/424 kB | 147/159 kB | 48 kB | 24/532 kBProgress (5): 1.9/2.2 MB | 196/424 kB | 147/159 kB | 48 kB | 28/532 kBProgress (5): 1.9/2.2 MB | 196/424 kB | 147/159 kB | 48 kB | 32/532 kBProgress (5): 1.9/2.2 MB | 196/424 kB | 147/159 kB | 48 kB | 36/532 kBProgress (5): 1.9/2.2 MB | 196/424 kB | 147/159 kB | 48 kB | 40/532 kBProgress (5): 1.9/2.2 MB | 196/424 kB | 147/159 kB | 48 kB | 45/532 kBProgress (5): 1.9/2.2 MB | 196/424 kB | 147/159 kB | 48 kB | 49/532 kBProgress (5): 1.9/2.2 MB | 196/424 kB | 147/159 kB | 48 kB | 53/532 kBProgress (5): 1.9/2.2 MB | 196/424 kB | 147/159 kB | 48 kB | 57/532 kBProgress (5): 1.9/2.2 MB | 196/424 kB | 147/159 kB | 48 kB | 61/532 kBProgress (5): 1.9/2.2 MB | 196/424 kB | 147/159 kB | 48 kB | 65/532 kBProgress (5): 1.9/2.2 MB | 196/424 kB | 147/159 kB | 48 kB | 69/532 kBProgress (5): 1.9/2.2 MB | 196/424 kB | 147/159 kB | 48 kB | 73/532 kBProgress (5): 1.9/2.2 MB | 196/424 kB | 147/159 kB | 48 kB | 77/532 kBProgress (5): 1.9/2.2 MB | 196/424 kB | 147/159 kB | 48 kB | 81/532 kBProgress (5): 1.9/2.2 MB | 196/424 kB | 147/159 kB | 48 kB | 85/532 kBProgress (5): 1.9/2.2 MB | 196/424 kB | 147/159 kB | 48 kB | 90/532 kBProgress (5): 1.9/2.2 MB | 196/424 kB | 147/159 kB | 48 kB | 94/532 kBProgress (5): 1.9/2.2 MB | 196/424 kB | 147/159 kB | 48 kB | 98/532 kBProgress (5): 1.9/2.2 MB | 196/424 kB | 147/159 kB | 48 kB | 102/532 kBProgress (5): 1.9/2.2 MB | 196/424 kB | 147/159 kB | 48 kB | 106/532 kBProgress (5): 1.9/2.2 MB | 196/424 kB | 147/159 kB | 48 kB | 110/532 kBProgress (5): 1.9/2.2 MB | 196/424 kB | 147/159 kB | 48 kB | 114/532 kBProgress (5): 1.9/2.2 MB | 200/424 kB | 147/159 kB | 48 kB | 114/532 kBProgress (5): 1.9/2.2 MB | 204/424 kB | 147/159 kB | 48 kB | 114/532 kBProgress (5): 1.9/2.2 MB | 208/424 kB | 147/159 kB | 48 kB | 114/532 kBProgress (5): 1.9/2.2 MB | 208/424 kB | 147/159 kB | 48 kB | 118/532 kBProgress (5): 1.9/2.2 MB | 212/424 kB | 147/159 kB | 48 kB | 118/532 kBProgress (5): 1.9/2.2 MB | 212/424 kB | 147/159 kB | 48 kB | 122/532 kBProgress (5): 1.9/2.2 MB | 212/424 kB | 147/159 kB | 48 kB | 126/532 kBProgress (5): 1.9/2.2 MB | 212/424 kB | 147/159 kB | 48 kB | 131/532 kBProgress (5): 1.9/2.2 MB | 217/424 kB | 147/159 kB | 48 kB | 131/532 kBProgress (5): 1.9/2.2 MB | 221/424 kB | 147/159 kB | 48 kB | 131/532 kBProgress (5): 1.9/2.2 MB | 225/424 kB | 147/159 kB | 48 kB | 131/532 kBProgress (5): 1.9/2.2 MB | 225/424 kB | 147/159 kB | 48 kB | 135/532 kBProgress (5): 1.9/2.2 MB | 229/424 kB | 147/159 kB | 48 kB | 135/532 kBProgress (5): 1.9/2.2 MB | 229/424 kB | 147/159 kB | 48 kB | 139/532 kBProgress (5): 1.9/2.2 MB | 229/424 kB | 147/159 kB | 48 kB | 143/532 kBProgress (5): 1.9/2.2 MB | 229/424 kB | 147/159 kB | 48 kB | 147/532 kBProgress (5): 1.9/2.2 MB | 233/424 kB | 147/159 kB | 48 kB | 147/532 kBProgress (5): 1.9/2.2 MB | 237/424 kB | 147/159 kB | 48 kB | 147/532 kBProgress (5): 1.9/2.2 MB | 241/424 kB | 147/159 kB | 48 kB | 147/532 kBProgress (5): 1.9/2.2 MB | 241/424 kB | 147/159 kB | 48 kB | 151/532 kBProgress (5): 1.9/2.2 MB | 245/424 kB | 147/159 kB | 48 kB | 151/532 kBProgress (5): 1.9/2.2 MB | 245/424 kB | 147/159 kB | 48 kB | 155/532 kBProgress (5): 1.9/2.2 MB | 245/424 kB | 147/159 kB | 48 kB | 159/532 kBProgress (5): 1.9/2.2 MB | 245/424 kB | 147/159 kB | 48 kB | 163/532 kBProgress (5): 1.9/2.2 MB | 249/424 kB | 147/159 kB | 48 kB | 163/532 kBProgress (5): 1.9/2.2 MB | 253/424 kB | 147/159 kB | 48 kB | 163/532 kBProgress (5): 1.9/2.2 MB | 258/424 kB | 147/159 kB | 48 kB | 163/532 kBProgress (5): 1.9/2.2 MB | 262/424 kB | 147/159 kB | 48 kB | 163/532 kBProgress (5): 1.9/2.2 MB | 266/424 kB | 147/159 kB | 48 kB | 163/532 kBProgress (5): 1.9/2.2 MB | 270/424 kB | 147/159 kB | 48 kB | 163/532 kBProgress (5): 1.9/2.2 MB | 274/424 kB | 147/159 kB | 48 kB | 163/532 kBProgress (5): 1.9/2.2 MB | 278/424 kB | 147/159 kB | 48 kB | 163/532 kBProgress (5): 1.9/2.2 MB | 282/424 kB | 147/159 kB | 48 kB | 163/532 kBProgress (5): 1.9/2.2 MB | 286/424 kB | 147/159 kB | 48 kB | 163/532 kBProgress (5): 1.9/2.2 MB | 290/424 kB | 147/159 kB | 48 kB | 163/532 kBProgress (5): 1.9/2.2 MB | 294/424 kB | 147/159 kB | 48 kB | 163/532 kBProgress (5): 1.9/2.2 MB | 294/424 kB | 151/159 kB | 48 kB | 163/532 kBProgress (5): 1.9/2.2 MB | 294/424 kB | 155/159 kB | 48 kB | 163/532 kBProgress (5): 1.9/2.2 MB | 294/424 kB | 159 kB | 48 kB | 163/532 kB    Progress (5): 1.9/2.2 MB | 294/424 kB | 159 kB | 48 kB | 163/532 kBProgress (5): 1.9/2.2 MB | 294/424 kB | 159 kB | 48 kB | 163/532 kBProgress (5): 1.9/2.2 MB | 294/424 kB | 159 kB | 48 kB | 163/532 kBProgress (5): 1.9/2.2 MB | 294/424 kB | 159 kB | 48 kB | 163/532 kBProgress (5): 1.9/2.2 MB | 294/424 kB | 159 kB | 48 kB | 163/532 kBProgress (5): 1.9/2.2 MB | 294/424 kB | 159 kB | 48 kB | 163/532 kBProgress (5): 1.9/2.2 MB | 294/424 kB | 159 kB | 48 kB | 163/532 kBProgress (5): 1.9/2.2 MB | 294/424 kB | 159 kB | 48 kB | 163/532 kBProgress (5): 1.9/2.2 MB | 294/424 kB | 159 kB | 48 kB | 163/532 kBProgress (5): 1.9/2.2 MB | 294/424 kB | 159 kB | 48 kB | 163/532 kBProgress (5): 1.9/2.2 MB | 294/424 kB | 159 kB | 48 kB | 163/532 kBProgress (5): 1.9/2.2 MB | 294/424 kB | 159 kB | 48 kB | 163/532 kBProgress (5): 1.9/2.2 MB | 294/424 kB | 159 kB | 48 kB | 163/532 kBProgress (5): 1.9/2.2 MB | 294/424 kB | 159 kB | 48 kB | 163/532 kBProgress (5): 1.9/2.2 MB | 294/424 kB | 159 kB | 48 kB | 163/532 kBProgress (5): 1.9/2.2 MB | 294/424 kB | 159 kB | 48 kB | 163/532 kBProgress (5): 2.0/2.2 MB | 294/424 kB | 159 kB | 48 kB | 163/532 kBProgress (5): 2.0/2.2 MB | 294/424 kB | 159 kB | 48 kB | 163/532 kBProgress (5): 2.0/2.2 MB | 294/424 kB | 159 kB | 48 kB | 163/532 kBProgress (5): 2.0/2.2 MB | 294/424 kB | 159 kB | 48 kB | 163/532 kBProgress (5): 2.0/2.2 MB | 294/424 kB | 159 kB | 48 kB | 163/532 kBProgress (5): 2.0/2.2 MB | 294/424 kB | 159 kB | 48 kB | 163/532 kBProgress (5): 2.0/2.2 MB | 294/424 kB | 159 kB | 48 kB | 163/532 kBProgress (5): 2.0/2.2 MB | 294/424 kB | 159 kB | 48 kB | 163/532 kBProgress (5): 2.0/2.2 MB | 294/424 kB | 159 kB | 48 kB | 163/532 kBProgress (5): 2.0/2.2 MB | 294/424 kB | 159 kB | 48 kB | 163/532 kBProgress (5): 2.0/2.2 MB | 294/424 kB | 159 kB | 48 kB | 163/532 kBProgress (5): 2.0/2.2 MB | 294/424 kB | 159 kB | 48 kB | 163/532 kBProgress (5): 2.0/2.2 MB | 294/424 kB | 159 kB | 48 kB | 163/532 kBProgress (5): 2.0/2.2 MB | 294/424 kB | 159 kB | 48 kB | 163/532 kBProgress (5): 2.0/2.2 MB | 294/424 kB | 159 kB | 48 kB | 163/532 kBProgress (5): 2.0/2.2 MB | 294/424 kB | 159 kB | 48 kB | 163/532 kBProgress (5): 2.0/2.2 MB | 294/424 kB | 159 kB | 48 kB | 163/532 kBProgress (5): 2.0/2.2 MB | 294/424 kB | 159 kB | 48 kB | 163/532 kBProgress (5): 2.0/2.2 MB | 294/424 kB | 159 kB | 48 kB | 163/532 kBProgress (5): 2.0/2.2 MB | 294/424 kB | 159 kB | 48 kB | 163/532 kBProgress (5): 2.0/2.2 MB | 294/424 kB | 159 kB | 48 kB | 163/532 kBProgress (5): 2.0/2.2 MB | 294/424 kB | 159 kB | 48 kB | 163/532 kBProgress (5): 2.0/2.2 MB | 294/424 kB | 159 kB | 48 kB | 163/532 kBProgress (5): 2.0/2.2 MB | 294/424 kB | 159 kB | 48 kB | 163/532 kBProgress (5): 2.1/2.2 MB | 294/424 kB | 159 kB | 48 kB | 163/532 kBProgress (5): 2.1/2.2 MB | 294/424 kB | 159 kB | 48 kB | 163/532 kBProgress (5): 2.1/2.2 MB | 294/424 kB | 159 kB | 48 kB | 163/532 kBProgress (5): 2.1/2.2 MB | 294/424 kB | 159 kB | 48 kB | 163/532 kBProgress (5): 2.1/2.2 MB | 294/424 kB | 159 kB | 48 kB | 163/532 kBProgress (5): 2.1/2.2 MB | 294/424 kB | 159 kB | 48 kB | 163/532 kBProgress (5): 2.1/2.2 MB | 294/424 kB | 159 kB | 48 kB | 163/532 kBProgress (5): 2.1/2.2 MB | 294/424 kB | 159 kB | 48 kB | 163/532 kBProgress (5): 2.1/2.2 MB | 294/424 kB | 159 kB | 48 kB | 163/532 kBProgress (5): 2.1/2.2 MB | 294/424 kB | 159 kB | 48 kB | 163/532 kBProgress (5): 2.1/2.2 MB | 294/424 kB | 159 kB | 48 kB | 163/532 kBProgress (5): 2.1/2.2 MB | 294/424 kB | 159 kB | 48 kB | 163/532 kBProgress (5): 2.1/2.2 MB | 294/424 kB | 159 kB | 48 kB | 163/532 kBProgress (5): 2.1/2.2 MB | 294/424 kB | 159 kB | 48 kB | 163/532 kBProgress (5): 2.1/2.2 MB | 294/424 kB | 159 kB | 48 kB | 163/532 kBProgress (5): 2.1/2.2 MB | 294/424 kB | 159 kB | 48 kB | 163/532 kBProgress (5): 2.1/2.2 MB | 294/424 kB | 159 kB | 48 kB | 163/532 kBProgress (5): 2.1/2.2 MB | 294/424 kB | 159 kB | 48 kB | 163/532 kBProgress (5): 2.1/2.2 MB | 294/424 kB | 159 kB | 48 kB | 163/532 kBProgress (5): 2.1/2.2 MB | 294/424 kB | 159 kB | 48 kB | 163/532 kBProgress (5): 2.1/2.2 MB | 294/424 kB | 159 kB | 48 kB | 163/532 kBProgress (5): 2.1/2.2 MB | 294/424 kB | 159 kB | 48 kB | 163/532 kBProgress (5): 2.1/2.2 MB | 294/424 kB | 159 kB | 48 kB | 163/532 kBProgress (5): 2.1/2.2 MB | 294/424 kB | 159 kB | 48 kB | 163/532 kBProgress (5): 2.1/2.2 MB | 294/424 kB | 159 kB | 48 kB | 163/532 kBProgress (5): 2.2 MB | 294/424 kB | 159 kB | 48 kB | 163/532 kB                                                                   Downloaded from central: https://repo.maven.apache.org/maven2/org/apache/maven/maven-plugin-api/3.5.2/maven-plugin-api-3.5.2.jar (48 kB at 19 kB/s)
Progress (4): 2.2 MB | 298/424 kB | 159 kB | 163/532 kBProgress (4): 2.2 MB | 303/424 kB | 159 kB | 163/532 kBProgress (4): 2.2 MB | 307/424 kB | 159 kB | 163/532 kBProgress (4): 2.2 MB | 311/424 kB | 159 kB | 163/532 kBProgress (4): 2.2 MB | 315/424 kB | 159 kB | 163/532 kBProgress (4): 2.2 MB | 319/424 kB | 159 kB | 163/532 kBProgress (4): 2.2 MB | 323/424 kB | 159 kB | 163/532 kBProgress (4): 2.2 MB | 327/424 kB | 159 kB | 163/532 kBProgress (4): 2.2 MB | 331/424 kB | 159 kB | 163/532 kBProgress (4): 2.2 MB | 335/424 kB | 159 kB | 163/532 kBProgress (4): 2.2 MB | 339/424 kB | 159 kB | 163/532 kBProgress (4): 2.2 MB | 344/424 kB | 159 kB | 163/532 kBProgress (4): 2.2 MB | 348/424 kB | 159 kB | 163/532 kBProgress (4): 2.2 MB | 352/424 kB | 159 kB | 163/532 kBProgress (4): 2.2 MB | 356/424 kB | 159 kB | 163/532 kBProgress (4): 2.2 MB | 360/424 kB | 159 kB | 163/532 kBProgress (4): 2.2 MB | 364/424 kB | 159 kB | 163/532 kBProgress (4): 2.2 MB | 368/424 kB | 159 kB | 163/532 kBProgress (4): 2.2 MB | 372/424 kB | 159 kB | 163/532 kBProgress (4): 2.2 MB | 376/424 kB | 159 kB | 163/532 kBProgress (4): 2.2 MB | 380/424 kB | 159 kB | 163/532 kBProgress (4): 2.2 MB | 384/424 kB | 159 kB | 163/532 kBProgress (4): 2.2 MB | 389/424 kB | 159 kB | 163/532 kBProgress (4): 2.2 MB | 393/424 kB | 159 kB | 163/532 kB                                                       Downloaded from central: https://repo.maven.apache.org/maven2/org/apache/maven/resolver/maven-resolver-util/1.1.0/maven-resolver-util-1.1.0.jar (159 kB at 61 kB/s)
Downloaded from central: https://repo.maven.apache.org/maven2/org/apache/ant/ant/1.10.1/ant-1.10.1.jar (2.2 MB at 805 kB/s)
Progress (2): 393/424 kB | 167/532 kBProgress (2): 393/424 kB | 171/532 kBProgress (2): 393/424 kB | 176/532 kBProgress (2): 393/424 kB | 180/532 kBProgress (2): 393/424 kB | 184/532 kBProgress (2): 393/424 kB | 188/532 kBProgress (2): 393/424 kB | 192/532 kBProgress (2): 393/424 kB | 196/532 kBProgress (2): 393/424 kB | 200/532 kBProgress (2): 393/424 kB | 204/532 kBProgress (2): 393/424 kB | 208/532 kBProgress (2): 393/424 kB | 212/532 kBProgress (2): 393/424 kB | 217/532 kBProgress (2): 393/424 kB | 221/532 kBProgress (2): 393/424 kB | 225/532 kBProgress (2): 393/424 kB | 229/532 kBProgress (2): 393/424 kB | 233/532 kBProgress (2): 393/424 kB | 237/532 kBProgress (2): 393/424 kB | 241/532 kBProgress (2): 393/424 kB | 245/532 kBProgress (2): 393/424 kB | 249/532 kBProgress (2): 393/424 kB | 253/532 kBProgress (2): 393/424 kB | 258/532 kBProgress (2): 393/424 kB | 262/532 kBProgress (2): 393/424 kB | 266/532 kBProgress (2): 393/424 kB | 270/532 kBProgress (2): 393/424 kB | 274/532 kBProgress (2): 393/424 kB | 278/532 kBProgress (2): 393/424 kB | 282/532 kBProgress (2): 393/424 kB | 286/532 kBProgress (2): 393/424 kB | 290/532 kBProgress (2): 393/424 kB | 294/532 kBProgress (2): 393/424 kB | 298/532 kBProgress (2): 393/424 kB | 303/532 kBProgress (2): 393/424 kB | 307/532 kBProgress (2): 393/424 kB | 311/532 kBProgress (2): 393/424 kB | 315/532 kBProgress (2): 393/424 kB | 319/532 kBProgress (2): 393/424 kB | 323/532 kBProgress (2): 393/424 kB | 327/532 kBProgress (2): 393/424 kB | 331/532 kBProgress (2): 393/424 kB | 335/532 kBProgress (2): 393/424 kB | 339/532 kBProgress (2): 393/424 kB | 344/532 kBProgress (2): 393/424 kB | 348/532 kBProgress (2): 393/424 kB | 352/532 kBProgress (2): 393/424 kB | 356/532 kBProgress (2): 393/424 kB | 360/532 kBProgress (2): 393/424 kB | 364/532 kBProgress (2): 393/424 kB | 368/532 kBProgress (2): 393/424 kB | 372/532 kBProgress (2): 393/424 kB | 376/532 kBProgress (2): 393/424 kB | 380/532 kBProgress (2): 393/424 kB | 384/532 kBProgress (2): 393/424 kB | 389/532 kBProgress (2): 393/424 kB | 393/532 kBProgress (2): 393/424 kB | 397/532 kBProgress (2): 393/424 kB | 401/532 kBProgress (2): 393/424 kB | 405/532 kBProgress (2): 393/424 kB | 409/532 kBProgress (2): 393/424 kB | 413/532 kBProgress (2): 393/424 kB | 417/532 kBProgress (2): 393/424 kB | 421/532 kBProgress (2): 393/424 kB | 425/532 kBProgress (2): 393/424 kB | 430/532 kBProgress (2): 393/424 kB | 434/532 kBProgress (2): 393/424 kB | 438/532 kBProgress (2): 393/424 kB | 442/532 kBProgress (2): 393/424 kB | 446/532 kBProgress (2): 393/424 kB | 450/532 kBProgress (2): 397/424 kB | 450/532 kBProgress (2): 397/424 kB | 454/532 kBProgress (2): 401/424 kB | 454/532 kBProgress (2): 401/424 kB | 458/532 kBProgress (2): 405/424 kB | 458/532 kBProgress (2): 409/424 kB | 458/532 kBProgress (2): 409/424 kB | 462/532 kBProgress (2): 409/424 kB | 466/532 kBProgress (2): 413/424 kB | 466/532 kBProgress (2): 413/424 kB | 470/532 kBProgress (2): 417/424 kB | 470/532 kBProgress (2): 417/424 kB | 475/532 kBProgress (2): 421/424 kB | 475/532 kBProgress (2): 424 kB | 475/532 kB    Progress (2): 424 kB | 479/532 kBProgress (2): 424 kB | 483/532 kBProgress (2): 424 kB | 487/532 kBProgress (2): 424 kB | 491/532 kBProgress (2): 424 kB | 495/532 kBProgress (2): 424 kB | 499/532 kBProgress (2): 424 kB | 503/532 kBProgress (2): 424 kB | 507/532 kBProgress (2): 424 kB | 511/532 kBProgress (2): 424 kB | 516/532 kBProgress (2): 424 kB | 520/532 kBProgress (2): 424 kB | 524/532 kBProgress (2): 424 kB | 528/532 kBProgress (2): 424 kB | 532/532 kBProgress (2): 424 kB | 532 kB                                 Downloaded from central: https://repo.maven.apache.org/maven2/org/apache/commons/commons-compress/1.15/commons-compress-1.15.jar (532 kB at 181 kB/s)
Downloaded from central: https://repo.maven.apache.org/maven2/com/google/inject/guice/4.0/guice-4.0-no_aop.jar (424 kB at 144 kB/s)
[INFO] 
[INFO] --- maven-clean-plugin:2.5:clean (default-clean) @ jdeb ---
[INFO] 
[INFO] --- maven-dependency-plugin:2.8:list (default-cli) @ jdeb ---
[INFO] 
[INFO] The following files have been resolved:
[INFO]    org.apache.maven.shared:maven-shared-utils:jar:3.1.0:compile
[INFO]    org.codehaus.plexus:plexus-interpolation:jar:1.24:compile
[INFO]    com.google.inject:guice:jar:no_aop:4.0:compile
[INFO]    org.sonatype.plexus:plexus-sec-dispatcher:jar:1.4:compile
[INFO]    org.eclipse.sisu:org.eclipse.sisu.inject:jar:0.3.3:compile
[INFO]    aopalliance:aopalliance:jar:1.0:compile
[INFO]    org.apache.maven.resolver:maven-resolver-impl:jar:1.1.0:compile
[INFO]    org.apache.maven.resolver:maven-resolver-api:jar:1.1.0:compile
[INFO]    org.apache.maven:maven-resolver-provider:jar:3.5.2:compile
[INFO]    org.mockito:mockito-core:jar:1.9.5:test
[INFO]    org.apache.maven.resolver:maven-resolver-spi:jar:1.1.0:compile
[INFO]    org.apache.maven:maven-model-builder:jar:3.5.2:compile
[INFO]    org.codehaus.plexus:plexus-classworlds:jar:2.5.2:compile
[INFO]    org.bouncycastle:bcpg-jdk15on:jar:1.58:compile
[INFO]    org.objenesis:objenesis:jar:2.6:compile
[INFO]    commons-io:commons-io:jar:2.6:compile
[INFO]    org.apache.maven:maven-artifact:jar:3.5.2:compile
[INFO]    org.eclipse.sisu:org.eclipse.sisu.plexus:jar:0.3.3:compile
[INFO]    org.apache.maven:maven-builder-support:jar:3.5.2:compile
[INFO]    javax.enterprise:cdi-api:jar:1.0:compile
[INFO]    org.apache.maven:maven-repository-metadata:jar:3.5.2:compile
[INFO]    org.apache.maven:maven-core:jar:3.5.2:compile
[INFO]    org.codehaus.plexus:plexus-component-annotations:jar:1.7.1:compile
[INFO]    org.apache.maven:maven-plugin-api:jar:3.5.2:compile
[INFO]    javax.inject:javax.inject:jar:1:compile
[INFO]    org.apache.maven.resolver:maven-resolver-util:jar:1.1.0:compile
[INFO]    javax.annotation:jsr250-api:jar:1.0:compile
[INFO]    org.apache.maven.plugin-tools:maven-plugin-annotations:jar:3.5:provided
[INFO]    org.hamcrest:hamcrest-core:jar:1.3:test
[INFO]    org.apache.maven:maven-settings-builder:jar:3.5.2:compile
[INFO]    org.apache.ant:ant-launcher:jar:1.10.1:compile
[INFO]    org.apache.commons:commons-lang3:jar:3.5:compile
[INFO]    junit:junit:jar:4.12:test
[INFO]    com.google.guava:guava:jar:20.0:compile
[INFO]    org.apache.ant:ant:jar:1.10.1:compile
[INFO]    org.codehaus.plexus:plexus-utils:jar:3.1.0:compile
[INFO]    org.tukaani:xz:jar:1.6:compile
[INFO]    org.apache.maven:maven-settings:jar:3.5.2:compile
[INFO]    org.bouncycastle:bcprov-jdk15on:jar:1.58:compile
[INFO]    org.sonatype.plexus:plexus-cipher:jar:1.4:compile
[INFO]    org.apache.commons:commons-compress:jar:1.15:compile
[INFO]    org.apache.maven:maven-model:jar:3.5.2:compile
[INFO] 
[INFO] 
[INFO] --- jacoco-maven-plugin:0.7.5.201505241946:prepare-agent (pre-unit-test) @ jdeb ---
[INFO] argLine set to -javaagent:/home/cgzhu/.m2/repository/org/jacoco/org.jacoco.agent/0.7.5.201505241946/org.jacoco.agent-0.7.5.201505241946-runtime.jar=destfile=/home/cgzhu/projects/gitslice/resources/facts/upgrade_jars_exp/_downloads/jdeb/target/jacoco.exec,append=true,includes=org/vafer/jdeb/*,excludes=org/vafer/jdeb/shaded/*
[INFO] 
[INFO] --- maven-resources-plugin:2.6:resources (default-resources) @ jdeb ---
[INFO] Using 'UTF-8' encoding to copy filtered resources.
[INFO] Copying 2 resources
[INFO] 
[INFO] --- maven-compiler-plugin:3.2:compile (default-compile) @ jdeb ---
[INFO] Changes detected - recompiling the module!
[INFO] Compiling 50 source files to /home/cgzhu/projects/gitslice/resources/facts/upgrade_jars_exp/_downloads/jdeb/target/classes
[INFO] /home/cgzhu/projects/gitslice/resources/facts/upgrade_jars_exp/_downloads/jdeb/src/main/java/org/vafer/jdeb/producers/Producers.java: Some input files use or override a deprecated API.
[INFO] /home/cgzhu/projects/gitslice/resources/facts/upgrade_jars_exp/_downloads/jdeb/src/main/java/org/vafer/jdeb/producers/Producers.java: Recompile with -Xlint:deprecation for details.
[INFO] 
[INFO] --- maven-plugin-plugin:3.5:descriptor (default-descriptor) @ jdeb ---
[INFO] Using 'UTF-8' encoding to read mojo source files.
[INFO] java-annotations mojo extractor found 1 mojo descriptor.
line 8 column 4 - Error: <build> is not recognized!
line 9 column 6 - Error: <plugins> is not recognized!
line 10 column 8 - Error: <plugin> is not recognized!
line 11 column 8 - Error: <artifactid> is not recognized!
line 12 column 8 - Error: <groupid> is not recognized!
line 14 column 8 - Error: <configuration> is not recognized!
[INFO] 
[INFO] --- maven-plugin-plugin:3.5:descriptor (mojo-descriptor) @ jdeb ---
[INFO] Using 'UTF-8' encoding to read mojo source files.
[INFO] java-annotations mojo extractor found 1 mojo descriptor.
line 8 column 4 - Error: <build> is not recognized!
line 9 column 6 - Error: <plugins> is not recognized!
line 10 column 8 - Error: <plugin> is not recognized!
line 11 column 8 - Error: <artifactid> is not recognized!
line 12 column 8 - Error: <groupid> is not recognized!
line 14 column 8 - Error: <configuration> is not recognized!
[INFO] 
[INFO] --- maven-resources-plugin:2.6:testResources (default-testResources) @ jdeb ---
[INFO] Using 'UTF-8' encoding to copy filtered resources.
[INFO] Copying 22 resources
[INFO] 
[INFO] --- maven-compiler-plugin:3.2:testCompile (default-testCompile) @ jdeb ---
[INFO] Changes detected - recompiling the module!
[INFO] Compiling 21 source files to /home/cgzhu/projects/gitslice/resources/facts/upgrade_jars_exp/_downloads/jdeb/target/test-classes
[INFO] /home/cgzhu/projects/gitslice/resources/facts/upgrade_jars_exp/_downloads/jdeb/src/test/java/org/vafer/jdeb/ArchiveWalker.java: /home/cgzhu/projects/gitslice/resources/facts/upgrade_jars_exp/_downloads/jdeb/src/test/java/org/vafer/jdeb/ArchiveWalker.java uses unchecked or unsafe operations.
[INFO] /home/cgzhu/projects/gitslice/resources/facts/upgrade_jars_exp/_downloads/jdeb/src/test/java/org/vafer/jdeb/ArchiveWalker.java: Recompile with -Xlint:unchecked for details.
[INFO] 
[INFO] --- maven-surefire-plugin:2.18.1:test (default-test) @ jdeb ---
[INFO] Surefire report directory: /home/cgzhu/projects/gitslice/resources/facts/upgrade_jars_exp/_downloads/jdeb/target/surefire-reports

-------------------------------------------------------
 T E S T S
-------------------------------------------------------
Running org.vafer.jdeb.maven.DataTestCase
Tests run: 8, Failures: 0, Errors: 0, Skipped: 0, Time elapsed: 0.001 sec - in org.vafer.jdeb.maven.DataTestCase
Running org.vafer.jdeb.mapping.LsMapperTestCase
Tests run: 4, Failures: 0, Errors: 0, Skipped: 0, Time elapsed: 0 sec - in org.vafer.jdeb.mapping.LsMapperTestCase
Running org.vafer.jdeb.utils.FilteredFileTestCase
Tests run: 3, Failures: 0, Errors: 0, Skipped: 0, Time elapsed: 0.007 sec - in org.vafer.jdeb.utils.FilteredFileTestCase
Running org.vafer.jdeb.utils.InformationInputStreamTestCase
Tests run: 7, Failures: 0, Errors: 0, Skipped: 0, Time elapsed: 0.044 sec - in org.vafer.jdeb.utils.InformationInputStreamTestCase
Running org.vafer.jdeb.utils.UtilsTestCase
Tests run: 8, Failures: 0, Errors: 0, Skipped: 0, Time elapsed: 0.018 sec - in org.vafer.jdeb.utils.UtilsTestCase
Running org.vafer.jdeb.debian.PackageControlFileTestCase
Tests run: 7, Failures: 0, Errors: 0, Skipped: 0, Time elapsed: 0.001 sec - in org.vafer.jdeb.debian.PackageControlFileTestCase
Running org.vafer.jdeb.debian.ControlFieldTestCase
Tests run: 3, Failures: 0, Errors: 0, Skipped: 0, Time elapsed: 0.001 sec - in org.vafer.jdeb.debian.ControlFieldTestCase
Running org.vafer.jdeb.debian.ChangesFileTestCase
Tests run: 1, Failures: 0, Errors: 0, Skipped: 0, Time elapsed: 0.002 sec - in org.vafer.jdeb.debian.ChangesFileTestCase
Running org.vafer.jdeb.producers.DataProducerPathTemplateTestCase
Tests run: 1, Failures: 0, Errors: 0, Skipped: 0, Time elapsed: 0.003 sec - in org.vafer.jdeb.producers.DataProducerPathTemplateTestCase
Running org.vafer.jdeb.producers.DataProducerFilesTestCase
Tests run: 2, Failures: 0, Errors: 0, Skipped: 0, Time elapsed: 0.083 sec - in org.vafer.jdeb.producers.DataProducerFilesTestCase
Running org.vafer.jdeb.signing.DebMakerTestCase
Tests run: 1, Failures: 0, Errors: 0, Skipped: 0, Time elapsed: 0.255 sec - in org.vafer.jdeb.signing.DebMakerTestCase
Running org.vafer.jdeb.signing.PGPSignerTestCase
Tests run: 2, Failures: 0, Errors: 0, Skipped: 0, Time elapsed: 0.007 sec - in org.vafer.jdeb.signing.PGPSignerTestCase
Running org.vafer.jdeb.ant.DebAntTaskTestCase
Tests run: 21, Failures: 0, Errors: 0, Skipped: 0, Time elapsed: 0.552 sec - in org.vafer.jdeb.ant.DebAntTaskTestCase
Running org.vafer.jdeb.ant.AntSelectorTestCase
Tests run: 1, Failures: 0, Errors: 0, Skipped: 0, Time elapsed: 0 sec - in org.vafer.jdeb.ant.AntSelectorTestCase
Running org.vafer.jdeb.DataBuilderTestCase
Tests run: 2, Failures: 0, Errors: 0, Skipped: 0, Time elapsed: 0.003 sec - in org.vafer.jdeb.DataBuilderTestCase
Running org.vafer.jdeb.DebMakerTestCase
Tests run: 4, Failures: 0, Errors: 0, Skipped: 0, Time elapsed: 0.016 sec - in org.vafer.jdeb.DebMakerTestCase
Running org.vafer.jdeb.changes.TextfileChangesProviderTestCase
Tests run: 2, Failures: 0, Errors: 0, Skipped: 0, Time elapsed: 0.001 sec - in org.vafer.jdeb.changes.TextfileChangesProviderTestCase

Results :

Tests run: 77, Failures: 0, Errors: 0, Skipped: 0

[INFO] 
[INFO] --- jacoco-maven-plugin:0.7.5.201505241946:report (post-unit-test) @ jdeb ---
[INFO] Analyzed bundle 'jdeb' with 12 classes
[INFO] ------------------------------------------------------------------------
[INFO] BUILD SUCCESS
[INFO] ------------------------------------------------------------------------
[INFO] Total time: 17.316 s
[INFO] Finished at: 2019-08-20T03:49:46+08:00
[INFO] ------------------------------------------------------------------------
