[VERSION]: 4.13-beta-3
[INFO] Scanning for projects...
[INFO] Inspecting build with total of 1 modules...
[INFO] Installing Nexus Staging features:
[INFO]   ... total of 1 executions of maven-deploy-plugin replaced with nexus-staging-maven-plugin
[INFO] 
[INFO] -----------< ru.lanwen.verbalregex:java-verbal-expressions >------------
[INFO] Building JavaVerbalExpressions 1.5-SNAPSHOT
[INFO] --------------------------------[ jar ]---------------------------------
[INFO] 
[INFO] --- maven-clean-plugin:2.5:clean (default-clean) @ java-verbal-expressions ---
[INFO] Deleting /home/cgzhu/projects/gitslice/resources/facts/upgrade_jars_exp/_downloads/JavaVerbalExpressions/target
[INFO] 
[INFO] --- cobertura-maven-plugin:2.6:clean (default) @ java-verbal-expressions ---
[INFO] 
[INFO] --- maven-dependency-plugin:2.8:list (default-cli) @ java-verbal-expressions ---
[INFO] 
[INFO] The following files have been resolved:
[INFO]    org.hamcrest:hamcrest-core:jar:1.3:test
[INFO]    junit:junit:jar:4.13-beta-3:test
[INFO] 
[INFO] 
[INFO] --- maven-resources-plugin:2.6:resources (default-resources) @ java-verbal-expressions ---
[INFO] Using 'UTF-8' encoding to copy filtered resources.
[INFO] skip non existing resourceDirectory /home/cgzhu/projects/gitslice/resources/facts/upgrade_jars_exp/_downloads/JavaVerbalExpressions/src/main/resources
[INFO] 
[INFO] --- maven-compiler-plugin:3.1:compile (default-compile) @ java-verbal-expressions ---
[INFO] Changes detected - recompiling the module!
[INFO] Compiling 1 source file to /home/cgzhu/projects/gitslice/resources/facts/upgrade_jars_exp/_downloads/JavaVerbalExpressions/target/classes
[INFO] 
[INFO] --- bnd-maven-plugin:3.3.0:bnd-process (default) @ java-verbal-expressions ---
[WARNING] /home/cgzhu/projects/gitslice/resources/facts/upgrade_jars_exp/_downloads/JavaVerbalExpressions/bnd.bnd [0:0]: Classpath is empty. Private-Package (-privatepackage) and Export-Package can only expand from the classpath when there is one
[INFO] 
[INFO] --- maven-resources-plugin:2.6:testResources (default-testResources) @ java-verbal-expressions ---
[INFO] Using 'UTF-8' encoding to copy filtered resources.
[INFO] skip non existing resourceDirectory /home/cgzhu/projects/gitslice/resources/facts/upgrade_jars_exp/_downloads/JavaVerbalExpressions/src/test/resources
[INFO] 
[INFO] --- maven-compiler-plugin:3.1:testCompile (default-testCompile) @ java-verbal-expressions ---
[INFO] Changes detected - recompiling the module!
[INFO] Compiling 8 source files to /home/cgzhu/projects/gitslice/resources/facts/upgrade_jars_exp/_downloads/JavaVerbalExpressions/target/test-classes
[WARNING] /home/cgzhu/projects/gitslice/resources/facts/upgrade_jars_exp/_downloads/JavaVerbalExpressions/src/test/java/ru/lanwen/verbalregex/RealWorldUnitTest.java: Some input files use or override a deprecated API.
[WARNING] /home/cgzhu/projects/gitslice/resources/facts/upgrade_jars_exp/_downloads/JavaVerbalExpressions/src/test/java/ru/lanwen/verbalregex/RealWorldUnitTest.java: Recompile with -Xlint:deprecation for details.
[INFO] 
[INFO] --- maven-surefire-plugin:2.12.4:test (default-test) @ java-verbal-expressions ---
[INFO] Surefire report directory: /home/cgzhu/projects/gitslice/resources/facts/upgrade_jars_exp/_downloads/JavaVerbalExpressions/target/surefire-reports

-------------------------------------------------------
 T E S T S
-------------------------------------------------------
Running ru.lanwen.verbalregex.RealWorldUnitTest
Tests run: 8, Failures: 0, Errors: 0, Skipped: 1, Time elapsed: 0.047 sec
Running ru.lanwen.verbalregex.PredefinedCharClassesTest
Tests run: 7, Failures: 0, Errors: 0, Skipped: 0, Time elapsed: 0 sec
Running ru.lanwen.verbalregex.UsageLibTest
Tests run: 3, Failures: 0, Errors: 0, Skipped: 0, Time elapsed: 0 sec
Running ru.lanwen.verbalregex.NegativeCasesTest
Tests run: 12, Failures: 0, Errors: 0, Skipped: 0, Time elapsed: 0.002 sec
Running ru.lanwen.verbalregex.BasicFunctionalityUnitTest
Tests run: 54, Failures: 0, Errors: 0, Skipped: 0, Time elapsed: 0.023 sec

Results :

Tests run: 84, Failures: 0, Errors: 0, Skipped: 1

[INFO] ------------------------------------------------------------------------
[INFO] BUILD SUCCESS
[INFO] ------------------------------------------------------------------------
[INFO] Total time: 2.714 s
[INFO] Finished at: 2019-08-20T18:01:29+08:00
[INFO] ------------------------------------------------------------------------
