[VERSION]: 4.11
[INFO] Scanning for projects...
[INFO] Inspecting build with total of 1 modules...
[INFO] Installing Nexus Staging features:
[INFO]   ... total of 1 executions of maven-deploy-plugin replaced with nexus-staging-maven-plugin
Downloading from central: https://repo.maven.apache.org/maven2/biz/aQute/bnd/bnd-maven-plugin/3.3.0/bnd-maven-plugin-3.3.0.pom
Progress (1): 2.2/2.5 kB
Progress (1): 2.5 kB    
                    
Downloaded from central: https://repo.maven.apache.org/maven2/biz/aQute/bnd/bnd-maven-plugin/3.3.0/bnd-maven-plugin-3.3.0.pom (2.5 kB at 2.2 kB/s)
Downloading from central: https://repo.maven.apache.org/maven2/biz/aQute/bnd/bnd-plugin-parent/3.3.0/bnd-plugin-parent-3.3.0.pom
Progress (1): 2.8/8.8 kB
Progress (1): 5.5/8.8 kB
Progress (1): 8.3/8.8 kB
Progress (1): 8.8 kB    
                    
Downloaded from central: https://repo.maven.apache.org/maven2/biz/aQute/bnd/bnd-plugin-parent/3.3.0/bnd-plugin-parent-3.3.0.pom (8.8 kB at 23 kB/s)
Downloading from central: https://repo.maven.apache.org/maven2/biz/aQute/bnd/bnd-maven-plugin/3.3.0/bnd-maven-plugin-3.3.0.jar
Progress (1): 2.2/15 kB
Progress (1): 5.0/15 kB
Progress (1): 7.7/15 kB
Progress (1): 10/15 kB 
Progress (1): 13/15 kB
Progress (1): 15 kB   
                   
Downloaded from central: https://repo.maven.apache.org/maven2/biz/aQute/bnd/bnd-maven-plugin/3.3.0/bnd-maven-plugin-3.3.0.jar (15 kB at 36 kB/s)
Downloading from central: https://repo.maven.apache.org/maven2/org/codehaus/mojo/cobertura-maven-plugin/2.6/cobertura-maven-plugin-2.6.pom
Progress (1): 2.2/8.7 kB
Progress (1): 5.0/8.7 kB
Progress (1): 7.8/8.7 kB
Progress (1): 8.7 kB    
                    
Downloaded from central: https://repo.maven.apache.org/maven2/org/codehaus/mojo/cobertura-maven-plugin/2.6/cobertura-maven-plugin-2.6.pom (8.7 kB at 23 kB/s)
Downloading from central: https://repo.maven.apache.org/maven2/org/codehaus/mojo/cobertura-maven-plugin/2.6/cobertura-maven-plugin-2.6.jar
Progress (1): 2.2/48 kB
Progress (1): 5.0/48 kB
Progress (1): 7.7/48 kB
Progress (1): 10/48 kB 
Progress (1): 13/48 kB
Progress (1): 16/48 kB
Progress (1): 19/48 kB
Progress (1): 21/48 kB
Progress (1): 24/48 kB
Progress (1): 27/48 kB
Progress (1): 30/48 kB
Progress (1): 32/48 kB
Progress (1): 36/48 kB
Progress (1): 40/48 kB
Progress (1): 45/48 kB
Progress (1): 48 kB   
                   
Downloaded from central: https://repo.maven.apache.org/maven2/org/codehaus/mojo/cobertura-maven-plugin/2.6/cobertura-maven-plugin-2.6.jar (48 kB at 85 kB/s)
[INFO] 
[INFO] -----------< ru.lanwen.verbalregex:java-verbal-expressions >------------
[INFO] Building JavaVerbalExpressions 1.5-SNAPSHOT
[INFO] --------------------------------[ jar ]---------------------------------
[INFO] 
[INFO] --- maven-clean-plugin:2.5:clean (default-clean) @ java-verbal-expressions ---
[INFO] 
[INFO] --- cobertura-maven-plugin:2.6:clean (default) @ java-verbal-expressions ---
Downloading from central: https://repo.maven.apache.org/maven2/net/sourceforge/cobertura/cobertura/2.0.3/cobertura-2.0.3.pom
Progress (1): 4.1/15 kB
Progress (1): 7.7/15 kB
Progress (1): 12/15 kB 
Progress (1): 15 kB   
                   
Downloaded from central: https://repo.maven.apache.org/maven2/net/sourceforge/cobertura/cobertura/2.0.3/cobertura-2.0.3.pom (15 kB at 41 kB/s)
Downloading from central: https://repo.maven.apache.org/maven2/org/ow2/asm/asm/4.1/asm-4.1.pom
Progress (1): 1.9 kB
                    
Downloaded from central: https://repo.maven.apache.org/maven2/org/ow2/asm/asm/4.1/asm-4.1.pom (1.9 kB at 5.5 kB/s)
Downloading from central: https://repo.maven.apache.org/maven2/org/ow2/asm/asm-parent/4.1/asm-parent-4.1.pom
Progress (1): 2.2/5.5 kB
Progress (1): 5.0/5.5 kB
Progress (1): 5.5 kB    
                    
Downloaded from central: https://repo.maven.apache.org/maven2/org/ow2/asm/asm-parent/4.1/asm-parent-4.1.pom (5.5 kB at 15 kB/s)
Downloading from central: https://repo.maven.apache.org/maven2/org/ow2/asm/asm-tree/4.1/asm-tree-4.1.pom
Progress (1): 2.1 kB
                    
Downloaded from central: https://repo.maven.apache.org/maven2/org/ow2/asm/asm-tree/4.1/asm-tree-4.1.pom (2.1 kB at 5.9 kB/s)
Downloading from central: https://repo.maven.apache.org/maven2/org/ow2/asm/asm-commons/4.1/asm-commons-4.1.pom
Progress (1): 2.1 kB
                    
Downloaded from central: https://repo.maven.apache.org/maven2/org/ow2/asm/asm-commons/4.1/asm-commons-4.1.pom (2.1 kB at 5.9 kB/s)
Downloading from central: https://repo.maven.apache.org/maven2/org/ow2/asm/asm-util/4.1/asm-util-4.1.pom
Progress (1): 2.1 kB
                    
Downloaded from central: https://repo.maven.apache.org/maven2/org/ow2/asm/asm-util/4.1/asm-util-4.1.pom (2.1 kB at 5.8 kB/s)
Downloading from central: https://repo.maven.apache.org/maven2/org/ow2/asm/asm-analysis/4.1/asm-analysis-4.1.pom
Progress (1): 2.1 kB
                    
Downloaded from central: https://repo.maven.apache.org/maven2/org/ow2/asm/asm-analysis/4.1/asm-analysis-4.1.pom (2.1 kB at 5.8 kB/s)
Downloading from central: https://repo.maven.apache.org/maven2/jaxen/jaxen/1.1-beta-8/jaxen-1.1-beta-8.pom
Progress (1): 2.2/6.7 kB
Progress (1): 5.0/6.7 kB
Progress (1): 6.7 kB    
                    
Downloaded from central: https://repo.maven.apache.org/maven2/jaxen/jaxen/1.1-beta-8/jaxen-1.1-beta-8.pom (6.7 kB at 19 kB/s)
Downloading from central: https://repo.maven.apache.org/maven2/xom/xom/1.0b3/xom-1.0b3.pom
Progress (1): 1.1 kB
                    
Downloaded from central: https://repo.maven.apache.org/maven2/xom/xom/1.0b3/xom-1.0b3.pom (1.1 kB at 3.0 kB/s)
Downloading from central: https://repo.maven.apache.org/maven2/xerces/xmlParserAPIs/2.6.1/xmlParserAPIs-2.6.1.pom
Progress (1): 153 B
                   
Downloaded from central: https://repo.maven.apache.org/maven2/xerces/xmlParserAPIs/2.6.1/xmlParserAPIs-2.6.1.pom (153 B at 427 B/s)
Downloading from central: https://repo.maven.apache.org/maven2/xerces/xercesImpl/2.2.1/xercesImpl-2.2.1.pom
Progress (1): 150 B
                   
Downloaded from central: https://repo.maven.apache.org/maven2/xerces/xercesImpl/2.2.1/xercesImpl-2.2.1.pom (150 B at 418 B/s)
Downloading from central: https://repo.maven.apache.org/maven2/org/ccil/cowan/tagsoup/tagsoup/0.9.7/tagsoup-0.9.7.pom
Progress (1): 681 B
                   
Downloaded from central: https://repo.maven.apache.org/maven2/org/ccil/cowan/tagsoup/tagsoup/0.9.7/tagsoup-0.9.7.pom (681 B at 1.9 kB/s)
Downloading from central: https://repo.maven.apache.org/maven2/org/apache/ant/ant/1.8.3/ant-1.8.3.pom
Progress (1): 2.2/9.7 kB
Progress (1): 5.0/9.7 kB
Progress (1): 7.8/9.7 kB
Progress (1): 9.7 kB    
                    
Downloaded from central: https://repo.maven.apache.org/maven2/org/apache/ant/ant/1.8.3/ant-1.8.3.pom (9.7 kB at 27 kB/s)
Downloading from central: https://repo.maven.apache.org/maven2/org/apache/ant/ant-parent/1.8.3/ant-parent-1.8.3.pom
Progress (1): 2.2/4.6 kB
Progress (1): 4.6 kB    
                    
Downloaded from central: https://repo.maven.apache.org/maven2/org/apache/ant/ant-parent/1.8.3/ant-parent-1.8.3.pom (4.6 kB at 13 kB/s)
Downloading from central: https://repo.maven.apache.org/maven2/org/apache/ant/ant-launcher/1.8.3/ant-launcher-1.8.3.pom
Progress (1): 2.4 kB
                    
Downloaded from central: https://repo.maven.apache.org/maven2/org/apache/ant/ant-launcher/1.8.3/ant-launcher-1.8.3.pom (2.4 kB at 6.6 kB/s)
Downloading from central: https://repo.maven.apache.org/maven2/org/mortbay/jetty/jetty/6.1.14/jetty-6.1.14.pom
Progress (1): 2.2/4.3 kB
Progress (1): 4.3 kB    
                    
Downloaded from central: https://repo.maven.apache.org/maven2/org/mortbay/jetty/jetty/6.1.14/jetty-6.1.14.pom (4.3 kB at 12 kB/s)
Downloading from central: https://repo.maven.apache.org/maven2/org/mortbay/jetty/jetty-util/6.1.14/jetty-util-6.1.14.pom
Progress (1): 2.2/3.5 kB
Progress (1): 3.5 kB    
                    
Downloaded from central: https://repo.maven.apache.org/maven2/org/mortbay/jetty/jetty-util/6.1.14/jetty-util-6.1.14.pom (3.5 kB at 9.8 kB/s)
Downloading from central: https://repo.maven.apache.org/maven2/log4j/log4j/1.2.9/log4j-1.2.9.pom
Progress (1): 144 B
                   
Downloaded from central: https://repo.maven.apache.org/maven2/log4j/log4j/1.2.9/log4j-1.2.9.pom (144 B at 404 B/s)
Downloading from central: https://repo.maven.apache.org/maven2/net/sourceforge/cobertura/cobertura-runtime/2.0.3/cobertura-runtime-2.0.3.pom
Progress (1): 2.2/3.2 kB
Progress (1): 3.2 kB    
                    
Downloaded from central: https://repo.maven.apache.org/maven2/net/sourceforge/cobertura/cobertura-runtime/2.0.3/cobertura-runtime-2.0.3.pom (3.2 kB at 8.9 kB/s)
Downloading from central: https://repo.maven.apache.org/maven2/urbanophile/java-getopt/1.0.9/java-getopt-1.0.9.pom
Progress (1): 157 B
                   
Downloaded from central: https://repo.maven.apache.org/maven2/urbanophile/java-getopt/1.0.9/java-getopt-1.0.9.pom (157 B at 437 B/s)
Downloading from central: https://repo.maven.apache.org/maven2/org/apache/maven/maven-core/2.0.8/maven-core-2.0.8.pom
Progress (1): 2.8/6.8 kB
Progress (1): 5.5/6.8 kB
Progress (1): 6.8 kB    
                    
Downloaded from central: https://repo.maven.apache.org/maven2/org/apache/maven/maven-core/2.0.8/maven-core-2.0.8.pom (6.8 kB at 19 kB/s)
Downloading from central: https://repo.maven.apache.org/maven2/org/apache/maven/maven-plugin-parameter-documenter/2.0.8/maven-plugin-parameter-documenter-2.0.8.pom
Progress (1): 2.0 kB
                    
Downloaded from central: https://repo.maven.apache.org/maven2/org/apache/maven/maven-plugin-parameter-documenter/2.0.8/maven-plugin-parameter-documenter-2.0.8.pom (2.0 kB at 5.5 kB/s)
Downloading from central: https://repo.maven.apache.org/maven2/org/apache/maven/reporting/maven-reporting-api/2.0.8/maven-reporting-api-2.0.8.pom
Progress (1): 1.8 kB
                    
Downloaded from central: https://repo.maven.apache.org/maven2/org/apache/maven/reporting/maven-reporting-api/2.0.8/maven-reporting-api-2.0.8.pom (1.8 kB at 5.0 kB/s)
Downloading from central: https://repo.maven.apache.org/maven2/org/apache/maven/reporting/maven-reporting/2.0.8/maven-reporting-2.0.8.pom
Progress (1): 1.5 kB
                    
Downloaded from central: https://repo.maven.apache.org/maven2/org/apache/maven/reporting/maven-reporting/2.0.8/maven-reporting-2.0.8.pom (1.5 kB at 4.2 kB/s)
Downloading from central: https://repo.maven.apache.org/maven2/org/apache/maven/maven-error-diagnostics/2.0.8/maven-error-diagnostics-2.0.8.pom
Progress (1): 1.7 kB
                    
Downloaded from central: https://repo.maven.apache.org/maven2/org/apache/maven/maven-error-diagnostics/2.0.8/maven-error-diagnostics-2.0.8.pom (1.7 kB at 4.9 kB/s)
Downloading from central: https://repo.maven.apache.org/maven2/org/apache/maven/maven-plugin-descriptor/2.0.8/maven-plugin-descriptor-2.0.8.pom
Progress (1): 2.1 kB
                    
Downloaded from central: https://repo.maven.apache.org/maven2/org/apache/maven/maven-plugin-descriptor/2.0.8/maven-plugin-descriptor-2.0.8.pom (2.1 kB at 5.8 kB/s)
Downloading from central: https://repo.maven.apache.org/maven2/org/apache/maven/maven-monitor/2.0.8/maven-monitor-2.0.8.pom
Progress (1): 1.3 kB
                    
Downloaded from central: https://repo.maven.apache.org/maven2/org/apache/maven/maven-monitor/2.0.8/maven-monitor-2.0.8.pom (1.3 kB at 3.6 kB/s)
Downloading from central: https://repo.maven.apache.org/maven2/org/apache/maven/reporting/maven-reporting-impl/2.0.4.2/maven-reporting-impl-2.0.4.2.pom
Progress (1): 2.2/5.2 kB
Progress (1): 5.0/5.2 kB
Progress (1): 5.2 kB    
                    
Downloaded from central: https://repo.maven.apache.org/maven2/org/apache/maven/reporting/maven-reporting-impl/2.0.4.2/maven-reporting-impl-2.0.4.2.pom (5.2 kB at 14 kB/s)
Downloading from central: https://repo.maven.apache.org/maven2/org/codehaus/plexus/plexus-utils/2.0.2/plexus-utils-2.0.2.pom
Progress (1): 2.2/3.3 kB
Progress (1): 3.3 kB    
                    
Downloaded from central: https://repo.maven.apache.org/maven2/org/codehaus/plexus/plexus-utils/2.0.2/plexus-utils-2.0.2.pom (3.3 kB at 9.4 kB/s)
Downloading from central: https://repo.maven.apache.org/maven2/net/sourceforge/cobertura/cobertura/2.0.3/cobertura-2.0.3.jar
Downloading from central: https://repo.maven.apache.org/maven2/org/ow2/asm/asm/4.1/asm-4.1.jar
Downloading from central: https://repo.maven.apache.org/maven2/org/ow2/asm/asm-commons/4.1/asm-commons-4.1.jar
Downloading from central: https://repo.maven.apache.org/maven2/org/ow2/asm/asm-tree/4.1/asm-tree-4.1.jar
Downloading from central: https://repo.maven.apache.org/maven2/org/ow2/asm/asm-util/4.1/asm-util-4.1.jar
Progress (1): 2.2/514 kB
Progress (1): 5.0/514 kB
Progress (1): 7.7/514 kB
Progress (1): 10/514 kB 
Progress (1): 13/514 kB
Progress (1): 16/514 kB
Progress (1): 19/514 kB
Progress (1): 21/514 kB
Progress (1): 24/514 kB
Progress (1): 27/514 kB
Progress (1): 30/514 kB
Progress (1): 32/514 kB
Progress (1): 36/514 kB
Progress (1): 40/514 kB
Progress (1): 45/514 kB
Progress (1): 49/514 kB
Progress (1): 53/514 kB
Progress (1): 57/514 kB
Progress (1): 61/514 kB
Progress (1): 65/514 kB
Progress (1): 69/514 kB
Progress (1): 73/514 kB
Progress (1): 77/514 kB
Progress (1): 81/514 kB
Progress (1): 85/514 kB
Progress (1): 90/514 kB
Progress (1): 94/514 kB
Progress (1): 98/514 kB
Progress (1): 102/514 kB
Progress (1): 106/514 kB
Progress (1): 110/514 kB
Progress (1): 114/514 kB
Progress (1): 118/514 kB
Progress (1): 122/514 kB
Progress (1): 126/514 kB
Progress (1): 131/514 kB
Progress (1): 135/514 kB
Progress (1): 139/514 kB
Progress (1): 143/514 kB
Progress (1): 147/514 kB
Progress (1): 151/514 kB
Progress (1): 155/514 kB
Progress (1): 159/514 kB
Progress (1): 163/514 kB
Progress (1): 167/514 kB
Progress (1): 171/514 kB
Progress (1): 176/514 kB
Progress (1): 180/514 kB
Progress (1): 184/514 kB
Progress (1): 188/514 kB
Progress (1): 192/514 kB
Progress (1): 196/514 kB
Progress (1): 200/514 kB
Progress (1): 204/514 kB
Progress (1): 208/514 kB
Progress (1): 212/514 kB
Progress (1): 217/514 kB
Progress (1): 221/514 kB
Progress (1): 225/514 kB
Progress (1): 229/514 kB
Progress (1): 233/514 kB
Progress (1): 237/514 kB
Progress (1): 241/514 kB
Progress (1): 245/514 kB
Progress (1): 249/514 kB
Progress (2): 249/514 kB | 2.2/47 kB
Progress (2): 253/514 kB | 2.2/47 kB
Progress (2): 253/514 kB | 5.0/47 kB
Progress (2): 258/514 kB | 5.0/47 kB
Progress (2): 258/514 kB | 7.7/47 kB
Progress (2): 262/514 kB | 7.7/47 kB
Progress (2): 262/514 kB | 10/47 kB 
Progress (2): 262/514 kB | 13/47 kB
Progress (3): 262/514 kB | 13/47 kB | 2.2/38 kB
Progress (3): 262/514 kB | 13/47 kB | 5.0/38 kB
Progress (3): 262/514 kB | 13/47 kB | 7.7/38 kB
Progress (3): 266/514 kB | 13/47 kB | 7.7/38 kB
Progress (3): 266/514 kB | 13/47 kB | 10/38 kB 
Progress (3): 270/514 kB | 13/47 kB | 10/38 kB
Progress (3): 270/514 kB | 13/47 kB | 13/38 kB
Progress (3): 274/514 kB | 13/47 kB | 13/38 kB
Progress (3): 278/514 kB | 13/47 kB | 13/38 kB
Progress (4): 278/514 kB | 13/47 kB | 13/38 kB | 2.2/22 kB
Progress (4): 278/514 kB | 13/47 kB | 13/38 kB | 5.0/22 kB
Progress (4): 278/514 kB | 13/47 kB | 13/38 kB | 7.7/22 kB
Progress (4): 278/514 kB | 13/47 kB | 13/38 kB | 10/22 kB 
Progress (4): 278/514 kB | 13/47 kB | 13/38 kB | 13/22 kB
Progress (4): 282/514 kB | 13/47 kB | 13/38 kB | 13/22 kB
Progress (4): 286/514 kB | 13/47 kB | 13/38 kB | 13/22 kB
Progress (4): 290/514 kB | 13/47 kB | 13/38 kB | 13/22 kB
Progress (4): 294/514 kB | 13/47 kB | 13/38 kB | 13/22 kB
Progress (4): 298/514 kB | 13/47 kB | 13/38 kB | 13/22 kB
Progress (4): 303/514 kB | 13/47 kB | 13/38 kB | 13/22 kB
Progress (4): 307/514 kB | 13/47 kB | 13/38 kB | 13/22 kB
Progress (4): 311/514 kB | 13/47 kB | 13/38 kB | 13/22 kB
Progress (4): 315/514 kB | 13/47 kB | 13/38 kB | 13/22 kB
Progress (4): 319/514 kB | 13/47 kB | 13/38 kB | 13/22 kB
Progress (5): 319/514 kB | 13/47 kB | 13/38 kB | 13/22 kB | 2.2/38 kB
Progress (5): 323/514 kB | 13/47 kB | 13/38 kB | 13/22 kB | 2.2/38 kB
Progress (5): 323/514 kB | 13/47 kB | 13/38 kB | 13/22 kB | 5.0/38 kB
Progress (5): 327/514 kB | 13/47 kB | 13/38 kB | 13/22 kB | 5.0/38 kB
Progress (5): 327/514 kB | 13/47 kB | 13/38 kB | 13/22 kB | 7.7/38 kB
Progress (5): 327/514 kB | 13/47 kB | 13/38 kB | 13/22 kB | 10/38 kB 
Progress (5): 327/514 kB | 13/47 kB | 13/38 kB | 13/22 kB | 13/38 kB
Progress (5): 331/514 kB | 13/47 kB | 13/38 kB | 13/22 kB | 13/38 kB
Progress (5): 335/514 kB | 13/47 kB | 13/38 kB | 13/22 kB | 13/38 kB
Progress (5): 339/514 kB | 13/47 kB | 13/38 kB | 13/22 kB | 13/38 kB
Progress (5): 344/514 kB | 13/47 kB | 13/38 kB | 13/22 kB | 13/38 kB
Progress (5): 348/514 kB | 13/47 kB | 13/38 kB | 13/22 kB | 13/38 kB
Progress (5): 352/514 kB | 13/47 kB | 13/38 kB | 13/22 kB | 13/38 kB
Progress (5): 356/514 kB | 13/47 kB | 13/38 kB | 13/22 kB | 13/38 kB
Progress (5): 360/514 kB | 13/47 kB | 13/38 kB | 13/22 kB | 13/38 kB
Progress (5): 364/514 kB | 13/47 kB | 13/38 kB | 13/22 kB | 13/38 kB
Progress (5): 368/514 kB | 13/47 kB | 13/38 kB | 13/22 kB | 13/38 kB
Progress (5): 372/514 kB | 13/47 kB | 13/38 kB | 13/22 kB | 13/38 kB
Progress (5): 376/514 kB | 13/47 kB | 13/38 kB | 13/22 kB | 13/38 kB
Progress (5): 380/514 kB | 13/47 kB | 13/38 kB | 13/22 kB | 13/38 kB
Progress (5): 384/514 kB | 13/47 kB | 13/38 kB | 13/22 kB | 13/38 kB
Progress (5): 389/514 kB | 13/47 kB | 13/38 kB | 13/22 kB | 13/38 kB
Progress (5): 393/514 kB | 13/47 kB | 13/38 kB | 13/22 kB | 13/38 kB
Progress (5): 397/514 kB | 13/47 kB | 13/38 kB | 13/22 kB | 13/38 kB
Progress (5): 401/514 kB | 13/47 kB | 13/38 kB | 13/22 kB | 13/38 kB
Progress (5): 405/514 kB | 13/47 kB | 13/38 kB | 13/22 kB | 13/38 kB
Progress (5): 409/514 kB | 13/47 kB | 13/38 kB | 13/22 kB | 13/38 kB
Progress (5): 413/514 kB | 13/47 kB | 13/38 kB | 13/22 kB | 13/38 kB
Progress (5): 417/514 kB | 13/47 kB | 13/38 kB | 13/22 kB | 13/38 kB
Progress (5): 421/514 kB | 13/47 kB | 13/38 kB | 13/22 kB | 13/38 kB
Progress (5): 425/514 kB | 13/47 kB | 13/38 kB | 13/22 kB | 13/38 kB
Progress (5): 430/514 kB | 13/47 kB | 13/38 kB | 13/22 kB | 13/38 kB
Progress (5): 434/514 kB | 13/47 kB | 13/38 kB | 13/22 kB | 13/38 kB
Progress (5): 438/514 kB | 13/47 kB | 13/38 kB | 13/22 kB | 13/38 kB
Progress (5): 442/514 kB | 13/47 kB | 13/38 kB | 13/22 kB | 13/38 kB
Progress (5): 446/514 kB | 13/47 kB | 13/38 kB | 13/22 kB | 13/38 kB
Progress (5): 450/514 kB | 13/47 kB | 13/38 kB | 13/22 kB | 13/38 kB
Progress (5): 454/514 kB | 13/47 kB | 13/38 kB | 13/22 kB | 13/38 kB
Progress (5): 458/514 kB | 13/47 kB | 13/38 kB | 13/22 kB | 13/38 kB
Progress (5): 462/514 kB | 13/47 kB | 13/38 kB | 13/22 kB | 13/38 kB
Progress (5): 466/514 kB | 13/47 kB | 13/38 kB | 13/22 kB | 13/38 kB
Progress (5): 471/514 kB | 13/47 kB | 13/38 kB | 13/22 kB | 13/38 kB
Progress (5): 475/514 kB | 13/47 kB | 13/38 kB | 13/22 kB | 13/38 kB
Progress (5): 479/514 kB | 13/47 kB | 13/38 kB | 13/22 kB | 13/38 kB
Progress (5): 483/514 kB | 13/47 kB | 13/38 kB | 13/22 kB | 13/38 kB
Progress (5): 487/514 kB | 13/47 kB | 13/38 kB | 13/22 kB | 13/38 kB
Progress (5): 491/514 kB | 13/47 kB | 13/38 kB | 13/22 kB | 13/38 kB
Progress (5): 495/514 kB | 13/47 kB | 13/38 kB | 13/22 kB | 13/38 kB
Progress (5): 499/514 kB | 13/47 kB | 13/38 kB | 13/22 kB | 13/38 kB
Progress (5): 503/514 kB | 13/47 kB | 13/38 kB | 13/22 kB | 13/38 kB
Progress (5): 507/514 kB | 13/47 kB | 13/38 kB | 13/22 kB | 13/38 kB
Progress (5): 511/514 kB | 13/47 kB | 13/38 kB | 13/22 kB | 13/38 kB
Progress (5): 514 kB | 13/47 kB | 13/38 kB | 13/22 kB | 13/38 kB    
Progress (5): 514 kB | 16/47 kB | 13/38 kB | 13/22 kB | 13/38 kB
Progress (5): 514 kB | 19/47 kB | 13/38 kB | 13/22 kB | 13/38 kB
Progress (5): 514 kB | 19/47 kB | 16/38 kB | 13/22 kB | 13/38 kB
Progress (5): 514 kB | 19/47 kB | 16/38 kB | 16/22 kB | 13/38 kB
Progress (5): 514 kB | 19/47 kB | 19/38 kB | 16/22 kB | 13/38 kB
Progress (5): 514 kB | 19/47 kB | 19/38 kB | 19/22 kB | 13/38 kB
Progress (5): 514 kB | 21/47 kB | 19/38 kB | 19/22 kB | 13/38 kB
Progress (5): 514 kB | 24/47 kB | 19/38 kB | 19/22 kB | 13/38 kB
Progress (5): 514 kB | 24/47 kB | 19/38 kB | 19/22 kB | 16/38 kB
Progress (5): 514 kB | 24/47 kB | 21/38 kB | 19/22 kB | 16/38 kB
Progress (5): 514 kB | 24/47 kB | 21/38 kB | 21/22 kB | 16/38 kB
Progress (5): 514 kB | 24/47 kB | 21/38 kB | 22 kB | 16/38 kB   
Progress (5): 514 kB | 27/47 kB | 21/38 kB | 22 kB | 16/38 kB
Progress (5): 514 kB | 27/47 kB | 24/38 kB | 22 kB | 16/38 kB
Progress (5): 514 kB | 30/47 kB | 24/38 kB | 22 kB | 16/38 kB
Progress (5): 514 kB | 30/47 kB | 24/38 kB | 22 kB | 19/38 kB
Progress (5): 514 kB | 30/47 kB | 27/38 kB | 22 kB | 19/38 kB
Progress (5): 514 kB | 32/47 kB | 27/38 kB | 22 kB | 19/38 kB
Progress (5): 514 kB | 32/47 kB | 27/38 kB | 22 kB | 21/38 kB
Progress (5): 514 kB | 32/47 kB | 30/38 kB | 22 kB | 21/38 kB
Progress (5): 514 kB | 32/47 kB | 30/38 kB | 22 kB | 24/38 kB
Progress (5): 514 kB | 32/47 kB | 32/38 kB | 22 kB | 24/38 kB
Progress (5): 514 kB | 32/47 kB | 32/38 kB | 22 kB | 27/38 kB
Progress (5): 514 kB | 32/47 kB | 35/38 kB | 22 kB | 27/38 kB
                                                             
Downloaded from central: https://repo.maven.apache.org/maven2/net/sourceforge/cobertura/cobertura/2.0.3/cobertura-2.0.3.jar (514 kB at 616 kB/s)
Progress (4): 32/47 kB | 35/38 kB | 22 kB | 30/38 kB
                                                    
Downloading from central: https://repo.maven.apache.org/maven2/org/ow2/asm/asm-analysis/4.1/asm-analysis-4.1.jar
Progress (4): 32/47 kB | 35/38 kB | 22 kB | 32/38 kB
Progress (4): 32/47 kB | 35/38 kB | 22 kB | 35/38 kB
Progress (4): 32/47 kB | 35/38 kB | 22 kB | 38 kB   
Progress (4): 32/47 kB | 38/38 kB | 22 kB | 38 kB
Progress (4): 32/47 kB | 38 kB | 22 kB | 38 kB   
Progress (4): 36/47 kB | 38 kB | 22 kB | 38 kB
Progress (4): 40/47 kB | 38 kB | 22 kB | 38 kB
Progress (4): 45/47 kB | 38 kB | 22 kB | 38 kB
Progress (4): 47 kB | 38 kB | 22 kB | 38 kB   
                                           
Downloaded from central: https://repo.maven.apache.org/maven2/org/ow2/asm/asm-tree/4.1/asm-tree-4.1.jar (22 kB at 23 kB/s)
Downloading from central: https://repo.maven.apache.org/maven2/jaxen/jaxen/1.1-beta-8/jaxen-1.1-beta-8.jar
Progress (4): 47 kB | 38 kB | 38 kB | 4.1/20 kB
Progress (4): 47 kB | 38 kB | 38 kB | 7.7/20 kB
Progress (4): 47 kB | 38 kB | 38 kB | 12/20 kB 
Progress (4): 47 kB | 38 kB | 38 kB | 16/20 kB
Progress (4): 47 kB | 38 kB | 38 kB | 20 kB   
                                           
Downloaded from central: https://repo.maven.apache.org/maven2/org/ow2/asm/asm-util/4.1/asm-util-4.1.jar (38 kB at 35 kB/s)
Downloading from central: https://repo.maven.apache.org/maven2/xerces/xercesImpl/2.6.2/xercesImpl-2.6.2.jar
Downloaded from central: https://repo.maven.apache.org/maven2/org/ow2/asm/asm/4.1/asm-4.1.jar (47 kB at 43 kB/s)
Downloading from central: https://repo.maven.apache.org/maven2/xom/xom/1.0b3/xom-1.0b3.jar
Downloaded from central: https://repo.maven.apache.org/maven2/org/ow2/asm/asm-commons/4.1/asm-commons-4.1.jar (38 kB at 35 kB/s)
Downloading from central: https://repo.maven.apache.org/maven2/org/ccil/cowan/tagsoup/tagsoup/0.9.7/tagsoup-0.9.7.jar
Progress (2): 20 kB | 2.2/232 kB
Progress (2): 20 kB | 5.0/232 kB
Progress (2): 20 kB | 7.7/232 kB
Progress (2): 20 kB | 10/232 kB 
Progress (2): 20 kB | 13/232 kB
Progress (2): 20 kB | 16/232 kB
Progress (2): 20 kB | 19/232 kB
Progress (2): 20 kB | 21/232 kB
                               
Downloaded from central: https://repo.maven.apache.org/maven2/org/ow2/asm/asm-analysis/4.1/asm-analysis-4.1.jar (20 kB at 17 kB/s)
Downloading from central: https://repo.maven.apache.org/maven2/org/apache/ant/ant/1.8.3/ant-1.8.3.jar
Progress (1): 24/232 kB
Progress (1): 27/232 kB
Progress (1): 30/232 kB
Progress (1): 32/232 kB
Progress (2): 32/232 kB | 0/1.0 MB
Progress (2): 32/232 kB | 0/1.0 MB
Progress (2): 32/232 kB | 0/1.0 MB
Progress (2): 32/232 kB | 0/1.0 MB
Progress (2): 32/232 kB | 0/1.0 MB
Progress (2): 32/232 kB | 0/1.0 MB
Progress (3): 32/232 kB | 0/1.0 MB | 2.2/104 kB
Progress (3): 32/232 kB | 0/1.0 MB | 5.0/104 kB
Progress (3): 32/232 kB | 0/1.0 MB | 5.0/104 kB
Progress (3): 32/232 kB | 0/1.0 MB | 7.7/104 kB
Progress (3): 32/232 kB | 0/1.0 MB | 7.7/104 kB
Progress (3): 32/232 kB | 0/1.0 MB | 10/104 kB 
Progress (3): 32/232 kB | 0/1.0 MB | 10/104 kB
Progress (3): 32/232 kB | 0/1.0 MB | 13/104 kB
Progress (3): 32/232 kB | 0/1.0 MB | 13/104 kB
Progress (3): 32/232 kB | 0/1.0 MB | 16/104 kB
Progress (4): 32/232 kB | 0/1.0 MB | 16/104 kB | 4.1/38 kB
Progress (4): 32/232 kB | 0/1.0 MB | 16/104 kB | 7.7/38 kB
Progress (4): 32/232 kB | 0/1.0 MB | 16/104 kB | 12/38 kB 
Progress (4): 32/232 kB | 0/1.0 MB | 16/104 kB | 16/38 kB
Progress (4): 32/232 kB | 0/1.0 MB | 16/104 kB | 16/38 kB
Progress (4): 32/232 kB | 0/1.0 MB | 19/104 kB | 16/38 kB
Progress (4): 32/232 kB | 0/1.0 MB | 19/104 kB | 16/38 kB
Progress (4): 32/232 kB | 0/1.0 MB | 21/104 kB | 16/38 kB
Progress (4): 32/232 kB | 0/1.0 MB | 24/104 kB | 16/38 kB
Progress (4): 32/232 kB | 0/1.0 MB | 27/104 kB | 16/38 kB
Progress (4): 32/232 kB | 0/1.0 MB | 30/104 kB | 16/38 kB
Progress (4): 32/232 kB | 0/1.0 MB | 30/104 kB | 20/38 kB
Progress (4): 32/232 kB | 0/1.0 MB | 30/104 kB | 24/38 kB
Progress (4): 32/232 kB | 0/1.0 MB | 30/104 kB | 28/38 kB
Progress (4): 32/232 kB | 0/1.0 MB | 30/104 kB | 32/38 kB
Progress (4): 32/232 kB | 0/1.0 MB | 32/104 kB | 32/38 kB
Progress (4): 32/232 kB | 0/1.0 MB | 32/104 kB | 36/38 kB
Progress (4): 32/232 kB | 0/1.0 MB | 32/104 kB | 38 kB   
Progress (4): 36/232 kB | 0/1.0 MB | 32/104 kB | 38 kB
Progress (4): 40/232 kB | 0/1.0 MB | 32/104 kB | 38 kB
Progress (4): 45/232 kB | 0/1.0 MB | 32/104 kB | 38 kB
Progress (4): 49/232 kB | 0/1.0 MB | 32/104 kB | 38 kB
Progress (5): 49/232 kB | 0/1.0 MB | 32/104 kB | 38 kB | 0/1.9 MB
Progress (5): 49/232 kB | 0/1.0 MB | 32/104 kB | 38 kB | 0/1.9 MB
Progress (5): 53/232 kB | 0/1.0 MB | 32/104 kB | 38 kB | 0/1.9 MB
Progress (5): 53/232 kB | 0/1.0 MB | 32/104 kB | 38 kB | 0/1.9 MB
Progress (5): 57/232 kB | 0/1.0 MB | 32/104 kB | 38 kB | 0/1.9 MB
Progress (5): 57/232 kB | 0/1.0 MB | 32/104 kB | 38 kB | 0/1.9 MB
Progress (5): 61/232 kB | 0/1.0 MB | 32/104 kB | 38 kB | 0/1.9 MB
Progress (5): 65/232 kB | 0/1.0 MB | 32/104 kB | 38 kB | 0/1.9 MB
Progress (5): 65/232 kB | 0/1.0 MB | 32/104 kB | 38 kB | 0/1.9 MB
Progress (5): 65/232 kB | 0/1.0 MB | 32/104 kB | 38 kB | 0/1.9 MB
Progress (5): 65/232 kB | 0/1.0 MB | 32/104 kB | 38 kB | 0/1.9 MB
Progress (5): 65/232 kB | 0/1.0 MB | 32/104 kB | 38 kB | 0/1.9 MB
Progress (5): 65/232 kB | 0/1.0 MB | 32/104 kB | 38 kB | 0/1.9 MB
Progress (5): 65/232 kB | 0/1.0 MB | 32/104 kB | 38 kB | 0/1.9 MB
Progress (5): 65/232 kB | 0/1.0 MB | 32/104 kB | 38 kB | 0/1.9 MB
Progress (5): 65/232 kB | 0/1.0 MB | 32/104 kB | 38 kB | 0/1.9 MB
Progress (5): 65/232 kB | 0/1.0 MB | 32/104 kB | 38 kB | 0.1/1.9 MB
Progress (5): 65/232 kB | 0/1.0 MB | 32/104 kB | 38 kB | 0.1/1.9 MB
Progress (5): 65/232 kB | 0/1.0 MB | 32/104 kB | 38 kB | 0.1/1.9 MB
Progress (5): 65/232 kB | 0/1.0 MB | 32/104 kB | 38 kB | 0.1/1.9 MB
Progress (5): 65/232 kB | 0/1.0 MB | 32/104 kB | 38 kB | 0.1/1.9 MB
Progress (5): 65/232 kB | 0/1.0 MB | 32/104 kB | 38 kB | 0.1/1.9 MB
Progress (5): 65/232 kB | 0/1.0 MB | 32/104 kB | 38 kB | 0.1/1.9 MB
Progress (5): 65/232 kB | 0/1.0 MB | 32/104 kB | 38 kB | 0.1/1.9 MB
Progress (5): 65/232 kB | 0/1.0 MB | 32/104 kB | 38 kB | 0.1/1.9 MB
Progress (5): 65/232 kB | 0/1.0 MB | 32/104 kB | 38 kB | 0.1/1.9 MB
Progress (5): 65/232 kB | 0/1.0 MB | 32/104 kB | 38 kB | 0.1/1.9 MB
Progress (5): 65/232 kB | 0/1.0 MB | 32/104 kB | 38 kB | 0.1/1.9 MB
Progress (5): 65/232 kB | 0/1.0 MB | 32/104 kB | 38 kB | 0.1/1.9 MB
Progress (5): 65/232 kB | 0/1.0 MB | 32/104 kB | 38 kB | 0.1/1.9 MB
Progress (5): 65/232 kB | 0/1.0 MB | 32/104 kB | 38 kB | 0.1/1.9 MB
Progress (5): 65/232 kB | 0/1.0 MB | 32/104 kB | 38 kB | 0.1/1.9 MB
Progress (5): 65/232 kB | 0/1.0 MB | 32/104 kB | 38 kB | 0.1/1.9 MB
Progress (5): 65/232 kB | 0/1.0 MB | 32/104 kB | 38 kB | 0.1/1.9 MB
Progress (5): 65/232 kB | 0/1.0 MB | 32/104 kB | 38 kB | 0.1/1.9 MB
Progress (5): 65/232 kB | 0/1.0 MB | 32/104 kB | 38 kB | 0.1/1.9 MB
Progress (5): 65/232 kB | 0/1.0 MB | 32/104 kB | 38 kB | 0.1/1.9 MB
Progress (5): 65/232 kB | 0/1.0 MB | 32/104 kB | 38 kB | 0.1/1.9 MB
Progress (5): 65/232 kB | 0/1.0 MB | 32/104 kB | 38 kB | 0.1/1.9 MB
Progress (5): 65/232 kB | 0/1.0 MB | 32/104 kB | 38 kB | 0.1/1.9 MB
Progress (5): 65/232 kB | 0/1.0 MB | 32/104 kB | 38 kB | 0.2/1.9 MB
Progress (5): 65/232 kB | 0/1.0 MB | 32/104 kB | 38 kB | 0.2/1.9 MB
Progress (5): 65/232 kB | 0/1.0 MB | 32/104 kB | 38 kB | 0.2/1.9 MB
Progress (5): 65/232 kB | 0/1.0 MB | 32/104 kB | 38 kB | 0.2/1.9 MB
Progress (5): 65/232 kB | 0/1.0 MB | 32/104 kB | 38 kB | 0.2/1.9 MB
Progress (5): 65/232 kB | 0/1.0 MB | 32/104 kB | 38 kB | 0.2/1.9 MB
Progress (5): 65/232 kB | 0/1.0 MB | 32/104 kB | 38 kB | 0.2/1.9 MB
Progress (5): 65/232 kB | 0/1.0 MB | 32/104 kB | 38 kB | 0.2/1.9 MB
Progress (5): 69/232 kB | 0/1.0 MB | 32/104 kB | 38 kB | 0.2/1.9 MB
Progress (5): 73/232 kB | 0/1.0 MB | 32/104 kB | 38 kB | 0.2/1.9 MB
Progress (5): 73/232 kB | 0/1.0 MB | 32/104 kB | 38 kB | 0.2/1.9 MB
Progress (5): 77/232 kB | 0/1.0 MB | 32/104 kB | 38 kB | 0.2/1.9 MB
Progress (5): 77/232 kB | 0/1.0 MB | 32/104 kB | 38 kB | 0.2/1.9 MB
Progress (5): 81/232 kB | 0/1.0 MB | 32/104 kB | 38 kB | 0.2/1.9 MB
Progress (5): 81/232 kB | 0/1.0 MB | 32/104 kB | 38 kB | 0.2/1.9 MB
Progress (5): 81/232 kB | 0/1.0 MB | 32/104 kB | 38 kB | 0.2/1.9 MB
Progress (5): 81/232 kB | 0/1.0 MB | 32/104 kB | 38 kB | 0.2/1.9 MB
Progress (5): 81/232 kB | 0/1.0 MB | 32/104 kB | 38 kB | 0.2/1.9 MB
Progress (5): 81/232 kB | 0/1.0 MB | 32/104 kB | 38 kB | 0.2/1.9 MB
Progress (5): 81/232 kB | 0/1.0 MB | 32/104 kB | 38 kB | 0.2/1.9 MB
Progress (5): 81/232 kB | 0/1.0 MB | 32/104 kB | 38 kB | 0.2/1.9 MB
Progress (5): 81/232 kB | 0/1.0 MB | 32/104 kB | 38 kB | 0.2/1.9 MB
Progress (5): 81/232 kB | 0/1.0 MB | 32/104 kB | 38 kB | 0.2/1.9 MB
Progress (5): 81/232 kB | 0/1.0 MB | 32/104 kB | 38 kB | 0.2/1.9 MB
Progress (5): 81/232 kB | 0/1.0 MB | 32/104 kB | 38 kB | 0.2/1.9 MB
Progress (5): 81/232 kB | 0/1.0 MB | 32/104 kB | 38 kB | 0.2/1.9 MB
Progress (5): 81/232 kB | 0/1.0 MB | 32/104 kB | 38 kB | 0.2/1.9 MB
Progress (5): 81/232 kB | 0/1.0 MB | 32/104 kB | 38 kB | 0.2/1.9 MB
Progress (5): 81/232 kB | 0/1.0 MB | 32/104 kB | 38 kB | 0.2/1.9 MB
Progress (5): 81/232 kB | 0/1.0 MB | 32/104 kB | 38 kB | 0.3/1.9 MB
Progress (5): 81/232 kB | 0/1.0 MB | 32/104 kB | 38 kB | 0.3/1.9 MB
Progress (5): 81/232 kB | 0/1.0 MB | 32/104 kB | 38 kB | 0.3/1.9 MB
Progress (5): 81/232 kB | 0/1.0 MB | 32/104 kB | 38 kB | 0.3/1.9 MB
Progress (5): 81/232 kB | 0/1.0 MB | 32/104 kB | 38 kB | 0.3/1.9 MB
Progress (5): 81/232 kB | 0/1.0 MB | 32/104 kB | 38 kB | 0.3/1.9 MB
Progress (5): 81/232 kB | 0/1.0 MB | 32/104 kB | 38 kB | 0.3/1.9 MB
Progress (5): 81/232 kB | 0/1.0 MB | 32/104 kB | 38 kB | 0.3/1.9 MB
Progress (5): 81/232 kB | 0/1.0 MB | 32/104 kB | 38 kB | 0.3/1.9 MB
Progress (5): 81/232 kB | 0/1.0 MB | 32/104 kB | 38 kB | 0.3/1.9 MB
Progress (5): 81/232 kB | 0/1.0 MB | 32/104 kB | 38 kB | 0.3/1.9 MB
Progress (5): 81/232 kB | 0/1.0 MB | 32/104 kB | 38 kB | 0.3/1.9 MB
Progress (5): 81/232 kB | 0/1.0 MB | 32/104 kB | 38 kB | 0.3/1.9 MB
Progress (5): 81/232 kB | 0/1.0 MB | 32/104 kB | 38 kB | 0.3/1.9 MB
Progress (5): 81/232 kB | 0/1.0 MB | 32/104 kB | 38 kB | 0.3/1.9 MB
Progress (5): 85/232 kB | 0/1.0 MB | 32/104 kB | 38 kB | 0.3/1.9 MB
Progress (5): 90/232 kB | 0/1.0 MB | 32/104 kB | 38 kB | 0.3/1.9 MB
Progress (5): 90/232 kB | 0/1.0 MB | 32/104 kB | 38 kB | 0.3/1.9 MB
Progress (5): 94/232 kB | 0/1.0 MB | 32/104 kB | 38 kB | 0.3/1.9 MB
Progress (5): 94/232 kB | 0/1.0 MB | 32/104 kB | 38 kB | 0.3/1.9 MB
Progress (5): 98/232 kB | 0/1.0 MB | 32/104 kB | 38 kB | 0.3/1.9 MB
Progress (5): 98/232 kB | 0/1.0 MB | 32/104 kB | 38 kB | 0.3/1.9 MB
Progress (5): 98/232 kB | 0/1.0 MB | 32/104 kB | 38 kB | 0.3/1.9 MB
Progress (5): 98/232 kB | 0/1.0 MB | 32/104 kB | 38 kB | 0.3/1.9 MB
Progress (5): 98/232 kB | 0/1.0 MB | 32/104 kB | 38 kB | 0.3/1.9 MB
Progress (5): 98/232 kB | 0/1.0 MB | 32/104 kB | 38 kB | 0.3/1.9 MB
Progress (5): 98/232 kB | 0/1.0 MB | 32/104 kB | 38 kB | 0.3/1.9 MB
Progress (5): 98/232 kB | 0/1.0 MB | 32/104 kB | 38 kB | 0.3/1.9 MB
Progress (5): 98/232 kB | 0/1.0 MB | 32/104 kB | 38 kB | 0.4/1.9 MB
Progress (5): 98/232 kB | 0/1.0 MB | 32/104 kB | 38 kB | 0.4/1.9 MB
Progress (5): 98/232 kB | 0/1.0 MB | 32/104 kB | 38 kB | 0.4/1.9 MB
Progress (5): 98/232 kB | 0/1.0 MB | 32/104 kB | 38 kB | 0.4/1.9 MB
Progress (5): 98/232 kB | 0/1.0 MB | 32/104 kB | 38 kB | 0.4/1.9 MB
Progress (5): 98/232 kB | 0/1.0 MB | 32/104 kB | 38 kB | 0.4/1.9 MB
Progress (5): 98/232 kB | 0/1.0 MB | 32/104 kB | 38 kB | 0.4/1.9 MB
Progress (5): 98/232 kB | 0/1.0 MB | 32/104 kB | 38 kB | 0.4/1.9 MB
Progress (5): 98/232 kB | 0/1.0 MB | 32/104 kB | 38 kB | 0.4/1.9 MB
Progress (5): 98/232 kB | 0/1.0 MB | 32/104 kB | 38 kB | 0.4/1.9 MB
Progress (5): 98/232 kB | 0/1.0 MB | 32/104 kB | 38 kB | 0.4/1.9 MB
Progress (5): 98/232 kB | 0/1.0 MB | 32/104 kB | 38 kB | 0.4/1.9 MB
Progress (5): 98/232 kB | 0/1.0 MB | 32/104 kB | 38 kB | 0.4/1.9 MB
Progress (5): 98/232 kB | 0/1.0 MB | 32/104 kB | 38 kB | 0.4/1.9 MB
Progress (5): 98/232 kB | 0/1.0 MB | 32/104 kB | 38 kB | 0.4/1.9 MB
Progress (5): 98/232 kB | 0/1.0 MB | 32/104 kB | 38 kB | 0.4/1.9 MB
Progress (5): 98/232 kB | 0/1.0 MB | 32/104 kB | 38 kB | 0.4/1.9 MB
Progress (5): 98/232 kB | 0/1.0 MB | 32/104 kB | 38 kB | 0.4/1.9 MB
Progress (5): 98/232 kB | 0/1.0 MB | 32/104 kB | 38 kB | 0.4/1.9 MB
Progress (5): 98/232 kB | 0/1.0 MB | 32/104 kB | 38 kB | 0.4/1.9 MB
Progress (5): 98/232 kB | 0/1.0 MB | 32/104 kB | 38 kB | 0.4/1.9 MB
Progress (5): 98/232 kB | 0/1.0 MB | 32/104 kB | 38 kB | 0.4/1.9 MB
Progress (5): 98/232 kB | 0/1.0 MB | 32/104 kB | 38 kB | 0.4/1.9 MB
Progress (5): 98/232 kB | 0/1.0 MB | 32/104 kB | 38 kB | 0.4/1.9 MB
Progress (5): 98/232 kB | 0/1.0 MB | 32/104 kB | 38 kB | 0.4/1.9 MB
Progress (5): 98/232 kB | 0/1.0 MB | 32/104 kB | 38 kB | 0.4/1.9 MB
Progress (5): 98/232 kB | 0/1.0 MB | 32/104 kB | 38 kB | 0.4/1.9 MB
Progress (5): 98/232 kB | 0/1.0 MB | 32/104 kB | 38 kB | 0.4/1.9 MB
Progress (5): 98/232 kB | 0/1.0 MB | 32/104 kB | 38 kB | 0.5/1.9 MB
Progress (5): 98/232 kB | 0/1.0 MB | 32/104 kB | 38 kB | 0.5/1.9 MB
Progress (5): 98/232 kB | 0/1.0 MB | 32/104 kB | 38 kB | 0.5/1.9 MB
Progress (5): 98/232 kB | 0/1.0 MB | 32/104 kB | 38 kB | 0.5/1.9 MB
Progress (5): 98/232 kB | 0/1.0 MB | 32/104 kB | 38 kB | 0.5/1.9 MB
Progress (5): 98/232 kB | 0/1.0 MB | 32/104 kB | 38 kB | 0.5/1.9 MB
Progress (5): 98/232 kB | 0/1.0 MB | 32/104 kB | 38 kB | 0.5/1.9 MB
Progress (5): 98/232 kB | 0/1.0 MB | 32/104 kB | 38 kB | 0.5/1.9 MB
Progress (5): 98/232 kB | 0/1.0 MB | 32/104 kB | 38 kB | 0.5/1.9 MB
Progress (5): 98/232 kB | 0/1.0 MB | 32/104 kB | 38 kB | 0.5/1.9 MB
Progress (5): 98/232 kB | 0/1.0 MB | 32/104 kB | 38 kB | 0.5/1.9 MB
Progress (5): 98/232 kB | 0/1.0 MB | 32/104 kB | 38 kB | 0.5/1.9 MB
Progress (5): 98/232 kB | 0/1.0 MB | 32/104 kB | 38 kB | 0.5/1.9 MB
Progress (5): 98/232 kB | 0/1.0 MB | 32/104 kB | 38 kB | 0.5/1.9 MB
Progress (5): 98/232 kB | 0/1.0 MB | 36/104 kB | 38 kB | 0.5/1.9 MB
Progress (5): 98/232 kB | 0/1.0 MB | 36/104 kB | 38 kB | 0.5/1.9 MB
Progress (5): 98/232 kB | 0/1.0 MB | 40/104 kB | 38 kB | 0.5/1.9 MB
Progress (5): 98/232 kB | 0/1.0 MB | 45/104 kB | 38 kB | 0.5/1.9 MB
Progress (5): 98/232 kB | 0/1.0 MB | 49/104 kB | 38 kB | 0.5/1.9 MB
Progress (5): 98/232 kB | 0/1.0 MB | 49/104 kB | 38 kB | 0.5/1.9 MB
Progress (5): 98/232 kB | 0/1.0 MB | 49/104 kB | 38 kB | 0.5/1.9 MB
Progress (5): 98/232 kB | 0/1.0 MB | 49/104 kB | 38 kB | 0.5/1.9 MB
Progress (5): 98/232 kB | 0/1.0 MB | 49/104 kB | 38 kB | 0.5/1.9 MB
Progress (5): 98/232 kB | 0/1.0 MB | 49/104 kB | 38 kB | 0.5/1.9 MB
Progress (5): 98/232 kB | 0/1.0 MB | 49/104 kB | 38 kB | 0.5/1.9 MB
Progress (5): 98/232 kB | 0/1.0 MB | 49/104 kB | 38 kB | 0.5/1.9 MB
Progress (5): 98/232 kB | 0/1.0 MB | 49/104 kB | 38 kB | 0.5/1.9 MB
Progress (5): 98/232 kB | 0.1/1.0 MB | 49/104 kB | 38 kB | 0.5/1.9 MB
Progress (5): 98/232 kB | 0.1/1.0 MB | 49/104 kB | 38 kB | 0.5/1.9 MB
Progress (5): 98/232 kB | 0.1/1.0 MB | 49/104 kB | 38 kB | 0.5/1.9 MB
Progress (5): 98/232 kB | 0.1/1.0 MB | 49/104 kB | 38 kB | 0.5/1.9 MB
Progress (5): 98/232 kB | 0.1/1.0 MB | 49/104 kB | 38 kB | 0.5/1.9 MB
Progress (5): 98/232 kB | 0.1/1.0 MB | 49/104 kB | 38 kB | 0.5/1.9 MB
Progress (5): 98/232 kB | 0.1/1.0 MB | 49/104 kB | 38 kB | 0.6/1.9 MB
Progress (5): 98/232 kB | 0.1/1.0 MB | 49/104 kB | 38 kB | 0.6/1.9 MB
Progress (5): 98/232 kB | 0.1/1.0 MB | 53/104 kB | 38 kB | 0.6/1.9 MB
Progress (5): 98/232 kB | 0.1/1.0 MB | 57/104 kB | 38 kB | 0.6/1.9 MB
Progress (5): 98/232 kB | 0.1/1.0 MB | 61/104 kB | 38 kB | 0.6/1.9 MB
Progress (5): 98/232 kB | 0.1/1.0 MB | 65/104 kB | 38 kB | 0.6/1.9 MB
Progress (5): 98/232 kB | 0.1/1.0 MB | 65/104 kB | 38 kB | 0.6/1.9 MB
Progress (5): 98/232 kB | 0.1/1.0 MB | 65/104 kB | 38 kB | 0.6/1.9 MB
Progress (5): 98/232 kB | 0.1/1.0 MB | 65/104 kB | 38 kB | 0.6/1.9 MB
Progress (5): 98/232 kB | 0.1/1.0 MB | 65/104 kB | 38 kB | 0.6/1.9 MB
Progress (5): 98/232 kB | 0.1/1.0 MB | 69/104 kB | 38 kB | 0.6/1.9 MB
Progress (5): 98/232 kB | 0.1/1.0 MB | 73/104 kB | 38 kB | 0.6/1.9 MB
Progress (5): 98/232 kB | 0.1/1.0 MB | 77/104 kB | 38 kB | 0.6/1.9 MB
Progress (5): 98/232 kB | 0.1/1.0 MB | 81/104 kB | 38 kB | 0.6/1.9 MB
Progress (5): 98/232 kB | 0.1/1.0 MB | 81/104 kB | 38 kB | 0.6/1.9 MB
Progress (5): 98/232 kB | 0.1/1.0 MB | 81/104 kB | 38 kB | 0.6/1.9 MB
Progress (5): 98/232 kB | 0.1/1.0 MB | 81/104 kB | 38 kB | 0.6/1.9 MB
Progress (5): 98/232 kB | 0.1/1.0 MB | 81/104 kB | 38 kB | 0.6/1.9 MB
Progress (5): 102/232 kB | 0.1/1.0 MB | 81/104 kB | 38 kB | 0.6/1.9 MB
Progress (5): 106/232 kB | 0.1/1.0 MB | 81/104 kB | 38 kB | 0.6/1.9 MB
Progress (5): 110/232 kB | 0.1/1.0 MB | 81/104 kB | 38 kB | 0.6/1.9 MB
Progress (5): 114/232 kB | 0.1/1.0 MB | 81/104 kB | 38 kB | 0.6/1.9 MB
                                                                      
Downloaded from central: https://repo.maven.apache.org/maven2/org/ccil/cowan/tagsoup/tagsoup/0.9.7/tagsoup-0.9.7.jar (38 kB at 25 kB/s)
Downloading from central: https://repo.maven.apache.org/maven2/org/apache/ant/ant-launcher/1.8.3/ant-launcher-1.8.3.jar
Progress (4): 114/232 kB | 0.1/1.0 MB | 85/104 kB | 0.6/1.9 MB
Progress (4): 114/232 kB | 0.1/1.0 MB | 90/104 kB | 0.6/1.9 MB
Progress (4): 114/232 kB | 0.1/1.0 MB | 94/104 kB | 0.6/1.9 MB
Progress (4): 114/232 kB | 0.1/1.0 MB | 98/104 kB | 0.6/1.9 MB
Progress (4): 114/232 kB | 0.1/1.0 MB | 98/104 kB | 0.6/1.9 MB
Progress (4): 114/232 kB | 0.1/1.0 MB | 98/104 kB | 0.6/1.9 MB
Progress (4): 114/232 kB | 0.1/1.0 MB | 98/104 kB | 0.6/1.9 MB
Progress (4): 114/232 kB | 0.1/1.0 MB | 98/104 kB | 0.6/1.9 MB
Progress (4): 114/232 kB | 0.1/1.0 MB | 102/104 kB | 0.6/1.9 MB
Progress (4): 114/232 kB | 0.1/1.0 MB | 104 kB | 0.6/1.9 MB    
Progress (4): 118/232 kB | 0.1/1.0 MB | 104 kB | 0.6/1.9 MB
Progress (4): 122/232 kB | 0.1/1.0 MB | 104 kB | 0.6/1.9 MB
Progress (4): 126/232 kB | 0.1/1.0 MB | 104 kB | 0.6/1.9 MB
Progress (4): 131/232 kB | 0.1/1.0 MB | 104 kB | 0.6/1.9 MB
Progress (4): 131/232 kB | 0.1/1.0 MB | 104 kB | 0.6/1.9 MB
Progress (4): 131/232 kB | 0.1/1.0 MB | 104 kB | 0.6/1.9 MB
Progress (4): 131/232 kB | 0.1/1.0 MB | 104 kB | 0.6/1.9 MB
Progress (4): 131/232 kB | 0.1/1.0 MB | 104 kB | 0.6/1.9 MB
Progress (4): 131/232 kB | 0.1/1.0 MB | 104 kB | 0.6/1.9 MB
Progress (4): 131/232 kB | 0.1/1.0 MB | 104 kB | 0.6/1.9 MB
Progress (4): 131/232 kB | 0.1/1.0 MB | 104 kB | 0.6/1.9 MB
Progress (4): 131/232 kB | 0.1/1.0 MB | 104 kB | 0.6/1.9 MB
Progress (4): 131/232 kB | 0.1/1.0 MB | 104 kB | 0.6/1.9 MB
Progress (4): 131/232 kB | 0.1/1.0 MB | 104 kB | 0.6/1.9 MB
Progress (4): 131/232 kB | 0.1/1.0 MB | 104 kB | 0.6/1.9 MB
Progress (4): 131/232 kB | 0.1/1.0 MB | 104 kB | 0.6/1.9 MB
Progress (4): 135/232 kB | 0.1/1.0 MB | 104 kB | 0.6/1.9 MB
Progress (4): 139/232 kB | 0.1/1.0 MB | 104 kB | 0.6/1.9 MB
Progress (4): 143/232 kB | 0.1/1.0 MB | 104 kB | 0.6/1.9 MB
Progress (4): 147/232 kB | 0.1/1.0 MB | 104 kB | 0.6/1.9 MB
Progress (4): 147/232 kB | 0.1/1.0 MB | 104 kB | 0.6/1.9 MB
Progress (4): 147/232 kB | 0.1/1.0 MB | 104 kB | 0.6/1.9 MB
Progress (4): 147/232 kB | 0.1/1.0 MB | 104 kB | 0.6/1.9 MB
Progress (4): 147/232 kB | 0.1/1.0 MB | 104 kB | 0.6/1.9 MB
Progress (4): 147/232 kB | 0.1/1.0 MB | 104 kB | 0.6/1.9 MB
Progress (4): 147/232 kB | 0.1/1.0 MB | 104 kB | 0.6/1.9 MB
Progress (4): 147/232 kB | 0.1/1.0 MB | 104 kB | 0.6/1.9 MB
Progress (4): 147/232 kB | 0.1/1.0 MB | 104 kB | 0.6/1.9 MB
Progress (4): 147/232 kB | 0.1/1.0 MB | 104 kB | 0.6/1.9 MB
Progress (4): 147/232 kB | 0.1/1.0 MB | 104 kB | 0.6/1.9 MB
Progress (4): 147/232 kB | 0.1/1.0 MB | 104 kB | 0.6/1.9 MB
Progress (4): 147/232 kB | 0.1/1.0 MB | 104 kB | 0.6/1.9 MB
Progress (4): 147/232 kB | 0.1/1.0 MB | 104 kB | 0.6/1.9 MB
Progress (4): 147/232 kB | 0.1/1.0 MB | 104 kB | 0.6/1.9 MB
Progress (4): 147/232 kB | 0.1/1.0 MB | 104 kB | 0.7/1.9 MB
Progress (4): 147/232 kB | 0.1/1.0 MB | 104 kB | 0.7/1.9 MB
Progress (4): 147/232 kB | 0.1/1.0 MB | 104 kB | 0.7/1.9 MB
Progress (4): 147/232 kB | 0.1/1.0 MB | 104 kB | 0.7/1.9 MB
Progress (4): 147/232 kB | 0.1/1.0 MB | 104 kB | 0.7/1.9 MB
Progress (4): 147/232 kB | 0.1/1.0 MB | 104 kB | 0.7/1.9 MB
Progress (4): 147/232 kB | 0.1/1.0 MB | 104 kB | 0.7/1.9 MB
Progress (4): 147/232 kB | 0.1/1.0 MB | 104 kB | 0.7/1.9 MB
Progress (4): 147/232 kB | 0.1/1.0 MB | 104 kB | 0.7/1.9 MB
Progress (4): 147/232 kB | 0.1/1.0 MB | 104 kB | 0.7/1.9 MB
Progress (4): 147/232 kB | 0.1/1.0 MB | 104 kB | 0.7/1.9 MB
Progress (4): 151/232 kB | 0.1/1.0 MB | 104 kB | 0.7/1.9 MB
Progress (4): 151/232 kB | 0.1/1.0 MB | 104 kB | 0.7/1.9 MB
Progress (4): 155/232 kB | 0.1/1.0 MB | 104 kB | 0.7/1.9 MB
Progress (4): 155/232 kB | 0.1/1.0 MB | 104 kB | 0.7/1.9 MB
Progress (4): 159/232 kB | 0.1/1.0 MB | 104 kB | 0.7/1.9 MB
Progress (4): 159/232 kB | 0.1/1.0 MB | 104 kB | 0.7/1.9 MB
Progress (4): 163/232 kB | 0.1/1.0 MB | 104 kB | 0.7/1.9 MB
Progress (4): 163/232 kB | 0.1/1.0 MB | 104 kB | 0.7/1.9 MB
Progress (4): 163/232 kB | 0.1/1.0 MB | 104 kB | 0.7/1.9 MB
Progress (4): 163/232 kB | 0.1/1.0 MB | 104 kB | 0.7/1.9 MB
Progress (4): 163/232 kB | 0.1/1.0 MB | 104 kB | 0.7/1.9 MB
Progress (4): 163/232 kB | 0.1/1.0 MB | 104 kB | 0.7/1.9 MB
Progress (4): 163/232 kB | 0.1/1.0 MB | 104 kB | 0.7/1.9 MB
Progress (4): 163/232 kB | 0.1/1.0 MB | 104 kB | 0.7/1.9 MB
Progress (4): 163/232 kB | 0.1/1.0 MB | 104 kB | 0.7/1.9 MB
Progress (4): 163/232 kB | 0.1/1.0 MB | 104 kB | 0.7/1.9 MB
Progress (4): 163/232 kB | 0.1/1.0 MB | 104 kB | 0.7/1.9 MB
Progress (4): 163/232 kB | 0.1/1.0 MB | 104 kB | 0.7/1.9 MB
Progress (4): 163/232 kB | 0.1/1.0 MB | 104 kB | 0.8/1.9 MB
Progress (4): 163/232 kB | 0.1/1.0 MB | 104 kB | 0.8/1.9 MB
Progress (4): 163/232 kB | 0.1/1.0 MB | 104 kB | 0.8/1.9 MB
Progress (4): 163/232 kB | 0.1/1.0 MB | 104 kB | 0.8/1.9 MB
Progress (4): 163/232 kB | 0.1/1.0 MB | 104 kB | 0.8/1.9 MB
Progress (4): 163/232 kB | 0.1/1.0 MB | 104 kB | 0.8/1.9 MB
Progress (4): 163/232 kB | 0.1/1.0 MB | 104 kB | 0.8/1.9 MB
Progress (4): 163/232 kB | 0.1/1.0 MB | 104 kB | 0.8/1.9 MB
Progress (4): 163/232 kB | 0.1/1.0 MB | 104 kB | 0.8/1.9 MB
Progress (4): 163/232 kB | 0.1/1.0 MB | 104 kB | 0.8/1.9 MB
Progress (4): 163/232 kB | 0.1/1.0 MB | 104 kB | 0.8/1.9 MB
Progress (4): 163/232 kB | 0.1/1.0 MB | 104 kB | 0.8/1.9 MB
Progress (4): 163/232 kB | 0.1/1.0 MB | 104 kB | 0.8/1.9 MB
Progress (4): 163/232 kB | 0.1/1.0 MB | 104 kB | 0.8/1.9 MB
Progress (4): 163/232 kB | 0.1/1.0 MB | 104 kB | 0.8/1.9 MB
Progress (4): 163/232 kB | 0.1/1.0 MB | 104 kB | 0.8/1.9 MB
Progress (4): 163/232 kB | 0.1/1.0 MB | 104 kB | 0.8/1.9 MB
Progress (4): 167/232 kB | 0.1/1.0 MB | 104 kB | 0.8/1.9 MB
Progress (4): 167/232 kB | 0.1/1.0 MB | 104 kB | 0.8/1.9 MB
Progress (4): 171/232 kB | 0.1/1.0 MB | 104 kB | 0.8/1.9 MB
Progress (4): 171/232 kB | 0.1/1.0 MB | 104 kB | 0.8/1.9 MB
Progress (4): 176/232 kB | 0.1/1.0 MB | 104 kB | 0.8/1.9 MB
Progress (4): 176/232 kB | 0.1/1.0 MB | 104 kB | 0.8/1.9 MB
Progress (4): 180/232 kB | 0.1/1.0 MB | 104 kB | 0.8/1.9 MB
Progress (4): 180/232 kB | 0.1/1.0 MB | 104 kB | 0.8/1.9 MB
Progress (4): 180/232 kB | 0.1/1.0 MB | 104 kB | 0.8/1.9 MB
Progress (4): 180/232 kB | 0.1/1.0 MB | 104 kB | 0.8/1.9 MB
Progress (4): 180/232 kB | 0.1/1.0 MB | 104 kB | 0.8/1.9 MB
Progress (4): 180/232 kB | 0.1/1.0 MB | 104 kB | 0.9/1.9 MB
Progress (4): 180/232 kB | 0.1/1.0 MB | 104 kB | 0.9/1.9 MB
Progress (4): 180/232 kB | 0.1/1.0 MB | 104 kB | 0.9/1.9 MB
Progress (4): 180/232 kB | 0.1/1.0 MB | 104 kB | 0.9/1.9 MB
Progress (4): 180/232 kB | 0.1/1.0 MB | 104 kB | 0.9/1.9 MB
Progress (4): 180/232 kB | 0.1/1.0 MB | 104 kB | 0.9/1.9 MB
Progress (4): 180/232 kB | 0.1/1.0 MB | 104 kB | 0.9/1.9 MB
Progress (4): 180/232 kB | 0.1/1.0 MB | 104 kB | 0.9/1.9 MB
Progress (4): 180/232 kB | 0.1/1.0 MB | 104 kB | 0.9/1.9 MB
Progress (4): 180/232 kB | 0.1/1.0 MB | 104 kB | 0.9/1.9 MB
Progress (4): 180/232 kB | 0.1/1.0 MB | 104 kB | 0.9/1.9 MB
Progress (4): 180/232 kB | 0.1/1.0 MB | 104 kB | 0.9/1.9 MB
Progress (4): 180/232 kB | 0.1/1.0 MB | 104 kB | 0.9/1.9 MB
Progress (4): 180/232 kB | 0.1/1.0 MB | 104 kB | 0.9/1.9 MB
Progress (4): 180/232 kB | 0.1/1.0 MB | 104 kB | 0.9/1.9 MB
Progress (4): 180/232 kB | 0.1/1.0 MB | 104 kB | 0.9/1.9 MB
Progress (4): 180/232 kB | 0.1/1.0 MB | 104 kB | 0.9/1.9 MB
Progress (4): 180/232 kB | 0.1/1.0 MB | 104 kB | 0.9/1.9 MB
Progress (4): 180/232 kB | 0.1/1.0 MB | 104 kB | 0.9/1.9 MB
Progress (4): 180/232 kB | 0.1/1.0 MB | 104 kB | 0.9/1.9 MB
Progress (4): 180/232 kB | 0.1/1.0 MB | 104 kB | 0.9/1.9 MB
Progress (4): 180/232 kB | 0.1/1.0 MB | 104 kB | 0.9/1.9 MB
Progress (4): 180/232 kB | 0.1/1.0 MB | 104 kB | 0.9/1.9 MB
Progress (4): 180/232 kB | 0.1/1.0 MB | 104 kB | 0.9/1.9 MB
Progress (4): 180/232 kB | 0.1/1.0 MB | 104 kB | 0.9/1.9 MB
Progress (4): 184/232 kB | 0.1/1.0 MB | 104 kB | 0.9/1.9 MB
Progress (4): 188/232 kB | 0.1/1.0 MB | 104 kB | 0.9/1.9 MB
Progress (4): 188/232 kB | 0.1/1.0 MB | 104 kB | 1.0/1.9 MB
Progress (4): 192/232 kB | 0.1/1.0 MB | 104 kB | 1.0/1.9 MB
Progress (4): 192/232 kB | 0.1/1.0 MB | 104 kB | 1.0/1.9 MB
Progress (4): 196/232 kB | 0.1/1.0 MB | 104 kB | 1.0/1.9 MB
Progress (4): 196/232 kB | 0.1/1.0 MB | 104 kB | 1.0/1.9 MB
Progress (4): 196/232 kB | 0.1/1.0 MB | 104 kB | 1.0/1.9 MB
Progress (4): 196/232 kB | 0.1/1.0 MB | 104 kB | 1.0/1.9 MB
Progress (4): 196/232 kB | 0.1/1.0 MB | 104 kB | 1.0/1.9 MB
Progress (4): 196/232 kB | 0.1/1.0 MB | 104 kB | 1.0/1.9 MB
Progress (4): 196/232 kB | 0.1/1.0 MB | 104 kB | 1.0/1.9 MB
Progress (4): 196/232 kB | 0.1/1.0 MB | 104 kB | 1.0/1.9 MB
Progress (4): 196/232 kB | 0.1/1.0 MB | 104 kB | 1.0/1.9 MB
Progress (4): 196/232 kB | 0.1/1.0 MB | 104 kB | 1.0/1.9 MB
Progress (4): 196/232 kB | 0.1/1.0 MB | 104 kB | 1.0/1.9 MB
Progress (4): 196/232 kB | 0.1/1.0 MB | 104 kB | 1.0/1.9 MB
Progress (4): 196/232 kB | 0.1/1.0 MB | 104 kB | 1.0/1.9 MB
Progress (4): 196/232 kB | 0.1/1.0 MB | 104 kB | 1.0/1.9 MB
Progress (4): 196/232 kB | 0.1/1.0 MB | 104 kB | 1.0/1.9 MB
Progress (4): 196/232 kB | 0.1/1.0 MB | 104 kB | 1.0/1.9 MB
Progress (4): 196/232 kB | 0.1/1.0 MB | 104 kB | 1.0/1.9 MB
Progress (4): 196/232 kB | 0.1/1.0 MB | 104 kB | 1.0/1.9 MB
Progress (4): 196/232 kB | 0.1/1.0 MB | 104 kB | 1.0/1.9 MB
Progress (4): 196/232 kB | 0.1/1.0 MB | 104 kB | 1.0/1.9 MB
Progress (4): 196/232 kB | 0.1/1.0 MB | 104 kB | 1.0/1.9 MB
Progress (4): 196/232 kB | 0.1/1.0 MB | 104 kB | 1.0/1.9 MB
Progress (4): 196/232 kB | 0.1/1.0 MB | 104 kB | 1.0/1.9 MB
Progress (4): 196/232 kB | 0.1/1.0 MB | 104 kB | 1.1/1.9 MB
Progress (4): 196/232 kB | 0.1/1.0 MB | 104 kB | 1.1/1.9 MB
Progress (4): 196/232 kB | 0.1/1.0 MB | 104 kB | 1.1/1.9 MB
Progress (4): 196/232 kB | 0.1/1.0 MB | 104 kB | 1.1/1.9 MB
Progress (4): 196/232 kB | 0.1/1.0 MB | 104 kB | 1.1/1.9 MB
Progress (4): 196/232 kB | 0.1/1.0 MB | 104 kB | 1.1/1.9 MB
Progress (4): 196/232 kB | 0.1/1.0 MB | 104 kB | 1.1/1.9 MB
Progress (4): 196/232 kB | 0.1/1.0 MB | 104 kB | 1.1/1.9 MB
Progress (4): 200/232 kB | 0.1/1.0 MB | 104 kB | 1.1/1.9 MB
Progress (4): 204/232 kB | 0.1/1.0 MB | 104 kB | 1.1/1.9 MB
Progress (4): 204/232 kB | 0.1/1.0 MB | 104 kB | 1.1/1.9 MB
Progress (4): 208/232 kB | 0.1/1.0 MB | 104 kB | 1.1/1.9 MB
Progress (4): 208/232 kB | 0.1/1.0 MB | 104 kB | 1.1/1.9 MB
Progress (4): 212/232 kB | 0.1/1.0 MB | 104 kB | 1.1/1.9 MB
Progress (4): 212/232 kB | 0.1/1.0 MB | 104 kB | 1.1/1.9 MB
Progress (4): 212/232 kB | 0.1/1.0 MB | 104 kB | 1.1/1.9 MB
Progress (4): 212/232 kB | 0.1/1.0 MB | 104 kB | 1.1/1.9 MB
Progress (4): 212/232 kB | 0.1/1.0 MB | 104 kB | 1.1/1.9 MB
Progress (4): 212/232 kB | 0.1/1.0 MB | 104 kB | 1.1/1.9 MB
Progress (4): 212/232 kB | 0.1/1.0 MB | 104 kB | 1.1/1.9 MB
Progress (4): 217/232 kB | 0.1/1.0 MB | 104 kB | 1.1/1.9 MB
Progress (4): 219/232 kB | 0.1/1.0 MB | 104 kB | 1.1/1.9 MB
Progress (4): 219/232 kB | 0.1/1.0 MB | 104 kB | 1.1/1.9 MB
Progress (4): 219/232 kB | 0.1/1.0 MB | 104 kB | 1.1/1.9 MB
Progress (4): 219/232 kB | 0.1/1.0 MB | 104 kB | 1.1/1.9 MB
Progress (4): 219/232 kB | 0.1/1.0 MB | 104 kB | 1.1/1.9 MB
Progress (4): 219/232 kB | 0.1/1.0 MB | 104 kB | 1.1/1.9 MB
Progress (4): 219/232 kB | 0.1/1.0 MB | 104 kB | 1.1/1.9 MB
Progress (4): 219/232 kB | 0.1/1.0 MB | 104 kB | 1.1/1.9 MB
Progress (4): 219/232 kB | 0.1/1.0 MB | 104 kB | 1.1/1.9 MB
Progress (4): 219/232 kB | 0.1/1.0 MB | 104 kB | 1.2/1.9 MB
Progress (4): 219/232 kB | 0.1/1.0 MB | 104 kB | 1.2/1.9 MB
Progress (4): 219/232 kB | 0.1/1.0 MB | 104 kB | 1.2/1.9 MB
Progress (4): 219/232 kB | 0.1/1.0 MB | 104 kB | 1.2/1.9 MB
Progress (4): 219/232 kB | 0.1/1.0 MB | 104 kB | 1.2/1.9 MB
Progress (4): 219/232 kB | 0.1/1.0 MB | 104 kB | 1.2/1.9 MB
Progress (4): 219/232 kB | 0.1/1.0 MB | 104 kB | 1.2/1.9 MB
Progress (4): 219/232 kB | 0.1/1.0 MB | 104 kB | 1.2/1.9 MB
Progress (4): 219/232 kB | 0.1/1.0 MB | 104 kB | 1.2/1.9 MB
Progress (4): 219/232 kB | 0.1/1.0 MB | 104 kB | 1.2/1.9 MB
Progress (4): 219/232 kB | 0.1/1.0 MB | 104 kB | 1.2/1.9 MB
Progress (4): 219/232 kB | 0.1/1.0 MB | 104 kB | 1.2/1.9 MB
Progress (4): 219/232 kB | 0.1/1.0 MB | 104 kB | 1.2/1.9 MB
Progress (4): 219/232 kB | 0.1/1.0 MB | 104 kB | 1.2/1.9 MB
Progress (4): 219/232 kB | 0.1/1.0 MB | 104 kB | 1.2/1.9 MB
Progress (4): 219/232 kB | 0.1/1.0 MB | 104 kB | 1.2/1.9 MB
Progress (4): 219/232 kB | 0.1/1.0 MB | 104 kB | 1.2/1.9 MB
Progress (4): 219/232 kB | 0.1/1.0 MB | 104 kB | 1.2/1.9 MB
Progress (4): 219/232 kB | 0.1/1.0 MB | 104 kB | 1.2/1.9 MB
Progress (4): 219/232 kB | 0.1/1.0 MB | 104 kB | 1.2/1.9 MB
Progress (4): 219/232 kB | 0.1/1.0 MB | 104 kB | 1.2/1.9 MB
Progress (4): 223/232 kB | 0.1/1.0 MB | 104 kB | 1.2/1.9 MB
Progress (4): 223/232 kB | 0.1/1.0 MB | 104 kB | 1.2/1.9 MB
Progress (4): 227/232 kB | 0.1/1.0 MB | 104 kB | 1.2/1.9 MB
Progress (4): 227/232 kB | 0.1/1.0 MB | 104 kB | 1.2/1.9 MB
Progress (4): 231/232 kB | 0.1/1.0 MB | 104 kB | 1.2/1.9 MB
Progress (4): 231/232 kB | 0.1/1.0 MB | 104 kB | 1.2/1.9 MB
Progress (4): 231/232 kB | 0.1/1.0 MB | 104 kB | 1.2/1.9 MB
Progress (4): 232 kB | 0.1/1.0 MB | 104 kB | 1.2/1.9 MB    
Progress (4): 232 kB | 0.1/1.0 MB | 104 kB | 1.2/1.9 MB
Progress (4): 232 kB | 0.1/1.0 MB | 104 kB | 1.2/1.9 MB
Progress (4): 232 kB | 0.1/1.0 MB | 104 kB | 1.2/1.9 MB
Progress (4): 232 kB | 0.1/1.0 MB | 104 kB | 1.2/1.9 MB
Progress (4): 232 kB | 0.1/1.0 MB | 104 kB | 1.3/1.9 MB
Progress (4): 232 kB | 0.1/1.0 MB | 104 kB | 1.3/1.9 MB
Progress (4): 232 kB | 0.1/1.0 MB | 104 kB | 1.3/1.9 MB
Progress (4): 232 kB | 0.1/1.0 MB | 104 kB | 1.3/1.9 MB
Progress (4): 232 kB | 0.1/1.0 MB | 104 kB | 1.3/1.9 MB
Progress (4): 232 kB | 0.1/1.0 MB | 104 kB | 1.3/1.9 MB
Progress (4): 232 kB | 0.1/1.0 MB | 104 kB | 1.3/1.9 MB
Progress (4): 232 kB | 0.1/1.0 MB | 104 kB | 1.3/1.9 MB
Progress (4): 232 kB | 0.1/1.0 MB | 104 kB | 1.3/1.9 MB
Progress (4): 232 kB | 0.1/1.0 MB | 104 kB | 1.3/1.9 MB
Progress (4): 232 kB | 0.1/1.0 MB | 104 kB | 1.3/1.9 MB
Progress (4): 232 kB | 0.1/1.0 MB | 104 kB | 1.3/1.9 MB
Progress (4): 232 kB | 0.1/1.0 MB | 104 kB | 1.3/1.9 MB
Progress (4): 232 kB | 0.1/1.0 MB | 104 kB | 1.3/1.9 MB
Progress (4): 232 kB | 0.1/1.0 MB | 104 kB | 1.3/1.9 MB
Progress (4): 232 kB | 0.1/1.0 MB | 104 kB | 1.3/1.9 MB
Progress (4): 232 kB | 0.1/1.0 MB | 104 kB | 1.3/1.9 MB
Progress (4): 232 kB | 0.1/1.0 MB | 104 kB | 1.3/1.9 MB
Progress (4): 232 kB | 0.1/1.0 MB | 104 kB | 1.3/1.9 MB
Progress (4): 232 kB | 0.2/1.0 MB | 104 kB | 1.3/1.9 MB
Progress (4): 232 kB | 0.2/1.0 MB | 104 kB | 1.3/1.9 MB
Progress (4): 232 kB | 0.2/1.0 MB | 104 kB | 1.3/1.9 MB
Progress (4): 232 kB | 0.2/1.0 MB | 104 kB | 1.3/1.9 MB
Progress (4): 232 kB | 0.2/1.0 MB | 104 kB | 1.3/1.9 MB
Progress (4): 232 kB | 0.2/1.0 MB | 104 kB | 1.3/1.9 MB
Progress (4): 232 kB | 0.2/1.0 MB | 104 kB | 1.3/1.9 MB
Progress (4): 232 kB | 0.2/1.0 MB | 104 kB | 1.3/1.9 MB
Progress (4): 232 kB | 0.2/1.0 MB | 104 kB | 1.3/1.9 MB
Progress (4): 232 kB | 0.2/1.0 MB | 104 kB | 1.4/1.9 MB
Progress (4): 232 kB | 0.2/1.0 MB | 104 kB | 1.4/1.9 MB
Progress (4): 232 kB | 0.2/1.0 MB | 104 kB | 1.4/1.9 MB
Progress (4): 232 kB | 0.2/1.0 MB | 104 kB | 1.4/1.9 MB
Progress (4): 232 kB | 0.2/1.0 MB | 104 kB | 1.4/1.9 MB
Progress (4): 232 kB | 0.2/1.0 MB | 104 kB | 1.4/1.9 MB
Progress (4): 232 kB | 0.2/1.0 MB | 104 kB | 1.4/1.9 MB
Progress (4): 232 kB | 0.2/1.0 MB | 104 kB | 1.4/1.9 MB
Progress (4): 232 kB | 0.2/1.0 MB | 104 kB | 1.4/1.9 MB
Progress (4): 232 kB | 0.2/1.0 MB | 104 kB | 1.4/1.9 MB
Progress (4): 232 kB | 0.2/1.0 MB | 104 kB | 1.4/1.9 MB
Progress (4): 232 kB | 0.2/1.0 MB | 104 kB | 1.4/1.9 MB
Progress (4): 232 kB | 0.2/1.0 MB | 104 kB | 1.4/1.9 MB
Progress (4): 232 kB | 0.2/1.0 MB | 104 kB | 1.4/1.9 MB
Progress (4): 232 kB | 0.2/1.0 MB | 104 kB | 1.4/1.9 MB
Progress (4): 232 kB | 0.2/1.0 MB | 104 kB | 1.4/1.9 MB
Progress (4): 232 kB | 0.2/1.0 MB | 104 kB | 1.4/1.9 MB
Progress (4): 232 kB | 0.2/1.0 MB | 104 kB | 1.4/1.9 MB
Progress (4): 232 kB | 0.2/1.0 MB | 104 kB | 1.4/1.9 MB
Progress (4): 232 kB | 0.2/1.0 MB | 104 kB | 1.4/1.9 MB
Progress (4): 232 kB | 0.2/1.0 MB | 104 kB | 1.4/1.9 MB
Progress (4): 232 kB | 0.2/1.0 MB | 104 kB | 1.4/1.9 MB
Progress (4): 232 kB | 0.2/1.0 MB | 104 kB | 1.4/1.9 MB
                                                       
Downloaded from central: https://repo.maven.apache.org/maven2/xom/xom/1.0b3/xom-1.0b3.jar (104 kB at 60 kB/s)
Downloading from central: https://repo.maven.apache.org/maven2/org/mortbay/jetty/jetty/6.1.14/jetty-6.1.14.jar
Progress (4): 232 kB | 0.2/1.0 MB | 1.4/1.9 MB | 4.1/18 kB
Progress (4): 232 kB | 0.2/1.0 MB | 1.4/1.9 MB | 7.7/18 kB
Progress (4): 232 kB | 0.2/1.0 MB | 1.4/1.9 MB | 12/18 kB 
Progress (4): 232 kB | 0.2/1.0 MB | 1.4/1.9 MB | 16/18 kB
Progress (4): 232 kB | 0.2/1.0 MB | 1.4/1.9 MB | 18 kB   
Progress (4): 232 kB | 0.2/1.0 MB | 1.4/1.9 MB | 18 kB
Progress (4): 232 kB | 0.2/1.0 MB | 1.4/1.9 MB | 18 kB
Progress (4): 232 kB | 0.2/1.0 MB | 1.4/1.9 MB | 18 kB
Progress (4): 232 kB | 0.2/1.0 MB | 1.4/1.9 MB | 18 kB
Progress (4): 232 kB | 0.2/1.0 MB | 1.4/1.9 MB | 18 kB
Progress (4): 232 kB | 0.2/1.0 MB | 1.4/1.9 MB | 18 kB
Progress (4): 232 kB | 0.2/1.0 MB | 1.4/1.9 MB | 18 kB
Progress (4): 232 kB | 0.2/1.0 MB | 1.4/1.9 MB | 18 kB
Progress (4): 232 kB | 0.2/1.0 MB | 1.4/1.9 MB | 18 kB
Progress (4): 232 kB | 0.2/1.0 MB | 1.4/1.9 MB | 18 kB
Progress (4): 232 kB | 0.2/1.0 MB | 1.4/1.9 MB | 18 kB
Progress (4): 232 kB | 0.2/1.0 MB | 1.4/1.9 MB | 18 kB
Progress (4): 232 kB | 0.2/1.0 MB | 1.4/1.9 MB | 18 kB
Progress (4): 232 kB | 0.2/1.0 MB | 1.4/1.9 MB | 18 kB
Progress (4): 232 kB | 0.2/1.0 MB | 1.4/1.9 MB | 18 kB
Progress (4): 232 kB | 0.2/1.0 MB | 1.4/1.9 MB | 18 kB
Progress (4): 232 kB | 0.2/1.0 MB | 1.4/1.9 MB | 18 kB
Progress (4): 232 kB | 0.2/1.0 MB | 1.4/1.9 MB | 18 kB
Progress (4): 232 kB | 0.2/1.0 MB | 1.4/1.9 MB | 18 kB
Progress (4): 232 kB | 0.2/1.0 MB | 1.4/1.9 MB | 18 kB
Progress (4): 232 kB | 0.2/1.0 MB | 1.4/1.9 MB | 18 kB
Progress (4): 232 kB | 0.3/1.0 MB | 1.4/1.9 MB | 18 kB
Progress (4): 232 kB | 0.3/1.0 MB | 1.4/1.9 MB | 18 kB
Progress (4): 232 kB | 0.3/1.0 MB | 1.4/1.9 MB | 18 kB
Progress (4): 232 kB | 0.3/1.0 MB | 1.4/1.9 MB | 18 kB
Progress (4): 232 kB | 0.3/1.0 MB | 1.4/1.9 MB | 18 kB
Progress (4): 232 kB | 0.3/1.0 MB | 1.5/1.9 MB | 18 kB
Progress (4): 232 kB | 0.3/1.0 MB | 1.5/1.9 MB | 18 kB
Progress (4): 232 kB | 0.3/1.0 MB | 1.5/1.9 MB | 18 kB
Progress (4): 232 kB | 0.3/1.0 MB | 1.5/1.9 MB | 18 kB
Progress (4): 232 kB | 0.3/1.0 MB | 1.5/1.9 MB | 18 kB
Progress (4): 232 kB | 0.3/1.0 MB | 1.5/1.9 MB | 18 kB
Progress (4): 232 kB | 0.3/1.0 MB | 1.5/1.9 MB | 18 kB
Progress (4): 232 kB | 0.3/1.0 MB | 1.5/1.9 MB | 18 kB
Progress (4): 232 kB | 0.3/1.0 MB | 1.5/1.9 MB | 18 kB
Progress (4): 232 kB | 0.3/1.0 MB | 1.5/1.9 MB | 18 kB
Progress (4): 232 kB | 0.3/1.0 MB | 1.5/1.9 MB | 18 kB
Progress (4): 232 kB | 0.3/1.0 MB | 1.5/1.9 MB | 18 kB
Progress (4): 232 kB | 0.3/1.0 MB | 1.5/1.9 MB | 18 kB
Progress (4): 232 kB | 0.3/1.0 MB | 1.5/1.9 MB | 18 kB
Progress (4): 232 kB | 0.3/1.0 MB | 1.5/1.9 MB | 18 kB
Progress (4): 232 kB | 0.3/1.0 MB | 1.5/1.9 MB | 18 kB
Progress (4): 232 kB | 0.3/1.0 MB | 1.5/1.9 MB | 18 kB
Progress (4): 232 kB | 0.3/1.0 MB | 1.5/1.9 MB | 18 kB
Progress (4): 232 kB | 0.3/1.0 MB | 1.5/1.9 MB | 18 kB
Progress (4): 232 kB | 0.3/1.0 MB | 1.5/1.9 MB | 18 kB
Progress (4): 232 kB | 0.3/1.0 MB | 1.5/1.9 MB | 18 kB
Progress (4): 232 kB | 0.3/1.0 MB | 1.5/1.9 MB | 18 kB
Progress (4): 232 kB | 0.3/1.0 MB | 1.5/1.9 MB | 18 kB
Progress (4): 232 kB | 0.3/1.0 MB | 1.5/1.9 MB | 18 kB
Progress (4): 232 kB | 0.3/1.0 MB | 1.5/1.9 MB | 18 kB
Progress (4): 232 kB | 0.3/1.0 MB | 1.5/1.9 MB | 18 kB
Progress (4): 232 kB | 0.3/1.0 MB | 1.5/1.9 MB | 18 kB
Progress (4): 232 kB | 0.3/1.0 MB | 1.5/1.9 MB | 18 kB
Progress (4): 232 kB | 0.3/1.0 MB | 1.6/1.9 MB | 18 kB
Progress (4): 232 kB | 0.3/1.0 MB | 1.6/1.9 MB | 18 kB
Progress (4): 232 kB | 0.3/1.0 MB | 1.6/1.9 MB | 18 kB
Progress (4): 232 kB | 0.3/1.0 MB | 1.6/1.9 MB | 18 kB
Progress (4): 232 kB | 0.3/1.0 MB | 1.6/1.9 MB | 18 kB
Progress (4): 232 kB | 0.3/1.0 MB | 1.6/1.9 MB | 18 kB
Progress (4): 232 kB | 0.3/1.0 MB | 1.6/1.9 MB | 18 kB
Progress (4): 232 kB | 0.3/1.0 MB | 1.6/1.9 MB | 18 kB
Progress (4): 232 kB | 0.3/1.0 MB | 1.6/1.9 MB | 18 kB
Progress (4): 232 kB | 0.3/1.0 MB | 1.6/1.9 MB | 18 kB
Progress (4): 232 kB | 0.3/1.0 MB | 1.6/1.9 MB | 18 kB
Progress (4): 232 kB | 0.3/1.0 MB | 1.6/1.9 MB | 18 kB
Progress (4): 232 kB | 0.3/1.0 MB | 1.6/1.9 MB | 18 kB
Progress (4): 232 kB | 0.3/1.0 MB | 1.6/1.9 MB | 18 kB
Progress (4): 232 kB | 0.3/1.0 MB | 1.6/1.9 MB | 18 kB
Progress (4): 232 kB | 0.3/1.0 MB | 1.6/1.9 MB | 18 kB
Progress (4): 232 kB | 0.3/1.0 MB | 1.6/1.9 MB | 18 kB
Progress (4): 232 kB | 0.3/1.0 MB | 1.6/1.9 MB | 18 kB
Progress (4): 232 kB | 0.3/1.0 MB | 1.6/1.9 MB | 18 kB
Progress (4): 232 kB | 0.3/1.0 MB | 1.6/1.9 MB | 18 kB
Progress (4): 232 kB | 0.3/1.0 MB | 1.6/1.9 MB | 18 kB
Progress (4): 232 kB | 0.3/1.0 MB | 1.6/1.9 MB | 18 kB
Progress (4): 232 kB | 0.3/1.0 MB | 1.6/1.9 MB | 18 kB
Progress (4): 232 kB | 0.3/1.0 MB | 1.6/1.9 MB | 18 kB
Progress (4): 232 kB | 0.3/1.0 MB | 1.6/1.9 MB | 18 kB
Progress (4): 232 kB | 0.3/1.0 MB | 1.6/1.9 MB | 18 kB
Progress (4): 232 kB | 0.3/1.0 MB | 1.6/1.9 MB | 18 kB
Progress (4): 232 kB | 0.3/1.0 MB | 1.6/1.9 MB | 18 kB
Progress (4): 232 kB | 0.3/1.0 MB | 1.7/1.9 MB | 18 kB
Progress (4): 232 kB | 0.3/1.0 MB | 1.7/1.9 MB | 18 kB
Progress (4): 232 kB | 0.3/1.0 MB | 1.7/1.9 MB | 18 kB
Progress (4): 232 kB | 0.3/1.0 MB | 1.7/1.9 MB | 18 kB
Progress (4): 232 kB | 0.3/1.0 MB | 1.7/1.9 MB | 18 kB
Progress (4): 232 kB | 0.3/1.0 MB | 1.7/1.9 MB | 18 kB
Progress (4): 232 kB | 0.3/1.0 MB | 1.7/1.9 MB | 18 kB
Progress (4): 232 kB | 0.3/1.0 MB | 1.7/1.9 MB | 18 kB
Progress (4): 232 kB | 0.3/1.0 MB | 1.7/1.9 MB | 18 kB
Progress (4): 232 kB | 0.3/1.0 MB | 1.7/1.9 MB | 18 kB
Progress (4): 232 kB | 0.3/1.0 MB | 1.7/1.9 MB | 18 kB
Progress (4): 232 kB | 0.3/1.0 MB | 1.7/1.9 MB | 18 kB
Progress (4): 232 kB | 0.3/1.0 MB | 1.7/1.9 MB | 18 kB
Progress (4): 232 kB | 0.3/1.0 MB | 1.7/1.9 MB | 18 kB
Progress (4): 232 kB | 0.3/1.0 MB | 1.7/1.9 MB | 18 kB
Progress (4): 232 kB | 0.3/1.0 MB | 1.7/1.9 MB | 18 kB
Progress (4): 232 kB | 0.3/1.0 MB | 1.7/1.9 MB | 18 kB
Progress (4): 232 kB | 0.3/1.0 MB | 1.7/1.9 MB | 18 kB
Progress (4): 232 kB | 0.3/1.0 MB | 1.7/1.9 MB | 18 kB
Progress (4): 232 kB | 0.3/1.0 MB | 1.7/1.9 MB | 18 kB
Progress (4): 232 kB | 0.3/1.0 MB | 1.7/1.9 MB | 18 kB
Progress (4): 232 kB | 0.3/1.0 MB | 1.7/1.9 MB | 18 kB
Progress (4): 232 kB | 0.3/1.0 MB | 1.7/1.9 MB | 18 kB
Progress (4): 232 kB | 0.3/1.0 MB | 1.7/1.9 MB | 18 kB
Progress (4): 232 kB | 0.3/1.0 MB | 1.7/1.9 MB | 18 kB
Progress (4): 232 kB | 0.3/1.0 MB | 1.7/1.9 MB | 18 kB
Progress (4): 232 kB | 0.3/1.0 MB | 1.7/1.9 MB | 18 kB
Progress (4): 232 kB | 0.3/1.0 MB | 1.7/1.9 MB | 18 kB
Progress (4): 232 kB | 0.3/1.0 MB | 1.7/1.9 MB | 18 kB
Progress (4): 232 kB | 0.3/1.0 MB | 1.8/1.9 MB | 18 kB
Progress (4): 232 kB | 0.3/1.0 MB | 1.8/1.9 MB | 18 kB
Progress (4): 232 kB | 0.3/1.0 MB | 1.8/1.9 MB | 18 kB
Progress (4): 232 kB | 0.3/1.0 MB | 1.8/1.9 MB | 18 kB
Progress (4): 232 kB | 0.3/1.0 MB | 1.8/1.9 MB | 18 kB
Progress (4): 232 kB | 0.3/1.0 MB | 1.8/1.9 MB | 18 kB
Progress (4): 232 kB | 0.3/1.0 MB | 1.8/1.9 MB | 18 kB
Progress (4): 232 kB | 0.3/1.0 MB | 1.8/1.9 MB | 18 kB
Progress (4): 232 kB | 0.3/1.0 MB | 1.8/1.9 MB | 18 kB
Progress (4): 232 kB | 0.3/1.0 MB | 1.8/1.9 MB | 18 kB
Progress (4): 232 kB | 0.3/1.0 MB | 1.8/1.9 MB | 18 kB
Progress (4): 232 kB | 0.3/1.0 MB | 1.8/1.9 MB | 18 kB
Progress (4): 232 kB | 0.3/1.0 MB | 1.8/1.9 MB | 18 kB
Progress (4): 232 kB | 0.3/1.0 MB | 1.8/1.9 MB | 18 kB
Progress (4): 232 kB | 0.3/1.0 MB | 1.8/1.9 MB | 18 kB
Progress (4): 232 kB | 0.3/1.0 MB | 1.8/1.9 MB | 18 kB
Progress (4): 232 kB | 0.3/1.0 MB | 1.8/1.9 MB | 18 kB
Progress (4): 232 kB | 0.3/1.0 MB | 1.8/1.9 MB | 18 kB
Progress (4): 232 kB | 0.3/1.0 MB | 1.8/1.9 MB | 18 kB
Progress (4): 232 kB | 0.3/1.0 MB | 1.8/1.9 MB | 18 kB
Progress (4): 232 kB | 0.3/1.0 MB | 1.8/1.9 MB | 18 kB
Progress (4): 232 kB | 0.3/1.0 MB | 1.8/1.9 MB | 18 kB
Progress (4): 232 kB | 0.3/1.0 MB | 1.8/1.9 MB | 18 kB
Progress (4): 232 kB | 0.3/1.0 MB | 1.8/1.9 MB | 18 kB
Progress (4): 232 kB | 0.3/1.0 MB | 1.8/1.9 MB | 18 kB
Progress (4): 232 kB | 0.3/1.0 MB | 1.8/1.9 MB | 18 kB
Progress (4): 232 kB | 0.3/1.0 MB | 1.8/1.9 MB | 18 kB
Progress (4): 232 kB | 0.3/1.0 MB | 1.8/1.9 MB | 18 kB
Progress (4): 232 kB | 0.3/1.0 MB | 1.9/1.9 MB | 18 kB
Progress (4): 232 kB | 0.3/1.0 MB | 1.9/1.9 MB | 18 kB
Progress (4): 232 kB | 0.3/1.0 MB | 1.9/1.9 MB | 18 kB
Progress (4): 232 kB | 0.3/1.0 MB | 1.9/1.9 MB | 18 kB
Progress (4): 232 kB | 0.3/1.0 MB | 1.9/1.9 MB | 18 kB
Progress (4): 232 kB | 0.3/1.0 MB | 1.9/1.9 MB | 18 kB
Progress (4): 232 kB | 0.3/1.0 MB | 1.9/1.9 MB | 18 kB
Progress (4): 232 kB | 0.3/1.0 MB | 1.9/1.9 MB | 18 kB
Progress (4): 232 kB | 0.3/1.0 MB | 1.9/1.9 MB | 18 kB
Progress (4): 232 kB | 0.3/1.0 MB | 1.9/1.9 MB | 18 kB
Progress (4): 232 kB | 0.3/1.0 MB | 1.9/1.9 MB | 18 kB
Progress (4): 232 kB | 0.3/1.0 MB | 1.9/1.9 MB | 18 kB
Progress (4): 232 kB | 0.3/1.0 MB | 1.9/1.9 MB | 18 kB
Progress (4): 232 kB | 0.3/1.0 MB | 1.9/1.9 MB | 18 kB
Progress (4): 232 kB | 0.3/1.0 MB | 1.9/1.9 MB | 18 kB
Progress (4): 232 kB | 0.3/1.0 MB | 1.9/1.9 MB | 18 kB
Progress (4): 232 kB | 0.3/1.0 MB | 1.9/1.9 MB | 18 kB
Progress (4): 232 kB | 0.3/1.0 MB | 1.9/1.9 MB | 18 kB
Progress (4): 232 kB | 0.3/1.0 MB | 1.9/1.9 MB | 18 kB
Progress (4): 232 kB | 0.3/1.0 MB | 1.9/1.9 MB | 18 kB
Progress (4): 232 kB | 0.3/1.0 MB | 1.9/1.9 MB | 18 kB
Progress (4): 232 kB | 0.3/1.0 MB | 1.9/1.9 MB | 18 kB
Progress (4): 232 kB | 0.3/1.0 MB | 1.9 MB | 18 kB    
                                                  
Downloaded from central: https://repo.maven.apache.org/maven2/jaxen/jaxen/1.1-beta-8/jaxen-1.1-beta-8.jar (232 kB at 127 kB/s)
Progress (3): 0.3/1.0 MB | 1.9 MB | 18 kB
                                         
Downloading from central: https://repo.maven.apache.org/maven2/org/mortbay/jetty/jetty-util/6.1.14/jetty-util-6.1.14.jar
Progress (3): 0.3/1.0 MB | 1.9 MB | 18 kB
Progress (3): 0.3/1.0 MB | 1.9 MB | 18 kB
Progress (3): 0.3/1.0 MB | 1.9 MB | 18 kB
Progress (3): 0.3/1.0 MB | 1.9 MB | 18 kB
Progress (3): 0.4/1.0 MB | 1.9 MB | 18 kB
Progress (3): 0.4/1.0 MB | 1.9 MB | 18 kB
Progress (3): 0.4/1.0 MB | 1.9 MB | 18 kB
Progress (3): 0.4/1.0 MB | 1.9 MB | 18 kB
Progress (3): 0.4/1.0 MB | 1.9 MB | 18 kB
Progress (3): 0.4/1.0 MB | 1.9 MB | 18 kB
Progress (3): 0.4/1.0 MB | 1.9 MB | 18 kB
Progress (3): 0.4/1.0 MB | 1.9 MB | 18 kB
Progress (3): 0.4/1.0 MB | 1.9 MB | 18 kB
Progress (3): 0.4/1.0 MB | 1.9 MB | 18 kB
Progress (3): 0.4/1.0 MB | 1.9 MB | 18 kB
Progress (3): 0.4/1.0 MB | 1.9 MB | 18 kB
Progress (3): 0.4/1.0 MB | 1.9 MB | 18 kB
Progress (3): 0.4/1.0 MB | 1.9 MB | 18 kB
Progress (3): 0.4/1.0 MB | 1.9 MB | 18 kB
Progress (3): 0.4/1.0 MB | 1.9 MB | 18 kB
Progress (3): 0.4/1.0 MB | 1.9 MB | 18 kB
Progress (3): 0.4/1.0 MB | 1.9 MB | 18 kB
Progress (3): 0.4/1.0 MB | 1.9 MB | 18 kB
Progress (3): 0.4/1.0 MB | 1.9 MB | 18 kB
Progress (3): 0.4/1.0 MB | 1.9 MB | 18 kB
Progress (3): 0.4/1.0 MB | 1.9 MB | 18 kB
Progress (3): 0.4/1.0 MB | 1.9 MB | 18 kB
Progress (3): 0.4/1.0 MB | 1.9 MB | 18 kB
Progress (3): 0.5/1.0 MB | 1.9 MB | 18 kB
Progress (3): 0.5/1.0 MB | 1.9 MB | 18 kB
Progress (3): 0.5/1.0 MB | 1.9 MB | 18 kB
Progress (3): 0.5/1.0 MB | 1.9 MB | 18 kB
Progress (3): 0.5/1.0 MB | 1.9 MB | 18 kB
Progress (3): 0.5/1.0 MB | 1.9 MB | 18 kB
Progress (3): 0.5/1.0 MB | 1.9 MB | 18 kB
Progress (3): 0.5/1.0 MB | 1.9 MB | 18 kB
Progress (3): 0.5/1.0 MB | 1.9 MB | 18 kB
Progress (3): 0.5/1.0 MB | 1.9 MB | 18 kB
Progress (3): 0.5/1.0 MB | 1.9 MB | 18 kB
Progress (3): 0.5/1.0 MB | 1.9 MB | 18 kB
Progress (3): 0.5/1.0 MB | 1.9 MB | 18 kB
Progress (3): 0.5/1.0 MB | 1.9 MB | 18 kB
Progress (3): 0.5/1.0 MB | 1.9 MB | 18 kB
Progress (3): 0.5/1.0 MB | 1.9 MB | 18 kB
Progress (3): 0.5/1.0 MB | 1.9 MB | 18 kB
Progress (3): 0.5/1.0 MB | 1.9 MB | 18 kB
Progress (3): 0.5/1.0 MB | 1.9 MB | 18 kB
                                         
Downloaded from central: https://repo.maven.apache.org/maven2/org/apache/ant/ant-launcher/1.8.3/ant-launcher-1.8.3.jar (18 kB at 9.6 kB/s)
Downloading from central: https://repo.maven.apache.org/maven2/log4j/log4j/1.2.9/log4j-1.2.9.jar
Progress (2): 0.5/1.0 MB | 1.9 MB
Progress (2): 0.5/1.0 MB | 1.9 MB
Progress (2): 0.5/1.0 MB | 1.9 MB
Progress (2): 0.5/1.0 MB | 1.9 MB
Progress (3): 0.5/1.0 MB | 1.9 MB | 4.1/516 kB
Progress (3): 0.5/1.0 MB | 1.9 MB | 7.7/516 kB
Progress (3): 0.5/1.0 MB | 1.9 MB | 12/516 kB 
Progress (3): 0.5/1.0 MB | 1.9 MB | 16/516 kB
Progress (3): 0.5/1.0 MB | 1.9 MB | 20/516 kB
Progress (3): 0.5/1.0 MB | 1.9 MB | 24/516 kB
Progress (3): 0.5/1.0 MB | 1.9 MB | 28/516 kB
Progress (3): 0.5/1.0 MB | 1.9 MB | 32/516 kB
Progress (3): 0.5/1.0 MB | 1.9 MB | 32/516 kB
Progress (3): 0.5/1.0 MB | 1.9 MB | 32/516 kB
Progress (3): 0.6/1.0 MB | 1.9 MB | 32/516 kB
Progress (3): 0.6/1.0 MB | 1.9 MB | 32/516 kB
Progress (3): 0.6/1.0 MB | 1.9 MB | 32/516 kB
Progress (3): 0.6/1.0 MB | 1.9 MB | 32/516 kB
Progress (3): 0.6/1.0 MB | 1.9 MB | 32/516 kB
Progress (3): 0.6/1.0 MB | 1.9 MB | 32/516 kB
Progress (3): 0.6/1.0 MB | 1.9 MB | 32/516 kB
Progress (3): 0.6/1.0 MB | 1.9 MB | 32/516 kB
Progress (3): 0.6/1.0 MB | 1.9 MB | 36/516 kB
Progress (3): 0.6/1.0 MB | 1.9 MB | 36/516 kB
Progress (3): 0.6/1.0 MB | 1.9 MB | 40/516 kB
Progress (3): 0.6/1.0 MB | 1.9 MB | 40/516 kB
Progress (3): 0.6/1.0 MB | 1.9 MB | 45/516 kB
Progress (3): 0.6/1.0 MB | 1.9 MB | 49/516 kB
Progress (3): 0.6/1.0 MB | 1.9 MB | 49/516 kB
Progress (3): 0.6/1.0 MB | 1.9 MB | 49/516 kB
Progress (3): 0.6/1.0 MB | 1.9 MB | 49/516 kB
Progress (3): 0.6/1.0 MB | 1.9 MB | 49/516 kB
Progress (3): 0.6/1.0 MB | 1.9 MB | 49/516 kB
Progress (3): 0.6/1.0 MB | 1.9 MB | 49/516 kB
Progress (3): 0.6/1.0 MB | 1.9 MB | 49/516 kB
Progress (3): 0.6/1.0 MB | 1.9 MB | 49/516 kB
Progress (3): 0.6/1.0 MB | 1.9 MB | 53/516 kB
Progress (3): 0.6/1.0 MB | 1.9 MB | 57/516 kB
Progress (3): 0.6/1.0 MB | 1.9 MB | 61/516 kB
Progress (3): 0.6/1.0 MB | 1.9 MB | 65/516 kB
Progress (3): 0.6/1.0 MB | 1.9 MB | 65/516 kB
Progress (3): 0.6/1.0 MB | 1.9 MB | 65/516 kB
Progress (3): 0.6/1.0 MB | 1.9 MB | 65/516 kB
Progress (3): 0.6/1.0 MB | 1.9 MB | 65/516 kB
Progress (3): 0.6/1.0 MB | 1.9 MB | 65/516 kB
Progress (3): 0.6/1.0 MB | 1.9 MB | 65/516 kB
Progress (3): 0.6/1.0 MB | 1.9 MB | 65/516 kB
Progress (3): 0.7/1.0 MB | 1.9 MB | 65/516 kB
Progress (3): 0.7/1.0 MB | 1.9 MB | 69/516 kB
Progress (3): 0.7/1.0 MB | 1.9 MB | 73/516 kB
Progress (3): 0.7/1.0 MB | 1.9 MB | 77/516 kB
Progress (3): 0.7/1.0 MB | 1.9 MB | 81/516 kB
Progress (3): 0.7/1.0 MB | 1.9 MB | 81/516 kB
Progress (3): 0.7/1.0 MB | 1.9 MB | 81/516 kB
Progress (3): 0.7/1.0 MB | 1.9 MB | 81/516 kB
Progress (3): 0.7/1.0 MB | 1.9 MB | 81/516 kB
Progress (3): 0.7/1.0 MB | 1.9 MB | 81/516 kB
Progress (3): 0.7/1.0 MB | 1.9 MB | 81/516 kB
Progress (3): 0.7/1.0 MB | 1.9 MB | 81/516 kB
Progress (3): 0.7/1.0 MB | 1.9 MB | 81/516 kB
Progress (3): 0.7/1.0 MB | 1.9 MB | 81/516 kB
Progress (3): 0.7/1.0 MB | 1.9 MB | 81/516 kB
Progress (3): 0.7/1.0 MB | 1.9 MB | 81/516 kB
Progress (3): 0.7/1.0 MB | 1.9 MB | 81/516 kB
Progress (3): 0.7/1.0 MB | 1.9 MB | 85/516 kB
Progress (3): 0.7/1.0 MB | 1.9 MB | 90/516 kB
Progress (3): 0.7/1.0 MB | 1.9 MB | 94/516 kB
Progress (3): 0.7/1.0 MB | 1.9 MB | 98/516 kB
Progress (3): 0.7/1.0 MB | 1.9 MB | 98/516 kB
Progress (3): 0.7/1.0 MB | 1.9 MB | 98/516 kB
Progress (3): 0.7/1.0 MB | 1.9 MB | 98/516 kB
Progress (3): 0.7/1.0 MB | 1.9 MB | 98/516 kB
                                             
Downloaded from central: https://repo.maven.apache.org/maven2/org/apache/ant/ant/1.8.3/ant-1.8.3.jar (1.9 MB at 977 kB/s)
Downloading from central: https://repo.maven.apache.org/maven2/urbanophile/java-getopt/1.0.9/java-getopt-1.0.9.jar
Progress (2): 0.7/1.0 MB | 102/516 kB
Progress (2): 0.7/1.0 MB | 106/516 kB
Progress (2): 0.7/1.0 MB | 110/516 kB
Progress (2): 0.7/1.0 MB | 114/516 kB
Progress (2): 0.7/1.0 MB | 118/516 kB
Progress (2): 0.7/1.0 MB | 122/516 kB
Progress (2): 0.7/1.0 MB | 126/516 kB
Progress (2): 0.7/1.0 MB | 131/516 kB
Progress (2): 0.7/1.0 MB | 131/516 kB
Progress (2): 0.7/1.0 MB | 131/516 kB
Progress (2): 0.7/1.0 MB | 131/516 kB
Progress (2): 0.7/1.0 MB | 131/516 kB
Progress (2): 0.7/1.0 MB | 131/516 kB
Progress (2): 0.7/1.0 MB | 131/516 kB
Progress (2): 0.7/1.0 MB | 131/516 kB
Progress (2): 0.8/1.0 MB | 131/516 kB
Progress (3): 0.8/1.0 MB | 131/516 kB | 4.1/163 kB
Progress (3): 0.8/1.0 MB | 131/516 kB | 7.7/163 kB
Progress (3): 0.8/1.0 MB | 131/516 kB | 12/163 kB 
Progress (3): 0.8/1.0 MB | 131/516 kB | 16/163 kB
Progress (3): 0.8/1.0 MB | 131/516 kB | 16/163 kB
Progress (3): 0.8/1.0 MB | 131/516 kB | 16/163 kB
Progress (3): 0.8/1.0 MB | 131/516 kB | 16/163 kB
Progress (3): 0.8/1.0 MB | 131/516 kB | 16/163 kB
Progress (3): 0.8/1.0 MB | 131/516 kB | 20/163 kB
Progress (3): 0.8/1.0 MB | 131/516 kB | 24/163 kB
Progress (3): 0.8/1.0 MB | 131/516 kB | 28/163 kB
Progress (3): 0.8/1.0 MB | 131/516 kB | 32/163 kB
Progress (3): 0.8/1.0 MB | 131/516 kB | 32/163 kB
Progress (3): 0.8/1.0 MB | 131/516 kB | 32/163 kB
Progress (3): 0.8/1.0 MB | 131/516 kB | 32/163 kB
Progress (3): 0.8/1.0 MB | 131/516 kB | 32/163 kB
Progress (3): 0.8/1.0 MB | 131/516 kB | 32/163 kB
Progress (3): 0.8/1.0 MB | 131/516 kB | 32/163 kB
Progress (3): 0.8/1.0 MB | 131/516 kB | 32/163 kB
Progress (3): 0.8/1.0 MB | 131/516 kB | 32/163 kB
Progress (3): 0.8/1.0 MB | 131/516 kB | 36/163 kB
Progress (3): 0.8/1.0 MB | 131/516 kB | 40/163 kB
Progress (3): 0.8/1.0 MB | 131/516 kB | 45/163 kB
Progress (3): 0.8/1.0 MB | 131/516 kB | 49/163 kB
Progress (3): 0.8/1.0 MB | 131/516 kB | 53/163 kB
Progress (3): 0.8/1.0 MB | 131/516 kB | 57/163 kB
Progress (3): 0.8/1.0 MB | 131/516 kB | 61/163 kB
Progress (3): 0.8/1.0 MB | 131/516 kB | 65/163 kB
Progress (3): 0.8/1.0 MB | 131/516 kB | 69/163 kB
Progress (3): 0.8/1.0 MB | 131/516 kB | 73/163 kB
Progress (3): 0.8/1.0 MB | 131/516 kB | 77/163 kB
Progress (3): 0.8/1.0 MB | 131/516 kB | 81/163 kB
Progress (3): 0.8/1.0 MB | 131/516 kB | 81/163 kB
Progress (3): 0.8/1.0 MB | 131/516 kB | 81/163 kB
Progress (3): 0.8/1.0 MB | 131/516 kB | 81/163 kB
Progress (3): 0.8/1.0 MB | 131/516 kB | 81/163 kB
Progress (3): 0.8/1.0 MB | 131/516 kB | 81/163 kB
Progress (3): 0.8/1.0 MB | 131/516 kB | 81/163 kB
Progress (3): 0.8/1.0 MB | 131/516 kB | 81/163 kB
Progress (3): 0.8/1.0 MB | 131/516 kB | 81/163 kB
Progress (3): 0.8/1.0 MB | 131/516 kB | 85/163 kB
Progress (3): 0.8/1.0 MB | 131/516 kB | 90/163 kB
Progress (3): 0.8/1.0 MB | 131/516 kB | 94/163 kB
Progress (3): 0.8/1.0 MB | 131/516 kB | 98/163 kB
Progress (3): 0.8/1.0 MB | 131/516 kB | 98/163 kB
Progress (3): 0.8/1.0 MB | 131/516 kB | 98/163 kB
Progress (3): 0.8/1.0 MB | 131/516 kB | 98/163 kB
Progress (3): 0.9/1.0 MB | 131/516 kB | 98/163 kB
Progress (3): 0.9/1.0 MB | 131/516 kB | 98/163 kB
Progress (3): 0.9/1.0 MB | 131/516 kB | 102/163 kB
Progress (3): 0.9/1.0 MB | 131/516 kB | 102/163 kB
Progress (3): 0.9/1.0 MB | 131/516 kB | 106/163 kB
Progress (3): 0.9/1.0 MB | 131/516 kB | 106/163 kB
Progress (3): 0.9/1.0 MB | 131/516 kB | 110/163 kB
Progress (3): 0.9/1.0 MB | 131/516 kB | 110/163 kB
Progress (3): 0.9/1.0 MB | 131/516 kB | 114/163 kB
Progress (3): 0.9/1.0 MB | 131/516 kB | 114/163 kB
Progress (3): 0.9/1.0 MB | 131/516 kB | 114/163 kB
Progress (3): 0.9/1.0 MB | 131/516 kB | 114/163 kB
Progress (3): 0.9/1.0 MB | 131/516 kB | 114/163 kB
Progress (3): 0.9/1.0 MB | 131/516 kB | 118/163 kB
Progress (3): 0.9/1.0 MB | 131/516 kB | 122/163 kB
Progress (3): 0.9/1.0 MB | 131/516 kB | 126/163 kB
Progress (3): 0.9/1.0 MB | 131/516 kB | 131/163 kB
Progress (3): 0.9/1.0 MB | 131/516 kB | 131/163 kB
Progress (3): 0.9/1.0 MB | 131/516 kB | 131/163 kB
Progress (3): 0.9/1.0 MB | 131/516 kB | 131/163 kB
Progress (3): 0.9/1.0 MB | 131/516 kB | 131/163 kB
Progress (3): 0.9/1.0 MB | 131/516 kB | 131/163 kB
Progress (3): 0.9/1.0 MB | 131/516 kB | 131/163 kB
Progress (3): 0.9/1.0 MB | 131/516 kB | 131/163 kB
Progress (3): 0.9/1.0 MB | 131/516 kB | 131/163 kB
Progress (3): 0.9/1.0 MB | 131/516 kB | 135/163 kB
Progress (3): 0.9/1.0 MB | 131/516 kB | 135/163 kB
Progress (3): 0.9/1.0 MB | 131/516 kB | 139/163 kB
Progress (3): 0.9/1.0 MB | 131/516 kB | 139/163 kB
Progress (3): 0.9/1.0 MB | 131/516 kB | 143/163 kB
Progress (3): 0.9/1.0 MB | 131/516 kB | 143/163 kB
Progress (3): 0.9/1.0 MB | 131/516 kB | 147/163 kB
Progress (3): 0.9/1.0 MB | 131/516 kB | 147/163 kB
Progress (3): 0.9/1.0 MB | 131/516 kB | 147/163 kB
Progress (3): 0.9/1.0 MB | 131/516 kB | 147/163 kB
Progress (3): 0.9/1.0 MB | 131/516 kB | 147/163 kB
Progress (3): 0.9/1.0 MB | 131/516 kB | 147/163 kB
Progress (3): 0.9/1.0 MB | 131/516 kB | 151/163 kB
Progress (3): 0.9/1.0 MB | 131/516 kB | 155/163 kB
Progress (3): 0.9/1.0 MB | 131/516 kB | 159/163 kB
Progress (3): 0.9/1.0 MB | 131/516 kB | 163 kB    
Progress (3): 1.0/1.0 MB | 131/516 kB | 163 kB
Progress (3): 1.0/1.0 MB | 131/516 kB | 163 kB
Progress (3): 1.0/1.0 MB | 131/516 kB | 163 kB
Progress (3): 1.0/1.0 MB | 131/516 kB | 163 kB
Progress (3): 1.0/1.0 MB | 131/516 kB | 163 kB
Progress (3): 1.0/1.0 MB | 131/516 kB | 163 kB
Progress (3): 1.0/1.0 MB | 131/516 kB | 163 kB
Progress (3): 1.0/1.0 MB | 131/516 kB | 163 kB
Progress (3): 1.0/1.0 MB | 131/516 kB | 163 kB
Progress (3): 1.0/1.0 MB | 131/516 kB | 163 kB
Progress (3): 1.0/1.0 MB | 131/516 kB | 163 kB
Progress (3): 1.0/1.0 MB | 131/516 kB | 163 kB
Progress (3): 1.0/1.0 MB | 131/516 kB | 163 kB
Progress (3): 1.0/1.0 MB | 131/516 kB | 163 kB
Progress (3): 1.0/1.0 MB | 131/516 kB | 163 kB
Progress (3): 1.0 MB | 131/516 kB | 163 kB    
Progress (3): 1.0 MB | 135/516 kB | 163 kB
Progress (3): 1.0 MB | 139/516 kB | 163 kB
Progress (3): 1.0 MB | 143/516 kB | 163 kB
Progress (3): 1.0 MB | 147/516 kB | 163 kB
Progress (3): 1.0 MB | 151/516 kB | 163 kB
Progress (3): 1.0 MB | 155/516 kB | 163 kB
Progress (3): 1.0 MB | 159/516 kB | 163 kB
Progress (3): 1.0 MB | 163/516 kB | 163 kB
Progress (4): 1.0 MB | 163/516 kB | 163 kB | 4.1/352 kB
Progress (4): 1.0 MB | 163/516 kB | 163 kB | 7.7/352 kB
Progress (4): 1.0 MB | 163/516 kB | 163 kB | 12/352 kB 
Progress (4): 1.0 MB | 163/516 kB | 163 kB | 16/352 kB
Progress (4): 1.0 MB | 167/516 kB | 163 kB | 16/352 kB
Progress (4): 1.0 MB | 171/516 kB | 163 kB | 16/352 kB
Progress (4): 1.0 MB | 176/516 kB | 163 kB | 16/352 kB
Progress (4): 1.0 MB | 180/516 kB | 163 kB | 16/352 kB
Progress (4): 1.0 MB | 184/516 kB | 163 kB | 16/352 kB
Progress (4): 1.0 MB | 188/516 kB | 163 kB | 16/352 kB
Progress (4): 1.0 MB | 192/516 kB | 163 kB | 16/352 kB
Progress (4): 1.0 MB | 196/516 kB | 163 kB | 16/352 kB
Progress (4): 1.0 MB | 196/516 kB | 163 kB | 20/352 kB
Progress (4): 1.0 MB | 196/516 kB | 163 kB | 24/352 kB
Progress (4): 1.0 MB | 196/516 kB | 163 kB | 28/352 kB
Progress (4): 1.0 MB | 196/516 kB | 163 kB | 32/352 kB
Progress (4): 1.0 MB | 200/516 kB | 163 kB | 32/352 kB
Progress (4): 1.0 MB | 204/516 kB | 163 kB | 32/352 kB
Progress (4): 1.0 MB | 208/516 kB | 163 kB | 32/352 kB
Progress (4): 1.0 MB | 212/516 kB | 163 kB | 32/352 kB
Progress (4): 1.0 MB | 217/516 kB | 163 kB | 32/352 kB
Progress (4): 1.0 MB | 221/516 kB | 163 kB | 32/352 kB
Progress (4): 1.0 MB | 225/516 kB | 163 kB | 32/352 kB
Progress (4): 1.0 MB | 229/516 kB | 163 kB | 32/352 kB
Progress (4): 1.0 MB | 233/516 kB | 163 kB | 32/352 kB
Progress (4): 1.0 MB | 237/516 kB | 163 kB | 32/352 kB
Progress (4): 1.0 MB | 241/516 kB | 163 kB | 32/352 kB
Progress (4): 1.0 MB | 245/516 kB | 163 kB | 32/352 kB
Progress (4): 1.0 MB | 245/516 kB | 163 kB | 36/352 kB
Progress (4): 1.0 MB | 245/516 kB | 163 kB | 40/352 kB
Progress (4): 1.0 MB | 245/516 kB | 163 kB | 45/352 kB
Progress (4): 1.0 MB | 245/516 kB | 163 kB | 49/352 kB
Progress (4): 1.0 MB | 249/516 kB | 163 kB | 49/352 kB
Progress (4): 1.0 MB | 253/516 kB | 163 kB | 49/352 kB
Progress (4): 1.0 MB | 258/516 kB | 163 kB | 49/352 kB
Progress (4): 1.0 MB | 262/516 kB | 163 kB | 49/352 kB
Progress (5): 1.0 MB | 262/516 kB | 163 kB | 49/352 kB | 4.1/54 kB
Progress (5): 1.0 MB | 262/516 kB | 163 kB | 49/352 kB | 7.7/54 kB
Progress (5): 1.0 MB | 262/516 kB | 163 kB | 49/352 kB | 12/54 kB 
Progress (5): 1.0 MB | 262/516 kB | 163 kB | 49/352 kB | 16/54 kB
Progress (5): 1.0 MB | 262/516 kB | 163 kB | 49/352 kB | 20/54 kB
Progress (5): 1.0 MB | 262/516 kB | 163 kB | 49/352 kB | 24/54 kB
Progress (5): 1.0 MB | 262/516 kB | 163 kB | 49/352 kB | 28/54 kB
Progress (5): 1.0 MB | 262/516 kB | 163 kB | 49/352 kB | 32/54 kB
Progress (5): 1.0 MB | 262/516 kB | 163 kB | 49/352 kB | 36/54 kB
Progress (5): 1.0 MB | 262/516 kB | 163 kB | 49/352 kB | 40/54 kB
Progress (5): 1.0 MB | 262/516 kB | 163 kB | 49/352 kB | 45/54 kB
Progress (5): 1.0 MB | 262/516 kB | 163 kB | 49/352 kB | 49/54 kB
Progress (5): 1.0 MB | 262/516 kB | 163 kB | 49/352 kB | 53/54 kB
Progress (5): 1.0 MB | 262/516 kB | 163 kB | 49/352 kB | 54 kB   
Progress (5): 1.0 MB | 266/516 kB | 163 kB | 49/352 kB | 54 kB
Progress (5): 1.0 MB | 270/516 kB | 163 kB | 49/352 kB | 54 kB
Progress (5): 1.0 MB | 274/516 kB | 163 kB | 49/352 kB | 54 kB
Progress (5): 1.0 MB | 278/516 kB | 163 kB | 49/352 kB | 54 kB
Progress (5): 1.0 MB | 278/516 kB | 163 kB | 53/352 kB | 54 kB
Progress (5): 1.0 MB | 278/516 kB | 163 kB | 57/352 kB | 54 kB
Progress (5): 1.0 MB | 278/516 kB | 163 kB | 61/352 kB | 54 kB
Progress (5): 1.0 MB | 278/516 kB | 163 kB | 65/352 kB | 54 kB
Progress (5): 1.0 MB | 282/516 kB | 163 kB | 65/352 kB | 54 kB
Progress (5): 1.0 MB | 286/516 kB | 163 kB | 65/352 kB | 54 kB
Progress (5): 1.0 MB | 290/516 kB | 163 kB | 65/352 kB | 54 kB
Progress (5): 1.0 MB | 294/516 kB | 163 kB | 65/352 kB | 54 kB
Progress (5): 1.0 MB | 298/516 kB | 163 kB | 65/352 kB | 54 kB
Progress (5): 1.0 MB | 303/516 kB | 163 kB | 65/352 kB | 54 kB
Progress (5): 1.0 MB | 307/516 kB | 163 kB | 65/352 kB | 54 kB
Progress (5): 1.0 MB | 311/516 kB | 163 kB | 65/352 kB | 54 kB
Progress (5): 1.0 MB | 315/516 kB | 163 kB | 65/352 kB | 54 kB
Progress (5): 1.0 MB | 319/516 kB | 163 kB | 65/352 kB | 54 kB
Progress (5): 1.0 MB | 323/516 kB | 163 kB | 65/352 kB | 54 kB
Progress (5): 1.0 MB | 327/516 kB | 163 kB | 65/352 kB | 54 kB
Progress (5): 1.0 MB | 331/516 kB | 163 kB | 65/352 kB | 54 kB
Progress (5): 1.0 MB | 335/516 kB | 163 kB | 65/352 kB | 54 kB
Progress (5): 1.0 MB | 339/516 kB | 163 kB | 65/352 kB | 54 kB
Progress (5): 1.0 MB | 344/516 kB | 163 kB | 65/352 kB | 54 kB
Progress (5): 1.0 MB | 348/516 kB | 163 kB | 65/352 kB | 54 kB
Progress (5): 1.0 MB | 352/516 kB | 163 kB | 65/352 kB | 54 kB
Progress (5): 1.0 MB | 356/516 kB | 163 kB | 65/352 kB | 54 kB
Progress (5): 1.0 MB | 360/516 kB | 163 kB | 65/352 kB | 54 kB
Progress (5): 1.0 MB | 364/516 kB | 163 kB | 65/352 kB | 54 kB
Progress (5): 1.0 MB | 368/516 kB | 163 kB | 65/352 kB | 54 kB
Progress (5): 1.0 MB | 372/516 kB | 163 kB | 65/352 kB | 54 kB
Progress (5): 1.0 MB | 376/516 kB | 163 kB | 65/352 kB | 54 kB
Progress (5): 1.0 MB | 380/516 kB | 163 kB | 65/352 kB | 54 kB
Progress (5): 1.0 MB | 384/516 kB | 163 kB | 65/352 kB | 54 kB
Progress (5): 1.0 MB | 389/516 kB | 163 kB | 65/352 kB | 54 kB
Progress (5): 1.0 MB | 393/516 kB | 163 kB | 65/352 kB | 54 kB
                                                              
Downloaded from central: https://repo.maven.apache.org/maven2/org/mortbay/jetty/jetty-util/6.1.14/jetty-util-6.1.14.jar (163 kB at 72 kB/s)
Downloading from central: https://repo.maven.apache.org/maven2/org/apache/maven/maven-core/2.0.8/maven-core-2.0.8.jar
Progress (4): 1.0 MB | 397/516 kB | 65/352 kB | 54 kB
Progress (4): 1.0 MB | 401/516 kB | 65/352 kB | 54 kB
Progress (4): 1.0 MB | 401/516 kB | 69/352 kB | 54 kB
Progress (4): 1.0 MB | 405/516 kB | 69/352 kB | 54 kB
Progress (4): 1.0 MB | 405/516 kB | 73/352 kB | 54 kB
Progress (4): 1.0 MB | 409/516 kB | 73/352 kB | 54 kB
Progress (4): 1.0 MB | 409/516 kB | 77/352 kB | 54 kB
Progress (4): 1.0 MB | 409/516 kB | 81/352 kB | 54 kB
                                                     
Downloaded from central: https://repo.maven.apache.org/maven2/xerces/xercesImpl/2.6.2/xercesImpl-2.6.2.jar (1.0 MB at 443 kB/s)
Downloading from central: https://repo.maven.apache.org/maven2/org/apache/maven/maven-settings/2.0.8/maven-settings-2.0.8.jar
Progress (3): 413/516 kB | 81/352 kB | 54 kB
Progress (3): 417/516 kB | 81/352 kB | 54 kB
Progress (3): 421/516 kB | 81/352 kB | 54 kB
Progress (3): 425/516 kB | 81/352 kB | 54 kB
Progress (3): 430/516 kB | 81/352 kB | 54 kB
Progress (3): 434/516 kB | 81/352 kB | 54 kB
Progress (3): 438/516 kB | 81/352 kB | 54 kB
Progress (3): 442/516 kB | 81/352 kB | 54 kB
Progress (3): 442/516 kB | 85/352 kB | 54 kB
Progress (3): 442/516 kB | 90/352 kB | 54 kB
Progress (3): 446/516 kB | 90/352 kB | 54 kB
Progress (3): 446/516 kB | 94/352 kB | 54 kB
Progress (3): 450/516 kB | 94/352 kB | 54 kB
Progress (3): 450/516 kB | 98/352 kB | 54 kB
Progress (3): 454/516 kB | 98/352 kB | 54 kB
Progress (3): 458/516 kB | 98/352 kB | 54 kB
Progress (3): 462/516 kB | 98/352 kB | 54 kB
Progress (3): 466/516 kB | 98/352 kB | 54 kB
Progress (3): 470/516 kB | 98/352 kB | 54 kB
Progress (3): 475/516 kB | 98/352 kB | 54 kB
Progress (3): 479/516 kB | 98/352 kB | 54 kB
Progress (3): 483/516 kB | 98/352 kB | 54 kB
Progress (3): 487/516 kB | 98/352 kB | 54 kB
Progress (3): 491/516 kB | 98/352 kB | 54 kB
Progress (3): 495/516 kB | 98/352 kB | 54 kB
Progress (3): 499/516 kB | 98/352 kB | 54 kB
Progress (3): 503/516 kB | 98/352 kB | 54 kB
Progress (3): 507/516 kB | 98/352 kB | 54 kB
Progress (3): 507/516 kB | 102/352 kB | 54 kB
Progress (3): 507/516 kB | 106/352 kB | 54 kB
Progress (3): 507/516 kB | 110/352 kB | 54 kB
Progress (3): 507/516 kB | 114/352 kB | 54 kB
Progress (3): 511/516 kB | 114/352 kB | 54 kB
Progress (3): 516/516 kB | 114/352 kB | 54 kB
Progress (3): 516 kB | 114/352 kB | 54 kB    
Progress (3): 516 kB | 118/352 kB | 54 kB
Progress (3): 516 kB | 122/352 kB | 54 kB
Progress (3): 516 kB | 126/352 kB | 54 kB
Progress (3): 516 kB | 131/352 kB | 54 kB
Progress (3): 516 kB | 135/352 kB | 54 kB
Progress (3): 516 kB | 139/352 kB | 54 kB
Progress (3): 516 kB | 143/352 kB | 54 kB
Progress (3): 516 kB | 147/352 kB | 54 kB
                                         
Downloaded from central: https://repo.maven.apache.org/maven2/urbanophile/java-getopt/1.0.9/java-getopt-1.0.9.jar (54 kB at 23 kB/s)
Downloading from central: https://repo.maven.apache.org/maven2/org/apache/maven/maven-plugin-parameter-documenter/2.0.8/maven-plugin-parameter-documenter-2.0.8.jar
Progress (2): 516 kB | 151/352 kB
Progress (2): 516 kB | 155/352 kB
Progress (2): 516 kB | 159/352 kB
Progress (2): 516 kB | 163/352 kB
Progress (2): 516 kB | 167/352 kB
Progress (2): 516 kB | 171/352 kB
Progress (2): 516 kB | 176/352 kB
Progress (2): 516 kB | 180/352 kB
Progress (2): 516 kB | 184/352 kB
Progress (2): 516 kB | 188/352 kB
Progress (2): 516 kB | 192/352 kB
Progress (2): 516 kB | 196/352 kB
Progress (2): 516 kB | 200/352 kB
Progress (2): 516 kB | 204/352 kB
Progress (2): 516 kB | 208/352 kB
Progress (2): 516 kB | 212/352 kB
Progress (2): 516 kB | 217/352 kB
Progress (2): 516 kB | 221/352 kB
Progress (2): 516 kB | 225/352 kB
Progress (2): 516 kB | 229/352 kB
Progress (3): 516 kB | 229/352 kB | 4.1/154 kB
Progress (3): 516 kB | 229/352 kB | 7.7/154 kB
Progress (3): 516 kB | 229/352 kB | 12/154 kB 
Progress (3): 516 kB | 229/352 kB | 16/154 kB
Progress (3): 516 kB | 233/352 kB | 16/154 kB
Progress (3): 516 kB | 237/352 kB | 16/154 kB
Progress (3): 516 kB | 241/352 kB | 16/154 kB
Progress (3): 516 kB | 245/352 kB | 16/154 kB
Progress (3): 516 kB | 245/352 kB | 20/154 kB
Progress (3): 516 kB | 245/352 kB | 24/154 kB
Progress (3): 516 kB | 245/352 kB | 28/154 kB
Progress (3): 516 kB | 245/352 kB | 32/154 kB
Progress (3): 516 kB | 245/352 kB | 36/154 kB
Progress (3): 516 kB | 245/352 kB | 40/154 kB
Progress (3): 516 kB | 245/352 kB | 45/154 kB
Progress (3): 516 kB | 245/352 kB | 49/154 kB
Progress (3): 516 kB | 249/352 kB | 49/154 kB
Progress (3): 516 kB | 253/352 kB | 49/154 kB
Progress (3): 516 kB | 258/352 kB | 49/154 kB
Progress (3): 516 kB | 262/352 kB | 49/154 kB
Progress (3): 516 kB | 262/352 kB | 53/154 kB
Progress (3): 516 kB | 262/352 kB | 57/154 kB
Progress (3): 516 kB | 262/352 kB | 61/154 kB
Progress (3): 516 kB | 262/352 kB | 65/154 kB
Progress (4): 516 kB | 262/352 kB | 65/154 kB | 4.1/49 kB
Progress (4): 516 kB | 262/352 kB | 65/154 kB | 7.7/49 kB
Progress (4): 516 kB | 262/352 kB | 65/154 kB | 12/49 kB 
Progress (4): 516 kB | 262/352 kB | 65/154 kB | 16/49 kB
Progress (4): 516 kB | 262/352 kB | 65/154 kB | 20/49 kB
Progress (4): 516 kB | 262/352 kB | 65/154 kB | 24/49 kB
Progress (4): 516 kB | 262/352 kB | 65/154 kB | 28/49 kB
Progress (4): 516 kB | 262/352 kB | 65/154 kB | 32/49 kB
                                                        
Downloaded from central: https://repo.maven.apache.org/maven2/org/mortbay/jetty/jetty/6.1.14/jetty-6.1.14.jar (516 kB at 207 kB/s)
Downloading from central: https://repo.maven.apache.org/maven2/org/apache/maven/maven-profile/2.0.8/maven-profile-2.0.8.jar
Progress (4): 262/352 kB | 65/154 kB | 32/49 kB | 4.1/21 kB
Progress (4): 262/352 kB | 65/154 kB | 32/49 kB | 7.7/21 kB
Progress (4): 262/352 kB | 65/154 kB | 32/49 kB | 12/21 kB 
Progress (4): 262/352 kB | 65/154 kB | 32/49 kB | 16/21 kB
Progress (4): 262/352 kB | 65/154 kB | 32/49 kB | 20/21 kB
Progress (4): 262/352 kB | 65/154 kB | 32/49 kB | 21 kB   
Progress (4): 266/352 kB | 65/154 kB | 32/49 kB | 21 kB
Progress (4): 270/352 kB | 65/154 kB | 32/49 kB | 21 kB
Progress (4): 274/352 kB | 65/154 kB | 32/49 kB | 21 kB
Progress (4): 278/352 kB | 65/154 kB | 32/49 kB | 21 kB
Progress (4): 282/352 kB | 65/154 kB | 32/49 kB | 21 kB
Progress (4): 286/352 kB | 65/154 kB | 32/49 kB | 21 kB
Progress (4): 290/352 kB | 65/154 kB | 32/49 kB | 21 kB
Progress (4): 294/352 kB | 65/154 kB | 32/49 kB | 21 kB
Progress (4): 298/352 kB | 65/154 kB | 32/49 kB | 21 kB
Progress (4): 303/352 kB | 65/154 kB | 32/49 kB | 21 kB
Progress (4): 307/352 kB | 65/154 kB | 32/49 kB | 21 kB
Progress (4): 311/352 kB | 65/154 kB | 32/49 kB | 21 kB
Progress (4): 311/352 kB | 69/154 kB | 32/49 kB | 21 kB
Progress (4): 315/352 kB | 69/154 kB | 32/49 kB | 21 kB
Progress (4): 315/352 kB | 73/154 kB | 32/49 kB | 21 kB
Progress (4): 319/352 kB | 73/154 kB | 32/49 kB | 21 kB
Progress (4): 319/352 kB | 77/154 kB | 32/49 kB | 21 kB
Progress (4): 323/352 kB | 77/154 kB | 32/49 kB | 21 kB
Progress (4): 323/352 kB | 81/154 kB | 32/49 kB | 21 kB
Progress (4): 327/352 kB | 81/154 kB | 32/49 kB | 21 kB
Progress (4): 327/352 kB | 85/154 kB | 32/49 kB | 21 kB
Progress (4): 331/352 kB | 85/154 kB | 32/49 kB | 21 kB
Progress (4): 331/352 kB | 90/154 kB | 32/49 kB | 21 kB
Progress (4): 335/352 kB | 90/154 kB | 32/49 kB | 21 kB
Progress (4): 335/352 kB | 94/154 kB | 32/49 kB | 21 kB
Progress (4): 339/352 kB | 94/154 kB | 32/49 kB | 21 kB
Progress (4): 339/352 kB | 98/154 kB | 32/49 kB | 21 kB
Progress (4): 344/352 kB | 98/154 kB | 32/49 kB | 21 kB
Progress (4): 348/352 kB | 98/154 kB | 32/49 kB | 21 kB
Progress (4): 348/352 kB | 102/154 kB | 32/49 kB | 21 kB
Progress (4): 352/352 kB | 102/154 kB | 32/49 kB | 21 kB
Progress (4): 352/352 kB | 106/154 kB | 32/49 kB | 21 kB
Progress (4): 352 kB | 106/154 kB | 32/49 kB | 21 kB    
Progress (4): 352 kB | 110/154 kB | 32/49 kB | 21 kB
Progress (4): 352 kB | 114/154 kB | 32/49 kB | 21 kB
Progress (4): 352 kB | 118/154 kB | 32/49 kB | 21 kB
Progress (4): 352 kB | 122/154 kB | 32/49 kB | 21 kB
Progress (4): 352 kB | 126/154 kB | 32/49 kB | 21 kB
Progress (4): 352 kB | 131/154 kB | 32/49 kB | 21 kB
Progress (4): 352 kB | 135/154 kB | 32/49 kB | 21 kB
Progress (4): 352 kB | 139/154 kB | 32/49 kB | 21 kB
Progress (4): 352 kB | 143/154 kB | 32/49 kB | 21 kB
Progress (4): 352 kB | 147/154 kB | 32/49 kB | 21 kB
Progress (4): 352 kB | 151/154 kB | 32/49 kB | 21 kB
Progress (4): 352 kB | 154 kB | 32/49 kB | 21 kB    
Progress (5): 352 kB | 154 kB | 32/49 kB | 21 kB | 4.1/35 kB
Progress (5): 352 kB | 154 kB | 32/49 kB | 21 kB | 7.7/35 kB
Progress (5): 352 kB | 154 kB | 32/49 kB | 21 kB | 12/35 kB 
Progress (5): 352 kB | 154 kB | 32/49 kB | 21 kB | 16/35 kB
Progress (5): 352 kB | 154 kB | 32/49 kB | 21 kB | 20/35 kB
Progress (5): 352 kB | 154 kB | 32/49 kB | 21 kB | 24/35 kB
Progress (5): 352 kB | 154 kB | 32/49 kB | 21 kB | 28/35 kB
Progress (5): 352 kB | 154 kB | 32/49 kB | 21 kB | 32/35 kB
Progress (5): 352 kB | 154 kB | 32/49 kB | 21 kB | 35 kB   
                                                        
Downloaded from central: https://repo.maven.apache.org/maven2/org/apache/maven/maven-plugin-parameter-documenter/2.0.8/maven-plugin-parameter-documenter-2.0.8.jar (21 kB at 7.7 kB/s)
Downloading from central: https://repo.maven.apache.org/maven2/org/apache/maven/maven-model/2.0.8/maven-model-2.0.8.jar
Downloaded from central: https://repo.maven.apache.org/maven2/log4j/log4j/1.2.9/log4j-1.2.9.jar (352 kB at 124 kB/s)
Downloading from central: https://repo.maven.apache.org/maven2/org/apache/maven/maven-repository-metadata/2.0.8/maven-repository-metadata-2.0.8.jar
Downloaded from central: https://repo.maven.apache.org/maven2/org/apache/maven/maven-core/2.0.8/maven-core-2.0.8.jar (154 kB at 54 kB/s)
Downloading from central: https://repo.maven.apache.org/maven2/org/apache/maven/maven-error-diagnostics/2.0.8/maven-error-diagnostics-2.0.8.jar
Progress (2): 36/49 kB | 35 kB
Progress (2): 40/49 kB | 35 kB
Progress (2): 45/49 kB | 35 kB
Progress (2): 49/49 kB | 35 kB
Progress (2): 49 kB | 35 kB   
                           
Downloaded from central: https://repo.maven.apache.org/maven2/org/apache/maven/maven-profile/2.0.8/maven-profile-2.0.8.jar (35 kB at 12 kB/s)
Downloading from central: https://repo.maven.apache.org/maven2/org/apache/maven/maven-plugin-descriptor/2.0.8/maven-plugin-descriptor-2.0.8.jar
Progress (2): 49 kB | 4.1/87 kB
Progress (2): 49 kB | 7.7/87 kB
Progress (2): 49 kB | 12/87 kB 
Progress (2): 49 kB | 16/87 kB
Progress (2): 49 kB | 20/87 kB
Progress (2): 49 kB | 24/87 kB
Progress (2): 49 kB | 28/87 kB
Progress (2): 49 kB | 32/87 kB
Progress (2): 49 kB | 36/87 kB
Progress (2): 49 kB | 40/87 kB
Progress (2): 49 kB | 45/87 kB
Progress (2): 49 kB | 49/87 kB
Progress (2): 49 kB | 53/87 kB
Progress (2): 49 kB | 57/87 kB
Progress (2): 49 kB | 61/87 kB
Progress (2): 49 kB | 65/87 kB
Progress (2): 49 kB | 69/87 kB
Progress (2): 49 kB | 73/87 kB
Progress (2): 49 kB | 77/87 kB
Progress (2): 49 kB | 81/87 kB
Progress (2): 49 kB | 85/87 kB
Progress (2): 49 kB | 87 kB   
Progress (3): 49 kB | 87 kB | 4.1/25 kB
Progress (3): 49 kB | 87 kB | 7.7/25 kB
Progress (3): 49 kB | 87 kB | 12/25 kB 
Progress (3): 49 kB | 87 kB | 16/25 kB
Progress (3): 49 kB | 87 kB | 20/25 kB
Progress (3): 49 kB | 87 kB | 24/25 kB
Progress (3): 49 kB | 87 kB | 25 kB   
Progress (4): 49 kB | 87 kB | 25 kB | 2.8/14 kB
Progress (4): 49 kB | 87 kB | 25 kB | 5.5/14 kB
Progress (4): 49 kB | 87 kB | 25 kB | 8.3/14 kB
Progress (4): 49 kB | 87 kB | 25 kB | 11/14 kB 
Progress (4): 49 kB | 87 kB | 25 kB | 14/14 kB
Progress (4): 49 kB | 87 kB | 25 kB | 14 kB   
                                           
Downloaded from central: https://repo.maven.apache.org/maven2/org/apache/maven/maven-settings/2.0.8/maven-settings-2.0.8.jar (49 kB at 16 kB/s)
Downloading from central: https://repo.maven.apache.org/maven2/org/apache/maven/maven-artifact-manager/2.0.8/maven-artifact-manager-2.0.8.jar
Progress (4): 87 kB | 25 kB | 14 kB | 4.1/37 kB
Progress (4): 87 kB | 25 kB | 14 kB | 7.7/37 kB
Progress (4): 87 kB | 25 kB | 14 kB | 12/37 kB 
Progress (4): 87 kB | 25 kB | 14 kB | 16/37 kB
Progress (4): 87 kB | 25 kB | 14 kB | 20/37 kB
Progress (4): 87 kB | 25 kB | 14 kB | 24/37 kB
Progress (4): 87 kB | 25 kB | 14 kB | 28/37 kB
Progress (4): 87 kB | 25 kB | 14 kB | 32/37 kB
Progress (4): 87 kB | 25 kB | 14 kB | 36/37 kB
Progress (4): 87 kB | 25 kB | 14 kB | 37 kB   
                                           
Downloaded from central: https://repo.maven.apache.org/maven2/org/apache/maven/maven-model/2.0.8/maven-model-2.0.8.jar (87 kB at 28 kB/s)
Downloading from central: https://repo.maven.apache.org/maven2/org/apache/maven/maven-monitor/2.0.8/maven-monitor-2.0.8.jar
Downloaded from central: https://repo.maven.apache.org/maven2/org/apache/maven/maven-repository-metadata/2.0.8/maven-repository-metadata-2.0.8.jar (25 kB at 7.6 kB/s)
Downloading from central: https://repo.maven.apache.org/maven2/org/apache/maven/maven-artifact/2.0.8/maven-artifact-2.0.8.jar
Progress (3): 14 kB | 37 kB | 2.8/57 kB
Progress (3): 14 kB | 37 kB | 5.5/57 kB
Progress (4): 14 kB | 37 kB | 5.5/57 kB | 4.1/10 kB
Progress (4): 14 kB | 37 kB | 5.5/57 kB | 7.7/10 kB
Progress (4): 14 kB | 37 kB | 5.5/57 kB | 10 kB    
Progress (4): 14 kB | 37 kB | 8.3/57 kB | 10 kB
                                               
Downloaded from central: https://repo.maven.apache.org/maven2/org/apache/maven/maven-error-diagnostics/2.0.8/maven-error-diagnostics-2.0.8.jar (14 kB at 4.3 kB/s)
Downloading from central: https://repo.maven.apache.org/maven2/org/apache/maven/maven-plugin-api/2.0.8/maven-plugin-api-2.0.8.jar
Downloaded from central: https://repo.maven.apache.org/maven2/org/apache/maven/maven-plugin-descriptor/2.0.8/maven-plugin-descriptor-2.0.8.jar (37 kB at 11 kB/s)
Downloading from central: https://repo.maven.apache.org/maven2/org/apache/maven/reporting/maven-reporting-api/2.0.8/maven-reporting-api-2.0.8.jar
Progress (2): 11/57 kB | 10 kB
Progress (2): 14/57 kB | 10 kB
Progress (2): 16/57 kB | 10 kB
Progress (2): 19/57 kB | 10 kB
Progress (2): 22/57 kB | 10 kB
Progress (2): 25/57 kB | 10 kB
Progress (2): 27/57 kB | 10 kB
Progress (2): 30/57 kB | 10 kB
Progress (2): 33/57 kB | 10 kB
Progress (2): 37/57 kB | 10 kB
Progress (2): 41/57 kB | 10 kB
Progress (2): 45/57 kB | 10 kB
Progress (2): 49/57 kB | 10 kB
Progress (2): 53/57 kB | 10 kB
Progress (2): 57 kB | 10 kB   
Progress (3): 57 kB | 10 kB | 4.1/88 kB
Progress (3): 57 kB | 10 kB | 7.7/88 kB
Progress (3): 57 kB | 10 kB | 12/88 kB 
Progress (3): 57 kB | 10 kB | 16/88 kB
                                      
Downloaded from central: https://repo.maven.apache.org/maven2/org/apache/maven/maven-monitor/2.0.8/maven-monitor-2.0.8.jar (10 kB at 3.0 kB/s)
Downloading from central: https://repo.maven.apache.org/maven2/org/apache/maven/maven-project/2.0.8/maven-project-2.0.8.jar
Progress (2): 57 kB | 20/88 kB
Progress (2): 57 kB | 24/88 kB
Progress (2): 57 kB | 28/88 kB
Progress (2): 57 kB | 32/88 kB
Progress (3): 57 kB | 32/88 kB | 4.1/13 kB
Progress (3): 57 kB | 32/88 kB | 7.7/13 kB
Progress (3): 57 kB | 32/88 kB | 12/13 kB 
Progress (3): 57 kB | 32/88 kB | 13 kB   
Progress (3): 57 kB | 36/88 kB | 13 kB
Progress (3): 57 kB | 40/88 kB | 13 kB
Progress (4): 57 kB | 40/88 kB | 13 kB | 2.2/10 kB
Progress (4): 57 kB | 45/88 kB | 13 kB | 2.2/10 kB
Progress (4): 57 kB | 45/88 kB | 13 kB | 5.0/10 kB
Progress (4): 57 kB | 49/88 kB | 13 kB | 5.0/10 kB
Progress (4): 57 kB | 49/88 kB | 13 kB | 7.7/10 kB
Progress (4): 57 kB | 49/88 kB | 13 kB | 10 kB    
Progress (4): 57 kB | 53/88 kB | 13 kB | 10 kB
Progress (4): 57 kB | 57/88 kB | 13 kB | 10 kB
Progress (4): 57 kB | 61/88 kB | 13 kB | 10 kB
Progress (4): 57 kB | 65/88 kB | 13 kB | 10 kB
Progress (4): 57 kB | 69/88 kB | 13 kB | 10 kB
Progress (4): 57 kB | 73/88 kB | 13 kB | 10 kB
Progress (4): 57 kB | 77/88 kB | 13 kB | 10 kB
Progress (4): 57 kB | 81/88 kB | 13 kB | 10 kB
Progress (4): 57 kB | 85/88 kB | 13 kB | 10 kB
Progress (4): 57 kB | 88 kB | 13 kB | 10 kB   
                                           
Downloaded from central: https://repo.maven.apache.org/maven2/org/apache/maven/maven-artifact-manager/2.0.8/maven-artifact-manager-2.0.8.jar (57 kB at 16 kB/s)
Downloading from central: https://repo.maven.apache.org/maven2/org/apache/maven/maven-plugin-registry/2.0.8/maven-plugin-registry-2.0.8.jar
Progress (4): 88 kB | 13 kB | 10 kB | 4.1/117 kB
Progress (4): 88 kB | 13 kB | 10 kB | 7.7/117 kB
Progress (4): 88 kB | 13 kB | 10 kB | 12/117 kB 
Progress (4): 88 kB | 13 kB | 10 kB | 16/117 kB
Progress (4): 88 kB | 13 kB | 10 kB | 20/117 kB
Progress (4): 88 kB | 13 kB | 10 kB | 24/117 kB
Progress (4): 88 kB | 13 kB | 10 kB | 28/117 kB
Progress (4): 88 kB | 13 kB | 10 kB | 32/117 kB
Progress (4): 88 kB | 13 kB | 10 kB | 36/117 kB
Progress (4): 88 kB | 13 kB | 10 kB | 40/117 kB
Progress (4): 88 kB | 13 kB | 10 kB | 45/117 kB
Progress (4): 88 kB | 13 kB | 10 kB | 49/117 kB
Progress (4): 88 kB | 13 kB | 10 kB | 53/117 kB
Progress (4): 88 kB | 13 kB | 10 kB | 57/117 kB
Progress (4): 88 kB | 13 kB | 10 kB | 61/117 kB
Progress (4): 88 kB | 13 kB | 10 kB | 65/117 kB
Progress (4): 88 kB | 13 kB | 10 kB | 69/117 kB
Progress (4): 88 kB | 13 kB | 10 kB | 73/117 kB
Progress (4): 88 kB | 13 kB | 10 kB | 77/117 kB
Progress (4): 88 kB | 13 kB | 10 kB | 81/117 kB
Progress (4): 88 kB | 13 kB | 10 kB | 85/117 kB
Progress (4): 88 kB | 13 kB | 10 kB | 90/117 kB
Progress (4): 88 kB | 13 kB | 10 kB | 94/117 kB
Progress (4): 88 kB | 13 kB | 10 kB | 98/117 kB
Progress (4): 88 kB | 13 kB | 10 kB | 102/117 kB
Progress (4): 88 kB | 13 kB | 10 kB | 106/117 kB
Progress (4): 88 kB | 13 kB | 10 kB | 110/117 kB
Progress (4): 88 kB | 13 kB | 10 kB | 114/117 kB
Progress (4): 88 kB | 13 kB | 10 kB | 117 kB    
                                            
Downloaded from central: https://repo.maven.apache.org/maven2/org/apache/maven/maven-plugin-api/2.0.8/maven-plugin-api-2.0.8.jar (13 kB at 3.6 kB/s)
Downloading from central: https://repo.maven.apache.org/maven2/org/apache/maven/reporting/maven-reporting-impl/2.0.4.2/maven-reporting-impl-2.0.4.2.jar
Downloaded from central: https://repo.maven.apache.org/maven2/org/apache/maven/reporting/maven-reporting-api/2.0.8/maven-reporting-api-2.0.8.jar (10 kB at 2.8 kB/s)
Downloading from central: https://repo.maven.apache.org/maven2/org/codehaus/plexus/plexus-utils/2.0.2/plexus-utils-2.0.2.jar
Downloaded from central: https://repo.maven.apache.org/maven2/org/apache/maven/maven-artifact/2.0.8/maven-artifact-2.0.8.jar (88 kB at 24 kB/s)
Progress (2): 117 kB | 4.1/29 kB
Progress (2): 117 kB | 7.7/29 kB
Progress (2): 117 kB | 12/29 kB 
Progress (2): 117 kB | 16/29 kB
Progress (2): 117 kB | 20/29 kB
Progress (2): 117 kB | 24/29 kB
Progress (2): 117 kB | 28/29 kB
Progress (2): 117 kB | 29 kB   
                            
Downloaded from central: https://repo.maven.apache.org/maven2/org/apache/maven/maven-project/2.0.8/maven-project-2.0.8.jar (117 kB at 31 kB/s)
Progress (2): 29 kB | 4.1/20 kB
Progress (2): 29 kB | 7.7/20 kB
Progress (2): 29 kB | 12/20 kB 
Progress (2): 29 kB | 16/20 kB
Progress (2): 29 kB | 20/20 kB
Progress (2): 29 kB | 20 kB   
Progress (3): 29 kB | 20 kB | 2.2/223 kB
Progress (3): 29 kB | 20 kB | 5.0/223 kB
Progress (3): 29 kB | 20 kB | 7.7/223 kB
Progress (3): 29 kB | 20 kB | 10/223 kB 
Progress (3): 29 kB | 20 kB | 13/223 kB
Progress (3): 29 kB | 20 kB | 16/223 kB
Progress (3): 29 kB | 20 kB | 19/223 kB
Progress (3): 29 kB | 20 kB | 21/223 kB
Progress (3): 29 kB | 20 kB | 24/223 kB
Progress (3): 29 kB | 20 kB | 27/223 kB
Progress (3): 29 kB | 20 kB | 30/223 kB
Progress (3): 29 kB | 20 kB | 32/223 kB
Progress (3): 29 kB | 20 kB | 36/223 kB
Progress (3): 29 kB | 20 kB | 40/223 kB
Progress (3): 29 kB | 20 kB | 45/223 kB
Progress (3): 29 kB | 20 kB | 49/223 kB
Progress (3): 29 kB | 20 kB | 53/223 kB
Progress (3): 29 kB | 20 kB | 57/223 kB
Progress (3): 29 kB | 20 kB | 61/223 kB
Progress (3): 29 kB | 20 kB | 65/223 kB
Progress (3): 29 kB | 20 kB | 69/223 kB
                                       
Downloaded from central: https://repo.maven.apache.org/maven2/org/apache/maven/maven-plugin-registry/2.0.8/maven-plugin-registry-2.0.8.jar (29 kB at 7.6 kB/s)
Progress (2): 20 kB | 73/223 kB
Progress (2): 20 kB | 77/223 kB
Progress (2): 20 kB | 81/223 kB
Progress (2): 20 kB | 85/223 kB
Progress (2): 20 kB | 90/223 kB
Progress (2): 20 kB | 94/223 kB
Progress (2): 20 kB | 98/223 kB
Progress (2): 20 kB | 102/223 kB
Progress (2): 20 kB | 106/223 kB
Progress (2): 20 kB | 110/223 kB
Progress (2): 20 kB | 114/223 kB
Progress (2): 20 kB | 118/223 kB
Progress (2): 20 kB | 122/223 kB
Progress (2): 20 kB | 126/223 kB
Progress (2): 20 kB | 131/223 kB
Progress (2): 20 kB | 135/223 kB
Progress (2): 20 kB | 139/223 kB
Progress (2): 20 kB | 143/223 kB
Progress (2): 20 kB | 147/223 kB
Progress (2): 20 kB | 151/223 kB
Progress (2): 20 kB | 155/223 kB
Progress (2): 20 kB | 159/223 kB
Progress (2): 20 kB | 163/223 kB
Progress (2): 20 kB | 167/223 kB
Progress (2): 20 kB | 171/223 kB
Progress (2): 20 kB | 176/223 kB
Progress (2): 20 kB | 180/223 kB
Progress (2): 20 kB | 184/223 kB
Progress (2): 20 kB | 188/223 kB
Progress (2): 20 kB | 192/223 kB
Progress (2): 20 kB | 196/223 kB
Progress (2): 20 kB | 200/223 kB
Progress (2): 20 kB | 204/223 kB
Progress (2): 20 kB | 208/223 kB
Progress (2): 20 kB | 212/223 kB
Progress (2): 20 kB | 217/223 kB
Progress (2): 20 kB | 221/223 kB
Progress (2): 20 kB | 223 kB    
                            
Downloaded from central: https://repo.maven.apache.org/maven2/org/apache/maven/reporting/maven-reporting-impl/2.0.4.2/maven-reporting-impl-2.0.4.2.jar (20 kB at 5.1 kB/s)
Downloaded from central: https://repo.maven.apache.org/maven2/org/codehaus/plexus/plexus-utils/2.0.2/plexus-utils-2.0.2.jar (223 kB at 55 kB/s)
[INFO] 
[INFO] --- maven-dependency-plugin:2.8:list (default-cli) @ java-verbal-expressions ---
[INFO] 
[INFO] The following files have been resolved:
[INFO]    junit:junit:jar:4.11:test
[INFO]    org.hamcrest:hamcrest-core:jar:1.3:test
[INFO] 
[INFO] 
[INFO] --- maven-resources-plugin:2.6:resources (default-resources) @ java-verbal-expressions ---
[INFO] Using 'UTF-8' encoding to copy filtered resources.
[INFO] skip non existing resourceDirectory /home/cgzhu/projects/gitslice/resources/facts/upgrade_jars_exp/_downloads/JavaVerbalExpressions/src/main/resources
[INFO] 
[INFO] --- maven-compiler-plugin:3.1:compile (default-compile) @ java-verbal-expressions ---
[INFO] Changes detected - recompiling the module!
[INFO] Compiling 1 source file to /home/cgzhu/projects/gitslice/resources/facts/upgrade_jars_exp/_downloads/JavaVerbalExpressions/target/classes
[INFO] 
[INFO] --- bnd-maven-plugin:3.3.0:bnd-process (default) @ java-verbal-expressions ---
Downloading from central: https://repo.maven.apache.org/maven2/biz/aQute/bnd/biz.aQute.bndlib/3.3.0/biz.aQute.bndlib-3.3.0.pom
Progress (1): 1.3 kB
                    
Downloaded from central: https://repo.maven.apache.org/maven2/biz/aQute/bnd/biz.aQute.bndlib/3.3.0/biz.aQute.bndlib-3.3.0.pom (1.3 kB at 3.3 kB/s)
Downloading from central: https://repo.maven.apache.org/maven2/biz/aQute/bnd/biz.aQute.bndlib/3.3.0/biz.aQute.bndlib-3.3.0.jar
Progress (1): 0/2.5 MB
Progress (1): 0/2.5 MB
Progress (1): 0/2.5 MB
Progress (1): 0/2.5 MB
Progress (1): 0/2.5 MB
Progress (1): 0/2.5 MB
Progress (1): 0/2.5 MB
Progress (1): 0/2.5 MB
Progress (1): 0/2.5 MB
Progress (1): 0/2.5 MB
Progress (1): 0/2.5 MB
Progress (1): 0/2.5 MB
Progress (1): 0/2.5 MB
Progress (1): 0/2.5 MB
Progress (1): 0/2.5 MB
Progress (1): 0/2.5 MB
Progress (1): 0.1/2.5 MB
Progress (1): 0.1/2.5 MB
Progress (1): 0.1/2.5 MB
Progress (1): 0.1/2.5 MB
Progress (1): 0.1/2.5 MB
Progress (1): 0.1/2.5 MB
Progress (1): 0.1/2.5 MB
Progress (1): 0.1/2.5 MB
Progress (1): 0.1/2.5 MB
Progress (1): 0.1/2.5 MB
Progress (1): 0.1/2.5 MB
Progress (1): 0.1/2.5 MB
Progress (1): 0.1/2.5 MB
Progress (1): 0.1/2.5 MB
Progress (1): 0.1/2.5 MB
Progress (1): 0.1/2.5 MB
Progress (1): 0.1/2.5 MB
Progress (1): 0.1/2.5 MB
Progress (1): 0.1/2.5 MB
Progress (1): 0.1/2.5 MB
Progress (1): 0.1/2.5 MB
Progress (1): 0.1/2.5 MB
Progress (1): 0.1/2.5 MB
Progress (1): 0.1/2.5 MB
Progress (1): 0.2/2.5 MB
Progress (1): 0.2/2.5 MB
Progress (1): 0.2/2.5 MB
Progress (1): 0.2/2.5 MB
Progress (1): 0.2/2.5 MB
Progress (1): 0.2/2.5 MB
Progress (1): 0.2/2.5 MB
Progress (1): 0.2/2.5 MB
Progress (1): 0.2/2.5 MB
Progress (1): 0.2/2.5 MB
Progress (1): 0.2/2.5 MB
Progress (1): 0.2/2.5 MB
Progress (1): 0.2/2.5 MB
Progress (1): 0.2/2.5 MB
Progress (1): 0.2/2.5 MB
Progress (1): 0.2/2.5 MB
Progress (1): 0.2/2.5 MB
Progress (1): 0.2/2.5 MB
Progress (1): 0.2/2.5 MB
Progress (1): 0.2/2.5 MB
Progress (1): 0.2/2.5 MB
Progress (1): 0.2/2.5 MB
Progress (1): 0.2/2.5 MB
Progress (1): 0.2/2.5 MB
Progress (1): 0.2/2.5 MB
Progress (1): 0.3/2.5 MB
Progress (1): 0.3/2.5 MB
Progress (1): 0.3/2.5 MB
Progress (1): 0.3/2.5 MB
Progress (1): 0.3/2.5 MB
Progress (1): 0.3/2.5 MB
Progress (1): 0.3/2.5 MB
Progress (1): 0.3/2.5 MB
Progress (1): 0.3/2.5 MB
Progress (1): 0.3/2.5 MB
Progress (1): 0.3/2.5 MB
Progress (1): 0.3/2.5 MB
Progress (1): 0.3/2.5 MB
Progress (1): 0.3/2.5 MB
Progress (1): 0.3/2.5 MB
Progress (1): 0.3/2.5 MB
Progress (1): 0.3/2.5 MB
Progress (1): 0.3/2.5 MB
Progress (1): 0.3/2.5 MB
Progress (1): 0.3/2.5 MB
Progress (1): 0.3/2.5 MB
Progress (1): 0.3/2.5 MB
Progress (1): 0.3/2.5 MB
Progress (1): 0.3/2.5 MB
Progress (1): 0.4/2.5 MB
Progress (1): 0.4/2.5 MB
Progress (1): 0.4/2.5 MB
Progress (1): 0.4/2.5 MB
Progress (1): 0.4/2.5 MB
Progress (1): 0.4/2.5 MB
Progress (1): 0.4/2.5 MB
Progress (1): 0.4/2.5 MB
Progress (1): 0.4/2.5 MB
Progress (1): 0.4/2.5 MB
Progress (1): 0.4/2.5 MB
Progress (1): 0.4/2.5 MB
Progress (1): 0.4/2.5 MB
Progress (1): 0.4/2.5 MB
Progress (1): 0.4/2.5 MB
Progress (1): 0.4/2.5 MB
Progress (1): 0.4/2.5 MB
Progress (1): 0.4/2.5 MB
Progress (1): 0.4/2.5 MB
Progress (1): 0.4/2.5 MB
Progress (1): 0.4/2.5 MB
Progress (1): 0.4/2.5 MB
Progress (1): 0.4/2.5 MB
Progress (1): 0.4/2.5 MB
Progress (1): 0.5/2.5 MB
Progress (1): 0.5/2.5 MB
Progress (1): 0.5/2.5 MB
Progress (1): 0.5/2.5 MB
Progress (1): 0.5/2.5 MB
Progress (1): 0.5/2.5 MB
Progress (1): 0.5/2.5 MB
Progress (1): 0.5/2.5 MB
Progress (1): 0.5/2.5 MB
Progress (1): 0.5/2.5 MB
Progress (1): 0.5/2.5 MB
Progress (1): 0.5/2.5 MB
Progress (1): 0.5/2.5 MB
Progress (1): 0.5/2.5 MB
Progress (1): 0.5/2.5 MB
Progress (1): 0.5/2.5 MB
Progress (1): 0.5/2.5 MB
Progress (1): 0.5/2.5 MB
Progress (1): 0.5/2.5 MB
Progress (1): 0.5/2.5 MB
Progress (1): 0.5/2.5 MB
Progress (1): 0.5/2.5 MB
Progress (1): 0.5/2.5 MB
Progress (1): 0.5/2.5 MB
Progress (1): 0.5/2.5 MB
Progress (1): 0.6/2.5 MB
Progress (1): 0.6/2.5 MB
Progress (1): 0.6/2.5 MB
Progress (1): 0.6/2.5 MB
Progress (1): 0.6/2.5 MB
Progress (1): 0.6/2.5 MB
Progress (1): 0.6/2.5 MB
Progress (1): 0.6/2.5 MB
Progress (1): 0.6/2.5 MB
Progress (1): 0.6/2.5 MB
Progress (1): 0.6/2.5 MB
Progress (1): 0.6/2.5 MB
Progress (1): 0.6/2.5 MB
Progress (1): 0.6/2.5 MB
Progress (1): 0.6/2.5 MB
Progress (1): 0.6/2.5 MB
Progress (1): 0.6/2.5 MB
Progress (1): 0.6/2.5 MB
Progress (1): 0.6/2.5 MB
Progress (1): 0.6/2.5 MB
Progress (1): 0.6/2.5 MB
Progress (1): 0.6/2.5 MB
Progress (1): 0.6/2.5 MB
Progress (1): 0.6/2.5 MB
Progress (1): 0.7/2.5 MB
Progress (1): 0.7/2.5 MB
Progress (1): 0.7/2.5 MB
Progress (1): 0.7/2.5 MB
Progress (1): 0.7/2.5 MB
Progress (1): 0.7/2.5 MB
Progress (1): 0.7/2.5 MB
Progress (1): 0.7/2.5 MB
Progress (1): 0.7/2.5 MB
Progress (1): 0.7/2.5 MB
Progress (1): 0.7/2.5 MB
Progress (1): 0.7/2.5 MB
Progress (1): 0.7/2.5 MB
Progress (1): 0.7/2.5 MB
Progress (1): 0.7/2.5 MB
Progress (1): 0.7/2.5 MB
Progress (1): 0.7/2.5 MB
Progress (1): 0.7/2.5 MB
Progress (1): 0.7/2.5 MB
Progress (1): 0.7/2.5 MB
Progress (1): 0.7/2.5 MB
Progress (1): 0.7/2.5 MB
Progress (1): 0.7/2.5 MB
Progress (1): 0.7/2.5 MB
Progress (1): 0.7/2.5 MB
Progress (1): 0.8/2.5 MB
Progress (1): 0.8/2.5 MB
Progress (1): 0.8/2.5 MB
Progress (1): 0.8/2.5 MB
Progress (1): 0.8/2.5 MB
Progress (1): 0.8/2.5 MB
Progress (1): 0.8/2.5 MB
Progress (1): 0.8/2.5 MB
Progress (1): 0.8/2.5 MB
Progress (1): 0.8/2.5 MB
Progress (1): 0.8/2.5 MB
Progress (1): 0.8/2.5 MB
Progress (1): 0.8/2.5 MB
Progress (1): 0.8/2.5 MB
Progress (1): 0.8/2.5 MB
Progress (1): 0.8/2.5 MB
Progress (1): 0.8/2.5 MB
Progress (1): 0.8/2.5 MB
Progress (1): 0.8/2.5 MB
Progress (1): 0.8/2.5 MB
Progress (1): 0.8/2.5 MB
Progress (1): 0.8/2.5 MB
Progress (1): 0.8/2.5 MB
Progress (1): 0.8/2.5 MB
Progress (1): 0.9/2.5 MB
Progress (1): 0.9/2.5 MB
Progress (1): 0.9/2.5 MB
Progress (1): 0.9/2.5 MB
Progress (1): 0.9/2.5 MB
Progress (1): 0.9/2.5 MB
Progress (1): 0.9/2.5 MB
Progress (1): 0.9/2.5 MB
Progress (1): 0.9/2.5 MB
Progress (1): 0.9/2.5 MB
Progress (1): 0.9/2.5 MB
Progress (1): 0.9/2.5 MB
Progress (1): 0.9/2.5 MB
Progress (1): 0.9/2.5 MB
Progress (1): 0.9/2.5 MB
Progress (1): 0.9/2.5 MB
Progress (1): 0.9/2.5 MB
Progress (1): 0.9/2.5 MB
Progress (1): 0.9/2.5 MB
Progress (1): 0.9/2.5 MB
Progress (1): 0.9/2.5 MB
Progress (1): 0.9/2.5 MB
Progress (1): 0.9/2.5 MB
Progress (1): 0.9/2.5 MB
Progress (1): 0.9/2.5 MB
Progress (1): 1.0/2.5 MB
Progress (1): 1.0/2.5 MB
Progress (1): 1.0/2.5 MB
Progress (1): 1.0/2.5 MB
Progress (1): 1.0/2.5 MB
Progress (1): 1.0/2.5 MB
Progress (1): 1.0/2.5 MB
Progress (1): 1.0/2.5 MB
Progress (1): 1.0/2.5 MB
Progress (1): 1.0/2.5 MB
Progress (1): 1.0/2.5 MB
Progress (1): 1.0/2.5 MB
Progress (1): 1.0/2.5 MB
Progress (1): 1.0/2.5 MB
Progress (1): 1.0/2.5 MB
Progress (1): 1.0/2.5 MB
Progress (1): 1.0/2.5 MB
Progress (1): 1.0/2.5 MB
Progress (1): 1.0/2.5 MB
Progress (1): 1.0/2.5 MB
Progress (1): 1.0/2.5 MB
Progress (1): 1.0/2.5 MB
Progress (1): 1.0/2.5 MB
Progress (1): 1.0/2.5 MB
Progress (1): 1.1/2.5 MB
Progress (1): 1.1/2.5 MB
Progress (1): 1.1/2.5 MB
Progress (1): 1.1/2.5 MB
Progress (1): 1.1/2.5 MB
Progress (1): 1.1/2.5 MB
Progress (1): 1.1/2.5 MB
Progress (1): 1.1/2.5 MB
Progress (1): 1.1/2.5 MB
Progress (1): 1.1/2.5 MB
Progress (1): 1.1/2.5 MB
Progress (1): 1.1/2.5 MB
Progress (1): 1.1/2.5 MB
Progress (1): 1.1/2.5 MB
Progress (1): 1.1/2.5 MB
Progress (1): 1.1/2.5 MB
Progress (1): 1.1/2.5 MB
Progress (1): 1.1/2.5 MB
Progress (1): 1.1/2.5 MB
Progress (1): 1.1/2.5 MB
Progress (1): 1.1/2.5 MB
Progress (1): 1.1/2.5 MB
Progress (1): 1.1/2.5 MB
Progress (1): 1.1/2.5 MB
Progress (1): 1.2/2.5 MB
Progress (1): 1.2/2.5 MB
Progress (1): 1.2/2.5 MB
Progress (1): 1.2/2.5 MB
Progress (1): 1.2/2.5 MB
Progress (1): 1.2/2.5 MB
Progress (1): 1.2/2.5 MB
Progress (1): 1.2/2.5 MB
Progress (1): 1.2/2.5 MB
Progress (1): 1.2/2.5 MB
Progress (1): 1.2/2.5 MB
Progress (1): 1.2/2.5 MB
Progress (1): 1.2/2.5 MB
Progress (1): 1.2/2.5 MB
Progress (1): 1.2/2.5 MB
Progress (1): 1.2/2.5 MB
Progress (1): 1.2/2.5 MB
Progress (1): 1.2/2.5 MB
Progress (1): 1.2/2.5 MB
Progress (1): 1.2/2.5 MB
Progress (1): 1.2/2.5 MB
Progress (1): 1.2/2.5 MB
Progress (1): 1.2/2.5 MB
Progress (1): 1.2/2.5 MB
Progress (1): 1.2/2.5 MB
Progress (1): 1.3/2.5 MB
Progress (1): 1.3/2.5 MB
Progress (1): 1.3/2.5 MB
Progress (1): 1.3/2.5 MB
Progress (1): 1.3/2.5 MB
Progress (1): 1.3/2.5 MB
Progress (1): 1.3/2.5 MB
Progress (1): 1.3/2.5 MB
Progress (1): 1.3/2.5 MB
Progress (1): 1.3/2.5 MB
Progress (1): 1.3/2.5 MB
Progress (1): 1.3/2.5 MB
Progress (1): 1.3/2.5 MB
Progress (1): 1.3/2.5 MB
Progress (1): 1.3/2.5 MB
Progress (1): 1.3/2.5 MB
Progress (1): 1.3/2.5 MB
Progress (1): 1.3/2.5 MB
Progress (1): 1.3/2.5 MB
Progress (1): 1.3/2.5 MB
Progress (1): 1.3/2.5 MB
Progress (1): 1.3/2.5 MB
Progress (1): 1.3/2.5 MB
Progress (1): 1.3/2.5 MB
Progress (1): 1.4/2.5 MB
Progress (1): 1.4/2.5 MB
Progress (1): 1.4/2.5 MB
Progress (1): 1.4/2.5 MB
Progress (1): 1.4/2.5 MB
Progress (1): 1.4/2.5 MB
Progress (1): 1.4/2.5 MB
Progress (1): 1.4/2.5 MB
Progress (1): 1.4/2.5 MB
Progress (1): 1.4/2.5 MB
Progress (1): 1.4/2.5 MB
Progress (1): 1.4/2.5 MB
Progress (1): 1.4/2.5 MB
Progress (1): 1.4/2.5 MB
Progress (1): 1.4/2.5 MB
Progress (1): 1.4/2.5 MB
Progress (1): 1.4/2.5 MB
Progress (1): 1.4/2.5 MB
Progress (1): 1.4/2.5 MB
Progress (1): 1.4/2.5 MB
Progress (1): 1.4/2.5 MB
Progress (1): 1.4/2.5 MB
Progress (1): 1.4/2.5 MB
Progress (1): 1.4/2.5 MB
Progress (1): 1.4/2.5 MB
Progress (1): 1.5/2.5 MB
Progress (1): 1.5/2.5 MB
Progress (1): 1.5/2.5 MB
Progress (1): 1.5/2.5 MB
Progress (1): 1.5/2.5 MB
Progress (1): 1.5/2.5 MB
Progress (1): 1.5/2.5 MB
Progress (1): 1.5/2.5 MB
Progress (1): 1.5/2.5 MB
Progress (1): 1.5/2.5 MB
Progress (1): 1.5/2.5 MB
Progress (1): 1.5/2.5 MB
Progress (1): 1.5/2.5 MB
Progress (1): 1.5/2.5 MB
Progress (1): 1.5/2.5 MB
Progress (1): 1.5/2.5 MB
Progress (1): 1.5/2.5 MB
Progress (1): 1.5/2.5 MB
Progress (1): 1.5/2.5 MB
Progress (1): 1.5/2.5 MB
Progress (1): 1.5/2.5 MB
Progress (1): 1.5/2.5 MB
Progress (1): 1.5/2.5 MB
Progress (1): 1.5/2.5 MB
Progress (1): 1.6/2.5 MB
Progress (1): 1.6/2.5 MB
Progress (1): 1.6/2.5 MB
Progress (1): 1.6/2.5 MB
Progress (1): 1.6/2.5 MB
Progress (1): 1.6/2.5 MB
Progress (1): 1.6/2.5 MB
Progress (1): 1.6/2.5 MB
Progress (1): 1.6/2.5 MB
Progress (1): 1.6/2.5 MB
Progress (1): 1.6/2.5 MB
Progress (1): 1.6/2.5 MB
Progress (1): 1.6/2.5 MB
Progress (1): 1.6/2.5 MB
Progress (1): 1.6/2.5 MB
Progress (1): 1.6/2.5 MB
Progress (1): 1.6/2.5 MB
Progress (1): 1.6/2.5 MB
Progress (1): 1.6/2.5 MB
Progress (1): 1.6/2.5 MB
Progress (1): 1.6/2.5 MB
Progress (1): 1.6/2.5 MB
Progress (1): 1.6/2.5 MB
Progress (1): 1.6/2.5 MB
Progress (1): 1.7/2.5 MB
Progress (1): 1.7/2.5 MB
Progress (1): 1.7/2.5 MB
Progress (1): 1.7/2.5 MB
Progress (1): 1.7/2.5 MB
Progress (1): 1.7/2.5 MB
Progress (1): 1.7/2.5 MB
Progress (1): 1.7/2.5 MB
Progress (1): 1.7/2.5 MB
Progress (1): 1.7/2.5 MB
Progress (1): 1.7/2.5 MB
Progress (1): 1.7/2.5 MB
Progress (1): 1.7/2.5 MB
Progress (1): 1.7/2.5 MB
Progress (1): 1.7/2.5 MB
Progress (1): 1.7/2.5 MB
Progress (1): 1.7/2.5 MB
Progress (1): 1.7/2.5 MB
Progress (1): 1.7/2.5 MB
Progress (1): 1.7/2.5 MB
Progress (1): 1.7/2.5 MB
Progress (1): 1.7/2.5 MB
Progress (1): 1.7/2.5 MB
Progress (1): 1.7/2.5 MB
Progress (1): 1.7/2.5 MB
Progress (1): 1.8/2.5 MB
Progress (1): 1.8/2.5 MB
Progress (1): 1.8/2.5 MB
Progress (1): 1.8/2.5 MB
Progress (1): 1.8/2.5 MB
Progress (1): 1.8/2.5 MB
Progress (1): 1.8/2.5 MB
Progress (1): 1.8/2.5 MB
Progress (1): 1.8/2.5 MB
Progress (1): 1.8/2.5 MB
Progress (1): 1.8/2.5 MB
Progress (1): 1.8/2.5 MB
Progress (1): 1.8/2.5 MB
Progress (1): 1.8/2.5 MB
Progress (1): 1.8/2.5 MB
Progress (1): 1.8/2.5 MB
Progress (1): 1.8/2.5 MB
Progress (1): 1.8/2.5 MB
Progress (1): 1.8/2.5 MB
Progress (1): 1.8/2.5 MB
Progress (1): 1.8/2.5 MB
Progress (1): 1.8/2.5 MB
Progress (1): 1.8/2.5 MB
Progress (1): 1.8/2.5 MB
Progress (1): 1.8/2.5 MB
Progress (1): 1.9/2.5 MB
Progress (1): 1.9/2.5 MB
Progress (1): 1.9/2.5 MB
Progress (1): 1.9/2.5 MB
Progress (1): 1.9/2.5 MB
Progress (1): 1.9/2.5 MB
Progress (1): 1.9/2.5 MB
Progress (1): 1.9/2.5 MB
Progress (1): 1.9/2.5 MB
Progress (1): 1.9/2.5 MB
Progress (1): 1.9/2.5 MB
Progress (1): 1.9/2.5 MB
Progress (1): 1.9/2.5 MB
Progress (1): 1.9/2.5 MB
Progress (1): 1.9/2.5 MB
Progress (1): 1.9/2.5 MB
Progress (1): 1.9/2.5 MB
Progress (1): 1.9/2.5 MB
Progress (1): 1.9/2.5 MB
Progress (1): 1.9/2.5 MB
Progress (1): 1.9/2.5 MB
Progress (1): 1.9/2.5 MB
Progress (1): 1.9/2.5 MB
Progress (1): 1.9/2.5 MB
Progress (1): 1.9/2.5 MB
Progress (1): 2.0/2.5 MB
Progress (1): 2.0/2.5 MB
Progress (1): 2.0/2.5 MB
Progress (1): 2.0/2.5 MB
Progress (1): 2.0/2.5 MB
Progress (1): 2.0/2.5 MB
Progress (1): 2.0/2.5 MB
Progress (1): 2.0/2.5 MB
Progress (1): 2.0/2.5 MB
Progress (1): 2.0/2.5 MB
Progress (1): 2.0/2.5 MB
Progress (1): 2.0/2.5 MB
Progress (1): 2.0/2.5 MB
Progress (1): 2.0/2.5 MB
Progress (1): 2.0/2.5 MB
Progress (1): 2.0/2.5 MB
Progress (1): 2.0/2.5 MB
Progress (1): 2.0/2.5 MB
Progress (1): 2.0/2.5 MB
Progress (1): 2.0/2.5 MB
Progress (1): 2.0/2.5 MB
Progress (1): 2.0/2.5 MB
Progress (1): 2.0/2.5 MB
Progress (1): 2.0/2.5 MB
Progress (1): 2.1/2.5 MB
Progress (1): 2.1/2.5 MB
Progress (1): 2.1/2.5 MB
Progress (1): 2.1/2.5 MB
Progress (1): 2.1/2.5 MB
Progress (1): 2.1/2.5 MB
Progress (1): 2.1/2.5 MB
Progress (1): 2.1/2.5 MB
Progress (1): 2.1/2.5 MB
Progress (1): 2.1/2.5 MB
Progress (1): 2.1/2.5 MB
Progress (1): 2.1/2.5 MB
Progress (1): 2.1/2.5 MB
Progress (1): 2.1/2.5 MB
Progress (1): 2.1/2.5 MB
Progress (1): 2.1/2.5 MB
Progress (1): 2.1/2.5 MB
Progress (1): 2.1/2.5 MB
Progress (1): 2.1/2.5 MB
Progress (1): 2.1/2.5 MB
Progress (1): 2.1/2.5 MB
Progress (1): 2.1/2.5 MB
Progress (1): 2.1/2.5 MB
Progress (1): 2.1/2.5 MB
Progress (1): 2.2/2.5 MB
Progress (1): 2.2/2.5 MB
Progress (1): 2.2/2.5 MB
Progress (1): 2.2/2.5 MB
Progress (1): 2.2/2.5 MB
Progress (1): 2.2/2.5 MB
Progress (1): 2.2/2.5 MB
Progress (1): 2.2/2.5 MB
Progress (1): 2.2/2.5 MB
Progress (1): 2.2/2.5 MB
Progress (1): 2.2/2.5 MB
Progress (1): 2.2/2.5 MB
Progress (1): 2.2/2.5 MB
Progress (1): 2.2/2.5 MB
Progress (1): 2.2/2.5 MB
Progress (1): 2.2/2.5 MB
Progress (1): 2.2/2.5 MB
Progress (1): 2.2/2.5 MB
Progress (1): 2.2/2.5 MB
Progress (1): 2.2/2.5 MB
Progress (1): 2.2/2.5 MB
Progress (1): 2.2/2.5 MB
Progress (1): 2.2/2.5 MB
Progress (1): 2.2/2.5 MB
Progress (1): 2.2/2.5 MB
Progress (1): 2.3/2.5 MB
Progress (1): 2.3/2.5 MB
Progress (1): 2.3/2.5 MB
Progress (1): 2.3/2.5 MB
Progress (1): 2.3/2.5 MB
Progress (1): 2.3/2.5 MB
Progress (1): 2.3/2.5 MB
Progress (1): 2.3/2.5 MB
Progress (1): 2.3/2.5 MB
Progress (1): 2.3/2.5 MB
Progress (1): 2.3/2.5 MB
Progress (1): 2.3/2.5 MB
Progress (1): 2.3/2.5 MB
Progress (1): 2.3/2.5 MB
Progress (1): 2.3/2.5 MB
Progress (1): 2.3/2.5 MB
Progress (1): 2.3/2.5 MB
Progress (1): 2.3/2.5 MB
Progress (1): 2.3/2.5 MB
Progress (1): 2.3/2.5 MB
Progress (1): 2.3/2.5 MB
Progress (1): 2.3/2.5 MB
Progress (1): 2.3/2.5 MB
Progress (1): 2.3/2.5 MB
Progress (1): 2.4/2.5 MB
Progress (1): 2.4/2.5 MB
Progress (1): 2.4/2.5 MB
Progress (1): 2.4/2.5 MB
Progress (1): 2.4/2.5 MB
Progress (1): 2.4/2.5 MB
Progress (1): 2.4/2.5 MB
Progress (1): 2.4/2.5 MB
Progress (1): 2.4/2.5 MB
Progress (1): 2.4/2.5 MB
Progress (1): 2.4/2.5 MB
Progress (1): 2.4/2.5 MB
Progress (1): 2.4/2.5 MB
Progress (1): 2.4/2.5 MB
Progress (1): 2.4/2.5 MB
Progress (1): 2.4/2.5 MB
Progress (1): 2.4/2.5 MB
Progress (1): 2.4/2.5 MB
Progress (1): 2.4/2.5 MB
Progress (1): 2.4/2.5 MB
Progress (1): 2.4/2.5 MB
Progress (1): 2.4/2.5 MB
Progress (1): 2.4/2.5 MB
Progress (1): 2.4/2.5 MB
Progress (1): 2.4/2.5 MB
Progress (1): 2.5/2.5 MB
Progress (1): 2.5/2.5 MB
Progress (1): 2.5/2.5 MB
Progress (1): 2.5/2.5 MB
Progress (1): 2.5/2.5 MB
Progress (1): 2.5/2.5 MB
Progress (1): 2.5/2.5 MB
Progress (1): 2.5/2.5 MB
Progress (1): 2.5/2.5 MB
Progress (1): 2.5 MB    
                    
Downloaded from central: https://repo.maven.apache.org/maven2/biz/aQute/bnd/biz.aQute.bndlib/3.3.0/biz.aQute.bndlib-3.3.0.jar (2.5 MB at 2.5 MB/s)
[WARNING] /home/cgzhu/projects/gitslice/resources/facts/upgrade_jars_exp/_downloads/JavaVerbalExpressions/bnd.bnd [0:0]: Classpath is empty. Private-Package (-privatepackage) and Export-Package can only expand from the classpath when there is one
[INFO] 
[INFO] --- maven-resources-plugin:2.6:testResources (default-testResources) @ java-verbal-expressions ---
[INFO] Using 'UTF-8' encoding to copy filtered resources.
[INFO] skip non existing resourceDirectory /home/cgzhu/projects/gitslice/resources/facts/upgrade_jars_exp/_downloads/JavaVerbalExpressions/src/test/resources
[INFO] 
[INFO] --- maven-compiler-plugin:3.1:testCompile (default-testCompile) @ java-verbal-expressions ---
[INFO] Changes detected - recompiling the module!
[INFO] Compiling 8 source files to /home/cgzhu/projects/gitslice/resources/facts/upgrade_jars_exp/_downloads/JavaVerbalExpressions/target/test-classes
[INFO] 
[INFO] --- maven-surefire-plugin:2.12.4:test (default-test) @ java-verbal-expressions ---
[INFO] Surefire report directory: /home/cgzhu/projects/gitslice/resources/facts/upgrade_jars_exp/_downloads/JavaVerbalExpressions/target/surefire-reports

-------------------------------------------------------
 T E S T S
-------------------------------------------------------
Running ru.lanwen.verbalregex.RealWorldUnitTest
Tests run: 8, Failures: 0, Errors: 0, Skipped: 1, Time elapsed: 0.036 sec
Running ru.lanwen.verbalregex.PredefinedCharClassesTest
Tests run: 7, Failures: 0, Errors: 0, Skipped: 0, Time elapsed: 0.001 sec
Running ru.lanwen.verbalregex.UsageLibTest
Tests run: 3, Failures: 0, Errors: 0, Skipped: 0, Time elapsed: 0.002 sec
Running ru.lanwen.verbalregex.NegativeCasesTest
Tests run: 12, Failures: 0, Errors: 0, Skipped: 0, Time elapsed: 0.008 sec
Running ru.lanwen.verbalregex.BasicFunctionalityUnitTest
Tests run: 54, Failures: 0, Errors: 0, Skipped: 0, Time elapsed: 0.028 sec

Results :

Tests run: 84, Failures: 0, Errors: 0, Skipped: 1

[INFO] ------------------------------------------------------------------------
[INFO] BUILD SUCCESS
[INFO] ------------------------------------------------------------------------
[INFO] Total time: 22.002 s
[INFO] Finished at: 2019-08-20T18:01:20+08:00
[INFO] ------------------------------------------------------------------------
