[VERSION]: 3.0.0
[INFO] Scanning for projects...
[INFO] 
[INFO] -------------------< com.github.javafaker:javafaker >-------------------
[INFO] Building Java Faker 0.15
[INFO] --------------------------------[ jar ]---------------------------------
[INFO] 
[INFO] --- maven-clean-plugin:2.5:clean (default-clean) @ javafaker ---
[INFO] Deleting /home/cgzhu/projects/gitslice/resources/facts/upgrade_jars_exp/_downloads/java-faker/target
[INFO] 
[INFO] --- maven-dependency-plugin:2.8:list (default-cli) @ javafaker ---
[INFO] 
[INFO] The following files have been resolved:
[INFO]    org.javassist:javassist:jar:3.21.0-GA:test
[INFO]    org.hamcrest:hamcrest-core:jar:1.3:test
[INFO]    commons-beanutils:commons-beanutils:jar:1.9.2:test
[INFO]    org.slf4j:slf4j-simple:jar:1.7.25:test
[INFO]    org.apache.commons:commons-lang3:jar:3.5:compile
[INFO]    net.bytebuddy:byte-buddy-agent:jar:1.9.10:test
[INFO]    commons-validator:commons-validator:jar:1.6:test
[INFO]    commons-digester:commons-digester:jar:1.8.1:test
[INFO]    commons-collections:commons-collections:jar:3.2.2:test
[INFO]    org.hamcrest:hamcrest-library:jar:1.3:test
[INFO]    junit:junit:jar:4.12:test
[INFO]    org.yaml:snakeyaml:jar:android:1.20:compile
[INFO]    com.google.guava:guava:jar:20.0:test
[INFO]    dk.brics.automaton:automaton:jar:1.11-8:compile
[INFO]    org.slf4j:slf4j-api:jar:1.7.25:test
[INFO]    commons-logging:commons-logging:jar:1.2:test
[INFO]    net.bytebuddy:byte-buddy:jar:1.9.10:test
[INFO]    org.reflections:reflections:jar:0.9.11:test
[INFO]    org.objenesis:objenesis:jar:2.6:test
[INFO]    com.github.mifmif:generex:jar:1.0.2:compile
[INFO]    org.mockito:mockito-core:jar:3.0.0:test
[INFO] 
[INFO] 
[INFO] --- maven-enforcer-plugin:1.0:enforce (enforce-maven) @ javafaker ---
[INFO] 
[INFO] --- maven-resources-plugin:2.6:resources (default-resources) @ javafaker ---
[INFO] Using 'UTF-8' encoding to copy filtered resources.
[INFO] Copying 47 resources
[INFO] 
[INFO] --- maven-compiler-plugin:3.7.0:compile (default-compile) @ javafaker ---
[INFO] Changes detected - recompiling the module!
[INFO] Compiling 64 source files to /home/cgzhu/projects/gitslice/resources/facts/upgrade_jars_exp/_downloads/java-faker/target/classes
[INFO] /home/cgzhu/projects/gitslice/resources/facts/upgrade_jars_exp/_downloads/java-faker/src/main/java/com/github/javafaker/service/FakeValuesService.java: /home/cgzhu/projects/gitslice/resources/facts/upgrade_jars_exp/_downloads/java-faker/src/main/java/com/github/javafaker/service/FakeValuesService.java uses unchecked or unsafe operations.
[INFO] /home/cgzhu/projects/gitslice/resources/facts/upgrade_jars_exp/_downloads/java-faker/src/main/java/com/github/javafaker/service/FakeValuesService.java: Recompile with -Xlint:unchecked for details.
[INFO] 
[INFO] --- maven-resources-plugin:2.6:testResources (default-testResources) @ javafaker ---
[INFO] Using 'UTF-8' encoding to copy filtered resources.
[INFO] Copying 1 resource
[INFO] 
[INFO] --- maven-compiler-plugin:3.7.0:testCompile (default-testCompile) @ javafaker ---
[INFO] Changes detected - recompiling the module!
[INFO] Compiling 71 source files to /home/cgzhu/projects/gitslice/resources/facts/upgrade_jars_exp/_downloads/java-faker/target/test-classes
[INFO] 
[INFO] --- maven-surefire-plugin:2.12.4:test (default-test) @ javafaker ---
[INFO] Surefire report directory: /home/cgzhu/projects/gitslice/resources/facts/upgrade_jars_exp/_downloads/java-faker/target/surefire-reports

-------------------------------------------------------
 T E S T S
-------------------------------------------------------
Running com.github.javafaker.LebowskiTest
Tests run: 3, Failures: 0, Errors: 0, Skipped: 0, Time elapsed: 0.989 sec
Running com.github.javafaker.CommerceTest
Tests run: 8, Failures: 0, Errors: 0, Skipped: 0, Time elapsed: 0.473 sec
Running com.github.javafaker.SpaceTest
Tests run: 13, Failures: 0, Errors: 0, Skipped: 0, Time elapsed: 0.464 sec
Running com.github.javafaker.matchers.IsANumberTest
Tests run: 4, Failures: 0, Errors: 0, Skipped: 0, Time elapsed: 0.002 sec
Running com.github.javafaker.FriendsTest
Tests run: 3, Failures: 0, Errors: 0, Skipped: 0, Time elapsed: 0.098 sec
Running com.github.javafaker.InternetTest
Tests run: 26, Failures: 0, Errors: 0, Skipped: 0, Time elapsed: 5.489 sec
Running com.github.javafaker.HackerTest
Tests run: 5, Failures: 0, Errors: 0, Skipped: 0, Time elapsed: 0.147 sec
Running com.github.javafaker.AppTest
Tests run: 3, Failures: 0, Errors: 0, Skipped: 0, Time elapsed: 0.091 sec
Running com.github.javafaker.AvatarTest
Tests run: 1, Failures: 0, Errors: 0, Skipped: 0, Time elapsed: 0.03 sec
Running com.github.javafaker.FinanceTest
Tests run: 5, Failures: 0, Errors: 0, Skipped: 0, Time elapsed: 0.188 sec
Running com.github.javafaker.SuperheroTest
Tests run: 5, Failures: 0, Errors: 0, Skipped: 0, Time elapsed: 0.147 sec
Running com.github.javafaker.ColorTest
Tests run: 1, Failures: 0, Errors: 0, Skipped: 0, Time elapsed: 0.033 sec
Running com.github.javafaker.RickAndMortyTest
Tests run: 3, Failures: 0, Errors: 0, Skipped: 0, Time elapsed: 0.089 sec
Running com.github.javafaker.HarryPotterTest
Tests run: 4, Failures: 0, Errors: 0, Skipped: 0, Time elapsed: 0.118 sec
Running com.github.javafaker.TwinPeaksTest
Tests run: 3, Failures: 0, Errors: 0, Skipped: 0, Time elapsed: 0.088 sec
Running com.github.javafaker.FileTest
Tests run: 7, Failures: 0, Errors: 0, Skipped: 0, Time elapsed: 0.212 sec
Running com.github.javafaker.MusicTest
Tests run: 3, Failures: 0, Errors: 0, Skipped: 0, Time elapsed: 0.089 sec
Running com.github.javafaker.RockBandTest
Tests run: 1, Failures: 0, Errors: 0, Skipped: 0, Time elapsed: 0.029 sec
Running com.github.javafaker.CurrencyTest
Tests run: 2, Failures: 0, Errors: 0, Skipped: 0, Time elapsed: 0.059 sec
Running com.github.javafaker.idnumbers.SwedishIdNumberTest
Tests run: 2, Failures: 0, Errors: 0, Skipped: 0, Time elapsed: 0.008 sec
Running com.github.javafaker.EsportsTest
Tests run: 5, Failures: 0, Errors: 0, Skipped: 0, Time elapsed: 0.148 sec
Running com.github.javafaker.TeamTest
Tests run: 4, Failures: 0, Errors: 0, Skipped: 0, Time elapsed: 0.125 sec
Running com.github.javafaker.WeatherTest
Tests run: 5, Failures: 0, Errors: 0, Skipped: 0, Time elapsed: 0.16 sec
Running com.github.javafaker.StockTest
Tests run: 2, Failures: 0, Errors: 0, Skipped: 0, Time elapsed: 0.059 sec
Running com.github.javafaker.YodaTest
Tests run: 1, Failures: 0, Errors: 0, Skipped: 0, Time elapsed: 0.03 sec
Running com.github.javafaker.LordOfTheRingsTest
Tests run: 2, Failures: 0, Errors: 0, Skipped: 0, Time elapsed: 0.06 sec
Running com.github.javafaker.IdNumberTest
Tests run: 5, Failures: 0, Errors: 0, Skipped: 0, Time elapsed: 0.526 sec
Running com.github.javafaker.WitcherTest
Tests run: 6, Failures: 0, Errors: 0, Skipped: 0, Time elapsed: 0.185 sec
Running com.github.javafaker.CompanyTest
Tests run: 9, Failures: 0, Errors: 0, Skipped: 0, Time elapsed: 0.268 sec
Running com.github.javafaker.JobTest
Tests run: 5, Failures: 0, Errors: 0, Skipped: 0, Time elapsed: 0.148 sec
Running com.github.javafaker.ChuckNorrisTest
Tests run: 1, Failures: 0, Errors: 0, Skipped: 0, Time elapsed: 0.03 sec
Running com.github.javafaker.CodeTest
Tests run: 11, Failures: 0, Errors: 0, Skipped: 0, Time elapsed: 5.372 sec
Running com.github.javafaker.OptionsTest
Tests run: 5, Failures: 0, Errors: 0, Skipped: 0, Time elapsed: 0.152 sec
Running com.github.javafaker.SlackEmojiTest
Tests run: 9, Failures: 0, Errors: 0, Skipped: 0, Time elapsed: 0.272 sec
Running com.github.javafaker.ShakespeareTest
Tests run: 4, Failures: 0, Errors: 0, Skipped: 0, Time elapsed: 0.121 sec
Running com.github.javafaker.integration.UkLocalDirectivesTest
Tests run: 1, Failures: 0, Errors: 0, Skipped: 0, Time elapsed: 0.058 sec
Running com.github.javafaker.MatzTest
Tests run: 1, Failures: 0, Errors: 0, Skipped: 0, Time elapsed: 0.047 sec
Running com.github.javafaker.BoolTest
Tests run: 1, Failures: 0, Errors: 0, Skipped: 0, Time elapsed: 0.045 sec
Running com.github.javafaker.DateAndTimeTest
Tests run: 6, Failures: 0, Errors: 0, Skipped: 0, Time elapsed: 0.366 sec
Running com.github.javafaker.NumberTest
[main] INFO com.github.javafaker.NumberTest - Range -25 to 25 is 0.8333333333333334 percent unique.
[main] INFO com.github.javafaker.NumberTest - Range -50 to 50 is 0.88 percent unique.
[main] INFO com.github.javafaker.NumberTest - Range -75 to 75 is 0.8648648648648649 percent unique.
[main] INFO com.github.javafaker.NumberTest - Range -100 to 100 is 0.84 percent unique.
[main] INFO com.github.javafaker.NumberTest - Range -125 to 125 is 0.8548387096774194 percent unique.
[main] INFO com.github.javafaker.NumberTest - Range -150 to 150 is 0.88 percent unique.
[main] INFO com.github.javafaker.NumberTest - Range -175 to 175 is 0.896551724137931 percent unique.
[main] INFO com.github.javafaker.NumberTest - Range -200 to 200 is 0.89 percent unique.
[main] INFO com.github.javafaker.NumberTest - Range -225 to 225 is 0.9107142857142857 percent unique.
[main] INFO com.github.javafaker.NumberTest - Range -250 to 250 is 0.912 percent unique.
[main] INFO com.github.javafaker.NumberTest - Range -275 to 275 is 0.8467153284671532 percent unique.
[main] INFO com.github.javafaker.NumberTest - Range -300 to 300 is 0.8733333333333333 percent unique.
[main] INFO com.github.javafaker.NumberTest - Range -325 to 325 is 0.9012345679012346 percent unique.
[main] INFO com.github.javafaker.NumberTest - Range -350 to 350 is 0.8571428571428571 percent unique.
[main] INFO com.github.javafaker.NumberTest - Range -375 to 375 is 0.8823529411764706 percent unique.
[main] INFO com.github.javafaker.NumberTest - Range -400 to 400 is 0.88 percent unique.
[main] INFO com.github.javafaker.NumberTest - Range -425 to 425 is 0.9009433962264151 percent unique.
[main] INFO com.github.javafaker.NumberTest - Range -450 to 450 is 0.8888888888888888 percent unique.
[main] INFO com.github.javafaker.NumberTest - Range -475 to 475 is 0.8776371308016878 percent unique.
[main] INFO com.github.javafaker.NumberTest - Range -500 to 500 is 0.908 percent unique.
[main] INFO com.github.javafaker.NumberTest - Range -525 to 525 is 0.851145038167939 percent unique.
[main] INFO com.github.javafaker.NumberTest - Range -550 to 550 is 0.88 percent unique.
[main] INFO com.github.javafaker.NumberTest - Range -575 to 575 is 0.8710801393728222 percent unique.
[main] INFO com.github.javafaker.NumberTest - Range -600 to 600 is 0.88 percent unique.
[main] INFO com.github.javafaker.NumberTest - Range -625 to 625 is 0.8685897435897436 percent unique.
[main] INFO com.github.javafaker.NumberTest - Range -650 to 650 is 0.9261538461538461 percent unique.
[main] INFO com.github.javafaker.NumberTest - Range -675 to 675 is 0.8635014836795252 percent unique.
[main] INFO com.github.javafaker.NumberTest - Range -700 to 700 is 0.8942857142857142 percent unique.
[main] INFO com.github.javafaker.NumberTest - Range -725 to 725 is 0.8867403314917127 percent unique.
[main] INFO com.github.javafaker.NumberTest - Range -750 to 750 is 0.8586666666666667 percent unique.
[main] INFO com.github.javafaker.NumberTest - Range -775 to 775 is 0.8811369509043928 percent unique.
[main] INFO com.github.javafaker.NumberTest - Range -800 to 800 is 0.8525 percent unique.
[main] INFO com.github.javafaker.NumberTest - Range -825 to 825 is 0.8762135922330098 percent unique.
[main] INFO com.github.javafaker.NumberTest - Range -850 to 850 is 0.9035294117647059 percent unique.
[main] INFO com.github.javafaker.NumberTest - Range -875 to 875 is 0.8901601830663616 percent unique.
[main] INFO com.github.javafaker.NumberTest - Range -900 to 900 is 0.8866666666666667 percent unique.
[main] INFO com.github.javafaker.NumberTest - Range -925 to 925 is 0.8874458874458875 percent unique.
[main] INFO com.github.javafaker.NumberTest - Range -950 to 950 is 0.8863157894736842 percent unique.
[main] INFO com.github.javafaker.NumberTest - Range -975 to 975 is 0.8891170431211499 percent unique.
[main] INFO com.github.javafaker.NumberTest - Range -25 to 25 is 1.0 percent unique.
[main] INFO com.github.javafaker.NumberTest - Range -50 to 50 is 0.8 percent unique.
[main] INFO com.github.javafaker.NumberTest - Range -75 to 75 is 0.8378378378378378 percent unique.
[main] INFO com.github.javafaker.NumberTest - Range -100 to 100 is 0.88 percent unique.
[main] INFO com.github.javafaker.NumberTest - Range -125 to 125 is 0.8870967741935484 percent unique.
[main] INFO com.github.javafaker.NumberTest - Range -150 to 150 is 0.8933333333333333 percent unique.
[main] INFO com.github.javafaker.NumberTest - Range -175 to 175 is 0.8505747126436781 percent unique.
[main] INFO com.github.javafaker.NumberTest - Range -200 to 200 is 0.91 percent unique.
[main] INFO com.github.javafaker.NumberTest - Range -225 to 225 is 0.9285714285714286 percent unique.
[main] INFO com.github.javafaker.NumberTest - Range -250 to 250 is 0.872 percent unique.
[main] INFO com.github.javafaker.NumberTest - Range -275 to 275 is 0.8978102189781022 percent unique.
[main] INFO com.github.javafaker.NumberTest - Range -300 to 300 is 0.9133333333333333 percent unique.
[main] INFO com.github.javafaker.NumberTest - Range -325 to 325 is 0.8765432098765432 percent unique.
[main] INFO com.github.javafaker.NumberTest - Range -350 to 350 is 0.8685714285714285 percent unique.
[main] INFO com.github.javafaker.NumberTest - Range -375 to 375 is 0.9037433155080213 percent unique.
[main] INFO com.github.javafaker.NumberTest - Range -400 to 400 is 0.9 percent unique.
[main] INFO com.github.javafaker.NumberTest - Range -425 to 425 is 0.8867924528301887 percent unique.
[main] INFO com.github.javafaker.NumberTest - Range -450 to 450 is 0.8888888888888888 percent unique.
[main] INFO com.github.javafaker.NumberTest - Range -475 to 475 is 0.8987341772151899 percent unique.
[main] INFO com.github.javafaker.NumberTest - Range -500 to 500 is 0.88 percent unique.
[main] INFO com.github.javafaker.NumberTest - Range -525 to 525 is 0.8816793893129771 percent unique.
[main] INFO com.github.javafaker.NumberTest - Range -550 to 550 is 0.8945454545454545 percent unique.
[main] INFO com.github.javafaker.NumberTest - Range -575 to 575 is 0.8745644599303136 percent unique.
[main] INFO com.github.javafaker.NumberTest - Range -600 to 600 is 0.8833333333333333 percent unique.
[main] INFO com.github.javafaker.NumberTest - Range -625 to 625 is 0.8653846153846154 percent unique.
[main] INFO com.github.javafaker.NumberTest - Range -650 to 650 is 0.8861538461538462 percent unique.
[main] INFO com.github.javafaker.NumberTest - Range -675 to 675 is 0.8545994065281899 percent unique.
[main] INFO com.github.javafaker.NumberTest - Range -700 to 700 is 0.8514285714285714 percent unique.
[main] INFO com.github.javafaker.NumberTest - Range -725 to 725 is 0.8812154696132597 percent unique.
[main] INFO com.github.javafaker.NumberTest - Range -750 to 750 is 0.912 percent unique.
[main] INFO com.github.javafaker.NumberTest - Range -775 to 775 is 0.8940568475452196 percent unique.
[main] INFO com.github.javafaker.NumberTest - Range -800 to 800 is 0.9125 percent unique.
[main] INFO com.github.javafaker.NumberTest - Range -825 to 825 is 0.8883495145631068 percent unique.
[main] INFO com.github.javafaker.NumberTest - Range -850 to 850 is 0.8917647058823529 percent unique.
[main] INFO com.github.javafaker.NumberTest - Range -875 to 875 is 0.8924485125858124 percent unique.
[main] INFO com.github.javafaker.NumberTest - Range -900 to 900 is 0.9088888888888889 percent unique.
[main] INFO com.github.javafaker.NumberTest - Range -925 to 925 is 0.8722943722943723 percent unique.
[main] INFO com.github.javafaker.NumberTest - Range -950 to 950 is 0.8947368421052632 percent unique.
[main] INFO com.github.javafaker.NumberTest - Range -975 to 975 is 0.8809034907597536 percent unique.
[main] INFO com.github.javafaker.NumberTest - Range -25 to 25 is 0.9166666666666666 percent unique.
[main] INFO com.github.javafaker.NumberTest - Range -50 to 50 is 0.8 percent unique.
[main] INFO com.github.javafaker.NumberTest - Range -75 to 75 is 0.8378378378378378 percent unique.
[main] INFO com.github.javafaker.NumberTest - Range -100 to 100 is 0.9 percent unique.
[main] INFO com.github.javafaker.NumberTest - Range -125 to 125 is 0.8870967741935484 percent unique.
[main] INFO com.github.javafaker.NumberTest - Range -150 to 150 is 0.88 percent unique.
[main] INFO com.github.javafaker.NumberTest - Range -175 to 175 is 0.9310344827586207 percent unique.
[main] INFO com.github.javafaker.NumberTest - Range -200 to 200 is 0.89 percent unique.
[main] INFO com.github.javafaker.NumberTest - Range -225 to 225 is 0.8928571428571429 percent unique.
[main] INFO com.github.javafaker.NumberTest - Range -250 to 250 is 0.88 percent unique.
[main] INFO com.github.javafaker.NumberTest - Range -275 to 275 is 0.8978102189781022 percent unique.
[main] INFO com.github.javafaker.NumberTest - Range -300 to 300 is 0.88 percent unique.
[main] INFO com.github.javafaker.NumberTest - Range -325 to 325 is 0.8950617283950617 percent unique.
[main] INFO com.github.javafaker.NumberTest - Range -350 to 350 is 0.9085714285714286 percent unique.
[main] INFO com.github.javafaker.NumberTest - Range -375 to 375 is 0.8663101604278075 percent unique.
[main] INFO com.github.javafaker.NumberTest - Range -400 to 400 is 0.875 percent unique.
[main] INFO com.github.javafaker.NumberTest - Range -425 to 425 is 0.8962264150943396 percent unique.
[main] INFO com.github.javafaker.NumberTest - Range -450 to 450 is 0.8755555555555555 percent unique.
[main] INFO com.github.javafaker.NumberTest - Range -475 to 475 is 0.8860759493670886 percent unique.
[main] INFO com.github.javafaker.NumberTest - Range -500 to 500 is 0.88 percent unique.
[main] INFO com.github.javafaker.NumberTest - Range -525 to 525 is 0.8473282442748091 percent unique.
[main] INFO com.github.javafaker.NumberTest - Range -550 to 550 is 0.9163636363636364 percent unique.
[main] INFO com.github.javafaker.NumberTest - Range -575 to 575 is 0.8989547038327527 percent unique.
[main] INFO com.github.javafaker.NumberTest - Range -600 to 600 is 0.9066666666666666 percent unique.
[main] INFO com.github.javafaker.NumberTest - Range -625 to 625 is 0.8589743589743589 percent unique.
[main] INFO com.github.javafaker.NumberTest - Range -650 to 650 is 0.8584615384615385 percent unique.
[main] INFO com.github.javafaker.NumberTest - Range -675 to 675 is 0.8694362017804155 percent unique.
[main] INFO com.github.javafaker.NumberTest - Range -700 to 700 is 0.8685714285714285 percent unique.
[main] INFO com.github.javafaker.NumberTest - Range -725 to 725 is 0.8922651933701657 percent unique.
[main] INFO com.github.javafaker.NumberTest - Range -750 to 750 is 0.8933333333333333 percent unique.
[main] INFO com.github.javafaker.NumberTest - Range -775 to 775 is 0.8656330749354005 percent unique.
[main] INFO com.github.javafaker.NumberTest - Range -800 to 800 is 0.8825 percent unique.
[main] INFO com.github.javafaker.NumberTest - Range -825 to 825 is 0.883495145631068 percent unique.
[main] INFO com.github.javafaker.NumberTest - Range -850 to 850 is 0.8964705882352941 percent unique.
[main] INFO com.github.javafaker.NumberTest - Range -875 to 875 is 0.9016018306636155 percent unique.
[main] INFO com.github.javafaker.NumberTest - Range -900 to 900 is 0.8866666666666667 percent unique.
[main] INFO com.github.javafaker.NumberTest - Range -925 to 925 is 0.8961038961038961 percent unique.
[main] INFO com.github.javafaker.NumberTest - Range -950 to 950 is 0.8589473684210527 percent unique.
[main] INFO com.github.javafaker.NumberTest - Range -975 to 975 is 0.891170431211499 percent unique.
Tests run: 14, Failures: 0, Errors: 0, Skipped: 0, Time elapsed: 1.518 sec
Running com.github.javafaker.RandomFakerTest
Tests run: 4, Failures: 0, Errors: 0, Skipped: 0, Time elapsed: 0.239 sec
Running com.github.javafaker.ZeldaTest
Tests run: 2, Failures: 0, Errors: 0, Skipped: 0, Time elapsed: 0.06 sec
Running com.github.javafaker.CatTest
Tests run: 3, Failures: 0, Errors: 0, Skipped: 0, Time elapsed: 0.09 sec
Running com.github.javafaker.AddressTest
Tests run: 14, Failures: 0, Errors: 0, Skipped: 0, Time elapsed: 0.569 sec
Running com.github.javafaker.ArtistTest
Tests run: 1, Failures: 0, Errors: 0, Skipped: 0, Time elapsed: 0.031 sec
Running com.github.javafaker.LoremTest
Tests run: 14, Failures: 0, Errors: 0, Skipped: 0, Time elapsed: 0.459 sec
Running com.github.javafaker.CryptoTest
Tests run: 4, Failures: 0, Errors: 0, Skipped: 0, Time elapsed: 0.138 sec
Running com.github.javafaker.FakerTest
Tests run: 27, Failures: 0, Errors: 0, Skipped: 0, Time elapsed: 1.014 sec
Running com.github.javafaker.PokemonTest
Tests run: 2, Failures: 0, Errors: 0, Skipped: 0, Time elapsed: 0.061 sec
Running com.github.javafaker.service.FakeValuesServiceTest
Tests run: 22, Failures: 0, Errors: 0, Skipped: 0, Time elapsed: 1.501 sec
Running com.github.javafaker.service.RandomServiceTest
Tests run: 8, Failures: 0, Errors: 0, Skipped: 0, Time elapsed: 0.252 sec
Running com.github.javafaker.EducatorTest
Tests run: 4, Failures: 0, Errors: 0, Skipped: 0, Time elapsed: 0.127 sec
Running com.github.javafaker.BeerTest
Tests run: 5, Failures: 0, Errors: 0, Skipped: 0, Time elapsed: 0.154 sec
Running com.github.javafaker.DemographicTest
Tests run: 5, Failures: 0, Errors: 0, Skipped: 0, Time elapsed: 0.157 sec
Running com.github.javafaker.AncientTest
Tests run: 4, Failures: 0, Errors: 0, Skipped: 0, Time elapsed: 0.123 sec
Running com.github.javafaker.HipsterTest
Tests run: 1, Failures: 0, Errors: 0, Skipped: 0, Time elapsed: 0.031 sec
Running com.github.javafaker.FoodTest
Tests run: 3, Failures: 0, Errors: 0, Skipped: 0, Time elapsed: 0.092 sec
Running com.github.javafaker.NameTest
Tests run: 9, Failures: 0, Errors: 0, Skipped: 0, Time elapsed: 0.28 sec
Running com.github.javafaker.GameOfThronesTest
Tests run: 5, Failures: 0, Errors: 0, Skipped: 0, Time elapsed: 0.156 sec
Running com.github.javafaker.UniversityTest
Tests run: 3, Failures: 0, Errors: 0, Skipped: 0, Time elapsed: 0.092 sec
Running com.github.javafaker.BookTest
Tests run: 4, Failures: 0, Errors: 0, Skipped: 0, Time elapsed: 0.124 sec
Running com.github.javafaker.PhoneNumberTest
Tests run: 5, Failures: 0, Errors: 0, Skipped: 0, Time elapsed: 0.31 sec

Results :

Tests run: 348, Failures: 0, Errors: 0, Skipped: 0

[INFO] ------------------------------------------------------------------------
[INFO] BUILD SUCCESS
[INFO] ------------------------------------------------------------------------
[INFO] Total time: 27.775 s
[INFO] Finished at: 2019-08-20T16:18:25+08:00
[INFO] ------------------------------------------------------------------------
