[VERSION]: 1.25
[INFO] Scanning for projects...
[WARNING] 
[WARNING] Some problems were encountered while building the effective model for org.bukkit:bukkit:jar:1.7.9-R0.2
[WARNING] Reporting configuration should be done in <reporting> section, not in maven-site-plugin <configuration> as reportPlugins parameter. @ line 69, column 32
[WARNING] 
[WARNING] It is highly recommended to fix these problems because they threaten the stability of your build.
[WARNING] 
[WARNING] For this reason, future Maven versions might no longer support building such malformed projects.
[WARNING] 
[INFO] 
[INFO] -------------------------< org.bukkit:bukkit >--------------------------
[INFO] Building Bukkit 1.7.9-R0.2
[INFO] --------------------------------[ jar ]---------------------------------
[INFO] 
[INFO] --- maven-clean-plugin:2.5:clean (default-clean) @ bukkit ---
[INFO] Deleting /home/cgzhu/projects/gitslice/resources/facts/upgrade_jars_exp/_downloads/Bukkit/target
[INFO] 
[INFO] --- maven-dependency-plugin:2.8:list (default-cli) @ bukkit ---
[INFO] 
[INFO] The following files have been resolved:
[INFO]    commons-lang:commons-lang:jar:2.3:compile
[INFO]    junit:junit:jar:4.11:test
[INFO]    com.google.guava:guava:jar:10.0.1:compile
[INFO]    com.google.code.findbugs:jsr305:jar:1.3.9:compile
[INFO]    org.hamcrest:hamcrest-core:jar:1.3:test
[INFO]    org.yaml:snakeyaml:jar:1.25:compile
[INFO]    com.googlecode.json-simple:json-simple:jar:1.1:compile
[INFO]    org.hamcrest:hamcrest-library:jar:1.3:test
[INFO]    org.avaje:ebean:jar:2.7.3:compile
[INFO]    javax.persistence:persistence-api:jar:1.0:compile
[INFO] 
[INFO] 
[INFO] --- maven-resources-plugin:2.6:resources (default-resources) @ bukkit ---
[INFO] Using 'UTF-8' encoding to copy filtered resources.
[INFO] skip non existing resourceDirectory /home/cgzhu/projects/gitslice/resources/facts/upgrade_jars_exp/_downloads/Bukkit/src/main/resources
[INFO] 
[INFO] --- maven-compiler-plugin:2.3.2:compile (default-compile) @ bukkit ---
[INFO] Compiling 641 source files to /home/cgzhu/projects/gitslice/resources/facts/upgrade_jars_exp/_downloads/Bukkit/target/classes
[INFO] 
[INFO] --- maven-resources-plugin:2.6:testResources (default-testResources) @ bukkit ---
[INFO] Using 'UTF-8' encoding to copy filtered resources.
[INFO] skip non existing resourceDirectory /home/cgzhu/projects/gitslice/resources/facts/upgrade_jars_exp/_downloads/Bukkit/src/test/resources
[INFO] 
[INFO] --- maven-compiler-plugin:2.3.2:testCompile (default-testCompile) @ bukkit ---
[INFO] Compiling 47 source files to /home/cgzhu/projects/gitslice/resources/facts/upgrade_jars_exp/_downloads/Bukkit/target/test-classes
[INFO] 
[INFO] --- maven-surefire-plugin:2.12.4:test (default-test) @ bukkit ---
[INFO] Surefire report directory: /home/cgzhu/projects/gitslice/resources/facts/upgrade_jars_exp/_downloads/Bukkit/target/surefire-reports

-------------------------------------------------------
 T E S T S
-------------------------------------------------------
Running org.bukkit.plugin.PluginManagerTest
Aug 20, 2019 4:12:40 PM org.bukkit.Bukkit setServer
INFO: This server is running TestServer version Version_null (Implementing API version BukkitVersion_null)
Tests run: 11, Failures: 0, Errors: 0, Skipped: 0, Time elapsed: 0.149 sec
Running org.bukkit.plugin.TimedRegisteredListenerTest
Tests run: 1, Failures: 0, Errors: 0, Skipped: 0, Time elapsed: 0 sec
Running org.bukkit.plugin.messaging.StandardMessengerTest
Tests run: 16, Failures: 0, Errors: 0, Skipped: 0, Time elapsed: 0.079 sec
Running org.bukkit.ArtTest
Tests run: 5, Failures: 0, Errors: 0, Skipped: 0, Time elapsed: 0.005 sec
Running org.bukkit.CoalTypeTest
Tests run: 1, Failures: 0, Errors: 0, Skipped: 0, Time elapsed: 0 sec
Running org.bukkit.MaterialTest
Tests run: 10, Failures: 0, Errors: 0, Skipped: 0, Time elapsed: 0.038 sec
Running org.bukkit.ColorTest
Tests run: 52, Failures: 0, Errors: 0, Skipped: 0, Time elapsed: 0.076 sec
Running org.bukkit.configuration.MemorySectionTest
Tests run: 42, Failures: 0, Errors: 0, Skipped: 0, Time elapsed: 0.015 sec
Running org.bukkit.configuration.MemoryConfigurationTest
Tests run: 6, Failures: 0, Errors: 0, Skipped: 0, Time elapsed: 0.001 sec
Running org.bukkit.configuration.file.YamlConfigurationTest
Tests run: 17, Failures: 0, Errors: 0, Skipped: 0, Time elapsed: 0.04 sec
Running org.bukkit.TreeSpeciesTest
Tests run: 1, Failures: 0, Errors: 0, Skipped: 0, Time elapsed: 0 sec
Running org.bukkit.GameModeTest
Tests run: 1, Failures: 0, Errors: 0, Skipped: 0, Time elapsed: 0 sec
Running org.bukkit.event.PlayerChatTabCompleteEventTest
Tests run: 1, Failures: 0, Errors: 0, Skipped: 0, Time elapsed: 0 sec
Running org.bukkit.LocationTest
Tests run: 60, Failures: 0, Errors: 0, Skipped: 0, Time elapsed: 0.025 sec
Running org.bukkit.DifficultyTest
Tests run: 1, Failures: 0, Errors: 0, Skipped: 0, Time elapsed: 0 sec
Running org.bukkit.util.StringUtilStartsWithTest
Tests run: 10, Failures: 0, Errors: 0, Skipped: 0, Time elapsed: 0.004 sec
Running org.bukkit.util.io.BukkitObjectStreamTest
Tests run: 6, Failures: 0, Errors: 0, Skipped: 3, Time elapsed: 0.027 sec
Running org.bukkit.util.StringUtilTest
Tests run: 8, Failures: 0, Errors: 0, Skipped: 0, Time elapsed: 0.001 sec
Running org.bukkit.InstrumentTest
Tests run: 1, Failures: 0, Errors: 0, Skipped: 0, Time elapsed: 0 sec
Running org.bukkit.NoteTest
Tests run: 17, Failures: 0, Errors: 0, Skipped: 0, Time elapsed: 0.009 sec
Running org.bukkit.BukkitMirrorTest
Tests run: 1, Failures: 0, Errors: 0, Skipped: 0, Time elapsed: 0 sec
Running org.bukkit.GrassSpeciesTest
Tests run: 1, Failures: 0, Errors: 0, Skipped: 0, Time elapsed: 0 sec
Running org.bukkit.ChatColorTest
Tests run: 10, Failures: 0, Errors: 0, Skipped: 0, Time elapsed: 0.002 sec
Running org.bukkit.EffectTest
Tests run: 1, Failures: 0, Errors: 0, Skipped: 0, Time elapsed: 0 sec
Running org.bukkit.potion.PotionTest
Tests run: 15, Failures: 0, Errors: 0, Skipped: 0, Time elapsed: 0.003 sec
Running org.bukkit.DyeColorTest
Tests run: 80, Failures: 0, Errors: 0, Skipped: 0, Time elapsed: 0.012 sec
Running org.bukkit.WorldTypeTest
Tests run: 1, Failures: 0, Errors: 0, Skipped: 0, Time elapsed: 0 sec
Running org.bukkit.EntityEffectTest
Tests run: 1, Failures: 0, Errors: 0, Skipped: 0, Time elapsed: 0 sec
Running org.bukkit.ChatPaginatorTest
Tests run: 14, Failures: 0, Errors: 0, Skipped: 0, Time elapsed: 0.005 sec
Running org.bukkit.conversations.ValidatingPromptTest
Tests run: 4, Failures: 0, Errors: 0, Skipped: 0, Time elapsed: 0.008 sec
Running org.bukkit.conversations.ConversationContextTest
Tests run: 3, Failures: 0, Errors: 0, Skipped: 0, Time elapsed: 0.001 sec
Running org.bukkit.conversations.ConversationTest
Tests run: 4, Failures: 0, Errors: 0, Skipped: 0, Time elapsed: 0.002 sec
Running org.bukkit.CropStateTest
Tests run: 1, Failures: 0, Errors: 0, Skipped: 0, Time elapsed: 0 sec
Running org.bukkit.metadata.FixedMetadataValueTest
Tests run: 3, Failures: 0, Errors: 0, Skipped: 0, Time elapsed: 0.001 sec
Running org.bukkit.metadata.MetadataValueAdapterTest
Tests run: 4, Failures: 0, Errors: 0, Skipped: 0, Time elapsed: 0.001 sec
Running org.bukkit.metadata.MetadataStoreTest
Tests run: 9, Failures: 0, Errors: 0, Skipped: 0, Time elapsed: 0.004 sec
Running org.bukkit.metadata.LazyMetadataValueTest
Tests run: 8, Failures: 0, Errors: 0, Skipped: 0, Time elapsed: 0.003 sec
Running org.bukkit.metadata.MetadataConversionTest
Tests run: 5, Failures: 0, Errors: 0, Skipped: 0, Time elapsed: 0.001 sec

Results :

Tests run: 432, Failures: 0, Errors: 0, Skipped: 3

[INFO] ------------------------------------------------------------------------
[INFO] BUILD SUCCESS
[INFO] ------------------------------------------------------------------------
[INFO] Total time: 5.388 s
[INFO] Finished at: 2019-08-20T16:12:40+08:00
[INFO] ------------------------------------------------------------------------
