[VERSION]: 2.9.3
[INFO] Scanning for projects...
[WARNING] 
[WARNING] Some problems were encountered while building the effective model for org.springframework.samples:spring-mvc-showcase:war:1.0.0-BUILD-SNAPSHOT
[WARNING] 'dependencies.dependency.version' for org.apache.logging.log4j:log4j-core:jar is either LATEST or RELEASE (both of them are being deprecated) @ line 48, column 13
[WARNING] 'dependencies.dependency.version' for org.apache.logging.log4j:log4j-slf4j-impl:jar is either LATEST or RELEASE (both of them are being deprecated) @ line 53, column 13
[WARNING] 'build.plugins.plugin.version' for org.apache.maven.plugins:maven-war-plugin is missing. @ line 183, column 12
[WARNING] 
[WARNING] It is highly recommended to fix these problems because they threaten the stability of your build.
[WARNING] 
[WARNING] For this reason, future Maven versions might no longer support building such malformed projects.
[WARNING] 
[INFO] 
[INFO] ----------< org.springframework.samples:spring-mvc-showcase >-----------
[INFO] Building spring-mvc-showcase 1.0.0-BUILD-SNAPSHOT
[INFO] --------------------------------[ war ]---------------------------------
Downloading from central: https://repo.maven.apache.org/maven2/org/codehaus/mojo/aspectj-maven-plugin/1.11/aspectj-maven-plugin-1.11.pom
Progress (1): 2.2/14 kB
Progress (1): 5.0/14 kB
Progress (1): 7.8/14 kB
Progress (1): 11/14 kB 
Progress (1): 13/14 kB
Progress (1): 14 kB   
                   
Downloaded from central: https://repo.maven.apache.org/maven2/org/codehaus/mojo/aspectj-maven-plugin/1.11/aspectj-maven-plugin-1.11.pom (14 kB at 12 kB/s)
Downloading from central: https://repo.maven.apache.org/maven2/org/codehaus/mojo/aspectj-maven-plugin/1.11/aspectj-maven-plugin-1.11.jar
Progress (1): 2.2/59 kB
Progress (1): 5.0/59 kB
Progress (1): 7.7/59 kB
Progress (1): 10/59 kB 
Progress (1): 13/59 kB
Progress (1): 16/59 kB
Progress (1): 19/59 kB
Progress (1): 21/59 kB
Progress (1): 24/59 kB
Progress (1): 27/59 kB
Progress (1): 30/59 kB
Progress (1): 32/59 kB
Progress (1): 36/59 kB
Progress (1): 40/59 kB
Progress (1): 45/59 kB
Progress (1): 49/59 kB
Progress (1): 53/59 kB
Progress (1): 57/59 kB
Progress (1): 59 kB   
                   
Downloaded from central: https://repo.maven.apache.org/maven2/org/codehaus/mojo/aspectj-maven-plugin/1.11/aspectj-maven-plugin-1.11.jar (59 kB at 117 kB/s)
Downloading from central: https://repo.maven.apache.org/maven2/org/springframework/security/spring-security-web/5.0.0.RELEASE/spring-security-web-5.0.0.RELEASE.pom
Progress (1): 4.1/9.1 kB
Progress (1): 7.7/9.1 kB
Progress (1): 9.1 kB    
                    
Downloaded from central: https://repo.maven.apache.org/maven2/org/springframework/security/spring-security-web/5.0.0.RELEASE/spring-security-web-5.0.0.RELEASE.pom (9.1 kB at 27 kB/s)
Downloading from central: https://repo.maven.apache.org/maven2/org/springframework/security/spring-security-core/5.0.0.RELEASE/spring-security-core-5.0.0.RELEASE.pom
Progress (1): 4.1/6.8 kB
Progress (1): 6.8 kB    
                    
Downloaded from central: https://repo.maven.apache.org/maven2/org/springframework/security/spring-security-core/5.0.0.RELEASE/spring-security-core-5.0.0.RELEASE.pom (6.8 kB at 18 kB/s)
Downloading from central: https://repo.maven.apache.org/maven2/org/springframework/spring-aop/5.0.2.RELEASE/spring-aop-5.0.2.RELEASE.pom
Progress (1): 2.2/2.5 kB
Progress (1): 2.5 kB    
                    
Downloaded from central: https://repo.maven.apache.org/maven2/org/springframework/spring-aop/5.0.2.RELEASE/spring-aop-5.0.2.RELEASE.pom (2.5 kB at 7.3 kB/s)
Downloading from central: https://repo.maven.apache.org/maven2/org/springframework/spring-context/5.0.2.RELEASE/spring-context-5.0.2.RELEASE.pom
Progress (1): 2.2/5.7 kB
Progress (1): 5.0/5.7 kB
Progress (1): 5.7 kB    
                    
Downloaded from central: https://repo.maven.apache.org/maven2/org/springframework/spring-context/5.0.2.RELEASE/spring-context-5.0.2.RELEASE.pom (5.7 kB at 17 kB/s)
Downloading from central: https://repo.maven.apache.org/maven2/org/springframework/spring-expression/5.0.2.RELEASE/spring-expression-5.0.2.RELEASE.pom
Progress (1): 1.7 kB
                    
Downloaded from central: https://repo.maven.apache.org/maven2/org/springframework/spring-expression/5.0.2.RELEASE/spring-expression-5.0.2.RELEASE.pom (1.7 kB at 5.1 kB/s)
Downloading from central: https://repo.maven.apache.org/maven2/org/springframework/spring-web/5.0.2.RELEASE/spring-web-5.0.2.RELEASE.pom
Progress (1): 2.2/12 kB
Progress (1): 5.0/12 kB
Progress (1): 7.8/12 kB
Progress (1): 11/12 kB 
Progress (1): 12 kB   
                   
Downloaded from central: https://repo.maven.apache.org/maven2/org/springframework/spring-web/5.0.2.RELEASE/spring-web-5.0.2.RELEASE.pom (12 kB at 35 kB/s)
Downloading from central: https://repo.maven.apache.org/maven2/org/aspectj/aspectjrt/1.8.1/aspectjrt-1.8.1.pom
Progress (1): 1.0 kB
                    
Downloaded from central: https://repo.maven.apache.org/maven2/org/aspectj/aspectjrt/1.8.1/aspectjrt-1.8.1.pom (1.0 kB at 3.0 kB/s)
Downloading from central: https://repo.maven.apache.org/maven2/org/apache/logging/log4j/log4j-core/maven-metadata.xml
Progress (1): 1.5 kB
                    
Downloaded from central: https://repo.maven.apache.org/maven2/org/apache/logging/log4j/log4j-core/maven-metadata.xml (1.5 kB at 4.5 kB/s)
Downloading from central: https://repo.maven.apache.org/maven2/org/apache/logging/log4j/log4j-slf4j-impl/maven-metadata.xml
Progress (1): 1.3 kB
                    
Downloaded from central: https://repo.maven.apache.org/maven2/org/apache/logging/log4j/log4j-slf4j-impl/maven-metadata.xml (1.3 kB at 3.9 kB/s)
Downloading from central: https://repo.maven.apache.org/maven2/org/apache/logging/log4j/log4j-slf4j-impl/2.12.1/log4j-slf4j-impl-2.12.1.pom
Progress (1): 2.2/12 kB
Progress (1): 5.0/12 kB
Progress (1): 7.8/12 kB
Progress (1): 11/12 kB 
Progress (1): 12 kB   
                   
Downloaded from central: https://repo.maven.apache.org/maven2/org/apache/logging/log4j/log4j-slf4j-impl/2.12.1/log4j-slf4j-impl-2.12.1.pom (12 kB at 34 kB/s)
Downloading from central: https://repo.maven.apache.org/maven2/javax/servlet/jsp/javax.servlet.jsp-api/2.3.2-b02/javax.servlet.jsp-api-2.3.2-b02.pom
Progress (1): 2.2/12 kB
Progress (1): 5.0/12 kB
Progress (1): 7.8/12 kB
Progress (1): 11/12 kB 
Progress (1): 12 kB   
                   
Downloaded from central: https://repo.maven.apache.org/maven2/javax/servlet/jsp/javax.servlet.jsp-api/2.3.2-b02/javax.servlet.jsp-api-2.3.2-b02.pom (12 kB at 33 kB/s)
Downloading from central: https://repo.maven.apache.org/maven2/javax/servlet/jstl/1.2/jstl-1.2.pom
Progress (1): 356 B
                   
Downloaded from central: https://repo.maven.apache.org/maven2/javax/servlet/jstl/1.2/jstl-1.2.pom (356 B at 1.1 kB/s)
Downloading from central: https://repo.maven.apache.org/maven2/com/rometools/rome/1.9.0/rome-1.9.0.pom
Progress (1): 2.2/4.1 kB
Progress (1): 4.1 kB    
                    
Downloaded from central: https://repo.maven.apache.org/maven2/com/rometools/rome/1.9.0/rome-1.9.0.pom (4.1 kB at 12 kB/s)
Downloading from central: https://repo.maven.apache.org/maven2/com/rometools/rome-parent/1.9.0/rome-parent-1.9.0.pom
Progress (1): 2.3/13 kB
Progress (1): 5.0/13 kB
Progress (1): 6.4/13 kB
Progress (1): 9.1/13 kB
Progress (1): 12/13 kB 
Progress (1): 13 kB   
                   
Downloaded from central: https://repo.maven.apache.org/maven2/com/rometools/rome-parent/1.9.0/rome-parent-1.9.0.pom (13 kB at 39 kB/s)
Downloading from central: https://repo.maven.apache.org/maven2/com/rometools/rome-utils/1.9.0/rome-utils-1.9.0.pom
Progress (1): 1.1 kB
                    
Downloaded from central: https://repo.maven.apache.org/maven2/com/rometools/rome-utils/1.9.0/rome-utils-1.9.0.pom (1.1 kB at 3.2 kB/s)
Downloading from central: https://repo.maven.apache.org/maven2/org/hibernate/validator/hibernate-validator/6.0.7.Final/hibernate-validator-6.0.7.Final.pom
Progress (1): 2.2/20 kB
Progress (1): 5.0/20 kB
Progress (1): 7.8/20 kB
Progress (1): 11/20 kB 
Progress (1): 13/20 kB
Progress (1): 16/20 kB
Progress (1): 19/20 kB
Progress (1): 20 kB   
                   
Downloaded from central: https://repo.maven.apache.org/maven2/org/hibernate/validator/hibernate-validator/6.0.7.Final/hibernate-validator-6.0.7.Final.pom (20 kB at 58 kB/s)
Downloading from central: https://repo.maven.apache.org/maven2/org/hibernate/validator/hibernate-validator-parent/6.0.7.Final/hibernate-validator-parent-6.0.7.Final.pom
Progress (1): 2.2/58 kB
Progress (1): 5.0/58 kB
Progress (1): 7.8/58 kB
Progress (1): 11/58 kB 
Progress (1): 13/58 kB
Progress (1): 16/58 kB
Progress (1): 19/58 kB
Progress (1): 21/58 kB
Progress (1): 24/58 kB
Progress (1): 27/58 kB
Progress (1): 30/58 kB
Progress (1): 32/58 kB
Progress (1): 36/58 kB
Progress (1): 40/58 kB
Progress (1): 45/58 kB
Progress (1): 49/58 kB
Progress (1): 53/58 kB
Progress (1): 57/58 kB
Progress (1): 58 kB   
                   
Downloaded from central: https://repo.maven.apache.org/maven2/org/hibernate/validator/hibernate-validator-parent/6.0.7.Final/hibernate-validator-parent-6.0.7.Final.pom (58 kB at 169 kB/s)
Downloading from central: https://repo.maven.apache.org/maven2/org/jboss/logging/jboss-logging/3.3.0.Final/jboss-logging-3.3.0.Final.pom
Downloaded from central: https://repo.maven.apache.org/maven2/org/jboss/logging/jboss-logging/3.3.0.Final/jboss-logging-3.3.0.Final.pom (0 B at 0 B/s)
Downloading from central: https://repo.maven.apache.org/maven2/com/fasterxml/classmate/1.3.1/classmate-1.3.1.pom
Progress (1): 2.2/5.3 kB
Progress (1): 5.0/5.3 kB
Progress (1): 5.3 kB    
                    
Downloaded from central: https://repo.maven.apache.org/maven2/com/fasterxml/classmate/1.3.1/classmate-1.3.1.pom (5.3 kB at 16 kB/s)
Downloading from central: https://repo.maven.apache.org/maven2/javax/el/javax.el-api/3.0.1-b04/javax.el-api-3.0.1-b04.pom
Progress (1): 2.2/11 kB
Progress (1): 5.0/11 kB
Progress (1): 7.8/11 kB
Progress (1): 11/11 kB 
Progress (1): 11 kB   
                   
Downloaded from central: https://repo.maven.apache.org/maven2/javax/el/javax.el-api/3.0.1-b04/javax.el-api-3.0.1-b04.pom (11 kB at 32 kB/s)
Downloading from central: https://repo.maven.apache.org/maven2/org/glassfish/javax.el/3.0.1-b08/javax.el-3.0.1-b08.pom
Progress (1): 2.2/18 kB
Progress (1): 5.0/18 kB
Progress (1): 7.8/18 kB
Progress (1): 11/18 kB 
Progress (1): 13/18 kB
Progress (1): 16/18 kB
Progress (1): 18 kB   
                   
Downloaded from central: https://repo.maven.apache.org/maven2/org/glassfish/javax.el/3.0.1-b08/javax.el-3.0.1-b08.pom (18 kB at 52 kB/s)
Downloading from central: https://repo.maven.apache.org/maven2/commons-fileupload/commons-fileupload/1.3.3/commons-fileupload-1.3.3.pom
Progress (1): 2.2/11 kB
Progress (1): 5.0/11 kB
Progress (1): 7.8/11 kB
Progress (1): 11/11 kB 
Progress (1): 11 kB   
                   
Downloaded from central: https://repo.maven.apache.org/maven2/commons-fileupload/commons-fileupload/1.3.3/commons-fileupload-1.3.3.pom (11 kB at 33 kB/s)
Downloading from central: https://repo.maven.apache.org/maven2/org/xmlunit/xmlunit-matchers/2.5.1/xmlunit-matchers-2.5.1.pom
Progress (1): 2.1 kB
                    
Downloaded from central: https://repo.maven.apache.org/maven2/org/xmlunit/xmlunit-matchers/2.5.1/xmlunit-matchers-2.5.1.pom (2.1 kB at 6.2 kB/s)
Downloading from central: https://repo.maven.apache.org/maven2/org/springframework/security/spring-security-web/5.0.0.RELEASE/spring-security-web-5.0.0.RELEASE.jar
Downloading from central: https://repo.maven.apache.org/maven2/javax/servlet/jsp/javax.servlet.jsp-api/2.3.2-b02/javax.servlet.jsp-api-2.3.2-b02.jar
Downloading from central: https://repo.maven.apache.org/maven2/org/apache/logging/log4j/log4j-slf4j-impl/2.12.1/log4j-slf4j-impl-2.12.1.jar
Downloading from central: https://repo.maven.apache.org/maven2/org/aspectj/aspectjrt/1.8.1/aspectjrt-1.8.1.jar
Downloading from central: https://repo.maven.apache.org/maven2/org/springframework/security/spring-security-core/5.0.0.RELEASE/spring-security-core-5.0.0.RELEASE.jar
Progress (1): 2.2/489 kB
Progress (1): 5.0/489 kB
Progress (1): 7.7/489 kB
Progress (1): 10/489 kB 
Progress (1): 13/489 kB
Progress (1): 16/489 kB
Progress (1): 19/489 kB
Progress (1): 21/489 kB
Progress (1): 24/489 kB
Progress (1): 27/489 kB
Progress (1): 30/489 kB
Progress (1): 32/489 kB
Progress (1): 36/489 kB
Progress (1): 40/489 kB
Progress (1): 45/489 kB
Progress (1): 49/489 kB
Progress (1): 53/489 kB
Progress (1): 57/489 kB
Progress (1): 61/489 kB
Progress (1): 65/489 kB
Progress (1): 69/489 kB
Progress (1): 73/489 kB
Progress (1): 77/489 kB
Progress (1): 81/489 kB
Progress (1): 85/489 kB
Progress (1): 90/489 kB
Progress (1): 94/489 kB
Progress (1): 98/489 kB
Progress (1): 102/489 kB
Progress (1): 106/489 kB
Progress (1): 110/489 kB
Progress (1): 114/489 kB
Progress (1): 118/489 kB
Progress (1): 122/489 kB
Progress (1): 126/489 kB
Progress (1): 131/489 kB
Progress (1): 135/489 kB
Progress (1): 139/489 kB
Progress (1): 143/489 kB
Progress (1): 147/489 kB
Progress (1): 151/489 kB
Progress (1): 155/489 kB
Progress (1): 159/489 kB
Progress (1): 163/489 kB
Progress (1): 167/489 kB
Progress (1): 171/489 kB
Progress (1): 176/489 kB
Progress (1): 180/489 kB
Progress (1): 184/489 kB
Progress (1): 188/489 kB
Progress (1): 192/489 kB
Progress (1): 196/489 kB
Progress (1): 200/489 kB
Progress (1): 204/489 kB
Progress (1): 208/489 kB
Progress (1): 212/489 kB
Progress (1): 217/489 kB
Progress (1): 221/489 kB
Progress (1): 225/489 kB
Progress (1): 229/489 kB
Progress (1): 233/489 kB
Progress (1): 237/489 kB
Progress (1): 241/489 kB
Progress (1): 245/489 kB
Progress (1): 249/489 kB
Progress (1): 253/489 kB
Progress (1): 258/489 kB
Progress (1): 262/489 kB
Progress (1): 266/489 kB
Progress (1): 270/489 kB
Progress (1): 274/489 kB
Progress (1): 278/489 kB
Progress (1): 282/489 kB
Progress (1): 286/489 kB
Progress (1): 290/489 kB
Progress (1): 294/489 kB
Progress (1): 298/489 kB
Progress (1): 303/489 kB
Progress (1): 307/489 kB
Progress (1): 311/489 kB
Progress (1): 315/489 kB
Progress (1): 319/489 kB
Progress (1): 323/489 kB
Progress (1): 327/489 kB
Progress (2): 327/489 kB | 2.2/24 kB
Progress (2): 327/489 kB | 5.0/24 kB
Progress (2): 327/489 kB | 7.7/24 kB
Progress (2): 327/489 kB | 10/24 kB 
Progress (2): 327/489 kB | 13/24 kB
Progress (2): 331/489 kB | 13/24 kB
Progress (2): 335/489 kB | 13/24 kB
Progress (2): 339/489 kB | 13/24 kB
Progress (2): 344/489 kB | 13/24 kB
Progress (2): 348/489 kB | 13/24 kB
Progress (2): 352/489 kB | 13/24 kB
Progress (2): 356/489 kB | 13/24 kB
Progress (2): 360/489 kB | 13/24 kB
Progress (2): 364/489 kB | 13/24 kB
Progress (2): 368/489 kB | 13/24 kB
Progress (2): 372/489 kB | 13/24 kB
Progress (2): 376/489 kB | 13/24 kB
Progress (2): 380/489 kB | 13/24 kB
Progress (2): 384/489 kB | 13/24 kB
Progress (2): 389/489 kB | 13/24 kB
Progress (2): 393/489 kB | 13/24 kB
Progress (2): 397/489 kB | 13/24 kB
Progress (2): 401/489 kB | 13/24 kB
Progress (2): 405/489 kB | 13/24 kB
Progress (2): 409/489 kB | 13/24 kB
Progress (2): 413/489 kB | 13/24 kB
Progress (2): 417/489 kB | 13/24 kB
Progress (2): 421/489 kB | 13/24 kB
Progress (2): 425/489 kB | 13/24 kB
Progress (2): 430/489 kB | 13/24 kB
Progress (2): 434/489 kB | 13/24 kB
Progress (2): 438/489 kB | 13/24 kB
Progress (2): 442/489 kB | 13/24 kB
Progress (2): 446/489 kB | 13/24 kB
Progress (2): 450/489 kB | 13/24 kB
Progress (2): 454/489 kB | 13/24 kB
Progress (2): 458/489 kB | 13/24 kB
Progress (2): 462/489 kB | 13/24 kB
Progress (2): 466/489 kB | 13/24 kB
Progress (2): 471/489 kB | 13/24 kB
Progress (2): 475/489 kB | 13/24 kB
Progress (2): 479/489 kB | 13/24 kB
Progress (2): 483/489 kB | 13/24 kB
Progress (2): 487/489 kB | 13/24 kB
Progress (2): 489 kB | 13/24 kB    
Progress (3): 489 kB | 13/24 kB | 2.2/117 kB
Progress (3): 489 kB | 13/24 kB | 5.0/117 kB
Progress (3): 489 kB | 13/24 kB | 7.7/117 kB
Progress (4): 489 kB | 13/24 kB | 7.7/117 kB | 2.2/53 kB
Progress (4): 489 kB | 13/24 kB | 10/117 kB | 2.2/53 kB 
Progress (4): 489 kB | 13/24 kB | 10/117 kB | 5.0/53 kB
Progress (4): 489 kB | 13/24 kB | 13/117 kB | 5.0/53 kB
Progress (4): 489 kB | 13/24 kB | 13/117 kB | 7.7/53 kB
Progress (4): 489 kB | 13/24 kB | 13/117 kB | 10/53 kB 
Progress (4): 489 kB | 13/24 kB | 13/117 kB | 13/53 kB
Progress (5): 489 kB | 13/24 kB | 13/117 kB | 13/53 kB | 2.2/419 kB
Progress (5): 489 kB | 13/24 kB | 13/117 kB | 13/53 kB | 5.0/419 kB
Progress (5): 489 kB | 13/24 kB | 13/117 kB | 13/53 kB | 7.7/419 kB
Progress (5): 489 kB | 13/24 kB | 13/117 kB | 13/53 kB | 10/419 kB 
Progress (5): 489 kB | 13/24 kB | 13/117 kB | 13/53 kB | 13/419 kB
Progress (5): 489 kB | 16/24 kB | 13/117 kB | 13/53 kB | 13/419 kB
Progress (5): 489 kB | 19/24 kB | 13/117 kB | 13/53 kB | 13/419 kB
Progress (5): 489 kB | 21/24 kB | 13/117 kB | 13/53 kB | 13/419 kB
Progress (5): 489 kB | 24 kB | 13/117 kB | 13/53 kB | 13/419 kB   
                                                               
Downloaded from central: https://repo.maven.apache.org/maven2/org/springframework/security/spring-security-web/5.0.0.RELEASE/spring-security-web-5.0.0.RELEASE.jar (489 kB at 706 kB/s)
Downloading from central: https://repo.maven.apache.org/maven2/javax/servlet/jstl/1.2/jstl-1.2.jar
Progress (4): 24 kB | 16/117 kB | 13/53 kB | 13/419 kB
Progress (4): 24 kB | 19/117 kB | 13/53 kB | 13/419 kB
Progress (4): 24 kB | 21/117 kB | 13/53 kB | 13/419 kB
Progress (4): 24 kB | 24/117 kB | 13/53 kB | 13/419 kB
Progress (4): 24 kB | 24/117 kB | 16/53 kB | 13/419 kB
Progress (4): 24 kB | 27/117 kB | 16/53 kB | 13/419 kB
Progress (4): 24 kB | 27/117 kB | 19/53 kB | 13/419 kB
Progress (4): 24 kB | 30/117 kB | 19/53 kB | 13/419 kB
Progress (4): 24 kB | 30/117 kB | 21/53 kB | 13/419 kB
Progress (4): 24 kB | 32/117 kB | 21/53 kB | 13/419 kB
Progress (4): 24 kB | 32/117 kB | 24/53 kB | 13/419 kB
Progress (4): 24 kB | 32/117 kB | 27/53 kB | 13/419 kB
Progress (4): 24 kB | 32/117 kB | 30/53 kB | 13/419 kB
Progress (4): 24 kB | 32/117 kB | 32/53 kB | 13/419 kB
Progress (4): 24 kB | 32/117 kB | 32/53 kB | 16/419 kB
Progress (4): 24 kB | 32/117 kB | 32/53 kB | 19/419 kB
Progress (4): 24 kB | 32/117 kB | 32/53 kB | 21/419 kB
Progress (4): 24 kB | 32/117 kB | 32/53 kB | 24/419 kB
Progress (4): 24 kB | 32/117 kB | 32/53 kB | 27/419 kB
Progress (4): 24 kB | 32/117 kB | 32/53 kB | 30/419 kB
Progress (4): 24 kB | 32/117 kB | 32/53 kB | 32/419 kB
                                                      
Downloaded from central: https://repo.maven.apache.org/maven2/org/apache/logging/log4j/log4j-slf4j-impl/2.12.1/log4j-slf4j-impl-2.12.1.jar (24 kB at 28 kB/s)
Downloading from central: https://repo.maven.apache.org/maven2/com/rometools/rome/1.9.0/rome-1.9.0.jar
Progress (4): 32/117 kB | 32/53 kB | 32/419 kB | 4.1/414 kB
Progress (4): 32/117 kB | 32/53 kB | 32/419 kB | 7.7/414 kB
Progress (4): 32/117 kB | 32/53 kB | 32/419 kB | 12/414 kB 
Progress (4): 32/117 kB | 32/53 kB | 32/419 kB | 16/414 kB
Progress (4): 32/117 kB | 32/53 kB | 32/419 kB | 20/414 kB
Progress (4): 32/117 kB | 32/53 kB | 32/419 kB | 24/414 kB
Progress (4): 32/117 kB | 32/53 kB | 32/419 kB | 28/414 kB
Progress (4): 32/117 kB | 32/53 kB | 32/419 kB | 32/414 kB
Progress (4): 32/117 kB | 32/53 kB | 32/419 kB | 36/414 kB
Progress (4): 32/117 kB | 32/53 kB | 32/419 kB | 40/414 kB
Progress (4): 32/117 kB | 32/53 kB | 32/419 kB | 45/414 kB
Progress (4): 32/117 kB | 32/53 kB | 32/419 kB | 49/414 kB
Progress (4): 32/117 kB | 32/53 kB | 32/419 kB | 53/414 kB
Progress (4): 32/117 kB | 32/53 kB | 32/419 kB | 57/414 kB
Progress (4): 32/117 kB | 32/53 kB | 32/419 kB | 61/414 kB
Progress (4): 32/117 kB | 32/53 kB | 32/419 kB | 65/414 kB
Progress (4): 32/117 kB | 32/53 kB | 32/419 kB | 69/414 kB
Progress (4): 32/117 kB | 32/53 kB | 32/419 kB | 73/414 kB
Progress (4): 32/117 kB | 32/53 kB | 32/419 kB | 77/414 kB
Progress (4): 32/117 kB | 32/53 kB | 32/419 kB | 81/414 kB
Progress (4): 32/117 kB | 32/53 kB | 32/419 kB | 85/414 kB
Progress (4): 32/117 kB | 32/53 kB | 32/419 kB | 90/414 kB
Progress (4): 32/117 kB | 32/53 kB | 32/419 kB | 94/414 kB
Progress (4): 32/117 kB | 32/53 kB | 32/419 kB | 98/414 kB
Progress (4): 32/117 kB | 32/53 kB | 32/419 kB | 102/414 kB
Progress (4): 32/117 kB | 32/53 kB | 32/419 kB | 106/414 kB
Progress (4): 32/117 kB | 32/53 kB | 32/419 kB | 110/414 kB
Progress (4): 32/117 kB | 32/53 kB | 32/419 kB | 114/414 kB
Progress (4): 32/117 kB | 32/53 kB | 32/419 kB | 118/414 kB
Progress (4): 32/117 kB | 32/53 kB | 32/419 kB | 122/414 kB
Progress (4): 32/117 kB | 32/53 kB | 32/419 kB | 126/414 kB
Progress (4): 32/117 kB | 32/53 kB | 32/419 kB | 131/414 kB
Progress (4): 32/117 kB | 32/53 kB | 32/419 kB | 135/414 kB
Progress (4): 32/117 kB | 32/53 kB | 32/419 kB | 139/414 kB
Progress (4): 32/117 kB | 32/53 kB | 32/419 kB | 143/414 kB
Progress (4): 32/117 kB | 32/53 kB | 32/419 kB | 147/414 kB
Progress (4): 32/117 kB | 32/53 kB | 32/419 kB | 151/414 kB
Progress (4): 32/117 kB | 32/53 kB | 32/419 kB | 155/414 kB
Progress (4): 32/117 kB | 32/53 kB | 32/419 kB | 159/414 kB
Progress (4): 32/117 kB | 32/53 kB | 32/419 kB | 163/414 kB
Progress (4): 32/117 kB | 32/53 kB | 32/419 kB | 167/414 kB
Progress (4): 32/117 kB | 32/53 kB | 32/419 kB | 171/414 kB
Progress (4): 32/117 kB | 32/53 kB | 32/419 kB | 176/414 kB
Progress (4): 32/117 kB | 32/53 kB | 32/419 kB | 180/414 kB
Progress (4): 32/117 kB | 32/53 kB | 32/419 kB | 184/414 kB
Progress (4): 32/117 kB | 32/53 kB | 32/419 kB | 188/414 kB
Progress (4): 32/117 kB | 32/53 kB | 32/419 kB | 192/414 kB
Progress (4): 32/117 kB | 32/53 kB | 32/419 kB | 196/414 kB
Progress (4): 32/117 kB | 32/53 kB | 32/419 kB | 200/414 kB
Progress (4): 32/117 kB | 32/53 kB | 32/419 kB | 204/414 kB
Progress (4): 32/117 kB | 32/53 kB | 32/419 kB | 208/414 kB
Progress (4): 32/117 kB | 32/53 kB | 32/419 kB | 212/414 kB
Progress (4): 32/117 kB | 32/53 kB | 32/419 kB | 217/414 kB
Progress (4): 32/117 kB | 32/53 kB | 32/419 kB | 221/414 kB
Progress (4): 32/117 kB | 32/53 kB | 32/419 kB | 225/414 kB
Progress (4): 32/117 kB | 32/53 kB | 32/419 kB | 229/414 kB
Progress (4): 32/117 kB | 32/53 kB | 32/419 kB | 233/414 kB
Progress (4): 32/117 kB | 32/53 kB | 32/419 kB | 237/414 kB
Progress (4): 32/117 kB | 32/53 kB | 32/419 kB | 241/414 kB
Progress (4): 32/117 kB | 32/53 kB | 32/419 kB | 245/414 kB
Progress (4): 32/117 kB | 32/53 kB | 32/419 kB | 249/414 kB
Progress (4): 32/117 kB | 32/53 kB | 32/419 kB | 253/414 kB
Progress (4): 32/117 kB | 32/53 kB | 32/419 kB | 258/414 kB
Progress (4): 32/117 kB | 32/53 kB | 32/419 kB | 262/414 kB
Progress (4): 32/117 kB | 32/53 kB | 32/419 kB | 266/414 kB
Progress (4): 32/117 kB | 32/53 kB | 32/419 kB | 270/414 kB
Progress (4): 32/117 kB | 32/53 kB | 32/419 kB | 274/414 kB
Progress (4): 32/117 kB | 32/53 kB | 32/419 kB | 278/414 kB
Progress (4): 32/117 kB | 32/53 kB | 32/419 kB | 282/414 kB
Progress (4): 32/117 kB | 32/53 kB | 32/419 kB | 286/414 kB
Progress (4): 32/117 kB | 32/53 kB | 32/419 kB | 290/414 kB
Progress (4): 32/117 kB | 32/53 kB | 32/419 kB | 294/414 kB
Progress (4): 32/117 kB | 32/53 kB | 32/419 kB | 298/414 kB
Progress (4): 32/117 kB | 32/53 kB | 32/419 kB | 303/414 kB
Progress (4): 32/117 kB | 32/53 kB | 32/419 kB | 307/414 kB
Progress (4): 32/117 kB | 32/53 kB | 32/419 kB | 311/414 kB
Progress (4): 32/117 kB | 32/53 kB | 32/419 kB | 315/414 kB
Progress (4): 32/117 kB | 32/53 kB | 32/419 kB | 319/414 kB
Progress (4): 32/117 kB | 32/53 kB | 32/419 kB | 323/414 kB
Progress (4): 32/117 kB | 32/53 kB | 32/419 kB | 327/414 kB
Progress (4): 32/117 kB | 32/53 kB | 32/419 kB | 331/414 kB
Progress (4): 32/117 kB | 32/53 kB | 32/419 kB | 335/414 kB
Progress (4): 32/117 kB | 32/53 kB | 32/419 kB | 339/414 kB
Progress (4): 32/117 kB | 32/53 kB | 32/419 kB | 344/414 kB
Progress (4): 32/117 kB | 32/53 kB | 32/419 kB | 348/414 kB
Progress (4): 32/117 kB | 32/53 kB | 32/419 kB | 352/414 kB
Progress (4): 32/117 kB | 32/53 kB | 32/419 kB | 356/414 kB
Progress (4): 32/117 kB | 32/53 kB | 32/419 kB | 360/414 kB
Progress (4): 32/117 kB | 32/53 kB | 32/419 kB | 364/414 kB
Progress (4): 32/117 kB | 32/53 kB | 32/419 kB | 368/414 kB
Progress (4): 32/117 kB | 32/53 kB | 32/419 kB | 372/414 kB
Progress (4): 32/117 kB | 32/53 kB | 32/419 kB | 376/414 kB
Progress (4): 36/117 kB | 32/53 kB | 32/419 kB | 376/414 kB
Progress (4): 40/117 kB | 32/53 kB | 32/419 kB | 376/414 kB
Progress (4): 45/117 kB | 32/53 kB | 32/419 kB | 376/414 kB
Progress (4): 49/117 kB | 32/53 kB | 32/419 kB | 376/414 kB
Progress (4): 49/117 kB | 36/53 kB | 32/419 kB | 376/414 kB
Progress (4): 49/117 kB | 40/53 kB | 32/419 kB | 376/414 kB
Progress (4): 49/117 kB | 45/53 kB | 32/419 kB | 376/414 kB
Progress (4): 53/117 kB | 45/53 kB | 32/419 kB | 376/414 kB
Progress (4): 53/117 kB | 49/53 kB | 32/419 kB | 376/414 kB
Progress (4): 57/117 kB | 49/53 kB | 32/419 kB | 376/414 kB
Progress (4): 57/117 kB | 53/53 kB | 32/419 kB | 376/414 kB
Progress (4): 61/117 kB | 53/53 kB | 32/419 kB | 376/414 kB
Progress (4): 61/117 kB | 53 kB | 32/419 kB | 376/414 kB   
Progress (4): 65/117 kB | 53 kB | 32/419 kB | 376/414 kB
Progress (4): 69/117 kB | 53 kB | 32/419 kB | 376/414 kB
Progress (4): 73/117 kB | 53 kB | 32/419 kB | 376/414 kB
Progress (4): 77/117 kB | 53 kB | 32/419 kB | 376/414 kB
Progress (4): 81/117 kB | 53 kB | 32/419 kB | 376/414 kB
Progress (4): 81/117 kB | 53 kB | 36/419 kB | 376/414 kB
Progress (4): 81/117 kB | 53 kB | 40/419 kB | 376/414 kB
Progress (4): 81/117 kB | 53 kB | 45/419 kB | 376/414 kB
Progress (4): 81/117 kB | 53 kB | 49/419 kB | 376/414 kB
Progress (4): 81/117 kB | 53 kB | 53/419 kB | 376/414 kB
Progress (4): 81/117 kB | 53 kB | 57/419 kB | 376/414 kB
Progress (4): 81/117 kB | 53 kB | 61/419 kB | 376/414 kB
Progress (4): 81/117 kB | 53 kB | 65/419 kB | 376/414 kB
Progress (4): 81/117 kB | 53 kB | 69/419 kB | 376/414 kB
Progress (4): 81/117 kB | 53 kB | 73/419 kB | 376/414 kB
Progress (4): 81/117 kB | 53 kB | 77/419 kB | 376/414 kB
Progress (4): 81/117 kB | 53 kB | 81/419 kB | 376/414 kB
Progress (5): 81/117 kB | 53 kB | 81/419 kB | 376/414 kB | 2.2/255 kB
Progress (5): 81/117 kB | 53 kB | 81/419 kB | 376/414 kB | 5.0/255 kB
Progress (5): 81/117 kB | 53 kB | 81/419 kB | 376/414 kB | 7.7/255 kB
Progress (5): 81/117 kB | 53 kB | 81/419 kB | 376/414 kB | 10/255 kB 
Progress (5): 81/117 kB | 53 kB | 81/419 kB | 376/414 kB | 13/255 kB
Progress (5): 81/117 kB | 53 kB | 81/419 kB | 376/414 kB | 16/255 kB
Progress (5): 81/117 kB | 53 kB | 81/419 kB | 376/414 kB | 19/255 kB
Progress (5): 81/117 kB | 53 kB | 81/419 kB | 376/414 kB | 21/255 kB
Progress (5): 81/117 kB | 53 kB | 81/419 kB | 376/414 kB | 24/255 kB
Progress (5): 81/117 kB | 53 kB | 81/419 kB | 376/414 kB | 27/255 kB
Progress (5): 81/117 kB | 53 kB | 81/419 kB | 376/414 kB | 30/255 kB
Progress (5): 81/117 kB | 53 kB | 81/419 kB | 376/414 kB | 32/255 kB
Progress (5): 85/117 kB | 53 kB | 81/419 kB | 376/414 kB | 32/255 kB
Progress (5): 90/117 kB | 53 kB | 81/419 kB | 376/414 kB | 32/255 kB
Progress (5): 94/117 kB | 53 kB | 81/419 kB | 376/414 kB | 32/255 kB
Progress (5): 98/117 kB | 53 kB | 81/419 kB | 376/414 kB | 32/255 kB
Progress (5): 102/117 kB | 53 kB | 81/419 kB | 376/414 kB | 32/255 kB
Progress (5): 106/117 kB | 53 kB | 81/419 kB | 376/414 kB | 32/255 kB
Progress (5): 110/117 kB | 53 kB | 81/419 kB | 376/414 kB | 32/255 kB
Progress (5): 114/117 kB | 53 kB | 81/419 kB | 376/414 kB | 32/255 kB
Progress (5): 117 kB | 53 kB | 81/419 kB | 376/414 kB | 32/255 kB    
                                                                 
Downloaded from central: https://repo.maven.apache.org/maven2/javax/servlet/jsp/javax.servlet.jsp-api/2.3.2-b02/javax.servlet.jsp-api-2.3.2-b02.jar (53 kB at 49 kB/s)
Downloading from central: https://repo.maven.apache.org/maven2/com/rometools/rome-utils/1.9.0/rome-utils-1.9.0.jar
Progress (4): 117 kB | 81/419 kB | 376/414 kB | 36/255 kB
Progress (4): 117 kB | 81/419 kB | 376/414 kB | 40/255 kB
Progress (4): 117 kB | 81/419 kB | 376/414 kB | 45/255 kB
Progress (4): 117 kB | 81/419 kB | 376/414 kB | 49/255 kB
Progress (4): 117 kB | 81/419 kB | 376/414 kB | 53/255 kB
Progress (4): 117 kB | 81/419 kB | 376/414 kB | 57/255 kB
Progress (4): 117 kB | 81/419 kB | 376/414 kB | 61/255 kB
Progress (4): 117 kB | 81/419 kB | 376/414 kB | 65/255 kB
Progress (4): 117 kB | 81/419 kB | 376/414 kB | 69/255 kB
Progress (4): 117 kB | 81/419 kB | 376/414 kB | 73/255 kB
Progress (4): 117 kB | 81/419 kB | 376/414 kB | 77/255 kB
Progress (4): 117 kB | 81/419 kB | 376/414 kB | 81/255 kB
Progress (4): 117 kB | 85/419 kB | 376/414 kB | 81/255 kB
Progress (4): 117 kB | 90/419 kB | 376/414 kB | 81/255 kB
Progress (4): 117 kB | 94/419 kB | 376/414 kB | 81/255 kB
Progress (4): 117 kB | 98/419 kB | 376/414 kB | 81/255 kB
Progress (4): 117 kB | 98/419 kB | 376/414 kB | 85/255 kB
Progress (4): 117 kB | 98/419 kB | 376/414 kB | 90/255 kB
Progress (4): 117 kB | 98/419 kB | 376/414 kB | 94/255 kB
Progress (4): 117 kB | 102/419 kB | 376/414 kB | 94/255 kB
Progress (4): 117 kB | 102/419 kB | 376/414 kB | 98/255 kB
Progress (4): 117 kB | 106/419 kB | 376/414 kB | 98/255 kB
Progress (4): 117 kB | 110/419 kB | 376/414 kB | 98/255 kB
Progress (4): 117 kB | 114/419 kB | 376/414 kB | 98/255 kB
Progress (4): 117 kB | 118/419 kB | 376/414 kB | 98/255 kB
Progress (4): 117 kB | 122/419 kB | 376/414 kB | 98/255 kB
Progress (4): 117 kB | 126/419 kB | 376/414 kB | 98/255 kB
Progress (4): 117 kB | 131/419 kB | 376/414 kB | 98/255 kB
Progress (4): 117 kB | 135/419 kB | 376/414 kB | 98/255 kB
Progress (4): 117 kB | 139/419 kB | 376/414 kB | 98/255 kB
Progress (4): 117 kB | 143/419 kB | 376/414 kB | 98/255 kB
Progress (4): 117 kB | 147/419 kB | 376/414 kB | 98/255 kB
Progress (4): 117 kB | 151/419 kB | 376/414 kB | 98/255 kB
Progress (4): 117 kB | 155/419 kB | 376/414 kB | 98/255 kB
Progress (4): 117 kB | 159/419 kB | 376/414 kB | 98/255 kB
Progress (4): 117 kB | 163/419 kB | 376/414 kB | 98/255 kB
Progress (4): 117 kB | 163/419 kB | 380/414 kB | 98/255 kB
Progress (4): 117 kB | 163/419 kB | 384/414 kB | 98/255 kB
Progress (4): 117 kB | 163/419 kB | 389/414 kB | 98/255 kB
Progress (4): 117 kB | 167/419 kB | 389/414 kB | 98/255 kB
Progress (4): 117 kB | 167/419 kB | 393/414 kB | 98/255 kB
Progress (4): 117 kB | 171/419 kB | 393/414 kB | 98/255 kB
Progress (4): 117 kB | 176/419 kB | 393/414 kB | 98/255 kB
Progress (4): 117 kB | 180/419 kB | 393/414 kB | 98/255 kB
Progress (4): 117 kB | 184/419 kB | 393/414 kB | 98/255 kB
Progress (4): 117 kB | 188/419 kB | 393/414 kB | 98/255 kB
Progress (4): 117 kB | 192/419 kB | 393/414 kB | 98/255 kB
Progress (4): 117 kB | 196/419 kB | 393/414 kB | 98/255 kB
                                                          
Downloaded from central: https://repo.maven.apache.org/maven2/org/aspectj/aspectjrt/1.8.1/aspectjrt-1.8.1.jar (117 kB at 93 kB/s)
Downloading from central: https://repo.maven.apache.org/maven2/org/hibernate/validator/hibernate-validator/6.0.7.Final/hibernate-validator-6.0.7.Final.jar
Progress (4): 196/419 kB | 393/414 kB | 98/255 kB | 2.2/7.3 kB
Progress (4): 196/419 kB | 393/414 kB | 98/255 kB | 5.0/7.3 kB
Progress (4): 196/419 kB | 393/414 kB | 98/255 kB | 7.3 kB    
Progress (4): 196/419 kB | 393/414 kB | 102/255 kB | 7.3 kB
Progress (4): 196/419 kB | 393/414 kB | 106/255 kB | 7.3 kB
Progress (4): 196/419 kB | 393/414 kB | 110/255 kB | 7.3 kB
Progress (4): 196/419 kB | 393/414 kB | 114/255 kB | 7.3 kB
Progress (4): 196/419 kB | 393/414 kB | 118/255 kB | 7.3 kB
Progress (4): 196/419 kB | 393/414 kB | 122/255 kB | 7.3 kB
Progress (4): 196/419 kB | 393/414 kB | 126/255 kB | 7.3 kB
Progress (4): 196/419 kB | 393/414 kB | 131/255 kB | 7.3 kB
Progress (4): 196/419 kB | 393/414 kB | 135/255 kB | 7.3 kB
Progress (4): 196/419 kB | 393/414 kB | 139/255 kB | 7.3 kB
Progress (4): 196/419 kB | 393/414 kB | 143/255 kB | 7.3 kB
Progress (4): 196/419 kB | 393/414 kB | 147/255 kB | 7.3 kB
Progress (4): 196/419 kB | 393/414 kB | 151/255 kB | 7.3 kB
Progress (4): 196/419 kB | 393/414 kB | 155/255 kB | 7.3 kB
Progress (4): 196/419 kB | 393/414 kB | 159/255 kB | 7.3 kB
Progress (4): 196/419 kB | 393/414 kB | 163/255 kB | 7.3 kB
Progress (4): 196/419 kB | 393/414 kB | 167/255 kB | 7.3 kB
Progress (4): 196/419 kB | 393/414 kB | 171/255 kB | 7.3 kB
Progress (4): 196/419 kB | 393/414 kB | 176/255 kB | 7.3 kB
Progress (4): 196/419 kB | 393/414 kB | 180/255 kB | 7.3 kB
Progress (4): 196/419 kB | 393/414 kB | 184/255 kB | 7.3 kB
Progress (4): 196/419 kB | 393/414 kB | 188/255 kB | 7.3 kB
Progress (4): 196/419 kB | 393/414 kB | 192/255 kB | 7.3 kB
Progress (4): 196/419 kB | 393/414 kB | 196/255 kB | 7.3 kB
Progress (4): 196/419 kB | 393/414 kB | 200/255 kB | 7.3 kB
Progress (4): 196/419 kB | 393/414 kB | 204/255 kB | 7.3 kB
Progress (4): 196/419 kB | 393/414 kB | 208/255 kB | 7.3 kB
Progress (4): 196/419 kB | 393/414 kB | 212/255 kB | 7.3 kB
Progress (4): 196/419 kB | 393/414 kB | 217/255 kB | 7.3 kB
Progress (4): 196/419 kB | 393/414 kB | 221/255 kB | 7.3 kB
Progress (4): 196/419 kB | 393/414 kB | 225/255 kB | 7.3 kB
Progress (4): 196/419 kB | 393/414 kB | 229/255 kB | 7.3 kB
Progress (4): 200/419 kB | 393/414 kB | 229/255 kB | 7.3 kB
Progress (4): 204/419 kB | 393/414 kB | 229/255 kB | 7.3 kB
Progress (4): 208/419 kB | 393/414 kB | 229/255 kB | 7.3 kB
Progress (4): 212/419 kB | 393/414 kB | 229/255 kB | 7.3 kB
Progress (4): 217/419 kB | 393/414 kB | 229/255 kB | 7.3 kB
Progress (4): 221/419 kB | 393/414 kB | 229/255 kB | 7.3 kB
Progress (4): 225/419 kB | 393/414 kB | 229/255 kB | 7.3 kB
Progress (4): 229/419 kB | 393/414 kB | 229/255 kB | 7.3 kB
Progress (4): 233/419 kB | 393/414 kB | 229/255 kB | 7.3 kB
Progress (4): 237/419 kB | 393/414 kB | 229/255 kB | 7.3 kB
Progress (4): 241/419 kB | 393/414 kB | 229/255 kB | 7.3 kB
Progress (4): 245/419 kB | 393/414 kB | 229/255 kB | 7.3 kB
Progress (4): 249/419 kB | 393/414 kB | 229/255 kB | 7.3 kB
Progress (4): 253/419 kB | 393/414 kB | 229/255 kB | 7.3 kB
Progress (4): 258/419 kB | 393/414 kB | 229/255 kB | 7.3 kB
Progress (4): 262/419 kB | 393/414 kB | 229/255 kB | 7.3 kB
Progress (4): 262/419 kB | 393/414 kB | 233/255 kB | 7.3 kB
Progress (4): 262/419 kB | 393/414 kB | 237/255 kB | 7.3 kB
Progress (4): 266/419 kB | 393/414 kB | 237/255 kB | 7.3 kB
Progress (4): 266/419 kB | 393/414 kB | 241/255 kB | 7.3 kB
Progress (4): 270/419 kB | 393/414 kB | 241/255 kB | 7.3 kB
Progress (4): 270/419 kB | 393/414 kB | 245/255 kB | 7.3 kB
Progress (4): 274/419 kB | 393/414 kB | 245/255 kB | 7.3 kB
Progress (4): 278/419 kB | 393/414 kB | 245/255 kB | 7.3 kB
Progress (4): 282/419 kB | 393/414 kB | 245/255 kB | 7.3 kB
Progress (4): 286/419 kB | 393/414 kB | 245/255 kB | 7.3 kB
Progress (4): 290/419 kB | 393/414 kB | 245/255 kB | 7.3 kB
Progress (4): 294/419 kB | 393/414 kB | 245/255 kB | 7.3 kB
Progress (4): 298/419 kB | 393/414 kB | 245/255 kB | 7.3 kB
Progress (4): 303/419 kB | 393/414 kB | 245/255 kB | 7.3 kB
Progress (4): 307/419 kB | 393/414 kB | 245/255 kB | 7.3 kB
Progress (4): 311/419 kB | 393/414 kB | 245/255 kB | 7.3 kB
Progress (4): 315/419 kB | 393/414 kB | 245/255 kB | 7.3 kB
Progress (4): 319/419 kB | 393/414 kB | 245/255 kB | 7.3 kB
Progress (4): 323/419 kB | 393/414 kB | 245/255 kB | 7.3 kB
Progress (4): 327/419 kB | 393/414 kB | 245/255 kB | 7.3 kB
Progress (4): 331/419 kB | 393/414 kB | 245/255 kB | 7.3 kB
Progress (4): 335/419 kB | 393/414 kB | 245/255 kB | 7.3 kB
Progress (4): 339/419 kB | 393/414 kB | 245/255 kB | 7.3 kB
Progress (4): 344/419 kB | 393/414 kB | 245/255 kB | 7.3 kB
Progress (4): 348/419 kB | 393/414 kB | 245/255 kB | 7.3 kB
Progress (4): 352/419 kB | 393/414 kB | 245/255 kB | 7.3 kB
Progress (4): 356/419 kB | 393/414 kB | 245/255 kB | 7.3 kB
Progress (4): 360/419 kB | 393/414 kB | 245/255 kB | 7.3 kB
Progress (4): 364/419 kB | 393/414 kB | 245/255 kB | 7.3 kB
Progress (4): 368/419 kB | 393/414 kB | 245/255 kB | 7.3 kB
Progress (4): 372/419 kB | 393/414 kB | 245/255 kB | 7.3 kB
Progress (4): 376/419 kB | 393/414 kB | 245/255 kB | 7.3 kB
Progress (4): 380/419 kB | 393/414 kB | 245/255 kB | 7.3 kB
Progress (4): 384/419 kB | 393/414 kB | 245/255 kB | 7.3 kB
Progress (4): 389/419 kB | 393/414 kB | 245/255 kB | 7.3 kB
Progress (4): 393/419 kB | 393/414 kB | 245/255 kB | 7.3 kB
Progress (4): 397/419 kB | 393/414 kB | 245/255 kB | 7.3 kB
Progress (4): 401/419 kB | 393/414 kB | 245/255 kB | 7.3 kB
Progress (4): 405/419 kB | 393/414 kB | 245/255 kB | 7.3 kB
Progress (4): 409/419 kB | 393/414 kB | 245/255 kB | 7.3 kB
Progress (4): 413/419 kB | 393/414 kB | 245/255 kB | 7.3 kB
Progress (4): 417/419 kB | 393/414 kB | 245/255 kB | 7.3 kB
Progress (4): 419 kB | 393/414 kB | 245/255 kB | 7.3 kB    
Progress (5): 419 kB | 393/414 kB | 245/255 kB | 7.3 kB | 0/1.1 MB
Progress (5): 419 kB | 393/414 kB | 245/255 kB | 7.3 kB | 0/1.1 MB
Progress (5): 419 kB | 393/414 kB | 245/255 kB | 7.3 kB | 0/1.1 MB
Progress (5): 419 kB | 393/414 kB | 245/255 kB | 7.3 kB | 0/1.1 MB
Progress (5): 419 kB | 393/414 kB | 245/255 kB | 7.3 kB | 0/1.1 MB
Progress (5): 419 kB | 393/414 kB | 245/255 kB | 7.3 kB | 0/1.1 MB
Progress (5): 419 kB | 393/414 kB | 245/255 kB | 7.3 kB | 0/1.1 MB
Progress (5): 419 kB | 393/414 kB | 245/255 kB | 7.3 kB | 0/1.1 MB
Progress (5): 419 kB | 393/414 kB | 245/255 kB | 7.3 kB | 0/1.1 MB
Progress (5): 419 kB | 393/414 kB | 245/255 kB | 7.3 kB | 0/1.1 MB
Progress (5): 419 kB | 393/414 kB | 245/255 kB | 7.3 kB | 0/1.1 MB
Progress (5): 419 kB | 393/414 kB | 245/255 kB | 7.3 kB | 0/1.1 MB
Progress (5): 419 kB | 393/414 kB | 245/255 kB | 7.3 kB | 0.1/1.1 MB
Progress (5): 419 kB | 393/414 kB | 245/255 kB | 7.3 kB | 0.1/1.1 MB
Progress (5): 419 kB | 393/414 kB | 245/255 kB | 7.3 kB | 0.1/1.1 MB
Progress (5): 419 kB | 393/414 kB | 245/255 kB | 7.3 kB | 0.1/1.1 MB
Progress (5): 419 kB | 393/414 kB | 245/255 kB | 7.3 kB | 0.1/1.1 MB
Progress (5): 419 kB | 393/414 kB | 245/255 kB | 7.3 kB | 0.1/1.1 MB
Progress (5): 419 kB | 393/414 kB | 245/255 kB | 7.3 kB | 0.1/1.1 MB
Progress (5): 419 kB | 393/414 kB | 245/255 kB | 7.3 kB | 0.1/1.1 MB
                                                                    
Downloaded from central: https://repo.maven.apache.org/maven2/com/rometools/rome-utils/1.9.0/rome-utils-1.9.0.jar (7.3 kB at 5.0 kB/s)
Downloading from central: https://repo.maven.apache.org/maven2/org/jboss/logging/jboss-logging/3.3.0.Final/jboss-logging-3.3.0.Final.jar
Progress (4): 419 kB | 393/414 kB | 249/255 kB | 0.1/1.1 MB
Progress (4): 419 kB | 393/414 kB | 253/255 kB | 0.1/1.1 MB
Progress (4): 419 kB | 393/414 kB | 255 kB | 0.1/1.1 MB    
Progress (4): 419 kB | 397/414 kB | 255 kB | 0.1/1.1 MB
Progress (4): 419 kB | 401/414 kB | 255 kB | 0.1/1.1 MB
Progress (4): 419 kB | 405/414 kB | 255 kB | 0.1/1.1 MB
Progress (4): 419 kB | 409/414 kB | 255 kB | 0.1/1.1 MB
Progress (4): 419 kB | 413/414 kB | 255 kB | 0.1/1.1 MB
Progress (4): 419 kB | 414 kB | 255 kB | 0.1/1.1 MB    
                                                   
Downloaded from central: https://repo.maven.apache.org/maven2/org/springframework/security/spring-security-core/5.0.0.RELEASE/spring-security-core-5.0.0.RELEASE.jar (419 kB at 262 kB/s)
Downloading from central: https://repo.maven.apache.org/maven2/com/fasterxml/classmate/1.3.1/classmate-1.3.1.jar
Progress (3): 414 kB | 255 kB | 0.1/1.1 MB
Progress (3): 414 kB | 255 kB | 0.1/1.1 MB
Progress (3): 414 kB | 255 kB | 0.1/1.1 MB
Progress (3): 414 kB | 255 kB | 0.1/1.1 MB
Progress (3): 414 kB | 255 kB | 0.1/1.1 MB
Progress (3): 414 kB | 255 kB | 0.1/1.1 MB
Progress (3): 414 kB | 255 kB | 0.1/1.1 MB
Progress (3): 414 kB | 255 kB | 0.1/1.1 MB
Progress (3): 414 kB | 255 kB | 0.1/1.1 MB
Progress (3): 414 kB | 255 kB | 0.1/1.1 MB
Progress (3): 414 kB | 255 kB | 0.1/1.1 MB
Progress (3): 414 kB | 255 kB | 0.1/1.1 MB
Progress (3): 414 kB | 255 kB | 0.1/1.1 MB
Progress (3): 414 kB | 255 kB | 0.1/1.1 MB
Progress (3): 414 kB | 255 kB | 0.1/1.1 MB
Progress (3): 414 kB | 255 kB | 0.1/1.1 MB
Progress (3): 414 kB | 255 kB | 0.2/1.1 MB
Progress (3): 414 kB | 255 kB | 0.2/1.1 MB
Progress (3): 414 kB | 255 kB | 0.2/1.1 MB
Progress (3): 414 kB | 255 kB | 0.2/1.1 MB
Progress (3): 414 kB | 255 kB | 0.2/1.1 MB
Progress (3): 414 kB | 255 kB | 0.2/1.1 MB
Progress (3): 414 kB | 255 kB | 0.2/1.1 MB
Progress (3): 414 kB | 255 kB | 0.2/1.1 MB
Progress (3): 414 kB | 255 kB | 0.2/1.1 MB
Progress (3): 414 kB | 255 kB | 0.2/1.1 MB
Progress (3): 414 kB | 255 kB | 0.2/1.1 MB
Progress (3): 414 kB | 255 kB | 0.2/1.1 MB
Progress (3): 414 kB | 255 kB | 0.2/1.1 MB
Progress (3): 414 kB | 255 kB | 0.2/1.1 MB
Progress (3): 414 kB | 255 kB | 0.2/1.1 MB
Progress (3): 414 kB | 255 kB | 0.2/1.1 MB
Progress (3): 414 kB | 255 kB | 0.2/1.1 MB
Progress (3): 414 kB | 255 kB | 0.2/1.1 MB
Progress (3): 414 kB | 255 kB | 0.2/1.1 MB
Progress (3): 414 kB | 255 kB | 0.2/1.1 MB
Progress (3): 414 kB | 255 kB | 0.2/1.1 MB
Progress (3): 414 kB | 255 kB | 0.2/1.1 MB
Progress (3): 414 kB | 255 kB | 0.2/1.1 MB
Progress (3): 414 kB | 255 kB | 0.2/1.1 MB
Progress (3): 414 kB | 255 kB | 0.2/1.1 MB
Progress (3): 414 kB | 255 kB | 0.3/1.1 MB
Progress (3): 414 kB | 255 kB | 0.3/1.1 MB
Progress (3): 414 kB | 255 kB | 0.3/1.1 MB
Progress (3): 414 kB | 255 kB | 0.3/1.1 MB
Progress (3): 414 kB | 255 kB | 0.3/1.1 MB
Progress (3): 414 kB | 255 kB | 0.3/1.1 MB
Progress (3): 414 kB | 255 kB | 0.3/1.1 MB
Progress (4): 414 kB | 255 kB | 0.3/1.1 MB | 2.2/67 kB
Progress (4): 414 kB | 255 kB | 0.3/1.1 MB | 5.0/67 kB
Progress (4): 414 kB | 255 kB | 0.3/1.1 MB | 7.7/67 kB
Progress (4): 414 kB | 255 kB | 0.3/1.1 MB | 10/67 kB 
Progress (4): 414 kB | 255 kB | 0.3/1.1 MB | 13/67 kB
Progress (4): 414 kB | 255 kB | 0.3/1.1 MB | 16/67 kB
Progress (4): 414 kB | 255 kB | 0.3/1.1 MB | 19/67 kB
Progress (4): 414 kB | 255 kB | 0.3/1.1 MB | 21/67 kB
Progress (4): 414 kB | 255 kB | 0.3/1.1 MB | 24/67 kB
Progress (4): 414 kB | 255 kB | 0.3/1.1 MB | 27/67 kB
Progress (4): 414 kB | 255 kB | 0.3/1.1 MB | 30/67 kB
Progress (4): 414 kB | 255 kB | 0.3/1.1 MB | 32/67 kB
Progress (4): 414 kB | 255 kB | 0.3/1.1 MB | 36/67 kB
Progress (4): 414 kB | 255 kB | 0.3/1.1 MB | 40/67 kB
Progress (4): 414 kB | 255 kB | 0.3/1.1 MB | 45/67 kB
Progress (4): 414 kB | 255 kB | 0.3/1.1 MB | 49/67 kB
                                                     
Downloaded from central: https://repo.maven.apache.org/maven2/com/rometools/rome/1.9.0/rome-1.9.0.jar (255 kB at 152 kB/s)
Downloading from central: https://repo.maven.apache.org/maven2/javax/el/javax.el-api/3.0.1-b04/javax.el-api-3.0.1-b04.jar
Downloaded from central: https://repo.maven.apache.org/maven2/javax/servlet/jstl/1.2/jstl-1.2.jar (414 kB at 244 kB/s)
Downloading from central: https://repo.maven.apache.org/maven2/org/glassfish/javax.el/3.0.1-b08/javax.el-3.0.1-b08.jar
Progress (2): 0.3/1.1 MB | 49/67 kB
Progress (2): 0.3/1.1 MB | 49/67 kB
Progress (2): 0.3/1.1 MB | 49/67 kB
Progress (2): 0.3/1.1 MB | 49/67 kB
Progress (2): 0.3/1.1 MB | 49/67 kB
Progress (2): 0.3/1.1 MB | 49/67 kB
Progress (2): 0.3/1.1 MB | 49/67 kB
Progress (2): 0.3/1.1 MB | 49/67 kB
Progress (2): 0.3/1.1 MB | 49/67 kB
Progress (2): 0.3/1.1 MB | 49/67 kB
Progress (2): 0.3/1.1 MB | 49/67 kB
Progress (2): 0.3/1.1 MB | 49/67 kB
Progress (2): 0.3/1.1 MB | 49/67 kB
Progress (2): 0.3/1.1 MB | 49/67 kB
Progress (2): 0.3/1.1 MB | 49/67 kB
Progress (2): 0.3/1.1 MB | 49/67 kB
Progress (3): 0.3/1.1 MB | 49/67 kB | 4.1/65 kB
Progress (3): 0.3/1.1 MB | 49/67 kB | 4.1/65 kB
Progress (3): 0.3/1.1 MB | 49/67 kB | 7.7/65 kB
Progress (3): 0.4/1.1 MB | 49/67 kB | 7.7/65 kB
Progress (3): 0.4/1.1 MB | 49/67 kB | 12/65 kB 
Progress (3): 0.4/1.1 MB | 49/67 kB | 12/65 kB
Progress (3): 0.4/1.1 MB | 49/67 kB | 16/65 kB
Progress (3): 0.4/1.1 MB | 49/67 kB | 16/65 kB
Progress (3): 0.4/1.1 MB | 49/67 kB | 16/65 kB
Progress (3): 0.4/1.1 MB | 49/67 kB | 20/65 kB
Progress (3): 0.4/1.1 MB | 49/67 kB | 20/65 kB
Progress (3): 0.4/1.1 MB | 49/67 kB | 24/65 kB
Progress (3): 0.4/1.1 MB | 49/67 kB | 24/65 kB
Progress (3): 0.4/1.1 MB | 49/67 kB | 28/65 kB
Progress (3): 0.4/1.1 MB | 49/67 kB | 28/65 kB
Progress (3): 0.4/1.1 MB | 49/67 kB | 32/65 kB
Progress (3): 0.4/1.1 MB | 49/67 kB | 32/65 kB
Progress (3): 0.4/1.1 MB | 49/67 kB | 32/65 kB
Progress (3): 0.4/1.1 MB | 49/67 kB | 32/65 kB
Progress (3): 0.4/1.1 MB | 49/67 kB | 36/65 kB
Progress (3): 0.4/1.1 MB | 49/67 kB | 36/65 kB
Progress (3): 0.4/1.1 MB | 49/67 kB | 40/65 kB
Progress (3): 0.4/1.1 MB | 49/67 kB | 45/65 kB
Progress (3): 0.4/1.1 MB | 49/67 kB | 45/65 kB
Progress (3): 0.4/1.1 MB | 49/67 kB | 49/65 kB
Progress (3): 0.4/1.1 MB | 49/67 kB | 49/65 kB
Progress (3): 0.4/1.1 MB | 49/67 kB | 49/65 kB
Progress (3): 0.4/1.1 MB | 49/67 kB | 49/65 kB
Progress (3): 0.4/1.1 MB | 49/67 kB | 49/65 kB
Progress (3): 0.4/1.1 MB | 49/67 kB | 49/65 kB
Progress (3): 0.4/1.1 MB | 49/67 kB | 53/65 kB
Progress (3): 0.4/1.1 MB | 49/67 kB | 53/65 kB
Progress (3): 0.4/1.1 MB | 49/67 kB | 57/65 kB
Progress (3): 0.4/1.1 MB | 49/67 kB | 57/65 kB
Progress (3): 0.4/1.1 MB | 49/67 kB | 61/65 kB
Progress (3): 0.4/1.1 MB | 49/67 kB | 61/65 kB
Progress (3): 0.4/1.1 MB | 49/67 kB | 65 kB   
Progress (3): 0.4/1.1 MB | 49/67 kB | 65 kB
Progress (3): 0.4/1.1 MB | 49/67 kB | 65 kB
Progress (3): 0.4/1.1 MB | 49/67 kB | 65 kB
Progress (3): 0.4/1.1 MB | 49/67 kB | 65 kB
Progress (3): 0.5/1.1 MB | 49/67 kB | 65 kB
Progress (3): 0.5/1.1 MB | 49/67 kB | 65 kB
Progress (3): 0.5/1.1 MB | 49/67 kB | 65 kB
Progress (3): 0.5/1.1 MB | 49/67 kB | 65 kB
Progress (3): 0.5/1.1 MB | 49/67 kB | 65 kB
Progress (3): 0.5/1.1 MB | 49/67 kB | 65 kB
Progress (3): 0.5/1.1 MB | 49/67 kB | 65 kB
Progress (3): 0.5/1.1 MB | 49/67 kB | 65 kB
Progress (3): 0.5/1.1 MB | 49/67 kB | 65 kB
Progress (3): 0.5/1.1 MB | 49/67 kB | 65 kB
Progress (3): 0.5/1.1 MB | 49/67 kB | 65 kB
Progress (3): 0.5/1.1 MB | 49/67 kB | 65 kB
Progress (3): 0.5/1.1 MB | 49/67 kB | 65 kB
Progress (3): 0.5/1.1 MB | 49/67 kB | 65 kB
Progress (3): 0.5/1.1 MB | 49/67 kB | 65 kB
Progress (3): 0.5/1.1 MB | 49/67 kB | 65 kB
Progress (3): 0.5/1.1 MB | 49/67 kB | 65 kB
Progress (3): 0.5/1.1 MB | 49/67 kB | 65 kB
Progress (3): 0.5/1.1 MB | 49/67 kB | 65 kB
Progress (3): 0.5/1.1 MB | 49/67 kB | 65 kB
Progress (3): 0.5/1.1 MB | 49/67 kB | 65 kB
Progress (3): 0.5/1.1 MB | 49/67 kB | 65 kB
Progress (3): 0.5/1.1 MB | 49/67 kB | 65 kB
Progress (3): 0.5/1.1 MB | 49/67 kB | 65 kB
Progress (3): 0.5/1.1 MB | 49/67 kB | 65 kB
Progress (3): 0.6/1.1 MB | 49/67 kB | 65 kB
Progress (3): 0.6/1.1 MB | 49/67 kB | 65 kB
Progress (3): 0.6/1.1 MB | 49/67 kB | 65 kB
Progress (3): 0.6/1.1 MB | 49/67 kB | 65 kB
Progress (3): 0.6/1.1 MB | 49/67 kB | 65 kB
Progress (3): 0.6/1.1 MB | 49/67 kB | 65 kB
Progress (3): 0.6/1.1 MB | 49/67 kB | 65 kB
Progress (3): 0.6/1.1 MB | 49/67 kB | 65 kB
Progress (3): 0.6/1.1 MB | 49/67 kB | 65 kB
Progress (3): 0.6/1.1 MB | 49/67 kB | 65 kB
Progress (3): 0.6/1.1 MB | 49/67 kB | 65 kB
Progress (3): 0.6/1.1 MB | 49/67 kB | 65 kB
Progress (3): 0.6/1.1 MB | 49/67 kB | 65 kB
Progress (3): 0.6/1.1 MB | 49/67 kB | 65 kB
Progress (3): 0.6/1.1 MB | 53/67 kB | 65 kB
Progress (3): 0.6/1.1 MB | 57/67 kB | 65 kB
Progress (3): 0.6/1.1 MB | 61/67 kB | 65 kB
Progress (3): 0.6/1.1 MB | 65/67 kB | 65 kB
Progress (3): 0.6/1.1 MB | 67 kB | 65 kB   
Progress (4): 0.6/1.1 MB | 67 kB | 65 kB | 4.1/73 kB
Progress (4): 0.6/1.1 MB | 67 kB | 65 kB | 7.7/73 kB
Progress (4): 0.6/1.1 MB | 67 kB | 65 kB | 12/73 kB 
Progress (4): 0.6/1.1 MB | 67 kB | 65 kB | 16/73 kB
Progress (4): 0.6/1.1 MB | 67 kB | 65 kB | 20/73 kB
Progress (4): 0.6/1.1 MB | 67 kB | 65 kB | 24/73 kB
Progress (4): 0.6/1.1 MB | 67 kB | 65 kB | 28/73 kB
Progress (4): 0.6/1.1 MB | 67 kB | 65 kB | 32/73 kB
Progress (4): 0.6/1.1 MB | 67 kB | 65 kB | 36/73 kB
Progress (4): 0.6/1.1 MB | 67 kB | 65 kB | 40/73 kB
Progress (4): 0.6/1.1 MB | 67 kB | 65 kB | 45/73 kB
Progress (4): 0.6/1.1 MB | 67 kB | 65 kB | 49/73 kB
Progress (4): 0.6/1.1 MB | 67 kB | 65 kB | 53/73 kB
Progress (4): 0.6/1.1 MB | 67 kB | 65 kB | 57/73 kB
Progress (4): 0.6/1.1 MB | 67 kB | 65 kB | 61/73 kB
Progress (4): 0.6/1.1 MB | 67 kB | 65 kB | 65/73 kB
Progress (4): 0.6/1.1 MB | 67 kB | 65 kB | 69/73 kB
Progress (4): 0.6/1.1 MB | 67 kB | 65 kB | 73 kB   
Progress (5): 0.6/1.1 MB | 67 kB | 65 kB | 73 kB | 4.1/238 kB
Progress (5): 0.6/1.1 MB | 67 kB | 65 kB | 73 kB | 7.7/238 kB
Progress (5): 0.6/1.1 MB | 67 kB | 65 kB | 73 kB | 12/238 kB 
Progress (5): 0.6/1.1 MB | 67 kB | 65 kB | 73 kB | 16/238 kB
Progress (5): 0.6/1.1 MB | 67 kB | 65 kB | 73 kB | 20/238 kB
Progress (5): 0.6/1.1 MB | 67 kB | 65 kB | 73 kB | 24/238 kB
Progress (5): 0.6/1.1 MB | 67 kB | 65 kB | 73 kB | 28/238 kB
Progress (5): 0.6/1.1 MB | 67 kB | 65 kB | 73 kB | 32/238 kB
Progress (5): 0.6/1.1 MB | 67 kB | 65 kB | 73 kB | 36/238 kB
Progress (5): 0.6/1.1 MB | 67 kB | 65 kB | 73 kB | 40/238 kB
Progress (5): 0.6/1.1 MB | 67 kB | 65 kB | 73 kB | 45/238 kB
Progress (5): 0.6/1.1 MB | 67 kB | 65 kB | 73 kB | 49/238 kB
Progress (5): 0.6/1.1 MB | 67 kB | 65 kB | 73 kB | 53/238 kB
Progress (5): 0.6/1.1 MB | 67 kB | 65 kB | 73 kB | 57/238 kB
Progress (5): 0.6/1.1 MB | 67 kB | 65 kB | 73 kB | 61/238 kB
Progress (5): 0.6/1.1 MB | 67 kB | 65 kB | 73 kB | 65/238 kB
Progress (5): 0.6/1.1 MB | 67 kB | 65 kB | 73 kB | 69/238 kB
Progress (5): 0.6/1.1 MB | 67 kB | 65 kB | 73 kB | 73/238 kB
Progress (5): 0.6/1.1 MB | 67 kB | 65 kB | 73 kB | 77/238 kB
Progress (5): 0.6/1.1 MB | 67 kB | 65 kB | 73 kB | 81/238 kB
Progress (5): 0.6/1.1 MB | 67 kB | 65 kB | 73 kB | 85/238 kB
Progress (5): 0.6/1.1 MB | 67 kB | 65 kB | 73 kB | 90/238 kB
Progress (5): 0.6/1.1 MB | 67 kB | 65 kB | 73 kB | 94/238 kB
Progress (5): 0.6/1.1 MB | 67 kB | 65 kB | 73 kB | 98/238 kB
Progress (5): 0.6/1.1 MB | 67 kB | 65 kB | 73 kB | 102/238 kB
Progress (5): 0.6/1.1 MB | 67 kB | 65 kB | 73 kB | 106/238 kB
Progress (5): 0.6/1.1 MB | 67 kB | 65 kB | 73 kB | 110/238 kB
Progress (5): 0.6/1.1 MB | 67 kB | 65 kB | 73 kB | 114/238 kB
Progress (5): 0.6/1.1 MB | 67 kB | 65 kB | 73 kB | 118/238 kB
Progress (5): 0.6/1.1 MB | 67 kB | 65 kB | 73 kB | 122/238 kB
Progress (5): 0.6/1.1 MB | 67 kB | 65 kB | 73 kB | 126/238 kB
Progress (5): 0.6/1.1 MB | 67 kB | 65 kB | 73 kB | 131/238 kB
Progress (5): 0.6/1.1 MB | 67 kB | 65 kB | 73 kB | 135/238 kB
Progress (5): 0.6/1.1 MB | 67 kB | 65 kB | 73 kB | 139/238 kB
Progress (5): 0.6/1.1 MB | 67 kB | 65 kB | 73 kB | 143/238 kB
Progress (5): 0.6/1.1 MB | 67 kB | 65 kB | 73 kB | 147/238 kB
Progress (5): 0.6/1.1 MB | 67 kB | 65 kB | 73 kB | 151/238 kB
Progress (5): 0.6/1.1 MB | 67 kB | 65 kB | 73 kB | 155/238 kB
Progress (5): 0.6/1.1 MB | 67 kB | 65 kB | 73 kB | 159/238 kB
Progress (5): 0.6/1.1 MB | 67 kB | 65 kB | 73 kB | 163/238 kB
Progress (5): 0.6/1.1 MB | 67 kB | 65 kB | 73 kB | 167/238 kB
Progress (5): 0.6/1.1 MB | 67 kB | 65 kB | 73 kB | 171/238 kB
Progress (5): 0.6/1.1 MB | 67 kB | 65 kB | 73 kB | 176/238 kB
Progress (5): 0.6/1.1 MB | 67 kB | 65 kB | 73 kB | 180/238 kB
Progress (5): 0.6/1.1 MB | 67 kB | 65 kB | 73 kB | 184/238 kB
Progress (5): 0.6/1.1 MB | 67 kB | 65 kB | 73 kB | 188/238 kB
Progress (5): 0.6/1.1 MB | 67 kB | 65 kB | 73 kB | 192/238 kB
Progress (5): 0.6/1.1 MB | 67 kB | 65 kB | 73 kB | 196/238 kB
Progress (5): 0.6/1.1 MB | 67 kB | 65 kB | 73 kB | 196/238 kB
Progress (5): 0.6/1.1 MB | 67 kB | 65 kB | 73 kB | 196/238 kB
Progress (5): 0.6/1.1 MB | 67 kB | 65 kB | 73 kB | 196/238 kB
Progress (5): 0.6/1.1 MB | 67 kB | 65 kB | 73 kB | 196/238 kB
Progress (5): 0.6/1.1 MB | 67 kB | 65 kB | 73 kB | 196/238 kB
Progress (5): 0.6/1.1 MB | 67 kB | 65 kB | 73 kB | 196/238 kB
Progress (5): 0.6/1.1 MB | 67 kB | 65 kB | 73 kB | 196/238 kB
Progress (5): 0.6/1.1 MB | 67 kB | 65 kB | 73 kB | 196/238 kB
Progress (5): 0.6/1.1 MB | 67 kB | 65 kB | 73 kB | 196/238 kB
Progress (5): 0.6/1.1 MB | 67 kB | 65 kB | 73 kB | 196/238 kB
Progress (5): 0.7/1.1 MB | 67 kB | 65 kB | 73 kB | 196/238 kB
Progress (5): 0.7/1.1 MB | 67 kB | 65 kB | 73 kB | 196/238 kB
                                                             
Downloaded from central: https://repo.maven.apache.org/maven2/org/jboss/logging/jboss-logging/3.3.0.Final/jboss-logging-3.3.0.Final.jar (67 kB at 33 kB/s)
Downloading from central: https://repo.maven.apache.org/maven2/commons-fileupload/commons-fileupload/1.3.3/commons-fileupload-1.3.3.jar
Downloaded from central: https://repo.maven.apache.org/maven2/com/fasterxml/classmate/1.3.1/classmate-1.3.1.jar (65 kB at 32 kB/s)
Downloading from central: https://repo.maven.apache.org/maven2/org/xmlunit/xmlunit-matchers/2.5.1/xmlunit-matchers-2.5.1.jar
Downloaded from central: https://repo.maven.apache.org/maven2/javax/el/javax.el-api/3.0.1-b04/javax.el-api-3.0.1-b04.jar (73 kB at 36 kB/s)
Progress (2): 0.7/1.1 MB | 196/238 kB
Progress (2): 0.7/1.1 MB | 196/238 kB
Progress (2): 0.7/1.1 MB | 196/238 kB
Progress (2): 0.7/1.1 MB | 196/238 kB
Progress (2): 0.7/1.1 MB | 196/238 kB
Progress (2): 0.7/1.1 MB | 196/238 kB
Progress (2): 0.7/1.1 MB | 196/238 kB
Progress (2): 0.7/1.1 MB | 196/238 kB
Progress (2): 0.7/1.1 MB | 196/238 kB
Progress (2): 0.7/1.1 MB | 196/238 kB
Progress (2): 0.7/1.1 MB | 196/238 kB
Progress (2): 0.7/1.1 MB | 196/238 kB
Progress (2): 0.7/1.1 MB | 196/238 kB
Progress (2): 0.7/1.1 MB | 196/238 kB
Progress (2): 0.7/1.1 MB | 196/238 kB
Progress (2): 0.7/1.1 MB | 196/238 kB
Progress (2): 0.7/1.1 MB | 196/238 kB
Progress (2): 0.7/1.1 MB | 196/238 kB
Progress (2): 0.7/1.1 MB | 196/238 kB
Progress (2): 0.7/1.1 MB | 196/238 kB
Progress (2): 0.7/1.1 MB | 196/238 kB
Progress (2): 0.7/1.1 MB | 196/238 kB
Progress (2): 0.7/1.1 MB | 196/238 kB
Progress (2): 0.8/1.1 MB | 196/238 kB
Progress (2): 0.8/1.1 MB | 196/238 kB
Progress (2): 0.8/1.1 MB | 196/238 kB
Progress (2): 0.8/1.1 MB | 196/238 kB
Progress (2): 0.8/1.1 MB | 196/238 kB
Progress (2): 0.8/1.1 MB | 196/238 kB
Progress (2): 0.8/1.1 MB | 196/238 kB
Progress (2): 0.8/1.1 MB | 196/238 kB
Progress (2): 0.8/1.1 MB | 196/238 kB
Progress (2): 0.8/1.1 MB | 196/238 kB
Progress (2): 0.8/1.1 MB | 196/238 kB
Progress (2): 0.8/1.1 MB | 196/238 kB
Progress (2): 0.8/1.1 MB | 196/238 kB
Progress (2): 0.8/1.1 MB | 196/238 kB
Progress (2): 0.8/1.1 MB | 196/238 kB
Progress (2): 0.8/1.1 MB | 196/238 kB
Progress (2): 0.8/1.1 MB | 196/238 kB
Progress (2): 0.8/1.1 MB | 196/238 kB
Progress (2): 0.8/1.1 MB | 196/238 kB
Progress (2): 0.8/1.1 MB | 196/238 kB
Progress (2): 0.8/1.1 MB | 196/238 kB
Progress (2): 0.8/1.1 MB | 196/238 kB
Progress (2): 0.8/1.1 MB | 196/238 kB
Progress (2): 0.8/1.1 MB | 196/238 kB
Progress (2): 0.9/1.1 MB | 196/238 kB
Progress (2): 0.9/1.1 MB | 196/238 kB
Progress (2): 0.9/1.1 MB | 196/238 kB
Progress (2): 0.9/1.1 MB | 196/238 kB
Progress (2): 0.9/1.1 MB | 196/238 kB
Progress (2): 0.9/1.1 MB | 196/238 kB
Progress (2): 0.9/1.1 MB | 196/238 kB
Progress (2): 0.9/1.1 MB | 196/238 kB
Progress (2): 0.9/1.1 MB | 196/238 kB
Progress (2): 0.9/1.1 MB | 196/238 kB
Progress (2): 0.9/1.1 MB | 196/238 kB
Progress (2): 0.9/1.1 MB | 196/238 kB
Progress (2): 0.9/1.1 MB | 196/238 kB
Progress (2): 0.9/1.1 MB | 196/238 kB
Progress (2): 0.9/1.1 MB | 196/238 kB
Progress (2): 0.9/1.1 MB | 196/238 kB
Progress (2): 0.9/1.1 MB | 196/238 kB
Progress (2): 0.9/1.1 MB | 196/238 kB
Progress (2): 0.9/1.1 MB | 196/238 kB
Progress (2): 0.9/1.1 MB | 196/238 kB
Progress (2): 0.9/1.1 MB | 196/238 kB
Progress (2): 0.9/1.1 MB | 196/238 kB
Progress (2): 0.9/1.1 MB | 196/238 kB
Progress (2): 0.9/1.1 MB | 196/238 kB
Progress (2): 0.9/1.1 MB | 196/238 kB
Progress (2): 1.0/1.1 MB | 196/238 kB
Progress (2): 1.0/1.1 MB | 196/238 kB
Progress (2): 1.0/1.1 MB | 196/238 kB
Progress (2): 1.0/1.1 MB | 196/238 kB
Progress (2): 1.0/1.1 MB | 196/238 kB
Progress (2): 1.0/1.1 MB | 196/238 kB
Progress (2): 1.0/1.1 MB | 196/238 kB
Progress (2): 1.0/1.1 MB | 196/238 kB
Progress (2): 1.0/1.1 MB | 196/238 kB
Progress (2): 1.0/1.1 MB | 196/238 kB
Progress (2): 1.0/1.1 MB | 196/238 kB
Progress (2): 1.0/1.1 MB | 196/238 kB
Progress (2): 1.0/1.1 MB | 196/238 kB
Progress (2): 1.0/1.1 MB | 196/238 kB
Progress (2): 1.0/1.1 MB | 196/238 kB
Progress (2): 1.0/1.1 MB | 196/238 kB
Progress (2): 1.0/1.1 MB | 196/238 kB
Progress (2): 1.0/1.1 MB | 196/238 kB
Progress (2): 1.0/1.1 MB | 196/238 kB
Progress (2): 1.0/1.1 MB | 196/238 kB
Progress (2): 1.0/1.1 MB | 196/238 kB
Progress (2): 1.0/1.1 MB | 196/238 kB
Progress (2): 1.0/1.1 MB | 196/238 kB
Progress (2): 1.0/1.1 MB | 196/238 kB
Progress (2): 1.1/1.1 MB | 196/238 kB
Progress (2): 1.1/1.1 MB | 196/238 kB
Progress (2): 1.1/1.1 MB | 196/238 kB
Progress (2): 1.1/1.1 MB | 196/238 kB
Progress (2): 1.1/1.1 MB | 196/238 kB
Progress (2): 1.1/1.1 MB | 196/238 kB
Progress (2): 1.1/1.1 MB | 196/238 kB
Progress (2): 1.1/1.1 MB | 196/238 kB
Progress (3): 1.1/1.1 MB | 196/238 kB | 2.8/71 kB
Progress (3): 1.1/1.1 MB | 196/238 kB | 2.8/71 kB
Progress (3): 1.1/1.1 MB | 196/238 kB | 3.6/71 kB
Progress (3): 1.1/1.1 MB | 196/238 kB | 3.6/71 kB
Progress (3): 1.1/1.1 MB | 196/238 kB | 3.6/71 kB
Progress (3): 1.1/1.1 MB | 196/238 kB | 6.3/71 kB
Progress (3): 1.1/1.1 MB | 196/238 kB | 6.3/71 kB
Progress (3): 1.1/1.1 MB | 196/238 kB | 7.7/71 kB
Progress (3): 1.1/1.1 MB | 196/238 kB | 10/71 kB 
Progress (3): 1.1/1.1 MB | 196/238 kB | 10/71 kB
Progress (3): 1.1/1.1 MB | 196/238 kB | 12/71 kB
Progress (3): 1.1/1.1 MB | 196/238 kB | 12/71 kB
Progress (3): 1.1/1.1 MB | 196/238 kB | 12/71 kB
Progress (3): 1.1/1.1 MB | 196/238 kB | 15/71 kB
Progress (3): 1.1/1.1 MB | 196/238 kB | 15/71 kB
Progress (3): 1.1/1.1 MB | 196/238 kB | 16/71 kB
Progress (3): 1.1 MB | 196/238 kB | 16/71 kB    
Progress (3): 1.1 MB | 196/238 kB | 19/71 kB
Progress (3): 1.1 MB | 196/238 kB | 20/71 kB
Progress (3): 1.1 MB | 196/238 kB | 23/71 kB
Progress (3): 1.1 MB | 196/238 kB | 24/71 kB
Progress (3): 1.1 MB | 196/238 kB | 27/71 kB
Progress (3): 1.1 MB | 196/238 kB | 28/71 kB
Progress (3): 1.1 MB | 196/238 kB | 31/71 kB
Progress (3): 1.1 MB | 196/238 kB | 32/71 kB
Progress (3): 1.1 MB | 196/238 kB | 35/71 kB
Progress (3): 1.1 MB | 196/238 kB | 36/71 kB
Progress (3): 1.1 MB | 196/238 kB | 39/71 kB
Progress (3): 1.1 MB | 196/238 kB | 40/71 kB
Progress (3): 1.1 MB | 196/238 kB | 43/71 kB
Progress (3): 1.1 MB | 196/238 kB | 45/71 kB
Progress (3): 1.1 MB | 196/238 kB | 47/71 kB
Progress (3): 1.1 MB | 196/238 kB | 49/71 kB
Progress (3): 1.1 MB | 196/238 kB | 51/71 kB
Progress (3): 1.1 MB | 196/238 kB | 53/71 kB
Progress (3): 1.1 MB | 196/238 kB | 55/71 kB
Progress (3): 1.1 MB | 196/238 kB | 57/71 kB
Progress (3): 1.1 MB | 196/238 kB | 60/71 kB
Progress (3): 1.1 MB | 196/238 kB | 61/71 kB
Progress (3): 1.1 MB | 196/238 kB | 64/71 kB
Progress (3): 1.1 MB | 196/238 kB | 66/71 kB
Progress (3): 1.1 MB | 196/238 kB | 69/71 kB
Progress (3): 1.1 MB | 196/238 kB | 71 kB   
Progress (4): 1.1 MB | 196/238 kB | 71 kB | 4.1/14 kB
Progress (4): 1.1 MB | 196/238 kB | 71 kB | 7.7/14 kB
Progress (4): 1.1 MB | 196/238 kB | 71 kB | 12/14 kB 
Progress (4): 1.1 MB | 196/238 kB | 71 kB | 14 kB   
                                                 
Downloaded from central: https://repo.maven.apache.org/maven2/org/hibernate/validator/hibernate-validator/6.0.7.Final/hibernate-validator-6.0.7.Final.jar (1.1 MB at 473 kB/s)
Downloaded from central: https://repo.maven.apache.org/maven2/commons-fileupload/commons-fileupload/1.3.3/commons-fileupload-1.3.3.jar (71 kB at 30 kB/s)
Downloaded from central: https://repo.maven.apache.org/maven2/org/xmlunit/xmlunit-matchers/2.5.1/xmlunit-matchers-2.5.1.jar (14 kB at 5.7 kB/s)
Progress (1): 200/238 kB
Progress (1): 204/238 kB
Progress (1): 208/238 kB
Progress (1): 212/238 kB
Progress (1): 217/238 kB
Progress (1): 221/238 kB
Progress (1): 225/238 kB
Progress (1): 229/238 kB
Progress (1): 233/238 kB
Progress (1): 237/238 kB
Progress (1): 238 kB    
                    
Downloaded from central: https://repo.maven.apache.org/maven2/org/glassfish/javax.el/3.0.1-b08/javax.el-3.0.1-b08.jar (238 kB at 77 kB/s)
[INFO] 
[INFO] --- maven-clean-plugin:2.5:clean (default-clean) @ spring-mvc-showcase ---
[INFO] 
[INFO] --- maven-dependency-plugin:2.8:list (default-cli) @ spring-mvc-showcase ---
[INFO] 
[INFO] The following files have been resolved:
[INFO]    org.jdom:jdom2:jar:2.0.6:compile
[INFO]    commons-io:commons-io:jar:2.5:compile
[INFO]    net.minidev:json-smart:jar:2.3:test
[INFO]    org.hibernate.validator:hibernate-validator:jar:6.0.7.Final:compile
[INFO]    org.hamcrest:hamcrest-library:jar:1.3:test
[INFO]    com.fasterxml:classmate:jar:1.3.1:compile
[INFO]    org.springframework:spring-aop:jar:5.0.4.RELEASE:compile
[INFO]    org.springframework:spring-webmvc:jar:5.0.4.RELEASE:compile
[INFO]    javax.el:javax.el-api:jar:3.0.1-b04:compile
[INFO]    org.apache.logging.log4j:log4j-api:jar:2.12.1:compile
[INFO]    javax.validation:validation-api:jar:2.0.1.Final:compile
[INFO]    net.minidev:accessors-smart:jar:1.2:test
[INFO]    org.xmlunit:xmlunit-matchers:jar:2.5.1:test
[INFO]    javax.servlet.jsp:javax.servlet.jsp-api:jar:2.3.2-b02:provided
[INFO]    javax.servlet:jstl:jar:1.2:compile
[INFO]    org.apache.logging.log4j:log4j-slf4j-impl:jar:2.12.1:compile
[INFO]    com.rometools:rome-utils:jar:1.9.0:compile
[INFO]    org.ow2.asm:asm:jar:5.0.4:test
[INFO]    org.springframework.security:spring-security-web:jar:5.0.0.RELEASE:compile
[INFO]    joda-time:joda-time:jar:2.9.9:compile
[INFO]    org.xmlunit:xmlunit-core:jar:2.5.1:test
[INFO]    javax.inject:javax.inject:jar:1:compile
[INFO]    org.springframework:spring-context:jar:5.0.4.RELEASE:compile
[INFO]    org.springframework:spring-core:jar:5.0.4.RELEASE:compile
[INFO]    com.jayway.jsonpath:json-path:jar:2.4.0:test
[INFO]    javax.servlet:javax.servlet-api:jar:3.1.0:provided
[INFO]    org.hamcrest:hamcrest-core:jar:1.3:test
[INFO]    com.fasterxml.jackson.core:jackson-annotations:jar:2.9.0:compile
[INFO]    org.apache.logging.log4j:log4j-core:jar:2.12.1:compile
[INFO]    com.fasterxml.jackson.core:jackson-databind:jar:2.9.3:compile
[INFO]    junit:junit:jar:4.12:test
[INFO]    org.slf4j:slf4j-api:jar:1.7.25:compile
[INFO]    org.springframework:spring-beans:jar:5.0.4.RELEASE:compile
[INFO]    org.springframework:spring-web:jar:5.0.4.RELEASE:compile
[INFO]    org.aspectj:aspectjrt:jar:1.8.1:compile
[INFO]    org.springframework.security:spring-security-core:jar:5.0.0.RELEASE:compile
[INFO]    com.fasterxml.jackson.core:jackson-core:jar:2.9.3:compile
[INFO]    org.glassfish:javax.el:jar:3.0.1-b08:compile
[INFO]    org.springframework:spring-test:jar:5.0.4.RELEASE:test
[INFO]    org.springframework:spring-jcl:jar:5.0.4.RELEASE:compile
[INFO]    org.springframework:spring-expression:jar:5.0.4.RELEASE:compile
[INFO]    com.rometools:rome:jar:1.9.0:compile
[INFO]    org.jboss.logging:jboss-logging:jar:3.3.0.Final:compile
[INFO]    commons-fileupload:commons-fileupload:jar:1.3.3:compile
[INFO] 
[INFO] 
[INFO] --- maven-resources-plugin:2.6:resources (default-resources) @ spring-mvc-showcase ---
[WARNING] Using platform encoding (UTF-8 actually) to copy filtered resources, i.e. build is platform dependent!
[INFO] Copying 1 resource
[INFO] 
[INFO] --- maven-compiler-plugin:3.7.0:compile (default-compile) @ spring-mvc-showcase ---
[INFO] Changes detected - recompiling the module!
[WARNING] File encoding has not been set, using platform encoding UTF-8, i.e. build is platform dependent!
[INFO] Compiling 40 source files to /home/cgzhu/projects/gitslice/resources/facts/upgrade_jars_exp/_downloads/spring-mvc-showcase/target/classes
[INFO] /home/cgzhu/projects/gitslice/resources/facts/upgrade_jars_exp/_downloads/spring-mvc-showcase/src/main/java/org/springframework/samples/mvc/form/FormBean.java: Some input files use or override a deprecated API.
[INFO] /home/cgzhu/projects/gitslice/resources/facts/upgrade_jars_exp/_downloads/spring-mvc-showcase/src/main/java/org/springframework/samples/mvc/form/FormBean.java: Recompile with -Xlint:deprecation for details.
[INFO] 
[INFO] --- aspectj-maven-plugin:1.11:compile (default) @ spring-mvc-showcase ---
Downloading from central: https://repo.maven.apache.org/maven2/org/aspectj/aspectjtools/1.8.1/aspectjtools-1.8.1.pom
Progress (1): 1.0 kB
                    
Downloaded from central: https://repo.maven.apache.org/maven2/org/aspectj/aspectjtools/1.8.1/aspectjtools-1.8.1.pom (1.0 kB at 3.0 kB/s)
Downloading from central: https://repo.maven.apache.org/maven2/org/apache/maven/maven-compat/3.0.5/maven-compat-3.0.5.pom
Progress (1): 2.2/3.7 kB
Progress (1): 3.7 kB    
                    
Downloaded from central: https://repo.maven.apache.org/maven2/org/apache/maven/maven-compat/3.0.5/maven-compat-3.0.5.pom (3.7 kB at 11 kB/s)
Downloading from central: https://repo.maven.apache.org/maven2/org/apache/maven/wagon/wagon-provider-api/2.4/wagon-provider-api-2.4.pom
Progress (1): 1.7 kB
                    
Downloaded from central: https://repo.maven.apache.org/maven2/org/apache/maven/wagon/wagon-provider-api/2.4/wagon-provider-api-2.4.pom (1.7 kB at 5.2 kB/s)
Downloading from central: https://repo.maven.apache.org/maven2/org/apache/maven/wagon/wagon/2.4/wagon-2.4.pom
Progress (1): 2.2/20 kB
Progress (1): 5.0/20 kB
Progress (1): 7.8/20 kB
Progress (1): 11/20 kB 
Progress (1): 13/20 kB
Progress (1): 16/20 kB
Progress (1): 19/20 kB
Progress (1): 20 kB   
                   
Downloaded from central: https://repo.maven.apache.org/maven2/org/apache/maven/wagon/wagon/2.4/wagon-2.4.pom (20 kB at 59 kB/s)
Downloading from central: https://repo.maven.apache.org/maven2/org/apache/maven/doxia/doxia-sink-api/1.6/doxia-sink-api-1.6.pom
Progress (1): 1.5 kB
                    
Downloaded from central: https://repo.maven.apache.org/maven2/org/apache/maven/doxia/doxia-sink-api/1.6/doxia-sink-api-1.6.pom (1.5 kB at 4.6 kB/s)
Downloading from central: https://repo.maven.apache.org/maven2/org/apache/maven/doxia/doxia-site-renderer/1.6/doxia-site-renderer-1.6.pom
Progress (1): 2.2/6.1 kB
Progress (1): 5.0/6.1 kB
Progress (1): 6.1 kB    
                    
Downloaded from central: https://repo.maven.apache.org/maven2/org/apache/maven/doxia/doxia-site-renderer/1.6/doxia-site-renderer-1.6.pom (6.1 kB at 18 kB/s)
Downloading from central: https://repo.maven.apache.org/maven2/org/apache/maven/doxia/doxia-core/1.6/doxia-core-1.6.pom
Progress (1): 2.2/4.2 kB
Progress (1): 4.2 kB    
                    
Downloaded from central: https://repo.maven.apache.org/maven2/org/apache/maven/doxia/doxia-core/1.6/doxia-core-1.6.pom (4.2 kB at 12 kB/s)
Downloading from central: https://repo.maven.apache.org/maven2/org/apache/maven/doxia/doxia-module-xhtml/1.6/doxia-module-xhtml-1.6.pom
Progress (1): 1.6 kB
                    
Downloaded from central: https://repo.maven.apache.org/maven2/org/apache/maven/doxia/doxia-module-xhtml/1.6/doxia-module-xhtml-1.6.pom (1.6 kB at 4.9 kB/s)
Downloading from central: https://repo.maven.apache.org/maven2/org/apache/maven/doxia/doxia-modules/1.6/doxia-modules-1.6.pom
Progress (1): 2.2/2.6 kB
Progress (1): 2.6 kB    
                    
Downloaded from central: https://repo.maven.apache.org/maven2/org/apache/maven/doxia/doxia-modules/1.6/doxia-modules-1.6.pom (2.6 kB at 7.8 kB/s)
Downloading from central: https://repo.maven.apache.org/maven2/org/apache/maven/doxia/doxia-module-fml/1.6/doxia-module-fml-1.6.pom
Progress (1): 2.2/4.8 kB
Progress (1): 4.8 kB    
                    
Downloaded from central: https://repo.maven.apache.org/maven2/org/apache/maven/doxia/doxia-module-fml/1.6/doxia-module-fml-1.6.pom (4.8 kB at 14 kB/s)
Downloading from central: https://repo.maven.apache.org/maven2/org/apache/maven/reporting/maven-reporting-impl/2.4/maven-reporting-impl-2.4.pom
Progress (1): 2.2/6.1 kB
Progress (1): 5.0/6.1 kB
Progress (1): 6.1 kB    
                    
Downloaded from central: https://repo.maven.apache.org/maven2/org/apache/maven/reporting/maven-reporting-impl/2.4/maven-reporting-impl-2.4.pom (6.1 kB at 18 kB/s)
Downloading from central: https://repo.maven.apache.org/maven2/commons-validator/commons-validator/1.4.1/commons-validator-1.4.1.pom
Progress (1): 2.2/13 kB
Progress (1): 5.0/13 kB
Progress (1): 7.8/13 kB
Progress (1): 11/13 kB 
Progress (1): 13 kB   
                   
Downloaded from central: https://repo.maven.apache.org/maven2/commons-validator/commons-validator/1.4.1/commons-validator-1.4.1.pom (13 kB at 37 kB/s)
Downloading from central: https://repo.maven.apache.org/maven2/org/apache/commons/commons-parent/36/commons-parent-36.pom
Progress (1): 2.2/58 kB
Progress (1): 5.0/58 kB
Progress (1): 7.8/58 kB
Progress (1): 11/58 kB 
Progress (1): 13/58 kB
Progress (1): 16/58 kB
Progress (1): 19/58 kB
Progress (1): 21/58 kB
Progress (1): 24/58 kB
Progress (1): 27/58 kB
Progress (1): 30/58 kB
Progress (1): 32/58 kB
Progress (1): 36/58 kB
Progress (1): 40/58 kB
Progress (1): 45/58 kB
Progress (1): 49/58 kB
Progress (1): 53/58 kB
Progress (1): 57/58 kB
Progress (1): 58 kB   
                   
Downloaded from central: https://repo.maven.apache.org/maven2/org/apache/commons/commons-parent/36/commons-parent-36.pom (58 kB at 114 kB/s)
Downloading from central: https://repo.maven.apache.org/maven2/org/aspectj/aspectjtools/1.8.1/aspectjtools-1.8.1.jar
Downloading from central: https://repo.maven.apache.org/maven2/org/apache/maven/doxia/doxia-sink-api/1.6/doxia-sink-api-1.6.jar
Downloading from central: https://repo.maven.apache.org/maven2/org/apache/maven/maven-compat/3.0.5/maven-compat-3.0.5.jar
Downloading from central: https://repo.maven.apache.org/maven2/org/apache/maven/doxia/doxia-logging-api/1.6/doxia-logging-api-1.6.jar
Downloading from central: https://repo.maven.apache.org/maven2/org/apache/maven/wagon/wagon-provider-api/2.4/wagon-provider-api-2.4.jar
Progress (1): 0/11 MB
Progress (1): 0/11 MB
Progress (1): 0/11 MB
Progress (1): 0/11 MB
Progress (1): 0/11 MB
Progress (1): 0/11 MB
Progress (2): 0/11 MB | 2.2/52 kB
Progress (2): 0/11 MB | 2.2/52 kB
Progress (2): 0/11 MB | 2.2/52 kB
Progress (2): 0/11 MB | 5.0/52 kB
Progress (2): 0/11 MB | 7.7/52 kB
Progress (2): 0/11 MB | 10/52 kB 
Progress (2): 0/11 MB | 10/52 kB
Progress (2): 0/11 MB | 13/52 kB
Progress (2): 0/11 MB | 13/52 kB
Progress (2): 0/11 MB | 16/52 kB
Progress (2): 0/11 MB | 16/52 kB
Progress (2): 0/11 MB | 19/52 kB
Progress (2): 0/11 MB | 19/52 kB
Progress (2): 0/11 MB | 21/52 kB
Progress (2): 0/11 MB | 24/52 kB
Progress (2): 0.1/11 MB | 24/52 kB
Progress (2): 0.1/11 MB | 27/52 kB
Progress (2): 0.1/11 MB | 27/52 kB
Progress (2): 0.1/11 MB | 30/52 kB
Progress (2): 0.1/11 MB | 30/52 kB
Progress (2): 0.1/11 MB | 30/52 kB
Progress (2): 0.1/11 MB | 30/52 kB
Progress (2): 0.1/11 MB | 32/52 kB
Progress (2): 0.1/11 MB | 32/52 kB
Progress (2): 0.1/11 MB | 32/52 kB
Progress (2): 0.1/11 MB | 32/52 kB
Progress (2): 0.1/11 MB | 32/52 kB
Progress (2): 0.1/11 MB | 32/52 kB
Progress (2): 0.1/11 MB | 32/52 kB
Progress (2): 0.1/11 MB | 32/52 kB
Progress (2): 0.1/11 MB | 36/52 kB
Progress (2): 0.1/11 MB | 40/52 kB
Progress (2): 0.1/11 MB | 45/52 kB
Progress (2): 0.1/11 MB | 49/52 kB
Progress (2): 0.1/11 MB | 52 kB   
Progress (3): 0.1/11 MB | 52 kB | 2.2/11 kB
Progress (3): 0.1/11 MB | 52 kB | 5.0/11 kB
Progress (3): 0.1/11 MB | 52 kB | 7.7/11 kB
Progress (3): 0.1/11 MB | 52 kB | 10/11 kB 
Progress (3): 0.1/11 MB | 52 kB | 11 kB   
Progress (4): 0.1/11 MB | 52 kB | 11 kB | 2.2/281 kB
Progress (4): 0.1/11 MB | 52 kB | 11 kB | 5.0/281 kB
Progress (4): 0.1/11 MB | 52 kB | 11 kB | 7.7/281 kB
Progress (4): 0.1/11 MB | 52 kB | 11 kB | 10/281 kB 
Progress (4): 0.1/11 MB | 52 kB | 11 kB | 13/281 kB
Progress (4): 0.1/11 MB | 52 kB | 11 kB | 16/281 kB
Progress (4): 0.1/11 MB | 52 kB | 11 kB | 19/281 kB
Progress (4): 0.1/11 MB | 52 kB | 11 kB | 21/281 kB
Progress (4): 0.1/11 MB | 52 kB | 11 kB | 24/281 kB
Progress (4): 0.1/11 MB | 52 kB | 11 kB | 27/281 kB
Progress (4): 0.1/11 MB | 52 kB | 11 kB | 30/281 kB
Progress (4): 0.1/11 MB | 52 kB | 11 kB | 32/281 kB
Progress (4): 0.1/11 MB | 52 kB | 11 kB | 36/281 kB
Progress (4): 0.1/11 MB | 52 kB | 11 kB | 40/281 kB
Progress (4): 0.1/11 MB | 52 kB | 11 kB | 45/281 kB
Progress (4): 0.1/11 MB | 52 kB | 11 kB | 49/281 kB
Progress (4): 0.1/11 MB | 52 kB | 11 kB | 53/281 kB
Progress (4): 0.1/11 MB | 52 kB | 11 kB | 57/281 kB
Progress (4): 0.1/11 MB | 52 kB | 11 kB | 61/281 kB
Progress (4): 0.1/11 MB | 52 kB | 11 kB | 65/281 kB
Progress (4): 0.1/11 MB | 52 kB | 11 kB | 69/281 kB
Progress (4): 0.1/11 MB | 52 kB | 11 kB | 73/281 kB
Progress (4): 0.1/11 MB | 52 kB | 11 kB | 77/281 kB
Progress (4): 0.1/11 MB | 52 kB | 11 kB | 81/281 kB
Progress (4): 0.1/11 MB | 52 kB | 11 kB | 85/281 kB
Progress (4): 0.1/11 MB | 52 kB | 11 kB | 90/281 kB
Progress (4): 0.1/11 MB | 52 kB | 11 kB | 94/281 kB
Progress (4): 0.1/11 MB | 52 kB | 11 kB | 98/281 kB
Progress (4): 0.1/11 MB | 52 kB | 11 kB | 102/281 kB
Progress (4): 0.1/11 MB | 52 kB | 11 kB | 106/281 kB
Progress (4): 0.1/11 MB | 52 kB | 11 kB | 110/281 kB
Progress (5): 0.1/11 MB | 52 kB | 11 kB | 110/281 kB | 2.2/11 kB
Progress (5): 0.1/11 MB | 52 kB | 11 kB | 114/281 kB | 2.2/11 kB
Progress (5): 0.1/11 MB | 52 kB | 11 kB | 114/281 kB | 5.0/11 kB
Progress (5): 0.1/11 MB | 52 kB | 11 kB | 114/281 kB | 7.7/11 kB
Progress (5): 0.1/11 MB | 52 kB | 11 kB | 118/281 kB | 7.7/11 kB
Progress (5): 0.1/11 MB | 52 kB | 11 kB | 118/281 kB | 10/11 kB 
Progress (5): 0.1/11 MB | 52 kB | 11 kB | 122/281 kB | 10/11 kB
Progress (5): 0.1/11 MB | 52 kB | 11 kB | 122/281 kB | 11 kB   
Progress (5): 0.1/11 MB | 52 kB | 11 kB | 126/281 kB | 11 kB
Progress (5): 0.1/11 MB | 52 kB | 11 kB | 131/281 kB | 11 kB
Progress (5): 0.1/11 MB | 52 kB | 11 kB | 135/281 kB | 11 kB
Progress (5): 0.1/11 MB | 52 kB | 11 kB | 139/281 kB | 11 kB
Progress (5): 0.1/11 MB | 52 kB | 11 kB | 143/281 kB | 11 kB
Progress (5): 0.1/11 MB | 52 kB | 11 kB | 147/281 kB | 11 kB
Progress (5): 0.1/11 MB | 52 kB | 11 kB | 147/281 kB | 11 kB
Progress (5): 0.1/11 MB | 52 kB | 11 kB | 147/281 kB | 11 kB
Progress (5): 0.1/11 MB | 52 kB | 11 kB | 147/281 kB | 11 kB
Progress (5): 0.1/11 MB | 52 kB | 11 kB | 147/281 kB | 11 kB
Progress (5): 0.1/11 MB | 52 kB | 11 kB | 147/281 kB | 11 kB
Progress (5): 0.1/11 MB | 52 kB | 11 kB | 147/281 kB | 11 kB
Progress (5): 0.1/11 MB | 52 kB | 11 kB | 147/281 kB | 11 kB
Progress (5): 0.1/11 MB | 52 kB | 11 kB | 147/281 kB | 11 kB
Progress (5): 0.1/11 MB | 52 kB | 11 kB | 147/281 kB | 11 kB
Progress (5): 0.1/11 MB | 52 kB | 11 kB | 147/281 kB | 11 kB
Progress (5): 0.1/11 MB | 52 kB | 11 kB | 147/281 kB | 11 kB
Progress (5): 0.1/11 MB | 52 kB | 11 kB | 147/281 kB | 11 kB
Progress (5): 0.1/11 MB | 52 kB | 11 kB | 147/281 kB | 11 kB
Progress (5): 0.1/11 MB | 52 kB | 11 kB | 147/281 kB | 11 kB
Progress (5): 0.1/11 MB | 52 kB | 11 kB | 147/281 kB | 11 kB
Progress (5): 0.1/11 MB | 52 kB | 11 kB | 147/281 kB | 11 kB
Progress (5): 0.1/11 MB | 52 kB | 11 kB | 147/281 kB | 11 kB
Progress (5): 0.2/11 MB | 52 kB | 11 kB | 147/281 kB | 11 kB
Progress (5): 0.2/11 MB | 52 kB | 11 kB | 147/281 kB | 11 kB
Progress (5): 0.2/11 MB | 52 kB | 11 kB | 147/281 kB | 11 kB
Progress (5): 0.2/11 MB | 52 kB | 11 kB | 147/281 kB | 11 kB
Progress (5): 0.2/11 MB | 52 kB | 11 kB | 147/281 kB | 11 kB
Progress (5): 0.2/11 MB | 52 kB | 11 kB | 147/281 kB | 11 kB
Progress (5): 0.2/11 MB | 52 kB | 11 kB | 147/281 kB | 11 kB
Progress (5): 0.2/11 MB | 52 kB | 11 kB | 147/281 kB | 11 kB
Progress (5): 0.2/11 MB | 52 kB | 11 kB | 147/281 kB | 11 kB
Progress (5): 0.2/11 MB | 52 kB | 11 kB | 147/281 kB | 11 kB
Progress (5): 0.2/11 MB | 52 kB | 11 kB | 147/281 kB | 11 kB
                                                            
Downloaded from central: https://repo.maven.apache.org/maven2/org/apache/maven/wagon/wagon-provider-api/2.4/wagon-provider-api-2.4.jar (52 kB at 150 kB/s)
Downloading from central: https://repo.maven.apache.org/maven2/org/apache/maven/doxia/doxia-site-renderer/1.6/doxia-site-renderer-1.6.jar
Progress (4): 0.2/11 MB | 11 kB | 147/281 kB | 11 kB
Progress (4): 0.2/11 MB | 11 kB | 147/281 kB | 11 kB
Progress (4): 0.2/11 MB | 11 kB | 147/281 kB | 11 kB
Progress (4): 0.2/11 MB | 11 kB | 147/281 kB | 11 kB
Progress (4): 0.2/11 MB | 11 kB | 147/281 kB | 11 kB
Progress (4): 0.2/11 MB | 11 kB | 147/281 kB | 11 kB
Progress (4): 0.2/11 MB | 11 kB | 147/281 kB | 11 kB
Progress (4): 0.2/11 MB | 11 kB | 147/281 kB | 11 kB
Progress (4): 0.2/11 MB | 11 kB | 147/281 kB | 11 kB
Progress (4): 0.2/11 MB | 11 kB | 147/281 kB | 11 kB
Progress (4): 0.2/11 MB | 11 kB | 147/281 kB | 11 kB
Progress (4): 0.2/11 MB | 11 kB | 147/281 kB | 11 kB
Progress (4): 0.2/11 MB | 11 kB | 147/281 kB | 11 kB
Progress (4): 0.3/11 MB | 11 kB | 147/281 kB | 11 kB
Progress (4): 0.3/11 MB | 11 kB | 147/281 kB | 11 kB
Progress (4): 0.3/11 MB | 11 kB | 147/281 kB | 11 kB
Progress (4): 0.3/11 MB | 11 kB | 147/281 kB | 11 kB
Progress (4): 0.3/11 MB | 11 kB | 147/281 kB | 11 kB
Progress (4): 0.3/11 MB | 11 kB | 147/281 kB | 11 kB
Progress (4): 0.3/11 MB | 11 kB | 147/281 kB | 11 kB
Progress (4): 0.3/11 MB | 11 kB | 147/281 kB | 11 kB
Progress (4): 0.3/11 MB | 11 kB | 147/281 kB | 11 kB
Progress (4): 0.3/11 MB | 11 kB | 147/281 kB | 11 kB
Progress (4): 0.3/11 MB | 11 kB | 147/281 kB | 11 kB
Progress (4): 0.3/11 MB | 11 kB | 147/281 kB | 11 kB
                                                    
Downloaded from central: https://repo.maven.apache.org/maven2/org/apache/maven/doxia/doxia-logging-api/1.6/doxia-logging-api-1.6.jar (11 kB at 31 kB/s)
Downloading from central: https://repo.maven.apache.org/maven2/org/apache/maven/doxia/doxia-core/1.6/doxia-core-1.6.jar
Progress (3): 0.3/11 MB | 151/281 kB | 11 kB
Progress (3): 0.3/11 MB | 155/281 kB | 11 kB
Progress (3): 0.3/11 MB | 159/281 kB | 11 kB
Progress (3): 0.3/11 MB | 163/281 kB | 11 kB
Progress (3): 0.3/11 MB | 167/281 kB | 11 kB
Progress (3): 0.3/11 MB | 171/281 kB | 11 kB
Progress (3): 0.3/11 MB | 176/281 kB | 11 kB
Progress (3): 0.3/11 MB | 180/281 kB | 11 kB
Progress (3): 0.3/11 MB | 184/281 kB | 11 kB
Progress (3): 0.3/11 MB | 188/281 kB | 11 kB
Progress (3): 0.3/11 MB | 192/281 kB | 11 kB
Progress (3): 0.3/11 MB | 196/281 kB | 11 kB
Progress (3): 0.3/11 MB | 200/281 kB | 11 kB
Progress (3): 0.3/11 MB | 204/281 kB | 11 kB
Progress (3): 0.3/11 MB | 208/281 kB | 11 kB
Progress (3): 0.3/11 MB | 212/281 kB | 11 kB
Progress (3): 0.3/11 MB | 217/281 kB | 11 kB
Progress (3): 0.3/11 MB | 221/281 kB | 11 kB
Progress (3): 0.3/11 MB | 225/281 kB | 11 kB
Progress (3): 0.3/11 MB | 229/281 kB | 11 kB
Progress (3): 0.3/11 MB | 233/281 kB | 11 kB
Progress (3): 0.3/11 MB | 237/281 kB | 11 kB
Progress (3): 0.3/11 MB | 241/281 kB | 11 kB
Progress (3): 0.3/11 MB | 245/281 kB | 11 kB
Progress (3): 0.3/11 MB | 249/281 kB | 11 kB
Progress (3): 0.3/11 MB | 253/281 kB | 11 kB
Progress (3): 0.3/11 MB | 258/281 kB | 11 kB
Progress (3): 0.3/11 MB | 262/281 kB | 11 kB
Progress (3): 0.3/11 MB | 266/281 kB | 11 kB
Progress (3): 0.3/11 MB | 270/281 kB | 11 kB
Progress (3): 0.3/11 MB | 274/281 kB | 11 kB
Progress (3): 0.3/11 MB | 278/281 kB | 11 kB
Progress (3): 0.3/11 MB | 281 kB | 11 kB    
                                        
Downloaded from central: https://repo.maven.apache.org/maven2/org/apache/maven/doxia/doxia-sink-api/1.6/doxia-sink-api-1.6.jar (11 kB at 28 kB/s)
Downloading from central: https://repo.maven.apache.org/maven2/org/apache/maven/doxia/doxia-decoration-model/1.6/doxia-decoration-model-1.6.jar
Progress (2): 0.3/11 MB | 281 kB
Progress (2): 0.3/11 MB | 281 kB
Progress (2): 0.3/11 MB | 281 kB
Progress (2): 0.3/11 MB | 281 kB
Progress (2): 0.3/11 MB | 281 kB
Progress (2): 0.3/11 MB | 281 kB
Progress (2): 0.3/11 MB | 281 kB
Progress (2): 0.3/11 MB | 281 kB
Progress (2): 0.3/11 MB | 281 kB
Progress (2): 0.3/11 MB | 281 kB
Progress (2): 0.3/11 MB | 281 kB
Progress (2): 0.3/11 MB | 281 kB
Progress (2): 0.3/11 MB | 281 kB
Progress (2): 0.3/11 MB | 281 kB
Progress (2): 0.4/11 MB | 281 kB
Progress (2): 0.4/11 MB | 281 kB
Progress (2): 0.4/11 MB | 281 kB
Progress (2): 0.4/11 MB | 281 kB
Progress (2): 0.4/11 MB | 281 kB
Progress (2): 0.4/11 MB | 281 kB
Progress (2): 0.4/11 MB | 281 kB
Progress (2): 0.4/11 MB | 281 kB
Progress (2): 0.4/11 MB | 281 kB
Progress (2): 0.4/11 MB | 281 kB
Progress (2): 0.4/11 MB | 281 kB
Progress (2): 0.4/11 MB | 281 kB
Progress (2): 0.4/11 MB | 281 kB
Progress (2): 0.4/11 MB | 281 kB
Progress (2): 0.4/11 MB | 281 kB
Progress (2): 0.4/11 MB | 281 kB
Progress (2): 0.4/11 MB | 281 kB
Progress (2): 0.4/11 MB | 281 kB
Progress (2): 0.4/11 MB | 281 kB
Progress (2): 0.4/11 MB | 281 kB
Progress (2): 0.4/11 MB | 281 kB
Progress (2): 0.4/11 MB | 281 kB
Progress (2): 0.4/11 MB | 281 kB
Progress (2): 0.4/11 MB | 281 kB
Progress (2): 0.4/11 MB | 281 kB
Progress (2): 0.4/11 MB | 281 kB
Progress (2): 0.5/11 MB | 281 kB
Progress (2): 0.5/11 MB | 281 kB
Progress (2): 0.5/11 MB | 281 kB
Progress (2): 0.5/11 MB | 281 kB
Progress (2): 0.5/11 MB | 281 kB
Progress (2): 0.5/11 MB | 281 kB
Progress (2): 0.5/11 MB | 281 kB
Progress (2): 0.5/11 MB | 281 kB
Progress (2): 0.5/11 MB | 281 kB
Progress (2): 0.5/11 MB | 281 kB
Progress (2): 0.5/11 MB | 281 kB
Progress (2): 0.5/11 MB | 281 kB
Progress (2): 0.5/11 MB | 281 kB
Progress (2): 0.5/11 MB | 281 kB
Progress (2): 0.5/11 MB | 281 kB
Progress (2): 0.5/11 MB | 281 kB
Progress (2): 0.5/11 MB | 281 kB
Progress (3): 0.5/11 MB | 281 kB | 4.1/56 kB
Progress (3): 0.5/11 MB | 281 kB | 7.7/56 kB
Progress (3): 0.5/11 MB | 281 kB | 12/56 kB 
Progress (3): 0.5/11 MB | 281 kB | 16/56 kB
Progress (3): 0.5/11 MB | 281 kB | 20/56 kB
Progress (3): 0.5/11 MB | 281 kB | 24/56 kB
Progress (3): 0.5/11 MB | 281 kB | 28/56 kB
Progress (3): 0.5/11 MB | 281 kB | 32/56 kB
Progress (3): 0.5/11 MB | 281 kB | 36/56 kB
Progress (3): 0.5/11 MB | 281 kB | 40/56 kB
Progress (3): 0.5/11 MB | 281 kB | 45/56 kB
Progress (3): 0.5/11 MB | 281 kB | 49/56 kB
Progress (3): 0.5/11 MB | 281 kB | 53/56 kB
Progress (3): 0.5/11 MB | 281 kB | 56 kB   
Progress (4): 0.5/11 MB | 281 kB | 56 kB | 2.8/162 kB
Progress (4): 0.5/11 MB | 281 kB | 56 kB | 4.0/162 kB
Progress (4): 0.5/11 MB | 281 kB | 56 kB | 6.7/162 kB
Progress (4): 0.5/11 MB | 281 kB | 56 kB | 8.0/162 kB
Progress (4): 0.5/11 MB | 281 kB | 56 kB | 11/162 kB 
Progress (4): 0.5/11 MB | 281 kB | 56 kB | 12/162 kB
Progress (4): 0.5/11 MB | 281 kB | 56 kB | 15/162 kB
Progress (4): 0.5/11 MB | 281 kB | 56 kB | 16/162 kB
Progress (4): 0.5/11 MB | 281 kB | 56 kB | 19/162 kB
Progress (4): 0.5/11 MB | 281 kB | 56 kB | 20/162 kB
Progress (4): 0.5/11 MB | 281 kB | 56 kB | 23/162 kB
Progress (4): 0.5/11 MB | 281 kB | 56 kB | 24/162 kB
Progress (4): 0.5/11 MB | 281 kB | 56 kB | 27/162 kB
Progress (4): 0.5/11 MB | 281 kB | 56 kB | 29/162 kB
Progress (4): 0.5/11 MB | 281 kB | 56 kB | 31/162 kB
Progress (4): 0.5/11 MB | 281 kB | 56 kB | 33/162 kB
Progress (4): 0.5/11 MB | 281 kB | 56 kB | 35/162 kB
Progress (4): 0.5/11 MB | 281 kB | 56 kB | 37/162 kB
Progress (4): 0.5/11 MB | 281 kB | 56 kB | 39/162 kB
Progress (4): 0.5/11 MB | 281 kB | 56 kB | 41/162 kB
Progress (4): 0.5/11 MB | 281 kB | 56 kB | 44/162 kB
Progress (4): 0.5/11 MB | 281 kB | 56 kB | 45/162 kB
Progress (4): 0.5/11 MB | 281 kB | 56 kB | 48/162 kB
Progress (4): 0.5/11 MB | 281 kB | 56 kB | 49/162 kB
Progress (4): 0.5/11 MB | 281 kB | 56 kB | 52/162 kB
Progress (4): 0.5/11 MB | 281 kB | 56 kB | 53/162 kB
Progress (4): 0.5/11 MB | 281 kB | 56 kB | 56/162 kB
                                                    
Downloaded from central: https://repo.maven.apache.org/maven2/org/apache/maven/maven-compat/3.0.5/maven-compat-3.0.5.jar (281 kB at 506 kB/s)
Downloading from central: https://repo.maven.apache.org/maven2/org/apache/maven/doxia/doxia-module-xhtml/1.6/doxia-module-xhtml-1.6.jar
Progress (3): 0.5/11 MB | 56 kB | 57/162 kB
Progress (3): 0.5/11 MB | 56 kB | 60/162 kB
Progress (3): 0.5/11 MB | 56 kB | 61/162 kB
Progress (3): 0.5/11 MB | 56 kB | 64/162 kB
Progress (3): 0.5/11 MB | 56 kB | 65/162 kB
Progress (3): 0.5/11 MB | 56 kB | 68/162 kB
Progress (3): 0.5/11 MB | 56 kB | 69/162 kB
Progress (3): 0.5/11 MB | 56 kB | 72/162 kB
Progress (3): 0.5/11 MB | 56 kB | 74/162 kB
Progress (3): 0.5/11 MB | 56 kB | 76/162 kB
Progress (3): 0.5/11 MB | 56 kB | 78/162 kB
Progress (3): 0.5/11 MB | 56 kB | 80/162 kB
Progress (3): 0.5/11 MB | 56 kB | 83/162 kB
Progress (3): 0.5/11 MB | 56 kB | 86/162 kB
Progress (3): 0.5/11 MB | 56 kB | 89/162 kB
Progress (3): 0.5/11 MB | 56 kB | 90/162 kB
Progress (3): 0.5/11 MB | 56 kB | 93/162 kB
Progress (3): 0.5/11 MB | 56 kB | 94/162 kB
Progress (3): 0.5/11 MB | 56 kB | 97/162 kB
Progress (3): 0.5/11 MB | 56 kB | 98/162 kB
Progress (3): 0.5/11 MB | 56 kB | 101/162 kB
Progress (3): 0.5/11 MB | 56 kB | 102/162 kB
Progress (3): 0.5/11 MB | 56 kB | 105/162 kB
Progress (3): 0.5/11 MB | 56 kB | 106/162 kB
Progress (3): 0.5/11 MB | 56 kB | 109/162 kB
Progress (3): 0.5/11 MB | 56 kB | 110/162 kB
Progress (3): 0.5/11 MB | 56 kB | 113/162 kB
Progress (3): 0.5/11 MB | 56 kB | 116/162 kB
Progress (3): 0.5/11 MB | 56 kB | 119/162 kB
Progress (3): 0.5/11 MB | 56 kB | 121/162 kB
Progress (3): 0.5/11 MB | 56 kB | 123/162 kB
Progress (3): 0.5/11 MB | 56 kB | 125/162 kB
Progress (3): 0.5/11 MB | 56 kB | 127/162 kB
Progress (3): 0.5/11 MB | 56 kB | 130/162 kB
Progress (3): 0.5/11 MB | 56 kB | 131/162 kB
Progress (3): 0.5/11 MB | 56 kB | 134/162 kB
Progress (3): 0.5/11 MB | 56 kB | 135/162 kB
Progress (3): 0.5/11 MB | 56 kB | 138/162 kB
Progress (3): 0.5/11 MB | 56 kB | 141/162 kB
Progress (3): 0.5/11 MB | 56 kB | 143/162 kB
Progress (3): 0.5/11 MB | 56 kB | 146/162 kB
Progress (3): 0.5/11 MB | 56 kB | 147/162 kB
Progress (3): 0.5/11 MB | 56 kB | 150/162 kB
Progress (3): 0.5/11 MB | 56 kB | 151/162 kB
Progress (3): 0.5/11 MB | 56 kB | 154/162 kB
Progress (3): 0.5/11 MB | 56 kB | 157/162 kB
Progress (3): 0.5/11 MB | 56 kB | 160/162 kB
Progress (3): 0.5/11 MB | 56 kB | 162 kB    
Progress (4): 0.5/11 MB | 56 kB | 162 kB | 2.2/57 kB
Progress (4): 0.5/11 MB | 56 kB | 162 kB | 5.0/57 kB
Progress (4): 0.5/11 MB | 56 kB | 162 kB | 7.7/57 kB
Progress (4): 0.5/11 MB | 56 kB | 162 kB | 10/57 kB 
Progress (4): 0.5/11 MB | 56 kB | 162 kB | 13/57 kB
Progress (4): 0.5/11 MB | 56 kB | 162 kB | 16/57 kB
Progress (4): 0.5/11 MB | 56 kB | 162 kB | 19/57 kB
Progress (4): 0.5/11 MB | 56 kB | 162 kB | 21/57 kB
Progress (4): 0.5/11 MB | 56 kB | 162 kB | 24/57 kB
Progress (4): 0.5/11 MB | 56 kB | 162 kB | 27/57 kB
Progress (4): 0.5/11 MB | 56 kB | 162 kB | 30/57 kB
Progress (4): 0.5/11 MB | 56 kB | 162 kB | 32/57 kB
Progress (4): 0.5/11 MB | 56 kB | 162 kB | 36/57 kB
Progress (4): 0.5/11 MB | 56 kB | 162 kB | 40/57 kB
Progress (4): 0.5/11 MB | 56 kB | 162 kB | 45/57 kB
Progress (4): 0.5/11 MB | 56 kB | 162 kB | 49/57 kB
Progress (4): 0.5/11 MB | 56 kB | 162 kB | 53/57 kB
Progress (4): 0.5/11 MB | 56 kB | 162 kB | 57/57 kB
Progress (4): 0.5/11 MB | 56 kB | 162 kB | 57 kB   
Progress (4): 0.5/11 MB | 56 kB | 162 kB | 57 kB
Progress (4): 0.5/11 MB | 56 kB | 162 kB | 57 kB
Progress (4): 0.5/11 MB | 56 kB | 162 kB | 57 kB
Progress (4): 0.5/11 MB | 56 kB | 162 kB | 57 kB
Progress (4): 0.5/11 MB | 56 kB | 162 kB | 57 kB
Progress (4): 0.5/11 MB | 56 kB | 162 kB | 57 kB
                                                
Downloaded from central: https://repo.maven.apache.org/maven2/org/apache/maven/doxia/doxia-site-renderer/1.6/doxia-site-renderer-1.6.jar (56 kB at 81 kB/s)
Downloading from central: https://repo.maven.apache.org/maven2/org/apache/maven/doxia/doxia-module-fml/1.6/doxia-module-fml-1.6.jar
Progress (4): 0.5/11 MB | 162 kB | 57 kB | 4.1/16 kB
Progress (4): 0.5/11 MB | 162 kB | 57 kB | 7.7/16 kB
Progress (4): 0.5/11 MB | 162 kB | 57 kB | 12/16 kB 
Progress (4): 0.5/11 MB | 162 kB | 57 kB | 16/16 kB
Progress (4): 0.5/11 MB | 162 kB | 57 kB | 16 kB   
                                                
Downloaded from central: https://repo.maven.apache.org/maven2/org/apache/maven/doxia/doxia-core/1.6/doxia-core-1.6.jar (162 kB at 218 kB/s)
Downloading from central: https://repo.maven.apache.org/maven2/org/apache/maven/reporting/maven-reporting-impl/2.4/maven-reporting-impl-2.4.jar
Downloaded from central: https://repo.maven.apache.org/maven2/org/apache/maven/doxia/doxia-decoration-model/1.6/doxia-decoration-model-1.6.jar (57 kB at 71 kB/s)
Downloading from central: https://repo.maven.apache.org/maven2/commons-validator/commons-validator/1.4.1/commons-validator-1.4.1.jar
Progress (2): 0.5/11 MB | 16 kB
Progress (2): 0.5/11 MB | 16 kB
Progress (2): 0.6/11 MB | 16 kB
Progress (2): 0.6/11 MB | 16 kB
Progress (2): 0.6/11 MB | 16 kB
Progress (2): 0.6/11 MB | 16 kB
Progress (2): 0.6/11 MB | 16 kB
Progress (2): 0.6/11 MB | 16 kB
Progress (2): 0.6/11 MB | 16 kB
Progress (2): 0.6/11 MB | 16 kB
Progress (2): 0.6/11 MB | 16 kB
Progress (2): 0.6/11 MB | 16 kB
Progress (2): 0.6/11 MB | 16 kB
Progress (2): 0.6/11 MB | 16 kB
Progress (2): 0.6/11 MB | 16 kB
Progress (2): 0.6/11 MB | 16 kB
Progress (2): 0.6/11 MB | 16 kB
Progress (2): 0.6/11 MB | 16 kB
Progress (2): 0.6/11 MB | 16 kB
Progress (2): 0.6/11 MB | 16 kB
Progress (2): 0.6/11 MB | 16 kB
Progress (2): 0.6/11 MB | 16 kB
Progress (2): 0.6/11 MB | 16 kB
Progress (2): 0.6/11 MB | 16 kB
Progress (2): 0.6/11 MB | 16 kB
Progress (2): 0.6/11 MB | 16 kB
Progress (2): 0.6/11 MB | 16 kB
Progress (2): 0.7/11 MB | 16 kB
Progress (2): 0.7/11 MB | 16 kB
Progress (2): 0.7/11 MB | 16 kB
Progress (2): 0.7/11 MB | 16 kB
Progress (2): 0.7/11 MB | 16 kB
Progress (2): 0.7/11 MB | 16 kB
Progress (2): 0.7/11 MB | 16 kB
Progress (2): 0.7/11 MB | 16 kB
Progress (2): 0.7/11 MB | 16 kB
Progress (2): 0.7/11 MB | 16 kB
Progress (2): 0.7/11 MB | 16 kB
Progress (2): 0.7/11 MB | 16 kB
Progress (2): 0.7/11 MB | 16 kB
Progress (2): 0.7/11 MB | 16 kB
Progress (2): 0.7/11 MB | 16 kB
Progress (2): 0.7/11 MB | 16 kB
Progress (2): 0.7/11 MB | 16 kB
Progress (2): 0.7/11 MB | 16 kB
Progress (2): 0.7/11 MB | 16 kB
Progress (2): 0.7/11 MB | 16 kB
Progress (2): 0.7/11 MB | 16 kB
Progress (2): 0.7/11 MB | 16 kB
Progress (2): 0.7/11 MB | 16 kB
Progress (2): 0.7/11 MB | 16 kB
Progress (2): 0.8/11 MB | 16 kB
Progress (2): 0.8/11 MB | 16 kB
Progress (2): 0.8/11 MB | 16 kB
Progress (2): 0.8/11 MB | 16 kB
Progress (2): 0.8/11 MB | 16 kB
Progress (2): 0.8/11 MB | 16 kB
Progress (2): 0.8/11 MB | 16 kB
Progress (2): 0.8/11 MB | 16 kB
Progress (2): 0.8/11 MB | 16 kB
Progress (2): 0.8/11 MB | 16 kB
Progress (2): 0.8/11 MB | 16 kB
Progress (2): 0.8/11 MB | 16 kB
Progress (2): 0.8/11 MB | 16 kB
Progress (2): 0.8/11 MB | 16 kB
Progress (2): 0.8/11 MB | 16 kB
Progress (2): 0.8/11 MB | 16 kB
Progress (2): 0.8/11 MB | 16 kB
Progress (2): 0.8/11 MB | 16 kB
Progress (2): 0.8/11 MB | 16 kB
Progress (2): 0.8/11 MB | 16 kB
Progress (2): 0.8/11 MB | 16 kB
Progress (2): 0.8/11 MB | 16 kB
Progress (2): 0.8/11 MB | 16 kB
Progress (2): 0.8/11 MB | 16 kB
Progress (2): 0.8/11 MB | 16 kB
Progress (2): 0.9/11 MB | 16 kB
Progress (2): 0.9/11 MB | 16 kB
Progress (2): 0.9/11 MB | 16 kB
Progress (2): 0.9/11 MB | 16 kB
Progress (2): 0.9/11 MB | 16 kB
Progress (2): 0.9/11 MB | 16 kB
Progress (2): 0.9/11 MB | 16 kB
Progress (2): 0.9/11 MB | 16 kB
Progress (2): 0.9/11 MB | 16 kB
Progress (2): 0.9/11 MB | 16 kB
Progress (2): 0.9/11 MB | 16 kB
Progress (2): 0.9/11 MB | 16 kB
Progress (2): 0.9/11 MB | 16 kB
Progress (2): 0.9/11 MB | 16 kB
Progress (2): 0.9/11 MB | 16 kB
Progress (2): 0.9/11 MB | 16 kB
Progress (2): 0.9/11 MB | 16 kB
Progress (2): 0.9/11 MB | 16 kB
Progress (2): 0.9/11 MB | 16 kB
Progress (2): 0.9/11 MB | 16 kB
Progress (2): 0.9/11 MB | 16 kB
Progress (2): 0.9/11 MB | 16 kB
Progress (2): 0.9/11 MB | 16 kB
Progress (2): 0.9/11 MB | 16 kB
Progress (2): 1.0/11 MB | 16 kB
Progress (2): 1.0/11 MB | 16 kB
Progress (2): 1.0/11 MB | 16 kB
Progress (2): 1.0/11 MB | 16 kB
Progress (2): 1.0/11 MB | 16 kB
Progress (2): 1.0/11 MB | 16 kB
Progress (2): 1.0/11 MB | 16 kB
Progress (2): 1.0/11 MB | 16 kB
Progress (2): 1.0/11 MB | 16 kB
Progress (2): 1.0/11 MB | 16 kB
Progress (2): 1.0/11 MB | 16 kB
Progress (2): 1.0/11 MB | 16 kB
Progress (2): 1.0/11 MB | 16 kB
Progress (2): 1.0/11 MB | 16 kB
Progress (2): 1.0/11 MB | 16 kB
Progress (2): 1.0/11 MB | 16 kB
Progress (2): 1.0/11 MB | 16 kB
Progress (2): 1.0/11 MB | 16 kB
Progress (2): 1.0/11 MB | 16 kB
Progress (2): 1.0/11 MB | 16 kB
Progress (2): 1.0/11 MB | 16 kB
Progress (2): 1.0/11 MB | 16 kB
Progress (2): 1.0/11 MB | 16 kB
Progress (2): 1.0/11 MB | 16 kB
Progress (2): 1.1/11 MB | 16 kB
Progress (2): 1.1/11 MB | 16 kB
Progress (2): 1.1/11 MB | 16 kB
Progress (2): 1.1/11 MB | 16 kB
Progress (2): 1.1/11 MB | 16 kB
Progress (2): 1.1/11 MB | 16 kB
Progress (2): 1.1/11 MB | 16 kB
Progress (2): 1.1/11 MB | 16 kB
Progress (2): 1.1/11 MB | 16 kB
Progress (2): 1.1/11 MB | 16 kB
Progress (2): 1.1/11 MB | 16 kB
Progress (2): 1.1/11 MB | 16 kB
Progress (2): 1.1/11 MB | 16 kB
Progress (2): 1.1/11 MB | 16 kB
Progress (2): 1.1/11 MB | 16 kB
Progress (2): 1.1/11 MB | 16 kB
Progress (2): 1.1/11 MB | 16 kB
Progress (2): 1.1/11 MB | 16 kB
Progress (2): 1.1/11 MB | 16 kB
Progress (2): 1.1/11 MB | 16 kB
Progress (2): 1.1/11 MB | 16 kB
Progress (2): 1.1/11 MB | 16 kB
Progress (2): 1.1/11 MB | 16 kB
Progress (2): 1.1/11 MB | 16 kB
Progress (2): 1.1/11 MB | 16 kB
Progress (2): 1.2/11 MB | 16 kB
Progress (2): 1.2/11 MB | 16 kB
Progress (2): 1.2/11 MB | 16 kB
Progress (2): 1.2/11 MB | 16 kB
Progress (2): 1.2/11 MB | 16 kB
Progress (2): 1.2/11 MB | 16 kB
Progress (2): 1.2/11 MB | 16 kB
Progress (2): 1.2/11 MB | 16 kB
Progress (2): 1.2/11 MB | 16 kB
Progress (2): 1.2/11 MB | 16 kB
Progress (2): 1.2/11 MB | 16 kB
Progress (2): 1.2/11 MB | 16 kB
Progress (2): 1.2/11 MB | 16 kB
Progress (2): 1.2/11 MB | 16 kB
Progress (2): 1.2/11 MB | 16 kB
Progress (2): 1.2/11 MB | 16 kB
Progress (2): 1.2/11 MB | 16 kB
Progress (2): 1.2/11 MB | 16 kB
Progress (2): 1.2/11 MB | 16 kB
Progress (2): 1.2/11 MB | 16 kB
Progress (2): 1.2/11 MB | 16 kB
Progress (2): 1.2/11 MB | 16 kB
Progress (2): 1.2/11 MB | 16 kB
Progress (2): 1.2/11 MB | 16 kB
Progress (2): 1.3/11 MB | 16 kB
Progress (2): 1.3/11 MB | 16 kB
Progress (2): 1.3/11 MB | 16 kB
Progress (3): 1.3/11 MB | 16 kB | 4.1/38 kB
Progress (3): 1.3/11 MB | 16 kB | 4.1/38 kB
Progress (3): 1.3/11 MB | 16 kB | 4.1/38 kB
Progress (3): 1.3/11 MB | 16 kB | 7.7/38 kB
Progress (3): 1.3/11 MB | 16 kB | 7.7/38 kB
Progress (3): 1.3/11 MB | 16 kB | 7.7/38 kB
Progress (3): 1.3/11 MB | 16 kB | 12/38 kB 
Progress (3): 1.3/11 MB | 16 kB | 12/38 kB
Progress (3): 1.3/11 MB | 16 kB | 12/38 kB
Progress (3): 1.3/11 MB | 16 kB | 16/38 kB
Progress (3): 1.3/11 MB | 16 kB | 16/38 kB
Progress (3): 1.3/11 MB | 16 kB | 16/38 kB
Progress (3): 1.3/11 MB | 16 kB | 16/38 kB
Progress (3): 1.3/11 MB | 16 kB | 16/38 kB
Progress (3): 1.3/11 MB | 16 kB | 16/38 kB
Progress (3): 1.3/11 MB | 16 kB | 16/38 kB
Progress (3): 1.3/11 MB | 16 kB | 20/38 kB
Progress (3): 1.3/11 MB | 16 kB | 24/38 kB
Progress (3): 1.3/11 MB | 16 kB | 28/38 kB
Progress (3): 1.3/11 MB | 16 kB | 32/38 kB
Progress (3): 1.3/11 MB | 16 kB | 36/38 kB
Progress (3): 1.3/11 MB | 16 kB | 38 kB   
                                       
Downloaded from central: https://repo.maven.apache.org/maven2/org/apache/maven/doxia/doxia-module-xhtml/1.6/doxia-module-xhtml-1.6.jar (16 kB at 17 kB/s)
Progress (3): 1.3/11 MB | 38 kB | 2.2/20 kB
Progress (3): 1.3/11 MB | 38 kB | 5.0/20 kB
Progress (3): 1.3/11 MB | 38 kB | 7.7/20 kB
Progress (3): 1.3/11 MB | 38 kB | 10/20 kB 
Progress (3): 1.3/11 MB | 38 kB | 13/20 kB
Progress (3): 1.3/11 MB | 38 kB | 16/20 kB
Progress (3): 1.3/11 MB | 38 kB | 19/20 kB
Progress (3): 1.3/11 MB | 38 kB | 20 kB   
Progress (4): 1.3/11 MB | 38 kB | 20 kB | 4.1/190 kB
Progress (4): 1.3/11 MB | 38 kB | 20 kB | 4.1/190 kB
Progress (4): 1.3/11 MB | 38 kB | 20 kB | 8.2/190 kB
Progress (4): 1.3/11 MB | 38 kB | 20 kB | 8.2/190 kB
Progress (4): 1.3/11 MB | 38 kB | 20 kB | 12/190 kB 
Progress (4): 1.3/11 MB | 38 kB | 20 kB | 12/190 kB
Progress (4): 1.3/11 MB | 38 kB | 20 kB | 16/190 kB
Progress (4): 1.3/11 MB | 38 kB | 20 kB | 16/190 kB
Progress (4): 1.3/11 MB | 38 kB | 20 kB | 20/190 kB
Progress (4): 1.3/11 MB | 38 kB | 20 kB | 20/190 kB
Progress (4): 1.3/11 MB | 38 kB | 20 kB | 25/190 kB
Progress (4): 1.3/11 MB | 38 kB | 20 kB | 25/190 kB
Progress (4): 1.3/11 MB | 38 kB | 20 kB | 29/190 kB
Progress (4): 1.3/11 MB | 38 kB | 20 kB | 29/190 kB
Progress (4): 1.3/11 MB | 38 kB | 20 kB | 33/190 kB
Progress (4): 1.3/11 MB | 38 kB | 20 kB | 33/190 kB
Progress (4): 1.3/11 MB | 38 kB | 20 kB | 37/190 kB
Progress (4): 1.3/11 MB | 38 kB | 20 kB | 37/190 kB
Progress (4): 1.3/11 MB | 38 kB | 20 kB | 41/190 kB
Progress (4): 1.3/11 MB | 38 kB | 20 kB | 41/190 kB
Progress (4): 1.3/11 MB | 38 kB | 20 kB | 45/190 kB
Progress (4): 1.4/11 MB | 38 kB | 20 kB | 45/190 kB
Progress (4): 1.4/11 MB | 38 kB | 20 kB | 49/190 kB
Progress (4): 1.4/11 MB | 38 kB | 20 kB | 49/190 kB
Progress (4): 1.4/11 MB | 38 kB | 20 kB | 53/190 kB
Progress (4): 1.4/11 MB | 38 kB | 20 kB | 57/190 kB
Progress (4): 1.4/11 MB | 38 kB | 20 kB | 57/190 kB
Progress (4): 1.4/11 MB | 38 kB | 20 kB | 61/190 kB
Progress (4): 1.4/11 MB | 38 kB | 20 kB | 61/190 kB
Progress (4): 1.4/11 MB | 38 kB | 20 kB | 64/190 kB
Progress (4): 1.4/11 MB | 38 kB | 20 kB | 64/190 kB
Progress (4): 1.4/11 MB | 38 kB | 20 kB | 64/190 kB
Progress (4): 1.4/11 MB | 38 kB | 20 kB | 68/190 kB
Progress (4): 1.4/11 MB | 38 kB | 20 kB | 72/190 kB
Progress (4): 1.4/11 MB | 38 kB | 20 kB | 76/190 kB
Progress (4): 1.4/11 MB | 38 kB | 20 kB | 80/190 kB
Progress (4): 1.4/11 MB | 38 kB | 20 kB | 80/190 kB
Progress (4): 1.4/11 MB | 38 kB | 20 kB | 84/190 kB
Progress (4): 1.4/11 MB | 38 kB | 20 kB | 84/190 kB
Progress (4): 1.4/11 MB | 38 kB | 20 kB | 88/190 kB
Progress (4): 1.4/11 MB | 38 kB | 20 kB | 88/190 kB
Progress (4): 1.4/11 MB | 38 kB | 20 kB | 93/190 kB
Progress (4): 1.4/11 MB | 38 kB | 20 kB | 93/190 kB
Progress (4): 1.4/11 MB | 38 kB | 20 kB | 97/190 kB
Progress (4): 1.4/11 MB | 38 kB | 20 kB | 101/190 kB
Progress (4): 1.4/11 MB | 38 kB | 20 kB | 105/190 kB
Progress (4): 1.4/11 MB | 38 kB | 20 kB | 109/190 kB
Progress (4): 1.4/11 MB | 38 kB | 20 kB | 113/190 kB
Progress (4): 1.4/11 MB | 38 kB | 20 kB | 113/190 kB
Progress (4): 1.4/11 MB | 38 kB | 20 kB | 117/190 kB
Progress (4): 1.4/11 MB | 38 kB | 20 kB | 117/190 kB
Progress (4): 1.4/11 MB | 38 kB | 20 kB | 121/190 kB
Progress (4): 1.4/11 MB | 38 kB | 20 kB | 121/190 kB
Progress (4): 1.4/11 MB | 38 kB | 20 kB | 125/190 kB
Progress (4): 1.4/11 MB | 38 kB | 20 kB | 125/190 kB
Progress (4): 1.4/11 MB | 38 kB | 20 kB | 129/190 kB
Progress (4): 1.4/11 MB | 38 kB | 20 kB | 134/190 kB
Progress (4): 1.4/11 MB | 38 kB | 20 kB | 134/190 kB
Progress (4): 1.4/11 MB | 38 kB | 20 kB | 138/190 kB
Progress (4): 1.4/11 MB | 38 kB | 20 kB | 138/190 kB
Progress (4): 1.4/11 MB | 38 kB | 20 kB | 142/190 kB
Progress (4): 1.4/11 MB | 38 kB | 20 kB | 142/190 kB
Progress (4): 1.4/11 MB | 38 kB | 20 kB | 146/190 kB
Progress (4): 1.4/11 MB | 38 kB | 20 kB | 146/190 kB
Progress (4): 1.4/11 MB | 38 kB | 20 kB | 150/190 kB
Progress (4): 1.4/11 MB | 38 kB | 20 kB | 150/190 kB
Progress (4): 1.4/11 MB | 38 kB | 20 kB | 154/190 kB
Progress (4): 1.4/11 MB | 38 kB | 20 kB | 154/190 kB
Progress (4): 1.4/11 MB | 38 kB | 20 kB | 158/190 kB
Progress (4): 1.4/11 MB | 38 kB | 20 kB | 158/190 kB
Progress (4): 1.4/11 MB | 38 kB | 20 kB | 162/190 kB
Progress (4): 1.4/11 MB | 38 kB | 20 kB | 162/190 kB
Progress (4): 1.4/11 MB | 38 kB | 20 kB | 166/190 kB
Progress (4): 1.4/11 MB | 38 kB | 20 kB | 166/190 kB
Progress (4): 1.4/11 MB | 38 kB | 20 kB | 170/190 kB
Progress (4): 1.4/11 MB | 38 kB | 20 kB | 170/190 kB
Progress (4): 1.4/11 MB | 38 kB | 20 kB | 175/190 kB
Progress (4): 1.5/11 MB | 38 kB | 20 kB | 175/190 kB
Progress (4): 1.5/11 MB | 38 kB | 20 kB | 179/190 kB
Progress (4): 1.5/11 MB | 38 kB | 20 kB | 179/190 kB
Progress (4): 1.5/11 MB | 38 kB | 20 kB | 183/190 kB
Progress (4): 1.5/11 MB | 38 kB | 20 kB | 187/190 kB
Progress (4): 1.5/11 MB | 38 kB | 20 kB | 187/190 kB
Progress (4): 1.5/11 MB | 38 kB | 20 kB | 190 kB    
Progress (4): 1.5/11 MB | 38 kB | 20 kB | 190 kB
Progress (4): 1.5/11 MB | 38 kB | 20 kB | 190 kB
Progress (4): 1.5/11 MB | 38 kB | 20 kB | 190 kB
Progress (4): 1.5/11 MB | 38 kB | 20 kB | 190 kB
Progress (4): 1.5/11 MB | 38 kB | 20 kB | 190 kB
Progress (4): 1.5/11 MB | 38 kB | 20 kB | 190 kB
Progress (4): 1.5/11 MB | 38 kB | 20 kB | 190 kB
Progress (4): 1.5/11 MB | 38 kB | 20 kB | 190 kB
Progress (4): 1.5/11 MB | 38 kB | 20 kB | 190 kB
Progress (4): 1.5/11 MB | 38 kB | 20 kB | 190 kB
Progress (4): 1.5/11 MB | 38 kB | 20 kB | 190 kB
Progress (4): 1.5/11 MB | 38 kB | 20 kB | 190 kB
Progress (4): 1.5/11 MB | 38 kB | 20 kB | 190 kB
Progress (4): 1.5/11 MB | 38 kB | 20 kB | 190 kB
Progress (4): 1.5/11 MB | 38 kB | 20 kB | 190 kB
Progress (4): 1.5/11 MB | 38 kB | 20 kB | 190 kB
Progress (4): 1.5/11 MB | 38 kB | 20 kB | 190 kB
Progress (4): 1.5/11 MB | 38 kB | 20 kB | 190 kB
Progress (4): 1.5/11 MB | 38 kB | 20 kB | 190 kB
Progress (4): 1.5/11 MB | 38 kB | 20 kB | 190 kB
Progress (4): 1.5/11 MB | 38 kB | 20 kB | 190 kB
Progress (4): 1.5/11 MB | 38 kB | 20 kB | 190 kB
Progress (4): 1.6/11 MB | 38 kB | 20 kB | 190 kB
Progress (4): 1.6/11 MB | 38 kB | 20 kB | 190 kB
Progress (4): 1.6/11 MB | 38 kB | 20 kB | 190 kB
Progress (4): 1.6/11 MB | 38 kB | 20 kB | 190 kB
Progress (4): 1.6/11 MB | 38 kB | 20 kB | 190 kB
Progress (4): 1.6/11 MB | 38 kB | 20 kB | 190 kB
Progress (4): 1.6/11 MB | 38 kB | 20 kB | 190 kB
Progress (4): 1.6/11 MB | 38 kB | 20 kB | 190 kB
Progress (4): 1.6/11 MB | 38 kB | 20 kB | 190 kB
Progress (4): 1.6/11 MB | 38 kB | 20 kB | 190 kB
Progress (4): 1.6/11 MB | 38 kB | 20 kB | 190 kB
Progress (4): 1.6/11 MB | 38 kB | 20 kB | 190 kB
Progress (4): 1.6/11 MB | 38 kB | 20 kB | 190 kB
Progress (4): 1.6/11 MB | 38 kB | 20 kB | 190 kB
Progress (4): 1.6/11 MB | 38 kB | 20 kB | 190 kB
Progress (4): 1.6/11 MB | 38 kB | 20 kB | 190 kB
Progress (4): 1.6/11 MB | 38 kB | 20 kB | 190 kB
Progress (4): 1.6/11 MB | 38 kB | 20 kB | 190 kB
Progress (4): 1.6/11 MB | 38 kB | 20 kB | 190 kB
Progress (4): 1.6/11 MB | 38 kB | 20 kB | 190 kB
Progress (4): 1.6/11 MB | 38 kB | 20 kB | 190 kB
Progress (4): 1.6/11 MB | 38 kB | 20 kB | 190 kB
Progress (4): 1.6/11 MB | 38 kB | 20 kB | 190 kB
Progress (4): 1.6/11 MB | 38 kB | 20 kB | 190 kB
Progress (4): 1.7/11 MB | 38 kB | 20 kB | 190 kB
                                                
Downloaded from central: https://repo.maven.apache.org/maven2/org/apache/maven/doxia/doxia-module-fml/1.6/doxia-module-fml-1.6.jar (38 kB at 37 kB/s)
Downloaded from central: https://repo.maven.apache.org/maven2/org/apache/maven/reporting/maven-reporting-impl/2.4/maven-reporting-impl-2.4.jar (20 kB at 18 kB/s)
Progress (2): 1.7/11 MB | 190 kB
Progress (2): 1.7/11 MB | 190 kB
Progress (2): 1.7/11 MB | 190 kB
Progress (2): 1.7/11 MB | 190 kB
Progress (2): 1.7/11 MB | 190 kB
Progress (2): 1.7/11 MB | 190 kB
Progress (2): 1.7/11 MB | 190 kB
Progress (2): 1.7/11 MB | 190 kB
Progress (2): 1.7/11 MB | 190 kB
Progress (2): 1.7/11 MB | 190 kB
Progress (2): 1.7/11 MB | 190 kB
Progress (2): 1.7/11 MB | 190 kB
Progress (2): 1.7/11 MB | 190 kB
Progress (2): 1.7/11 MB | 190 kB
Progress (2): 1.7/11 MB | 190 kB
Progress (2): 1.7/11 MB | 190 kB
Progress (2): 1.7/11 MB | 190 kB
Progress (2): 1.7/11 MB | 190 kB
Progress (2): 1.7/11 MB | 190 kB
Progress (2): 1.7/11 MB | 190 kB
Progress (2): 1.7/11 MB | 190 kB
Progress (2): 1.7/11 MB | 190 kB
Progress (2): 1.7/11 MB | 190 kB
Progress (2): 1.8/11 MB | 190 kB
Progress (2): 1.8/11 MB | 190 kB
Progress (2): 1.8/11 MB | 190 kB
Progress (2): 1.8/11 MB | 190 kB
Progress (2): 1.8/11 MB | 190 kB
Progress (2): 1.8/11 MB | 190 kB
Progress (2): 1.8/11 MB | 190 kB
Progress (2): 1.8/11 MB | 190 kB
Progress (2): 1.8/11 MB | 190 kB
Progress (2): 1.8/11 MB | 190 kB
Progress (2): 1.8/11 MB | 190 kB
Progress (2): 1.8/11 MB | 190 kB
Progress (2): 1.8/11 MB | 190 kB
Progress (2): 1.8/11 MB | 190 kB
Progress (2): 1.8/11 MB | 190 kB
Progress (2): 1.8/11 MB | 190 kB
Progress (2): 1.8/11 MB | 190 kB
Progress (2): 1.8/11 MB | 190 kB
Progress (2): 1.8/11 MB | 190 kB
Progress (2): 1.8/11 MB | 190 kB
Progress (2): 1.8/11 MB | 190 kB
Progress (2): 1.8/11 MB | 190 kB
Progress (2): 1.8/11 MB | 190 kB
Progress (2): 1.8/11 MB | 190 kB
Progress (2): 1.8/11 MB | 190 kB
Progress (2): 1.9/11 MB | 190 kB
Progress (2): 1.9/11 MB | 190 kB
Progress (2): 1.9/11 MB | 190 kB
Progress (2): 1.9/11 MB | 190 kB
Progress (2): 1.9/11 MB | 190 kB
Progress (2): 1.9/11 MB | 190 kB
Progress (2): 1.9/11 MB | 190 kB
Progress (2): 1.9/11 MB | 190 kB
Progress (2): 1.9/11 MB | 190 kB
Progress (2): 1.9/11 MB | 190 kB
Progress (2): 1.9/11 MB | 190 kB
Progress (2): 1.9/11 MB | 190 kB
Progress (2): 1.9/11 MB | 190 kB
Progress (2): 1.9/11 MB | 190 kB
Progress (2): 1.9/11 MB | 190 kB
Progress (2): 1.9/11 MB | 190 kB
Progress (2): 1.9/11 MB | 190 kB
Progress (2): 1.9/11 MB | 190 kB
Progress (2): 1.9/11 MB | 190 kB
Progress (2): 1.9/11 MB | 190 kB
Progress (2): 1.9/11 MB | 190 kB
Progress (2): 1.9/11 MB | 190 kB
Progress (2): 1.9/11 MB | 190 kB
Progress (2): 1.9/11 MB | 190 kB
Progress (2): 2.0/11 MB | 190 kB
Progress (2): 2.0/11 MB | 190 kB
Progress (2): 2.0/11 MB | 190 kB
Progress (2): 2.0/11 MB | 190 kB
Progress (2): 2.0/11 MB | 190 kB
Progress (2): 2.0/11 MB | 190 kB
Progress (2): 2.0/11 MB | 190 kB
Progress (2): 2.0/11 MB | 190 kB
Progress (2): 2.0/11 MB | 190 kB
Progress (2): 2.0/11 MB | 190 kB
Progress (2): 2.0/11 MB | 190 kB
Progress (2): 2.0/11 MB | 190 kB
Progress (2): 2.0/11 MB | 190 kB
Progress (2): 2.0/11 MB | 190 kB
Progress (2): 2.0/11 MB | 190 kB
Progress (2): 2.0/11 MB | 190 kB
                                
Downloaded from central: https://repo.maven.apache.org/maven2/commons-validator/commons-validator/1.4.1/commons-validator-1.4.1.jar (190 kB at 157 kB/s)
Progress (1): 2.0/11 MB
Progress (1): 2.0/11 MB
Progress (1): 2.0/11 MB
Progress (1): 2.0/11 MB
Progress (1): 2.0/11 MB
Progress (1): 2.0/11 MB
Progress (1): 2.0/11 MB
Progress (1): 2.0/11 MB
Progress (1): 2.0/11 MB
Progress (1): 2.1/11 MB
Progress (1): 2.1/11 MB
Progress (1): 2.1/11 MB
Progress (1): 2.1/11 MB
Progress (1): 2.1/11 MB
Progress (1): 2.1/11 MB
Progress (1): 2.1/11 MB
Progress (1): 2.1/11 MB
Progress (1): 2.1/11 MB
Progress (1): 2.1/11 MB
Progress (1): 2.1/11 MB
Progress (1): 2.1/11 MB
Progress (1): 2.1/11 MB
Progress (1): 2.1/11 MB
Progress (1): 2.1/11 MB
Progress (1): 2.1/11 MB
Progress (1): 2.1/11 MB
Progress (1): 2.1/11 MB
Progress (1): 2.1/11 MB
Progress (1): 2.1/11 MB
Progress (1): 2.1/11 MB
Progress (1): 2.1/11 MB
Progress (1): 2.1/11 MB
Progress (1): 2.1/11 MB
Progress (1): 2.2/11 MB
Progress (1): 2.2/11 MB
Progress (1): 2.2/11 MB
Progress (1): 2.2/11 MB
Progress (1): 2.2/11 MB
Progress (1): 2.2/11 MB
Progress (1): 2.2/11 MB
Progress (1): 2.2/11 MB
Progress (1): 2.2/11 MB
Progress (1): 2.2/11 MB
Progress (1): 2.2/11 MB
Progress (1): 2.2/11 MB
Progress (1): 2.2/11 MB
Progress (1): 2.2/11 MB
Progress (1): 2.2/11 MB
Progress (1): 2.2/11 MB
Progress (1): 2.2/11 MB
Progress (1): 2.2/11 MB
Progress (1): 2.2/11 MB
Progress (1): 2.2/11 MB
Progress (1): 2.2/11 MB
Progress (1): 2.2/11 MB
Progress (1): 2.2/11 MB
Progress (1): 2.2/11 MB
Progress (1): 2.3/11 MB
Progress (1): 2.3/11 MB
Progress (1): 2.3/11 MB
Progress (1): 2.3/11 MB
Progress (1): 2.3/11 MB
Progress (1): 2.3/11 MB
Progress (1): 2.3/11 MB
Progress (1): 2.3/11 MB
Progress (1): 2.3/11 MB
Progress (1): 2.3/11 MB
Progress (1): 2.3/11 MB
Progress (1): 2.3/11 MB
Progress (1): 2.3/11 MB
Progress (1): 2.3/11 MB
Progress (1): 2.3/11 MB
Progress (1): 2.3/11 MB
Progress (1): 2.3/11 MB
Progress (1): 2.3/11 MB
Progress (1): 2.3/11 MB
Progress (1): 2.3/11 MB
Progress (1): 2.3/11 MB
Progress (1): 2.3/11 MB
Progress (1): 2.3/11 MB
Progress (1): 2.3/11 MB
Progress (1): 2.3/11 MB
Progress (1): 2.4/11 MB
Progress (1): 2.4/11 MB
Progress (1): 2.4/11 MB
Progress (1): 2.4/11 MB
Progress (1): 2.4/11 MB
Progress (1): 2.4/11 MB
Progress (1): 2.4/11 MB
Progress (1): 2.4/11 MB
Progress (1): 2.4/11 MB
Progress (1): 2.4/11 MB
Progress (1): 2.4/11 MB
Progress (1): 2.4/11 MB
Progress (1): 2.4/11 MB
Progress (1): 2.4/11 MB
Progress (1): 2.4/11 MB
Progress (1): 2.4/11 MB
Progress (1): 2.4/11 MB
Progress (1): 2.4/11 MB
Progress (1): 2.4/11 MB
Progress (1): 2.4/11 MB
Progress (1): 2.4/11 MB
Progress (1): 2.4/11 MB
Progress (1): 2.4/11 MB
Progress (1): 2.4/11 MB
Progress (1): 2.5/11 MB
Progress (1): 2.5/11 MB
Progress (1): 2.5/11 MB
Progress (1): 2.5/11 MB
Progress (1): 2.5/11 MB
Progress (1): 2.5/11 MB
Progress (1): 2.5/11 MB
Progress (1): 2.5/11 MB
Progress (1): 2.5/11 MB
Progress (1): 2.5/11 MB
Progress (1): 2.5/11 MB
Progress (1): 2.5/11 MB
Progress (1): 2.5/11 MB
Progress (1): 2.5/11 MB
Progress (1): 2.5/11 MB
Progress (1): 2.5/11 MB
Progress (1): 2.5/11 MB
Progress (1): 2.5/11 MB
Progress (1): 2.5/11 MB
Progress (1): 2.5/11 MB
Progress (1): 2.5/11 MB
Progress (1): 2.5/11 MB
Progress (1): 2.5/11 MB
Progress (1): 2.5/11 MB
Progress (1): 2.5/11 MB
Progress (1): 2.6/11 MB
Progress (1): 2.6/11 MB
Progress (1): 2.6/11 MB
Progress (1): 2.6/11 MB
Progress (1): 2.6/11 MB
Progress (1): 2.6/11 MB
Progress (1): 2.6/11 MB
Progress (1): 2.6/11 MB
Progress (1): 2.6/11 MB
Progress (1): 2.6/11 MB
Progress (1): 2.6/11 MB
Progress (1): 2.6/11 MB
Progress (1): 2.6/11 MB
Progress (1): 2.6/11 MB
Progress (1): 2.6/11 MB
Progress (1): 2.6/11 MB
Progress (1): 2.6/11 MB
Progress (1): 2.6/11 MB
Progress (1): 2.6/11 MB
Progress (1): 2.6/11 MB
Progress (1): 2.6/11 MB
Progress (1): 2.6/11 MB
Progress (1): 2.6/11 MB
Progress (1): 2.6/11 MB
Progress (1): 2.7/11 MB
Progress (1): 2.7/11 MB
Progress (1): 2.7/11 MB
Progress (1): 2.7/11 MB
Progress (1): 2.7/11 MB
Progress (1): 2.7/11 MB
Progress (1): 2.7/11 MB
Progress (1): 2.7/11 MB
Progress (1): 2.7/11 MB
Progress (1): 2.7/11 MB
Progress (1): 2.7/11 MB
Progress (1): 2.7/11 MB
Progress (1): 2.7/11 MB
Progress (1): 2.7/11 MB
Progress (1): 2.7/11 MB
Progress (1): 2.7/11 MB
Progress (1): 2.7/11 MB
Progress (1): 2.7/11 MB
Progress (1): 2.7/11 MB
Progress (1): 2.7/11 MB
Progress (1): 2.7/11 MB
Progress (1): 2.7/11 MB
Progress (1): 2.7/11 MB
Progress (1): 2.7/11 MB
Progress (1): 2.8/11 MB
Progress (1): 2.8/11 MB
Progress (1): 2.8/11 MB
Progress (1): 2.8/11 MB
Progress (1): 2.8/11 MB
Progress (1): 2.8/11 MB
Progress (1): 2.8/11 MB
Progress (1): 2.8/11 MB
Progress (1): 2.8/11 MB
Progress (1): 2.8/11 MB
Progress (1): 2.8/11 MB
Progress (1): 2.8/11 MB
Progress (1): 2.8/11 MB
Progress (1): 2.8/11 MB
Progress (1): 2.8/11 MB
Progress (1): 2.8/11 MB
Progress (1): 2.8/11 MB
Progress (1): 2.8/11 MB
Progress (1): 2.8/11 MB
Progress (1): 2.8/11 MB
Progress (1): 2.8/11 MB
Progress (1): 2.8/11 MB
Progress (1): 2.8/11 MB
Progress (1): 2.8/11 MB
Progress (1): 2.8/11 MB
Progress (1): 2.9/11 MB
Progress (1): 2.9/11 MB
Progress (1): 2.9/11 MB
Progress (1): 2.9/11 MB
Progress (1): 2.9/11 MB
Progress (1): 2.9/11 MB
Progress (1): 2.9/11 MB
Progress (1): 2.9/11 MB
Progress (1): 2.9/11 MB
Progress (1): 2.9/11 MB
Progress (1): 2.9/11 MB
Progress (1): 2.9/11 MB
Progress (1): 2.9/11 MB
Progress (1): 2.9/11 MB
Progress (1): 2.9/11 MB
Progress (1): 2.9/11 MB
Progress (1): 2.9/11 MB
Progress (1): 2.9/11 MB
Progress (1): 2.9/11 MB
Progress (1): 2.9/11 MB
Progress (1): 2.9/11 MB
Progress (1): 2.9/11 MB
Progress (1): 2.9/11 MB
Progress (1): 2.9/11 MB
Progress (1): 3.0/11 MB
Progress (1): 3.0/11 MB
Progress (1): 3.0/11 MB
Progress (1): 3.0/11 MB
Progress (1): 3.0/11 MB
Progress (1): 3.0/11 MB
Progress (1): 3.0/11 MB
Progress (1): 3.0/11 MB
Progress (1): 3.0/11 MB
Progress (1): 3.0/11 MB
Progress (1): 3.0/11 MB
Progress (1): 3.0/11 MB
Progress (1): 3.0/11 MB
Progress (1): 3.0/11 MB
Progress (1): 3.0/11 MB
Progress (1): 3.0/11 MB
Progress (1): 3.0/11 MB
Progress (1): 3.0/11 MB
Progress (1): 3.0/11 MB
Progress (1): 3.0/11 MB
Progress (1): 3.0/11 MB
Progress (1): 3.0/11 MB
Progress (1): 3.0/11 MB
Progress (1): 3.0/11 MB
Progress (1): 3.0/11 MB
Progress (1): 3.1/11 MB
Progress (1): 3.1/11 MB
Progress (1): 3.1/11 MB
Progress (1): 3.1/11 MB
Progress (1): 3.1/11 MB
Progress (1): 3.1/11 MB
Progress (1): 3.1/11 MB
Progress (1): 3.1/11 MB
Progress (1): 3.1/11 MB
Progress (1): 3.1/11 MB
Progress (1): 3.1/11 MB
Progress (1): 3.1/11 MB
Progress (1): 3.1/11 MB
Progress (1): 3.1/11 MB
Progress (1): 3.1/11 MB
Progress (1): 3.1/11 MB
Progress (1): 3.1/11 MB
Progress (1): 3.1/11 MB
Progress (1): 3.1/11 MB
Progress (1): 3.1/11 MB
Progress (1): 3.1/11 MB
Progress (1): 3.1/11 MB
Progress (1): 3.1/11 MB
Progress (1): 3.1/11 MB
Progress (1): 3.2/11 MB
Progress (1): 3.2/11 MB
Progress (1): 3.2/11 MB
Progress (1): 3.2/11 MB
Progress (1): 3.2/11 MB
Progress (1): 3.2/11 MB
Progress (1): 3.2/11 MB
Progress (1): 3.2/11 MB
Progress (1): 3.2/11 MB
Progress (1): 3.2/11 MB
Progress (1): 3.2/11 MB
Progress (1): 3.2/11 MB
Progress (1): 3.2/11 MB
Progress (1): 3.2/11 MB
Progress (1): 3.2/11 MB
Progress (1): 3.2/11 MB
Progress (1): 3.2/11 MB
Progress (1): 3.2/11 MB
Progress (1): 3.2/11 MB
Progress (1): 3.2/11 MB
Progress (1): 3.2/11 MB
Progress (1): 3.2/11 MB
Progress (1): 3.2/11 MB
Progress (1): 3.2/11 MB
Progress (1): 3.2/11 MB
Progress (1): 3.3/11 MB
Progress (1): 3.3/11 MB
Progress (1): 3.3/11 MB
Progress (1): 3.3/11 MB
Progress (1): 3.3/11 MB
Progress (1): 3.3/11 MB
Progress (1): 3.3/11 MB
Progress (1): 3.3/11 MB
Progress (1): 3.3/11 MB
Progress (1): 3.3/11 MB
Progress (1): 3.3/11 MB
Progress (1): 3.3/11 MB
Progress (1): 3.3/11 MB
Progress (1): 3.3/11 MB
Progress (1): 3.3/11 MB
Progress (1): 3.3/11 MB
Progress (1): 3.3/11 MB
Progress (1): 3.3/11 MB
Progress (1): 3.3/11 MB
Progress (1): 3.3/11 MB
Progress (1): 3.3/11 MB
Progress (1): 3.3/11 MB
Progress (1): 3.3/11 MB
Progress (1): 3.3/11 MB
Progress (1): 3.4/11 MB
Progress (1): 3.4/11 MB
Progress (1): 3.4/11 MB
Progress (1): 3.4/11 MB
Progress (1): 3.4/11 MB
Progress (1): 3.4/11 MB
Progress (1): 3.4/11 MB
Progress (1): 3.4/11 MB
Progress (1): 3.4/11 MB
Progress (1): 3.4/11 MB
Progress (1): 3.4/11 MB
Progress (1): 3.4/11 MB
Progress (1): 3.4/11 MB
Progress (1): 3.4/11 MB
Progress (1): 3.4/11 MB
Progress (1): 3.4/11 MB
Progress (1): 3.4/11 MB
Progress (1): 3.4/11 MB
Progress (1): 3.4/11 MB
Progress (1): 3.4/11 MB
Progress (1): 3.4/11 MB
Progress (1): 3.4/11 MB
Progress (1): 3.4/11 MB
Progress (1): 3.4/11 MB
Progress (1): 3.5/11 MB
Progress (1): 3.5/11 MB
Progress (1): 3.5/11 MB
Progress (1): 3.5/11 MB
Progress (1): 3.5/11 MB
Progress (1): 3.5/11 MB
Progress (1): 3.5/11 MB
Progress (1): 3.5/11 MB
Progress (1): 3.5/11 MB
Progress (1): 3.5/11 MB
Progress (1): 3.5/11 MB
Progress (1): 3.5/11 MB
Progress (1): 3.5/11 MB
Progress (1): 3.5/11 MB
Progress (1): 3.5/11 MB
Progress (1): 3.5/11 MB
Progress (1): 3.5/11 MB
Progress (1): 3.5/11 MB
Progress (1): 3.5/11 MB
Progress (1): 3.5/11 MB
Progress (1): 3.5/11 MB
Progress (1): 3.5/11 MB
Progress (1): 3.5/11 MB
Progress (1): 3.5/11 MB
Progress (1): 3.5/11 MB
Progress (1): 3.6/11 MB
Progress (1): 3.6/11 MB
Progress (1): 3.6/11 MB
Progress (1): 3.6/11 MB
Progress (1): 3.6/11 MB
Progress (1): 3.6/11 MB
Progress (1): 3.6/11 MB
Progress (1): 3.6/11 MB
Progress (1): 3.6/11 MB
Progress (1): 3.6/11 MB
Progress (1): 3.6/11 MB
Progress (1): 3.6/11 MB
Progress (1): 3.6/11 MB
Progress (1): 3.6/11 MB
Progress (1): 3.6/11 MB
Progress (1): 3.6/11 MB
Progress (1): 3.6/11 MB
Progress (1): 3.6/11 MB
Progress (1): 3.6/11 MB
Progress (1): 3.6/11 MB
Progress (1): 3.6/11 MB
Progress (1): 3.6/11 MB
Progress (1): 3.6/11 MB
Progress (1): 3.6/11 MB
Progress (1): 3.7/11 MB
Progress (1): 3.7/11 MB
Progress (1): 3.7/11 MB
Progress (1): 3.7/11 MB
Progress (1): 3.7/11 MB
Progress (1): 3.7/11 MB
Progress (1): 3.7/11 MB
Progress (1): 3.7/11 MB
Progress (1): 3.7/11 MB
Progress (1): 3.7/11 MB
Progress (1): 3.7/11 MB
Progress (1): 3.7/11 MB
Progress (1): 3.7/11 MB
Progress (1): 3.7/11 MB
Progress (1): 3.7/11 MB
Progress (1): 3.7/11 MB
Progress (1): 3.7/11 MB
Progress (1): 3.7/11 MB
Progress (1): 3.7/11 MB
Progress (1): 3.7/11 MB
Progress (1): 3.7/11 MB
Progress (1): 3.7/11 MB
Progress (1): 3.7/11 MB
Progress (1): 3.7/11 MB
Progress (1): 3.7/11 MB
Progress (1): 3.8/11 MB
Progress (1): 3.8/11 MB
Progress (1): 3.8/11 MB
Progress (1): 3.8/11 MB
Progress (1): 3.8/11 MB
Progress (1): 3.8/11 MB
Progress (1): 3.8/11 MB
Progress (1): 3.8/11 MB
Progress (1): 3.8/11 MB
Progress (1): 3.8/11 MB
Progress (1): 3.8/11 MB
Progress (1): 3.8/11 MB
Progress (1): 3.8/11 MB
Progress (1): 3.8/11 MB
Progress (1): 3.8/11 MB
Progress (1): 3.8/11 MB
Progress (1): 3.8/11 MB
Progress (1): 3.8/11 MB
Progress (1): 3.8/11 MB
Progress (1): 3.8/11 MB
Progress (1): 3.8/11 MB
Progress (1): 3.8/11 MB
Progress (1): 3.8/11 MB
Progress (1): 3.8/11 MB
Progress (1): 3.9/11 MB
Progress (1): 3.9/11 MB
Progress (1): 3.9/11 MB
Progress (1): 3.9/11 MB
Progress (1): 3.9/11 MB
Progress (1): 3.9/11 MB
Progress (1): 3.9/11 MB
Progress (1): 3.9/11 MB
Progress (1): 3.9/11 MB
Progress (1): 3.9/11 MB
Progress (1): 3.9/11 MB
Progress (1): 3.9/11 MB
Progress (1): 3.9/11 MB
Progress (1): 3.9/11 MB
Progress (1): 3.9/11 MB
Progress (1): 3.9/11 MB
Progress (1): 3.9/11 MB
Progress (1): 3.9/11 MB
Progress (1): 3.9/11 MB
Progress (1): 3.9/11 MB
Progress (1): 3.9/11 MB
Progress (1): 3.9/11 MB
Progress (1): 3.9/11 MB
Progress (1): 3.9/11 MB
Progress (1): 4.0/11 MB
Progress (1): 4.0/11 MB
Progress (1): 4.0/11 MB
Progress (1): 4.0/11 MB
Progress (1): 4.0/11 MB
Progress (1): 4.0/11 MB
Progress (1): 4.0/11 MB
Progress (1): 4.0/11 MB
Progress (1): 4.0/11 MB
Progress (1): 4.0/11 MB
Progress (1): 4.0/11 MB
Progress (1): 4.0/11 MB
Progress (1): 4.0/11 MB
Progress (1): 4.0/11 MB
Progress (1): 4.0/11 MB
Progress (1): 4.0/11 MB
Progress (1): 4.0/11 MB
Progress (1): 4.0/11 MB
Progress (1): 4.0/11 MB
Progress (1): 4.0/11 MB
Progress (1): 4.0/11 MB
Progress (1): 4.0/11 MB
Progress (1): 4.0/11 MB
Progress (1): 4.0/11 MB
Progress (1): 4.0/11 MB
Progress (1): 4.1/11 MB
Progress (1): 4.1/11 MB
Progress (1): 4.1/11 MB
Progress (1): 4.1/11 MB
Progress (1): 4.1/11 MB
Progress (1): 4.1/11 MB
Progress (1): 4.1/11 MB
Progress (1): 4.1/11 MB
Progress (1): 4.1/11 MB
Progress (1): 4.1/11 MB
Progress (1): 4.1/11 MB
Progress (1): 4.1/11 MB
Progress (1): 4.1/11 MB
Progress (1): 4.1/11 MB
Progress (1): 4.1/11 MB
Progress (1): 4.1/11 MB
Progress (1): 4.1/11 MB
Progress (1): 4.1/11 MB
Progress (1): 4.1/11 MB
Progress (1): 4.1/11 MB
Progress (1): 4.1/11 MB
Progress (1): 4.1/11 MB
Progress (1): 4.1/11 MB
Progress (1): 4.1/11 MB
Progress (1): 4.2/11 MB
Progress (1): 4.2/11 MB
Progress (1): 4.2/11 MB
Progress (1): 4.2/11 MB
Progress (1): 4.2/11 MB
Progress (1): 4.2/11 MB
Progress (1): 4.2/11 MB
Progress (1): 4.2/11 MB
Progress (1): 4.2/11 MB
Progress (1): 4.2/11 MB
Progress (1): 4.2/11 MB
Progress (1): 4.2/11 MB
Progress (1): 4.2/11 MB
Progress (1): 4.2/11 MB
Progress (1): 4.2/11 MB
Progress (1): 4.2/11 MB
Progress (1): 4.2/11 MB
Progress (1): 4.2/11 MB
Progress (1): 4.2/11 MB
Progress (1): 4.2/11 MB
Progress (1): 4.2/11 MB
Progress (1): 4.2/11 MB
Progress (1): 4.2/11 MB
Progress (1): 4.2/11 MB
Progress (1): 4.2/11 MB
Progress (1): 4.3/11 MB
Progress (1): 4.3/11 MB
Progress (1): 4.3/11 MB
Progress (1): 4.3/11 MB
Progress (1): 4.3/11 MB
Progress (1): 4.3/11 MB
Progress (1): 4.3/11 MB
Progress (1): 4.3/11 MB
Progress (1): 4.3/11 MB
Progress (1): 4.3/11 MB
Progress (1): 4.3/11 MB
Progress (1): 4.3/11 MB
Progress (1): 4.3/11 MB
Progress (1): 4.3/11 MB
Progress (1): 4.3/11 MB
Progress (1): 4.3/11 MB
Progress (1): 4.3/11 MB
Progress (1): 4.3/11 MB
Progress (1): 4.3/11 MB
Progress (1): 4.3/11 MB
Progress (1): 4.3/11 MB
Progress (1): 4.3/11 MB
Progress (1): 4.3/11 MB
Progress (1): 4.3/11 MB
Progress (1): 4.4/11 MB
Progress (1): 4.4/11 MB
Progress (1): 4.4/11 MB
Progress (1): 4.4/11 MB
Progress (1): 4.4/11 MB
Progress (1): 4.4/11 MB
Progress (1): 4.4/11 MB
Progress (1): 4.4/11 MB
Progress (1): 4.4/11 MB
Progress (1): 4.4/11 MB
Progress (1): 4.4/11 MB
Progress (1): 4.4/11 MB
Progress (1): 4.4/11 MB
Progress (1): 4.4/11 MB
Progress (1): 4.4/11 MB
Progress (1): 4.4/11 MB
Progress (1): 4.4/11 MB
Progress (1): 4.4/11 MB
Progress (1): 4.4/11 MB
Progress (1): 4.4/11 MB
Progress (1): 4.4/11 MB
Progress (1): 4.4/11 MB
Progress (1): 4.4/11 MB
Progress (1): 4.4/11 MB
Progress (1): 4.4/11 MB
Progress (1): 4.5/11 MB
Progress (1): 4.5/11 MB
Progress (1): 4.5/11 MB
Progress (1): 4.5/11 MB
Progress (1): 4.5/11 MB
Progress (1): 4.5/11 MB
Progress (1): 4.5/11 MB
Progress (1): 4.5/11 MB
Progress (1): 4.5/11 MB
Progress (1): 4.5/11 MB
Progress (1): 4.5/11 MB
Progress (1): 4.5/11 MB
Progress (1): 4.5/11 MB
Progress (1): 4.5/11 MB
Progress (1): 4.5/11 MB
Progress (1): 4.5/11 MB
Progress (1): 4.5/11 MB
Progress (1): 4.5/11 MB
Progress (1): 4.5/11 MB
Progress (1): 4.5/11 MB
Progress (1): 4.5/11 MB
Progress (1): 4.5/11 MB
Progress (1): 4.5/11 MB
Progress (1): 4.5/11 MB
Progress (1): 4.6/11 MB
Progress (1): 4.6/11 MB
Progress (1): 4.6/11 MB
Progress (1): 4.6/11 MB
Progress (1): 4.6/11 MB
Progress (1): 4.6/11 MB
Progress (1): 4.6/11 MB
Progress (1): 4.6/11 MB
Progress (1): 4.6/11 MB
Progress (1): 4.6/11 MB
Progress (1): 4.6/11 MB
Progress (1): 4.6/11 MB
Progress (1): 4.6/11 MB
Progress (1): 4.6/11 MB
Progress (1): 4.6/11 MB
Progress (1): 4.6/11 MB
Progress (1): 4.6/11 MB
Progress (1): 4.6/11 MB
Progress (1): 4.6/11 MB
Progress (1): 4.6/11 MB
Progress (1): 4.6/11 MB
Progress (1): 4.6/11 MB
Progress (1): 4.6/11 MB
Progress (1): 4.6/11 MB
Progress (1): 4.7/11 MB
Progress (1): 4.7/11 MB
Progress (1): 4.7/11 MB
Progress (1): 4.7/11 MB
Progress (1): 4.7/11 MB
Progress (1): 4.7/11 MB
Progress (1): 4.7/11 MB
Progress (1): 4.7/11 MB
Progress (1): 4.7/11 MB
Progress (1): 4.7/11 MB
Progress (1): 4.7/11 MB
Progress (1): 4.7/11 MB
Progress (1): 4.7/11 MB
Progress (1): 4.7/11 MB
Progress (1): 4.7/11 MB
Progress (1): 4.7/11 MB
Progress (1): 4.7/11 MB
Progress (1): 4.7/11 MB
Progress (1): 4.7/11 MB
Progress (1): 4.7/11 MB
Progress (1): 4.7/11 MB
Progress (1): 4.7/11 MB
Progress (1): 4.7/11 MB
Progress (1): 4.7/11 MB
Progress (1): 4.7/11 MB
Progress (1): 4.8/11 MB
Progress (1): 4.8/11 MB
Progress (1): 4.8/11 MB
Progress (1): 4.8/11 MB
Progress (1): 4.8/11 MB
Progress (1): 4.8/11 MB
Progress (1): 4.8/11 MB
Progress (1): 4.8/11 MB
Progress (1): 4.8/11 MB
Progress (1): 4.8/11 MB
Progress (1): 4.8/11 MB
Progress (1): 4.8/11 MB
Progress (1): 4.8/11 MB
Progress (1): 4.8/11 MB
Progress (1): 4.8/11 MB
Progress (1): 4.8/11 MB
Progress (1): 4.8/11 MB
Progress (1): 4.8/11 MB
Progress (1): 4.8/11 MB
Progress (1): 4.8/11 MB
Progress (1): 4.8/11 MB
Progress (1): 4.8/11 MB
Progress (1): 4.8/11 MB
Progress (1): 4.8/11 MB
Progress (1): 4.9/11 MB
Progress (1): 4.9/11 MB
Progress (1): 4.9/11 MB
Progress (1): 4.9/11 MB
Progress (1): 4.9/11 MB
Progress (1): 4.9/11 MB
Progress (1): 4.9/11 MB
Progress (1): 4.9/11 MB
Progress (1): 4.9/11 MB
Progress (1): 4.9/11 MB
Progress (1): 4.9/11 MB
Progress (1): 4.9/11 MB
Progress (1): 4.9/11 MB
Progress (1): 4.9/11 MB
Progress (1): 4.9/11 MB
Progress (1): 4.9/11 MB
Progress (1): 4.9/11 MB
Progress (1): 4.9/11 MB
Progress (1): 4.9/11 MB
Progress (1): 4.9/11 MB
Progress (1): 4.9/11 MB
Progress (1): 4.9/11 MB
Progress (1): 4.9/11 MB
Progress (1): 4.9/11 MB
Progress (1): 4.9/11 MB
Progress (1): 5.0/11 MB
Progress (1): 5.0/11 MB
Progress (1): 5.0/11 MB
Progress (1): 5.0/11 MB
Progress (1): 5.0/11 MB
Progress (1): 5.0/11 MB
Progress (1): 5.0/11 MB
Progress (1): 5.0/11 MB
Progress (1): 5.0/11 MB
Progress (1): 5.0/11 MB
Progress (1): 5.0/11 MB
Progress (1): 5.0/11 MB
Progress (1): 5.0/11 MB
Progress (1): 5.0/11 MB
Progress (1): 5.0/11 MB
Progress (1): 5.0/11 MB
Progress (1): 5.0/11 MB
Progress (1): 5.0/11 MB
Progress (1): 5.0/11 MB
Progress (1): 5.0/11 MB
Progress (1): 5.0/11 MB
Progress (1): 5.0/11 MB
Progress (1): 5.0/11 MB
Progress (1): 5.0/11 MB
Progress (1): 5.1/11 MB
Progress (1): 5.1/11 MB
Progress (1): 5.1/11 MB
Progress (1): 5.1/11 MB
Progress (1): 5.1/11 MB
Progress (1): 5.1/11 MB
Progress (1): 5.1/11 MB
Progress (1): 5.1/11 MB
Progress (1): 5.1/11 MB
Progress (1): 5.1/11 MB
Progress (1): 5.1/11 MB
Progress (1): 5.1/11 MB
Progress (1): 5.1/11 MB
Progress (1): 5.1/11 MB
Progress (1): 5.1/11 MB
Progress (1): 5.1/11 MB
Progress (1): 5.1/11 MB
Progress (1): 5.1/11 MB
Progress (1): 5.1/11 MB
Progress (1): 5.1/11 MB
Progress (1): 5.1/11 MB
Progress (1): 5.1/11 MB
Progress (1): 5.1/11 MB
Progress (1): 5.1/11 MB
Progress (1): 5.2/11 MB
Progress (1): 5.2/11 MB
Progress (1): 5.2/11 MB
Progress (1): 5.2/11 MB
Progress (1): 5.2/11 MB
Progress (1): 5.2/11 MB
Progress (1): 5.2/11 MB
Progress (1): 5.2/11 MB
Progress (1): 5.2/11 MB
Progress (1): 5.2/11 MB
Progress (1): 5.2/11 MB
Progress (1): 5.2/11 MB
Progress (1): 5.2/11 MB
Progress (1): 5.2/11 MB
Progress (1): 5.2/11 MB
Progress (1): 5.2/11 MB
Progress (1): 5.2/11 MB
Progress (1): 5.2/11 MB
Progress (1): 5.2/11 MB
Progress (1): 5.2/11 MB
Progress (1): 5.2/11 MB
Progress (1): 5.2/11 MB
Progress (1): 5.2/11 MB
Progress (1): 5.2/11 MB
Progress (1): 5.2/11 MB
Progress (1): 5.3/11 MB
Progress (1): 5.3/11 MB
Progress (1): 5.3/11 MB
Progress (1): 5.3/11 MB
Progress (1): 5.3/11 MB
Progress (1): 5.3/11 MB
Progress (1): 5.3/11 MB
Progress (1): 5.3/11 MB
Progress (1): 5.3/11 MB
Progress (1): 5.3/11 MB
Progress (1): 5.3/11 MB
Progress (1): 5.3/11 MB
Progress (1): 5.3/11 MB
Progress (1): 5.3/11 MB
Progress (1): 5.3/11 MB
Progress (1): 5.3/11 MB
Progress (1): 5.3/11 MB
Progress (1): 5.3/11 MB
Progress (1): 5.3/11 MB
Progress (1): 5.3/11 MB
Progress (1): 5.3/11 MB
Progress (1): 5.3/11 MB
Progress (1): 5.3/11 MB
Progress (1): 5.3/11 MB
Progress (1): 5.3/11 MB
Progress (1): 5.4/11 MB
Progress (1): 5.4/11 MB
Progress (1): 5.4/11 MB
Progress (1): 5.4/11 MB
Progress (1): 5.4/11 MB
Progress (1): 5.4/11 MB
Progress (1): 5.4/11 MB
Progress (1): 5.4/11 MB
Progress (1): 5.4/11 MB
Progress (1): 5.4/11 MB
Progress (1): 5.4/11 MB
Progress (1): 5.4/11 MB
Progress (1): 5.4/11 MB
Progress (1): 5.4/11 MB
Progress (1): 5.4/11 MB
Progress (1): 5.4/11 MB
Progress (1): 5.4/11 MB
Progress (1): 5.4/11 MB
Progress (1): 5.4/11 MB
Progress (1): 5.4/11 MB
Progress (1): 5.4/11 MB
Progress (1): 5.4/11 MB
Progress (1): 5.4/11 MB
Progress (1): 5.4/11 MB
Progress (1): 5.5/11 MB
Progress (1): 5.5/11 MB
Progress (1): 5.5/11 MB
Progress (1): 5.5/11 MB
Progress (1): 5.5/11 MB
Progress (1): 5.5/11 MB
Progress (1): 5.5/11 MB
Progress (1): 5.5/11 MB
Progress (1): 5.5/11 MB
Progress (1): 5.5/11 MB
Progress (1): 5.5/11 MB
Progress (1): 5.5/11 MB
Progress (1): 5.5/11 MB
Progress (1): 5.5/11 MB
Progress (1): 5.5/11 MB
Progress (1): 5.5/11 MB
Progress (1): 5.5/11 MB
Progress (1): 5.5/11 MB
Progress (1): 5.5/11 MB
Progress (1): 5.5/11 MB
Progress (1): 5.5/11 MB
Progress (1): 5.5/11 MB
Progress (1): 5.5/11 MB
Progress (1): 5.5/11 MB
Progress (1): 5.5/11 MB
Progress (1): 5.6/11 MB
Progress (1): 5.6/11 MB
Progress (1): 5.6/11 MB
Progress (1): 5.6/11 MB
Progress (1): 5.6/11 MB
Progress (1): 5.6/11 MB
Progress (1): 5.6/11 MB
Progress (1): 5.6/11 MB
Progress (1): 5.6/11 MB
Progress (1): 5.6/11 MB
Progress (1): 5.6/11 MB
Progress (1): 5.6/11 MB
Progress (1): 5.6/11 MB
Progress (1): 5.6/11 MB
Progress (1): 5.6/11 MB
Progress (1): 5.6/11 MB
Progress (1): 5.6/11 MB
Progress (1): 5.6/11 MB
Progress (1): 5.6/11 MB
Progress (1): 5.6/11 MB
Progress (1): 5.6/11 MB
Progress (1): 5.6/11 MB
Progress (1): 5.6/11 MB
Progress (1): 5.6/11 MB
Progress (1): 5.7/11 MB
Progress (1): 5.7/11 MB
Progress (1): 5.7/11 MB
Progress (1): 5.7/11 MB
Progress (1): 5.7/11 MB
Progress (1): 5.7/11 MB
Progress (1): 5.7/11 MB
Progress (1): 5.7/11 MB
Progress (1): 5.7/11 MB
Progress (1): 5.7/11 MB
Progress (1): 5.7/11 MB
Progress (1): 5.7/11 MB
Progress (1): 5.7/11 MB
Progress (1): 5.7/11 MB
Progress (1): 5.7/11 MB
Progress (1): 5.7/11 MB
Progress (1): 5.7/11 MB
Progress (1): 5.7/11 MB
Progress (1): 5.7/11 MB
Progress (1): 5.7/11 MB
Progress (1): 5.7/11 MB
Progress (1): 5.7/11 MB
Progress (1): 5.7/11 MB
Progress (1): 5.7/11 MB
Progress (1): 5.7/11 MB
Progress (1): 5.8/11 MB
Progress (1): 5.8/11 MB
Progress (1): 5.8/11 MB
Progress (1): 5.8/11 MB
Progress (1): 5.8/11 MB
Progress (1): 5.8/11 MB
Progress (1): 5.8/11 MB
Progress (1): 5.8/11 MB
Progress (1): 5.8/11 MB
Progress (1): 5.8/11 MB
Progress (1): 5.8/11 MB
Progress (1): 5.8/11 MB
Progress (1): 5.8/11 MB
Progress (1): 5.8/11 MB
Progress (1): 5.8/11 MB
Progress (1): 5.8/11 MB
Progress (1): 5.8/11 MB
Progress (1): 5.8/11 MB
Progress (1): 5.8/11 MB
Progress (1): 5.8/11 MB
Progress (1): 5.8/11 MB
Progress (1): 5.8/11 MB
Progress (1): 5.8/11 MB
Progress (1): 5.8/11 MB
Progress (1): 5.9/11 MB
Progress (1): 5.9/11 MB
Progress (1): 5.9/11 MB
Progress (1): 5.9/11 MB
Progress (1): 5.9/11 MB
Progress (1): 5.9/11 MB
Progress (1): 5.9/11 MB
Progress (1): 5.9/11 MB
Progress (1): 5.9/11 MB
Progress (1): 5.9/11 MB
Progress (1): 5.9/11 MB
Progress (1): 5.9/11 MB
Progress (1): 5.9/11 MB
Progress (1): 5.9/11 MB
Progress (1): 5.9/11 MB
Progress (1): 5.9/11 MB
Progress (1): 5.9/11 MB
Progress (1): 5.9/11 MB
Progress (1): 5.9/11 MB
Progress (1): 5.9/11 MB
Progress (1): 5.9/11 MB
Progress (1): 5.9/11 MB
Progress (1): 5.9/11 MB
Progress (1): 5.9/11 MB
Progress (1): 5.9/11 MB
Progress (1): 6.0/11 MB
Progress (1): 6.0/11 MB
Progress (1): 6.0/11 MB
Progress (1): 6.0/11 MB
Progress (1): 6.0/11 MB
Progress (1): 6.0/11 MB
Progress (1): 6.0/11 MB
Progress (1): 6.0/11 MB
Progress (1): 6.0/11 MB
Progress (1): 6.0/11 MB
Progress (1): 6.0/11 MB
Progress (1): 6.0/11 MB
Progress (1): 6.0/11 MB
Progress (1): 6.0/11 MB
Progress (1): 6.0/11 MB
Progress (1): 6.0/11 MB
Progress (1): 6.0/11 MB
Progress (1): 6.0/11 MB
Progress (1): 6.0/11 MB
Progress (1): 6.0/11 MB
Progress (1): 6.0/11 MB
Progress (1): 6.0/11 MB
Progress (1): 6.0/11 MB
Progress (1): 6.0/11 MB
Progress (1): 6.1/11 MB
Progress (1): 6.1/11 MB
Progress (1): 6.1/11 MB
Progress (1): 6.1/11 MB
Progress (1): 6.1/11 MB
Progress (1): 6.1/11 MB
Progress (1): 6.1/11 MB
Progress (1): 6.1/11 MB
Progress (1): 6.1/11 MB
Progress (1): 6.1/11 MB
Progress (1): 6.1/11 MB
Progress (1): 6.1/11 MB
Progress (1): 6.1/11 MB
Progress (1): 6.1/11 MB
Progress (1): 6.1/11 MB
Progress (1): 6.1/11 MB
Progress (1): 6.1/11 MB
Progress (1): 6.1/11 MB
Progress (1): 6.1/11 MB
Progress (1): 6.1/11 MB
Progress (1): 6.1/11 MB
Progress (1): 6.1/11 MB
Progress (1): 6.1/11 MB
Progress (1): 6.1/11 MB
Progress (1): 6.2/11 MB
Progress (1): 6.2/11 MB
Progress (1): 6.2/11 MB
Progress (1): 6.2/11 MB
Progress (1): 6.2/11 MB
Progress (1): 6.2/11 MB
Progress (1): 6.2/11 MB
Progress (1): 6.2/11 MB
Progress (1): 6.2/11 MB
Progress (1): 6.2/11 MB
Progress (1): 6.2/11 MB
Progress (1): 6.2/11 MB
Progress (1): 6.2/11 MB
Progress (1): 6.2/11 MB
Progress (1): 6.2/11 MB
Progress (1): 6.2/11 MB
Progress (1): 6.2/11 MB
Progress (1): 6.2/11 MB
Progress (1): 6.2/11 MB
Progress (1): 6.2/11 MB
Progress (1): 6.2/11 MB
Progress (1): 6.2/11 MB
Progress (1): 6.2/11 MB
Progress (1): 6.2/11 MB
Progress (1): 6.2/11 MB
Progress (1): 6.3/11 MB
Progress (1): 6.3/11 MB
Progress (1): 6.3/11 MB
Progress (1): 6.3/11 MB
Progress (1): 6.3/11 MB
Progress (1): 6.3/11 MB
Progress (1): 6.3/11 MB
Progress (1): 6.3/11 MB
Progress (1): 6.3/11 MB
Progress (1): 6.3/11 MB
Progress (1): 6.3/11 MB
Progress (1): 6.3/11 MB
Progress (1): 6.3/11 MB
Progress (1): 6.3/11 MB
Progress (1): 6.3/11 MB
Progress (1): 6.3/11 MB
Progress (1): 6.3/11 MB
Progress (1): 6.3/11 MB
Progress (1): 6.3/11 MB
Progress (1): 6.3/11 MB
Progress (1): 6.3/11 MB
Progress (1): 6.3/11 MB
Progress (1): 6.3/11 MB
Progress (1): 6.3/11 MB
Progress (1): 6.4/11 MB
Progress (1): 6.4/11 MB
Progress (1): 6.4/11 MB
Progress (1): 6.4/11 MB
Progress (1): 6.4/11 MB
Progress (1): 6.4/11 MB
Progress (1): 6.4/11 MB
Progress (1): 6.4/11 MB
Progress (1): 6.4/11 MB
Progress (1): 6.4/11 MB
Progress (1): 6.4/11 MB
Progress (1): 6.4/11 MB
Progress (1): 6.4/11 MB
Progress (1): 6.4/11 MB
Progress (1): 6.4/11 MB
Progress (1): 6.4/11 MB
Progress (1): 6.4/11 MB
Progress (1): 6.4/11 MB
Progress (1): 6.4/11 MB
Progress (1): 6.4/11 MB
Progress (1): 6.4/11 MB
Progress (1): 6.4/11 MB
Progress (1): 6.4/11 MB
Progress (1): 6.4/11 MB
Progress (1): 6.4/11 MB
Progress (1): 6.5/11 MB
Progress (1): 6.5/11 MB
Progress (1): 6.5/11 MB
Progress (1): 6.5/11 MB
Progress (1): 6.5/11 MB
Progress (1): 6.5/11 MB
Progress (1): 6.5/11 MB
Progress (1): 6.5/11 MB
Progress (1): 6.5/11 MB
Progress (1): 6.5/11 MB
Progress (1): 6.5/11 MB
Progress (1): 6.5/11 MB
Progress (1): 6.5/11 MB
Progress (1): 6.5/11 MB
Progress (1): 6.5/11 MB
Progress (1): 6.5/11 MB
Progress (1): 6.5/11 MB
Progress (1): 6.5/11 MB
Progress (1): 6.5/11 MB
Progress (1): 6.5/11 MB
Progress (1): 6.5/11 MB
Progress (1): 6.5/11 MB
Progress (1): 6.5/11 MB
Progress (1): 6.5/11 MB
Progress (1): 6.6/11 MB
Progress (1): 6.6/11 MB
Progress (1): 6.6/11 MB
Progress (1): 6.6/11 MB
Progress (1): 6.6/11 MB
Progress (1): 6.6/11 MB
Progress (1): 6.6/11 MB
Progress (1): 6.6/11 MB
Progress (1): 6.6/11 MB
Progress (1): 6.6/11 MB
Progress (1): 6.6/11 MB
Progress (1): 6.6/11 MB
Progress (1): 6.6/11 MB
Progress (1): 6.6/11 MB
Progress (1): 6.6/11 MB
Progress (1): 6.6/11 MB
Progress (1): 6.6/11 MB
Progress (1): 6.6/11 MB
Progress (1): 6.6/11 MB
Progress (1): 6.6/11 MB
Progress (1): 6.6/11 MB
Progress (1): 6.6/11 MB
Progress (1): 6.6/11 MB
Progress (1): 6.6/11 MB
Progress (1): 6.7/11 MB
Progress (1): 6.7/11 MB
Progress (1): 6.7/11 MB
Progress (1): 6.7/11 MB
Progress (1): 6.7/11 MB
Progress (1): 6.7/11 MB
Progress (1): 6.7/11 MB
Progress (1): 6.7/11 MB
Progress (1): 6.7/11 MB
Progress (1): 6.7/11 MB
Progress (1): 6.7/11 MB
Progress (1): 6.7/11 MB
Progress (1): 6.7/11 MB
Progress (1): 6.7/11 MB
Progress (1): 6.7/11 MB
Progress (1): 6.7/11 MB
Progress (1): 6.7/11 MB
Progress (1): 6.7/11 MB
Progress (1): 6.7/11 MB
Progress (1): 6.7/11 MB
Progress (1): 6.7/11 MB
Progress (1): 6.7/11 MB
Progress (1): 6.7/11 MB
Progress (1): 6.7/11 MB
Progress (1): 6.7/11 MB
Progress (1): 6.8/11 MB
Progress (1): 6.8/11 MB
Progress (1): 6.8/11 MB
Progress (1): 6.8/11 MB
Progress (1): 6.8/11 MB
Progress (1): 6.8/11 MB
Progress (1): 6.8/11 MB
Progress (1): 6.8/11 MB
Progress (1): 6.8/11 MB
Progress (1): 6.8/11 MB
Progress (1): 6.8/11 MB
Progress (1): 6.8/11 MB
Progress (1): 6.8/11 MB
Progress (1): 6.8/11 MB
Progress (1): 6.8/11 MB
Progress (1): 6.8/11 MB
Progress (1): 6.8/11 MB
Progress (1): 6.8/11 MB
Progress (1): 6.8/11 MB
Progress (1): 6.8/11 MB
Progress (1): 6.8/11 MB
Progress (1): 6.8/11 MB
Progress (1): 6.8/11 MB
Progress (1): 6.8/11 MB
Progress (1): 6.9/11 MB
Progress (1): 6.9/11 MB
Progress (1): 6.9/11 MB
Progress (1): 6.9/11 MB
Progress (1): 6.9/11 MB
Progress (1): 6.9/11 MB
Progress (1): 6.9/11 MB
Progress (1): 6.9/11 MB
Progress (1): 6.9/11 MB
Progress (1): 6.9/11 MB
Progress (1): 6.9/11 MB
Progress (1): 6.9/11 MB
Progress (1): 6.9/11 MB
Progress (1): 6.9/11 MB
Progress (1): 6.9/11 MB
Progress (1): 6.9/11 MB
Progress (1): 6.9/11 MB
Progress (1): 6.9/11 MB
Progress (1): 6.9/11 MB
Progress (1): 6.9/11 MB
Progress (1): 6.9/11 MB
Progress (1): 6.9/11 MB
Progress (1): 6.9/11 MB
Progress (1): 6.9/11 MB
Progress (1): 6.9/11 MB
Progress (1): 7.0/11 MB
Progress (1): 7.0/11 MB
Progress (1): 7.0/11 MB
Progress (1): 7.0/11 MB
Progress (1): 7.0/11 MB
Progress (1): 7.0/11 MB
Progress (1): 7.0/11 MB
Progress (1): 7.0/11 MB
Progress (1): 7.0/11 MB
Progress (1): 7.0/11 MB
Progress (1): 7.0/11 MB
Progress (1): 7.0/11 MB
Progress (1): 7.0/11 MB
Progress (1): 7.0/11 MB
Progress (1): 7.0/11 MB
Progress (1): 7.0/11 MB
Progress (1): 7.0/11 MB
Progress (1): 7.0/11 MB
Progress (1): 7.0/11 MB
Progress (1): 7.0/11 MB
Progress (1): 7.0/11 MB
Progress (1): 7.0/11 MB
Progress (1): 7.0/11 MB
Progress (1): 7.0/11 MB
Progress (1): 7.1/11 MB
Progress (1): 7.1/11 MB
Progress (1): 7.1/11 MB
Progress (1): 7.1/11 MB
Progress (1): 7.1/11 MB
Progress (1): 7.1/11 MB
Progress (1): 7.1/11 MB
Progress (1): 7.1/11 MB
Progress (1): 7.1/11 MB
Progress (1): 7.1/11 MB
Progress (1): 7.1/11 MB
Progress (1): 7.1/11 MB
Progress (1): 7.1/11 MB
Progress (1): 7.1/11 MB
Progress (1): 7.1/11 MB
Progress (1): 7.1/11 MB
Progress (1): 7.1/11 MB
Progress (1): 7.1/11 MB
Progress (1): 7.1/11 MB
Progress (1): 7.1/11 MB
Progress (1): 7.1/11 MB
Progress (1): 7.1/11 MB
Progress (1): 7.1/11 MB
Progress (1): 7.1/11 MB
Progress (1): 7.1/11 MB
Progress (1): 7.2/11 MB
Progress (1): 7.2/11 MB
Progress (1): 7.2/11 MB
Progress (1): 7.2/11 MB
Progress (1): 7.2/11 MB
Progress (1): 7.2/11 MB
Progress (1): 7.2/11 MB
Progress (1): 7.2/11 MB
Progress (1): 7.2/11 MB
Progress (1): 7.2/11 MB
Progress (1): 7.2/11 MB
Progress (1): 7.2/11 MB
Progress (1): 7.2/11 MB
Progress (1): 7.2/11 MB
Progress (1): 7.2/11 MB
Progress (1): 7.2/11 MB
Progress (1): 7.2/11 MB
Progress (1): 7.2/11 MB
Progress (1): 7.2/11 MB
Progress (1): 7.2/11 MB
Progress (1): 7.2/11 MB
Progress (1): 7.2/11 MB
Progress (1): 7.2/11 MB
Progress (1): 7.2/11 MB
Progress (1): 7.3/11 MB
Progress (1): 7.3/11 MB
Progress (1): 7.3/11 MB
Progress (1): 7.3/11 MB
Progress (1): 7.3/11 MB
Progress (1): 7.3/11 MB
Progress (1): 7.3/11 MB
Progress (1): 7.3/11 MB
Progress (1): 7.3/11 MB
Progress (1): 7.3/11 MB
Progress (1): 7.3/11 MB
Progress (1): 7.3/11 MB
Progress (1): 7.3/11 MB
Progress (1): 7.3/11 MB
Progress (1): 7.3/11 MB
Progress (1): 7.3/11 MB
Progress (1): 7.3/11 MB
Progress (1): 7.3/11 MB
Progress (1): 7.3/11 MB
Progress (1): 7.3/11 MB
Progress (1): 7.3/11 MB
Progress (1): 7.3/11 MB
Progress (1): 7.3/11 MB
Progress (1): 7.3/11 MB
Progress (1): 7.4/11 MB
Progress (1): 7.4/11 MB
Progress (1): 7.4/11 MB
Progress (1): 7.4/11 MB
Progress (1): 7.4/11 MB
Progress (1): 7.4/11 MB
Progress (1): 7.4/11 MB
Progress (1): 7.4/11 MB
Progress (1): 7.4/11 MB
Progress (1): 7.4/11 MB
Progress (1): 7.4/11 MB
Progress (1): 7.4/11 MB
Progress (1): 7.4/11 MB
Progress (1): 7.4/11 MB
Progress (1): 7.4/11 MB
Progress (1): 7.4/11 MB
Progress (1): 7.4/11 MB
Progress (1): 7.4/11 MB
Progress (1): 7.4/11 MB
Progress (1): 7.4/11 MB
Progress (1): 7.4/11 MB
Progress (1): 7.4/11 MB
Progress (1): 7.4/11 MB
Progress (1): 7.4/11 MB
Progress (1): 7.4/11 MB
Progress (1): 7.5/11 MB
Progress (1): 7.5/11 MB
Progress (1): 7.5/11 MB
Progress (1): 7.5/11 MB
Progress (1): 7.5/11 MB
Progress (1): 7.5/11 MB
Progress (1): 7.5/11 MB
Progress (1): 7.5/11 MB
Progress (1): 7.5/11 MB
Progress (1): 7.5/11 MB
Progress (1): 7.5/11 MB
Progress (1): 7.5/11 MB
Progress (1): 7.5/11 MB
Progress (1): 7.5/11 MB
Progress (1): 7.5/11 MB
Progress (1): 7.5/11 MB
Progress (1): 7.5/11 MB
Progress (1): 7.5/11 MB
Progress (1): 7.5/11 MB
Progress (1): 7.5/11 MB
Progress (1): 7.5/11 MB
Progress (1): 7.5/11 MB
Progress (1): 7.5/11 MB
Progress (1): 7.5/11 MB
Progress (1): 7.6/11 MB
Progress (1): 7.6/11 MB
Progress (1): 7.6/11 MB
Progress (1): 7.6/11 MB
Progress (1): 7.6/11 MB
Progress (1): 7.6/11 MB
Progress (1): 7.6/11 MB
Progress (1): 7.6/11 MB
Progress (1): 7.6/11 MB
Progress (1): 7.6/11 MB
Progress (1): 7.6/11 MB
Progress (1): 7.6/11 MB
Progress (1): 7.6/11 MB
Progress (1): 7.6/11 MB
Progress (1): 7.6/11 MB
Progress (1): 7.6/11 MB
Progress (1): 7.6/11 MB
Progress (1): 7.6/11 MB
Progress (1): 7.6/11 MB
Progress (1): 7.6/11 MB
Progress (1): 7.6/11 MB
Progress (1): 7.6/11 MB
Progress (1): 7.6/11 MB
Progress (1): 7.6/11 MB
Progress (1): 7.6/11 MB
Progress (1): 7.7/11 MB
Progress (1): 7.7/11 MB
Progress (1): 7.7/11 MB
Progress (1): 7.7/11 MB
Progress (1): 7.7/11 MB
Progress (1): 7.7/11 MB
Progress (1): 7.7/11 MB
Progress (1): 7.7/11 MB
Progress (1): 7.7/11 MB
Progress (1): 7.7/11 MB
Progress (1): 7.7/11 MB
Progress (1): 7.7/11 MB
Progress (1): 7.7/11 MB
Progress (1): 7.7/11 MB
Progress (1): 7.7/11 MB
Progress (1): 7.7/11 MB
Progress (1): 7.7/11 MB
Progress (1): 7.7/11 MB
Progress (1): 7.7/11 MB
Progress (1): 7.7/11 MB
Progress (1): 7.7/11 MB
Progress (1): 7.7/11 MB
Progress (1): 7.7/11 MB
Progress (1): 7.7/11 MB
Progress (1): 7.8/11 MB
Progress (1): 7.8/11 MB
Progress (1): 7.8/11 MB
Progress (1): 7.8/11 MB
Progress (1): 7.8/11 MB
Progress (1): 7.8/11 MB
Progress (1): 7.8/11 MB
Progress (1): 7.8/11 MB
Progress (1): 7.8/11 MB
Progress (1): 7.8/11 MB
Progress (1): 7.8/11 MB
Progress (1): 7.8/11 MB
Progress (1): 7.8/11 MB
Progress (1): 7.8/11 MB
Progress (1): 7.8/11 MB
Progress (1): 7.8/11 MB
Progress (1): 7.8/11 MB
Progress (1): 7.8/11 MB
Progress (1): 7.8/11 MB
Progress (1): 7.8/11 MB
Progress (1): 7.8/11 MB
Progress (1): 7.8/11 MB
Progress (1): 7.8/11 MB
Progress (1): 7.8/11 MB
Progress (1): 7.9/11 MB
Progress (1): 7.9/11 MB
Progress (1): 7.9/11 MB
Progress (1): 7.9/11 MB
Progress (1): 7.9/11 MB
Progress (1): 7.9/11 MB
Progress (1): 7.9/11 MB
Progress (1): 7.9/11 MB
Progress (1): 7.9/11 MB
Progress (1): 7.9/11 MB
Progress (1): 7.9/11 MB
Progress (1): 7.9/11 MB
Progress (1): 7.9/11 MB
Progress (1): 7.9/11 MB
Progress (1): 7.9/11 MB
Progress (1): 7.9/11 MB
Progress (1): 7.9/11 MB
Progress (1): 7.9/11 MB
Progress (1): 7.9/11 MB
Progress (1): 7.9/11 MB
Progress (1): 7.9/11 MB
Progress (1): 7.9/11 MB
Progress (1): 7.9/11 MB
Progress (1): 7.9/11 MB
Progress (1): 7.9/11 MB
Progress (1): 8.0/11 MB
Progress (1): 8.0/11 MB
Progress (1): 8.0/11 MB
Progress (1): 8.0/11 MB
Progress (1): 8.0/11 MB
Progress (1): 8.0/11 MB
Progress (1): 8.0/11 MB
Progress (1): 8.0/11 MB
Progress (1): 8.0/11 MB
Progress (1): 8.0/11 MB
Progress (1): 8.0/11 MB
Progress (1): 8.0/11 MB
Progress (1): 8.0/11 MB
Progress (1): 8.0/11 MB
Progress (1): 8.0/11 MB
Progress (1): 8.0/11 MB
Progress (1): 8.0/11 MB
Progress (1): 8.0/11 MB
Progress (1): 8.0/11 MB
Progress (1): 8.0/11 MB
Progress (1): 8.0/11 MB
Progress (1): 8.0/11 MB
Progress (1): 8.0/11 MB
Progress (1): 8.0/11 MB
Progress (1): 8.1/11 MB
Progress (1): 8.1/11 MB
Progress (1): 8.1/11 MB
Progress (1): 8.1/11 MB
Progress (1): 8.1/11 MB
Progress (1): 8.1/11 MB
Progress (1): 8.1/11 MB
Progress (1): 8.1/11 MB
Progress (1): 8.1/11 MB
Progress (1): 8.1/11 MB
Progress (1): 8.1/11 MB
Progress (1): 8.1/11 MB
Progress (1): 8.1/11 MB
Progress (1): 8.1/11 MB
Progress (1): 8.1/11 MB
Progress (1): 8.1/11 MB
Progress (1): 8.1/11 MB
Progress (1): 8.1/11 MB
Progress (1): 8.1/11 MB
Progress (1): 8.1/11 MB
Progress (1): 8.1/11 MB
Progress (1): 8.1/11 MB
Progress (1): 8.1/11 MB
Progress (1): 8.1/11 MB
Progress (1): 8.1/11 MB
Progress (1): 8.2/11 MB
Progress (1): 8.2/11 MB
Progress (1): 8.2/11 MB
Progress (1): 8.2/11 MB
Progress (1): 8.2/11 MB
Progress (1): 8.2/11 MB
Progress (1): 8.2/11 MB
Progress (1): 8.2/11 MB
Progress (1): 8.2/11 MB
Progress (1): 8.2/11 MB
Progress (1): 8.2/11 MB
Progress (1): 8.2/11 MB
Progress (1): 8.2/11 MB
Progress (1): 8.2/11 MB
Progress (1): 8.2/11 MB
Progress (1): 8.2/11 MB
Progress (1): 8.2/11 MB
Progress (1): 8.2/11 MB
Progress (1): 8.2/11 MB
Progress (1): 8.2/11 MB
Progress (1): 8.2/11 MB
Progress (1): 8.2/11 MB
Progress (1): 8.2/11 MB
Progress (1): 8.2/11 MB
Progress (1): 8.3/11 MB
Progress (1): 8.3/11 MB
Progress (1): 8.3/11 MB
Progress (1): 8.3/11 MB
Progress (1): 8.3/11 MB
Progress (1): 8.3/11 MB
Progress (1): 8.3/11 MB
Progress (1): 8.3/11 MB
Progress (1): 8.3/11 MB
Progress (1): 8.3/11 MB
Progress (1): 8.3/11 MB
Progress (1): 8.3/11 MB
Progress (1): 8.3/11 MB
Progress (1): 8.3/11 MB
Progress (1): 8.3/11 MB
Progress (1): 8.3/11 MB
Progress (1): 8.3/11 MB
Progress (1): 8.3/11 MB
Progress (1): 8.3/11 MB
Progress (1): 8.3/11 MB
Progress (1): 8.3/11 MB
Progress (1): 8.3/11 MB
Progress (1): 8.3/11 MB
Progress (1): 8.3/11 MB
Progress (1): 8.4/11 MB
Progress (1): 8.4/11 MB
Progress (1): 8.4/11 MB
Progress (1): 8.4/11 MB
Progress (1): 8.4/11 MB
Progress (1): 8.4/11 MB
Progress (1): 8.4/11 MB
Progress (1): 8.4/11 MB
Progress (1): 8.4/11 MB
Progress (1): 8.4/11 MB
Progress (1): 8.4/11 MB
Progress (1): 8.4/11 MB
Progress (1): 8.4/11 MB
Progress (1): 8.4/11 MB
Progress (1): 8.4/11 MB
Progress (1): 8.4/11 MB
Progress (1): 8.4/11 MB
Progress (1): 8.4/11 MB
Progress (1): 8.4/11 MB
Progress (1): 8.4/11 MB
Progress (1): 8.4/11 MB
Progress (1): 8.4/11 MB
Progress (1): 8.4/11 MB
Progress (1): 8.4/11 MB
Progress (1): 8.4/11 MB
Progress (1): 8.5/11 MB
Progress (1): 8.5/11 MB
Progress (1): 8.5/11 MB
Progress (1): 8.5/11 MB
Progress (1): 8.5/11 MB
Progress (1): 8.5/11 MB
Progress (1): 8.5/11 MB
Progress (1): 8.5/11 MB
Progress (1): 8.5/11 MB
Progress (1): 8.5/11 MB
Progress (1): 8.5/11 MB
Progress (1): 8.5/11 MB
Progress (1): 8.5/11 MB
Progress (1): 8.5/11 MB
Progress (1): 8.5/11 MB
Progress (1): 8.5/11 MB
Progress (1): 8.5/11 MB
Progress (1): 8.5/11 MB
Progress (1): 8.5/11 MB
Progress (1): 8.5/11 MB
Progress (1): 8.5/11 MB
Progress (1): 8.5/11 MB
Progress (1): 8.5/11 MB
Progress (1): 8.5/11 MB
Progress (1): 8.6/11 MB
Progress (1): 8.6/11 MB
Progress (1): 8.6/11 MB
Progress (1): 8.6/11 MB
Progress (1): 8.6/11 MB
Progress (1): 8.6/11 MB
Progress (1): 8.6/11 MB
Progress (1): 8.6/11 MB
Progress (1): 8.6/11 MB
Progress (1): 8.6/11 MB
Progress (1): 8.6/11 MB
Progress (1): 8.6/11 MB
Progress (1): 8.6/11 MB
Progress (1): 8.6/11 MB
Progress (1): 8.6/11 MB
Progress (1): 8.6/11 MB
Progress (1): 8.6/11 MB
Progress (1): 8.6/11 MB
Progress (1): 8.6/11 MB
Progress (1): 8.6/11 MB
Progress (1): 8.6/11 MB
Progress (1): 8.6/11 MB
Progress (1): 8.6/11 MB
Progress (1): 8.6/11 MB
Progress (1): 8.6/11 MB
Progress (1): 8.7/11 MB
Progress (1): 8.7/11 MB
Progress (1): 8.7/11 MB
Progress (1): 8.7/11 MB
Progress (1): 8.7/11 MB
Progress (1): 8.7/11 MB
Progress (1): 8.7/11 MB
Progress (1): 8.7/11 MB
Progress (1): 8.7/11 MB
Progress (1): 8.7/11 MB
Progress (1): 8.7/11 MB
Progress (1): 8.7/11 MB
Progress (1): 8.7/11 MB
Progress (1): 8.7/11 MB
Progress (1): 8.7/11 MB
Progress (1): 8.7/11 MB
Progress (1): 8.7/11 MB
Progress (1): 8.7/11 MB
Progress (1): 8.7/11 MB
Progress (1): 8.7/11 MB
Progress (1): 8.7/11 MB
Progress (1): 8.7/11 MB
Progress (1): 8.7/11 MB
Progress (1): 8.7/11 MB
Progress (1): 8.8/11 MB
Progress (1): 8.8/11 MB
Progress (1): 8.8/11 MB
Progress (1): 8.8/11 MB
Progress (1): 8.8/11 MB
Progress (1): 8.8/11 MB
Progress (1): 8.8/11 MB
Progress (1): 8.8/11 MB
Progress (1): 8.8/11 MB
Progress (1): 8.8/11 MB
Progress (1): 8.8/11 MB
Progress (1): 8.8/11 MB
Progress (1): 8.8/11 MB
Progress (1): 8.8/11 MB
Progress (1): 8.8/11 MB
Progress (1): 8.8/11 MB
Progress (1): 8.8/11 MB
Progress (1): 8.8/11 MB
Progress (1): 8.8/11 MB
Progress (1): 8.8/11 MB
Progress (1): 8.8/11 MB
Progress (1): 8.8/11 MB
Progress (1): 8.8/11 MB
Progress (1): 8.8/11 MB
Progress (1): 8.8/11 MB
Progress (1): 8.9/11 MB
Progress (1): 8.9/11 MB
Progress (1): 8.9/11 MB
Progress (1): 8.9/11 MB
Progress (1): 8.9/11 MB
Progress (1): 8.9/11 MB
Progress (1): 8.9/11 MB
Progress (1): 8.9/11 MB
Progress (1): 8.9/11 MB
Progress (1): 8.9/11 MB
Progress (1): 8.9/11 MB
Progress (1): 8.9/11 MB
Progress (1): 8.9/11 MB
Progress (1): 8.9/11 MB
Progress (1): 8.9/11 MB
Progress (1): 8.9/11 MB
Progress (1): 8.9/11 MB
Progress (1): 8.9/11 MB
Progress (1): 8.9/11 MB
Progress (1): 8.9/11 MB
Progress (1): 8.9/11 MB
Progress (1): 8.9/11 MB
Progress (1): 8.9/11 MB
Progress (1): 8.9/11 MB
Progress (1): 9.0/11 MB
Progress (1): 9.0/11 MB
Progress (1): 9.0/11 MB
Progress (1): 9.0/11 MB
Progress (1): 9.0/11 MB
Progress (1): 9.0/11 MB
Progress (1): 9.0/11 MB
Progress (1): 9.0/11 MB
Progress (1): 9.0/11 MB
Progress (1): 9.0/11 MB
Progress (1): 9.0/11 MB
Progress (1): 9.0/11 MB
Progress (1): 9.0/11 MB
Progress (1): 9.0/11 MB
Progress (1): 9.0/11 MB
Progress (1): 9.0/11 MB
Progress (1): 9.0/11 MB
Progress (1): 9.0/11 MB
Progress (1): 9.0/11 MB
Progress (1): 9.0/11 MB
Progress (1): 9.0/11 MB
Progress (1): 9.0/11 MB
Progress (1): 9.0/11 MB
Progress (1): 9.0/11 MB
Progress (1): 9.1/11 MB
Progress (1): 9.1/11 MB
Progress (1): 9.1/11 MB
Progress (1): 9.1/11 MB
Progress (1): 9.1/11 MB
Progress (1): 9.1/11 MB
Progress (1): 9.1/11 MB
Progress (1): 9.1/11 MB
Progress (1): 9.1/11 MB
Progress (1): 9.1/11 MB
Progress (1): 9.1/11 MB
Progress (1): 9.1/11 MB
Progress (1): 9.1/11 MB
Progress (1): 9.1/11 MB
Progress (1): 9.1/11 MB
Progress (1): 9.1/11 MB
Progress (1): 9.1/11 MB
Progress (1): 9.1/11 MB
Progress (1): 9.1/11 MB
Progress (1): 9.1/11 MB
Progress (1): 9.1/11 MB
Progress (1): 9.1/11 MB
Progress (1): 9.1/11 MB
Progress (1): 9.1/11 MB
Progress (1): 9.1/11 MB
Progress (1): 9.2/11 MB
Progress (1): 9.2/11 MB
Progress (1): 9.2/11 MB
Progress (1): 9.2/11 MB
Progress (1): 9.2/11 MB
Progress (1): 9.2/11 MB
Progress (1): 9.2/11 MB
Progress (1): 9.2/11 MB
Progress (1): 9.2/11 MB
Progress (1): 9.2/11 MB
Progress (1): 9.2/11 MB
Progress (1): 9.2/11 MB
Progress (1): 9.2/11 MB
Progress (1): 9.2/11 MB
Progress (1): 9.2/11 MB
Progress (1): 9.2/11 MB
Progress (1): 9.2/11 MB
Progress (1): 9.2/11 MB
Progress (1): 9.2/11 MB
Progress (1): 9.2/11 MB
Progress (1): 9.2/11 MB
Progress (1): 9.2/11 MB
Progress (1): 9.2/11 MB
Progress (1): 9.2/11 MB
Progress (1): 9.3/11 MB
Progress (1): 9.3/11 MB
Progress (1): 9.3/11 MB
Progress (1): 9.3/11 MB
Progress (1): 9.3/11 MB
Progress (1): 9.3/11 MB
Progress (1): 9.3/11 MB
Progress (1): 9.3/11 MB
Progress (1): 9.3/11 MB
Progress (1): 9.3/11 MB
Progress (1): 9.3/11 MB
Progress (1): 9.3/11 MB
Progress (1): 9.3/11 MB
Progress (1): 9.3/11 MB
Progress (1): 9.3/11 MB
Progress (1): 9.3/11 MB
Progress (1): 9.3/11 MB
Progress (1): 9.3/11 MB
Progress (1): 9.3/11 MB
Progress (1): 9.3/11 MB
Progress (1): 9.3/11 MB
Progress (1): 9.3/11 MB
Progress (1): 9.3/11 MB
Progress (1): 9.3/11 MB
Progress (1): 9.3/11 MB
Progress (1): 9.4/11 MB
Progress (1): 9.4/11 MB
Progress (1): 9.4/11 MB
Progress (1): 9.4/11 MB
Progress (1): 9.4/11 MB
Progress (1): 9.4/11 MB
Progress (1): 9.4/11 MB
Progress (1): 9.4/11 MB
Progress (1): 9.4/11 MB
Progress (1): 9.4/11 MB
Progress (1): 9.4/11 MB
Progress (1): 9.4/11 MB
Progress (1): 9.4/11 MB
Progress (1): 9.4/11 MB
Progress (1): 9.4/11 MB
Progress (1): 9.4/11 MB
Progress (1): 9.4/11 MB
Progress (1): 9.4/11 MB
Progress (1): 9.4/11 MB
Progress (1): 9.4/11 MB
Progress (1): 9.4/11 MB
Progress (1): 9.4/11 MB
Progress (1): 9.4/11 MB
Progress (1): 9.4/11 MB
Progress (1): 9.5/11 MB
Progress (1): 9.5/11 MB
Progress (1): 9.5/11 MB
Progress (1): 9.5/11 MB
Progress (1): 9.5/11 MB
Progress (1): 9.5/11 MB
Progress (1): 9.5/11 MB
Progress (1): 9.5/11 MB
Progress (1): 9.5/11 MB
Progress (1): 9.5/11 MB
Progress (1): 9.5/11 MB
Progress (1): 9.5/11 MB
Progress (1): 9.5/11 MB
Progress (1): 9.5/11 MB
Progress (1): 9.5/11 MB
Progress (1): 9.5/11 MB
Progress (1): 9.5/11 MB
Progress (1): 9.5/11 MB
Progress (1): 9.5/11 MB
Progress (1): 9.5/11 MB
Progress (1): 9.5/11 MB
Progress (1): 9.5/11 MB
Progress (1): 9.5/11 MB
Progress (1): 9.5/11 MB
Progress (1): 9.6/11 MB
Progress (1): 9.6/11 MB
Progress (1): 9.6/11 MB
Progress (1): 9.6/11 MB
Progress (1): 9.6/11 MB
Progress (1): 9.6/11 MB
Progress (1): 9.6/11 MB
Progress (1): 9.6/11 MB
Progress (1): 9.6/11 MB
Progress (1): 9.6/11 MB
Progress (1): 9.6/11 MB
Progress (1): 9.6/11 MB
Progress (1): 9.6/11 MB
Progress (1): 9.6/11 MB
Progress (1): 9.6/11 MB
Progress (1): 9.6/11 MB
Progress (1): 9.6/11 MB
Progress (1): 9.6/11 MB
Progress (1): 9.6/11 MB
Progress (1): 9.6/11 MB
Progress (1): 9.6/11 MB
Progress (1): 9.6/11 MB
Progress (1): 9.6/11 MB
Progress (1): 9.6/11 MB
Progress (1): 9.6/11 MB
Progress (1): 9.7/11 MB
Progress (1): 9.7/11 MB
Progress (1): 9.7/11 MB
Progress (1): 9.7/11 MB
Progress (1): 9.7/11 MB
Progress (1): 9.7/11 MB
Progress (1): 9.7/11 MB
Progress (1): 9.7/11 MB
Progress (1): 9.7/11 MB
Progress (1): 9.7/11 MB
Progress (1): 9.7/11 MB
Progress (1): 9.7/11 MB
Progress (1): 9.7/11 MB
Progress (1): 9.7/11 MB
Progress (1): 9.7/11 MB
Progress (1): 9.7/11 MB
Progress (1): 9.7/11 MB
Progress (1): 9.7/11 MB
Progress (1): 9.7/11 MB
Progress (1): 9.7/11 MB
Progress (1): 9.7/11 MB
Progress (1): 9.7/11 MB
Progress (1): 9.7/11 MB
Progress (1): 9.7/11 MB
Progress (1): 9.8/11 MB
Progress (1): 9.8/11 MB
Progress (1): 9.8/11 MB
Progress (1): 9.8/11 MB
Progress (1): 9.8/11 MB
Progress (1): 9.8/11 MB
Progress (1): 9.8/11 MB
Progress (1): 9.8/11 MB
Progress (1): 9.8/11 MB
Progress (1): 9.8/11 MB
Progress (1): 9.8/11 MB
Progress (1): 9.8/11 MB
Progress (1): 9.8/11 MB
Progress (1): 9.8/11 MB
Progress (1): 9.8/11 MB
Progress (1): 9.8/11 MB
Progress (1): 9.8/11 MB
Progress (1): 9.8/11 MB
Progress (1): 9.8/11 MB
Progress (1): 9.8/11 MB
Progress (1): 9.8/11 MB
Progress (1): 9.8/11 MB
Progress (1): 9.8/11 MB
Progress (1): 9.8/11 MB
Progress (1): 9.8/11 MB
Progress (1): 9.9/11 MB
Progress (1): 9.9/11 MB
Progress (1): 9.9/11 MB
Progress (1): 9.9/11 MB
Progress (1): 9.9/11 MB
Progress (1): 9.9/11 MB
Progress (1): 9.9/11 MB
Progress (1): 9.9/11 MB
Progress (1): 9.9/11 MB
Progress (1): 9.9/11 MB
Progress (1): 9.9/11 MB
Progress (1): 9.9/11 MB
Progress (1): 9.9/11 MB
Progress (1): 9.9/11 MB
Progress (1): 9.9/11 MB
Progress (1): 9.9/11 MB
Progress (1): 9.9/11 MB
Progress (1): 9.9/11 MB
Progress (1): 9.9/11 MB
Progress (1): 9.9/11 MB
Progress (1): 9.9/11 MB
Progress (1): 9.9/11 MB
Progress (1): 9.9/11 MB
Progress (1): 9.9/11 MB
Progress (1): 10.0/11 MB
Progress (1): 10.0/11 MB
Progress (1): 10.0/11 MB
Progress (1): 10.0/11 MB
Progress (1): 10.0/11 MB
Progress (1): 10.0/11 MB
Progress (1): 10.0/11 MB
Progress (1): 10.0/11 MB
Progress (1): 10.0/11 MB
Progress (1): 10.0/11 MB
Progress (1): 10.0/11 MB
Progress (1): 10.0/11 MB
Progress (1): 10/11 MB  
Progress (1): 10/11 MB
Progress (1): 10/11 MB
Progress (1): 10/11 MB
Progress (1): 10/11 MB
Progress (1): 10/11 MB
Progress (1): 10/11 MB
Progress (1): 10/11 MB
Progress (1): 10/11 MB
Progress (1): 10/11 MB
Progress (1): 10/11 MB
Progress (1): 10/11 MB
Progress (1): 10/11 MB
Progress (1): 10/11 MB
Progress (1): 10/11 MB
Progress (1): 10/11 MB
Progress (1): 10/11 MB
Progress (1): 10/11 MB
Progress (1): 10/11 MB
Progress (1): 10/11 MB
Progress (1): 10/11 MB
Progress (1): 10/11 MB
Progress (1): 10/11 MB
Progress (1): 10/11 MB
Progress (1): 10/11 MB
Progress (1): 10/11 MB
Progress (1): 10/11 MB
Progress (1): 10/11 MB
Progress (1): 10/11 MB
Progress (1): 10/11 MB
Progress (1): 10/11 MB
Progress (1): 10/11 MB
Progress (1): 10/11 MB
Progress (1): 10/11 MB
Progress (1): 10/11 MB
Progress (1): 10/11 MB
Progress (1): 10/11 MB
Progress (1): 10/11 MB
Progress (1): 10/11 MB
Progress (1): 10/11 MB
Progress (1): 10/11 MB
Progress (1): 10/11 MB
Progress (1): 10/11 MB
Progress (1): 10/11 MB
Progress (1): 10/11 MB
Progress (1): 10/11 MB
Progress (1): 10/11 MB
Progress (1): 10/11 MB
Progress (1): 10/11 MB
Progress (1): 10/11 MB
Progress (1): 10/11 MB
Progress (1): 10/11 MB
Progress (1): 10/11 MB
Progress (1): 10/11 MB
Progress (1): 10/11 MB
Progress (1): 10/11 MB
Progress (1): 10/11 MB
Progress (1): 10/11 MB
Progress (1): 10/11 MB
Progress (1): 10/11 MB
Progress (1): 10/11 MB
Progress (1): 10/11 MB
Progress (1): 10/11 MB
Progress (1): 10/11 MB
Progress (1): 10/11 MB
Progress (1): 10/11 MB
Progress (1): 10/11 MB
Progress (1): 10/11 MB
Progress (1): 10/11 MB
Progress (1): 10/11 MB
Progress (1): 10/11 MB
Progress (1): 10/11 MB
Progress (1): 10/11 MB
Progress (1): 10/11 MB
Progress (1): 10/11 MB
Progress (1): 10/11 MB
Progress (1): 10/11 MB
Progress (1): 10/11 MB
Progress (1): 10/11 MB
Progress (1): 10/11 MB
Progress (1): 10/11 MB
Progress (1): 10/11 MB
Progress (1): 10/11 MB
Progress (1): 10/11 MB
Progress (1): 10/11 MB
Progress (1): 10/11 MB
Progress (1): 10/11 MB
Progress (1): 10/11 MB
Progress (1): 10/11 MB
Progress (1): 10/11 MB
Progress (1): 10/11 MB
Progress (1): 10/11 MB
Progress (1): 10/11 MB
Progress (1): 10/11 MB
Progress (1): 10/11 MB
Progress (1): 10/11 MB
Progress (1): 10/11 MB
Progress (1): 10/11 MB
Progress (1): 10/11 MB
Progress (1): 10/11 MB
Progress (1): 10/11 MB
Progress (1): 10/11 MB
Progress (1): 10/11 MB
Progress (1): 10/11 MB
Progress (1): 10/11 MB
Progress (1): 10/11 MB
Progress (1): 10/11 MB
Progress (1): 10/11 MB
Progress (1): 10/11 MB
Progress (1): 10/11 MB
Progress (1): 10/11 MB
Progress (1): 10/11 MB
Progress (1): 10/11 MB
Progress (1): 10/11 MB
Progress (1): 10/11 MB
Progress (1): 10/11 MB
Progress (1): 10/11 MB
Progress (1): 10/11 MB
Progress (1): 10/11 MB
Progress (1): 10/11 MB
Progress (1): 10/11 MB
Progress (1): 10/11 MB
Progress (1): 11/11 MB
Progress (1): 11/11 MB
Progress (1): 11/11 MB
Progress (1): 11/11 MB
Progress (1): 11/11 MB
Progress (1): 11/11 MB
Progress (1): 11/11 MB
Progress (1): 11/11 MB
Progress (1): 11/11 MB
Progress (1): 11/11 MB
Progress (1): 11/11 MB
Progress (1): 11/11 MB
Progress (1): 11/11 MB
Progress (1): 11/11 MB
Progress (1): 11/11 MB
Progress (1): 11/11 MB
Progress (1): 11/11 MB
Progress (1): 11/11 MB
Progress (1): 11/11 MB
Progress (1): 11/11 MB
Progress (1): 11/11 MB
Progress (1): 11/11 MB
Progress (1): 11/11 MB
Progress (1): 11/11 MB
Progress (1): 11/11 MB
Progress (1): 11/11 MB
Progress (1): 11/11 MB
Progress (1): 11/11 MB
Progress (1): 11/11 MB
Progress (1): 11/11 MB
Progress (1): 11/11 MB
Progress (1): 11/11 MB
Progress (1): 11/11 MB
Progress (1): 11/11 MB
Progress (1): 11/11 MB
Progress (1): 11/11 MB
Progress (1): 11/11 MB
Progress (1): 11/11 MB
Progress (1): 11/11 MB
Progress (1): 11/11 MB
Progress (1): 11/11 MB
Progress (1): 11/11 MB
Progress (1): 11/11 MB
Progress (1): 11/11 MB
Progress (1): 11/11 MB
Progress (1): 11/11 MB
Progress (1): 11/11 MB
Progress (1): 11/11 MB
Progress (1): 11/11 MB
Progress (1): 11/11 MB
Progress (1): 11/11 MB
Progress (1): 11/11 MB
Progress (1): 11/11 MB
Progress (1): 11/11 MB
Progress (1): 11/11 MB
Progress (1): 11/11 MB
Progress (1): 11/11 MB
Progress (1): 11/11 MB
Progress (1): 11/11 MB
Progress (1): 11/11 MB
Progress (1): 11/11 MB
Progress (1): 11/11 MB
Progress (1): 11/11 MB
Progress (1): 11/11 MB
Progress (1): 11/11 MB
Progress (1): 11/11 MB
Progress (1): 11/11 MB
Progress (1): 11/11 MB
Progress (1): 11/11 MB
Progress (1): 11/11 MB
Progress (1): 11/11 MB
Progress (1): 11/11 MB
Progress (1): 11/11 MB
Progress (1): 11/11 MB
Progress (1): 11/11 MB
Progress (1): 11/11 MB
Progress (1): 11/11 MB
Progress (1): 11/11 MB
Progress (1): 11/11 MB
Progress (1): 11/11 MB
Progress (1): 11/11 MB
Progress (1): 11/11 MB
Progress (1): 11/11 MB
Progress (1): 11/11 MB
Progress (1): 11/11 MB
Progress (1): 11/11 MB
Progress (1): 11/11 MB
Progress (1): 11/11 MB
Progress (1): 11/11 MB
Progress (1): 11/11 MB
Progress (1): 11/11 MB
Progress (1): 11/11 MB
Progress (1): 11/11 MB
Progress (1): 11/11 MB
Progress (1): 11/11 MB
Progress (1): 11/11 MB
Progress (1): 11/11 MB
Progress (1): 11/11 MB
Progress (1): 11/11 MB
Progress (1): 11/11 MB
Progress (1): 11/11 MB
Progress (1): 11/11 MB
Progress (1): 11/11 MB
Progress (1): 11/11 MB
Progress (1): 11/11 MB
Progress (1): 11/11 MB
Progress (1): 11/11 MB
Progress (1): 11/11 MB
Progress (1): 11/11 MB
Progress (1): 11/11 MB
Progress (1): 11/11 MB
Progress (1): 11/11 MB
Progress (1): 11/11 MB
Progress (1): 11/11 MB
Progress (1): 11/11 MB
Progress (1): 11/11 MB
Progress (1): 11/11 MB
Progress (1): 11 MB   
                   
Downloaded from central: https://repo.maven.apache.org/maven2/org/aspectj/aspectjtools/1.8.1/aspectjtools-1.8.1.jar (11 MB at 2.3 MB/s)
[INFO] Showing AJC message detail for messages of types: [error, warning, fail]
[INFO] 
[INFO] --- maven-resources-plugin:2.6:testResources (default-testResources) @ spring-mvc-showcase ---
[WARNING] Using platform encoding (UTF-8 actually) to copy filtered resources, i.e. build is platform dependent!
[INFO] Copying 1 resource
[INFO] 
[INFO] --- maven-compiler-plugin:3.7.0:testCompile (default-testCompile) @ spring-mvc-showcase ---
[INFO] Changes detected - recompiling the module!
[WARNING] File encoding has not been set, using platform encoding UTF-8, i.e. build is platform dependent!
[INFO] Compiling 18 source files to /home/cgzhu/projects/gitslice/resources/facts/upgrade_jars_exp/_downloads/spring-mvc-showcase/target/test-classes
[INFO] /home/cgzhu/projects/gitslice/resources/facts/upgrade_jars_exp/_downloads/spring-mvc-showcase/src/test/java/org/springframework/samples/mvc/fileupload/FileUploadControllerTests.java: Some input files use or override a deprecated API.
[INFO] /home/cgzhu/projects/gitslice/resources/facts/upgrade_jars_exp/_downloads/spring-mvc-showcase/src/test/java/org/springframework/samples/mvc/fileupload/FileUploadControllerTests.java: Recompile with -Xlint:deprecation for details.
[INFO] 
[INFO] --- aspectj-maven-plugin:1.11:test-compile (default) @ spring-mvc-showcase ---
[INFO] Showing AJC message detail for messages of types: [error, warning, fail]
[INFO] 
[INFO] --- maven-surefire-plugin:2.20.1:test (default-test) @ spring-mvc-showcase ---
[INFO] 
[INFO] -------------------------------------------------------
[INFO]  T E S T S
[INFO] -------------------------------------------------------
[INFO] Running org.springframework.samples.mvc.mapping.MappingControllerTests
[INFO] Tests run: 12, Failures: 0, Errors: 0, Skipped: 0, Time elapsed: 1.377 s - in org.springframework.samples.mvc.mapping.MappingControllerTests
[INFO] Running org.springframework.samples.mvc.fileupload.FileUploadControllerTests
[INFO] Tests run: 1, Failures: 0, Errors: 0, Skipped: 0, Time elapsed: 0.001 s - in org.springframework.samples.mvc.fileupload.FileUploadControllerTests
[INFO] Running org.springframework.samples.mvc.convert.ConvertControllerTests
[INFO] Tests run: 14, Failures: 0, Errors: 0, Skipped: 0, Time elapsed: 0.186 s - in org.springframework.samples.mvc.convert.ConvertControllerTests
[INFO] Running org.springframework.samples.mvc.async.CallableControllerTests
[INFO] Tests run: 3, Failures: 0, Errors: 0, Skipped: 0, Time elapsed: 6.041 s - in org.springframework.samples.mvc.async.CallableControllerTests
[INFO] Running org.springframework.samples.mvc.async.DeferredResultControllerTests
[INFO] Tests run: 3, Failures: 0, Errors: 0, Skipped: 0, Time elapsed: 5.525 s - in org.springframework.samples.mvc.async.DeferredResultControllerTests
[INFO] Running org.springframework.samples.mvc.views.ViewsControllerTests
[INFO] Tests run: 3, Failures: 0, Errors: 0, Skipped: 0, Time elapsed: 0.013 s - in org.springframework.samples.mvc.views.ViewsControllerTests
[INFO] Running org.springframework.samples.mvc.redirect.RedirectControllerTests
[INFO] Tests run: 2, Failures: 0, Errors: 0, Skipped: 0, Time elapsed: 0.024 s - in org.springframework.samples.mvc.redirect.RedirectControllerTests
[INFO] Running org.springframework.samples.mvc.form.FormControllerTests
[INFO] Tests run: 3, Failures: 0, Errors: 0, Skipped: 0, Time elapsed: 0.153 s - in org.springframework.samples.mvc.form.FormControllerTests
[INFO] Running org.springframework.samples.mvc.simple.SimpleControllerTests
[INFO] Tests run: 1, Failures: 0, Errors: 0, Skipped: 0, Time elapsed: 0.006 s - in org.springframework.samples.mvc.simple.SimpleControllerTests
[INFO] Running org.springframework.samples.mvc.simple.SimpleControllerRevisitedTests
[INFO] Tests run: 1, Failures: 0, Errors: 0, Skipped: 0, Time elapsed: 0.006 s - in org.springframework.samples.mvc.simple.SimpleControllerRevisitedTests
[INFO] Running org.springframework.samples.mvc.validation.ValidationControllerTests
[INFO] Tests run: 2, Failures: 0, Errors: 0, Skipped: 0, Time elapsed: 0.023 s - in org.springframework.samples.mvc.validation.ValidationControllerTests
[INFO] Running org.springframework.samples.mvc.data.DataControllerTests
[INFO] Tests run: 8, Failures: 0, Errors: 0, Skipped: 0, Time elapsed: 0.024 s - in org.springframework.samples.mvc.data.DataControllerTests
[INFO] Running org.springframework.samples.mvc.data.CustomArgumentControllerTests
[INFO] Tests run: 1, Failures: 0, Errors: 0, Skipped: 0, Time elapsed: 0.007 s - in org.springframework.samples.mvc.data.CustomArgumentControllerTests
[INFO] Running org.springframework.samples.mvc.data.StandardArgumentsControllerTests
[INFO] Tests run: 7, Failures: 0, Errors: 0, Skipped: 0, Time elapsed: 0.053 s - in org.springframework.samples.mvc.data.StandardArgumentsControllerTests
[INFO] Running org.springframework.samples.mvc.messageconverters.MessageConvertersControllerTests
[INFO] Tests run: 13, Failures: 0, Errors: 0, Skipped: 0, Time elapsed: 0.213 s - in org.springframework.samples.mvc.messageconverters.MessageConvertersControllerTests
[INFO] Running org.springframework.samples.mvc.response.ResponseControllerTests
[INFO] Tests run: 5, Failures: 0, Errors: 0, Skipped: 0, Time elapsed: 0.034 s - in org.springframework.samples.mvc.response.ResponseControllerTests
[INFO] Running org.springframework.samples.mvc.exceptions.ExceptionControllerTests
[INFO] Tests run: 2, Failures: 0, Errors: 0, Skipped: 0, Time elapsed: 0.005 s - in org.springframework.samples.mvc.exceptions.ExceptionControllerTests
[INFO] 
[INFO] Results:
[INFO] 
[INFO] Tests run: 81, Failures: 0, Errors: 0, Skipped: 0
[INFO] 
[INFO] ------------------------------------------------------------------------
[INFO] BUILD SUCCESS
[INFO] ------------------------------------------------------------------------
[INFO] Total time: 39.319 s
[INFO] Finished at: 2019-08-20T03:28:31+08:00
[INFO] ------------------------------------------------------------------------
