[VERSION]: 4.13-beta-3
[INFO] Scanning for projects...
[INFO] 
[INFO] -----------------------------< BPGM:BPGM >------------------------------
[INFO] Building BPGM 0.1.7-beta572-3
[INFO] --------------------------------[ jar ]---------------------------------
[INFO] 
[INFO] --- maven-clean-plugin:2.5:clean (default-clean) @ BPGM ---
[INFO] Deleting /home/cgzhu/projects/gitslice/resources/facts/upgrade_jars_exp/_downloads/BlossomsPokemonGoManager/target
[INFO] 
[INFO] --- maven-dependency-plugin:2.8:list (default-cli) @ BPGM ---
[INFO] 
[INFO] The following files have been resolved:
[INFO]    com.google.protobuf:protobuf-java:jar:3.0.0-beta-3:compile
[INFO]    org.apache.commons:commons-lang3:jar:3.4:compile
[INFO]    io.reactivex:rxjava:jar:1.1.8:compile
[INFO]    com.google.code.gson:gson:jar:2.7:compile
[INFO]    org.hamcrest:hamcrest-core:jar:1.3:test
[INFO]    com.squareup.okhttp3:okhttp:jar:3.4.1:compile
[INFO]    com.squareup.moshi:moshi:jar:1.2.0:compile
[INFO]    com.github.gegy1000:PokeGOAPI-Java:jar:fb759f0b51461d0e047ecf04bb33b12829b3e8fe:compile
[INFO]    com.annimon:stream:jar:1.1.1:compile
[INFO]    svarzee.gps:gpsoauth:jar:0.3:compile
[INFO]    org.mockito:mockito-all:jar:1.10.19:test
[INFO]    com.squareup.okio:okio:jar:1.9.0:compile
[INFO]    net.jpountz.lz4:lz4:jar:1.3.0:compile
[INFO]    org.json:json:jar:20160212:compile
[INFO]    net.iharder:base64:jar:2.3.9:compile
[INFO]    junit:junit:jar:4.13-beta-3:test
[INFO] 
[INFO] 
[INFO] --- maven-resources-plugin:2.6:resources (default-resources) @ BPGM ---
[INFO] Using 'UTF-8' encoding to copy filtered resources.
[INFO] Copying 8 resources
[INFO] 
[INFO] --- maven-compiler-plugin:3.5.1:compile (default-compile) @ BPGM ---
[INFO] Changes detected - recompiling the module!
[INFO] Compiling 84 source files to /home/cgzhu/projects/gitslice/resources/facts/upgrade_jars_exp/_downloads/BlossomsPokemonGoManager/target/classes
[INFO] /home/cgzhu/projects/gitslice/resources/facts/upgrade_jars_exp/_downloads/BlossomsPokemonGoManager/src/me/corriekay/pokegoutil/gui/controller/PokemonTableController.java: Some input files use or override a deprecated API.
[INFO] /home/cgzhu/projects/gitslice/resources/facts/upgrade_jars_exp/_downloads/BlossomsPokemonGoManager/src/me/corriekay/pokegoutil/gui/controller/PokemonTableController.java: Recompile with -Xlint:deprecation for details.
[INFO] /home/cgzhu/projects/gitslice/resources/facts/upgrade_jars_exp/_downloads/BlossomsPokemonGoManager/src/me/corriekay/pokegoutil/utils/windows/PokemonTable.java: Some input files use unchecked or unsafe operations.
[INFO] /home/cgzhu/projects/gitslice/resources/facts/upgrade_jars_exp/_downloads/BlossomsPokemonGoManager/src/me/corriekay/pokegoutil/utils/windows/PokemonTable.java: Recompile with -Xlint:unchecked for details.
[INFO] 
[INFO] --- maven-resources-plugin:2.6:testResources (default-testResources) @ BPGM ---
[INFO] Using 'UTF-8' encoding to copy filtered resources.
[INFO] skip non existing resourceDirectory /home/cgzhu/projects/gitslice/resources/facts/upgrade_jars_exp/_downloads/BlossomsPokemonGoManager/src/test/resources
[INFO] 
[INFO] --- maven-compiler-plugin:3.5.1:testCompile (default-testCompile) @ BPGM ---
[INFO] Changes detected - recompiling the module!
[INFO] Compiling 5 source files to /home/cgzhu/projects/gitslice/resources/facts/upgrade_jars_exp/_downloads/BlossomsPokemonGoManager/target/test-classes
[INFO] /home/cgzhu/projects/gitslice/resources/facts/upgrade_jars_exp/_downloads/BlossomsPokemonGoManager/test/test/me/corriekay/pokegoutil/gui/controller/LogControllerTest.java: Some input files use or override a deprecated API.
[INFO] /home/cgzhu/projects/gitslice/resources/facts/upgrade_jars_exp/_downloads/BlossomsPokemonGoManager/test/test/me/corriekay/pokegoutil/gui/controller/LogControllerTest.java: Recompile with -Xlint:deprecation for details.
[INFO] 
[INFO] --- maven-surefire-plugin:2.12.4:test (default-test) @ BPGM ---
[INFO] Surefire report directory: /home/cgzhu/projects/gitslice/resources/facts/upgrade_jars_exp/_downloads/BlossomsPokemonGoManager/target/surefire-reports

-------------------------------------------------------
 T E S T S
-------------------------------------------------------
Running test.me.corriekay.pokegoutil.gui.controller.LogControllerTest
Tests run: 4, Failures: 0, Errors: 0, Skipped: 0, Time elapsed: 0.196 sec
Running me.corriekay.pokegoutil.data.models.LoginDataTest
Tests run: 51, Failures: 0, Errors: 0, Skipped: 0, Time elapsed: 0.034 sec
Running me.corriekay.pokegoutil.data.models.operations.EvolveOperationTest
Tests run: 4, Failures: 0, Errors: 0, Skipped: 0, Time elapsed: 0.191 sec
Running me.corriekay.pokegoutil.data.models.operations.OperationTest
Tests run: 5, Failures: 0, Errors: 0, Skipped: 0, Time elapsed: 0.01 sec
Running me.corriekay.pokegoutil.data.models.operations.TransferOperationTest
Tests run: 3, Failures: 0, Errors: 0, Skipped: 0, Time elapsed: 0.013 sec

Results :

Tests run: 67, Failures: 0, Errors: 0, Skipped: 0

[INFO] ------------------------------------------------------------------------
[INFO] BUILD SUCCESS
[INFO] ------------------------------------------------------------------------
[INFO] Total time: 3.838 s
[INFO] Finished at: 2019-08-20T18:02:56+08:00
[INFO] ------------------------------------------------------------------------
