[INFO] Scanning for projects...
[INFO] 
[INFO] -----------------------------< BPGM:BPGM >------------------------------
[INFO] Building BPGM 0.1.7-beta572-3
[INFO] --------------------------------[ jar ]---------------------------------
Downloading from bintray: http://jcenter.bintray.com/com/github/gegy1000/PokeGOAPI-Java/fb759f0b51461d0e047ecf04bb33b12829b3e8fe/PokeGOAPI-Java-fb759f0b51461d0e047ecf04bb33b12829b3e8fe.pom
Downloading from jitpack.io: https://jitpack.io/com/github/gegy1000/PokeGOAPI-Java/fb759f0b51461d0e047ecf04bb33b12829b3e8fe/PokeGOAPI-Java-fb759f0b51461d0e047ecf04bb33b12829b3e8fe.pom
Progress (1): 1.2 kBProgress (1): 2.6 kB                    Downloaded from jitpack.io: https://jitpack.io/com/github/gegy1000/PokeGOAPI-Java/fb759f0b51461d0e047ecf04bb33b12829b3e8fe/PokeGOAPI-Java-fb759f0b51461d0e047ecf04bb33b12829b3e8fe.pom (2.6 kB at 1.0 kB/s)
Downloading from bintray: http://jcenter.bintray.com/svarzee/gps/gpsoauth/0.3/gpsoauth-0.3.pom
Progress (1): 961 B                   Downloaded from bintray: http://jcenter.bintray.com/svarzee/gps/gpsoauth/0.3/gpsoauth-0.3.pom (961 B at 1.2 kB/s)
Downloading from bintray: http://jcenter.bintray.com/net/iharder/base64/2.3.9/base64-2.3.9.pom
Progress (1): 3.8/6.1 kBProgress (1): 6.1 kB                        Downloaded from bintray: http://jcenter.bintray.com/net/iharder/base64/2.3.9/base64-2.3.9.pom (6.1 kB at 14 kB/s)
Downloading from bintray: http://jcenter.bintray.com/com/squareup/okhttp3/okhttp/3.4.1/okhttp-3.4.1.pom
Progress (1): 0.9/1.5 kBProgress (1): 1.5 kB                        Downloaded from bintray: http://jcenter.bintray.com/com/squareup/okhttp3/okhttp/3.4.1/okhttp-3.4.1.pom (1.5 kB at 2.0 kB/s)
Downloading from bintray: http://jcenter.bintray.com/com/squareup/okhttp3/parent/3.4.1/parent-3.4.1.pom
Progress (1): 0.9/14 kBProgress (1): 5.0/14 kBProgress (1): 9.1/14 kBProgress (1): 13/14 kB Progress (1): 14/14 kBProgress (1): 14 kB                      Downloaded from bintray: http://jcenter.bintray.com/com/squareup/okhttp3/parent/3.4.1/parent-3.4.1.pom (14 kB at 22 kB/s)
Downloading from bintray: http://jcenter.bintray.com/com/squareup/okio/okio/1.9.0/okio-1.9.0.pom
Progress (1): 0.9/1.5 kBProgress (1): 1.5 kB                        Downloaded from bintray: http://jcenter.bintray.com/com/squareup/okio/okio/1.9.0/okio-1.9.0.pom (1.5 kB at 3.3 kB/s)
Downloading from bintray: http://jcenter.bintray.com/com/squareup/okio/okio-parent/1.9.0/okio-parent-1.9.0.pom
Progress (1): 2.3/3.2 kBProgress (1): 3.2 kB                        Downloaded from bintray: http://jcenter.bintray.com/com/squareup/okio/okio-parent/1.9.0/okio-parent-1.9.0.pom (3.2 kB at 4.1 kB/s)
Downloading from bintray: http://jcenter.bintray.com/com/squareup/moshi/moshi/1.2.0/moshi-1.2.0.pom
Progress (1): 903 B                   Downloaded from bintray: http://jcenter.bintray.com/com/squareup/moshi/moshi/1.2.0/moshi-1.2.0.pom (903 B at 1.5 kB/s)
Downloading from bintray: http://jcenter.bintray.com/com/squareup/moshi/moshi-parent/1.2.0/moshi-parent-1.2.0.pom
Progress (1): 2.3/3.0 kBProgress (1): 3.0 kB                        Downloaded from bintray: http://jcenter.bintray.com/com/squareup/moshi/moshi-parent/1.2.0/moshi-parent-1.2.0.pom (3.0 kB at 6.7 kB/s)
Downloading from bintray: http://jcenter.bintray.com/com/squareup/okio/okio/1.8.0/okio-1.8.0.pom
Progress (1): 0.9/1.5 kBProgress (1): 1.5 kB                        Downloaded from bintray: http://jcenter.bintray.com/com/squareup/okio/okio/1.8.0/okio-1.8.0.pom (1.5 kB at 3.1 kB/s)
Downloading from bintray: http://jcenter.bintray.com/com/squareup/okio/okio-parent/1.8.0/okio-parent-1.8.0.pom
Progress (1): 0.9/3.2 kBProgress (1): 3.2 kB                        Downloaded from bintray: http://jcenter.bintray.com/com/squareup/okio/okio-parent/1.8.0/okio-parent-1.8.0.pom (3.2 kB at 7.1 kB/s)
Downloading from bintray: http://jcenter.bintray.com/com/annimon/stream/1.1.1/stream-1.1.1.pom
Progress (1): 0.9/3.9 kBProgress (1): 3.9 kB                        Downloaded from bintray: http://jcenter.bintray.com/com/annimon/stream/1.1.1/stream-1.1.1.pom (3.9 kB at 2.5 kB/s)
Downloading from bintray: http://jcenter.bintray.com/com/google/protobuf/protobuf-java/3.0.0-beta-3/protobuf-java-3.0.0-beta-3.pom
Progress (1): 0.9/4.1 kBProgress (1): 4.1 kB                        Downloaded from bintray: http://jcenter.bintray.com/com/google/protobuf/protobuf-java/3.0.0-beta-3/protobuf-java-3.0.0-beta-3.pom (4.1 kB at 4.3 kB/s)
Downloading from bintray: http://jcenter.bintray.com/com/google/protobuf/protobuf-parent/3.0.0-beta-3/protobuf-parent-3.0.0-beta-3.pom
Progress (1): 0.9/6.0 kBProgress (1): 5.0/6.0 kBProgress (1): 6.0 kB                        Downloaded from bintray: http://jcenter.bintray.com/com/google/protobuf/protobuf-parent/3.0.0-beta-3/protobuf-parent-3.0.0-beta-3.pom (6.0 kB at 5.5 kB/s)
Downloading from bintray: http://jcenter.bintray.com/io/reactivex/rxjava/1.1.8/rxjava-1.1.8.pom
Progress (1): 2.3/2.4 kBProgress (1): 2.4 kB                        Downloaded from bintray: http://jcenter.bintray.com/io/reactivex/rxjava/1.1.8/rxjava-1.1.8.pom (2.4 kB at 3.1 kB/s)
Downloading from bintray: http://jcenter.bintray.com/net/jpountz/lz4/lz4/1.3.0/lz4-1.3.0.pom
Progress (1): 1.0/1.9 kBProgress (1): 1.9 kB                        Downloaded from bintray: http://jcenter.bintray.com/net/jpountz/lz4/lz4/1.3.0/lz4-1.3.0.pom (1.9 kB at 4.3 kB/s)
Downloading from bintray: http://jcenter.bintray.com/org/mockito/mockito-all/1.10.19/mockito-all-1.10.19.pom
Progress (1): 930 B                   Downloaded from bintray: http://jcenter.bintray.com/org/mockito/mockito-all/1.10.19/mockito-all-1.10.19.pom (930 B at 1.5 kB/s)
Downloading from bintray: http://jcenter.bintray.com/com/google/code/gson/gson/2.7/gson-2.7.pom
Progress (1): 1.4 kB                    Downloaded from bintray: http://jcenter.bintray.com/com/google/code/gson/gson/2.7/gson-2.7.pom (1.4 kB at 3.3 kB/s)
Downloading from bintray: http://jcenter.bintray.com/com/google/code/gson/gson-parent/2.7/gson-parent-2.7.pom
Progress (1): 0.9/3.6 kBProgress (1): 3.6 kB                        Downloaded from bintray: http://jcenter.bintray.com/com/google/code/gson/gson-parent/2.7/gson-parent-2.7.pom (3.6 kB at 5.9 kB/s)
Downloading from bintray: http://jcenter.bintray.com/com/github/gegy1000/PokeGOAPI-Java/fb759f0b51461d0e047ecf04bb33b12829b3e8fe/PokeGOAPI-Java-fb759f0b51461d0e047ecf04bb33b12829b3e8fe.jar
Downloading from bintray: http://jcenter.bintray.com/com/squareup/moshi/moshi/1.2.0/moshi-1.2.0.jar
Downloading from bintray: http://jcenter.bintray.com/com/squareup/okio/okio/1.9.0/okio-1.9.0.jar
Downloading from bintray: http://jcenter.bintray.com/net/iharder/base64/2.3.9/base64-2.3.9.jar
Downloading from bintray: http://jcenter.bintray.com/svarzee/gps/gpsoauth/0.3/gpsoauth-0.3.jar
Progress (1): 0.9/11 kBProgress (1): 2.4/11 kBProgress (1): 3.8/11 kBProgress (1): 5.2/11 kBProgress (1): 6.7/11 kBProgress (1): 8.1/11 kBProgress (1): 9.6/11 kBProgress (1): 11 kB    Progress (2): 11 kB | 0.9/18 kBProgress (2): 11 kB | 2.3/18 kBProgress (2): 11 kB | 3.8/18 kBProgress (2): 11 kB | 5.2/18 kBProgress (2): 11 kB | 6.7/18 kBProgress (2): 11 kB | 8.1/18 kBProgress (2): 11 kB | 11/18 kB Progress (2): 11 kB | 14/18 kBProgress (3): 11 kB | 14/18 kB | 0.9/76 kBProgress (3): 11 kB | 14/18 kB | 5.0/76 kBProgress (3): 11 kB | 14/18 kB | 6.7/76 kBProgress (3): 11 kB | 14/18 kB | 8.1/76 kBProgress (3): 11 kB | 14/18 kB | 9.6/76 kBProgress (3): 11 kB | 14/18 kB | 11/76 kB Progress (3): 11 kB | 14/18 kB | 12/76 kBProgress (3): 11 kB | 14/18 kB | 14/76 kBProgress (4): 11 kB | 14/18 kB | 14/76 kB | 4.1/107 kBProgress (4): 11 kB | 14/18 kB | 14/76 kB | 5.2/107 kBProgress (4): 11 kB | 14/18 kB | 14/76 kB | 9.3/107 kBProgress (4): 11 kB | 14/18 kB | 14/76 kB | 13/107 kB Progress (4): 11 kB | 14/18 kB | 14/76 kB | 14/107 kBProgress (4): 11 kB | 15/18 kB | 14/76 kB | 14/107 kBProgress (4): 11 kB | 18 kB | 14/76 kB | 14/107 kB                                                     Downloading from bintray: http://jcenter.bintray.com/com/annimon/stream/1.1.1/stream-1.1.1.jar
Downloaded from bintray: http://jcenter.bintray.com/svarzee/gps/gpsoauth/0.3/gpsoauth-0.3.jar (11 kB at 11 kB/s)
Downloading from bintray: http://jcenter.bintray.com/com/squareup/okhttp3/okhttp/3.4.1/okhttp-3.4.1.jar
Progress (3): 18 kB | 15/76 kB | 14/107 kBProgress (3): 18 kB | 18/76 kB | 14/107 kBProgress (3): 18 kB | 22/76 kB | 14/107 kBProgress (3): 18 kB | 24/76 kB | 14/107 kBProgress (3): 18 kB | 26/76 kB | 14/107 kBProgress (3): 18 kB | 28/76 kB | 14/107 kBProgress (3): 18 kB | 30/76 kB | 14/107 kBProgress (3): 18 kB | 31/76 kB | 14/107 kBProgress (3): 18 kB | 33/76 kB | 14/107 kBProgress (3): 18 kB | 34/76 kB | 14/107 kBProgress (3): 18 kB | 36/76 kB | 14/107 kBProgress (3): 18 kB | 37/76 kB | 14/107 kBProgress (3): 18 kB | 39/76 kB | 14/107 kBProgress (3): 18 kB | 40/76 kB | 14/107 kBProgress (3): 18 kB | 41/76 kB | 14/107 kBProgress (3): 18 kB | 43/76 kB | 14/107 kBProgress (3): 18 kB | 43/76 kB | 15/107 kBProgress (3): 18 kB | 43/76 kB | 19/107 kBProgress (3): 18 kB | 43/76 kB | 24/107 kBProgress (3): 18 kB | 43/76 kB | 28/107 kBProgress (3): 18 kB | 43/76 kB | 32/107 kBProgress (3): 18 kB | 43/76 kB | 36/107 kBProgress (3): 18 kB | 43/76 kB | 40/107 kBProgress (3): 18 kB | 43/76 kB | 43/107 kBProgress (3): 18 kB | 44/76 kB | 43/107 kBProgress (3): 18 kB | 46/76 kB | 43/107 kBProgress (3): 18 kB | 47/76 kB | 43/107 kBProgress (3): 18 kB | 49/76 kB | 43/107 kBProgress (3): 18 kB | 50/76 kB | 43/107 kBProgress (3): 18 kB | 52/76 kB | 43/107 kBProgress (3): 18 kB | 53/76 kB | 43/107 kBProgress (3): 18 kB | 54/76 kB | 43/107 kB                                          Downloaded from bintray: http://jcenter.bintray.com/net/iharder/base64/2.3.9/base64-2.3.9.jar (18 kB at 13 kB/s)
Downloading from bintray: http://jcenter.bintray.com/com/google/protobuf/protobuf-java/3.0.0-beta-3/protobuf-java-3.0.0-beta-3.jar
Progress (2): 56/76 kB | 43/107 kBProgress (2): 57/76 kB | 43/107 kBProgress (2): 59/76 kB | 43/107 kBProgress (2): 60/76 kB | 43/107 kBProgress (2): 62/76 kB | 43/107 kBProgress (2): 63/76 kB | 43/107 kBProgress (2): 65/76 kB | 43/107 kBProgress (2): 66/76 kB | 43/107 kBProgress (2): 68/76 kB | 43/107 kBProgress (2): 69/76 kB | 43/107 kBProgress (2): 70/76 kB | 43/107 kBProgress (2): 72/76 kB | 43/107 kBProgress (2): 73/76 kB | 43/107 kBProgress (2): 75/76 kB | 43/107 kBProgress (2): 76 kB | 43/107 kB   Progress (2): 76 kB | 47/107 kBProgress (2): 76 kB | 51/107 kBProgress (2): 76 kB | 55/107 kBProgress (2): 76 kB | 59/107 kBProgress (2): 76 kB | 63/107 kBProgress (2): 76 kB | 67/107 kBProgress (2): 76 kB | 72/107 kBProgress (2): 76 kB | 73/107 kBProgress (3): 76 kB | 73/107 kB | 0.9/131 kBProgress (3): 76 kB | 73/107 kB | 5.0/131 kBProgress (3): 76 kB | 73/107 kB | 9.1/131 kBProgress (3): 76 kB | 73/107 kB | 13/131 kB Progress (3): 76 kB | 73/107 kB | 17/131 kBProgress (3): 76 kB | 73/107 kB | 21/131 kBProgress (3): 76 kB | 73/107 kB | 25/131 kBProgress (3): 76 kB | 73/107 kB | 28/131 kBProgress (4): 76 kB | 73/107 kB | 28/131 kB | 1.4/344 kBProgress (4): 76 kB | 73/107 kB | 28/131 kB | 5.5/344 kBProgress (4): 76 kB | 73/107 kB | 28/131 kB | 9.6/344 kBProgress (4): 76 kB | 73/107 kB | 28/131 kB | 14/344 kB Progress (4): 76 kB | 73/107 kB | 28/131 kB | 18/344 kBProgress (4): 76 kB | 73/107 kB | 28/131 kB | 20/344 kBProgress (4): 76 kB | 73/107 kB | 28/131 kB | 23/344 kBProgress (4): 76 kB | 73/107 kB | 28/131 kB | 26/344 kBProgress (4): 76 kB | 73/107 kB | 28/131 kB | 28/344 kBProgress (4): 76 kB | 73/107 kB | 28/131 kB | 29/344 kBProgress (4): 76 kB | 77/107 kB | 28/131 kB | 29/344 kBProgress (4): 76 kB | 81/107 kB | 28/131 kB | 29/344 kBProgress (4): 76 kB | 86/107 kB | 28/131 kB | 29/344 kBProgress (4): 76 kB | 90/107 kB | 28/131 kB | 29/344 kBProgress (4): 76 kB | 94/107 kB | 28/131 kB | 29/344 kBProgress (4): 76 kB | 98/107 kB | 28/131 kB | 29/344 kBProgress (4): 76 kB | 102/107 kB | 28/131 kB | 29/344 kBProgress (4): 76 kB | 106/107 kB | 28/131 kB | 29/344 kBProgress (4): 76 kB | 107 kB | 28/131 kB | 29/344 kB                                                        Downloaded from bintray: http://jcenter.bintray.com/com/squareup/okio/okio/1.9.0/okio-1.9.0.jar (76 kB at 45 kB/s)
Downloading from bintray: http://jcenter.bintray.com/io/reactivex/rxjava/1.1.8/rxjava-1.1.8.jar
Progress (3): 107 kB | 31/131 kB | 29/344 kBProgress (3): 107 kB | 35/131 kB | 29/344 kBProgress (3): 107 kB | 40/131 kB | 29/344 kBProgress (3): 107 kB | 44/131 kB | 29/344 kBProgress (3): 107 kB | 48/131 kB | 29/344 kBProgress (3): 107 kB | 52/131 kB | 29/344 kBProgress (3): 107 kB | 56/131 kB | 29/344 kBProgress (3): 107 kB | 60/131 kB | 29/344 kBProgress (3): 107 kB | 64/131 kB | 29/344 kBProgress (3): 107 kB | 68/131 kB | 29/344 kBProgress (3): 107 kB | 72/131 kB | 29/344 kBProgress (3): 107 kB | 73/131 kB | 29/344 kBProgress (3): 107 kB | 73/131 kB | 30/344 kBProgress (3): 107 kB | 73/131 kB | 33/344 kBProgress (3): 107 kB | 73/131 kB | 36/344 kBProgress (3): 107 kB | 73/131 kB | 38/344 kBProgress (3): 107 kB | 73/131 kB | 41/344 kBProgress (3): 107 kB | 73/131 kB | 43/344 kBProgress (3): 107 kB | 73/131 kB | 46/344 kBProgress (3): 107 kB | 73/131 kB | 49/344 kBProgress (3): 107 kB | 73/131 kB | 52/344 kBProgress (3): 107 kB | 73/131 kB | 55/344 kBProgress (3): 107 kB | 73/131 kB | 58/344 kBProgress (3): 107 kB | 73/131 kB | 61/344 kBProgress (3): 107 kB | 73/131 kB | 64/344 kBProgress (3): 107 kB | 73/131 kB | 67/344 kBProgress (3): 107 kB | 73/131 kB | 70/344 kBProgress (3): 107 kB | 73/131 kB | 72/344 kBProgress (3): 107 kB | 73/131 kB | 75/344 kBProgress (3): 107 kB | 73/131 kB | 78/344 kBProgress (3): 107 kB | 73/131 kB | 81/344 kBProgress (3): 107 kB | 73/131 kB | 83/344 kBProgress (3): 107 kB | 73/131 kB | 84/344 kBProgress (3): 107 kB | 73/131 kB | 87/344 kBProgress (3): 107 kB | 73/131 kB | 90/344 kB                                            Downloaded from bintray: http://jcenter.bintray.com/com/squareup/moshi/moshi/1.2.0/moshi-1.2.0.jar (107 kB at 58 kB/s)
Downloading from bintray: http://jcenter.bintray.com/net/jpountz/lz4/lz4/1.3.0/lz4-1.3.0.jar
Progress (2): 73/131 kB | 93/344 kBProgress (2): 73/131 kB | 96/344 kBProgress (2): 73/131 kB | 98/344 kBProgress (2): 73/131 kB | 101/344 kBProgress (2): 73/131 kB | 103/344 kBProgress (2): 73/131 kB | 104/344 kBProgress (2): 73/131 kB | 107/344 kBProgress (2): 73/131 kB | 110/344 kBProgress (2): 73/131 kB | 113/344 kBProgress (2): 73/131 kB | 116/344 kBProgress (2): 73/131 kB | 119/344 kBProgress (2): 73/131 kB | 122/344 kBProgress (2): 73/131 kB | 125/344 kBProgress (2): 73/131 kB | 127/344 kBProgress (2): 73/131 kB | 130/344 kBProgress (2): 73/131 kB | 132/344 kBProgress (2): 73/131 kB | 133/344 kBProgress (2): 73/131 kB | 136/344 kBProgress (2): 73/131 kB | 139/344 kBProgress (2): 73/131 kB | 142/344 kBProgress (2): 73/131 kB | 145/344 kBProgress (2): 73/131 kB | 148/344 kBProgress (2): 73/131 kB | 151/344 kBProgress (2): 73/131 kB | 153/344 kBProgress (2): 73/131 kB | 156/344 kBProgress (2): 73/131 kB | 159/344 kBProgress (2): 73/131 kB | 162/344 kBProgress (2): 77/131 kB | 162/344 kBProgress (2): 81/131 kB | 162/344 kBProgress (2): 81/131 kB | 165/344 kBProgress (2): 86/131 kB | 165/344 kBProgress (2): 90/131 kB | 165/344 kBProgress (2): 94/131 kB | 165/344 kBProgress (2): 98/131 kB | 165/344 kBProgress (2): 102/131 kB | 165/344 kBProgress (2): 106/131 kB | 165/344 kBProgress (2): 110/131 kB | 165/344 kBProgress (2): 114/131 kB | 165/344 kBProgress (2): 118/131 kB | 165/344 kBProgress (2): 118/131 kB | 169/344 kBProgress (2): 118/131 kB | 171/344 kBProgress (2): 118/131 kB | 174/344 kBProgress (2): 118/131 kB | 175/344 kBProgress (2): 118/131 kB | 177/344 kBProgress (2): 118/131 kB | 180/344 kBProgress (2): 118/131 kB | 182/344 kBProgress (2): 118/131 kB | 185/344 kBProgress (2): 118/131 kB | 188/344 kBProgress (2): 118/131 kB | 191/344 kBProgress (2): 118/131 kB | 194/344 kBProgress (2): 118/131 kB | 197/344 kBProgress (2): 118/131 kB | 200/344 kBProgress (2): 118/131 kB | 203/344 kBProgress (2): 118/131 kB | 206/344 kBProgress (2): 118/131 kB | 209/344 kBProgress (2): 118/131 kB | 211/344 kBProgress (2): 118/131 kB | 214/344 kBProgress (2): 118/131 kB | 217/344 kBProgress (2): 118/131 kB | 221/344 kBProgress (2): 118/131 kB | 225/344 kBProgress (2): 118/131 kB | 229/344 kBProgress (2): 118/131 kB | 234/344 kBProgress (2): 118/131 kB | 238/344 kBProgress (2): 118/131 kB | 242/344 kBProgress (2): 118/131 kB | 246/344 kBProgress (2): 118/131 kB | 250/344 kBProgress (2): 118/131 kB | 254/344 kBProgress (2): 118/131 kB | 258/344 kBProgress (2): 118/131 kB | 262/344 kBProgress (2): 118/131 kB | 266/344 kBProgress (2): 118/131 kB | 270/344 kBProgress (2): 118/131 kB | 275/344 kBProgress (2): 118/131 kB | 279/344 kBProgress (2): 118/131 kB | 283/344 kBProgress (2): 118/131 kB | 287/344 kBProgress (2): 118/131 kB | 291/344 kBProgress (2): 118/131 kB | 295/344 kBProgress (2): 118/131 kB | 299/344 kBProgress (2): 118/131 kB | 303/344 kBProgress (2): 118/131 kB | 307/344 kBProgress (2): 118/131 kB | 311/344 kBProgress (2): 118/131 kB | 316/344 kBProgress (2): 118/131 kB | 320/344 kBProgress (2): 118/131 kB | 324/344 kBProgress (2): 118/131 kB | 328/344 kBProgress (2): 118/131 kB | 332/344 kBProgress (2): 118/131 kB | 336/344 kBProgress (2): 118/131 kB | 340/344 kBProgress (2): 118/131 kB | 344/344 kBProgress (2): 118/131 kB | 344 kB    Progress (2): 120/131 kB | 344 kBProgress (2): 123/131 kB | 344 kBProgress (2): 124/131 kB | 344 kBProgress (2): 125/131 kB | 344 kBProgress (2): 128/131 kB | 344 kBProgress (2): 130/131 kB | 344 kBProgress (2): 131 kB | 344 kB                                 Downloaded from bintray: http://jcenter.bintray.com/com/squareup/okhttp3/okhttp/3.4.1/okhttp-3.4.1.jar (344 kB at 147 kB/s)
Downloading from bintray: http://jcenter.bintray.com/org/json/json/20160212/json-20160212.jar
Progress (2): 131 kB | 1.4/237 kBProgress (2): 131 kB | 5.5/237 kBProgress (2): 131 kB | 7.2/237 kBProgress (2): 131 kB | 8.7/237 kBProgress (2): 131 kB | 10/237 kB Progress (2): 131 kB | 14/237 kBProgress (2): 131 kB | 14/237 kBProgress (2): 131 kB | 16/237 kBProgress (2): 131 kB | 17/237 kBProgress (2): 131 kB | 19/237 kBProgress (2): 131 kB | 20/237 kB                                Downloaded from bintray: http://jcenter.bintray.com/com/annimon/stream/1.1.1/stream-1.1.1.jar (131 kB at 55 kB/s)
Downloading from bintray: http://jcenter.bintray.com/org/mockito/mockito-all/1.10.19/mockito-all-1.10.19.jar
Progress (1): 22/237 kBProgress (1): 23/237 kBProgress (1): 25/237 kBProgress (1): 26/237 kBProgress (1): 28/237 kBProgress (1): 29/237 kBProgress (1): 30/237 kBProgress (1): 33/237 kBProgress (1): 35/237 kBProgress (1): 36/237 kBProgress (1): 38/237 kBProgress (1): 39/237 kBProgress (1): 41/237 kBProgress (1): 42/237 kBProgress (1): 43/237 kBProgress (1): 45/237 kBProgress (1): 46/237 kBProgress (1): 48/237 kBProgress (1): 49/237 kBProgress (1): 51/237 kBProgress (1): 52/237 kBProgress (2): 52/237 kB | 0.9/49 kBProgress (2): 52/237 kB | 2.3/49 kBProgress (2): 54/237 kB | 2.3/49 kBProgress (2): 54/237 kB | 3.8/49 kBProgress (2): 55/237 kB | 3.8/49 kBProgress (2): 55/237 kB | 5.2/49 kBProgress (2): 55/237 kB | 6.7/49 kBProgress (2): 55/237 kB | 8.1/49 kBProgress (2): 55/237 kB | 9.6/49 kBProgress (2): 56/237 kB | 9.6/49 kBProgress (2): 58/237 kB | 9.6/49 kBProgress (2): 58/237 kB | 11/49 kB Progress (2): 58/237 kB | 12/49 kBProgress (2): 58/237 kB | 14/49 kBProgress (2): 58/237 kB | 15/49 kBProgress (2): 59/237 kB | 15/49 kBProgress (2): 61/237 kB | 15/49 kBProgress (2): 61/237 kB | 17/49 kBProgress (2): 61/237 kB | 18/49 kBProgress (2): 61/237 kB | 20/49 kBProgress (2): 61/237 kB | 21/49 kBProgress (2): 62/237 kB | 21/49 kBProgress (2): 64/237 kB | 21/49 kBProgress (2): 64/237 kB | 23/49 kBProgress (2): 64/237 kB | 24/49 kBProgress (2): 64/237 kB | 26/49 kBProgress (2): 64/237 kB | 27/49 kBProgress (2): 64/237 kB | 28/49 kBProgress (2): 64/237 kB | 30/49 kBProgress (2): 65/237 kB | 30/49 kBProgress (2): 67/237 kB | 30/49 kBProgress (2): 67/237 kB | 31/49 kBProgress (2): 67/237 kB | 33/49 kBProgress (2): 67/237 kB | 34/49 kBProgress (2): 67/237 kB | 36/49 kBProgress (2): 67/237 kB | 37/49 kBProgress (2): 68/237 kB | 37/49 kBProgress (2): 70/237 kB | 37/49 kBProgress (2): 70/237 kB | 39/49 kBProgress (2): 70/237 kB | 40/49 kBProgress (2): 70/237 kB | 41/49 kBProgress (2): 70/237 kB | 43/49 kBProgress (2): 70/237 kB | 44/49 kBProgress (2): 71/237 kB | 44/49 kBProgress (2): 72/237 kB | 44/49 kBProgress (2): 72/237 kB | 46/49 kBProgress (2): 72/237 kB | 47/49 kBProgress (2): 72/237 kB | 49/49 kBProgress (2): 72/237 kB | 49 kB   Progress (2): 74/237 kB | 49 kBProgress (2): 75/237 kB | 49 kBProgress (2): 77/237 kB | 49 kBProgress (2): 78/237 kB | 49 kBProgress (2): 80/237 kB | 49 kBProgress (2): 81/237 kB | 49 kBProgress (2): 83/237 kB | 49 kBProgress (2): 84/237 kB | 49 kBProgress (2): 85/237 kB | 49 kBProgress (2): 87/237 kB | 49 kBProgress (2): 88/237 kB | 49 kBProgress (2): 90/237 kB | 49 kBProgress (2): 91/237 kB | 49 kBProgress (2): 93/237 kB | 49 kBProgress (2): 94/237 kB | 49 kBProgress (2): 96/237 kB | 49 kBProgress (2): 97/237 kB | 49 kBProgress (2): 98/237 kB | 49 kBProgress (2): 100/237 kB | 49 kBProgress (2): 101/237 kB | 49 kBProgress (2): 103/237 kB | 49 kBProgress (2): 104/237 kB | 49 kBProgress (2): 106/237 kB | 49 kBProgress (2): 107/237 kB | 49 kBProgress (2): 109/237 kB | 49 kBProgress (2): 110/237 kB | 49 kBProgress (2): 111/237 kB | 49 kBProgress (2): 113/237 kB | 49 kBProgress (2): 114/237 kB | 49 kBProgress (3): 114/237 kB | 49 kB | 0/1.2 MBProgress (3): 116/237 kB | 49 kB | 0/1.2 MBProgress (3): 116/237 kB | 49 kB | 0/1.2 MBProgress (3): 117/237 kB | 49 kB | 0/1.2 MBProgress (3): 117/237 kB | 49 kB | 0/1.2 MBProgress (3): 119/237 kB | 49 kB | 0/1.2 MBProgress (3): 119/237 kB | 49 kB | 0/1.2 MBProgress (3): 119/237 kB | 49 kB | 0/1.2 MBProgress (3): 120/237 kB | 49 kB | 0/1.2 MBProgress (3): 122/237 kB | 49 kB | 0/1.2 MBProgress (3): 122/237 kB | 49 kB | 0/1.2 MBProgress (3): 122/237 kB | 49 kB | 0/1.2 MBProgress (3): 123/237 kB | 49 kB | 0/1.2 MBProgress (3): 123/237 kB | 49 kB | 0/1.2 MBProgress (3): 125/237 kB | 49 kB | 0/1.2 MBProgress (3): 125/237 kB | 49 kB | 0/1.2 MBProgress (3): 125/237 kB | 49 kB | 0/1.2 MBProgress (3): 125/237 kB | 49 kB | 0/1.2 MBProgress (3): 126/237 kB | 49 kB | 0/1.2 MBProgress (3): 127/237 kB | 49 kB | 0/1.2 MBProgress (3): 127/237 kB | 49 kB | 0/1.2 MBProgress (3): 129/237 kB | 49 kB | 0/1.2 MBProgress (3): 129/237 kB | 49 kB | 0/1.2 MBProgress (3): 130/237 kB | 49 kB | 0/1.2 MBProgress (3): 132/237 kB | 49 kB | 0/1.2 MBProgress (3): 133/237 kB | 49 kB | 0/1.2 MBProgress (3): 135/237 kB | 49 kB | 0/1.2 MBProgress (3): 135/237 kB | 49 kB | 0/1.2 MBProgress (3): 136/237 kB | 49 kB | 0/1.2 MBProgress (3): 136/237 kB | 49 kB | 0/1.2 MBProgress (3): 138/237 kB | 49 kB | 0/1.2 MBProgress (3): 139/237 kB | 49 kB | 0/1.2 MBProgress (3): 140/237 kB | 49 kB | 0/1.2 MBProgress (3): 142/237 kB | 49 kB | 0/1.2 MBProgress (3): 142/237 kB | 49 kB | 0/1.2 MBProgress (3): 143/237 kB | 49 kB | 0/1.2 MBProgress (3): 143/237 kB | 49 kB | 0/1.2 MBProgress (3): 145/237 kB | 49 kB | 0/1.2 MBProgress (3): 146/237 kB | 49 kB | 0/1.2 MBProgress (3): 148/237 kB | 49 kB | 0/1.2 MBProgress (3): 149/237 kB | 49 kB | 0/1.2 MBProgress (3): 149/237 kB | 49 kB | 0/1.2 MBProgress (3): 151/237 kB | 49 kB | 0/1.2 MBProgress (3): 151/237 kB | 49 kB | 0/1.2 MBProgress (3): 152/237 kB | 49 kB | 0/1.2 MBProgress (3): 153/237 kB | 49 kB | 0/1.2 MBProgress (3): 155/237 kB | 49 kB | 0/1.2 MBProgress (3): 156/237 kB | 49 kB | 0/1.2 MBProgress (3): 156/237 kB | 49 kB | 0/1.2 MBProgress (3): 158/237 kB | 49 kB | 0/1.2 MBProgress (3): 158/237 kB | 49 kB | 0/1.2 MBProgress (3): 159/237 kB | 49 kB | 0/1.2 MBProgress (3): 161/237 kB | 49 kB | 0/1.2 MBProgress (3): 162/237 kB | 49 kB | 0/1.2 MBProgress (3): 164/237 kB | 49 kB | 0/1.2 MBProgress (3): 165/237 kB | 49 kB | 0/1.2 MBProgress (3): 167/237 kB | 49 kB | 0/1.2 MBProgress (3): 168/237 kB | 49 kB | 0/1.2 MBProgress (3): 169/237 kB | 49 kB | 0/1.2 MBProgress (3): 171/237 kB | 49 kB | 0/1.2 MBProgress (3): 172/237 kB | 49 kB | 0/1.2 MBProgress (3): 174/237 kB | 49 kB | 0/1.2 MBProgress (3): 175/237 kB | 49 kB | 0/1.2 MBProgress (3): 177/237 kB | 49 kB | 0/1.2 MBProgress (3): 180/237 kB | 49 kB | 0/1.2 MBProgress (3): 181/237 kB | 49 kB | 0/1.2 MBProgress (3): 182/237 kB | 49 kB | 0/1.2 MBProgress (3): 184/237 kB | 49 kB | 0/1.2 MBProgress (3): 185/237 kB | 49 kB | 0/1.2 MBProgress (3): 187/237 kB | 49 kB | 0/1.2 MBProgress (3): 188/237 kB | 49 kB | 0/1.2 MBProgress (3): 190/237 kB | 49 kB | 0/1.2 MBProgress (3): 191/237 kB | 49 kB | 0/1.2 MBProgress (3): 193/237 kB | 49 kB | 0/1.2 MBProgress (3): 194/237 kB | 49 kB | 0/1.2 MBProgress (3): 195/237 kB | 49 kB | 0/1.2 MBProgress (3): 197/237 kB | 49 kB | 0/1.2 MBProgress (4): 197/237 kB | 49 kB | 0/1.2 MB | 0/1.2 MBProgress (4): 197/237 kB | 49 kB | 0/1.2 MB | 0/1.2 MBProgress (4): 197/237 kB | 49 kB | 0/1.2 MB | 0/1.2 MBProgress (4): 198/237 kB | 49 kB | 0/1.2 MB | 0/1.2 MBProgress (4): 200/237 kB | 49 kB | 0/1.2 MB | 0/1.2 MBProgress (4): 201/237 kB | 49 kB | 0/1.2 MB | 0/1.2 MBProgress (4): 203/237 kB | 49 kB | 0/1.2 MB | 0/1.2 MBProgress (4): 204/237 kB | 49 kB | 0/1.2 MB | 0/1.2 MBProgress (4): 206/237 kB | 49 kB | 0/1.2 MB | 0/1.2 MBProgress (4): 207/237 kB | 49 kB | 0/1.2 MB | 0/1.2 MBProgress (4): 209/237 kB | 49 kB | 0/1.2 MB | 0/1.2 MBProgress (4): 210/237 kB | 49 kB | 0/1.2 MB | 0/1.2 MBProgress (4): 211/237 kB | 49 kB | 0/1.2 MB | 0/1.2 MBProgress (4): 213/237 kB | 49 kB | 0/1.2 MB | 0/1.2 MBProgress (4): 214/237 kB | 49 kB | 0/1.2 MB | 0/1.2 MBProgress (4): 216/237 kB | 49 kB | 0/1.2 MB | 0/1.2 MBProgress (4): 217/237 kB | 49 kB | 0/1.2 MB | 0/1.2 MBProgress (4): 219/237 kB | 49 kB | 0/1.2 MB | 0/1.2 MBProgress (4): 220/237 kB | 49 kB | 0/1.2 MB | 0/1.2 MBProgress (4): 222/237 kB | 49 kB | 0/1.2 MB | 0/1.2 MBProgress (4): 223/237 kB | 49 kB | 0/1.2 MB | 0/1.2 MBProgress (4): 224/237 kB | 49 kB | 0/1.2 MB | 0/1.2 MBProgress (4): 226/237 kB | 49 kB | 0/1.2 MB | 0/1.2 MBProgress (4): 226/237 kB | 49 kB | 0/1.2 MB | 0/1.2 MBProgress (4): 226/237 kB | 49 kB | 0/1.2 MB | 0/1.2 MBProgress (4): 226/237 kB | 49 kB | 0/1.2 MB | 0/1.2 MBProgress (4): 226/237 kB | 49 kB | 0/1.2 MB | 0/1.2 MBProgress (4): 226/237 kB | 49 kB | 0/1.2 MB | 0/1.2 MBProgress (4): 226/237 kB | 49 kB | 0/1.2 MB | 0/1.2 MBProgress (4): 226/237 kB | 49 kB | 0/1.2 MB | 0/1.2 MBProgress (4): 226/237 kB | 49 kB | 0/1.2 MB | 0/1.2 MBProgress (4): 226/237 kB | 49 kB | 0/1.2 MB | 0/1.2 MBProgress (4): 226/237 kB | 49 kB | 0/1.2 MB | 0/1.2 MBProgress (4): 226/237 kB | 49 kB | 0/1.2 MB | 0/1.2 MBProgress (4): 226/237 kB | 49 kB | 0/1.2 MB | 0/1.2 MBProgress (4): 226/237 kB | 49 kB | 0/1.2 MB | 0.1/1.2 MBProgress (4): 226/237 kB | 49 kB | 0/1.2 MB | 0.1/1.2 MBProgress (4): 226/237 kB | 49 kB | 0/1.2 MB | 0.1/1.2 MBProgress (4): 226/237 kB | 49 kB | 0/1.2 MB | 0.1/1.2 MBProgress (4): 226/237 kB | 49 kB | 0/1.2 MB | 0.1/1.2 MBProgress (4): 226/237 kB | 49 kB | 0/1.2 MB | 0.1/1.2 MBProgress (4): 226/237 kB | 49 kB | 0/1.2 MB | 0.1/1.2 MBProgress (4): 226/237 kB | 49 kB | 0/1.2 MB | 0.1/1.2 MBProgress (4): 226/237 kB | 49 kB | 0/1.2 MB | 0.1/1.2 MBProgress (4): 226/237 kB | 49 kB | 0/1.2 MB | 0.1/1.2 MBProgress (4): 226/237 kB | 49 kB | 0/1.2 MB | 0.1/1.2 MBProgress (4): 226/237 kB | 49 kB | 0/1.2 MB | 0.1/1.2 MBProgress (4): 226/237 kB | 49 kB | 0/1.2 MB | 0.1/1.2 MBProgress (4): 226/237 kB | 49 kB | 0/1.2 MB | 0.1/1.2 MBProgress (4): 226/237 kB | 49 kB | 0/1.2 MB | 0.1/1.2 MBProgress (4): 226/237 kB | 49 kB | 0/1.2 MB | 0.1/1.2 MBProgress (4): 226/237 kB | 49 kB | 0/1.2 MB | 0.1/1.2 MBProgress (4): 226/237 kB | 49 kB | 0/1.2 MB | 0.1/1.2 MBProgress (4): 226/237 kB | 49 kB | 0/1.2 MB | 0.1/1.2 MBProgress (4): 226/237 kB | 49 kB | 0/1.2 MB | 0.1/1.2 MBProgress (4): 226/237 kB | 49 kB | 0/1.2 MB | 0.1/1.2 MBProgress (4): 226/237 kB | 49 kB | 0/1.2 MB | 0.1/1.2 MBProgress (4): 226/237 kB | 49 kB | 0/1.2 MB | 0.1/1.2 MBProgress (4): 226/237 kB | 49 kB | 0/1.2 MB | 0.1/1.2 MBProgress (4): 226/237 kB | 49 kB | 0/1.2 MB | 0.2/1.2 MBProgress (4): 226/237 kB | 49 kB | 0/1.2 MB | 0.2/1.2 MBProgress (4): 226/237 kB | 49 kB | 0/1.2 MB | 0.2/1.2 MBProgress (4): 226/237 kB | 49 kB | 0/1.2 MB | 0.2/1.2 MBProgress (4): 226/237 kB | 49 kB | 0/1.2 MB | 0.2/1.2 MBProgress (4): 226/237 kB | 49 kB | 0/1.2 MB | 0.2/1.2 MBProgress (4): 226/237 kB | 49 kB | 0/1.2 MB | 0.2/1.2 MBProgress (4): 226/237 kB | 49 kB | 0/1.2 MB | 0.2/1.2 MBProgress (4): 226/237 kB | 49 kB | 0/1.2 MB | 0.2/1.2 MBProgress (4): 226/237 kB | 49 kB | 0/1.2 MB | 0.2/1.2 MBProgress (4): 226/237 kB | 49 kB | 0/1.2 MB | 0.2/1.2 MBProgress (4): 226/237 kB | 49 kB | 0/1.2 MB | 0.2/1.2 MBProgress (4): 226/237 kB | 49 kB | 0/1.2 MB | 0.2/1.2 MBProgress (4): 226/237 kB | 49 kB | 0/1.2 MB | 0.2/1.2 MBProgress (4): 226/237 kB | 49 kB | 0/1.2 MB | 0.2/1.2 MBProgress (4): 226/237 kB | 49 kB | 0/1.2 MB | 0.2/1.2 MBProgress (4): 226/237 kB | 49 kB | 0/1.2 MB | 0.2/1.2 MBProgress (4): 226/237 kB | 49 kB | 0/1.2 MB | 0.2/1.2 MBProgress (4): 226/237 kB | 49 kB | 0/1.2 MB | 0.2/1.2 MBProgress (4): 226/237 kB | 49 kB | 0/1.2 MB | 0.2/1.2 MBProgress (4): 226/237 kB | 49 kB | 0/1.2 MB | 0.2/1.2 MBProgress (4): 226/237 kB | 49 kB | 0/1.2 MB | 0.2/1.2 MBProgress (4): 226/237 kB | 49 kB | 0/1.2 MB | 0.2/1.2 MBProgress (4): 226/237 kB | 49 kB | 0/1.2 MB | 0.2/1.2 MBProgress (4): 226/237 kB | 49 kB | 0/1.2 MB | 0.2/1.2 MBProgress (4): 226/237 kB | 49 kB | 0/1.2 MB | 0.2/1.2 MBProgress (4): 226/237 kB | 49 kB | 0/1.2 MB | 0.2/1.2 MBProgress (4): 226/237 kB | 49 kB | 0/1.2 MB | 0.2/1.2 MBProgress (4): 226/237 kB | 49 kB | 0/1.2 MB | 0.3/1.2 MBProgress (4): 226/237 kB | 49 kB | 0/1.2 MB | 0.3/1.2 MBProgress (4): 226/237 kB | 49 kB | 0/1.2 MB | 0.3/1.2 MBProgress (4): 226/237 kB | 49 kB | 0/1.2 MB | 0.3/1.2 MBProgress (4): 226/237 kB | 49 kB | 0/1.2 MB | 0.3/1.2 MBProgress (4): 226/237 kB | 49 kB | 0/1.2 MB | 0.3/1.2 MBProgress (4): 226/237 kB | 49 kB | 0/1.2 MB | 0.3/1.2 MBProgress (4): 226/237 kB | 49 kB | 0/1.2 MB | 0.3/1.2 MBProgress (4): 226/237 kB | 49 kB | 0/1.2 MB | 0.3/1.2 MBProgress (4): 226/237 kB | 49 kB | 0/1.2 MB | 0.3/1.2 MBProgress (4): 226/237 kB | 49 kB | 0/1.2 MB | 0.3/1.2 MBProgress (4): 226/237 kB | 49 kB | 0/1.2 MB | 0.3/1.2 MBProgress (4): 226/237 kB | 49 kB | 0/1.2 MB | 0.3/1.2 MBProgress (4): 226/237 kB | 49 kB | 0/1.2 MB | 0.3/1.2 MBProgress (4): 226/237 kB | 49 kB | 0/1.2 MB | 0.3/1.2 MBProgress (4): 226/237 kB | 49 kB | 0/1.2 MB | 0.3/1.2 MBProgress (4): 226/237 kB | 49 kB | 0/1.2 MB | 0.3/1.2 MBProgress (4): 226/237 kB | 49 kB | 0/1.2 MB | 0.3/1.2 MBProgress (4): 226/237 kB | 49 kB | 0/1.2 MB | 0.3/1.2 MBProgress (4): 226/237 kB | 49 kB | 0/1.2 MB | 0.3/1.2 MBProgress (4): 226/237 kB | 49 kB | 0/1.2 MB | 0.3/1.2 MBProgress (4): 226/237 kB | 49 kB | 0/1.2 MB | 0.3/1.2 MBProgress (4): 226/237 kB | 49 kB | 0/1.2 MB | 0.3/1.2 MBProgress (4): 226/237 kB | 49 kB | 0/1.2 MB | 0.3/1.2 MBProgress (4): 226/237 kB | 49 kB | 0/1.2 MB | 0.3/1.2 MBProgress (4): 227/237 kB | 49 kB | 0/1.2 MB | 0.3/1.2 MBProgress (4): 227/237 kB | 49 kB | 0/1.2 MB | 0.3/1.2 MBProgress (4): 229/237 kB | 49 kB | 0/1.2 MB | 0.3/1.2 MBProgress (4): 229/237 kB | 49 kB | 0/1.2 MB | 0.3/1.2 MBProgress (4): 230/237 kB | 49 kB | 0/1.2 MB | 0.3/1.2 MBProgress (4): 230/237 kB | 49 kB | 0/1.2 MB | 0.3/1.2 MBProgress (4): 232/237 kB | 49 kB | 0/1.2 MB | 0.3/1.2 MBProgress (4): 232/237 kB | 49 kB | 0/1.2 MB | 0.3/1.2 MBProgress (4): 233/237 kB | 49 kB | 0/1.2 MB | 0.3/1.2 MBProgress (4): 233/237 kB | 49 kB | 0/1.2 MB | 0.3/1.2 MBProgress (4): 235/237 kB | 49 kB | 0/1.2 MB | 0.3/1.2 MBProgress (4): 235/237 kB | 49 kB | 0/1.2 MB | 0.3/1.2 MBProgress (4): 235/237 kB | 49 kB | 0/1.2 MB | 0.3/1.2 MBProgress (4): 236/237 kB | 49 kB | 0/1.2 MB | 0.3/1.2 MBProgress (4): 236/237 kB | 49 kB | 0/1.2 MB | 0.3/1.2 MBProgress (4): 237 kB | 49 kB | 0/1.2 MB | 0.3/1.2 MB    Progress (4): 237 kB | 49 kB | 0/1.2 MB | 0.3/1.2 MBProgress (4): 237 kB | 49 kB | 0/1.2 MB | 0.3/1.2 MBProgress (4): 237 kB | 49 kB | 0/1.2 MB | 0.3/1.2 MBProgress (4): 237 kB | 49 kB | 0/1.2 MB | 0.3/1.2 MBProgress (4): 237 kB | 49 kB | 0/1.2 MB | 0.3/1.2 MBProgress (4): 237 kB | 49 kB | 0/1.2 MB | 0.3/1.2 MBProgress (4): 237 kB | 49 kB | 0/1.2 MB | 0.3/1.2 MBProgress (4): 237 kB | 49 kB | 0/1.2 MB | 0.3/1.2 MBProgress (4): 237 kB | 49 kB | 0/1.2 MB | 0.3/1.2 MBProgress (4): 237 kB | 49 kB | 0/1.2 MB | 0.3/1.2 MBProgress (4): 237 kB | 49 kB | 0/1.2 MB | 0.4/1.2 MBProgress (4): 237 kB | 49 kB | 0/1.2 MB | 0.4/1.2 MBProgress (4): 237 kB | 49 kB | 0/1.2 MB | 0.4/1.2 MBProgress (4): 237 kB | 49 kB | 0/1.2 MB | 0.4/1.2 MBProgress (4): 237 kB | 49 kB | 0/1.2 MB | 0.4/1.2 MBProgress (4): 237 kB | 49 kB | 0/1.2 MB | 0.4/1.2 MBProgress (4): 237 kB | 49 kB | 0/1.2 MB | 0.4/1.2 MBProgress (4): 237 kB | 49 kB | 0/1.2 MB | 0.4/1.2 MBProgress (4): 237 kB | 49 kB | 0/1.2 MB | 0.4/1.2 MBProgress (4): 237 kB | 49 kB | 0/1.2 MB | 0.4/1.2 MBProgress (4): 237 kB | 49 kB | 0/1.2 MB | 0.4/1.2 MBProgress (4): 237 kB | 49 kB | 0/1.2 MB | 0.4/1.2 MBProgress (4): 237 kB | 49 kB | 0/1.2 MB | 0.4/1.2 MBProgress (4): 237 kB | 49 kB | 0/1.2 MB | 0.4/1.2 MBProgress (4): 237 kB | 49 kB | 0/1.2 MB | 0.4/1.2 MBProgress (4): 237 kB | 49 kB | 0/1.2 MB | 0.4/1.2 MBProgress (4): 237 kB | 49 kB | 0/1.2 MB | 0.4/1.2 MBProgress (4): 237 kB | 49 kB | 0/1.2 MB | 0.4/1.2 MBProgress (4): 237 kB | 49 kB | 0/1.2 MB | 0.4/1.2 MBProgress (4): 237 kB | 49 kB | 0/1.2 MB | 0.4/1.2 MBProgress (4): 237 kB | 49 kB | 0/1.2 MB | 0.4/1.2 MBProgress (4): 237 kB | 49 kB | 0/1.2 MB | 0.4/1.2 MBProgress (4): 237 kB | 49 kB | 0/1.2 MB | 0.4/1.2 MBProgress (4): 237 kB | 49 kB | 0/1.2 MB | 0.4/1.2 MBProgress (4): 237 kB | 49 kB | 0/1.2 MB | 0.4/1.2 MBProgress (5): 237 kB | 49 kB | 0/1.2 MB | 0.4/1.2 MB | 0/1.1 MBProgress (5): 237 kB | 49 kB | 0.1/1.2 MB | 0.4/1.2 MB | 0/1.1 MBProgress (5): 237 kB | 49 kB | 0.1/1.2 MB | 0.4/1.2 MB | 0/1.1 MBProgress (5): 237 kB | 49 kB | 0.1/1.2 MB | 0.4/1.2 MB | 0/1.1 MBProgress (5): 237 kB | 49 kB | 0.1/1.2 MB | 0.4/1.2 MB | 0/1.1 MBProgress (5): 237 kB | 49 kB | 0.1/1.2 MB | 0.4/1.2 MB | 0/1.1 MBProgress (5): 237 kB | 49 kB | 0.1/1.2 MB | 0.4/1.2 MB | 0/1.1 MBProgress (5): 237 kB | 49 kB | 0.1/1.2 MB | 0.4/1.2 MB | 0/1.1 MBProgress (5): 237 kB | 49 kB | 0.1/1.2 MB | 0.4/1.2 MB | 0/1.1 MBProgress (5): 237 kB | 49 kB | 0.1/1.2 MB | 0.4/1.2 MB | 0/1.1 MBProgress (5): 237 kB | 49 kB | 0.1/1.2 MB | 0.4/1.2 MB | 0/1.1 MBProgress (5): 237 kB | 49 kB | 0.1/1.2 MB | 0.4/1.2 MB | 0/1.1 MBProgress (5): 237 kB | 49 kB | 0.1/1.2 MB | 0.4/1.2 MB | 0/1.1 MBProgress (5): 237 kB | 49 kB | 0.1/1.2 MB | 0.4/1.2 MB | 0/1.1 MBProgress (5): 237 kB | 49 kB | 0.1/1.2 MB | 0.4/1.2 MB | 0/1.1 MBProgress (5): 237 kB | 49 kB | 0.1/1.2 MB | 0.4/1.2 MB | 0/1.1 MBProgress (5): 237 kB | 49 kB | 0.1/1.2 MB | 0.4/1.2 MB | 0/1.1 MBProgress (5): 237 kB | 49 kB | 0.1/1.2 MB | 0.4/1.2 MB | 0/1.1 MBProgress (5): 237 kB | 49 kB | 0.1/1.2 MB | 0.4/1.2 MB | 0/1.1 MBProgress (5): 237 kB | 49 kB | 0.1/1.2 MB | 0.4/1.2 MB | 0/1.1 MBProgress (5): 237 kB | 49 kB | 0.1/1.2 MB | 0.4/1.2 MB | 0/1.1 MBProgress (5): 237 kB | 49 kB | 0.1/1.2 MB | 0.4/1.2 MB | 0/1.1 MBProgress (5): 237 kB | 49 kB | 0.1/1.2 MB | 0.4/1.2 MB | 0/1.1 MBProgress (5): 237 kB | 49 kB | 0.1/1.2 MB | 0.4/1.2 MB | 0/1.1 MBProgress (5): 237 kB | 49 kB | 0.1/1.2 MB | 0.4/1.2 MB | 0/1.1 MBProgress (5): 237 kB | 49 kB | 0.1/1.2 MB | 0.4/1.2 MB | 0/1.1 MBProgress (5): 237 kB | 49 kB | 0.1/1.2 MB | 0.4/1.2 MB | 0/1.1 MBProgress (5): 237 kB | 49 kB | 0.1/1.2 MB | 0.4/1.2 MB | 0/1.1 MBProgress (5): 237 kB | 49 kB | 0.1/1.2 MB | 0.4/1.2 MB | 0/1.1 MBProgress (5): 237 kB | 49 kB | 0.1/1.2 MB | 0.4/1.2 MB | 0/1.1 MBProgress (5): 237 kB | 49 kB | 0.1/1.2 MB | 0.4/1.2 MB | 0/1.1 MBProgress (5): 237 kB | 49 kB | 0.1/1.2 MB | 0.4/1.2 MB | 0/1.1 MBProgress (5): 237 kB | 49 kB | 0.1/1.2 MB | 0.4/1.2 MB | 0/1.1 MBProgress (5): 237 kB | 49 kB | 0.1/1.2 MB | 0.4/1.2 MB | 0/1.1 MBProgress (5): 237 kB | 49 kB | 0.1/1.2 MB | 0.4/1.2 MB | 0/1.1 MBProgress (5): 237 kB | 49 kB | 0.1/1.2 MB | 0.4/1.2 MB | 0/1.1 MBProgress (5): 237 kB | 49 kB | 0.1/1.2 MB | 0.4/1.2 MB | 0/1.1 MBProgress (5): 237 kB | 49 kB | 0.1/1.2 MB | 0.4/1.2 MB | 0/1.1 MBProgress (5): 237 kB | 49 kB | 0.1/1.2 MB | 0.4/1.2 MB | 0/1.1 MBProgress (5): 237 kB | 49 kB | 0.1/1.2 MB | 0.4/1.2 MB | 0/1.1 MBProgress (5): 237 kB | 49 kB | 0.1/1.2 MB | 0.4/1.2 MB | 0/1.1 MBProgress (5): 237 kB | 49 kB | 0.1/1.2 MB | 0.4/1.2 MB | 0/1.1 MBProgress (5): 237 kB | 49 kB | 0.1/1.2 MB | 0.4/1.2 MB | 0/1.1 MBProgress (5): 237 kB | 49 kB | 0.1/1.2 MB | 0.4/1.2 MB | 0/1.1 MBProgress (5): 237 kB | 49 kB | 0.1/1.2 MB | 0.4/1.2 MB | 0/1.1 MBProgress (5): 237 kB | 49 kB | 0.1/1.2 MB | 0.4/1.2 MB | 0/1.1 MBProgress (5): 237 kB | 49 kB | 0.1/1.2 MB | 0.4/1.2 MB | 0/1.1 MBProgress (5): 237 kB | 49 kB | 0.1/1.2 MB | 0.4/1.2 MB | 0/1.1 MBProgress (5): 237 kB | 49 kB | 0.1/1.2 MB | 0.4/1.2 MB | 0/1.1 MBProgress (5): 237 kB | 49 kB | 0.1/1.2 MB | 0.4/1.2 MB | 0/1.1 MBProgress (5): 237 kB | 49 kB | 0.1/1.2 MB | 0.4/1.2 MB | 0/1.1 MBProgress (5): 237 kB | 49 kB | 0.1/1.2 MB | 0.4/1.2 MB | 0/1.1 MBProgress (5): 237 kB | 49 kB | 0.1/1.2 MB | 0.4/1.2 MB | 0/1.1 MBProgress (5): 237 kB | 49 kB | 0.1/1.2 MB | 0.4/1.2 MB | 0/1.1 MBProgress (5): 237 kB | 49 kB | 0.1/1.2 MB | 0.4/1.2 MB | 0/1.1 MBProgress (5): 237 kB | 49 kB | 0.1/1.2 MB | 0.4/1.2 MB | 0/1.1 MBProgress (5): 237 kB | 49 kB | 0.1/1.2 MB | 0.4/1.2 MB | 0/1.1 MBProgress (5): 237 kB | 49 kB | 0.1/1.2 MB | 0.4/1.2 MB | 0/1.1 MBProgress (5): 237 kB | 49 kB | 0.1/1.2 MB | 0.4/1.2 MB | 0/1.1 MBProgress (5): 237 kB | 49 kB | 0.1/1.2 MB | 0.4/1.2 MB | 0/1.1 MBProgress (5): 237 kB | 49 kB | 0.1/1.2 MB | 0.4/1.2 MB | 0/1.1 MBProgress (5): 237 kB | 49 kB | 0.1/1.2 MB | 0.4/1.2 MB | 0/1.1 MBProgress (5): 237 kB | 49 kB | 0.1/1.2 MB | 0.4/1.2 MB | 0/1.1 MBProgress (5): 237 kB | 49 kB | 0.1/1.2 MB | 0.4/1.2 MB | 0/1.1 MBProgress (5): 237 kB | 49 kB | 0.1/1.2 MB | 0.4/1.2 MB | 0/1.1 MBProgress (5): 237 kB | 49 kB | 0.1/1.2 MB | 0.4/1.2 MB | 0/1.1 MBProgress (5): 237 kB | 49 kB | 0.1/1.2 MB | 0.4/1.2 MB | 0/1.1 MBProgress (5): 237 kB | 49 kB | 0.1/1.2 MB | 0.4/1.2 MB | 0/1.1 MBProgress (5): 237 kB | 49 kB | 0.1/1.2 MB | 0.4/1.2 MB | 0/1.1 MBProgress (5): 237 kB | 49 kB | 0.1/1.2 MB | 0.4/1.2 MB | 0/1.1 MBProgress (5): 237 kB | 49 kB | 0.1/1.2 MB | 0.4/1.2 MB | 0/1.1 MBProgress (5): 237 kB | 49 kB | 0.1/1.2 MB | 0.4/1.2 MB | 0/1.1 MBProgress (5): 237 kB | 49 kB | 0.1/1.2 MB | 0.5/1.2 MB | 0/1.1 MBProgress (5): 237 kB | 49 kB | 0.1/1.2 MB | 0.5/1.2 MB | 0/1.1 MBProgress (5): 237 kB | 49 kB | 0.1/1.2 MB | 0.5/1.2 MB | 0/1.1 MBProgress (5): 237 kB | 49 kB | 0.1/1.2 MB | 0.5/1.2 MB | 0/1.1 MBProgress (5): 237 kB | 49 kB | 0.1/1.2 MB | 0.5/1.2 MB | 0/1.1 MBProgress (5): 237 kB | 49 kB | 0.1/1.2 MB | 0.5/1.2 MB | 0/1.1 MBProgress (5): 237 kB | 49 kB | 0.1/1.2 MB | 0.5/1.2 MB | 0/1.1 MBProgress (5): 237 kB | 49 kB | 0.1/1.2 MB | 0.5/1.2 MB | 0/1.1 MBProgress (5): 237 kB | 49 kB | 0.1/1.2 MB | 0.5/1.2 MB | 0/1.1 MBProgress (5): 237 kB | 49 kB | 0.1/1.2 MB | 0.5/1.2 MB | 0/1.1 MBProgress (5): 237 kB | 49 kB | 0.1/1.2 MB | 0.5/1.2 MB | 0/1.1 MBProgress (5): 237 kB | 49 kB | 0.1/1.2 MB | 0.5/1.2 MB | 0/1.1 MBProgress (5): 237 kB | 49 kB | 0.1/1.2 MB | 0.5/1.2 MB | 0/1.1 MBProgress (5): 237 kB | 49 kB | 0.1/1.2 MB | 0.5/1.2 MB | 0/1.1 MBProgress (5): 237 kB | 49 kB | 0.1/1.2 MB | 0.5/1.2 MB | 0/1.1 MBProgress (5): 237 kB | 49 kB | 0.1/1.2 MB | 0.5/1.2 MB | 0/1.1 MBProgress (5): 237 kB | 49 kB | 0.1/1.2 MB | 0.5/1.2 MB | 0/1.1 MBProgress (5): 237 kB | 49 kB | 0.1/1.2 MB | 0.5/1.2 MB | 0/1.1 MBProgress (5): 237 kB | 49 kB | 0.1/1.2 MB | 0.5/1.2 MB | 0/1.1 MBProgress (5): 237 kB | 49 kB | 0.1/1.2 MB | 0.5/1.2 MB | 0/1.1 MBProgress (5): 237 kB | 49 kB | 0.1/1.2 MB | 0.5/1.2 MB | 0/1.1 MBProgress (5): 237 kB | 49 kB | 0.1/1.2 MB | 0.5/1.2 MB | 0/1.1 MBProgress (5): 237 kB | 49 kB | 0.1/1.2 MB | 0.5/1.2 MB | 0/1.1 MBProgress (5): 237 kB | 49 kB | 0.1/1.2 MB | 0.5/1.2 MB | 0/1.1 MBProgress (5): 237 kB | 49 kB | 0.1/1.2 MB | 0.5/1.2 MB | 0/1.1 MBProgress (5): 237 kB | 49 kB | 0.1/1.2 MB | 0.5/1.2 MB | 0/1.1 MBProgress (5): 237 kB | 49 kB | 0.1/1.2 MB | 0.5/1.2 MB | 0/1.1 MBProgress (5): 237 kB | 49 kB | 0.1/1.2 MB | 0.5/1.2 MB | 0/1.1 MBProgress (5): 237 kB | 49 kB | 0.1/1.2 MB | 0.5/1.2 MB | 0/1.1 MBProgress (5): 237 kB | 49 kB | 0.1/1.2 MB | 0.5/1.2 MB | 0/1.1 MBProgress (5): 237 kB | 49 kB | 0.1/1.2 MB | 0.5/1.2 MB | 0/1.1 MBProgress (5): 237 kB | 49 kB | 0.1/1.2 MB | 0.5/1.2 MB | 0/1.1 MBProgress (5): 237 kB | 49 kB | 0.1/1.2 MB | 0.5/1.2 MB | 0/1.1 MBProgress (5): 237 kB | 49 kB | 0.1/1.2 MB | 0.5/1.2 MB | 0/1.1 MBProgress (5): 237 kB | 49 kB | 0.1/1.2 MB | 0.5/1.2 MB | 0/1.1 MBProgress (5): 237 kB | 49 kB | 0.1/1.2 MB | 0.5/1.2 MB | 0/1.1 MBProgress (5): 237 kB | 49 kB | 0.1/1.2 MB | 0.5/1.2 MB | 0/1.1 MBProgress (5): 237 kB | 49 kB | 0.1/1.2 MB | 0.5/1.2 MB | 0/1.1 MBProgress (5): 237 kB | 49 kB | 0.1/1.2 MB | 0.5/1.2 MB | 0/1.1 MBProgress (5): 237 kB | 49 kB | 0.1/1.2 MB | 0.5/1.2 MB | 0/1.1 MBProgress (5): 237 kB | 49 kB | 0.1/1.2 MB | 0.5/1.2 MB | 0/1.1 MBProgress (5): 237 kB | 49 kB | 0.1/1.2 MB | 0.5/1.2 MB | 0/1.1 MBProgress (5): 237 kB | 49 kB | 0.1/1.2 MB | 0.5/1.2 MB | 0/1.1 MBProgress (5): 237 kB | 49 kB | 0.1/1.2 MB | 0.5/1.2 MB | 0/1.1 MBProgress (5): 237 kB | 49 kB | 0.1/1.2 MB | 0.6/1.2 MB | 0/1.1 MBProgress (5): 237 kB | 49 kB | 0.1/1.2 MB | 0.6/1.2 MB | 0/1.1 MBProgress (5): 237 kB | 49 kB | 0.1/1.2 MB | 0.6/1.2 MB | 0/1.1 MBProgress (5): 237 kB | 49 kB | 0.1/1.2 MB | 0.6/1.2 MB | 0/1.1 MBProgress (5): 237 kB | 49 kB | 0.1/1.2 MB | 0.6/1.2 MB | 0/1.1 MBProgress (5): 237 kB | 49 kB | 0.1/1.2 MB | 0.6/1.2 MB | 0/1.1 MBProgress (5): 237 kB | 49 kB | 0.1/1.2 MB | 0.6/1.2 MB | 0/1.1 MBProgress (5): 237 kB | 49 kB | 0.1/1.2 MB | 0.6/1.2 MB | 0/1.1 MBProgress (5): 237 kB | 49 kB | 0.1/1.2 MB | 0.6/1.2 MB | 0/1.1 MBProgress (5): 237 kB | 49 kB | 0.1/1.2 MB | 0.6/1.2 MB | 0/1.1 MBProgress (5): 237 kB | 49 kB | 0.1/1.2 MB | 0.6/1.2 MB | 0/1.1 MBProgress (5): 237 kB | 49 kB | 0.1/1.2 MB | 0.6/1.2 MB | 0/1.1 MBProgress (5): 237 kB | 49 kB | 0.1/1.2 MB | 0.6/1.2 MB | 0/1.1 MBProgress (5): 237 kB | 49 kB | 0.1/1.2 MB | 0.6/1.2 MB | 0/1.1 MBProgress (5): 237 kB | 49 kB | 0.1/1.2 MB | 0.6/1.2 MB | 0/1.1 MBProgress (5): 237 kB | 49 kB | 0.1/1.2 MB | 0.6/1.2 MB | 0/1.1 MBProgress (5): 237 kB | 49 kB | 0.1/1.2 MB | 0.6/1.2 MB | 0/1.1 MBProgress (5): 237 kB | 49 kB | 0.1/1.2 MB | 0.6/1.2 MB | 0/1.1 MBProgress (5): 237 kB | 49 kB | 0.1/1.2 MB | 0.6/1.2 MB | 0/1.1 MBProgress (5): 237 kB | 49 kB | 0.1/1.2 MB | 0.6/1.2 MB | 0/1.1 MBProgress (5): 237 kB | 49 kB | 0.1/1.2 MB | 0.6/1.2 MB | 0/1.1 MBProgress (5): 237 kB | 49 kB | 0.1/1.2 MB | 0.6/1.2 MB | 0/1.1 MBProgress (5): 237 kB | 49 kB | 0.1/1.2 MB | 0.6/1.2 MB | 0/1.1 MBProgress (5): 237 kB | 49 kB | 0.1/1.2 MB | 0.6/1.2 MB | 0/1.1 MBProgress (5): 237 kB | 49 kB | 0.1/1.2 MB | 0.6/1.2 MB | 0/1.1 MBProgress (5): 237 kB | 49 kB | 0.1/1.2 MB | 0.6/1.2 MB | 0/1.1 MBProgress (5): 237 kB | 49 kB | 0.1/1.2 MB | 0.6/1.2 MB | 0/1.1 MBProgress (5): 237 kB | 49 kB | 0.1/1.2 MB | 0.6/1.2 MB | 0/1.1 MBProgress (5): 237 kB | 49 kB | 0.1/1.2 MB | 0.6/1.2 MB | 0/1.1 MBProgress (5): 237 kB | 49 kB | 0.1/1.2 MB | 0.6/1.2 MB | 0/1.1 MBProgress (5): 237 kB | 49 kB | 0.1/1.2 MB | 0.6/1.2 MB | 0/1.1 MBProgress (5): 237 kB | 49 kB | 0.1/1.2 MB | 0.6/1.2 MB | 0/1.1 MBProgress (5): 237 kB | 49 kB | 0.1/1.2 MB | 0.6/1.2 MB | 0/1.1 MBProgress (5): 237 kB | 49 kB | 0.1/1.2 MB | 0.6/1.2 MB | 0/1.1 MBProgress (5): 237 kB | 49 kB | 0.1/1.2 MB | 0.6/1.2 MB | 0/1.1 MBProgress (5): 237 kB | 49 kB | 0.1/1.2 MB | 0.7/1.2 MB | 0/1.1 MBProgress (5): 237 kB | 49 kB | 0.1/1.2 MB | 0.7/1.2 MB | 0/1.1 MBProgress (5): 237 kB | 49 kB | 0.1/1.2 MB | 0.7/1.2 MB | 0/1.1 MBProgress (5): 237 kB | 49 kB | 0.1/1.2 MB | 0.7/1.2 MB | 0/1.1 MBProgress (5): 237 kB | 49 kB | 0.1/1.2 MB | 0.7/1.2 MB | 0/1.1 MBProgress (5): 237 kB | 49 kB | 0.1/1.2 MB | 0.7/1.2 MB | 0/1.1 MBProgress (5): 237 kB | 49 kB | 0.1/1.2 MB | 0.7/1.2 MB | 0/1.1 MBProgress (5): 237 kB | 49 kB | 0.1/1.2 MB | 0.7/1.2 MB | 0/1.1 MBProgress (5): 237 kB | 49 kB | 0.1/1.2 MB | 0.7/1.2 MB | 0/1.1 MBProgress (5): 237 kB | 49 kB | 0.1/1.2 MB | 0.7/1.2 MB | 0/1.1 MBProgress (5): 237 kB | 49 kB | 0.1/1.2 MB | 0.7/1.2 MB | 0/1.1 MBProgress (5): 237 kB | 49 kB | 0.1/1.2 MB | 0.7/1.2 MB | 0/1.1 MBProgress (5): 237 kB | 49 kB | 0.1/1.2 MB | 0.7/1.2 MB | 0/1.1 MBProgress (5): 237 kB | 49 kB | 0.1/1.2 MB | 0.7/1.2 MB | 0/1.1 MBProgress (5): 237 kB | 49 kB | 0.1/1.2 MB | 0.7/1.2 MB | 0/1.1 MBProgress (5): 237 kB | 49 kB | 0.1/1.2 MB | 0.7/1.2 MB | 0/1.1 MBProgress (5): 237 kB | 49 kB | 0.1/1.2 MB | 0.7/1.2 MB | 0/1.1 MBProgress (5): 237 kB | 49 kB | 0.1/1.2 MB | 0.7/1.2 MB | 0/1.1 MBProgress (5): 237 kB | 49 kB | 0.1/1.2 MB | 0.7/1.2 MB | 0/1.1 MBProgress (5): 237 kB | 49 kB | 0.1/1.2 MB | 0.7/1.2 MB | 0/1.1 MBProgress (5): 237 kB | 49 kB | 0.1/1.2 MB | 0.7/1.2 MB | 0/1.1 MBProgress (5): 237 kB | 49 kB | 0.1/1.2 MB | 0.7/1.2 MB | 0/1.1 MBProgress (5): 237 kB | 49 kB | 0.1/1.2 MB | 0.7/1.2 MB | 0/1.1 MBProgress (5): 237 kB | 49 kB | 0.1/1.2 MB | 0.7/1.2 MB | 0/1.1 MBProgress (5): 237 kB | 49 kB | 0.1/1.2 MB | 0.7/1.2 MB | 0/1.1 MBProgress (5): 237 kB | 49 kB | 0.1/1.2 MB | 0.7/1.2 MB | 0/1.1 MBProgress (5): 237 kB | 49 kB | 0.1/1.2 MB | 0.7/1.2 MB | 0/1.1 MBProgress (5): 237 kB | 49 kB | 0.1/1.2 MB | 0.7/1.2 MB | 0/1.1 MBProgress (5): 237 kB | 49 kB | 0.1/1.2 MB | 0.7/1.2 MB | 0/1.1 MBProgress (5): 237 kB | 49 kB | 0.1/1.2 MB | 0.7/1.2 MB | 0/1.1 MBProgress (5): 237 kB | 49 kB | 0.1/1.2 MB | 0.7/1.2 MB | 0/1.1 MBProgress (5): 237 kB | 49 kB | 0.1/1.2 MB | 0.7/1.2 MB | 0/1.1 MBProgress (5): 237 kB | 49 kB | 0.1/1.2 MB | 0.7/1.2 MB | 0/1.1 MBProgress (5): 237 kB | 49 kB | 0.1/1.2 MB | 0.7/1.2 MB | 0/1.1 MBProgress (5): 237 kB | 49 kB | 0.1/1.2 MB | 0.7/1.2 MB | 0/1.1 MBProgress (5): 237 kB | 49 kB | 0.1/1.2 MB | 0.7/1.2 MB | 0/1.1 MBProgress (5): 237 kB | 49 kB | 0.1/1.2 MB | 0.7/1.2 MB | 0/1.1 MBProgress (5): 237 kB | 49 kB | 0.1/1.2 MB | 0.7/1.2 MB | 0/1.1 MBProgress (5): 237 kB | 49 kB | 0.1/1.2 MB | 0.7/1.2 MB | 0/1.1 MBProgress (5): 237 kB | 49 kB | 0.1/1.2 MB | 0.7/1.2 MB | 0/1.1 MBProgress (5): 237 kB | 49 kB | 0.1/1.2 MB | 0.7/1.2 MB | 0/1.1 MBProgress (5): 237 kB | 49 kB | 0.1/1.2 MB | 0.7/1.2 MB | 0/1.1 MBProgress (5): 237 kB | 49 kB | 0.1/1.2 MB | 0.7/1.2 MB | 0/1.1 MBProgress (5): 237 kB | 49 kB | 0.1/1.2 MB | 0.7/1.2 MB | 0/1.1 MBProgress (5): 237 kB | 49 kB | 0.1/1.2 MB | 0.7/1.2 MB | 0/1.1 MBProgress (5): 237 kB | 49 kB | 0.1/1.2 MB | 0.7/1.2 MB | 0/1.1 MBProgress (5): 237 kB | 49 kB | 0.1/1.2 MB | 0.7/1.2 MB | 0/1.1 MBProgress (5): 237 kB | 49 kB | 0.1/1.2 MB | 0.7/1.2 MB | 0/1.1 MBProgress (5): 237 kB | 49 kB | 0.1/1.2 MB | 0.7/1.2 MB | 0/1.1 MBProgress (5): 237 kB | 49 kB | 0.1/1.2 MB | 0.7/1.2 MB | 0/1.1 MB                                                                 Downloaded from bintray: http://jcenter.bintray.com/net/jpountz/lz4/lz4/1.3.0/lz4-1.3.0.jar (237 kB at 77 kB/s)
Progress (4): 49 kB | 0.1/1.2 MB | 0.7/1.2 MB | 0/1.1 MB                                                        Downloading from bintray: http://jcenter.bintray.com/com/google/code/gson/gson/2.7/gson-2.7.jar
Progress (4): 49 kB | 0.1/1.2 MB | 0.7/1.2 MB | 0/1.1 MBProgress (4): 49 kB | 0.1/1.2 MB | 0.7/1.2 MB | 0/1.1 MBProgress (4): 49 kB | 0.1/1.2 MB | 0.7/1.2 MB | 0/1.1 MBProgress (4): 49 kB | 0.1/1.2 MB | 0.7/1.2 MB | 0/1.1 MBProgress (4): 49 kB | 0.1/1.2 MB | 0.7/1.2 MB | 0/1.1 MBProgress (4): 49 kB | 0.1/1.2 MB | 0.7/1.2 MB | 0/1.1 MBProgress (4): 49 kB | 0.1/1.2 MB | 0.7/1.2 MB | 0/1.1 MBProgress (4): 49 kB | 0.1/1.2 MB | 0.7/1.2 MB | 0/1.1 MBProgress (4): 49 kB | 0.1/1.2 MB | 0.7/1.2 MB | 0/1.1 MBProgress (4): 49 kB | 0.1/1.2 MB | 0.7/1.2 MB | 0/1.1 MBProgress (4): 49 kB | 0.1/1.2 MB | 0.7/1.2 MB | 0/1.1 MBProgress (4): 49 kB | 0.1/1.2 MB | 0.7/1.2 MB | 0/1.1 MBProgress (4): 49 kB | 0.1/1.2 MB | 0.7/1.2 MB | 0/1.1 MBProgress (4): 49 kB | 0.1/1.2 MB | 0.7/1.2 MB | 0/1.1 MBProgress (4): 49 kB | 0.1/1.2 MB | 0.7/1.2 MB | 0/1.1 MBProgress (4): 49 kB | 0.1/1.2 MB | 0.7/1.2 MB | 0/1.1 MBProgress (4): 49 kB | 0.1/1.2 MB | 0.7/1.2 MB | 0/1.1 MBProgress (4): 49 kB | 0.1/1.2 MB | 0.7/1.2 MB | 0/1.1 MBProgress (4): 49 kB | 0.1/1.2 MB | 0.7/1.2 MB | 0/1.1 MBProgress (4): 49 kB | 0.1/1.2 MB | 0.7/1.2 MB | 0/1.1 MBProgress (4): 49 kB | 0.1/1.2 MB | 0.7/1.2 MB | 0/1.1 MBProgress (4): 49 kB | 0.1/1.2 MB | 0.7/1.2 MB | 0/1.1 MBProgress (4): 49 kB | 0.1/1.2 MB | 0.7/1.2 MB | 0/1.1 MBProgress (4): 49 kB | 0.1/1.2 MB | 0.7/1.2 MB | 0/1.1 MBProgress (4): 49 kB | 0.1/1.2 MB | 0.7/1.2 MB | 0/1.1 MBProgress (4): 49 kB | 0.1/1.2 MB | 0.7/1.2 MB | 0/1.1 MBProgress (4): 49 kB | 0.1/1.2 MB | 0.7/1.2 MB | 0/1.1 MBProgress (4): 49 kB | 0.1/1.2 MB | 0.7/1.2 MB | 0/1.1 MBProgress (4): 49 kB | 0.1/1.2 MB | 0.7/1.2 MB | 0/1.1 MBProgress (4): 49 kB | 0.1/1.2 MB | 0.7/1.2 MB | 0/1.1 MBProgress (4): 49 kB | 0.1/1.2 MB | 0.7/1.2 MB | 0.1/1.1 MBProgress (4): 49 kB | 0.1/1.2 MB | 0.7/1.2 MB | 0.1/1.1 MBProgress (4): 49 kB | 0.1/1.2 MB | 0.7/1.2 MB | 0.1/1.1 MBProgress (4): 49 kB | 0.2/1.2 MB | 0.7/1.2 MB | 0.1/1.1 MBProgress (4): 49 kB | 0.2/1.2 MB | 0.7/1.2 MB | 0.1/1.1 MBProgress (4): 49 kB | 0.2/1.2 MB | 0.7/1.2 MB | 0.1/1.1 MBProgress (4): 49 kB | 0.2/1.2 MB | 0.7/1.2 MB | 0.1/1.1 MBProgress (4): 49 kB | 0.2/1.2 MB | 0.7/1.2 MB | 0.1/1.1 MBProgress (4): 49 kB | 0.2/1.2 MB | 0.7/1.2 MB | 0.1/1.1 MBProgress (4): 49 kB | 0.2/1.2 MB | 0.7/1.2 MB | 0.1/1.1 MBProgress (4): 49 kB | 0.2/1.2 MB | 0.7/1.2 MB | 0.1/1.1 MBProgress (4): 49 kB | 0.2/1.2 MB | 0.7/1.2 MB | 0.1/1.1 MBProgress (4): 49 kB | 0.2/1.2 MB | 0.7/1.2 MB | 0.1/1.1 MBProgress (4): 49 kB | 0.2/1.2 MB | 0.7/1.2 MB | 0.1/1.1 MBProgress (4): 49 kB | 0.2/1.2 MB | 0.7/1.2 MB | 0.1/1.1 MBProgress (4): 49 kB | 0.2/1.2 MB | 0.7/1.2 MB | 0.1/1.1 MBProgress (4): 49 kB | 0.2/1.2 MB | 0.7/1.2 MB | 0.1/1.1 MBProgress (4): 49 kB | 0.2/1.2 MB | 0.7/1.2 MB | 0.1/1.1 MBProgress (4): 49 kB | 0.2/1.2 MB | 0.7/1.2 MB | 0.1/1.1 MBProgress (4): 49 kB | 0.2/1.2 MB | 0.7/1.2 MB | 0.1/1.1 MB                                                          Downloaded from bintray: http://jcenter.bintray.com/org/json/json/20160212/json-20160212.jar (49 kB at 16 kB/s)
Progress (3): 0.2/1.2 MB | 0.7/1.2 MB | 0.1/1.1 MBProgress (3): 0.2/1.2 MB | 0.7/1.2 MB | 0.1/1.1 MBProgress (3): 0.2/1.2 MB | 0.8/1.2 MB | 0.1/1.1 MBProgress (3): 0.2/1.2 MB | 0.8/1.2 MB | 0.1/1.1 MBProgress (3): 0.2/1.2 MB | 0.8/1.2 MB | 0.1/1.1 MBProgress (3): 0.2/1.2 MB | 0.8/1.2 MB | 0.1/1.1 MBProgress (3): 0.2/1.2 MB | 0.8/1.2 MB | 0.1/1.1 MBProgress (3): 0.2/1.2 MB | 0.8/1.2 MB | 0.1/1.1 MBProgress (3): 0.2/1.2 MB | 0.8/1.2 MB | 0.1/1.1 MBProgress (3): 0.2/1.2 MB | 0.8/1.2 MB | 0.1/1.1 MBProgress (3): 0.2/1.2 MB | 0.8/1.2 MB | 0.1/1.1 MBProgress (3): 0.2/1.2 MB | 0.8/1.2 MB | 0.1/1.1 MBProgress (3): 0.2/1.2 MB | 0.8/1.2 MB | 0.1/1.1 MBProgress (3): 0.2/1.2 MB | 0.8/1.2 MB | 0.1/1.1 MBProgress (3): 0.2/1.2 MB | 0.8/1.2 MB | 0.1/1.1 MBProgress (3): 0.2/1.2 MB | 0.8/1.2 MB | 0.1/1.1 MBProgress (3): 0.2/1.2 MB | 0.8/1.2 MB | 0.1/1.1 MBProgress (3): 0.2/1.2 MB | 0.8/1.2 MB | 0.1/1.1 MBProgress (3): 0.2/1.2 MB | 0.8/1.2 MB | 0.1/1.1 MBProgress (3): 0.2/1.2 MB | 0.8/1.2 MB | 0.1/1.1 MBProgress (3): 0.2/1.2 MB | 0.8/1.2 MB | 0.1/1.1 MBProgress (3): 0.2/1.2 MB | 0.8/1.2 MB | 0.1/1.1 MBProgress (3): 0.2/1.2 MB | 0.8/1.2 MB | 0.1/1.1 MBProgress (3): 0.2/1.2 MB | 0.8/1.2 MB | 0.1/1.1 MBProgress (3): 0.2/1.2 MB | 0.8/1.2 MB | 0.1/1.1 MBProgress (3): 0.2/1.2 MB | 0.8/1.2 MB | 0.1/1.1 MBProgress (3): 0.2/1.2 MB | 0.8/1.2 MB | 0.1/1.1 MBProgress (3): 0.2/1.2 MB | 0.8/1.2 MB | 0.1/1.1 MBProgress (3): 0.2/1.2 MB | 0.8/1.2 MB | 0.1/1.1 MBProgress (3): 0.2/1.2 MB | 0.8/1.2 MB | 0.1/1.1 MBProgress (3): 0.2/1.2 MB | 0.8/1.2 MB | 0.1/1.1 MBProgress (3): 0.2/1.2 MB | 0.8/1.2 MB | 0.1/1.1 MBProgress (3): 0.2/1.2 MB | 0.8/1.2 MB | 0.1/1.1 MBProgress (3): 0.2/1.2 MB | 0.8/1.2 MB | 0.1/1.1 MBProgress (3): 0.2/1.2 MB | 0.8/1.2 MB | 0.1/1.1 MBProgress (3): 0.2/1.2 MB | 0.8/1.2 MB | 0.1/1.1 MBProgress (3): 0.2/1.2 MB | 0.8/1.2 MB | 0.1/1.1 MBProgress (3): 0.2/1.2 MB | 0.8/1.2 MB | 0.1/1.1 MBProgress (3): 0.2/1.2 MB | 0.8/1.2 MB | 0.1/1.1 MBProgress (3): 0.2/1.2 MB | 0.8/1.2 MB | 0.1/1.1 MBProgress (3): 0.2/1.2 MB | 0.8/1.2 MB | 0.1/1.1 MBProgress (3): 0.2/1.2 MB | 0.8/1.2 MB | 0.1/1.1 MBProgress (3): 0.2/1.2 MB | 0.8/1.2 MB | 0.1/1.1 MBProgress (3): 0.2/1.2 MB | 0.8/1.2 MB | 0.1/1.1 MBProgress (3): 0.2/1.2 MB | 0.9/1.2 MB | 0.1/1.1 MBProgress (3): 0.2/1.2 MB | 0.9/1.2 MB | 0.1/1.1 MBProgress (3): 0.2/1.2 MB | 0.9/1.2 MB | 0.1/1.1 MBProgress (3): 0.2/1.2 MB | 0.9/1.2 MB | 0.1/1.1 MBProgress (3): 0.2/1.2 MB | 0.9/1.2 MB | 0.1/1.1 MBProgress (3): 0.2/1.2 MB | 0.9/1.2 MB | 0.1/1.1 MBProgress (3): 0.2/1.2 MB | 0.9/1.2 MB | 0.1/1.1 MBProgress (3): 0.2/1.2 MB | 0.9/1.2 MB | 0.1/1.1 MBProgress (3): 0.2/1.2 MB | 0.9/1.2 MB | 0.1/1.1 MBProgress (3): 0.2/1.2 MB | 0.9/1.2 MB | 0.1/1.1 MBProgress (3): 0.2/1.2 MB | 0.9/1.2 MB | 0.1/1.1 MBProgress (3): 0.2/1.2 MB | 0.9/1.2 MB | 0.1/1.1 MBProgress (3): 0.2/1.2 MB | 0.9/1.2 MB | 0.1/1.1 MBProgress (3): 0.2/1.2 MB | 0.9/1.2 MB | 0.1/1.1 MBProgress (3): 0.2/1.2 MB | 0.9/1.2 MB | 0.1/1.1 MBProgress (3): 0.2/1.2 MB | 0.9/1.2 MB | 0.1/1.1 MBProgress (3): 0.2/1.2 MB | 0.9/1.2 MB | 0.1/1.1 MBProgress (3): 0.2/1.2 MB | 0.9/1.2 MB | 0.1/1.1 MBProgress (3): 0.2/1.2 MB | 0.9/1.2 MB | 0.1/1.1 MBProgress (3): 0.2/1.2 MB | 0.9/1.2 MB | 0.1/1.1 MBProgress (3): 0.2/1.2 MB | 0.9/1.2 MB | 0.1/1.1 MBProgress (3): 0.2/1.2 MB | 0.9/1.2 MB | 0.1/1.1 MBProgress (3): 0.2/1.2 MB | 0.9/1.2 MB | 0.1/1.1 MBProgress (3): 0.2/1.2 MB | 0.9/1.2 MB | 0.1/1.1 MBProgress (3): 0.2/1.2 MB | 0.9/1.2 MB | 0.1/1.1 MBProgress (3): 0.2/1.2 MB | 0.9/1.2 MB | 0.1/1.1 MBProgress (3): 0.2/1.2 MB | 0.9/1.2 MB | 0.1/1.1 MBProgress (3): 0.2/1.2 MB | 0.9/1.2 MB | 0.1/1.1 MBProgress (3): 0.2/1.2 MB | 0.9/1.2 MB | 0.1/1.1 MBProgress (3): 0.2/1.2 MB | 0.9/1.2 MB | 0.1/1.1 MBProgress (3): 0.2/1.2 MB | 0.9/1.2 MB | 0.1/1.1 MBProgress (3): 0.2/1.2 MB | 0.9/1.2 MB | 0.1/1.1 MBProgress (3): 0.2/1.2 MB | 0.9/1.2 MB | 0.1/1.1 MBProgress (3): 0.2/1.2 MB | 0.9/1.2 MB | 0.1/1.1 MBProgress (3): 0.2/1.2 MB | 0.9/1.2 MB | 0.1/1.1 MBProgress (3): 0.2/1.2 MB | 0.9/1.2 MB | 0.1/1.1 MBProgress (3): 0.2/1.2 MB | 0.9/1.2 MB | 0.1/1.1 MBProgress (3): 0.2/1.2 MB | 0.9/1.2 MB | 0.1/1.1 MBProgress (3): 0.2/1.2 MB | 0.9/1.2 MB | 0.1/1.1 MBProgress (3): 0.2/1.2 MB | 0.9/1.2 MB | 0.1/1.1 MBProgress (3): 0.2/1.2 MB | 0.9/1.2 MB | 0.1/1.1 MBProgress (3): 0.2/1.2 MB | 0.9/1.2 MB | 0.1/1.1 MBProgress (3): 0.2/1.2 MB | 1.0/1.2 MB | 0.1/1.1 MBProgress (3): 0.2/1.2 MB | 1.0/1.2 MB | 0.1/1.1 MBProgress (3): 0.2/1.2 MB | 1.0/1.2 MB | 0.1/1.1 MBProgress (3): 0.2/1.2 MB | 1.0/1.2 MB | 0.1/1.1 MBProgress (3): 0.2/1.2 MB | 1.0/1.2 MB | 0.1/1.1 MBProgress (3): 0.2/1.2 MB | 1.0/1.2 MB | 0.1/1.1 MBProgress (3): 0.2/1.2 MB | 1.0/1.2 MB | 0.1/1.1 MBProgress (3): 0.2/1.2 MB | 1.0/1.2 MB | 0.1/1.1 MBProgress (3): 0.2/1.2 MB | 1.0/1.2 MB | 0.1/1.1 MBProgress (3): 0.2/1.2 MB | 1.0/1.2 MB | 0.1/1.1 MBProgress (3): 0.2/1.2 MB | 1.0/1.2 MB | 0.1/1.1 MBProgress (3): 0.2/1.2 MB | 1.0/1.2 MB | 0.1/1.1 MBProgress (3): 0.2/1.2 MB | 1.0/1.2 MB | 0.1/1.1 MBProgress (3): 0.2/1.2 MB | 1.0/1.2 MB | 0.1/1.1 MBProgress (3): 0.2/1.2 MB | 1.0/1.2 MB | 0.1/1.1 MBProgress (3): 0.2/1.2 MB | 1.0/1.2 MB | 0.1/1.1 MBProgress (3): 0.2/1.2 MB | 1.0/1.2 MB | 0.1/1.1 MBProgress (3): 0.2/1.2 MB | 1.0/1.2 MB | 0.1/1.1 MBProgress (3): 0.2/1.2 MB | 1.0/1.2 MB | 0.1/1.1 MBProgress (3): 0.2/1.2 MB | 1.0/1.2 MB | 0.1/1.1 MBProgress (3): 0.2/1.2 MB | 1.0/1.2 MB | 0.1/1.1 MBProgress (3): 0.2/1.2 MB | 1.0/1.2 MB | 0.1/1.1 MBProgress (3): 0.2/1.2 MB | 1.0/1.2 MB | 0.1/1.1 MBProgress (3): 0.2/1.2 MB | 1.0/1.2 MB | 0.1/1.1 MBProgress (3): 0.2/1.2 MB | 1.0/1.2 MB | 0.1/1.1 MBProgress (3): 0.2/1.2 MB | 1.0/1.2 MB | 0.1/1.1 MBProgress (3): 0.2/1.2 MB | 1.0/1.2 MB | 0.1/1.1 MBProgress (3): 0.2/1.2 MB | 1.0/1.2 MB | 0.1/1.1 MBProgress (3): 0.2/1.2 MB | 1.0/1.2 MB | 0.1/1.1 MBProgress (3): 0.2/1.2 MB | 1.0/1.2 MB | 0.1/1.1 MBProgress (3): 0.2/1.2 MB | 1.0/1.2 MB | 0.1/1.1 MBProgress (3): 0.2/1.2 MB | 1.0/1.2 MB | 0.1/1.1 MBProgress (3): 0.2/1.2 MB | 1.0/1.2 MB | 0.1/1.1 MBProgress (3): 0.2/1.2 MB | 1.0/1.2 MB | 0.1/1.1 MBProgress (3): 0.2/1.2 MB | 1.0/1.2 MB | 0.1/1.1 MBProgress (3): 0.2/1.2 MB | 1.0/1.2 MB | 0.1/1.1 MBProgress (3): 0.2/1.2 MB | 1.0/1.2 MB | 0.1/1.1 MBProgress (3): 0.2/1.2 MB | 1.0/1.2 MB | 0.1/1.1 MBProgress (3): 0.2/1.2 MB | 1.0/1.2 MB | 0.1/1.1 MBProgress (3): 0.2/1.2 MB | 1.0/1.2 MB | 0.1/1.1 MBProgress (3): 0.2/1.2 MB | 1.0/1.2 MB | 0.1/1.1 MBProgress (3): 0.2/1.2 MB | 1.0/1.2 MB | 0.1/1.1 MBProgress (3): 0.2/1.2 MB | 1.0/1.2 MB | 0.1/1.1 MBProgress (3): 0.2/1.2 MB | 1.0/1.2 MB | 0.1/1.1 MBProgress (3): 0.2/1.2 MB | 1.1/1.2 MB | 0.1/1.1 MBProgress (3): 0.2/1.2 MB | 1.1/1.2 MB | 0.1/1.1 MBProgress (3): 0.2/1.2 MB | 1.1/1.2 MB | 0.1/1.1 MBProgress (3): 0.2/1.2 MB | 1.1/1.2 MB | 0.1/1.1 MBProgress (3): 0.2/1.2 MB | 1.1/1.2 MB | 0.1/1.1 MBProgress (3): 0.2/1.2 MB | 1.1/1.2 MB | 0.1/1.1 MBProgress (3): 0.2/1.2 MB | 1.1/1.2 MB | 0.1/1.1 MBProgress (3): 0.2/1.2 MB | 1.1/1.2 MB | 0.1/1.1 MBProgress (3): 0.2/1.2 MB | 1.1/1.2 MB | 0.1/1.1 MBProgress (3): 0.2/1.2 MB | 1.1/1.2 MB | 0.1/1.1 MBProgress (3): 0.2/1.2 MB | 1.1/1.2 MB | 0.1/1.1 MBProgress (3): 0.2/1.2 MB | 1.1/1.2 MB | 0.1/1.1 MBProgress (3): 0.2/1.2 MB | 1.1/1.2 MB | 0.1/1.1 MBProgress (3): 0.2/1.2 MB | 1.1/1.2 MB | 0.1/1.1 MBProgress (3): 0.2/1.2 MB | 1.1/1.2 MB | 0.1/1.1 MBProgress (3): 0.2/1.2 MB | 1.1/1.2 MB | 0.1/1.1 MBProgress (3): 0.2/1.2 MB | 1.1/1.2 MB | 0.1/1.1 MBProgress (3): 0.2/1.2 MB | 1.1/1.2 MB | 0.1/1.1 MBProgress (3): 0.2/1.2 MB | 1.1/1.2 MB | 0.1/1.1 MBProgress (3): 0.2/1.2 MB | 1.1/1.2 MB | 0.1/1.1 MBProgress (3): 0.2/1.2 MB | 1.1/1.2 MB | 0.1/1.1 MBProgress (3): 0.2/1.2 MB | 1.1/1.2 MB | 0.1/1.1 MBProgress (3): 0.2/1.2 MB | 1.1/1.2 MB | 0.1/1.1 MBProgress (3): 0.2/1.2 MB | 1.1/1.2 MB | 0.1/1.1 MBProgress (3): 0.2/1.2 MB | 1.1/1.2 MB | 0.1/1.1 MBProgress (3): 0.2/1.2 MB | 1.1/1.2 MB | 0.1/1.1 MBProgress (3): 0.2/1.2 MB | 1.1/1.2 MB | 0.1/1.1 MBProgress (3): 0.2/1.2 MB | 1.1/1.2 MB | 0.1/1.1 MBProgress (3): 0.2/1.2 MB | 1.1/1.2 MB | 0.1/1.1 MBProgress (3): 0.2/1.2 MB | 1.1/1.2 MB | 0.1/1.1 MBProgress (3): 0.2/1.2 MB | 1.1/1.2 MB | 0.1/1.1 MBProgress (3): 0.2/1.2 MB | 1.1/1.2 MB | 0.1/1.1 MBProgress (3): 0.2/1.2 MB | 1.1/1.2 MB | 0.1/1.1 MBProgress (3): 0.2/1.2 MB | 1.1/1.2 MB | 0.1/1.1 MBProgress (3): 0.2/1.2 MB | 1.1/1.2 MB | 0.1/1.1 MBProgress (3): 0.2/1.2 MB | 1.1/1.2 MB | 0.1/1.1 MBProgress (3): 0.2/1.2 MB | 1.1/1.2 MB | 0.1/1.1 MBProgress (3): 0.2/1.2 MB | 1.1/1.2 MB | 0.1/1.1 MBProgress (3): 0.2/1.2 MB | 1.1/1.2 MB | 0.1/1.1 MBProgress (3): 0.2/1.2 MB | 1.1/1.2 MB | 0.1/1.1 MBProgress (3): 0.2/1.2 MB | 1.2/1.2 MB | 0.1/1.1 MBProgress (3): 0.2/1.2 MB | 1.2/1.2 MB | 0.1/1.1 MBProgress (3): 0.2/1.2 MB | 1.2/1.2 MB | 0.1/1.1 MBProgress (3): 0.2/1.2 MB | 1.2/1.2 MB | 0.1/1.1 MBProgress (3): 0.2/1.2 MB | 1.2/1.2 MB | 0.1/1.1 MBProgress (3): 0.2/1.2 MB | 1.2/1.2 MB | 0.1/1.1 MBProgress (3): 0.2/1.2 MB | 1.2/1.2 MB | 0.1/1.1 MBProgress (3): 0.2/1.2 MB | 1.2/1.2 MB | 0.1/1.1 MBProgress (3): 0.2/1.2 MB | 1.2/1.2 MB | 0.1/1.1 MBProgress (3): 0.2/1.2 MB | 1.2/1.2 MB | 0.1/1.1 MBProgress (3): 0.2/1.2 MB | 1.2/1.2 MB | 0.1/1.1 MBProgress (3): 0.2/1.2 MB | 1.2/1.2 MB | 0.1/1.1 MBProgress (3): 0.2/1.2 MB | 1.2/1.2 MB | 0.1/1.1 MBProgress (3): 0.2/1.2 MB | 1.2/1.2 MB | 0.1/1.1 MBProgress (3): 0.2/1.2 MB | 1.2/1.2 MB | 0.1/1.1 MBProgress (3): 0.2/1.2 MB | 1.2/1.2 MB | 0.1/1.1 MBProgress (3): 0.2/1.2 MB | 1.2/1.2 MB | 0.1/1.1 MBProgress (3): 0.2/1.2 MB | 1.2/1.2 MB | 0.1/1.1 MBProgress (3): 0.2/1.2 MB | 1.2/1.2 MB | 0.1/1.1 MBProgress (3): 0.2/1.2 MB | 1.2/1.2 MB | 0.1/1.1 MBProgress (3): 0.2/1.2 MB | 1.2/1.2 MB | 0.1/1.1 MBProgress (3): 0.2/1.2 MB | 1.2/1.2 MB | 0.1/1.1 MBProgress (3): 0.2/1.2 MB | 1.2/1.2 MB | 0.1/1.1 MBProgress (3): 0.2/1.2 MB | 1.2/1.2 MB | 0.1/1.1 MBProgress (3): 0.2/1.2 MB | 1.2/1.2 MB | 0.1/1.1 MBProgress (3): 0.2/1.2 MB | 1.2/1.2 MB | 0.1/1.1 MBProgress (3): 0.2/1.2 MB | 1.2 MB | 0.1/1.1 MB    Progress (3): 0.2/1.2 MB | 1.2 MB | 0.1/1.1 MBProgress (3): 0.2/1.2 MB | 1.2 MB | 0.1/1.1 MBProgress (3): 0.2/1.2 MB | 1.2 MB | 0.1/1.1 MBProgress (3): 0.2/1.2 MB | 1.2 MB | 0.1/1.1 MBProgress (3): 0.2/1.2 MB | 1.2 MB | 0.1/1.1 MBProgress (3): 0.2/1.2 MB | 1.2 MB | 0.1/1.1 MBProgress (3): 0.2/1.2 MB | 1.2 MB | 0.1/1.1 MBProgress (3): 0.2/1.2 MB | 1.2 MB | 0.1/1.1 MBProgress (3): 0.2/1.2 MB | 1.2 MB | 0.1/1.1 MBProgress (3): 0.2/1.2 MB | 1.2 MB | 0.1/1.1 MBProgress (3): 0.2/1.2 MB | 1.2 MB | 0.1/1.1 MBProgress (3): 0.2/1.2 MB | 1.2 MB | 0.1/1.1 MBProgress (3): 0.2/1.2 MB | 1.2 MB | 0.1/1.1 MBProgress (3): 0.2/1.2 MB | 1.2 MB | 0.1/1.1 MBProgress (3): 0.2/1.2 MB | 1.2 MB | 0.1/1.1 MBProgress (3): 0.2/1.2 MB | 1.2 MB | 0.1/1.1 MBProgress (3): 0.3/1.2 MB | 1.2 MB | 0.1/1.1 MBProgress (3): 0.3/1.2 MB | 1.2 MB | 0.1/1.1 MBProgress (3): 0.3/1.2 MB | 1.2 MB | 0.1/1.1 MBProgress (3): 0.3/1.2 MB | 1.2 MB | 0.1/1.1 MBProgress (3): 0.3/1.2 MB | 1.2 MB | 0.1/1.1 MBProgress (3): 0.3/1.2 MB | 1.2 MB | 0.1/1.1 MBProgress (3): 0.3/1.2 MB | 1.2 MB | 0.1/1.1 MBProgress (3): 0.3/1.2 MB | 1.2 MB | 0.1/1.1 MBProgress (3): 0.3/1.2 MB | 1.2 MB | 0.1/1.1 MBProgress (3): 0.3/1.2 MB | 1.2 MB | 0.1/1.1 MBProgress (3): 0.3/1.2 MB | 1.2 MB | 0.1/1.1 MBProgress (3): 0.3/1.2 MB | 1.2 MB | 0.1/1.1 MBProgress (3): 0.3/1.2 MB | 1.2 MB | 0.1/1.1 MBProgress (3): 0.3/1.2 MB | 1.2 MB | 0.1/1.1 MBProgress (3): 0.3/1.2 MB | 1.2 MB | 0.1/1.1 MBProgress (3): 0.3/1.2 MB | 1.2 MB | 0.1/1.1 MBProgress (3): 0.3/1.2 MB | 1.2 MB | 0.1/1.1 MBProgress (3): 0.3/1.2 MB | 1.2 MB | 0.1/1.1 MBProgress (3): 0.3/1.2 MB | 1.2 MB | 0.1/1.1 MBProgress (3): 0.3/1.2 MB | 1.2 MB | 0.1/1.1 MBProgress (3): 0.3/1.2 MB | 1.2 MB | 0.1/1.1 MBProgress (3): 0.3/1.2 MB | 1.2 MB | 0.1/1.1 MBProgress (3): 0.3/1.2 MB | 1.2 MB | 0.1/1.1 MBProgress (3): 0.3/1.2 MB | 1.2 MB | 0.1/1.1 MBProgress (3): 0.3/1.2 MB | 1.2 MB | 0.1/1.1 MBProgress (3): 0.3/1.2 MB | 1.2 MB | 0.1/1.1 MBProgress (3): 0.3/1.2 MB | 1.2 MB | 0.1/1.1 MBProgress (3): 0.3/1.2 MB | 1.2 MB | 0.1/1.1 MBProgress (3): 0.3/1.2 MB | 1.2 MB | 0.1/1.1 MBProgress (3): 0.3/1.2 MB | 1.2 MB | 0.1/1.1 MBProgress (3): 0.3/1.2 MB | 1.2 MB | 0.1/1.1 MBProgress (3): 0.3/1.2 MB | 1.2 MB | 0.1/1.1 MBProgress (3): 0.3/1.2 MB | 1.2 MB | 0.1/1.1 MBProgress (3): 0.3/1.2 MB | 1.2 MB | 0.1/1.1 MBProgress (3): 0.3/1.2 MB | 1.2 MB | 0.1/1.1 MBProgress (3): 0.3/1.2 MB | 1.2 MB | 0.1/1.1 MBProgress (3): 0.3/1.2 MB | 1.2 MB | 0.1/1.1 MBProgress (3): 0.3/1.2 MB | 1.2 MB | 0.1/1.1 MBProgress (3): 0.3/1.2 MB | 1.2 MB | 0.1/1.1 MBProgress (3): 0.3/1.2 MB | 1.2 MB | 0.1/1.1 MBProgress (3): 0.3/1.2 MB | 1.2 MB | 0.1/1.1 MBProgress (3): 0.3/1.2 MB | 1.2 MB | 0.1/1.1 MBProgress (3): 0.3/1.2 MB | 1.2 MB | 0.1/1.1 MBProgress (3): 0.3/1.2 MB | 1.2 MB | 0.1/1.1 MBProgress (3): 0.3/1.2 MB | 1.2 MB | 0.1/1.1 MBProgress (3): 0.3/1.2 MB | 1.2 MB | 0.1/1.1 MBProgress (3): 0.3/1.2 MB | 1.2 MB | 0.1/1.1 MBProgress (3): 0.3/1.2 MB | 1.2 MB | 0.1/1.1 MBProgress (3): 0.3/1.2 MB | 1.2 MB | 0.1/1.1 MBProgress (3): 0.3/1.2 MB | 1.2 MB | 0.1/1.1 MBProgress (3): 0.3/1.2 MB | 1.2 MB | 0.1/1.1 MBProgress (3): 0.3/1.2 MB | 1.2 MB | 0.1/1.1 MBProgress (3): 0.3/1.2 MB | 1.2 MB | 0.1/1.1 MBProgress (3): 0.3/1.2 MB | 1.2 MB | 0.1/1.1 MBProgress (3): 0.3/1.2 MB | 1.2 MB | 0.1/1.1 MBProgress (3): 0.3/1.2 MB | 1.2 MB | 0.1/1.1 MBProgress (3): 0.3/1.2 MB | 1.2 MB | 0.1/1.1 MBProgress (3): 0.3/1.2 MB | 1.2 MB | 0.1/1.1 MBProgress (3): 0.3/1.2 MB | 1.2 MB | 0.1/1.1 MBProgress (3): 0.3/1.2 MB | 1.2 MB | 0.1/1.1 MBProgress (3): 0.3/1.2 MB | 1.2 MB | 0.1/1.1 MBProgress (3): 0.3/1.2 MB | 1.2 MB | 0.1/1.1 MBProgress (3): 0.3/1.2 MB | 1.2 MB | 0.1/1.1 MBProgress (3): 0.3/1.2 MB | 1.2 MB | 0.1/1.1 MBProgress (3): 0.3/1.2 MB | 1.2 MB | 0.1/1.1 MBProgress (3): 0.3/1.2 MB | 1.2 MB | 0.1/1.1 MBProgress (3): 0.3/1.2 MB | 1.2 MB | 0.1/1.1 MBProgress (3): 0.3/1.2 MB | 1.2 MB | 0.1/1.1 MBProgress (3): 0.3/1.2 MB | 1.2 MB | 0.1/1.1 MBProgress (3): 0.3/1.2 MB | 1.2 MB | 0.1/1.1 MBProgress (3): 0.3/1.2 MB | 1.2 MB | 0.1/1.1 MBProgress (3): 0.3/1.2 MB | 1.2 MB | 0.1/1.1 MBProgress (3): 0.3/1.2 MB | 1.2 MB | 0.1/1.1 MBProgress (3): 0.3/1.2 MB | 1.2 MB | 0.1/1.1 MBProgress (3): 0.3/1.2 MB | 1.2 MB | 0.1/1.1 MBProgress (3): 0.3/1.2 MB | 1.2 MB | 0.1/1.1 MBProgress (3): 0.3/1.2 MB | 1.2 MB | 0.1/1.1 MBProgress (3): 0.3/1.2 MB | 1.2 MB | 0.1/1.1 MBProgress (3): 0.3/1.2 MB | 1.2 MB | 0.1/1.1 MBProgress (3): 0.3/1.2 MB | 1.2 MB | 0.1/1.1 MBProgress (3): 0.3/1.2 MB | 1.2 MB | 0.1/1.1 MBProgress (3): 0.3/1.2 MB | 1.2 MB | 0.1/1.1 MBProgress (3): 0.3/1.2 MB | 1.2 MB | 0.1/1.1 MBProgress (3): 0.4/1.2 MB | 1.2 MB | 0.1/1.1 MBProgress (3): 0.4/1.2 MB | 1.2 MB | 0.1/1.1 MBProgress (3): 0.4/1.2 MB | 1.2 MB | 0.1/1.1 MBProgress (3): 0.4/1.2 MB | 1.2 MB | 0.1/1.1 MBProgress (3): 0.4/1.2 MB | 1.2 MB | 0.1/1.1 MBProgress (3): 0.4/1.2 MB | 1.2 MB | 0.1/1.1 MBProgress (3): 0.4/1.2 MB | 1.2 MB | 0.1/1.1 MBProgress (3): 0.4/1.2 MB | 1.2 MB | 0.1/1.1 MBProgress (3): 0.4/1.2 MB | 1.2 MB | 0.1/1.1 MBProgress (3): 0.4/1.2 MB | 1.2 MB | 0.1/1.1 MBProgress (3): 0.4/1.2 MB | 1.2 MB | 0.1/1.1 MBProgress (3): 0.4/1.2 MB | 1.2 MB | 0.1/1.1 MBProgress (3): 0.4/1.2 MB | 1.2 MB | 0.1/1.1 MBProgress (3): 0.4/1.2 MB | 1.2 MB | 0.1/1.1 MBProgress (3): 0.4/1.2 MB | 1.2 MB | 0.1/1.1 MBProgress (3): 0.4/1.2 MB | 1.2 MB | 0.1/1.1 MBProgress (3): 0.4/1.2 MB | 1.2 MB | 0.1/1.1 MBProgress (3): 0.4/1.2 MB | 1.2 MB | 0.1/1.1 MBProgress (3): 0.4/1.2 MB | 1.2 MB | 0.1/1.1 MBProgress (3): 0.4/1.2 MB | 1.2 MB | 0.1/1.1 MBProgress (3): 0.4/1.2 MB | 1.2 MB | 0.1/1.1 MBProgress (3): 0.4/1.2 MB | 1.2 MB | 0.1/1.1 MBProgress (3): 0.4/1.2 MB | 1.2 MB | 0.1/1.1 MBProgress (3): 0.4/1.2 MB | 1.2 MB | 0.1/1.1 MBProgress (3): 0.4/1.2 MB | 1.2 MB | 0.1/1.1 MBProgress (3): 0.4/1.2 MB | 1.2 MB | 0.1/1.1 MBProgress (3): 0.4/1.2 MB | 1.2 MB | 0.1/1.1 MBProgress (3): 0.4/1.2 MB | 1.2 MB | 0.1/1.1 MBProgress (3): 0.4/1.2 MB | 1.2 MB | 0.1/1.1 MBProgress (3): 0.4/1.2 MB | 1.2 MB | 0.1/1.1 MBProgress (3): 0.4/1.2 MB | 1.2 MB | 0.1/1.1 MBProgress (3): 0.4/1.2 MB | 1.2 MB | 0.1/1.1 MBProgress (3): 0.4/1.2 MB | 1.2 MB | 0.1/1.1 MBProgress (3): 0.4/1.2 MB | 1.2 MB | 0.1/1.1 MBProgress (3): 0.4/1.2 MB | 1.2 MB | 0.1/1.1 MBProgress (3): 0.4/1.2 MB | 1.2 MB | 0.1/1.1 MBProgress (3): 0.4/1.2 MB | 1.2 MB | 0.1/1.1 MBProgress (3): 0.4/1.2 MB | 1.2 MB | 0.1/1.1 MBProgress (3): 0.4/1.2 MB | 1.2 MB | 0.1/1.1 MBProgress (3): 0.4/1.2 MB | 1.2 MB | 0.1/1.1 MBProgress (3): 0.4/1.2 MB | 1.2 MB | 0.1/1.1 MBProgress (3): 0.4/1.2 MB | 1.2 MB | 0.1/1.1 MBProgress (3): 0.4/1.2 MB | 1.2 MB | 0.1/1.1 MBProgress (3): 0.4/1.2 MB | 1.2 MB | 0.1/1.1 MBProgress (3): 0.4/1.2 MB | 1.2 MB | 0.1/1.1 MBProgress (3): 0.4/1.2 MB | 1.2 MB | 0.1/1.1 MBProgress (3): 0.4/1.2 MB | 1.2 MB | 0.1/1.1 MBProgress (3): 0.4/1.2 MB | 1.2 MB | 0.1/1.1 MBProgress (3): 0.4/1.2 MB | 1.2 MB | 0.1/1.1 MBProgress (3): 0.4/1.2 MB | 1.2 MB | 0.1/1.1 MBProgress (3): 0.4/1.2 MB | 1.2 MB | 0.1/1.1 MBProgress (3): 0.4/1.2 MB | 1.2 MB | 0.1/1.1 MBProgress (3): 0.4/1.2 MB | 1.2 MB | 0.1/1.1 MBProgress (3): 0.4/1.2 MB | 1.2 MB | 0.1/1.1 MBProgress (3): 0.4/1.2 MB | 1.2 MB | 0.1/1.1 MBProgress (3): 0.4/1.2 MB | 1.2 MB | 0.1/1.1 MBProgress (3): 0.4/1.2 MB | 1.2 MB | 0.1/1.1 MBProgress (3): 0.4/1.2 MB | 1.2 MB | 0.1/1.1 MBProgress (3): 0.4/1.2 MB | 1.2 MB | 0.1/1.1 MBProgress (3): 0.4/1.2 MB | 1.2 MB | 0.1/1.1 MBProgress (3): 0.4/1.2 MB | 1.2 MB | 0.1/1.1 MBProgress (3): 0.4/1.2 MB | 1.2 MB | 0.1/1.1 MBProgress (3): 0.4/1.2 MB | 1.2 MB | 0.1/1.1 MBProgress (3): 0.4/1.2 MB | 1.2 MB | 0.1/1.1 MBProgress (3): 0.4/1.2 MB | 1.2 MB | 0.1/1.1 MBProgress (3): 0.4/1.2 MB | 1.2 MB | 0.1/1.1 MBProgress (3): 0.4/1.2 MB | 1.2 MB | 0.1/1.1 MBProgress (3): 0.4/1.2 MB | 1.2 MB | 0.1/1.1 MBProgress (3): 0.4/1.2 MB | 1.2 MB | 0.1/1.1 MBProgress (3): 0.5/1.2 MB | 1.2 MB | 0.1/1.1 MBProgress (3): 0.5/1.2 MB | 1.2 MB | 0.1/1.1 MBProgress (3): 0.5/1.2 MB | 1.2 MB | 0.1/1.1 MBProgress (3): 0.5/1.2 MB | 1.2 MB | 0.1/1.1 MBProgress (3): 0.5/1.2 MB | 1.2 MB | 0.1/1.1 MBProgress (3): 0.5/1.2 MB | 1.2 MB | 0.1/1.1 MBProgress (3): 0.5/1.2 MB | 1.2 MB | 0.1/1.1 MBProgress (3): 0.5/1.2 MB | 1.2 MB | 0.1/1.1 MBProgress (3): 0.5/1.2 MB | 1.2 MB | 0.1/1.1 MBProgress (3): 0.5/1.2 MB | 1.2 MB | 0.1/1.1 MBProgress (3): 0.5/1.2 MB | 1.2 MB | 0.1/1.1 MBProgress (3): 0.5/1.2 MB | 1.2 MB | 0.1/1.1 MBProgress (3): 0.5/1.2 MB | 1.2 MB | 0.1/1.1 MBProgress (3): 0.5/1.2 MB | 1.2 MB | 0.1/1.1 MBProgress (3): 0.5/1.2 MB | 1.2 MB | 0.1/1.1 MBProgress (3): 0.5/1.2 MB | 1.2 MB | 0.1/1.1 MBProgress (3): 0.5/1.2 MB | 1.2 MB | 0.1/1.1 MBProgress (3): 0.5/1.2 MB | 1.2 MB | 0.1/1.1 MBProgress (3): 0.5/1.2 MB | 1.2 MB | 0.1/1.1 MBProgress (3): 0.5/1.2 MB | 1.2 MB | 0.1/1.1 MBProgress (3): 0.5/1.2 MB | 1.2 MB | 0.1/1.1 MBProgress (3): 0.5/1.2 MB | 1.2 MB | 0.1/1.1 MBProgress (3): 0.5/1.2 MB | 1.2 MB | 0.1/1.1 MBProgress (3): 0.5/1.2 MB | 1.2 MB | 0.1/1.1 MBProgress (3): 0.5/1.2 MB | 1.2 MB | 0.1/1.1 MBProgress (3): 0.5/1.2 MB | 1.2 MB | 0.1/1.1 MBProgress (3): 0.5/1.2 MB | 1.2 MB | 0.1/1.1 MBProgress (3): 0.5/1.2 MB | 1.2 MB | 0.1/1.1 MBProgress (3): 0.5/1.2 MB | 1.2 MB | 0.1/1.1 MBProgress (3): 0.5/1.2 MB | 1.2 MB | 0.1/1.1 MBProgress (3): 0.5/1.2 MB | 1.2 MB | 0.1/1.1 MBProgress (3): 0.5/1.2 MB | 1.2 MB | 0.1/1.1 MBProgress (3): 0.5/1.2 MB | 1.2 MB | 0.1/1.1 MBProgress (3): 0.5/1.2 MB | 1.2 MB | 0.1/1.1 MBProgress (3): 0.5/1.2 MB | 1.2 MB | 0.1/1.1 MBProgress (3): 0.5/1.2 MB | 1.2 MB | 0.1/1.1 MBProgress (3): 0.5/1.2 MB | 1.2 MB | 0.1/1.1 MBProgress (3): 0.5/1.2 MB | 1.2 MB | 0.1/1.1 MBProgress (3): 0.5/1.2 MB | 1.2 MB | 0.1/1.1 MBProgress (3): 0.5/1.2 MB | 1.2 MB | 0.1/1.1 MBProgress (3): 0.5/1.2 MB | 1.2 MB | 0.1/1.1 MBProgress (3): 0.5/1.2 MB | 1.2 MB | 0.1/1.1 MBProgress (3): 0.5/1.2 MB | 1.2 MB | 0.1/1.1 MBProgress (3): 0.5/1.2 MB | 1.2 MB | 0.1/1.1 MBProgress (3): 0.5/1.2 MB | 1.2 MB | 0.1/1.1 MBProgress (3): 0.5/1.2 MB | 1.2 MB | 0.1/1.1 MBProgress (3): 0.5/1.2 MB | 1.2 MB | 0.1/1.1 MBProgress (3): 0.5/1.2 MB | 1.2 MB | 0.1/1.1 MBProgress (3): 0.5/1.2 MB | 1.2 MB | 0.1/1.1 MBProgress (3): 0.5/1.2 MB | 1.2 MB | 0.1/1.1 MBProgress (3): 0.5/1.2 MB | 1.2 MB | 0.1/1.1 MBProgress (3): 0.5/1.2 MB | 1.2 MB | 0.1/1.1 MBProgress (3): 0.5/1.2 MB | 1.2 MB | 0.1/1.1 MBProgress (3): 0.5/1.2 MB | 1.2 MB | 0.1/1.1 MBProgress (3): 0.5/1.2 MB | 1.2 MB | 0.1/1.1 MBProgress (3): 0.5/1.2 MB | 1.2 MB | 0.1/1.1 MBProgress (3): 0.5/1.2 MB | 1.2 MB | 0.1/1.1 MBProgress (3): 0.5/1.2 MB | 1.2 MB | 0.1/1.1 MBProgress (3): 0.5/1.2 MB | 1.2 MB | 0.1/1.1 MBProgress (3): 0.5/1.2 MB | 1.2 MB | 0.1/1.1 MBProgress (3): 0.5/1.2 MB | 1.2 MB | 0.1/1.1 MBProgress (3): 0.5/1.2 MB | 1.2 MB | 0.1/1.1 MBProgress (3): 0.5/1.2 MB | 1.2 MB | 0.1/1.1 MBProgress (3): 0.5/1.2 MB | 1.2 MB | 0.1/1.1 MBProgress (3): 0.5/1.2 MB | 1.2 MB | 0.1/1.1 MBProgress (3): 0.5/1.2 MB | 1.2 MB | 0.1/1.1 MBProgress (3): 0.5/1.2 MB | 1.2 MB | 0.1/1.1 MBProgress (3): 0.5/1.2 MB | 1.2 MB | 0.1/1.1 MBProgress (3): 0.5/1.2 MB | 1.2 MB | 0.1/1.1 MBProgress (3): 0.6/1.2 MB | 1.2 MB | 0.1/1.1 MBProgress (3): 0.6/1.2 MB | 1.2 MB | 0.1/1.1 MBProgress (3): 0.6/1.2 MB | 1.2 MB | 0.1/1.1 MBProgress (3): 0.6/1.2 MB | 1.2 MB | 0.1/1.1 MBProgress (3): 0.6/1.2 MB | 1.2 MB | 0.1/1.1 MBProgress (3): 0.6/1.2 MB | 1.2 MB | 0.1/1.1 MBProgress (3): 0.6/1.2 MB | 1.2 MB | 0.1/1.1 MBProgress (3): 0.6/1.2 MB | 1.2 MB | 0.1/1.1 MBProgress (3): 0.6/1.2 MB | 1.2 MB | 0.1/1.1 MBProgress (3): 0.6/1.2 MB | 1.2 MB | 0.1/1.1 MBProgress (3): 0.6/1.2 MB | 1.2 MB | 0.1/1.1 MBProgress (3): 0.6/1.2 MB | 1.2 MB | 0.1/1.1 MBProgress (3): 0.6/1.2 MB | 1.2 MB | 0.1/1.1 MBProgress (3): 0.6/1.2 MB | 1.2 MB | 0.1/1.1 MBProgress (3): 0.6/1.2 MB | 1.2 MB | 0.1/1.1 MBProgress (3): 0.6/1.2 MB | 1.2 MB | 0.1/1.1 MBProgress (3): 0.6/1.2 MB | 1.2 MB | 0.1/1.1 MBProgress (3): 0.6/1.2 MB | 1.2 MB | 0.1/1.1 MBProgress (3): 0.6/1.2 MB | 1.2 MB | 0.1/1.1 MBProgress (3): 0.6/1.2 MB | 1.2 MB | 0.1/1.1 MBProgress (3): 0.6/1.2 MB | 1.2 MB | 0.1/1.1 MBProgress (3): 0.6/1.2 MB | 1.2 MB | 0.1/1.1 MBProgress (3): 0.6/1.2 MB | 1.2 MB | 0.1/1.1 MBProgress (3): 0.6/1.2 MB | 1.2 MB | 0.1/1.1 MBProgress (3): 0.6/1.2 MB | 1.2 MB | 0.1/1.1 MBProgress (4): 0.6/1.2 MB | 1.2 MB | 0.1/1.1 MB | 4.1/232 kBProgress (4): 0.6/1.2 MB | 1.2 MB | 0.1/1.1 MB | 4.1/232 kBProgress (4): 0.6/1.2 MB | 1.2 MB | 0.1/1.1 MB | 8.2/232 kBProgress (4): 0.6/1.2 MB | 1.2 MB | 0.1/1.1 MB | 8.2/232 kBProgress (4): 0.6/1.2 MB | 1.2 MB | 0.1/1.1 MB | 12/232 kB Progress (4): 0.6/1.2 MB | 1.2 MB | 0.1/1.1 MB | 12/232 kBProgress (4): 0.6/1.2 MB | 1.2 MB | 0.1/1.1 MB | 16/232 kBProgress (4): 0.6/1.2 MB | 1.2 MB | 0.1/1.1 MB | 16/232 kBProgress (4): 0.6/1.2 MB | 1.2 MB | 0.1/1.1 MB | 20/232 kBProgress (4): 0.6/1.2 MB | 1.2 MB | 0.1/1.1 MB | 25/232 kBProgress (4): 0.6/1.2 MB | 1.2 MB | 0.1/1.1 MB | 25/232 kBProgress (4): 0.6/1.2 MB | 1.2 MB | 0.1/1.1 MB | 29/232 kBProgress (4): 0.6/1.2 MB | 1.2 MB | 0.1/1.1 MB | 33/232 kBProgress (4): 0.6/1.2 MB | 1.2 MB | 0.1/1.1 MB | 33/232 kBProgress (4): 0.6/1.2 MB | 1.2 MB | 0.1/1.1 MB | 37/232 kBProgress (4): 0.6/1.2 MB | 1.2 MB | 0.1/1.1 MB | 41/232 kBProgress (4): 0.6/1.2 MB | 1.2 MB | 0.1/1.1 MB | 45/232 kBProgress (4): 0.6/1.2 MB | 1.2 MB | 0.1/1.1 MB | 45/232 kBProgress (4): 0.6/1.2 MB | 1.2 MB | 0.1/1.1 MB | 49/232 kBProgress (4): 0.6/1.2 MB | 1.2 MB | 0.1/1.1 MB | 53/232 kBProgress (4): 0.6/1.2 MB | 1.2 MB | 0.1/1.1 MB | 57/232 kBProgress (4): 0.6/1.2 MB | 1.2 MB | 0.1/1.1 MB | 57/232 kBProgress (4): 0.6/1.2 MB | 1.2 MB | 0.1/1.1 MB | 61/232 kBProgress (4): 0.6/1.2 MB | 1.2 MB | 0.1/1.1 MB | 66/232 kBProgress (4): 0.6/1.2 MB | 1.2 MB | 0.1/1.1 MB | 66/232 kBProgress (4): 0.6/1.2 MB | 1.2 MB | 0.1/1.1 MB | 70/232 kBProgress (4): 0.6/1.2 MB | 1.2 MB | 0.1/1.1 MB | 70/232 kBProgress (4): 0.6/1.2 MB | 1.2 MB | 0.1/1.1 MB | 74/232 kBProgress (4): 0.6/1.2 MB | 1.2 MB | 0.1/1.1 MB | 74/232 kBProgress (4): 0.6/1.2 MB | 1.2 MB | 0.1/1.1 MB | 78/232 kBProgress (4): 0.6/1.2 MB | 1.2 MB | 0.1/1.1 MB | 78/232 kBProgress (4): 0.6/1.2 MB | 1.2 MB | 0.1/1.1 MB | 82/232 kBProgress (4): 0.6/1.2 MB | 1.2 MB | 0.1/1.1 MB | 86/232 kBProgress (4): 0.6/1.2 MB | 1.2 MB | 0.1/1.1 MB | 86/232 kBProgress (4): 0.6/1.2 MB | 1.2 MB | 0.1/1.1 MB | 90/232 kBProgress (4): 0.6/1.2 MB | 1.2 MB | 0.1/1.1 MB | 94/232 kBProgress (4): 0.6/1.2 MB | 1.2 MB | 0.1/1.1 MB | 98/232 kBProgress (4): 0.6/1.2 MB | 1.2 MB | 0.1/1.1 MB | 98/232 kBProgress (4): 0.6/1.2 MB | 1.2 MB | 0.1/1.1 MB | 102/232 kBProgress (4): 0.6/1.2 MB | 1.2 MB | 0.1/1.1 MB | 106/232 kBProgress (4): 0.6/1.2 MB | 1.2 MB | 0.1/1.1 MB | 111/232 kBProgress (4): 0.6/1.2 MB | 1.2 MB | 0.1/1.1 MB | 115/232 kBProgress (4): 0.6/1.2 MB | 1.2 MB | 0.1/1.1 MB | 115/232 kBProgress (4): 0.6/1.2 MB | 1.2 MB | 0.1/1.1 MB | 119/232 kBProgress (4): 0.6/1.2 MB | 1.2 MB | 0.1/1.1 MB | 123/232 kBProgress (4): 0.6/1.2 MB | 1.2 MB | 0.1/1.1 MB | 127/232 kBProgress (4): 0.6/1.2 MB | 1.2 MB | 0.1/1.1 MB | 127/232 kBProgress (4): 0.6/1.2 MB | 1.2 MB | 0.1/1.1 MB | 131/232 kBProgress (4): 0.6/1.2 MB | 1.2 MB | 0.1/1.1 MB | 135/232 kBProgress (4): 0.6/1.2 MB | 1.2 MB | 0.1/1.1 MB | 139/232 kBProgress (4): 0.6/1.2 MB | 1.2 MB | 0.1/1.1 MB | 143/232 kBProgress (4): 0.6/1.2 MB | 1.2 MB | 0.1/1.1 MB | 143/232 kBProgress (4): 0.6/1.2 MB | 1.2 MB | 0.1/1.1 MB | 143/232 kBProgress (4): 0.6/1.2 MB | 1.2 MB | 0.1/1.1 MB | 147/232 kBProgress (4): 0.6/1.2 MB | 1.2 MB | 0.1/1.1 MB | 152/232 kBProgress (4): 0.6/1.2 MB | 1.2 MB | 0.1/1.1 MB | 156/232 kBProgress (4): 0.6/1.2 MB | 1.2 MB | 0.1/1.1 MB | 160/232 kBProgress (4): 0.6/1.2 MB | 1.2 MB | 0.1/1.1 MB | 164/232 kBProgress (4): 0.6/1.2 MB | 1.2 MB | 0.1/1.1 MB | 168/232 kBProgress (4): 0.6/1.2 MB | 1.2 MB | 0.1/1.1 MB | 168/232 kBProgress (4): 0.6/1.2 MB | 1.2 MB | 0.1/1.1 MB | 172/232 kBProgress (4): 0.6/1.2 MB | 1.2 MB | 0.1/1.1 MB | 176/232 kBProgress (4): 0.6/1.2 MB | 1.2 MB | 0.1/1.1 MB | 180/232 kBProgress (4): 0.6/1.2 MB | 1.2 MB | 0.1/1.1 MB | 184/232 kBProgress (4): 0.6/1.2 MB | 1.2 MB | 0.1/1.1 MB | 188/232 kBProgress (4): 0.6/1.2 MB | 1.2 MB | 0.1/1.1 MB | 188/232 kBProgress (4): 0.6/1.2 MB | 1.2 MB | 0.1/1.1 MB | 193/232 kBProgress (4): 0.6/1.2 MB | 1.2 MB | 0.1/1.1 MB | 197/232 kBProgress (4): 0.6/1.2 MB | 1.2 MB | 0.1/1.1 MB | 201/232 kBProgress (4): 0.6/1.2 MB | 1.2 MB | 0.1/1.1 MB | 205/232 kBProgress (4): 0.6/1.2 MB | 1.2 MB | 0.1/1.1 MB | 209/232 kBProgress (4): 0.6/1.2 MB | 1.2 MB | 0.1/1.1 MB | 213/232 kBProgress (4): 0.6/1.2 MB | 1.2 MB | 0.1/1.1 MB | 213/232 kBProgress (4): 0.6/1.2 MB | 1.2 MB | 0.1/1.1 MB | 217/232 kBProgress (4): 0.6/1.2 MB | 1.2 MB | 0.1/1.1 MB | 221/232 kBProgress (4): 0.6/1.2 MB | 1.2 MB | 0.1/1.1 MB | 225/232 kBProgress (4): 0.6/1.2 MB | 1.2 MB | 0.1/1.1 MB | 229/232 kBProgress (4): 0.6/1.2 MB | 1.2 MB | 0.1/1.1 MB | 232 kB    Progress (4): 0.6/1.2 MB | 1.2 MB | 0.1/1.1 MB | 232 kBProgress (4): 0.6/1.2 MB | 1.2 MB | 0.1/1.1 MB | 232 kBProgress (4): 0.6/1.2 MB | 1.2 MB | 0.1/1.1 MB | 232 kBProgress (4): 0.6/1.2 MB | 1.2 MB | 0.1/1.1 MB | 232 kBProgress (4): 0.6/1.2 MB | 1.2 MB | 0.1/1.1 MB | 232 kBProgress (4): 0.6/1.2 MB | 1.2 MB | 0.1/1.1 MB | 232 kBProgress (4): 0.6/1.2 MB | 1.2 MB | 0.1/1.1 MB | 232 kBProgress (4): 0.6/1.2 MB | 1.2 MB | 0.1/1.1 MB | 232 kBProgress (4): 0.6/1.2 MB | 1.2 MB | 0.1/1.1 MB | 232 kBProgress (4): 0.6/1.2 MB | 1.2 MB | 0.2/1.1 MB | 232 kBProgress (4): 0.6/1.2 MB | 1.2 MB | 0.2/1.1 MB | 232 kBProgress (4): 0.6/1.2 MB | 1.2 MB | 0.2/1.1 MB | 232 kBProgress (4): 0.6/1.2 MB | 1.2 MB | 0.2/1.1 MB | 232 kBProgress (4): 0.6/1.2 MB | 1.2 MB | 0.2/1.1 MB | 232 kBProgress (4): 0.6/1.2 MB | 1.2 MB | 0.2/1.1 MB | 232 kBProgress (4): 0.6/1.2 MB | 1.2 MB | 0.2/1.1 MB | 232 kBProgress (4): 0.6/1.2 MB | 1.2 MB | 0.2/1.1 MB | 232 kBProgress (4): 0.6/1.2 MB | 1.2 MB | 0.2/1.1 MB | 232 kBProgress (4): 0.6/1.2 MB | 1.2 MB | 0.2/1.1 MB | 232 kBProgress (4): 0.6/1.2 MB | 1.2 MB | 0.2/1.1 MB | 232 kBProgress (4): 0.6/1.2 MB | 1.2 MB | 0.2/1.1 MB | 232 kBProgress (4): 0.6/1.2 MB | 1.2 MB | 0.2/1.1 MB | 232 kBProgress (4): 0.6/1.2 MB | 1.2 MB | 0.2/1.1 MB | 232 kBProgress (4): 0.6/1.2 MB | 1.2 MB | 0.2/1.1 MB | 232 kBProgress (4): 0.6/1.2 MB | 1.2 MB | 0.2/1.1 MB | 232 kBProgress (4): 0.6/1.2 MB | 1.2 MB | 0.2/1.1 MB | 232 kBProgress (4): 0.6/1.2 MB | 1.2 MB | 0.2/1.1 MB | 232 kBProgress (4): 0.6/1.2 MB | 1.2 MB | 0.2/1.1 MB | 232 kBProgress (4): 0.6/1.2 MB | 1.2 MB | 0.2/1.1 MB | 232 kBProgress (4): 0.6/1.2 MB | 1.2 MB | 0.2/1.1 MB | 232 kBProgress (4): 0.6/1.2 MB | 1.2 MB | 0.2/1.1 MB | 232 kBProgress (4): 0.6/1.2 MB | 1.2 MB | 0.2/1.1 MB | 232 kBProgress (4): 0.6/1.2 MB | 1.2 MB | 0.2/1.1 MB | 232 kBProgress (4): 0.6/1.2 MB | 1.2 MB | 0.2/1.1 MB | 232 kBProgress (4): 0.6/1.2 MB | 1.2 MB | 0.2/1.1 MB | 232 kBProgress (4): 0.6/1.2 MB | 1.2 MB | 0.2/1.1 MB | 232 kBProgress (4): 0.6/1.2 MB | 1.2 MB | 0.2/1.1 MB | 232 kBProgress (4): 0.6/1.2 MB | 1.2 MB | 0.2/1.1 MB | 232 kBProgress (4): 0.6/1.2 MB | 1.2 MB | 0.2/1.1 MB | 232 kBProgress (4): 0.6/1.2 MB | 1.2 MB | 0.2/1.1 MB | 232 kBProgress (4): 0.6/1.2 MB | 1.2 MB | 0.2/1.1 MB | 232 kBProgress (4): 0.6/1.2 MB | 1.2 MB | 0.2/1.1 MB | 232 kBProgress (4): 0.6/1.2 MB | 1.2 MB | 0.3/1.1 MB | 232 kBProgress (4): 0.6/1.2 MB | 1.2 MB | 0.3/1.1 MB | 232 kBProgress (4): 0.6/1.2 MB | 1.2 MB | 0.3/1.1 MB | 232 kBProgress (4): 0.6/1.2 MB | 1.2 MB | 0.3/1.1 MB | 232 kBProgress (4): 0.6/1.2 MB | 1.2 MB | 0.3/1.1 MB | 232 kBProgress (4): 0.6/1.2 MB | 1.2 MB | 0.3/1.1 MB | 232 kBProgress (4): 0.6/1.2 MB | 1.2 MB | 0.3/1.1 MB | 232 kBProgress (4): 0.6/1.2 MB | 1.2 MB | 0.3/1.1 MB | 232 kBProgress (4): 0.6/1.2 MB | 1.2 MB | 0.3/1.1 MB | 232 kBProgress (4): 0.6/1.2 MB | 1.2 MB | 0.3/1.1 MB | 232 kBProgress (4): 0.6/1.2 MB | 1.2 MB | 0.3/1.1 MB | 232 kBProgress (4): 0.6/1.2 MB | 1.2 MB | 0.3/1.1 MB | 232 kBProgress (4): 0.6/1.2 MB | 1.2 MB | 0.3/1.1 MB | 232 kBProgress (4): 0.6/1.2 MB | 1.2 MB | 0.3/1.1 MB | 232 kBProgress (4): 0.7/1.2 MB | 1.2 MB | 0.3/1.1 MB | 232 kBProgress (4): 0.7/1.2 MB | 1.2 MB | 0.3/1.1 MB | 232 kBProgress (4): 0.7/1.2 MB | 1.2 MB | 0.3/1.1 MB | 232 kBProgress (4): 0.7/1.2 MB | 1.2 MB | 0.3/1.1 MB | 232 kBProgress (4): 0.7/1.2 MB | 1.2 MB | 0.3/1.1 MB | 232 kBProgress (4): 0.7/1.2 MB | 1.2 MB | 0.3/1.1 MB | 232 kBProgress (4): 0.7/1.2 MB | 1.2 MB | 0.3/1.1 MB | 232 kBProgress (4): 0.7/1.2 MB | 1.2 MB | 0.3/1.1 MB | 232 kBProgress (4): 0.7/1.2 MB | 1.2 MB | 0.3/1.1 MB | 232 kBProgress (4): 0.7/1.2 MB | 1.2 MB | 0.3/1.1 MB | 232 kBProgress (4): 0.7/1.2 MB | 1.2 MB | 0.3/1.1 MB | 232 kBProgress (4): 0.7/1.2 MB | 1.2 MB | 0.3/1.1 MB | 232 kBProgress (4): 0.7/1.2 MB | 1.2 MB | 0.3/1.1 MB | 232 kBProgress (4): 0.7/1.2 MB | 1.2 MB | 0.3/1.1 MB | 232 kBProgress (4): 0.7/1.2 MB | 1.2 MB | 0.3/1.1 MB | 232 kBProgress (4): 0.7/1.2 MB | 1.2 MB | 0.3/1.1 MB | 232 kBProgress (4): 0.7/1.2 MB | 1.2 MB | 0.3/1.1 MB | 232 kBProgress (4): 0.7/1.2 MB | 1.2 MB | 0.3/1.1 MB | 232 kBProgress (4): 0.7/1.2 MB | 1.2 MB | 0.3/1.1 MB | 232 kBProgress (4): 0.7/1.2 MB | 1.2 MB | 0.3/1.1 MB | 232 kBProgress (4): 0.7/1.2 MB | 1.2 MB | 0.3/1.1 MB | 232 kBProgress (4): 0.7/1.2 MB | 1.2 MB | 0.3/1.1 MB | 232 kBProgress (4): 0.7/1.2 MB | 1.2 MB | 0.3/1.1 MB | 232 kBProgress (4): 0.7/1.2 MB | 1.2 MB | 0.3/1.1 MB | 232 kBProgress (4): 0.7/1.2 MB | 1.2 MB | 0.3/1.1 MB | 232 kBProgress (4): 0.7/1.2 MB | 1.2 MB | 0.3/1.1 MB | 232 kBProgress (4): 0.7/1.2 MB | 1.2 MB | 0.3/1.1 MB | 232 kBProgress (4): 0.7/1.2 MB | 1.2 MB | 0.3/1.1 MB | 232 kBProgress (4): 0.7/1.2 MB | 1.2 MB | 0.3/1.1 MB | 232 kBProgress (4): 0.7/1.2 MB | 1.2 MB | 0.3/1.1 MB | 232 kBProgress (4): 0.7/1.2 MB | 1.2 MB | 0.3/1.1 MB | 232 kBProgress (4): 0.7/1.2 MB | 1.2 MB | 0.3/1.1 MB | 232 kBProgress (4): 0.7/1.2 MB | 1.2 MB | 0.3/1.1 MB | 232 kBProgress (4): 0.7/1.2 MB | 1.2 MB | 0.3/1.1 MB | 232 kBProgress (4): 0.7/1.2 MB | 1.2 MB | 0.3/1.1 MB | 232 kBProgress (4): 0.7/1.2 MB | 1.2 MB | 0.3/1.1 MB | 232 kBProgress (4): 0.7/1.2 MB | 1.2 MB | 0.3/1.1 MB | 232 kBProgress (4): 0.7/1.2 MB | 1.2 MB | 0.3/1.1 MB | 232 kBProgress (4): 0.7/1.2 MB | 1.2 MB | 0.3/1.1 MB | 232 kBProgress (4): 0.7/1.2 MB | 1.2 MB | 0.3/1.1 MB | 232 kBProgress (4): 0.7/1.2 MB | 1.2 MB | 0.3/1.1 MB | 232 kBProgress (4): 0.7/1.2 MB | 1.2 MB | 0.3/1.1 MB | 232 kBProgress (4): 0.7/1.2 MB | 1.2 MB | 0.3/1.1 MB | 232 kBProgress (4): 0.7/1.2 MB | 1.2 MB | 0.3/1.1 MB | 232 kBProgress (4): 0.7/1.2 MB | 1.2 MB | 0.3/1.1 MB | 232 kBProgress (4): 0.7/1.2 MB | 1.2 MB | 0.3/1.1 MB | 232 kBProgress (4): 0.7/1.2 MB | 1.2 MB | 0.3/1.1 MB | 232 kBProgress (4): 0.7/1.2 MB | 1.2 MB | 0.3/1.1 MB | 232 kBProgress (4): 0.7/1.2 MB | 1.2 MB | 0.3/1.1 MB | 232 kBProgress (4): 0.7/1.2 MB | 1.2 MB | 0.3/1.1 MB | 232 kBProgress (4): 0.7/1.2 MB | 1.2 MB | 0.3/1.1 MB | 232 kBProgress (4): 0.7/1.2 MB | 1.2 MB | 0.3/1.1 MB | 232 kBProgress (4): 0.7/1.2 MB | 1.2 MB | 0.3/1.1 MB | 232 kBProgress (4): 0.7/1.2 MB | 1.2 MB | 0.3/1.1 MB | 232 kBProgress (4): 0.7/1.2 MB | 1.2 MB | 0.3/1.1 MB | 232 kBProgress (4): 0.7/1.2 MB | 1.2 MB | 0.3/1.1 MB | 232 kBProgress (4): 0.7/1.2 MB | 1.2 MB | 0.3/1.1 MB | 232 kBProgress (4): 0.7/1.2 MB | 1.2 MB | 0.3/1.1 MB | 232 kBProgress (4): 0.7/1.2 MB | 1.2 MB | 0.3/1.1 MB | 232 kBProgress (4): 0.7/1.2 MB | 1.2 MB | 0.3/1.1 MB | 232 kBProgress (4): 0.7/1.2 MB | 1.2 MB | 0.3/1.1 MB | 232 kBProgress (4): 0.7/1.2 MB | 1.2 MB | 0.3/1.1 MB | 232 kBProgress (4): 0.7/1.2 MB | 1.2 MB | 0.3/1.1 MB | 232 kBProgress (4): 0.7/1.2 MB | 1.2 MB | 0.3/1.1 MB | 232 kBProgress (4): 0.7/1.2 MB | 1.2 MB | 0.3/1.1 MB | 232 kBProgress (4): 0.7/1.2 MB | 1.2 MB | 0.3/1.1 MB | 232 kBProgress (4): 0.7/1.2 MB | 1.2 MB | 0.3/1.1 MB | 232 kBProgress (4): 0.7/1.2 MB | 1.2 MB | 0.3/1.1 MB | 232 kBProgress (4): 0.7/1.2 MB | 1.2 MB | 0.3/1.1 MB | 232 kBProgress (4): 0.7/1.2 MB | 1.2 MB | 0.3/1.1 MB | 232 kBProgress (4): 0.7/1.2 MB | 1.2 MB | 0.3/1.1 MB | 232 kBProgress (4): 0.7/1.2 MB | 1.2 MB | 0.3/1.1 MB | 232 kBProgress (4): 0.7/1.2 MB | 1.2 MB | 0.3/1.1 MB | 232 kBProgress (4): 0.7/1.2 MB | 1.2 MB | 0.3/1.1 MB | 232 kBProgress (4): 0.7/1.2 MB | 1.2 MB | 0.3/1.1 MB | 232 kBProgress (4): 0.7/1.2 MB | 1.2 MB | 0.3/1.1 MB | 232 kBProgress (4): 0.8/1.2 MB | 1.2 MB | 0.3/1.1 MB | 232 kBProgress (4): 0.8/1.2 MB | 1.2 MB | 0.3/1.1 MB | 232 kBProgress (4): 0.8/1.2 MB | 1.2 MB | 0.3/1.1 MB | 232 kBProgress (4): 0.8/1.2 MB | 1.2 MB | 0.3/1.1 MB | 232 kBProgress (4): 0.8/1.2 MB | 1.2 MB | 0.3/1.1 MB | 232 kBProgress (4): 0.8/1.2 MB | 1.2 MB | 0.3/1.1 MB | 232 kBProgress (4): 0.8/1.2 MB | 1.2 MB | 0.3/1.1 MB | 232 kBProgress (4): 0.8/1.2 MB | 1.2 MB | 0.3/1.1 MB | 232 kBProgress (4): 0.8/1.2 MB | 1.2 MB | 0.3/1.1 MB | 232 kBProgress (4): 0.8/1.2 MB | 1.2 MB | 0.3/1.1 MB | 232 kBProgress (4): 0.8/1.2 MB | 1.2 MB | 0.3/1.1 MB | 232 kBProgress (4): 0.8/1.2 MB | 1.2 MB | 0.3/1.1 MB | 232 kBProgress (4): 0.8/1.2 MB | 1.2 MB | 0.3/1.1 MB | 232 kBProgress (4): 0.8/1.2 MB | 1.2 MB | 0.3/1.1 MB | 232 kBProgress (4): 0.8/1.2 MB | 1.2 MB | 0.3/1.1 MB | 232 kBProgress (4): 0.8/1.2 MB | 1.2 MB | 0.3/1.1 MB | 232 kBProgress (4): 0.8/1.2 MB | 1.2 MB | 0.3/1.1 MB | 232 kBProgress (4): 0.8/1.2 MB | 1.2 MB | 0.3/1.1 MB | 232 kBProgress (4): 0.8/1.2 MB | 1.2 MB | 0.3/1.1 MB | 232 kBProgress (4): 0.8/1.2 MB | 1.2 MB | 0.3/1.1 MB | 232 kBProgress (4): 0.8/1.2 MB | 1.2 MB | 0.3/1.1 MB | 232 kBProgress (4): 0.8/1.2 MB | 1.2 MB | 0.3/1.1 MB | 232 kBProgress (4): 0.8/1.2 MB | 1.2 MB | 0.3/1.1 MB | 232 kBProgress (4): 0.8/1.2 MB | 1.2 MB | 0.3/1.1 MB | 232 kBProgress (4): 0.8/1.2 MB | 1.2 MB | 0.3/1.1 MB | 232 kBProgress (4): 0.8/1.2 MB | 1.2 MB | 0.3/1.1 MB | 232 kBProgress (4): 0.8/1.2 MB | 1.2 MB | 0.3/1.1 MB | 232 kBProgress (4): 0.8/1.2 MB | 1.2 MB | 0.3/1.1 MB | 232 kBProgress (4): 0.8/1.2 MB | 1.2 MB | 0.3/1.1 MB | 232 kBProgress (4): 0.8/1.2 MB | 1.2 MB | 0.3/1.1 MB | 232 kBProgress (4): 0.8/1.2 MB | 1.2 MB | 0.3/1.1 MB | 232 kBProgress (4): 0.8/1.2 MB | 1.2 MB | 0.3/1.1 MB | 232 kBProgress (4): 0.8/1.2 MB | 1.2 MB | 0.3/1.1 MB | 232 kBProgress (4): 0.8/1.2 MB | 1.2 MB | 0.3/1.1 MB | 232 kBProgress (4): 0.8/1.2 MB | 1.2 MB | 0.3/1.1 MB | 232 kBProgress (4): 0.8/1.2 MB | 1.2 MB | 0.3/1.1 MB | 232 kBProgress (4): 0.8/1.2 MB | 1.2 MB | 0.3/1.1 MB | 232 kBProgress (4): 0.8/1.2 MB | 1.2 MB | 0.3/1.1 MB | 232 kBProgress (4): 0.8/1.2 MB | 1.2 MB | 0.3/1.1 MB | 232 kBProgress (4): 0.8/1.2 MB | 1.2 MB | 0.3/1.1 MB | 232 kBProgress (4): 0.8/1.2 MB | 1.2 MB | 0.3/1.1 MB | 232 kBProgress (4): 0.8/1.2 MB | 1.2 MB | 0.3/1.1 MB | 232 kBProgress (4): 0.8/1.2 MB | 1.2 MB | 0.3/1.1 MB | 232 kBProgress (4): 0.8/1.2 MB | 1.2 MB | 0.3/1.1 MB | 232 kBProgress (4): 0.8/1.2 MB | 1.2 MB | 0.3/1.1 MB | 232 kBProgress (4): 0.8/1.2 MB | 1.2 MB | 0.3/1.1 MB | 232 kBProgress (4): 0.8/1.2 MB | 1.2 MB | 0.3/1.1 MB | 232 kBProgress (4): 0.8/1.2 MB | 1.2 MB | 0.3/1.1 MB | 232 kBProgress (4): 0.8/1.2 MB | 1.2 MB | 0.3/1.1 MB | 232 kBProgress (4): 0.8/1.2 MB | 1.2 MB | 0.3/1.1 MB | 232 kBProgress (4): 0.8/1.2 MB | 1.2 MB | 0.3/1.1 MB | 232 kBProgress (4): 0.8/1.2 MB | 1.2 MB | 0.3/1.1 MB | 232 kBProgress (4): 0.8/1.2 MB | 1.2 MB | 0.3/1.1 MB | 232 kBProgress (4): 0.8/1.2 MB | 1.2 MB | 0.3/1.1 MB | 232 kBProgress (4): 0.8/1.2 MB | 1.2 MB | 0.3/1.1 MB | 232 kBProgress (4): 0.8/1.2 MB | 1.2 MB | 0.3/1.1 MB | 232 kBProgress (4): 0.8/1.2 MB | 1.2 MB | 0.3/1.1 MB | 232 kBProgress (4): 0.8/1.2 MB | 1.2 MB | 0.3/1.1 MB | 232 kBProgress (4): 0.8/1.2 MB | 1.2 MB | 0.3/1.1 MB | 232 kBProgress (4): 0.8/1.2 MB | 1.2 MB | 0.3/1.1 MB | 232 kBProgress (4): 0.8/1.2 MB | 1.2 MB | 0.3/1.1 MB | 232 kBProgress (4): 0.8/1.2 MB | 1.2 MB | 0.3/1.1 MB | 232 kBProgress (4): 0.8/1.2 MB | 1.2 MB | 0.3/1.1 MB | 232 kBProgress (4): 0.8/1.2 MB | 1.2 MB | 0.3/1.1 MB | 232 kBProgress (4): 0.8/1.2 MB | 1.2 MB | 0.3/1.1 MB | 232 kBProgress (4): 0.8/1.2 MB | 1.2 MB | 0.3/1.1 MB | 232 kBProgress (4): 0.8/1.2 MB | 1.2 MB | 0.3/1.1 MB | 232 kBProgress (4): 0.8/1.2 MB | 1.2 MB | 0.3/1.1 MB | 232 kBProgress (4): 0.8/1.2 MB | 1.2 MB | 0.3/1.1 MB | 232 kBProgress (4): 0.9/1.2 MB | 1.2 MB | 0.3/1.1 MB | 232 kBProgress (4): 0.9/1.2 MB | 1.2 MB | 0.3/1.1 MB | 232 kBProgress (4): 0.9/1.2 MB | 1.2 MB | 0.3/1.1 MB | 232 kBProgress (4): 0.9/1.2 MB | 1.2 MB | 0.3/1.1 MB | 232 kBProgress (4): 0.9/1.2 MB | 1.2 MB | 0.3/1.1 MB | 232 kBProgress (4): 0.9/1.2 MB | 1.2 MB | 0.3/1.1 MB | 232 kBProgress (4): 0.9/1.2 MB | 1.2 MB | 0.3/1.1 MB | 232 kBProgress (4): 0.9/1.2 MB | 1.2 MB | 0.3/1.1 MB | 232 kBProgress (4): 0.9/1.2 MB | 1.2 MB | 0.3/1.1 MB | 232 kBProgress (4): 0.9/1.2 MB | 1.2 MB | 0.3/1.1 MB | 232 kBProgress (4): 0.9/1.2 MB | 1.2 MB | 0.3/1.1 MB | 232 kBProgress (4): 0.9/1.2 MB | 1.2 MB | 0.3/1.1 MB | 232 kBProgress (4): 0.9/1.2 MB | 1.2 MB | 0.3/1.1 MB | 232 kBProgress (4): 0.9/1.2 MB | 1.2 MB | 0.3/1.1 MB | 232 kBProgress (4): 0.9/1.2 MB | 1.2 MB | 0.3/1.1 MB | 232 kBProgress (4): 0.9/1.2 MB | 1.2 MB | 0.3/1.1 MB | 232 kBProgress (4): 0.9/1.2 MB | 1.2 MB | 0.3/1.1 MB | 232 kBProgress (4): 0.9/1.2 MB | 1.2 MB | 0.3/1.1 MB | 232 kBProgress (4): 0.9/1.2 MB | 1.2 MB | 0.3/1.1 MB | 232 kBProgress (4): 0.9/1.2 MB | 1.2 MB | 0.3/1.1 MB | 232 kBProgress (4): 0.9/1.2 MB | 1.2 MB | 0.3/1.1 MB | 232 kBProgress (4): 0.9/1.2 MB | 1.2 MB | 0.3/1.1 MB | 232 kBProgress (4): 0.9/1.2 MB | 1.2 MB | 0.3/1.1 MB | 232 kBProgress (4): 0.9/1.2 MB | 1.2 MB | 0.3/1.1 MB | 232 kBProgress (4): 0.9/1.2 MB | 1.2 MB | 0.3/1.1 MB | 232 kBProgress (4): 0.9/1.2 MB | 1.2 MB | 0.3/1.1 MB | 232 kBProgress (4): 0.9/1.2 MB | 1.2 MB | 0.3/1.1 MB | 232 kBProgress (4): 0.9/1.2 MB | 1.2 MB | 0.3/1.1 MB | 232 kBProgress (4): 0.9/1.2 MB | 1.2 MB | 0.3/1.1 MB | 232 kBProgress (4): 0.9/1.2 MB | 1.2 MB | 0.3/1.1 MB | 232 kBProgress (4): 0.9/1.2 MB | 1.2 MB | 0.3/1.1 MB | 232 kBProgress (4): 0.9/1.2 MB | 1.2 MB | 0.3/1.1 MB | 232 kBProgress (4): 0.9/1.2 MB | 1.2 MB | 0.3/1.1 MB | 232 kBProgress (4): 0.9/1.2 MB | 1.2 MB | 0.3/1.1 MB | 232 kBProgress (4): 0.9/1.2 MB | 1.2 MB | 0.3/1.1 MB | 232 kBProgress (4): 0.9/1.2 MB | 1.2 MB | 0.3/1.1 MB | 232 kBProgress (4): 0.9/1.2 MB | 1.2 MB | 0.3/1.1 MB | 232 kBProgress (4): 0.9/1.2 MB | 1.2 MB | 0.3/1.1 MB | 232 kBProgress (4): 0.9/1.2 MB | 1.2 MB | 0.3/1.1 MB | 232 kBProgress (4): 0.9/1.2 MB | 1.2 MB | 0.3/1.1 MB | 232 kBProgress (4): 0.9/1.2 MB | 1.2 MB | 0.3/1.1 MB | 232 kBProgress (4): 0.9/1.2 MB | 1.2 MB | 0.3/1.1 MB | 232 kBProgress (4): 0.9/1.2 MB | 1.2 MB | 0.3/1.1 MB | 232 kBProgress (4): 0.9/1.2 MB | 1.2 MB | 0.3/1.1 MB | 232 kBProgress (4): 0.9/1.2 MB | 1.2 MB | 0.3/1.1 MB | 232 kBProgress (4): 0.9/1.2 MB | 1.2 MB | 0.3/1.1 MB | 232 kBProgress (4): 0.9/1.2 MB | 1.2 MB | 0.3/1.1 MB | 232 kBProgress (4): 0.9/1.2 MB | 1.2 MB | 0.3/1.1 MB | 232 kBProgress (4): 0.9/1.2 MB | 1.2 MB | 0.3/1.1 MB | 232 kBProgress (4): 0.9/1.2 MB | 1.2 MB | 0.3/1.1 MB | 232 kBProgress (4): 0.9/1.2 MB | 1.2 MB | 0.3/1.1 MB | 232 kBProgress (4): 0.9/1.2 MB | 1.2 MB | 0.3/1.1 MB | 232 kBProgress (4): 0.9/1.2 MB | 1.2 MB | 0.3/1.1 MB | 232 kBProgress (4): 0.9/1.2 MB | 1.2 MB | 0.3/1.1 MB | 232 kBProgress (4): 0.9/1.2 MB | 1.2 MB | 0.3/1.1 MB | 232 kBProgress (4): 0.9/1.2 MB | 1.2 MB | 0.3/1.1 MB | 232 kBProgress (4): 0.9/1.2 MB | 1.2 MB | 0.3/1.1 MB | 232 kBProgress (4): 0.9/1.2 MB | 1.2 MB | 0.3/1.1 MB | 232 kBProgress (4): 0.9/1.2 MB | 1.2 MB | 0.3/1.1 MB | 232 kBProgress (4): 0.9/1.2 MB | 1.2 MB | 0.3/1.1 MB | 232 kBProgress (4): 0.9/1.2 MB | 1.2 MB | 0.3/1.1 MB | 232 kBProgress (4): 0.9/1.2 MB | 1.2 MB | 0.3/1.1 MB | 232 kBProgress (4): 0.9/1.2 MB | 1.2 MB | 0.3/1.1 MB | 232 kBProgress (4): 0.9/1.2 MB | 1.2 MB | 0.3/1.1 MB | 232 kBProgress (4): 0.9/1.2 MB | 1.2 MB | 0.3/1.1 MB | 232 kBProgress (4): 0.9/1.2 MB | 1.2 MB | 0.3/1.1 MB | 232 kBProgress (4): 0.9/1.2 MB | 1.2 MB | 0.3/1.1 MB | 232 kBProgress (4): 0.9/1.2 MB | 1.2 MB | 0.3/1.1 MB | 232 kBProgress (4): 0.9/1.2 MB | 1.2 MB | 0.3/1.1 MB | 232 kBProgress (4): 0.9/1.2 MB | 1.2 MB | 0.3/1.1 MB | 232 kBProgress (4): 0.9/1.2 MB | 1.2 MB | 0.3/1.1 MB | 232 kBProgress (4): 0.9/1.2 MB | 1.2 MB | 0.3/1.1 MB | 232 kBProgress (4): 0.9/1.2 MB | 1.2 MB | 0.3/1.1 MB | 232 kBProgress (4): 0.9/1.2 MB | 1.2 MB | 0.3/1.1 MB | 232 kBProgress (4): 0.9/1.2 MB | 1.2 MB | 0.3/1.1 MB | 232 kBProgress (4): 0.9/1.2 MB | 1.2 MB | 0.4/1.1 MB | 232 kBProgress (4): 0.9/1.2 MB | 1.2 MB | 0.4/1.1 MB | 232 kBProgress (4): 0.9/1.2 MB | 1.2 MB | 0.4/1.1 MB | 232 kB                                                       Downloaded from bintray: http://jcenter.bintray.com/org/mockito/mockito-all/1.10.19/mockito-all-1.10.19.jar (1.2 MB at 333 kB/s)
Progress (3): 0.9/1.2 MB | 0.4/1.1 MB | 232 kBProgress (3): 0.9/1.2 MB | 0.4/1.1 MB | 232 kBProgress (3): 0.9/1.2 MB | 0.4/1.1 MB | 232 kBProgress (3): 0.9/1.2 MB | 0.4/1.1 MB | 232 kBProgress (3): 0.9/1.2 MB | 0.4/1.1 MB | 232 kBProgress (3): 0.9/1.2 MB | 0.4/1.1 MB | 232 kBProgress (3): 0.9/1.2 MB | 0.4/1.1 MB | 232 kBProgress (3): 0.9/1.2 MB | 0.4/1.1 MB | 232 kBProgress (3): 0.9/1.2 MB | 0.4/1.1 MB | 232 kBProgress (3): 0.9/1.2 MB | 0.4/1.1 MB | 232 kBProgress (3): 0.9/1.2 MB | 0.4/1.1 MB | 232 kBProgress (3): 0.9/1.2 MB | 0.4/1.1 MB | 232 kBProgress (3): 0.9/1.2 MB | 0.4/1.1 MB | 232 kBProgress (3): 0.9/1.2 MB | 0.4/1.1 MB | 232 kBProgress (3): 0.9/1.2 MB | 0.4/1.1 MB | 232 kBProgress (3): 0.9/1.2 MB | 0.4/1.1 MB | 232 kBProgress (3): 0.9/1.2 MB | 0.4/1.1 MB | 232 kBProgress (3): 0.9/1.2 MB | 0.4/1.1 MB | 232 kBProgress (3): 0.9/1.2 MB | 0.4/1.1 MB | 232 kBProgress (3): 0.9/1.2 MB | 0.4/1.1 MB | 232 kBProgress (3): 0.9/1.2 MB | 0.4/1.1 MB | 232 kBProgress (3): 0.9/1.2 MB | 0.4/1.1 MB | 232 kBProgress (3): 0.9/1.2 MB | 0.4/1.1 MB | 232 kBProgress (3): 0.9/1.2 MB | 0.4/1.1 MB | 232 kBProgress (3): 0.9/1.2 MB | 0.4/1.1 MB | 232 kBProgress (3): 0.9/1.2 MB | 0.4/1.1 MB | 232 kBProgress (3): 0.9/1.2 MB | 0.4/1.1 MB | 232 kBProgress (3): 0.9/1.2 MB | 0.5/1.1 MB | 232 kBProgress (3): 0.9/1.2 MB | 0.5/1.1 MB | 232 kBProgress (3): 0.9/1.2 MB | 0.5/1.1 MB | 232 kBProgress (3): 0.9/1.2 MB | 0.5/1.1 MB | 232 kBProgress (3): 0.9/1.2 MB | 0.5/1.1 MB | 232 kBProgress (3): 0.9/1.2 MB | 0.5/1.1 MB | 232 kBProgress (3): 0.9/1.2 MB | 0.5/1.1 MB | 232 kBProgress (3): 0.9/1.2 MB | 0.5/1.1 MB | 232 kBProgress (3): 0.9/1.2 MB | 0.5/1.1 MB | 232 kBProgress (3): 0.9/1.2 MB | 0.5/1.1 MB | 232 kBProgress (3): 0.9/1.2 MB | 0.5/1.1 MB | 232 kBProgress (3): 0.9/1.2 MB | 0.5/1.1 MB | 232 kBProgress (3): 0.9/1.2 MB | 0.5/1.1 MB | 232 kBProgress (3): 0.9/1.2 MB | 0.5/1.1 MB | 232 kBProgress (3): 0.9/1.2 MB | 0.5/1.1 MB | 232 kBProgress (3): 0.9/1.2 MB | 0.5/1.1 MB | 232 kBProgress (3): 0.9/1.2 MB | 0.5/1.1 MB | 232 kBProgress (3): 0.9/1.2 MB | 0.5/1.1 MB | 232 kBProgress (3): 0.9/1.2 MB | 0.5/1.1 MB | 232 kBProgress (3): 0.9/1.2 MB | 0.5/1.1 MB | 232 kBProgress (3): 0.9/1.2 MB | 0.5/1.1 MB | 232 kBProgress (3): 0.9/1.2 MB | 0.5/1.1 MB | 232 kBProgress (3): 1.0/1.2 MB | 0.5/1.1 MB | 232 kBProgress (3): 1.0/1.2 MB | 0.5/1.1 MB | 232 kBProgress (3): 1.0/1.2 MB | 0.5/1.1 MB | 232 kBProgress (3): 1.0/1.2 MB | 0.5/1.1 MB | 232 kBProgress (3): 1.0/1.2 MB | 0.5/1.1 MB | 232 kBProgress (3): 1.0/1.2 MB | 0.5/1.1 MB | 232 kBProgress (3): 1.0/1.2 MB | 0.5/1.1 MB | 232 kBProgress (3): 1.0/1.2 MB | 0.5/1.1 MB | 232 kBProgress (3): 1.0/1.2 MB | 0.5/1.1 MB | 232 kBProgress (3): 1.0/1.2 MB | 0.5/1.1 MB | 232 kBProgress (3): 1.0/1.2 MB | 0.5/1.1 MB | 232 kBProgress (3): 1.0/1.2 MB | 0.5/1.1 MB | 232 kBProgress (3): 1.0/1.2 MB | 0.5/1.1 MB | 232 kBProgress (3): 1.0/1.2 MB | 0.5/1.1 MB | 232 kBProgress (3): 1.0/1.2 MB | 0.5/1.1 MB | 232 kBProgress (3): 1.0/1.2 MB | 0.5/1.1 MB | 232 kBProgress (3): 1.0/1.2 MB | 0.5/1.1 MB | 232 kBProgress (3): 1.0/1.2 MB | 0.5/1.1 MB | 232 kBProgress (3): 1.0/1.2 MB | 0.5/1.1 MB | 232 kBProgress (3): 1.0/1.2 MB | 0.5/1.1 MB | 232 kBProgress (3): 1.0/1.2 MB | 0.5/1.1 MB | 232 kBProgress (3): 1.0/1.2 MB | 0.5/1.1 MB | 232 kBProgress (3): 1.0/1.2 MB | 0.5/1.1 MB | 232 kBProgress (3): 1.0/1.2 MB | 0.5/1.1 MB | 232 kBProgress (3): 1.0/1.2 MB | 0.5/1.1 MB | 232 kBProgress (3): 1.0/1.2 MB | 0.5/1.1 MB | 232 kBProgress (3): 1.0/1.2 MB | 0.5/1.1 MB | 232 kBProgress (3): 1.0/1.2 MB | 0.5/1.1 MB | 232 kBProgress (3): 1.0/1.2 MB | 0.6/1.1 MB | 232 kBProgress (3): 1.0/1.2 MB | 0.6/1.1 MB | 232 kBProgress (3): 1.0/1.2 MB | 0.6/1.1 MB | 232 kBProgress (3): 1.0/1.2 MB | 0.6/1.1 MB | 232 kBProgress (3): 1.0/1.2 MB | 0.6/1.1 MB | 232 kBProgress (3): 1.0/1.2 MB | 0.6/1.1 MB | 232 kBProgress (3): 1.0/1.2 MB | 0.6/1.1 MB | 232 kBProgress (3): 1.0/1.2 MB | 0.6/1.1 MB | 232 kBProgress (3): 1.0/1.2 MB | 0.6/1.1 MB | 232 kBProgress (3): 1.0/1.2 MB | 0.6/1.1 MB | 232 kBProgress (3): 1.0/1.2 MB | 0.6/1.1 MB | 232 kBProgress (3): 1.0/1.2 MB | 0.6/1.1 MB | 232 kBProgress (3): 1.0/1.2 MB | 0.6/1.1 MB | 232 kBProgress (3): 1.0/1.2 MB | 0.6/1.1 MB | 232 kBProgress (3): 1.0/1.2 MB | 0.6/1.1 MB | 232 kBProgress (3): 1.0/1.2 MB | 0.6/1.1 MB | 232 kBProgress (3): 1.0/1.2 MB | 0.6/1.1 MB | 232 kBProgress (3): 1.0/1.2 MB | 0.6/1.1 MB | 232 kBProgress (3): 1.0/1.2 MB | 0.6/1.1 MB | 232 kBProgress (3): 1.0/1.2 MB | 0.6/1.1 MB | 232 kBProgress (3): 1.0/1.2 MB | 0.6/1.1 MB | 232 kBProgress (3): 1.0/1.2 MB | 0.6/1.1 MB | 232 kBProgress (3): 1.0/1.2 MB | 0.6/1.1 MB | 232 kBProgress (3): 1.0/1.2 MB | 0.6/1.1 MB | 232 kBProgress (3): 1.0/1.2 MB | 0.6/1.1 MB | 232 kBProgress (3): 1.0/1.2 MB | 0.6/1.1 MB | 232 kBProgress (3): 1.0/1.2 MB | 0.6/1.1 MB | 232 kBProgress (3): 1.0/1.2 MB | 0.6/1.1 MB | 232 kBProgress (3): 1.0/1.2 MB | 0.6/1.1 MB | 232 kBProgress (3): 1.0/1.2 MB | 0.6/1.1 MB | 232 kBProgress (3): 1.0/1.2 MB | 0.6/1.1 MB | 232 kBProgress (3): 1.0/1.2 MB | 0.6/1.1 MB | 232 kBProgress (3): 1.0/1.2 MB | 0.6/1.1 MB | 232 kBProgress (3): 1.0/1.2 MB | 0.6/1.1 MB | 232 kBProgress (3): 1.0/1.2 MB | 0.6/1.1 MB | 232 kBProgress (3): 1.0/1.2 MB | 0.6/1.1 MB | 232 kBProgress (3): 1.0/1.2 MB | 0.6/1.1 MB | 232 kBProgress (3): 1.0/1.2 MB | 0.6/1.1 MB | 232 kBProgress (3): 1.0/1.2 MB | 0.6/1.1 MB | 232 kBProgress (3): 1.0/1.2 MB | 0.6/1.1 MB | 232 kBProgress (3): 1.0/1.2 MB | 0.6/1.1 MB | 232 kBProgress (3): 1.0/1.2 MB | 0.6/1.1 MB | 232 kBProgress (3): 1.0/1.2 MB | 0.6/1.1 MB | 232 kBProgress (3): 1.0/1.2 MB | 0.6/1.1 MB | 232 kBProgress (3): 1.0/1.2 MB | 0.6/1.1 MB | 232 kBProgress (3): 1.0/1.2 MB | 0.6/1.1 MB | 232 kBProgress (3): 1.0/1.2 MB | 0.6/1.1 MB | 232 kBProgress (3): 1.0/1.2 MB | 0.6/1.1 MB | 232 kBProgress (3): 1.0/1.2 MB | 0.6/1.1 MB | 232 kBProgress (3): 1.0/1.2 MB | 0.6/1.1 MB | 232 kBProgress (3): 1.0/1.2 MB | 0.6/1.1 MB | 232 kBProgress (3): 1.0/1.2 MB | 0.6/1.1 MB | 232 kBProgress (3): 1.0/1.2 MB | 0.6/1.1 MB | 232 kBProgress (3): 1.0/1.2 MB | 0.6/1.1 MB | 232 kBProgress (3): 1.0/1.2 MB | 0.6/1.1 MB | 232 kBProgress (3): 1.0/1.2 MB | 0.6/1.1 MB | 232 kBProgress (3): 1.0/1.2 MB | 0.6/1.1 MB | 232 kBProgress (3): 1.0/1.2 MB | 0.6/1.1 MB | 232 kBProgress (3): 1.0/1.2 MB | 0.6/1.1 MB | 232 kBProgress (3): 1.0/1.2 MB | 0.6/1.1 MB | 232 kBProgress (3): 1.0/1.2 MB | 0.6/1.1 MB | 232 kBProgress (3): 1.0/1.2 MB | 0.6/1.1 MB | 232 kBProgress (3): 1.0/1.2 MB | 0.6/1.1 MB | 232 kBProgress (3): 1.0/1.2 MB | 0.6/1.1 MB | 232 kBProgress (3): 1.0/1.2 MB | 0.6/1.1 MB | 232 kBProgress (3): 1.0/1.2 MB | 0.6/1.1 MB | 232 kBProgress (3): 1.0/1.2 MB | 0.6/1.1 MB | 232 kBProgress (3): 1.0/1.2 MB | 0.6/1.1 MB | 232 kBProgress (3): 1.0/1.2 MB | 0.6/1.1 MB | 232 kBProgress (3): 1.0/1.2 MB | 0.6/1.1 MB | 232 kBProgress (3): 1.0/1.2 MB | 0.6/1.1 MB | 232 kBProgress (3): 1.0/1.2 MB | 0.6/1.1 MB | 232 kBProgress (3): 1.0/1.2 MB | 0.6/1.1 MB | 232 kBProgress (3): 1.0/1.2 MB | 0.6/1.1 MB | 232 kBProgress (3): 1.0/1.2 MB | 0.6/1.1 MB | 232 kBProgress (3): 1.0/1.2 MB | 0.6/1.1 MB | 232 kBProgress (3): 1.0/1.2 MB | 0.6/1.1 MB | 232 kBProgress (3): 1.0/1.2 MB | 0.6/1.1 MB | 232 kBProgress (3): 1.0/1.2 MB | 0.6/1.1 MB | 232 kBProgress (3): 1.1/1.2 MB | 0.6/1.1 MB | 232 kBProgress (3): 1.1/1.2 MB | 0.6/1.1 MB | 232 kBProgress (3): 1.1/1.2 MB | 0.6/1.1 MB | 232 kBProgress (3): 1.1/1.2 MB | 0.6/1.1 MB | 232 kBProgress (3): 1.1/1.2 MB | 0.6/1.1 MB | 232 kBProgress (3): 1.1/1.2 MB | 0.6/1.1 MB | 232 kBProgress (3): 1.1/1.2 MB | 0.6/1.1 MB | 232 kBProgress (3): 1.1/1.2 MB | 0.6/1.1 MB | 232 kBProgress (3): 1.1/1.2 MB | 0.6/1.1 MB | 232 kBProgress (3): 1.1/1.2 MB | 0.6/1.1 MB | 232 kBProgress (3): 1.1/1.2 MB | 0.6/1.1 MB | 232 kBProgress (3): 1.1/1.2 MB | 0.6/1.1 MB | 232 kBProgress (3): 1.1/1.2 MB | 0.6/1.1 MB | 232 kBProgress (3): 1.1/1.2 MB | 0.6/1.1 MB | 232 kBProgress (3): 1.1/1.2 MB | 0.6/1.1 MB | 232 kBProgress (3): 1.1/1.2 MB | 0.6/1.1 MB | 232 kBProgress (3): 1.1/1.2 MB | 0.6/1.1 MB | 232 kBProgress (3): 1.1/1.2 MB | 0.6/1.1 MB | 232 kBProgress (3): 1.1/1.2 MB | 0.6/1.1 MB | 232 kBProgress (3): 1.1/1.2 MB | 0.6/1.1 MB | 232 kBProgress (3): 1.1/1.2 MB | 0.6/1.1 MB | 232 kBProgress (3): 1.1/1.2 MB | 0.6/1.1 MB | 232 kBProgress (3): 1.1/1.2 MB | 0.6/1.1 MB | 232 kBProgress (3): 1.1/1.2 MB | 0.6/1.1 MB | 232 kBProgress (3): 1.1/1.2 MB | 0.6/1.1 MB | 232 kBProgress (3): 1.1/1.2 MB | 0.6/1.1 MB | 232 kBProgress (3): 1.1/1.2 MB | 0.6/1.1 MB | 232 kBProgress (3): 1.1/1.2 MB | 0.6/1.1 MB | 232 kBProgress (3): 1.1/1.2 MB | 0.6/1.1 MB | 232 kBProgress (3): 1.1/1.2 MB | 0.6/1.1 MB | 232 kBProgress (3): 1.1/1.2 MB | 0.6/1.1 MB | 232 kBProgress (3): 1.1/1.2 MB | 0.6/1.1 MB | 232 kBProgress (3): 1.1/1.2 MB | 0.6/1.1 MB | 232 kBProgress (3): 1.1/1.2 MB | 0.6/1.1 MB | 232 kBProgress (3): 1.1/1.2 MB | 0.6/1.1 MB | 232 kBProgress (3): 1.1/1.2 MB | 0.6/1.1 MB | 232 kBProgress (3): 1.1/1.2 MB | 0.6/1.1 MB | 232 kBProgress (3): 1.1/1.2 MB | 0.6/1.1 MB | 232 kBProgress (3): 1.1/1.2 MB | 0.6/1.1 MB | 232 kBProgress (3): 1.1/1.2 MB | 0.6/1.1 MB | 232 kBProgress (3): 1.1/1.2 MB | 0.6/1.1 MB | 232 kBProgress (3): 1.1/1.2 MB | 0.6/1.1 MB | 232 kBProgress (3): 1.1/1.2 MB | 0.6/1.1 MB | 232 kBProgress (3): 1.1/1.2 MB | 0.6/1.1 MB | 232 kBProgress (3): 1.1/1.2 MB | 0.6/1.1 MB | 232 kBProgress (3): 1.1/1.2 MB | 0.6/1.1 MB | 232 kBProgress (3): 1.1/1.2 MB | 0.6/1.1 MB | 232 kBProgress (3): 1.1/1.2 MB | 0.6/1.1 MB | 232 kBProgress (3): 1.1/1.2 MB | 0.6/1.1 MB | 232 kBProgress (3): 1.1/1.2 MB | 0.6/1.1 MB | 232 kBProgress (3): 1.1/1.2 MB | 0.6/1.1 MB | 232 kBProgress (3): 1.1/1.2 MB | 0.6/1.1 MB | 232 kBProgress (3): 1.1/1.2 MB | 0.6/1.1 MB | 232 kBProgress (3): 1.1/1.2 MB | 0.6/1.1 MB | 232 kBProgress (3): 1.1/1.2 MB | 0.6/1.1 MB | 232 kBProgress (3): 1.1/1.2 MB | 0.6/1.1 MB | 232 kBProgress (3): 1.1/1.2 MB | 0.6/1.1 MB | 232 kBProgress (3): 1.1/1.2 MB | 0.6/1.1 MB | 232 kBProgress (3): 1.1/1.2 MB | 0.6/1.1 MB | 232 kBProgress (3): 1.1/1.2 MB | 0.6/1.1 MB | 232 kBProgress (3): 1.1/1.2 MB | 0.6/1.1 MB | 232 kBProgress (3): 1.1/1.2 MB | 0.6/1.1 MB | 232 kBProgress (3): 1.1/1.2 MB | 0.6/1.1 MB | 232 kBProgress (3): 1.1/1.2 MB | 0.6/1.1 MB | 232 kBProgress (3): 1.1/1.2 MB | 0.6/1.1 MB | 232 kBProgress (3): 1.1/1.2 MB | 0.6/1.1 MB | 232 kBProgress (3): 1.1/1.2 MB | 0.6/1.1 MB | 232 kBProgress (3): 1.1/1.2 MB | 0.6/1.1 MB | 232 kBProgress (3): 1.1/1.2 MB | 0.6/1.1 MB | 232 kBProgress (3): 1.2/1.2 MB | 0.6/1.1 MB | 232 kBProgress (3): 1.2/1.2 MB | 0.6/1.1 MB | 232 kBProgress (3): 1.2/1.2 MB | 0.6/1.1 MB | 232 kBProgress (3): 1.2/1.2 MB | 0.6/1.1 MB | 232 kBProgress (3): 1.2/1.2 MB | 0.6/1.1 MB | 232 kBProgress (3): 1.2/1.2 MB | 0.6/1.1 MB | 232 kBProgress (3): 1.2/1.2 MB | 0.6/1.1 MB | 232 kBProgress (3): 1.2/1.2 MB | 0.6/1.1 MB | 232 kBProgress (3): 1.2/1.2 MB | 0.6/1.1 MB | 232 kBProgress (3): 1.2/1.2 MB | 0.6/1.1 MB | 232 kBProgress (3): 1.2/1.2 MB | 0.6/1.1 MB | 232 kBProgress (3): 1.2/1.2 MB | 0.6/1.1 MB | 232 kBProgress (3): 1.2/1.2 MB | 0.6/1.1 MB | 232 kBProgress (3): 1.2/1.2 MB | 0.6/1.1 MB | 232 kBProgress (3): 1.2/1.2 MB | 0.6/1.1 MB | 232 kBProgress (3): 1.2 MB | 0.6/1.1 MB | 232 kB    Progress (3): 1.2 MB | 0.6/1.1 MB | 232 kBProgress (3): 1.2 MB | 0.6/1.1 MB | 232 kBProgress (3): 1.2 MB | 0.6/1.1 MB | 232 kBProgress (3): 1.2 MB | 0.6/1.1 MB | 232 kBProgress (3): 1.2 MB | 0.6/1.1 MB | 232 kBProgress (3): 1.2 MB | 0.6/1.1 MB | 232 kB                                          Downloaded from bintray: http://jcenter.bintray.com/com/google/code/gson/gson/2.7/gson-2.7.jar (232 kB at 60 kB/s)
Progress (2): 1.2 MB | 0.6/1.1 MBProgress (2): 1.2 MB | 0.6/1.1 MBProgress (2): 1.2 MB | 0.6/1.1 MBProgress (2): 1.2 MB | 0.6/1.1 MBProgress (2): 1.2 MB | 0.6/1.1 MBProgress (2): 1.2 MB | 0.6/1.1 MBProgress (2): 1.2 MB | 0.6/1.1 MBProgress (2): 1.2 MB | 0.6/1.1 MBProgress (2): 1.2 MB | 0.7/1.1 MBProgress (2): 1.2 MB | 0.7/1.1 MBProgress (2): 1.2 MB | 0.7/1.1 MBProgress (2): 1.2 MB | 0.7/1.1 MBProgress (2): 1.2 MB | 0.7/1.1 MBProgress (2): 1.2 MB | 0.7/1.1 MBProgress (2): 1.2 MB | 0.7/1.1 MBProgress (2): 1.2 MB | 0.7/1.1 MBProgress (2): 1.2 MB | 0.7/1.1 MBProgress (2): 1.2 MB | 0.7/1.1 MBProgress (2): 1.2 MB | 0.7/1.1 MBProgress (2): 1.2 MB | 0.7/1.1 MBProgress (2): 1.2 MB | 0.7/1.1 MBProgress (2): 1.2 MB | 0.7/1.1 MBProgress (2): 1.2 MB | 0.7/1.1 MBProgress (2): 1.2 MB | 0.7/1.1 MBProgress (2): 1.2 MB | 0.7/1.1 MBProgress (2): 1.2 MB | 0.7/1.1 MBProgress (2): 1.2 MB | 0.7/1.1 MBProgress (2): 1.2 MB | 0.7/1.1 MBProgress (2): 1.2 MB | 0.7/1.1 MBProgress (2): 1.2 MB | 0.7/1.1 MBProgress (2): 1.2 MB | 0.7/1.1 MBProgress (2): 1.2 MB | 0.7/1.1 MBProgress (2): 1.2 MB | 0.7/1.1 MBProgress (2): 1.2 MB | 0.7/1.1 MBProgress (2): 1.2 MB | 0.7/1.1 MBProgress (2): 1.2 MB | 0.7/1.1 MBProgress (2): 1.2 MB | 0.7/1.1 MBProgress (2): 1.2 MB | 0.7/1.1 MBProgress (2): 1.2 MB | 0.7/1.1 MBProgress (2): 1.2 MB | 0.7/1.1 MBProgress (2): 1.2 MB | 0.7/1.1 MBProgress (2): 1.2 MB | 0.7/1.1 MBProgress (2): 1.2 MB | 0.7/1.1 MBProgress (2): 1.2 MB | 0.7/1.1 MBProgress (2): 1.2 MB | 0.7/1.1 MBProgress (2): 1.2 MB | 0.7/1.1 MBProgress (2): 1.2 MB | 0.7/1.1 MBProgress (2): 1.2 MB | 0.7/1.1 MBProgress (2): 1.2 MB | 0.7/1.1 MBProgress (2): 1.2 MB | 0.7/1.1 MBProgress (2): 1.2 MB | 0.8/1.1 MBProgress (2): 1.2 MB | 0.8/1.1 MBProgress (2): 1.2 MB | 0.8/1.1 MBProgress (2): 1.2 MB | 0.8/1.1 MBProgress (2): 1.2 MB | 0.8/1.1 MBProgress (2): 1.2 MB | 0.8/1.1 MBProgress (2): 1.2 MB | 0.8/1.1 MBProgress (2): 1.2 MB | 0.8/1.1 MBProgress (2): 1.2 MB | 0.8/1.1 MBProgress (2): 1.2 MB | 0.8/1.1 MBProgress (2): 1.2 MB | 0.8/1.1 MBProgress (2): 1.2 MB | 0.8/1.1 MBProgress (2): 1.2 MB | 0.8/1.1 MBProgress (2): 1.2 MB | 0.8/1.1 MBProgress (2): 1.2 MB | 0.8/1.1 MBProgress (2): 1.2 MB | 0.8/1.1 MBProgress (2): 1.2 MB | 0.8/1.1 MBProgress (2): 1.2 MB | 0.8/1.1 MBProgress (2): 1.2 MB | 0.8/1.1 MBProgress (2): 1.2 MB | 0.8/1.1 MBProgress (2): 1.2 MB | 0.8/1.1 MBProgress (2): 1.2 MB | 0.8/1.1 MBProgress (2): 1.2 MB | 0.8/1.1 MBProgress (2): 1.2 MB | 0.8/1.1 MBProgress (2): 1.2 MB | 0.8/1.1 MBProgress (2): 1.2 MB | 0.8/1.1 MBProgress (2): 1.2 MB | 0.8/1.1 MBProgress (2): 1.2 MB | 0.8/1.1 MBProgress (2): 1.2 MB | 0.8/1.1 MBProgress (2): 1.2 MB | 0.8/1.1 MBProgress (2): 1.2 MB | 0.8/1.1 MBProgress (2): 1.2 MB | 0.8/1.1 MBProgress (2): 1.2 MB | 0.8/1.1 MBProgress (2): 1.2 MB | 0.8/1.1 MBProgress (2): 1.2 MB | 0.8/1.1 MBProgress (2): 1.2 MB | 0.9/1.1 MBProgress (2): 1.2 MB | 0.9/1.1 MBProgress (2): 1.2 MB | 0.9/1.1 MBProgress (2): 1.2 MB | 0.9/1.1 MBProgress (2): 1.2 MB | 0.9/1.1 MBProgress (2): 1.2 MB | 0.9/1.1 MBProgress (2): 1.2 MB | 0.9/1.1 MBProgress (2): 1.2 MB | 0.9/1.1 MBProgress (2): 1.2 MB | 0.9/1.1 MBProgress (2): 1.2 MB | 0.9/1.1 MBProgress (2): 1.2 MB | 0.9/1.1 MBProgress (2): 1.2 MB | 0.9/1.1 MBProgress (2): 1.2 MB | 0.9/1.1 MBProgress (2): 1.2 MB | 0.9/1.1 MBProgress (2): 1.2 MB | 0.9/1.1 MBProgress (2): 1.2 MB | 0.9/1.1 MBProgress (2): 1.2 MB | 0.9/1.1 MBProgress (2): 1.2 MB | 0.9/1.1 MBProgress (2): 1.2 MB | 0.9/1.1 MBProgress (2): 1.2 MB | 0.9/1.1 MBProgress (2): 1.2 MB | 0.9/1.1 MBProgress (2): 1.2 MB | 0.9/1.1 MBProgress (2): 1.2 MB | 0.9/1.1 MBProgress (2): 1.2 MB | 0.9/1.1 MBProgress (2): 1.2 MB | 0.9/1.1 MBProgress (2): 1.2 MB | 0.9/1.1 MBProgress (2): 1.2 MB | 0.9/1.1 MBProgress (2): 1.2 MB | 0.9/1.1 MBProgress (2): 1.2 MB | 0.9/1.1 MBProgress (2): 1.2 MB | 0.9/1.1 MBProgress (2): 1.2 MB | 0.9/1.1 MBProgress (2): 1.2 MB | 0.9/1.1 MBProgress (2): 1.2 MB | 0.9/1.1 MBProgress (2): 1.2 MB | 0.9/1.1 MBProgress (2): 1.2 MB | 0.9/1.1 MBProgress (2): 1.2 MB | 0.9/1.1 MBProgress (2): 1.2 MB | 0.9/1.1 MBProgress (2): 1.2 MB | 0.9/1.1 MBProgress (2): 1.2 MB | 0.9/1.1 MBProgress (2): 1.2 MB | 1.0/1.1 MBProgress (2): 1.2 MB | 1.0/1.1 MBProgress (2): 1.2 MB | 1.0/1.1 MBProgress (2): 1.2 MB | 1.0/1.1 MBProgress (2): 1.2 MB | 1.0/1.1 MBProgress (2): 1.2 MB | 1.0/1.1 MBProgress (2): 1.2 MB | 1.0/1.1 MBProgress (2): 1.2 MB | 1.0/1.1 MBProgress (2): 1.2 MB | 1.0/1.1 MBProgress (2): 1.2 MB | 1.0/1.1 MBProgress (2): 1.2 MB | 1.0/1.1 MBProgress (2): 1.2 MB | 1.0/1.1 MBProgress (2): 1.2 MB | 1.0/1.1 MBProgress (2): 1.2 MB | 1.0/1.1 MBProgress (2): 1.2 MB | 1.0/1.1 MBProgress (2): 1.2 MB | 1.0/1.1 MBProgress (2): 1.2 MB | 1.0/1.1 MBProgress (2): 1.2 MB | 1.0/1.1 MBProgress (2): 1.2 MB | 1.0/1.1 MBProgress (2): 1.2 MB | 1.0/1.1 MBProgress (2): 1.2 MB | 1.0/1.1 MBProgress (2): 1.2 MB | 1.0/1.1 MBProgress (2): 1.2 MB | 1.0/1.1 MBProgress (2): 1.2 MB | 1.0/1.1 MBProgress (2): 1.2 MB | 1.0/1.1 MBProgress (2): 1.2 MB | 1.0/1.1 MBProgress (2): 1.2 MB | 1.0/1.1 MBProgress (2): 1.2 MB | 1.0/1.1 MBProgress (2): 1.2 MB | 1.0/1.1 MBProgress (2): 1.2 MB | 1.0/1.1 MBProgress (2): 1.2 MB | 1.0/1.1 MBProgress (2): 1.2 MB | 1.0/1.1 MBProgress (2): 1.2 MB | 1.0/1.1 MBProgress (2): 1.2 MB | 1.0/1.1 MBProgress (2): 1.2 MB | 1.0/1.1 MBProgress (2): 1.2 MB | 1.0/1.1 MBProgress (2): 1.2 MB | 1.0/1.1 MBProgress (2): 1.2 MB | 1.0/1.1 MBProgress (2): 1.2 MB | 1.0/1.1 MBProgress (2): 1.2 MB | 1.0/1.1 MBProgress (2): 1.2 MB | 1.1/1.1 MBProgress (2): 1.2 MB | 1.1/1.1 MBProgress (2): 1.2 MB | 1.1/1.1 MBProgress (2): 1.2 MB | 1.1/1.1 MBProgress (2): 1.2 MB | 1.1/1.1 MBProgress (2): 1.2 MB | 1.1/1.1 MBProgress (2): 1.2 MB | 1.1/1.1 MBProgress (2): 1.2 MB | 1.1/1.1 MBProgress (2): 1.2 MB | 1.1/1.1 MBProgress (2): 1.2 MB | 1.1/1.1 MBProgress (2): 1.2 MB | 1.1/1.1 MBProgress (2): 1.2 MB | 1.1/1.1 MBProgress (2): 1.2 MB | 1.1/1.1 MBProgress (2): 1.2 MB | 1.1/1.1 MBProgress (2): 1.2 MB | 1.1/1.1 MBProgress (2): 1.2 MB | 1.1/1.1 MBProgress (2): 1.2 MB | 1.1/1.1 MBProgress (2): 1.2 MB | 1.1/1.1 MBProgress (2): 1.2 MB | 1.1/1.1 MBProgress (2): 1.2 MB | 1.1/1.1 MBProgress (2): 1.2 MB | 1.1/1.1 MBProgress (2): 1.2 MB | 1.1/1.1 MBProgress (2): 1.2 MB | 1.1/1.1 MBProgress (2): 1.2 MB | 1.1 MB                                 Downloaded from bintray: http://jcenter.bintray.com/com/google/protobuf/protobuf-java/3.0.0-beta-3/protobuf-java-3.0.0-beta-3.jar (1.2 MB at 278 kB/s)
Downloaded from bintray: http://jcenter.bintray.com/io/reactivex/rxjava/1.1.8/rxjava-1.1.8.jar (1.1 MB at 243 kB/s)
Downloading from jitpack.io: https://jitpack.io/com/github/gegy1000/PokeGOAPI-Java/fb759f0b51461d0e047ecf04bb33b12829b3e8fe/PokeGOAPI-Java-fb759f0b51461d0e047ecf04bb33b12829b3e8fe.jar
Progress (1): 0/4.5 MBProgress (1): 0/4.5 MBProgress (1): 0/4.5 MBProgress (1): 0/4.5 MBProgress (1): 0/4.5 MBProgress (1): 0/4.5 MBProgress (1): 0/4.5 MBProgress (1): 0/4.5 MBProgress (1): 0/4.5 MBProgress (1): 0/4.5 MBProgress (1): 0/4.5 MBProgress (1): 0/4.5 MBProgress (1): 0/4.5 MBProgress (1): 0/4.5 MBProgress (1): 0/4.5 MBProgress (1): 0/4.5 MBProgress (1): 0/4.5 MBProgress (1): 0/4.5 MBProgress (1): 0/4.5 MBProgress (1): 0/4.5 MBProgress (1): 0/4.5 MBProgress (1): 0/4.5 MBProgress (1): 0/4.5 MBProgress (1): 0/4.5 MBProgress (1): 0/4.5 MBProgress (1): 0/4.5 MBProgress (1): 0/4.5 MBProgress (1): 0/4.5 MBProgress (1): 0/4.5 MBProgress (1): 0/4.5 MBProgress (1): 0/4.5 MBProgress (1): 0/4.5 MBProgress (1): 0/4.5 MBProgress (1): 0/4.5 MBProgress (1): 0/4.5 MBProgress (1): 0/4.5 MBProgress (1): 0.1/4.5 MBProgress (1): 0.1/4.5 MBProgress (1): 0.1/4.5 MBProgress (1): 0.1/4.5 MBProgress (1): 0.1/4.5 MBProgress (1): 0.1/4.5 MBProgress (1): 0.1/4.5 MBProgress (1): 0.1/4.5 MBProgress (1): 0.1/4.5 MBProgress (1): 0.1/4.5 MBProgress (1): 0.1/4.5 MBProgress (1): 0.1/4.5 MBProgress (1): 0.1/4.5 MBProgress (1): 0.1/4.5 MBProgress (1): 0.1/4.5 MBProgress (1): 0.1/4.5 MBProgress (1): 0.1/4.5 MBProgress (1): 0.1/4.5 MBProgress (1): 0.1/4.5 MBProgress (1): 0.1/4.5 MBProgress (1): 0.1/4.5 MBProgress (1): 0.1/4.5 MBProgress (1): 0.1/4.5 MBProgress (1): 0.1/4.5 MBProgress (1): 0.1/4.5 MBProgress (1): 0.1/4.5 MBProgress (1): 0.1/4.5 MBProgress (1): 0.1/4.5 MBProgress (1): 0.1/4.5 MBProgress (1): 0.1/4.5 MBProgress (1): 0.1/4.5 MBProgress (1): 0.1/4.5 MBProgress (1): 0.1/4.5 MBProgress (1): 0.1/4.5 MBProgress (1): 0.1/4.5 MBProgress (1): 0.1/4.5 MBProgress (1): 0.1/4.5 MBProgress (1): 0.1/4.5 MBProgress (1): 0.1/4.5 MBProgress (1): 0.1/4.5 MBProgress (1): 0.1/4.5 MBProgress (1): 0.1/4.5 MBProgress (1): 0.1/4.5 MBProgress (1): 0.1/4.5 MBProgress (1): 0.2/4.5 MBProgress (1): 0.2/4.5 MBProgress (1): 0.2/4.5 MBProgress (1): 0.2/4.5 MBProgress (1): 0.2/4.5 MBProgress (1): 0.2/4.5 MBProgress (1): 0.2/4.5 MBProgress (1): 0.2/4.5 MBProgress (1): 0.2/4.5 MBProgress (1): 0.2/4.5 MBProgress (1): 0.2/4.5 MBProgress (1): 0.2/4.5 MBProgress (1): 0.2/4.5 MBProgress (1): 0.2/4.5 MBProgress (1): 0.2/4.5 MBProgress (1): 0.2/4.5 MBProgress (1): 0.2/4.5 MBProgress (1): 0.2/4.5 MBProgress (1): 0.2/4.5 MBProgress (1): 0.2/4.5 MBProgress (1): 0.2/4.5 MBProgress (1): 0.2/4.5 MBProgress (1): 0.2/4.5 MBProgress (1): 0.2/4.5 MBProgress (1): 0.2/4.5 MBProgress (1): 0.2/4.5 MBProgress (1): 0.2/4.5 MBProgress (1): 0.2/4.5 MBProgress (1): 0.2/4.5 MBProgress (1): 0.2/4.5 MBProgress (1): 0.2/4.5 MBProgress (1): 0.2/4.5 MBProgress (1): 0.2/4.5 MBProgress (1): 0.2/4.5 MBProgress (1): 0.2/4.5 MBProgress (1): 0.2/4.5 MBProgress (1): 0.2/4.5 MBProgress (1): 0.2/4.5 MBProgress (1): 0.2/4.5 MBProgress (1): 0.3/4.5 MBProgress (1): 0.3/4.5 MBProgress (1): 0.3/4.5 MBProgress (1): 0.3/4.5 MBProgress (1): 0.3/4.5 MBProgress (1): 0.3/4.5 MBProgress (1): 0.3/4.5 MBProgress (1): 0.3/4.5 MBProgress (1): 0.3/4.5 MBProgress (1): 0.3/4.5 MBProgress (1): 0.3/4.5 MBProgress (1): 0.3/4.5 MBProgress (1): 0.3/4.5 MBProgress (1): 0.3/4.5 MBProgress (1): 0.3/4.5 MBProgress (1): 0.3/4.5 MBProgress (1): 0.3/4.5 MBProgress (1): 0.3/4.5 MBProgress (1): 0.3/4.5 MBProgress (1): 0.3/4.5 MBProgress (1): 0.3/4.5 MBProgress (1): 0.3/4.5 MBProgress (1): 0.3/4.5 MBProgress (1): 0.3/4.5 MBProgress (1): 0.4/4.5 MBProgress (1): 0.4/4.5 MBProgress (1): 0.4/4.5 MBProgress (1): 0.4/4.5 MBProgress (1): 0.4/4.5 MBProgress (1): 0.4/4.5 MBProgress (1): 0.4/4.5 MBProgress (1): 0.4/4.5 MBProgress (1): 0.4/4.5 MBProgress (1): 0.4/4.5 MBProgress (1): 0.4/4.5 MBProgress (1): 0.4/4.5 MBProgress (1): 0.4/4.5 MBProgress (1): 0.4/4.5 MBProgress (1): 0.4/4.5 MBProgress (1): 0.4/4.5 MBProgress (1): 0.4/4.5 MBProgress (1): 0.4/4.5 MBProgress (1): 0.4/4.5 MBProgress (1): 0.4/4.5 MBProgress (1): 0.4/4.5 MBProgress (1): 0.4/4.5 MBProgress (1): 0.4/4.5 MBProgress (1): 0.4/4.5 MBProgress (1): 0.4/4.5 MBProgress (1): 0.5/4.5 MBProgress (1): 0.5/4.5 MBProgress (1): 0.5/4.5 MBProgress (1): 0.5/4.5 MBProgress (1): 0.5/4.5 MBProgress (1): 0.5/4.5 MBProgress (1): 0.5/4.5 MBProgress (1): 0.5/4.5 MBProgress (1): 0.5/4.5 MBProgress (1): 0.5/4.5 MBProgress (1): 0.5/4.5 MBProgress (1): 0.5/4.5 MBProgress (1): 0.5/4.5 MBProgress (1): 0.5/4.5 MBProgress (1): 0.5/4.5 MBProgress (1): 0.5/4.5 MBProgress (1): 0.5/4.5 MBProgress (1): 0.5/4.5 MBProgress (1): 0.5/4.5 MBProgress (1): 0.5/4.5 MBProgress (1): 0.5/4.5 MBProgress (1): 0.5/4.5 MBProgress (1): 0.5/4.5 MBProgress (1): 0.5/4.5 MBProgress (1): 0.6/4.5 MBProgress (1): 0.6/4.5 MBProgress (1): 0.6/4.5 MBProgress (1): 0.6/4.5 MBProgress (1): 0.6/4.5 MBProgress (1): 0.6/4.5 MBProgress (1): 0.6/4.5 MBProgress (1): 0.6/4.5 MBProgress (1): 0.6/4.5 MBProgress (1): 0.6/4.5 MBProgress (1): 0.6/4.5 MBProgress (1): 0.6/4.5 MBProgress (1): 0.6/4.5 MBProgress (1): 0.6/4.5 MBProgress (1): 0.6/4.5 MBProgress (1): 0.6/4.5 MBProgress (1): 0.6/4.5 MBProgress (1): 0.6/4.5 MBProgress (1): 0.6/4.5 MBProgress (1): 0.6/4.5 MBProgress (1): 0.6/4.5 MBProgress (1): 0.6/4.5 MBProgress (1): 0.6/4.5 MBProgress (1): 0.6/4.5 MBProgress (1): 0.6/4.5 MBProgress (1): 0.7/4.5 MBProgress (1): 0.7/4.5 MBProgress (1): 0.7/4.5 MBProgress (1): 0.7/4.5 MBProgress (1): 0.7/4.5 MBProgress (1): 0.7/4.5 MBProgress (1): 0.7/4.5 MBProgress (1): 0.7/4.5 MBProgress (1): 0.7/4.5 MBProgress (1): 0.7/4.5 MBProgress (1): 0.7/4.5 MBProgress (1): 0.7/4.5 MBProgress (1): 0.7/4.5 MBProgress (1): 0.7/4.5 MBProgress (1): 0.7/4.5 MBProgress (1): 0.7/4.5 MBProgress (1): 0.7/4.5 MBProgress (1): 0.7/4.5 MBProgress (1): 0.7/4.5 MBProgress (1): 0.7/4.5 MBProgress (1): 0.7/4.5 MBProgress (1): 0.7/4.5 MBProgress (1): 0.7/4.5 MBProgress (1): 0.7/4.5 MBProgress (1): 0.8/4.5 MBProgress (1): 0.8/4.5 MBProgress (1): 0.8/4.5 MBProgress (1): 0.8/4.5 MBProgress (1): 0.8/4.5 MBProgress (1): 0.8/4.5 MBProgress (1): 0.8/4.5 MBProgress (1): 0.8/4.5 MBProgress (1): 0.8/4.5 MBProgress (1): 0.8/4.5 MBProgress (1): 0.8/4.5 MBProgress (1): 0.8/4.5 MBProgress (1): 0.8/4.5 MBProgress (1): 0.8/4.5 MBProgress (1): 0.8/4.5 MBProgress (1): 0.8/4.5 MBProgress (1): 0.8/4.5 MBProgress (1): 0.8/4.5 MBProgress (1): 0.8/4.5 MBProgress (1): 0.8/4.5 MBProgress (1): 0.8/4.5 MBProgress (1): 0.8/4.5 MBProgress (1): 0.8/4.5 MBProgress (1): 0.8/4.5 MBProgress (1): 0.9/4.5 MBProgress (1): 0.9/4.5 MBProgress (1): 0.9/4.5 MBProgress (1): 0.9/4.5 MBProgress (1): 0.9/4.5 MBProgress (1): 0.9/4.5 MBProgress (1): 0.9/4.5 MBProgress (1): 0.9/4.5 MBProgress (1): 0.9/4.5 MBProgress (1): 0.9/4.5 MBProgress (1): 0.9/4.5 MBProgress (1): 0.9/4.5 MBProgress (1): 0.9/4.5 MBProgress (1): 0.9/4.5 MBProgress (1): 0.9/4.5 MBProgress (1): 0.9/4.5 MBProgress (1): 0.9/4.5 MBProgress (1): 0.9/4.5 MBProgress (1): 0.9/4.5 MBProgress (1): 0.9/4.5 MBProgress (1): 0.9/4.5 MBProgress (1): 0.9/4.5 MBProgress (1): 0.9/4.5 MBProgress (1): 0.9/4.5 MBProgress (1): 0.9/4.5 MBProgress (1): 1.0/4.5 MBProgress (1): 1.0/4.5 MBProgress (1): 1.0/4.5 MBProgress (1): 1.0/4.5 MBProgress (1): 1.0/4.5 MBProgress (1): 1.0/4.5 MBProgress (1): 1.0/4.5 MBProgress (1): 1.0/4.5 MBProgress (1): 1.0/4.5 MBProgress (1): 1.0/4.5 MBProgress (1): 1.0/4.5 MBProgress (1): 1.0/4.5 MBProgress (1): 1.0/4.5 MBProgress (1): 1.0/4.5 MBProgress (1): 1.0/4.5 MBProgress (1): 1.0/4.5 MBProgress (1): 1.0/4.5 MBProgress (1): 1.0/4.5 MBProgress (1): 1.0/4.5 MBProgress (1): 1.0/4.5 MBProgress (1): 1.0/4.5 MBProgress (1): 1.0/4.5 MBProgress (1): 1.0/4.5 MBProgress (1): 1.0/4.5 MBProgress (1): 1.1/4.5 MBProgress (1): 1.1/4.5 MBProgress (1): 1.1/4.5 MBProgress (1): 1.1/4.5 MBProgress (1): 1.1/4.5 MBProgress (1): 1.1/4.5 MBProgress (1): 1.1/4.5 MBProgress (1): 1.1/4.5 MBProgress (1): 1.1/4.5 MBProgress (1): 1.1/4.5 MBProgress (1): 1.1/4.5 MBProgress (1): 1.1/4.5 MBProgress (1): 1.1/4.5 MBProgress (1): 1.1/4.5 MBProgress (1): 1.1/4.5 MBProgress (1): 1.1/4.5 MBProgress (1): 1.1/4.5 MBProgress (1): 1.1/4.5 MBProgress (1): 1.1/4.5 MBProgress (1): 1.1/4.5 MBProgress (1): 1.1/4.5 MBProgress (1): 1.1/4.5 MBProgress (1): 1.1/4.5 MBProgress (1): 1.1/4.5 MBProgress (1): 1.1/4.5 MBProgress (1): 1.2/4.5 MBProgress (1): 1.2/4.5 MBProgress (1): 1.2/4.5 MBProgress (1): 1.2/4.5 MBProgress (1): 1.2/4.5 MBProgress (1): 1.2/4.5 MBProgress (1): 1.2/4.5 MBProgress (1): 1.2/4.5 MBProgress (1): 1.2/4.5 MBProgress (1): 1.2/4.5 MBProgress (1): 1.2/4.5 MBProgress (1): 1.2/4.5 MBProgress (1): 1.2/4.5 MBProgress (1): 1.2/4.5 MBProgress (1): 1.2/4.5 MBProgress (1): 1.2/4.5 MBProgress (1): 1.2/4.5 MBProgress (1): 1.2/4.5 MBProgress (1): 1.2/4.5 MBProgress (1): 1.2/4.5 MBProgress (1): 1.2/4.5 MBProgress (1): 1.2/4.5 MBProgress (1): 1.2/4.5 MBProgress (1): 1.2/4.5 MBProgress (1): 1.3/4.5 MBProgress (1): 1.3/4.5 MBProgress (1): 1.3/4.5 MBProgress (1): 1.3/4.5 MBProgress (1): 1.3/4.5 MBProgress (1): 1.3/4.5 MBProgress (1): 1.3/4.5 MBProgress (1): 1.3/4.5 MBProgress (1): 1.3/4.5 MBProgress (1): 1.3/4.5 MBProgress (1): 1.3/4.5 MBProgress (1): 1.3/4.5 MBProgress (1): 1.3/4.5 MBProgress (1): 1.3/4.5 MBProgress (1): 1.3/4.5 MBProgress (1): 1.3/4.5 MBProgress (1): 1.3/4.5 MBProgress (1): 1.3/4.5 MBProgress (1): 1.3/4.5 MBProgress (1): 1.3/4.5 MBProgress (1): 1.3/4.5 MBProgress (1): 1.3/4.5 MBProgress (1): 1.3/4.5 MBProgress (1): 1.3/4.5 MBProgress (1): 1.3/4.5 MBProgress (1): 1.4/4.5 MBProgress (1): 1.4/4.5 MBProgress (1): 1.4/4.5 MBProgress (1): 1.4/4.5 MBProgress (1): 1.4/4.5 MBProgress (1): 1.4/4.5 MBProgress (1): 1.4/4.5 MBProgress (1): 1.4/4.5 MBProgress (1): 1.4/4.5 MBProgress (1): 1.4/4.5 MBProgress (1): 1.4/4.5 MBProgress (1): 1.4/4.5 MBProgress (1): 1.4/4.5 MBProgress (1): 1.4/4.5 MBProgress (1): 1.4/4.5 MBProgress (1): 1.4/4.5 MBProgress (1): 1.4/4.5 MBProgress (1): 1.4/4.5 MBProgress (1): 1.4/4.5 MBProgress (1): 1.4/4.5 MBProgress (1): 1.4/4.5 MBProgress (1): 1.4/4.5 MBProgress (1): 1.4/4.5 MBProgress (1): 1.4/4.5 MBProgress (1): 1.5/4.5 MBProgress (1): 1.5/4.5 MBProgress (1): 1.5/4.5 MBProgress (1): 1.5/4.5 MBProgress (1): 1.5/4.5 MBProgress (1): 1.5/4.5 MBProgress (1): 1.5/4.5 MBProgress (1): 1.5/4.5 MBProgress (1): 1.5/4.5 MBProgress (1): 1.5/4.5 MBProgress (1): 1.5/4.5 MBProgress (1): 1.5/4.5 MBProgress (1): 1.5/4.5 MBProgress (1): 1.5/4.5 MBProgress (1): 1.5/4.5 MBProgress (1): 1.5/4.5 MBProgress (1): 1.5/4.5 MBProgress (1): 1.5/4.5 MBProgress (1): 1.5/4.5 MBProgress (1): 1.5/4.5 MBProgress (1): 1.5/4.5 MBProgress (1): 1.5/4.5 MBProgress (1): 1.5/4.5 MBProgress (1): 1.5/4.5 MBProgress (1): 1.6/4.5 MBProgress (1): 1.6/4.5 MBProgress (1): 1.6/4.5 MBProgress (1): 1.6/4.5 MBProgress (1): 1.6/4.5 MBProgress (1): 1.6/4.5 MBProgress (1): 1.6/4.5 MBProgress (1): 1.6/4.5 MBProgress (1): 1.6/4.5 MBProgress (1): 1.6/4.5 MBProgress (1): 1.6/4.5 MBProgress (1): 1.6/4.5 MBProgress (1): 1.6/4.5 MBProgress (1): 1.6/4.5 MBProgress (1): 1.6/4.5 MBProgress (1): 1.6/4.5 MBProgress (1): 1.6/4.5 MBProgress (1): 1.6/4.5 MBProgress (1): 1.6/4.5 MBProgress (1): 1.6/4.5 MBProgress (1): 1.6/4.5 MBProgress (1): 1.6/4.5 MBProgress (1): 1.6/4.5 MBProgress (1): 1.6/4.5 MBProgress (1): 1.6/4.5 MBProgress (1): 1.7/4.5 MBProgress (1): 1.7/4.5 MBProgress (1): 1.7/4.5 MBProgress (1): 1.7/4.5 MBProgress (1): 1.7/4.5 MBProgress (1): 1.7/4.5 MBProgress (1): 1.7/4.5 MBProgress (1): 1.7/4.5 MBProgress (1): 1.7/4.5 MBProgress (1): 1.7/4.5 MBProgress (1): 1.7/4.5 MBProgress (1): 1.7/4.5 MBProgress (1): 1.7/4.5 MBProgress (1): 1.7/4.5 MBProgress (1): 1.7/4.5 MBProgress (1): 1.7/4.5 MBProgress (1): 1.7/4.5 MBProgress (1): 1.7/4.5 MBProgress (1): 1.7/4.5 MBProgress (1): 1.7/4.5 MBProgress (1): 1.7/4.5 MBProgress (1): 1.7/4.5 MBProgress (1): 1.7/4.5 MBProgress (1): 1.7/4.5 MBProgress (1): 1.8/4.5 MBProgress (1): 1.8/4.5 MBProgress (1): 1.8/4.5 MBProgress (1): 1.8/4.5 MBProgress (1): 1.8/4.5 MBProgress (1): 1.8/4.5 MBProgress (1): 1.8/4.5 MBProgress (1): 1.8/4.5 MBProgress (1): 1.8/4.5 MBProgress (1): 1.8/4.5 MBProgress (1): 1.8/4.5 MBProgress (1): 1.8/4.5 MBProgress (1): 1.8/4.5 MBProgress (1): 1.8/4.5 MBProgress (1): 1.8/4.5 MBProgress (1): 1.8/4.5 MBProgress (1): 1.8/4.5 MBProgress (1): 1.8/4.5 MBProgress (1): 1.8/4.5 MBProgress (1): 1.8/4.5 MBProgress (1): 1.8/4.5 MBProgress (1): 1.8/4.5 MBProgress (1): 1.8/4.5 MBProgress (1): 1.8/4.5 MBProgress (1): 1.8/4.5 MBProgress (1): 1.9/4.5 MBProgress (1): 1.9/4.5 MBProgress (1): 1.9/4.5 MBProgress (1): 1.9/4.5 MBProgress (1): 1.9/4.5 MBProgress (1): 1.9/4.5 MBProgress (1): 1.9/4.5 MBProgress (1): 1.9/4.5 MBProgress (1): 1.9/4.5 MBProgress (1): 1.9/4.5 MBProgress (1): 1.9/4.5 MBProgress (1): 1.9/4.5 MBProgress (1): 1.9/4.5 MBProgress (1): 1.9/4.5 MBProgress (1): 1.9/4.5 MBProgress (1): 1.9/4.5 MBProgress (1): 1.9/4.5 MBProgress (1): 1.9/4.5 MBProgress (1): 1.9/4.5 MBProgress (1): 1.9/4.5 MBProgress (1): 1.9/4.5 MBProgress (1): 1.9/4.5 MBProgress (1): 1.9/4.5 MBProgress (1): 1.9/4.5 MBProgress (1): 2.0/4.5 MBProgress (1): 2.0/4.5 MBProgress (1): 2.0/4.5 MBProgress (1): 2.0/4.5 MBProgress (1): 2.0/4.5 MBProgress (1): 2.0/4.5 MBProgress (1): 2.0/4.5 MBProgress (1): 2.0/4.5 MBProgress (1): 2.0/4.5 MBProgress (1): 2.0/4.5 MBProgress (1): 2.0/4.5 MBProgress (1): 2.0/4.5 MBProgress (1): 2.0/4.5 MBProgress (1): 2.0/4.5 MBProgress (1): 2.0/4.5 MBProgress (1): 2.0/4.5 MBProgress (1): 2.0/4.5 MBProgress (1): 2.0/4.5 MBProgress (1): 2.0/4.5 MBProgress (1): 2.0/4.5 MBProgress (1): 2.0/4.5 MBProgress (1): 2.0/4.5 MBProgress (1): 2.0/4.5 MBProgress (1): 2.0/4.5 MBProgress (1): 2.1/4.5 MBProgress (1): 2.1/4.5 MBProgress (1): 2.1/4.5 MBProgress (1): 2.1/4.5 MBProgress (1): 2.1/4.5 MBProgress (1): 2.1/4.5 MBProgress (1): 2.1/4.5 MBProgress (1): 2.1/4.5 MBProgress (1): 2.1/4.5 MBProgress (1): 2.1/4.5 MBProgress (1): 2.1/4.5 MBProgress (1): 2.1/4.5 MBProgress (1): 2.1/4.5 MBProgress (1): 2.1/4.5 MBProgress (1): 2.1/4.5 MBProgress (1): 2.1/4.5 MBProgress (1): 2.1/4.5 MBProgress (1): 2.1/4.5 MBProgress (1): 2.1/4.5 MBProgress (1): 2.1/4.5 MBProgress (1): 2.1/4.5 MBProgress (1): 2.1/4.5 MBProgress (1): 2.1/4.5 MBProgress (1): 2.1/4.5 MBProgress (1): 2.1/4.5 MBProgress (1): 2.2/4.5 MBProgress (1): 2.2/4.5 MBProgress (1): 2.2/4.5 MBProgress (1): 2.2/4.5 MBProgress (1): 2.2/4.5 MBProgress (1): 2.2/4.5 MBProgress (1): 2.2/4.5 MBProgress (1): 2.2/4.5 MBProgress (1): 2.2/4.5 MBProgress (1): 2.2/4.5 MBProgress (1): 2.2/4.5 MBProgress (1): 2.2/4.5 MBProgress (1): 2.2/4.5 MBProgress (1): 2.2/4.5 MBProgress (1): 2.2/4.5 MBProgress (1): 2.2/4.5 MBProgress (1): 2.2/4.5 MBProgress (1): 2.2/4.5 MBProgress (1): 2.2/4.5 MBProgress (1): 2.2/4.5 MBProgress (1): 2.2/4.5 MBProgress (1): 2.2/4.5 MBProgress (1): 2.2/4.5 MBProgress (1): 2.2/4.5 MBProgress (1): 2.3/4.5 MBProgress (1): 2.3/4.5 MBProgress (1): 2.3/4.5 MBProgress (1): 2.3/4.5 MBProgress (1): 2.3/4.5 MBProgress (1): 2.3/4.5 MBProgress (1): 2.3/4.5 MBProgress (1): 2.3/4.5 MBProgress (1): 2.3/4.5 MBProgress (1): 2.3/4.5 MBProgress (1): 2.3/4.5 MBProgress (1): 2.3/4.5 MBProgress (1): 2.3/4.5 MBProgress (1): 2.3/4.5 MBProgress (1): 2.3/4.5 MBProgress (1): 2.3/4.5 MBProgress (1): 2.3/4.5 MBProgress (1): 2.3/4.5 MBProgress (1): 2.3/4.5 MBProgress (1): 2.3/4.5 MBProgress (1): 2.3/4.5 MBProgress (1): 2.3/4.5 MBProgress (1): 2.3/4.5 MBProgress (1): 2.3/4.5 MBProgress (1): 2.3/4.5 MBProgress (1): 2.4/4.5 MBProgress (1): 2.4/4.5 MBProgress (1): 2.4/4.5 MBProgress (1): 2.4/4.5 MBProgress (1): 2.4/4.5 MBProgress (1): 2.4/4.5 MBProgress (1): 2.4/4.5 MBProgress (1): 2.4/4.5 MBProgress (1): 2.4/4.5 MBProgress (1): 2.4/4.5 MBProgress (1): 2.4/4.5 MBProgress (1): 2.4/4.5 MBProgress (1): 2.4/4.5 MBProgress (1): 2.4/4.5 MBProgress (1): 2.4/4.5 MBProgress (1): 2.4/4.5 MBProgress (1): 2.4/4.5 MBProgress (1): 2.4/4.5 MBProgress (1): 2.4/4.5 MBProgress (1): 2.4/4.5 MBProgress (1): 2.4/4.5 MBProgress (1): 2.4/4.5 MBProgress (1): 2.4/4.5 MBProgress (1): 2.4/4.5 MBProgress (1): 2.5/4.5 MBProgress (1): 2.5/4.5 MBProgress (1): 2.5/4.5 MBProgress (1): 2.5/4.5 MBProgress (1): 2.5/4.5 MBProgress (1): 2.5/4.5 MBProgress (1): 2.5/4.5 MBProgress (1): 2.5/4.5 MBProgress (1): 2.5/4.5 MBProgress (1): 2.5/4.5 MBProgress (1): 2.5/4.5 MBProgress (1): 2.5/4.5 MBProgress (1): 2.5/4.5 MBProgress (1): 2.5/4.5 MBProgress (1): 2.5/4.5 MBProgress (1): 2.5/4.5 MBProgress (1): 2.5/4.5 MBProgress (1): 2.5/4.5 MBProgress (1): 2.5/4.5 MBProgress (1): 2.5/4.5 MBProgress (1): 2.5/4.5 MBProgress (1): 2.5/4.5 MBProgress (1): 2.5/4.5 MBProgress (1): 2.5/4.5 MBProgress (1): 2.6/4.5 MBProgress (1): 2.6/4.5 MBProgress (1): 2.6/4.5 MBProgress (1): 2.6/4.5 MBProgress (1): 2.6/4.5 MBProgress (1): 2.6/4.5 MBProgress (1): 2.6/4.5 MBProgress (1): 2.6/4.5 MBProgress (1): 2.6/4.5 MBProgress (1): 2.6/4.5 MBProgress (1): 2.6/4.5 MBProgress (1): 2.6/4.5 MBProgress (1): 2.6/4.5 MBProgress (1): 2.6/4.5 MBProgress (1): 2.6/4.5 MBProgress (1): 2.6/4.5 MBProgress (1): 2.6/4.5 MBProgress (1): 2.6/4.5 MBProgress (1): 2.6/4.5 MBProgress (1): 2.6/4.5 MBProgress (1): 2.6/4.5 MBProgress (1): 2.6/4.5 MBProgress (1): 2.6/4.5 MBProgress (1): 2.6/4.5 MBProgress (1): 2.6/4.5 MBProgress (1): 2.7/4.5 MBProgress (1): 2.7/4.5 MBProgress (1): 2.7/4.5 MBProgress (1): 2.7/4.5 MBProgress (1): 2.7/4.5 MBProgress (1): 2.7/4.5 MBProgress (1): 2.7/4.5 MBProgress (1): 2.7/4.5 MBProgress (1): 2.7/4.5 MBProgress (1): 2.7/4.5 MBProgress (1): 2.7/4.5 MBProgress (1): 2.7/4.5 MBProgress (1): 2.7/4.5 MBProgress (1): 2.7/4.5 MBProgress (1): 2.7/4.5 MBProgress (1): 2.7/4.5 MBProgress (1): 2.7/4.5 MBProgress (1): 2.7/4.5 MBProgress (1): 2.7/4.5 MBProgress (1): 2.7/4.5 MBProgress (1): 2.7/4.5 MBProgress (1): 2.7/4.5 MBProgress (1): 2.7/4.5 MBProgress (1): 2.7/4.5 MBProgress (1): 2.8/4.5 MBProgress (1): 2.8/4.5 MBProgress (1): 2.8/4.5 MBProgress (1): 2.8/4.5 MBProgress (1): 2.8/4.5 MBProgress (1): 2.8/4.5 MBProgress (1): 2.8/4.5 MBProgress (1): 2.8/4.5 MBProgress (1): 2.8/4.5 MBProgress (1): 2.8/4.5 MBProgress (1): 2.8/4.5 MBProgress (1): 2.8/4.5 MBProgress (1): 2.8/4.5 MBProgress (1): 2.8/4.5 MBProgress (1): 2.8/4.5 MBProgress (1): 2.8/4.5 MBProgress (1): 2.8/4.5 MBProgress (1): 2.8/4.5 MBProgress (1): 2.8/4.5 MBProgress (1): 2.8/4.5 MBProgress (1): 2.8/4.5 MBProgress (1): 2.8/4.5 MBProgress (1): 2.8/4.5 MBProgress (1): 2.8/4.5 MBProgress (1): 2.8/4.5 MBProgress (1): 2.9/4.5 MBProgress (1): 2.9/4.5 MBProgress (1): 2.9/4.5 MBProgress (1): 2.9/4.5 MBProgress (1): 2.9/4.5 MBProgress (1): 2.9/4.5 MBProgress (1): 2.9/4.5 MBProgress (1): 2.9/4.5 MBProgress (1): 2.9/4.5 MBProgress (1): 2.9/4.5 MBProgress (1): 2.9/4.5 MBProgress (1): 2.9/4.5 MBProgress (1): 2.9/4.5 MBProgress (1): 2.9/4.5 MBProgress (1): 2.9/4.5 MBProgress (1): 2.9/4.5 MBProgress (1): 2.9/4.5 MBProgress (1): 2.9/4.5 MBProgress (1): 2.9/4.5 MBProgress (1): 2.9/4.5 MBProgress (1): 2.9/4.5 MBProgress (1): 2.9/4.5 MBProgress (1): 2.9/4.5 MBProgress (1): 2.9/4.5 MBProgress (1): 3.0/4.5 MBProgress (1): 3.0/4.5 MBProgress (1): 3.0/4.5 MBProgress (1): 3.0/4.5 MBProgress (1): 3.0/4.5 MBProgress (1): 3.0/4.5 MBProgress (1): 3.0/4.5 MBProgress (1): 3.0/4.5 MBProgress (1): 3.0/4.5 MBProgress (1): 3.0/4.5 MBProgress (1): 3.0/4.5 MBProgress (1): 3.0/4.5 MBProgress (1): 3.0/4.5 MBProgress (1): 3.0/4.5 MBProgress (1): 3.0/4.5 MBProgress (1): 3.0/4.5 MBProgress (1): 3.0/4.5 MBProgress (1): 3.0/4.5 MBProgress (1): 3.0/4.5 MBProgress (1): 3.0/4.5 MBProgress (1): 3.0/4.5 MBProgress (1): 3.0/4.5 MBProgress (1): 3.0/4.5 MBProgress (1): 3.0/4.5 MBProgress (1): 3.0/4.5 MBProgress (1): 3.1/4.5 MBProgress (1): 3.1/4.5 MBProgress (1): 3.1/4.5 MBProgress (1): 3.1/4.5 MBProgress (1): 3.1/4.5 MBProgress (1): 3.1/4.5 MBProgress (1): 3.1/4.5 MBProgress (1): 3.1/4.5 MBProgress (1): 3.1/4.5 MBProgress (1): 3.1/4.5 MBProgress (1): 3.1/4.5 MBProgress (1): 3.1/4.5 MBProgress (1): 3.1/4.5 MBProgress (1): 3.1/4.5 MBProgress (1): 3.1/4.5 MBProgress (1): 3.1/4.5 MBProgress (1): 3.1/4.5 MBProgress (1): 3.1/4.5 MBProgress (1): 3.1/4.5 MBProgress (1): 3.1/4.5 MBProgress (1): 3.1/4.5 MBProgress (1): 3.1/4.5 MBProgress (1): 3.1/4.5 MBProgress (1): 3.1/4.5 MBProgress (1): 3.2/4.5 MBProgress (1): 3.2/4.5 MBProgress (1): 3.2/4.5 MBProgress (1): 3.2/4.5 MBProgress (1): 3.2/4.5 MBProgress (1): 3.2/4.5 MBProgress (1): 3.2/4.5 MBProgress (1): 3.2/4.5 MBProgress (1): 3.2/4.5 MBProgress (1): 3.2/4.5 MBProgress (1): 3.2/4.5 MBProgress (1): 3.2/4.5 MBProgress (1): 3.2/4.5 MBProgress (1): 3.2/4.5 MBProgress (1): 3.2/4.5 MBProgress (1): 3.2/4.5 MBProgress (1): 3.2/4.5 MBProgress (1): 3.2/4.5 MBProgress (1): 3.2/4.5 MBProgress (1): 3.2/4.5 MBProgress (1): 3.2/4.5 MBProgress (1): 3.2/4.5 MBProgress (1): 3.2/4.5 MBProgress (1): 3.2/4.5 MBProgress (1): 3.3/4.5 MBProgress (1): 3.3/4.5 MBProgress (1): 3.3/4.5 MBProgress (1): 3.3/4.5 MBProgress (1): 3.3/4.5 MBProgress (1): 3.3/4.5 MBProgress (1): 3.3/4.5 MBProgress (1): 3.3/4.5 MBProgress (1): 3.3/4.5 MBProgress (1): 3.3/4.5 MBProgress (1): 3.3/4.5 MBProgress (1): 3.3/4.5 MBProgress (1): 3.3/4.5 MBProgress (1): 3.3/4.5 MBProgress (1): 3.3/4.5 MBProgress (1): 3.3/4.5 MBProgress (1): 3.3/4.5 MBProgress (1): 3.3/4.5 MBProgress (1): 3.3/4.5 MBProgress (1): 3.3/4.5 MBProgress (1): 3.3/4.5 MBProgress (1): 3.3/4.5 MBProgress (1): 3.3/4.5 MBProgress (1): 3.3/4.5 MBProgress (1): 3.3/4.5 MBProgress (1): 3.4/4.5 MBProgress (1): 3.4/4.5 MBProgress (1): 3.4/4.5 MBProgress (1): 3.4/4.5 MBProgress (1): 3.4/4.5 MBProgress (1): 3.4/4.5 MBProgress (1): 3.4/4.5 MBProgress (1): 3.4/4.5 MBProgress (1): 3.4/4.5 MBProgress (1): 3.4/4.5 MBProgress (1): 3.4/4.5 MBProgress (1): 3.4/4.5 MBProgress (1): 3.4/4.5 MBProgress (1): 3.4/4.5 MBProgress (1): 3.4/4.5 MBProgress (1): 3.4/4.5 MBProgress (1): 3.4/4.5 MBProgress (1): 3.4/4.5 MBProgress (1): 3.4/4.5 MBProgress (1): 3.4/4.5 MBProgress (1): 3.4/4.5 MBProgress (1): 3.4/4.5 MBProgress (1): 3.4/4.5 MBProgress (1): 3.4/4.5 MBProgress (1): 3.5/4.5 MBProgress (1): 3.5/4.5 MBProgress (1): 3.5/4.5 MBProgress (1): 3.5/4.5 MBProgress (1): 3.5/4.5 MBProgress (1): 3.5/4.5 MBProgress (1): 3.5/4.5 MBProgress (1): 3.5/4.5 MBProgress (1): 3.5/4.5 MBProgress (1): 3.5/4.5 MBProgress (1): 3.5/4.5 MBProgress (1): 3.5/4.5 MBProgress (1): 3.5/4.5 MBProgress (1): 3.5/4.5 MBProgress (1): 3.5/4.5 MBProgress (1): 3.5/4.5 MBProgress (1): 3.5/4.5 MBProgress (1): 3.5/4.5 MBProgress (1): 3.5/4.5 MBProgress (1): 3.5/4.5 MBProgress (1): 3.5/4.5 MBProgress (1): 3.5/4.5 MBProgress (1): 3.5/4.5 MBProgress (1): 3.5/4.5 MBProgress (1): 3.5/4.5 MBProgress (1): 3.6/4.5 MBProgress (1): 3.6/4.5 MBProgress (1): 3.6/4.5 MBProgress (1): 3.6/4.5 MBProgress (1): 3.6/4.5 MBProgress (1): 3.6/4.5 MBProgress (1): 3.6/4.5 MBProgress (1): 3.6/4.5 MBProgress (1): 3.6/4.5 MBProgress (1): 3.6/4.5 MBProgress (1): 3.6/4.5 MBProgress (1): 3.6/4.5 MBProgress (1): 3.6/4.5 MBProgress (1): 3.6/4.5 MBProgress (1): 3.6/4.5 MBProgress (1): 3.6/4.5 MBProgress (1): 3.6/4.5 MBProgress (1): 3.6/4.5 MBProgress (1): 3.6/4.5 MBProgress (1): 3.6/4.5 MBProgress (1): 3.6/4.5 MBProgress (1): 3.6/4.5 MBProgress (1): 3.6/4.5 MBProgress (1): 3.6/4.5 MBProgress (1): 3.7/4.5 MBProgress (1): 3.7/4.5 MBProgress (1): 3.7/4.5 MBProgress (1): 3.7/4.5 MBProgress (1): 3.7/4.5 MBProgress (1): 3.7/4.5 MBProgress (1): 3.7/4.5 MBProgress (1): 3.7/4.5 MBProgress (1): 3.7/4.5 MBProgress (1): 3.7/4.5 MBProgress (1): 3.7/4.5 MBProgress (1): 3.7/4.5 MBProgress (1): 3.7/4.5 MBProgress (1): 3.7/4.5 MBProgress (1): 3.7/4.5 MBProgress (1): 3.7/4.5 MBProgress (1): 3.7/4.5 MBProgress (1): 3.7/4.5 MBProgress (1): 3.7/4.5 MBProgress (1): 3.7/4.5 MBProgress (1): 3.7/4.5 MBProgress (1): 3.7/4.5 MBProgress (1): 3.7/4.5 MBProgress (1): 3.7/4.5 MBProgress (1): 3.8/4.5 MBProgress (1): 3.8/4.5 MBProgress (1): 3.8/4.5 MBProgress (1): 3.8/4.5 MBProgress (1): 3.8/4.5 MBProgress (1): 3.8/4.5 MBProgress (1): 3.8/4.5 MBProgress (1): 3.8/4.5 MBProgress (1): 3.8/4.5 MBProgress (1): 3.8/4.5 MBProgress (1): 3.8/4.5 MBProgress (1): 3.8/4.5 MBProgress (1): 3.8/4.5 MBProgress (1): 3.8/4.5 MBProgress (1): 3.8/4.5 MBProgress (1): 3.8/4.5 MBProgress (1): 3.8/4.5 MBProgress (1): 3.8/4.5 MBProgress (1): 3.8/4.5 MBProgress (1): 3.8/4.5 MBProgress (1): 3.8/4.5 MBProgress (1): 3.8/4.5 MBProgress (1): 3.8/4.5 MBProgress (1): 3.8/4.5 MBProgress (1): 3.8/4.5 MBProgress (1): 3.9/4.5 MBProgress (1): 3.9/4.5 MBProgress (1): 3.9/4.5 MBProgress (1): 3.9/4.5 MBProgress (1): 3.9/4.5 MBProgress (1): 3.9/4.5 MBProgress (1): 3.9/4.5 MBProgress (1): 3.9/4.5 MBProgress (1): 3.9/4.5 MBProgress (1): 3.9/4.5 MBProgress (1): 3.9/4.5 MBProgress (1): 3.9/4.5 MBProgress (1): 3.9/4.5 MBProgress (1): 3.9/4.5 MBProgress (1): 3.9/4.5 MBProgress (1): 3.9/4.5 MBProgress (1): 3.9/4.5 MBProgress (1): 3.9/4.5 MBProgress (1): 3.9/4.5 MBProgress (1): 3.9/4.5 MBProgress (1): 3.9/4.5 MBProgress (1): 3.9/4.5 MBProgress (1): 3.9/4.5 MBProgress (1): 3.9/4.5 MBProgress (1): 4.0/4.5 MBProgress (1): 4.0/4.5 MBProgress (1): 4.0/4.5 MBProgress (1): 4.0/4.5 MBProgress (1): 4.0/4.5 MBProgress (1): 4.0/4.5 MBProgress (1): 4.0/4.5 MBProgress (1): 4.0/4.5 MBProgress (1): 4.0/4.5 MBProgress (1): 4.0/4.5 MBProgress (1): 4.0/4.5 MBProgress (1): 4.0/4.5 MBProgress (1): 4.0/4.5 MBProgress (1): 4.0/4.5 MBProgress (1): 4.0/4.5 MBProgress (1): 4.0/4.5 MBProgress (1): 4.0/4.5 MBProgress (1): 4.0/4.5 MBProgress (1): 4.0/4.5 MBProgress (1): 4.0/4.5 MBProgress (1): 4.0/4.5 MBProgress (1): 4.0/4.5 MBProgress (1): 4.0/4.5 MBProgress (1): 4.0/4.5 MBProgress (1): 4.0/4.5 MBProgress (1): 4.1/4.5 MBProgress (1): 4.1/4.5 MBProgress (1): 4.1/4.5 MBProgress (1): 4.1/4.5 MBProgress (1): 4.1/4.5 MBProgress (1): 4.1/4.5 MBProgress (1): 4.1/4.5 MBProgress (1): 4.1/4.5 MBProgress (1): 4.1/4.5 MBProgress (1): 4.1/4.5 MBProgress (1): 4.1/4.5 MBProgress (1): 4.1/4.5 MBProgress (1): 4.1/4.5 MBProgress (1): 4.1/4.5 MBProgress (1): 4.1/4.5 MBProgress (1): 4.1/4.5 MBProgress (1): 4.1/4.5 MBProgress (1): 4.1/4.5 MBProgress (1): 4.1/4.5 MBProgress (1): 4.1/4.5 MBProgress (1): 4.1/4.5 MBProgress (1): 4.1/4.5 MBProgress (1): 4.1/4.5 MBProgress (1): 4.1/4.5 MBProgress (1): 4.2/4.5 MBProgress (1): 4.2/4.5 MBProgress (1): 4.2/4.5 MBProgress (1): 4.2/4.5 MBProgress (1): 4.2/4.5 MBProgress (1): 4.2/4.5 MBProgress (1): 4.2/4.5 MBProgress (1): 4.2/4.5 MBProgress (1): 4.2/4.5 MBProgress (1): 4.2/4.5 MBProgress (1): 4.2/4.5 MBProgress (1): 4.2/4.5 MBProgress (1): 4.2/4.5 MBProgress (1): 4.2/4.5 MBProgress (1): 4.2/4.5 MBProgress (1): 4.2/4.5 MBProgress (1): 4.2/4.5 MBProgress (1): 4.2/4.5 MBProgress (1): 4.2/4.5 MBProgress (1): 4.2/4.5 MBProgress (1): 4.2/4.5 MBProgress (1): 4.2/4.5 MBProgress (1): 4.2/4.5 MBProgress (1): 4.2/4.5 MBProgress (1): 4.2/4.5 MBProgress (1): 4.3/4.5 MBProgress (1): 4.3/4.5 MBProgress (1): 4.3/4.5 MBProgress (1): 4.3/4.5 MBProgress (1): 4.3/4.5 MBProgress (1): 4.3/4.5 MBProgress (1): 4.3/4.5 MBProgress (1): 4.3/4.5 MBProgress (1): 4.3/4.5 MBProgress (1): 4.3/4.5 MBProgress (1): 4.3/4.5 MBProgress (1): 4.3/4.5 MBProgress (1): 4.3/4.5 MBProgress (1): 4.3/4.5 MBProgress (1): 4.3/4.5 MBProgress (1): 4.3/4.5 MBProgress (1): 4.3/4.5 MBProgress (1): 4.3/4.5 MBProgress (1): 4.3/4.5 MBProgress (1): 4.3/4.5 MBProgress (1): 4.3/4.5 MBProgress (1): 4.3/4.5 MBProgress (1): 4.3/4.5 MBProgress (1): 4.3/4.5 MBProgress (1): 4.4/4.5 MBProgress (1): 4.4/4.5 MBProgress (1): 4.4/4.5 MBProgress (1): 4.4/4.5 MBProgress (1): 4.4/4.5 MBProgress (1): 4.4/4.5 MBProgress (1): 4.4/4.5 MBProgress (1): 4.4/4.5 MBProgress (1): 4.4/4.5 MBProgress (1): 4.4/4.5 MBProgress (1): 4.4/4.5 MBProgress (1): 4.4/4.5 MBProgress (1): 4.4/4.5 MBProgress (1): 4.4/4.5 MBProgress (1): 4.4/4.5 MBProgress (1): 4.4/4.5 MBProgress (1): 4.4/4.5 MBProgress (1): 4.4/4.5 MBProgress (1): 4.4/4.5 MBProgress (1): 4.4/4.5 MBProgress (1): 4.4/4.5 MBProgress (1): 4.4/4.5 MBProgress (1): 4.4/4.5 MBProgress (1): 4.4/4.5 MBProgress (1): 4.5/4.5 MBProgress (1): 4.5/4.5 MBProgress (1): 4.5/4.5 MBProgress (1): 4.5/4.5 MBProgress (1): 4.5/4.5 MBProgress (1): 4.5/4.5 MBProgress (1): 4.5/4.5 MBProgress (1): 4.5/4.5 MBProgress (1): 4.5/4.5 MBProgress (1): 4.5/4.5 MBProgress (1): 4.5/4.5 MBProgress (1): 4.5/4.5 MBProgress (1): 4.5/4.5 MBProgress (1): 4.5 MB                        Downloaded from jitpack.io: https://jitpack.io/com/github/gegy1000/PokeGOAPI-Java/fb759f0b51461d0e047ecf04bb33b12829b3e8fe/PokeGOAPI-Java-fb759f0b51461d0e047ecf04bb33b12829b3e8fe.jar (4.5 MB at 412 kB/s)
[INFO] 
[INFO] --- maven-clean-plugin:2.5:clean (default-clean) @ BPGM ---
[INFO] 
[INFO] --- maven-dependency-plugin:2.8:list (default-cli) @ BPGM ---
[INFO] 
[INFO] The following files have been resolved:
[INFO]    com.google.protobuf:protobuf-java:jar:3.0.0-beta-3:compile
[INFO]    org.apache.commons:commons-lang3:jar:3.4:compile
[INFO]    io.reactivex:rxjava:jar:1.1.8:compile
[INFO]    com.google.code.gson:gson:jar:2.7:compile
[INFO]    org.hamcrest:hamcrest-core:jar:1.3:test
[INFO]    com.squareup.okhttp3:okhttp:jar:3.4.1:compile
[INFO]    com.squareup.moshi:moshi:jar:1.2.0:compile
[INFO]    junit:junit:jar:4.12:test
[INFO]    com.github.gegy1000:PokeGOAPI-Java:jar:fb759f0b51461d0e047ecf04bb33b12829b3e8fe:compile
[INFO]    com.annimon:stream:jar:1.1.1:compile
[INFO]    svarzee.gps:gpsoauth:jar:0.3:compile
[INFO]    org.mockito:mockito-all:jar:1.10.19:test
[INFO]    com.squareup.okio:okio:jar:1.9.0:compile
[INFO]    net.jpountz.lz4:lz4:jar:1.3.0:compile
[INFO]    org.json:json:jar:20160212:compile
[INFO]    net.iharder:base64:jar:2.3.9:compile
[INFO] 
[INFO] 
[INFO] --- maven-resources-plugin:2.6:resources (default-resources) @ BPGM ---
[INFO] Using 'UTF-8' encoding to copy filtered resources.
[INFO] Copying 8 resources
[INFO] 
[INFO] --- maven-compiler-plugin:3.5.1:compile (default-compile) @ BPGM ---
[INFO] Changes detected - recompiling the module!
[INFO] Compiling 84 source files to /home/cgzhu/projects/gitslice/resources/facts/upgrade_jars_exp/_downloads/BlossomsPokemonGoManager/target/classes
[INFO] /home/cgzhu/projects/gitslice/resources/facts/upgrade_jars_exp/_downloads/BlossomsPokemonGoManager/src/me/corriekay/pokegoutil/gui/controller/PokemonTableController.java: Some input files use or override a deprecated API.
[INFO] /home/cgzhu/projects/gitslice/resources/facts/upgrade_jars_exp/_downloads/BlossomsPokemonGoManager/src/me/corriekay/pokegoutil/gui/controller/PokemonTableController.java: Recompile with -Xlint:deprecation for details.
[INFO] /home/cgzhu/projects/gitslice/resources/facts/upgrade_jars_exp/_downloads/BlossomsPokemonGoManager/src/me/corriekay/pokegoutil/utils/windows/PokemonTable.java: Some input files use unchecked or unsafe operations.
[INFO] /home/cgzhu/projects/gitslice/resources/facts/upgrade_jars_exp/_downloads/BlossomsPokemonGoManager/src/me/corriekay/pokegoutil/utils/windows/PokemonTable.java: Recompile with -Xlint:unchecked for details.
[INFO] 
[INFO] --- maven-resources-plugin:2.6:testResources (default-testResources) @ BPGM ---
[INFO] Using 'UTF-8' encoding to copy filtered resources.
[INFO] skip non existing resourceDirectory /home/cgzhu/projects/gitslice/resources/facts/upgrade_jars_exp/_downloads/BlossomsPokemonGoManager/src/test/resources
[INFO] 
[INFO] --- maven-compiler-plugin:3.5.1:testCompile (default-testCompile) @ BPGM ---
[INFO] Changes detected - recompiling the module!
[INFO] Compiling 5 source files to /home/cgzhu/projects/gitslice/resources/facts/upgrade_jars_exp/_downloads/BlossomsPokemonGoManager/target/test-classes
[INFO] 
[INFO] --- maven-surefire-plugin:2.12.4:test (default-test) @ BPGM ---
[INFO] Surefire report directory: /home/cgzhu/projects/gitslice/resources/facts/upgrade_jars_exp/_downloads/BlossomsPokemonGoManager/target/surefire-reports

-------------------------------------------------------
 T E S T S
-------------------------------------------------------
Running test.me.corriekay.pokegoutil.gui.controller.LogControllerTest
Tests run: 4, Failures: 0, Errors: 0, Skipped: 0, Time elapsed: 0.268 sec
Running me.corriekay.pokegoutil.data.models.LoginDataTest
Tests run: 51, Failures: 0, Errors: 0, Skipped: 0, Time elapsed: 0.028 sec
Running me.corriekay.pokegoutil.data.models.operations.EvolveOperationTest
Tests run: 4, Failures: 0, Errors: 0, Skipped: 0, Time elapsed: 0.181 sec
Running me.corriekay.pokegoutil.data.models.operations.OperationTest
Tests run: 5, Failures: 0, Errors: 0, Skipped: 0, Time elapsed: 0.007 sec
Running me.corriekay.pokegoutil.data.models.operations.TransferOperationTest
Tests run: 3, Failures: 0, Errors: 0, Skipped: 0, Time elapsed: 0.009 sec

Results :

Tests run: 67, Failures: 0, Errors: 0, Skipped: 0

[INFO] ------------------------------------------------------------------------
[INFO] BUILD SUCCESS
[INFO] ------------------------------------------------------------------------
[INFO] Total time: 35.963 s
[INFO] Finished at: 2019-08-20T18:02:18+08:00
[INFO] ------------------------------------------------------------------------
