[INFO] Scanning for projects...
Downloading from central: https://repo.maven.apache.org/maven2/org/apache/maven/plugins/maven-surefire-plugin/2.19.1/maven-surefire-plugin-2.19.1.pom
Progress (1): 2.2/5.6 kBProgress (1): 5.0/5.6 kBProgress (1): 5.6 kB                        Downloaded from central: https://repo.maven.apache.org/maven2/org/apache/maven/plugins/maven-surefire-plugin/2.19.1/maven-surefire-plugin-2.19.1.pom (5.6 kB at 5.0 kB/s)
Downloading from central: https://repo.maven.apache.org/maven2/org/apache/maven/surefire/surefire/2.19.1/surefire-2.19.1.pom
Progress (1): 2.2/18 kBProgress (1): 5.0/18 kBProgress (1): 7.8/18 kBProgress (1): 11/18 kB Progress (1): 13/18 kBProgress (1): 16/18 kBProgress (1): 18 kB                      Downloaded from central: https://repo.maven.apache.org/maven2/org/apache/maven/surefire/surefire/2.19.1/surefire-2.19.1.pom (18 kB at 34 kB/s)
Downloading from central: https://repo.maven.apache.org/maven2/org/apache/maven/plugins/maven-surefire-plugin/2.19.1/maven-surefire-plugin-2.19.1.jar
Progress (1): 2.2/38 kBProgress (1): 5.0/38 kBProgress (1): 7.7/38 kBProgress (1): 10/38 kB Progress (1): 13/38 kBProgress (1): 16/38 kBProgress (1): 19/38 kBProgress (1): 21/38 kBProgress (1): 24/38 kBProgress (1): 27/38 kBProgress (1): 30/38 kBProgress (1): 32/38 kBProgress (1): 35/38 kBProgress (1): 38/38 kBProgress (1): 38 kB                      Downloaded from central: https://repo.maven.apache.org/maven2/org/apache/maven/plugins/maven-surefire-plugin/2.19.1/maven-surefire-plugin-2.19.1.jar (38 kB at 71 kB/s)
[INFO] 
[INFO] ------------------< com.jakewharton.rxrelay2:rxrelay >------------------
[INFO] Building RxRelay 2.1.0
[INFO] --------------------------------[ jar ]---------------------------------
Downloading from central: https://repo.maven.apache.org/maven2/io/reactivex/rxjava2/rxjava/2.2.2/rxjava-2.2.2.pom
Progress (1): 2.2/2.4 kBProgress (1): 2.4 kB                        Downloaded from central: https://repo.maven.apache.org/maven2/io/reactivex/rxjava2/rxjava/2.2.2/rxjava-2.2.2.pom (2.4 kB at 6.5 kB/s)
Downloading from central: https://repo.maven.apache.org/maven2/org/reactivestreams/reactive-streams/1.0.2/reactive-streams-1.0.2.pom
Progress (1): 1.2 kB                    Downloaded from central: https://repo.maven.apache.org/maven2/org/reactivestreams/reactive-streams/1.0.2/reactive-streams-1.0.2.pom (1.2 kB at 3.2 kB/s)
Downloading from central: https://repo.maven.apache.org/maven2/io/reactivex/rxjava2/rxjava/2.2.2/rxjava-2.2.2.jar
Downloading from central: https://repo.maven.apache.org/maven2/org/reactivestreams/reactive-streams/1.0.2/reactive-streams-1.0.2.jar
Progress (1): 0/2.3 MBProgress (1): 0/2.3 MBProgress (1): 0/2.3 MBProgress (1): 0/2.3 MBProgress (1): 0/2.3 MBProgress (1): 0/2.3 MBProgress (1): 0/2.3 MBProgress (1): 0/2.3 MBProgress (1): 0/2.3 MBProgress (1): 0/2.3 MBProgress (1): 0/2.3 MBProgress (1): 0/2.3 MBProgress (1): 0/2.3 MBProgress (1): 0/2.3 MBProgress (1): 0/2.3 MBProgress (1): 0/2.3 MBProgress (1): 0.1/2.3 MBProgress (1): 0.1/2.3 MBProgress (1): 0.1/2.3 MBProgress (1): 0.1/2.3 MBProgress (1): 0.1/2.3 MBProgress (1): 0.1/2.3 MBProgress (1): 0.1/2.3 MBProgress (1): 0.1/2.3 MBProgress (1): 0.1/2.3 MBProgress (1): 0.1/2.3 MBProgress (1): 0.1/2.3 MBProgress (1): 0.1/2.3 MBProgress (1): 0.1/2.3 MBProgress (1): 0.1/2.3 MBProgress (1): 0.1/2.3 MBProgress (1): 0.1/2.3 MBProgress (1): 0.1/2.3 MBProgress (1): 0.1/2.3 MBProgress (1): 0.1/2.3 MBProgress (1): 0.1/2.3 MBProgress (1): 0.1/2.3 MBProgress (1): 0.1/2.3 MBProgress (1): 0.1/2.3 MBProgress (1): 0.1/2.3 MBProgress (1): 0.2/2.3 MBProgress (1): 0.2/2.3 MBProgress (1): 0.2/2.3 MBProgress (1): 0.2/2.3 MBProgress (1): 0.2/2.3 MBProgress (1): 0.2/2.3 MBProgress (1): 0.2/2.3 MBProgress (1): 0.2/2.3 MBProgress (1): 0.2/2.3 MBProgress (1): 0.2/2.3 MBProgress (1): 0.2/2.3 MBProgress (1): 0.2/2.3 MBProgress (1): 0.2/2.3 MBProgress (1): 0.2/2.3 MBProgress (1): 0.2/2.3 MBProgress (1): 0.2/2.3 MBProgress (1): 0.2/2.3 MBProgress (1): 0.2/2.3 MBProgress (1): 0.2/2.3 MBProgress (1): 0.2/2.3 MBProgress (1): 0.2/2.3 MBProgress (1): 0.2/2.3 MBProgress (1): 0.2/2.3 MBProgress (1): 0.2/2.3 MBProgress (1): 0.2/2.3 MBProgress (1): 0.3/2.3 MBProgress (1): 0.3/2.3 MBProgress (1): 0.3/2.3 MBProgress (1): 0.3/2.3 MBProgress (1): 0.3/2.3 MBProgress (1): 0.3/2.3 MBProgress (1): 0.3/2.3 MBProgress (2): 0.3/2.3 MB | 2.1 kBProgress (2): 0.3/2.3 MB | 2.1 kBProgress (2): 0.3/2.3 MB | 2.1 kBProgress (2): 0.3/2.3 MB | 2.1 kBProgress (2): 0.3/2.3 MB | 2.1 kBProgress (2): 0.3/2.3 MB | 2.1 kBProgress (2): 0.3/2.3 MB | 2.1 kBProgress (2): 0.3/2.3 MB | 2.1 kBProgress (2): 0.3/2.3 MB | 2.1 kBProgress (2): 0.3/2.3 MB | 2.1 kBProgress (2): 0.3/2.3 MB | 2.1 kBProgress (2): 0.3/2.3 MB | 2.1 kBProgress (2): 0.3/2.3 MB | 2.1 kBProgress (2): 0.3/2.3 MB | 2.1 kBProgress (2): 0.3/2.3 MB | 2.1 kBProgress (2): 0.3/2.3 MB | 2.1 kBProgress (2): 0.3/2.3 MB | 2.1 kBProgress (2): 0.3/2.3 MB | 2.1 kBProgress (2): 0.4/2.3 MB | 2.1 kBProgress (2): 0.4/2.3 MB | 2.1 kBProgress (2): 0.4/2.3 MB | 2.1 kBProgress (2): 0.4/2.3 MB | 2.1 kBProgress (2): 0.4/2.3 MB | 2.1 kBProgress (2): 0.4/2.3 MB | 2.1 kBProgress (2): 0.4/2.3 MB | 2.1 kBProgress (2): 0.4/2.3 MB | 2.1 kBProgress (2): 0.4/2.3 MB | 2.1 kBProgress (2): 0.4/2.3 MB | 2.1 kBProgress (2): 0.4/2.3 MB | 2.1 kBProgress (2): 0.4/2.3 MB | 2.1 kBProgress (2): 0.4/2.3 MB | 2.1 kBProgress (2): 0.4/2.3 MB | 2.1 kBProgress (2): 0.4/2.3 MB | 2.1 kBProgress (2): 0.4/2.3 MB | 2.1 kBProgress (2): 0.4/2.3 MB | 2.1 kBProgress (2): 0.4/2.3 MB | 2.1 kB                                 Downloaded from central: https://repo.maven.apache.org/maven2/org/reactivestreams/reactive-streams/1.0.2/reactive-streams-1.0.2.jar (2.1 kB at 2.8 kB/s)
Progress (1): 0.4/2.3 MBProgress (1): 0.4/2.3 MBProgress (1): 0.4/2.3 MBProgress (1): 0.4/2.3 MBProgress (1): 0.4/2.3 MBProgress (1): 0.4/2.3 MBProgress (1): 0.5/2.3 MBProgress (1): 0.5/2.3 MBProgress (1): 0.5/2.3 MBProgress (1): 0.5/2.3 MBProgress (1): 0.5/2.3 MBProgress (1): 0.5/2.3 MBProgress (1): 0.5/2.3 MBProgress (1): 0.5/2.3 MBProgress (1): 0.5/2.3 MBProgress (1): 0.5/2.3 MBProgress (1): 0.5/2.3 MBProgress (1): 0.5/2.3 MBProgress (1): 0.5/2.3 MBProgress (1): 0.5/2.3 MBProgress (1): 0.5/2.3 MBProgress (1): 0.5/2.3 MBProgress (1): 0.5/2.3 MBProgress (1): 0.5/2.3 MBProgress (1): 0.5/2.3 MBProgress (1): 0.5/2.3 MBProgress (1): 0.5/2.3 MBProgress (1): 0.5/2.3 MBProgress (1): 0.5/2.3 MBProgress (1): 0.5/2.3 MBProgress (1): 0.5/2.3 MBProgress (1): 0.6/2.3 MBProgress (1): 0.6/2.3 MBProgress (1): 0.6/2.3 MBProgress (1): 0.6/2.3 MBProgress (1): 0.6/2.3 MBProgress (1): 0.6/2.3 MBProgress (1): 0.6/2.3 MBProgress (1): 0.6/2.3 MBProgress (1): 0.6/2.3 MBProgress (1): 0.6/2.3 MBProgress (1): 0.6/2.3 MBProgress (1): 0.6/2.3 MBProgress (1): 0.6/2.3 MBProgress (1): 0.6/2.3 MBProgress (1): 0.6/2.3 MBProgress (1): 0.6/2.3 MBProgress (1): 0.6/2.3 MBProgress (1): 0.6/2.3 MBProgress (1): 0.6/2.3 MBProgress (1): 0.6/2.3 MBProgress (1): 0.6/2.3 MBProgress (1): 0.6/2.3 MBProgress (1): 0.6/2.3 MBProgress (1): 0.6/2.3 MBProgress (1): 0.7/2.3 MBProgress (1): 0.7/2.3 MBProgress (1): 0.7/2.3 MBProgress (1): 0.7/2.3 MBProgress (1): 0.7/2.3 MBProgress (1): 0.7/2.3 MBProgress (1): 0.7/2.3 MBProgress (1): 0.7/2.3 MBProgress (1): 0.7/2.3 MBProgress (1): 0.7/2.3 MBProgress (1): 0.7/2.3 MBProgress (1): 0.7/2.3 MBProgress (1): 0.7/2.3 MBProgress (1): 0.7/2.3 MBProgress (1): 0.7/2.3 MBProgress (1): 0.7/2.3 MBProgress (1): 0.7/2.3 MBProgress (1): 0.7/2.3 MBProgress (1): 0.7/2.3 MBProgress (1): 0.7/2.3 MBProgress (1): 0.7/2.3 MBProgress (1): 0.7/2.3 MBProgress (1): 0.7/2.3 MBProgress (1): 0.7/2.3 MBProgress (1): 0.7/2.3 MBProgress (1): 0.8/2.3 MBProgress (1): 0.8/2.3 MBProgress (1): 0.8/2.3 MBProgress (1): 0.8/2.3 MBProgress (1): 0.8/2.3 MBProgress (1): 0.8/2.3 MBProgress (1): 0.8/2.3 MBProgress (1): 0.8/2.3 MBProgress (1): 0.8/2.3 MBProgress (1): 0.8/2.3 MBProgress (1): 0.8/2.3 MBProgress (1): 0.8/2.3 MBProgress (1): 0.8/2.3 MBProgress (1): 0.8/2.3 MBProgress (1): 0.8/2.3 MBProgress (1): 0.8/2.3 MBProgress (1): 0.8/2.3 MBProgress (1): 0.8/2.3 MBProgress (1): 0.8/2.3 MBProgress (1): 0.8/2.3 MBProgress (1): 0.8/2.3 MBProgress (1): 0.8/2.3 MBProgress (1): 0.8/2.3 MBProgress (1): 0.8/2.3 MBProgress (1): 0.9/2.3 MBProgress (1): 0.9/2.3 MBProgress (1): 0.9/2.3 MBProgress (1): 0.9/2.3 MBProgress (1): 0.9/2.3 MBProgress (1): 0.9/2.3 MBProgress (1): 0.9/2.3 MBProgress (1): 0.9/2.3 MBProgress (1): 0.9/2.3 MBProgress (1): 0.9/2.3 MBProgress (1): 0.9/2.3 MBProgress (1): 0.9/2.3 MBProgress (1): 0.9/2.3 MBProgress (1): 0.9/2.3 MBProgress (1): 0.9/2.3 MBProgress (1): 0.9/2.3 MBProgress (1): 0.9/2.3 MBProgress (1): 0.9/2.3 MBProgress (1): 0.9/2.3 MBProgress (1): 0.9/2.3 MBProgress (1): 0.9/2.3 MBProgress (1): 0.9/2.3 MBProgress (1): 0.9/2.3 MBProgress (1): 0.9/2.3 MBProgress (1): 0.9/2.3 MBProgress (1): 1.0/2.3 MBProgress (1): 1.0/2.3 MBProgress (1): 1.0/2.3 MBProgress (1): 1.0/2.3 MBProgress (1): 1.0/2.3 MBProgress (1): 1.0/2.3 MBProgress (1): 1.0/2.3 MBProgress (1): 1.0/2.3 MBProgress (1): 1.0/2.3 MBProgress (1): 1.0/2.3 MBProgress (1): 1.0/2.3 MBProgress (1): 1.0/2.3 MBProgress (1): 1.0/2.3 MBProgress (1): 1.0/2.3 MBProgress (1): 1.0/2.3 MBProgress (1): 1.0/2.3 MBProgress (1): 1.0/2.3 MBProgress (1): 1.0/2.3 MBProgress (1): 1.0/2.3 MBProgress (1): 1.0/2.3 MBProgress (1): 1.0/2.3 MBProgress (1): 1.0/2.3 MBProgress (1): 1.0/2.3 MBProgress (1): 1.0/2.3 MBProgress (1): 1.1/2.3 MBProgress (1): 1.1/2.3 MBProgress (1): 1.1/2.3 MBProgress (1): 1.1/2.3 MBProgress (1): 1.1/2.3 MBProgress (1): 1.1/2.3 MBProgress (1): 1.1/2.3 MBProgress (1): 1.1/2.3 MBProgress (1): 1.1/2.3 MBProgress (1): 1.1/2.3 MBProgress (1): 1.1/2.3 MBProgress (1): 1.1/2.3 MBProgress (1): 1.1/2.3 MBProgress (1): 1.1/2.3 MBProgress (1): 1.1/2.3 MBProgress (1): 1.1/2.3 MBProgress (1): 1.1/2.3 MBProgress (1): 1.1/2.3 MBProgress (1): 1.1/2.3 MBProgress (1): 1.1/2.3 MBProgress (1): 1.1/2.3 MBProgress (1): 1.1/2.3 MBProgress (1): 1.1/2.3 MBProgress (1): 1.1/2.3 MBProgress (1): 1.2/2.3 MBProgress (1): 1.2/2.3 MBProgress (1): 1.2/2.3 MBProgress (1): 1.2/2.3 MBProgress (1): 1.2/2.3 MBProgress (1): 1.2/2.3 MBProgress (1): 1.2/2.3 MBProgress (1): 1.2/2.3 MBProgress (1): 1.2/2.3 MBProgress (1): 1.2/2.3 MBProgress (1): 1.2/2.3 MBProgress (1): 1.2/2.3 MBProgress (1): 1.2/2.3 MBProgress (1): 1.2/2.3 MBProgress (1): 1.2/2.3 MBProgress (1): 1.2/2.3 MBProgress (1): 1.2/2.3 MBProgress (1): 1.2/2.3 MBProgress (1): 1.2/2.3 MBProgress (1): 1.2/2.3 MBProgress (1): 1.2/2.3 MBProgress (1): 1.2/2.3 MBProgress (1): 1.2/2.3 MBProgress (1): 1.2/2.3 MBProgress (1): 1.2/2.3 MBProgress (1): 1.3/2.3 MBProgress (1): 1.3/2.3 MBProgress (1): 1.3/2.3 MBProgress (1): 1.3/2.3 MBProgress (1): 1.3/2.3 MBProgress (1): 1.3/2.3 MBProgress (1): 1.3/2.3 MBProgress (1): 1.3/2.3 MBProgress (1): 1.3/2.3 MBProgress (1): 1.3/2.3 MBProgress (1): 1.3/2.3 MBProgress (1): 1.3/2.3 MBProgress (1): 1.3/2.3 MBProgress (1): 1.3/2.3 MBProgress (1): 1.3/2.3 MBProgress (1): 1.3/2.3 MBProgress (1): 1.3/2.3 MBProgress (1): 1.3/2.3 MBProgress (1): 1.3/2.3 MBProgress (1): 1.3/2.3 MBProgress (1): 1.3/2.3 MBProgress (1): 1.3/2.3 MBProgress (1): 1.3/2.3 MBProgress (1): 1.3/2.3 MBProgress (1): 1.4/2.3 MBProgress (1): 1.4/2.3 MBProgress (1): 1.4/2.3 MBProgress (1): 1.4/2.3 MBProgress (1): 1.4/2.3 MBProgress (1): 1.4/2.3 MBProgress (1): 1.4/2.3 MBProgress (1): 1.4/2.3 MBProgress (1): 1.4/2.3 MBProgress (1): 1.4/2.3 MBProgress (1): 1.4/2.3 MBProgress (1): 1.4/2.3 MBProgress (1): 1.4/2.3 MBProgress (1): 1.4/2.3 MBProgress (1): 1.4/2.3 MBProgress (1): 1.4/2.3 MBProgress (1): 1.4/2.3 MBProgress (1): 1.4/2.3 MBProgress (1): 1.4/2.3 MBProgress (1): 1.4/2.3 MBProgress (1): 1.4/2.3 MBProgress (1): 1.4/2.3 MBProgress (1): 1.4/2.3 MBProgress (1): 1.4/2.3 MBProgress (1): 1.4/2.3 MBProgress (1): 1.5/2.3 MBProgress (1): 1.5/2.3 MBProgress (1): 1.5/2.3 MBProgress (1): 1.5/2.3 MBProgress (1): 1.5/2.3 MBProgress (1): 1.5/2.3 MBProgress (1): 1.5/2.3 MBProgress (1): 1.5/2.3 MBProgress (1): 1.5/2.3 MBProgress (1): 1.5/2.3 MBProgress (1): 1.5/2.3 MBProgress (1): 1.5/2.3 MBProgress (1): 1.5/2.3 MBProgress (1): 1.5/2.3 MBProgress (1): 1.5/2.3 MBProgress (1): 1.5/2.3 MBProgress (1): 1.5/2.3 MBProgress (1): 1.5/2.3 MBProgress (1): 1.5/2.3 MBProgress (1): 1.5/2.3 MBProgress (1): 1.5/2.3 MBProgress (1): 1.5/2.3 MBProgress (1): 1.5/2.3 MBProgress (1): 1.5/2.3 MBProgress (1): 1.6/2.3 MBProgress (1): 1.6/2.3 MBProgress (1): 1.6/2.3 MBProgress (1): 1.6/2.3 MBProgress (1): 1.6/2.3 MBProgress (1): 1.6/2.3 MBProgress (1): 1.6/2.3 MBProgress (1): 1.6/2.3 MBProgress (1): 1.6/2.3 MBProgress (1): 1.6/2.3 MBProgress (1): 1.6/2.3 MBProgress (1): 1.6/2.3 MBProgress (1): 1.6/2.3 MBProgress (1): 1.6/2.3 MBProgress (1): 1.6/2.3 MBProgress (1): 1.6/2.3 MBProgress (1): 1.6/2.3 MBProgress (1): 1.6/2.3 MBProgress (1): 1.6/2.3 MBProgress (1): 1.6/2.3 MBProgress (1): 1.6/2.3 MBProgress (1): 1.6/2.3 MBProgress (1): 1.6/2.3 MBProgress (1): 1.6/2.3 MBProgress (1): 1.7/2.3 MBProgress (1): 1.7/2.3 MBProgress (1): 1.7/2.3 MBProgress (1): 1.7/2.3 MBProgress (1): 1.7/2.3 MBProgress (1): 1.7/2.3 MBProgress (1): 1.7/2.3 MBProgress (1): 1.7/2.3 MBProgress (1): 1.7/2.3 MBProgress (1): 1.7/2.3 MBProgress (1): 1.7/2.3 MBProgress (1): 1.7/2.3 MBProgress (1): 1.7/2.3 MBProgress (1): 1.7/2.3 MBProgress (1): 1.7/2.3 MBProgress (1): 1.7/2.3 MBProgress (1): 1.7/2.3 MBProgress (1): 1.7/2.3 MBProgress (1): 1.7/2.3 MBProgress (1): 1.7/2.3 MBProgress (1): 1.7/2.3 MBProgress (1): 1.7/2.3 MBProgress (1): 1.7/2.3 MBProgress (1): 1.7/2.3 MBProgress (1): 1.7/2.3 MBProgress (1): 1.8/2.3 MBProgress (1): 1.8/2.3 MBProgress (1): 1.8/2.3 MBProgress (1): 1.8/2.3 MBProgress (1): 1.8/2.3 MBProgress (1): 1.8/2.3 MBProgress (1): 1.8/2.3 MBProgress (1): 1.8/2.3 MBProgress (1): 1.8/2.3 MBProgress (1): 1.8/2.3 MBProgress (1): 1.8/2.3 MBProgress (1): 1.8/2.3 MBProgress (1): 1.8/2.3 MBProgress (1): 1.8/2.3 MBProgress (1): 1.8/2.3 MBProgress (1): 1.8/2.3 MBProgress (1): 1.8/2.3 MBProgress (1): 1.8/2.3 MBProgress (1): 1.8/2.3 MBProgress (1): 1.8/2.3 MBProgress (1): 1.8/2.3 MBProgress (1): 1.8/2.3 MBProgress (1): 1.8/2.3 MBProgress (1): 1.8/2.3 MBProgress (1): 1.9/2.3 MBProgress (1): 1.9/2.3 MBProgress (1): 1.9/2.3 MBProgress (1): 1.9/2.3 MBProgress (1): 1.9/2.3 MBProgress (1): 1.9/2.3 MBProgress (1): 1.9/2.3 MBProgress (1): 1.9/2.3 MBProgress (1): 1.9/2.3 MBProgress (1): 1.9/2.3 MBProgress (1): 1.9/2.3 MBProgress (1): 1.9/2.3 MBProgress (1): 1.9/2.3 MBProgress (1): 1.9/2.3 MBProgress (1): 1.9/2.3 MBProgress (1): 1.9/2.3 MBProgress (1): 1.9/2.3 MBProgress (1): 1.9/2.3 MBProgress (1): 1.9/2.3 MBProgress (1): 1.9/2.3 MBProgress (1): 1.9/2.3 MBProgress (1): 1.9/2.3 MBProgress (1): 1.9/2.3 MBProgress (1): 1.9/2.3 MBProgress (1): 1.9/2.3 MBProgress (1): 2.0/2.3 MBProgress (1): 2.0/2.3 MBProgress (1): 2.0/2.3 MBProgress (1): 2.0/2.3 MBProgress (1): 2.0/2.3 MBProgress (1): 2.0/2.3 MBProgress (1): 2.0/2.3 MBProgress (1): 2.0/2.3 MBProgress (1): 2.0/2.3 MBProgress (1): 2.0/2.3 MBProgress (1): 2.0/2.3 MBProgress (1): 2.0/2.3 MBProgress (1): 2.0/2.3 MBProgress (1): 2.0/2.3 MBProgress (1): 2.0/2.3 MBProgress (1): 2.0/2.3 MBProgress (1): 2.0/2.3 MBProgress (1): 2.0/2.3 MBProgress (1): 2.0/2.3 MBProgress (1): 2.0/2.3 MBProgress (1): 2.0/2.3 MBProgress (1): 2.0/2.3 MBProgress (1): 2.0/2.3 MBProgress (1): 2.0/2.3 MBProgress (1): 2.1/2.3 MBProgress (1): 2.1/2.3 MBProgress (1): 2.1/2.3 MBProgress (1): 2.1/2.3 MBProgress (1): 2.1/2.3 MBProgress (1): 2.1/2.3 MBProgress (1): 2.1/2.3 MBProgress (1): 2.1/2.3 MBProgress (1): 2.1/2.3 MBProgress (1): 2.1/2.3 MBProgress (1): 2.1/2.3 MBProgress (1): 2.1/2.3 MBProgress (1): 2.1/2.3 MBProgress (1): 2.1/2.3 MBProgress (1): 2.1/2.3 MBProgress (1): 2.1/2.3 MBProgress (1): 2.1/2.3 MBProgress (1): 2.1/2.3 MBProgress (1): 2.1/2.3 MBProgress (1): 2.1/2.3 MBProgress (1): 2.1/2.3 MBProgress (1): 2.1/2.3 MBProgress (1): 2.1/2.3 MBProgress (1): 2.1/2.3 MBProgress (1): 2.1/2.3 MBProgress (1): 2.2/2.3 MBProgress (1): 2.2/2.3 MBProgress (1): 2.2/2.3 MBProgress (1): 2.2/2.3 MBProgress (1): 2.2/2.3 MBProgress (1): 2.2/2.3 MBProgress (1): 2.2/2.3 MBProgress (1): 2.2/2.3 MBProgress (1): 2.2/2.3 MBProgress (1): 2.2/2.3 MBProgress (1): 2.2/2.3 MBProgress (1): 2.2/2.3 MBProgress (1): 2.2/2.3 MBProgress (1): 2.2/2.3 MBProgress (1): 2.2/2.3 MBProgress (1): 2.2/2.3 MBProgress (1): 2.2/2.3 MBProgress (1): 2.2/2.3 MBProgress (1): 2.2/2.3 MBProgress (1): 2.2/2.3 MBProgress (1): 2.2/2.3 MBProgress (1): 2.2/2.3 MBProgress (1): 2.2/2.3 MBProgress (1): 2.2/2.3 MBProgress (1): 2.3/2.3 MBProgress (1): 2.3/2.3 MBProgress (1): 2.3/2.3 MBProgress (1): 2.3/2.3 MBProgress (1): 2.3/2.3 MBProgress (1): 2.3/2.3 MBProgress (1): 2.3/2.3 MBProgress (1): 2.3/2.3 MBProgress (1): 2.3/2.3 MBProgress (1): 2.3/2.3 MBProgress (1): 2.3/2.3 MBProgress (1): 2.3/2.3 MBProgress (1): 2.3/2.3 MBProgress (1): 2.3/2.3 MBProgress (1): 2.3/2.3 MBProgress (1): 2.3/2.3 MBProgress (1): 2.3/2.3 MBProgress (1): 2.3/2.3 MBProgress (1): 2.3 MB                        Downloaded from central: https://repo.maven.apache.org/maven2/io/reactivex/rxjava2/rxjava/2.2.2/rxjava-2.2.2.jar (2.3 MB at 1.3 MB/s)
[INFO] 
[INFO] --- maven-clean-plugin:2.5:clean (default-clean) @ rxrelay ---
[INFO] 
[INFO] --- maven-dependency-plugin:2.8:list (default-cli) @ rxrelay ---
[INFO] 
[INFO] The following files have been resolved:
[INFO]    org.mockito:mockito-core:jar:1.10.19:test
[INFO]    org.hamcrest:hamcrest-core:jar:1.3:test
[INFO]    io.reactivex.rxjava2:rxjava:jar:2.2.2:compile
[INFO]    org.reactivestreams:reactive-streams:jar:1.0.2:compile
[INFO]    junit:junit:jar:4.12:test
[INFO]    org.objenesis:objenesis:jar:2.1:test
[INFO] 
[INFO] 
[INFO] --- maven-enforcer-plugin:1.0:enforce (enforce-maven) @ rxrelay ---
[INFO] 
[INFO] --- maven-resources-plugin:2.6:resources (default-resources) @ rxrelay ---
[INFO] Using 'UTF-8' encoding to copy filtered resources.
[INFO] skip non existing resourceDirectory /home/cgzhu/projects/gitslice/resources/facts/upgrade_jars_exp/_downloads/RxRelay/src/main/resources
[INFO] 
[INFO] --- maven-compiler-plugin:3.3:compile (default-compile) @ rxrelay ---
Downloading from central: https://repo.maven.apache.org/maven2/org/codehaus/plexus/plexus-compiler-javac-errorprone/2.8/plexus-compiler-javac-errorprone-2.8.pom
Progress (1): 1.7 kB                    Downloaded from central: https://repo.maven.apache.org/maven2/org/codehaus/plexus/plexus-compiler-javac-errorprone/2.8/plexus-compiler-javac-errorprone-2.8.pom (1.7 kB at 4.7 kB/s)
Downloading from central: https://repo.maven.apache.org/maven2/org/codehaus/plexus/plexus-compilers/2.8/plexus-compilers-2.8.pom
Progress (1): 1.4 kB                    Downloaded from central: https://repo.maven.apache.org/maven2/org/codehaus/plexus/plexus-compilers/2.8/plexus-compilers-2.8.pom (1.4 kB at 3.8 kB/s)
Downloading from central: https://repo.maven.apache.org/maven2/org/codehaus/plexus/plexus-compiler/2.8/plexus-compiler-2.8.pom
Progress (1): 2.2/5.0 kBProgress (1): 5.0/5.0 kBProgress (1): 5.0 kB                        Downloaded from central: https://repo.maven.apache.org/maven2/org/codehaus/plexus/plexus-compiler/2.8/plexus-compiler-2.8.pom (5.0 kB at 14 kB/s)
Downloading from central: https://repo.maven.apache.org/maven2/org/codehaus/plexus/plexus-compiler-javac/2.8/plexus-compiler-javac-2.8.pom
Progress (1): 792 B                   Downloaded from central: https://repo.maven.apache.org/maven2/org/codehaus/plexus/plexus-compiler-javac/2.8/plexus-compiler-javac-2.8.pom (792 B at 2.2 kB/s)
Downloading from central: https://repo.maven.apache.org/maven2/org/codehaus/plexus/plexus-compiler-api/2.8/plexus-compiler-api-2.8.pom
Progress (1): 891 B                   Downloaded from central: https://repo.maven.apache.org/maven2/org/codehaus/plexus/plexus-compiler-api/2.8/plexus-compiler-api-2.8.pom (891 B at 2.4 kB/s)
Downloading from central: https://repo.maven.apache.org/maven2/com/google/errorprone/error_prone_core/2.0.5/error_prone_core-2.0.5.pom
Progress (1): 2.2/9.6 kBProgress (1): 5.0/9.6 kBProgress (1): 7.8/9.6 kBProgress (1): 9.6 kB                        Downloaded from central: https://repo.maven.apache.org/maven2/com/google/errorprone/error_prone_core/2.0.5/error_prone_core-2.0.5.pom (9.6 kB at 26 kB/s)
Downloading from central: https://repo.maven.apache.org/maven2/com/google/errorprone/error_prone_parent/2.0.5/error_prone_parent-2.0.5.pom
Progress (1): 2.2/4.8 kBProgress (1): 4.8 kB                        Downloaded from central: https://repo.maven.apache.org/maven2/com/google/errorprone/error_prone_parent/2.0.5/error_prone_parent-2.0.5.pom (4.8 kB at 13 kB/s)
Downloading from central: https://repo.maven.apache.org/maven2/com/google/errorprone/error_prone_annotation/2.0.5/error_prone_annotation-2.0.5.pom
Progress (1): 1.3 kB                    Downloaded from central: https://repo.maven.apache.org/maven2/com/google/errorprone/error_prone_annotation/2.0.5/error_prone_annotation-2.0.5.pom (1.3 kB at 3.6 kB/s)
Downloading from central: https://repo.maven.apache.org/maven2/com/github/stephenc/jcip/jcip-annotations/1.0-1/jcip-annotations-1.0-1.pom
Progress (1): 2.2/5.4 kBProgress (1): 5.0/5.4 kBProgress (1): 5.4 kB                        Downloaded from central: https://repo.maven.apache.org/maven2/com/github/stephenc/jcip/jcip-annotations/1.0-1/jcip-annotations-1.0-1.pom (5.4 kB at 15 kB/s)
Downloading from central: https://repo.maven.apache.org/maven2/org/pcollections/pcollections/2.1.2/pcollections-2.1.2.pom
Progress (1): 2.1 kB                    Downloaded from central: https://repo.maven.apache.org/maven2/org/pcollections/pcollections/2.1.2/pcollections-2.1.2.pom (2.1 kB at 5.9 kB/s)
Downloading from central: https://repo.maven.apache.org/maven2/com/google/code/findbugs/jFormatString/3.0.0/jFormatString-3.0.0.pom
Progress (1): 2.2/3.8 kBProgress (1): 3.8 kB                        Downloaded from central: https://repo.maven.apache.org/maven2/com/google/code/findbugs/jFormatString/3.0.0/jFormatString-3.0.0.pom (3.8 kB at 10 kB/s)
Downloading from central: https://repo.maven.apache.org/maven2/com/google/code/findbugs/jsr305/3.0.0/jsr305-3.0.0.pom
Progress (1): 2.2/3.9 kBProgress (1): 3.9 kB                        Downloaded from central: https://repo.maven.apache.org/maven2/com/google/code/findbugs/jsr305/3.0.0/jsr305-3.0.0.pom (3.9 kB at 11 kB/s)
Downloading from central: https://repo.maven.apache.org/maven2/org/checkerframework/dataflow/1.8.10/dataflow-1.8.10.pom
Progress (1): 2.2/4.3 kBProgress (1): 4.3 kB                        Downloaded from central: https://repo.maven.apache.org/maven2/org/checkerframework/dataflow/1.8.10/dataflow-1.8.10.pom (4.3 kB at 12 kB/s)
Downloading from central: https://repo.maven.apache.org/maven2/org/checkerframework/javacutil/1.8.10/javacutil-1.8.10.pom
Progress (1): 2.2/4.0 kBProgress (1): 4.0 kB                        Downloaded from central: https://repo.maven.apache.org/maven2/org/checkerframework/javacutil/1.8.10/javacutil-1.8.10.pom (4.0 kB at 11 kB/s)
Downloading from central: https://repo.maven.apache.org/maven2/com/google/errorprone/javac/1.9.0-dev-r2644-1/javac-1.9.0-dev-r2644-1.pom
Progress (1): 1.2 kB                    Downloaded from central: https://repo.maven.apache.org/maven2/com/google/errorprone/javac/1.9.0-dev-r2644-1/javac-1.9.0-dev-r2644-1.pom (1.2 kB at 3.4 kB/s)
Downloading from central: https://repo.maven.apache.org/maven2/com/google/errorprone/error_prone_annotations/2.0.5/error_prone_annotations-2.0.5.pom
Progress (1): 1.3 kB                    Downloaded from central: https://repo.maven.apache.org/maven2/com/google/errorprone/error_prone_annotations/2.0.5/error_prone_annotations-2.0.5.pom (1.3 kB at 3.6 kB/s)
Downloading from central: https://repo.maven.apache.org/maven2/com/google/errorprone/error_prone_core/2.0.15/error_prone_core-2.0.15.pom
Progress (1): 2.2/11 kBProgress (1): 5.0/11 kBProgress (1): 7.8/11 kBProgress (1): 11/11 kB Progress (1): 11 kB                      Downloaded from central: https://repo.maven.apache.org/maven2/com/google/errorprone/error_prone_core/2.0.15/error_prone_core-2.0.15.pom (11 kB at 29 kB/s)
Downloading from central: https://repo.maven.apache.org/maven2/com/google/errorprone/error_prone_parent/2.0.15/error_prone_parent-2.0.15.pom
Progress (1): 2.2/5.1 kBProgress (1): 5.0/5.1 kBProgress (1): 5.1 kB                        Downloaded from central: https://repo.maven.apache.org/maven2/com/google/errorprone/error_prone_parent/2.0.15/error_prone_parent-2.0.15.pom (5.1 kB at 14 kB/s)
Downloading from central: https://repo.maven.apache.org/maven2/com/google/errorprone/error_prone_annotation/2.0.15/error_prone_annotation-2.0.15.pom
Progress (1): 1.5 kB                    Downloaded from central: https://repo.maven.apache.org/maven2/com/google/errorprone/error_prone_annotation/2.0.15/error_prone_annotation-2.0.15.pom (1.5 kB at 4.1 kB/s)
Downloading from central: https://repo.maven.apache.org/maven2/com/google/errorprone/error_prone_check_api/2.0.15/error_prone_check_api-2.0.15.pom
Progress (1): 2.8/4.0 kBProgress (1): 4.0 kB                        Downloaded from central: https://repo.maven.apache.org/maven2/com/google/errorprone/error_prone_check_api/2.0.15/error_prone_check_api-2.0.15.pom (4.0 kB at 11 kB/s)
Downloading from central: https://repo.maven.apache.org/maven2/com/google/errorprone/javac/1.9.0-dev-r2973-2/javac-1.9.0-dev-r2973-2.pom
Progress (1): 1.2 kB                    Downloaded from central: https://repo.maven.apache.org/maven2/com/google/errorprone/javac/1.9.0-dev-r2973-2/javac-1.9.0-dev-r2973-2.pom (1.2 kB at 3.4 kB/s)
Downloading from central: https://repo.maven.apache.org/maven2/com/googlecode/java-diff-utils/diffutils/1.3.0/diffutils-1.3.0.pom
Progress (1): 2.2/2.8 kBProgress (1): 2.8 kB                        Downloaded from central: https://repo.maven.apache.org/maven2/com/googlecode/java-diff-utils/diffutils/1.3.0/diffutils-1.3.0.pom (2.8 kB at 7.6 kB/s)
Downloading from central: https://repo.maven.apache.org/maven2/com/google/errorprone/error_prone_annotations/2.0.15/error_prone_annotations-2.0.15.pom
Progress (1): 1.6 kB                    Downloaded from central: https://repo.maven.apache.org/maven2/com/google/errorprone/error_prone_annotations/2.0.15/error_prone_annotations-2.0.15.pom (1.6 kB at 4.5 kB/s)
Downloading from central: https://repo.maven.apache.org/maven2/com/google/auto/auto-common/0.7/auto-common-0.7.pom
Progress (1): 2.2/2.5 kBProgress (1): 2.5 kB                        Downloaded from central: https://repo.maven.apache.org/maven2/com/google/auto/auto-common/0.7/auto-common-0.7.pom (2.5 kB at 6.9 kB/s)
Downloading from central: https://repo.maven.apache.org/maven2/com/google/auto/auto-parent/3/auto-parent-3.pom
Progress (1): 2.2/3.8 kBProgress (1): 3.8 kB                        Downloaded from central: https://repo.maven.apache.org/maven2/com/google/auto/auto-parent/3/auto-parent-3.pom (3.8 kB at 11 kB/s)
Downloading from central: https://repo.maven.apache.org/maven2/org/codehaus/plexus/plexus-compiler-javac-errorprone/2.8/plexus-compiler-javac-errorprone-2.8.jar
Downloading from central: https://repo.maven.apache.org/maven2/com/google/errorprone/error_prone_check_api/2.0.15/error_prone_check_api-2.0.15.jar
Downloading from central: https://repo.maven.apache.org/maven2/com/google/errorprone/error_prone_annotation/2.0.15/error_prone_annotation-2.0.15.jar
Downloading from central: https://repo.maven.apache.org/maven2/com/google/errorprone/error_prone_core/2.0.15/error_prone_core-2.0.15.jar
Downloading from central: https://repo.maven.apache.org/maven2/com/googlecode/java-diff-utils/diffutils/1.3.0/diffutils-1.3.0.jar
Progress (1): 2.2/9.8 kBProgress (1): 5.0/9.8 kBProgress (1): 7.7/9.8 kBProgress (1): 9.8 kB    Progress (2): 9.8 kB | 2.2/440 kBProgress (2): 9.8 kB | 5.0/440 kBProgress (2): 9.8 kB | 7.7/440 kBProgress (2): 9.8 kB | 10/440 kB Progress (2): 9.8 kB | 13/440 kB                                Downloaded from central: https://repo.maven.apache.org/maven2/org/codehaus/plexus/plexus-compiler-javac-errorprone/2.8/plexus-compiler-javac-errorprone-2.8.jar (9.8 kB at 27 kB/s)
Downloading from central: https://repo.maven.apache.org/maven2/com/github/stephenc/jcip/jcip-annotations/1.0-1/jcip-annotations-1.0-1.jar
Progress (1): 16/440 kBProgress (1): 19/440 kBProgress (1): 21/440 kBProgress (1): 24/440 kBProgress (1): 27/440 kBProgress (1): 30/440 kBProgress (2): 30/440 kB | 2.2/4.7 kBProgress (3): 30/440 kB | 2.2/4.7 kB | 2.2/10 kBProgress (3): 30/440 kB | 4.7 kB | 2.2/10 kB    Progress (3): 30/440 kB | 4.7 kB | 5.0/10 kBProgress (3): 30/440 kB | 4.7 kB | 7.7/10 kBProgress (3): 30/440 kB | 4.7 kB | 10 kB    Progress (4): 30/440 kB | 4.7 kB | 10 kB | 2.2/34 kBProgress (4): 30/440 kB | 4.7 kB | 10 kB | 5.0/34 kBProgress (4): 30/440 kB | 4.7 kB | 10 kB | 7.7/34 kBProgress (4): 30/440 kB | 4.7 kB | 10 kB | 10/34 kB Progress (4): 30/440 kB | 4.7 kB | 10 kB | 13/34 kBProgress (4): 32/440 kB | 4.7 kB | 10 kB | 13/34 kBProgress (4): 36/440 kB | 4.7 kB | 10 kB | 13/34 kBProgress (4): 40/440 kB | 4.7 kB | 10 kB | 13/34 kBProgress (4): 45/440 kB | 4.7 kB | 10 kB | 13/34 kBProgress (4): 49/440 kB | 4.7 kB | 10 kB | 13/34 kBProgress (4): 53/440 kB | 4.7 kB | 10 kB | 13/34 kBProgress (4): 57/440 kB | 4.7 kB | 10 kB | 13/34 kBProgress (4): 61/440 kB | 4.7 kB | 10 kB | 13/34 kBProgress (4): 65/440 kB | 4.7 kB | 10 kB | 13/34 kBProgress (5): 65/440 kB | 4.7 kB | 10 kB | 13/34 kB | 0/3.9 MBProgress (5): 65/440 kB | 4.7 kB | 10 kB | 13/34 kB | 0/3.9 MBProgress (5): 65/440 kB | 4.7 kB | 10 kB | 13/34 kB | 0/3.9 MBProgress (5): 65/440 kB | 4.7 kB | 10 kB | 13/34 kB | 0/3.9 MBProgress (5): 65/440 kB | 4.7 kB | 10 kB | 13/34 kB | 0/3.9 MB                                                              Downloaded from central: https://repo.maven.apache.org/maven2/com/github/stephenc/jcip/jcip-annotations/1.0-1/jcip-annotations-1.0-1.jar (4.7 kB at 6.5 kB/s)
Downloaded from central: https://repo.maven.apache.org/maven2/com/google/errorprone/error_prone_annotation/2.0.15/error_prone_annotation-2.0.15.jar (10 kB at 14 kB/s)
Downloading from central: https://repo.maven.apache.org/maven2/com/google/auto/auto-common/0.7/auto-common-0.7.jar
Downloading from central: https://repo.maven.apache.org/maven2/org/pcollections/pcollections/2.1.2/pcollections-2.1.2.jar
Progress (3): 65/440 kB | 16/34 kB | 0/3.9 MBProgress (3): 65/440 kB | 19/34 kB | 0/3.9 MBProgress (3): 65/440 kB | 21/34 kB | 0/3.9 MBProgress (3): 65/440 kB | 24/34 kB | 0/3.9 MBProgress (3): 65/440 kB | 27/34 kB | 0/3.9 MBProgress (3): 65/440 kB | 30/34 kB | 0/3.9 MBProgress (3): 65/440 kB | 32/34 kB | 0/3.9 MBProgress (3): 65/440 kB | 34 kB | 0/3.9 MB   Progress (3): 69/440 kB | 34 kB | 0/3.9 MBProgress (3): 73/440 kB | 34 kB | 0/3.9 MBProgress (3): 77/440 kB | 34 kB | 0/3.9 MBProgress (3): 81/440 kB | 34 kB | 0/3.9 MBProgress (3): 85/440 kB | 34 kB | 0/3.9 MBProgress (3): 90/440 kB | 34 kB | 0/3.9 MBProgress (3): 94/440 kB | 34 kB | 0/3.9 MBProgress (3): 98/440 kB | 34 kB | 0/3.9 MBProgress (3): 102/440 kB | 34 kB | 0/3.9 MBProgress (3): 106/440 kB | 34 kB | 0/3.9 MBProgress (3): 110/440 kB | 34 kB | 0/3.9 MBProgress (3): 114/440 kB | 34 kB | 0/3.9 MBProgress (3): 118/440 kB | 34 kB | 0/3.9 MBProgress (3): 122/440 kB | 34 kB | 0/3.9 MBProgress (3): 126/440 kB | 34 kB | 0/3.9 MBProgress (3): 131/440 kB | 34 kB | 0/3.9 MBProgress (3): 131/440 kB | 34 kB | 0/3.9 MBProgress (3): 131/440 kB | 34 kB | 0/3.9 MBProgress (3): 131/440 kB | 34 kB | 0/3.9 MBProgress (3): 131/440 kB | 34 kB | 0/3.9 MBProgress (3): 131/440 kB | 34 kB | 0/3.9 MBProgress (3): 131/440 kB | 34 kB | 0/3.9 MBProgress (3): 131/440 kB | 34 kB | 0/3.9 MB                                           Downloaded from central: https://repo.maven.apache.org/maven2/com/googlecode/java-diff-utils/diffutils/1.3.0/diffutils-1.3.0.jar (34 kB at 37 kB/s)
Downloading from central: https://repo.maven.apache.org/maven2/com/google/code/findbugs/jFormatString/3.0.0/jFormatString-3.0.0.jar
Progress (3): 131/440 kB | 0/3.9 MB | 2.2/74 kBProgress (3): 131/440 kB | 0/3.9 MB | 5.0/74 kBProgress (3): 131/440 kB | 0/3.9 MB | 7.7/74 kBProgress (3): 131/440 kB | 0/3.9 MB | 10/74 kB Progress (3): 131/440 kB | 0/3.9 MB | 13/74 kBProgress (3): 131/440 kB | 0/3.9 MB | 16/74 kBProgress (4): 131/440 kB | 0/3.9 MB | 16/74 kB | 2.2/39 kBProgress (4): 131/440 kB | 0/3.9 MB | 19/74 kB | 2.2/39 kBProgress (4): 131/440 kB | 0/3.9 MB | 19/74 kB | 5.0/39 kBProgress (4): 131/440 kB | 0/3.9 MB | 21/74 kB | 5.0/39 kBProgress (4): 131/440 kB | 0/3.9 MB | 21/74 kB | 7.7/39 kBProgress (4): 131/440 kB | 0/3.9 MB | 21/74 kB | 10/39 kB Progress (4): 131/440 kB | 0/3.9 MB | 21/74 kB | 13/39 kBProgress (4): 131/440 kB | 0/3.9 MB | 21/74 kB | 16/39 kBProgress (4): 131/440 kB | 0/3.9 MB | 21/74 kB | 19/39 kBProgress (4): 131/440 kB | 0/3.9 MB | 21/74 kB | 21/39 kBProgress (4): 131/440 kB | 0/3.9 MB | 21/74 kB | 24/39 kBProgress (4): 131/440 kB | 0/3.9 MB | 21/74 kB | 27/39 kBProgress (4): 131/440 kB | 0/3.9 MB | 21/74 kB | 30/39 kBProgress (4): 131/440 kB | 0/3.9 MB | 21/74 kB | 32/39 kBProgress (4): 131/440 kB | 0/3.9 MB | 21/74 kB | 35/39 kBProgress (4): 131/440 kB | 0/3.9 MB | 21/74 kB | 38/39 kBProgress (4): 131/440 kB | 0/3.9 MB | 21/74 kB | 39 kB   Progress (4): 135/440 kB | 0/3.9 MB | 21/74 kB | 39 kBProgress (4): 139/440 kB | 0/3.9 MB | 21/74 kB | 39 kBProgress (4): 143/440 kB | 0/3.9 MB | 21/74 kB | 39 kBProgress (4): 147/440 kB | 0/3.9 MB | 21/74 kB | 39 kBProgress (4): 151/440 kB | 0/3.9 MB | 21/74 kB | 39 kBProgress (4): 155/440 kB | 0/3.9 MB | 21/74 kB | 39 kBProgress (4): 159/440 kB | 0/3.9 MB | 21/74 kB | 39 kBProgress (4): 163/440 kB | 0/3.9 MB | 21/74 kB | 39 kBProgress (4): 167/440 kB | 0/3.9 MB | 21/74 kB | 39 kBProgress (4): 171/440 kB | 0/3.9 MB | 21/74 kB | 39 kBProgress (4): 176/440 kB | 0/3.9 MB | 21/74 kB | 39 kBProgress (4): 180/440 kB | 0/3.9 MB | 21/74 kB | 39 kBProgress (4): 184/440 kB | 0/3.9 MB | 21/74 kB | 39 kBProgress (4): 188/440 kB | 0/3.9 MB | 21/74 kB | 39 kBProgress (4): 192/440 kB | 0/3.9 MB | 21/74 kB | 39 kBProgress (4): 196/440 kB | 0/3.9 MB | 21/74 kB | 39 kBProgress (4): 200/440 kB | 0/3.9 MB | 21/74 kB | 39 kBProgress (4): 204/440 kB | 0/3.9 MB | 21/74 kB | 39 kBProgress (4): 208/440 kB | 0/3.9 MB | 21/74 kB | 39 kBProgress (4): 212/440 kB | 0/3.9 MB | 21/74 kB | 39 kBProgress (4): 217/440 kB | 0/3.9 MB | 21/74 kB | 39 kBProgress (4): 221/440 kB | 0/3.9 MB | 21/74 kB | 39 kBProgress (4): 225/440 kB | 0/3.9 MB | 21/74 kB | 39 kBProgress (4): 229/440 kB | 0/3.9 MB | 21/74 kB | 39 kBProgress (4): 233/440 kB | 0/3.9 MB | 21/74 kB | 39 kBProgress (4): 237/440 kB | 0/3.9 MB | 21/74 kB | 39 kBProgress (4): 241/440 kB | 0/3.9 MB | 21/74 kB | 39 kBProgress (4): 245/440 kB | 0/3.9 MB | 21/74 kB | 39 kBProgress (4): 249/440 kB | 0/3.9 MB | 21/74 kB | 39 kBProgress (4): 253/440 kB | 0/3.9 MB | 21/74 kB | 39 kBProgress (4): 258/440 kB | 0/3.9 MB | 21/74 kB | 39 kBProgress (4): 262/440 kB | 0/3.9 MB | 21/74 kB | 39 kBProgress (4): 266/440 kB | 0/3.9 MB | 21/74 kB | 39 kBProgress (4): 270/440 kB | 0/3.9 MB | 21/74 kB | 39 kBProgress (4): 274/440 kB | 0/3.9 MB | 21/74 kB | 39 kBProgress (4): 278/440 kB | 0/3.9 MB | 21/74 kB | 39 kBProgress (4): 278/440 kB | 0/3.9 MB | 21/74 kB | 39 kBProgress (4): 278/440 kB | 0/3.9 MB | 21/74 kB | 39 kBProgress (4): 278/440 kB | 0/3.9 MB | 21/74 kB | 39 kBProgress (4): 278/440 kB | 0/3.9 MB | 21/74 kB | 39 kBProgress (4): 278/440 kB | 0.1/3.9 MB | 21/74 kB | 39 kBProgress (4): 278/440 kB | 0.1/3.9 MB | 21/74 kB | 39 kBProgress (4): 278/440 kB | 0.1/3.9 MB | 21/74 kB | 39 kBProgress (4): 278/440 kB | 0.1/3.9 MB | 21/74 kB | 39 kBProgress (4): 278/440 kB | 0.1/3.9 MB | 21/74 kB | 39 kBProgress (4): 278/440 kB | 0.1/3.9 MB | 21/74 kB | 39 kBProgress (4): 278/440 kB | 0.1/3.9 MB | 21/74 kB | 39 kBProgress (4): 278/440 kB | 0.1/3.9 MB | 21/74 kB | 39 kBProgress (5): 278/440 kB | 0.1/3.9 MB | 21/74 kB | 39 kB | 2.2/35 kBProgress (5): 278/440 kB | 0.1/3.9 MB | 21/74 kB | 39 kB | 5.0/35 kBProgress (5): 278/440 kB | 0.1/3.9 MB | 24/74 kB | 39 kB | 5.0/35 kBProgress (5): 278/440 kB | 0.1/3.9 MB | 24/74 kB | 39 kB | 7.7/35 kBProgress (5): 278/440 kB | 0.1/3.9 MB | 27/74 kB | 39 kB | 7.7/35 kBProgress (5): 278/440 kB | 0.1/3.9 MB | 27/74 kB | 39 kB | 10/35 kB Progress (5): 278/440 kB | 0.1/3.9 MB | 30/74 kB | 39 kB | 10/35 kBProgress (5): 278/440 kB | 0.1/3.9 MB | 30/74 kB | 39 kB | 13/35 kBProgress (5): 278/440 kB | 0.1/3.9 MB | 32/74 kB | 39 kB | 13/35 kBProgress (5): 278/440 kB | 0.1/3.9 MB | 32/74 kB | 39 kB | 16/35 kBProgress (5): 278/440 kB | 0.1/3.9 MB | 32/74 kB | 39 kB | 19/35 kBProgress (5): 278/440 kB | 0.1/3.9 MB | 36/74 kB | 39 kB | 19/35 kBProgress (5): 278/440 kB | 0.1/3.9 MB | 36/74 kB | 39 kB | 21/35 kBProgress (5): 278/440 kB | 0.1/3.9 MB | 40/74 kB | 39 kB | 21/35 kBProgress (5): 278/440 kB | 0.1/3.9 MB | 40/74 kB | 39 kB | 24/35 kBProgress (5): 278/440 kB | 0.1/3.9 MB | 45/74 kB | 39 kB | 24/35 kBProgress (5): 278/440 kB | 0.1/3.9 MB | 45/74 kB | 39 kB | 27/35 kBProgress (5): 278/440 kB | 0.1/3.9 MB | 49/74 kB | 39 kB | 27/35 kBProgress (5): 278/440 kB | 0.1/3.9 MB | 49/74 kB | 39 kB | 30/35 kBProgress (5): 278/440 kB | 0.1/3.9 MB | 49/74 kB | 39 kB | 32/35 kBProgress (5): 278/440 kB | 0.1/3.9 MB | 53/74 kB | 39 kB | 32/35 kBProgress (5): 278/440 kB | 0.1/3.9 MB | 53/74 kB | 39 kB | 35 kB   Progress (5): 278/440 kB | 0.1/3.9 MB | 57/74 kB | 39 kB | 35 kBProgress (5): 278/440 kB | 0.1/3.9 MB | 61/74 kB | 39 kB | 35 kBProgress (5): 278/440 kB | 0.1/3.9 MB | 65/74 kB | 39 kB | 35 kB                                                                Downloaded from central: https://repo.maven.apache.org/maven2/org/pcollections/pcollections/2.1.2/pcollections-2.1.2.jar (39 kB at 35 kB/s)
Downloading from central: https://repo.maven.apache.org/maven2/com/google/code/findbugs/jsr305/3.0.0/jsr305-3.0.0.jar
Progress (4): 282/440 kB | 0.1/3.9 MB | 65/74 kB | 35 kBProgress (4): 286/440 kB | 0.1/3.9 MB | 65/74 kB | 35 kBProgress (4): 290/440 kB | 0.1/3.9 MB | 65/74 kB | 35 kBProgress (4): 294/440 kB | 0.1/3.9 MB | 65/74 kB | 35 kBProgress (4): 298/440 kB | 0.1/3.9 MB | 65/74 kB | 35 kBProgress (4): 303/440 kB | 0.1/3.9 MB | 65/74 kB | 35 kBProgress (4): 307/440 kB | 0.1/3.9 MB | 65/74 kB | 35 kBProgress (4): 311/440 kB | 0.1/3.9 MB | 65/74 kB | 35 kBProgress (4): 315/440 kB | 0.1/3.9 MB | 65/74 kB | 35 kBProgress (4): 319/440 kB | 0.1/3.9 MB | 65/74 kB | 35 kBProgress (4): 323/440 kB | 0.1/3.9 MB | 65/74 kB | 35 kBProgress (4): 327/440 kB | 0.1/3.9 MB | 65/74 kB | 35 kBProgress (4): 331/440 kB | 0.1/3.9 MB | 65/74 kB | 35 kBProgress (4): 335/440 kB | 0.1/3.9 MB | 65/74 kB | 35 kBProgress (4): 339/440 kB | 0.1/3.9 MB | 65/74 kB | 35 kBProgress (4): 344/440 kB | 0.1/3.9 MB | 65/74 kB | 35 kBProgress (4): 348/440 kB | 0.1/3.9 MB | 65/74 kB | 35 kBProgress (4): 352/440 kB | 0.1/3.9 MB | 65/74 kB | 35 kBProgress (4): 356/440 kB | 0.1/3.9 MB | 65/74 kB | 35 kBProgress (4): 360/440 kB | 0.1/3.9 MB | 65/74 kB | 35 kBProgress (4): 364/440 kB | 0.1/3.9 MB | 65/74 kB | 35 kBProgress (4): 368/440 kB | 0.1/3.9 MB | 65/74 kB | 35 kBProgress (4): 372/440 kB | 0.1/3.9 MB | 65/74 kB | 35 kBProgress (4): 376/440 kB | 0.1/3.9 MB | 65/74 kB | 35 kBProgress (4): 380/440 kB | 0.1/3.9 MB | 65/74 kB | 35 kBProgress (4): 384/440 kB | 0.1/3.9 MB | 65/74 kB | 35 kBProgress (4): 389/440 kB | 0.1/3.9 MB | 65/74 kB | 35 kBProgress (4): 393/440 kB | 0.1/3.9 MB | 65/74 kB | 35 kBProgress (4): 397/440 kB | 0.1/3.9 MB | 65/74 kB | 35 kBProgress (4): 401/440 kB | 0.1/3.9 MB | 65/74 kB | 35 kBProgress (4): 405/440 kB | 0.1/3.9 MB | 65/74 kB | 35 kBProgress (4): 409/440 kB | 0.1/3.9 MB | 65/74 kB | 35 kBProgress (4): 413/440 kB | 0.1/3.9 MB | 65/74 kB | 35 kBProgress (4): 417/440 kB | 0.1/3.9 MB | 65/74 kB | 35 kBProgress (4): 421/440 kB | 0.1/3.9 MB | 65/74 kB | 35 kBProgress (4): 425/440 kB | 0.1/3.9 MB | 65/74 kB | 35 kBProgress (4): 430/440 kB | 0.1/3.9 MB | 65/74 kB | 35 kBProgress (4): 434/440 kB | 0.1/3.9 MB | 65/74 kB | 35 kBProgress (4): 438/440 kB | 0.1/3.9 MB | 65/74 kB | 35 kBProgress (4): 440 kB | 0.1/3.9 MB | 65/74 kB | 35 kB    Progress (4): 440 kB | 0.1/3.9 MB | 65/74 kB | 35 kBProgress (4): 440 kB | 0.1/3.9 MB | 65/74 kB | 35 kBProgress (4): 440 kB | 0.1/3.9 MB | 65/74 kB | 35 kBProgress (4): 440 kB | 0.1/3.9 MB | 65/74 kB | 35 kBProgress (4): 440 kB | 0.1/3.9 MB | 65/74 kB | 35 kBProgress (4): 440 kB | 0.1/3.9 MB | 65/74 kB | 35 kBProgress (4): 440 kB | 0.1/3.9 MB | 65/74 kB | 35 kBProgress (4): 440 kB | 0.1/3.9 MB | 65/74 kB | 35 kBProgress (4): 440 kB | 0.1/3.9 MB | 65/74 kB | 35 kBProgress (4): 440 kB | 0.1/3.9 MB | 65/74 kB | 35 kBProgress (4): 440 kB | 0.1/3.9 MB | 65/74 kB | 35 kBProgress (4): 440 kB | 0.1/3.9 MB | 65/74 kB | 35 kBProgress (4): 440 kB | 0.1/3.9 MB | 65/74 kB | 35 kBProgress (4): 440 kB | 0.1/3.9 MB | 65/74 kB | 35 kBProgress (4): 440 kB | 0.1/3.9 MB | 65/74 kB | 35 kBProgress (4): 440 kB | 0.1/3.9 MB | 65/74 kB | 35 kBProgress (4): 440 kB | 0.2/3.9 MB | 65/74 kB | 35 kBProgress (4): 440 kB | 0.2/3.9 MB | 65/74 kB | 35 kBProgress (4): 440 kB | 0.2/3.9 MB | 65/74 kB | 35 kBProgress (4): 440 kB | 0.2/3.9 MB | 65/74 kB | 35 kBProgress (4): 440 kB | 0.2/3.9 MB | 69/74 kB | 35 kBProgress (4): 440 kB | 0.2/3.9 MB | 73/74 kB | 35 kBProgress (4): 440 kB | 0.2/3.9 MB | 74 kB | 35 kB                                                    Downloaded from central: https://repo.maven.apache.org/maven2/com/google/code/findbugs/jFormatString/3.0.0/jFormatString-3.0.0.jar (35 kB at 27 kB/s)
Downloading from central: https://repo.maven.apache.org/maven2/org/checkerframework/dataflow/1.8.10/dataflow-1.8.10.jar
Progress (4): 440 kB | 0.2/3.9 MB | 74 kB | 2.2/33 kBProgress (4): 440 kB | 0.2/3.9 MB | 74 kB | 5.0/33 kBProgress (4): 440 kB | 0.2/3.9 MB | 74 kB | 7.7/33 kBProgress (4): 440 kB | 0.2/3.9 MB | 74 kB | 10/33 kB Progress (4): 440 kB | 0.2/3.9 MB | 74 kB | 13/33 kBProgress (4): 440 kB | 0.2/3.9 MB | 74 kB | 16/33 kBProgress (4): 440 kB | 0.2/3.9 MB | 74 kB | 19/33 kBProgress (4): 440 kB | 0.2/3.9 MB | 74 kB | 21/33 kBProgress (4): 440 kB | 0.2/3.9 MB | 74 kB | 24/33 kBProgress (4): 440 kB | 0.2/3.9 MB | 74 kB | 27/33 kBProgress (4): 440 kB | 0.2/3.9 MB | 74 kB | 30/33 kBProgress (4): 440 kB | 0.2/3.9 MB | 74 kB | 32/33 kBProgress (4): 440 kB | 0.2/3.9 MB | 74 kB | 33 kB                                                    Downloaded from central: https://repo.maven.apache.org/maven2/com/google/errorprone/error_prone_check_api/2.0.15/error_prone_check_api-2.0.15.jar (440 kB at 330 kB/s)
Downloading from central: https://repo.maven.apache.org/maven2/org/checkerframework/javacutil/1.8.10/javacutil-1.8.10.jar
Progress (3): 0.2/3.9 MB | 74 kB | 33 kBProgress (3): 0.2/3.9 MB | 74 kB | 33 kBProgress (3): 0.2/3.9 MB | 74 kB | 33 kBProgress (3): 0.2/3.9 MB | 74 kB | 33 kBProgress (3): 0.2/3.9 MB | 74 kB | 33 kBProgress (3): 0.2/3.9 MB | 74 kB | 33 kBProgress (3): 0.2/3.9 MB | 74 kB | 33 kBProgress (3): 0.2/3.9 MB | 74 kB | 33 kBProgress (3): 0.2/3.9 MB | 74 kB | 33 kBProgress (3): 0.2/3.9 MB | 74 kB | 33 kBProgress (3): 0.2/3.9 MB | 74 kB | 33 kBProgress (3): 0.2/3.9 MB | 74 kB | 33 kBProgress (3): 0.2/3.9 MB | 74 kB | 33 kBProgress (3): 0.2/3.9 MB | 74 kB | 33 kBProgress (3): 0.2/3.9 MB | 74 kB | 33 kBProgress (3): 0.2/3.9 MB | 74 kB | 33 kBProgress (3): 0.2/3.9 MB | 74 kB | 33 kBProgress (3): 0.2/3.9 MB | 74 kB | 33 kBProgress (3): 0.2/3.9 MB | 74 kB | 33 kBProgress (3): 0.2/3.9 MB | 74 kB | 33 kBProgress (3): 0.2/3.9 MB | 74 kB | 33 kBProgress (3): 0.3/3.9 MB | 74 kB | 33 kBProgress (3): 0.3/3.9 MB | 74 kB | 33 kBProgress (3): 0.3/3.9 MB | 74 kB | 33 kBProgress (3): 0.3/3.9 MB | 74 kB | 33 kBProgress (3): 0.3/3.9 MB | 74 kB | 33 kBProgress (3): 0.3/3.9 MB | 74 kB | 33 kBProgress (3): 0.3/3.9 MB | 74 kB | 33 kBProgress (3): 0.3/3.9 MB | 74 kB | 33 kBProgress (3): 0.3/3.9 MB | 74 kB | 33 kBProgress (3): 0.3/3.9 MB | 74 kB | 33 kBProgress (3): 0.3/3.9 MB | 74 kB | 33 kBProgress (3): 0.3/3.9 MB | 74 kB | 33 kBProgress (3): 0.3/3.9 MB | 74 kB | 33 kBProgress (3): 0.3/3.9 MB | 74 kB | 33 kBProgress (3): 0.3/3.9 MB | 74 kB | 33 kBProgress (3): 0.3/3.9 MB | 74 kB | 33 kBProgress (3): 0.3/3.9 MB | 74 kB | 33 kBProgress (3): 0.3/3.9 MB | 74 kB | 33 kBProgress (3): 0.3/3.9 MB | 74 kB | 33 kB                                        Downloaded from central: https://repo.maven.apache.org/maven2/com/google/auto/auto-common/0.7/auto-common-0.7.jar (74 kB at 51 kB/s)
Downloading from central: https://repo.maven.apache.org/maven2/com/google/errorprone/javac/1.9.0-dev-r2973-2/javac-1.9.0-dev-r2973-2.jar
Progress (3): 0.3/3.9 MB | 33 kB | 2.2/290 kBProgress (3): 0.3/3.9 MB | 33 kB | 5.0/290 kBProgress (3): 0.3/3.9 MB | 33 kB | 7.7/290 kBProgress (3): 0.3/3.9 MB | 33 kB | 10/290 kB Progress (3): 0.3/3.9 MB | 33 kB | 13/290 kBProgress (3): 0.3/3.9 MB | 33 kB | 16/290 kBProgress (3): 0.3/3.9 MB | 33 kB | 19/290 kBProgress (3): 0.3/3.9 MB | 33 kB | 21/290 kBProgress (3): 0.3/3.9 MB | 33 kB | 24/290 kBProgress (3): 0.3/3.9 MB | 33 kB | 27/290 kBProgress (3): 0.3/3.9 MB | 33 kB | 30/290 kBProgress (3): 0.3/3.9 MB | 33 kB | 32/290 kBProgress (3): 0.3/3.9 MB | 33 kB | 36/290 kBProgress (3): 0.3/3.9 MB | 33 kB | 40/290 kBProgress (3): 0.3/3.9 MB | 33 kB | 45/290 kBProgress (3): 0.3/3.9 MB | 33 kB | 49/290 kB                                            Downloaded from central: https://repo.maven.apache.org/maven2/com/google/code/findbugs/jsr305/3.0.0/jsr305-3.0.0.jar (33 kB at 22 kB/s)
Downloading from central: https://repo.maven.apache.org/maven2/com/google/errorprone/error_prone_annotations/2.0.15/error_prone_annotations-2.0.15.jar
Progress (3): 0.3/3.9 MB | 49/290 kB | 4.1/86 kBProgress (3): 0.3/3.9 MB | 49/290 kB | 7.7/86 kBProgress (3): 0.3/3.9 MB | 49/290 kB | 12/86 kB Progress (3): 0.3/3.9 MB | 49/290 kB | 16/86 kBProgress (3): 0.3/3.9 MB | 49/290 kB | 20/86 kBProgress (3): 0.3/3.9 MB | 49/290 kB | 24/86 kBProgress (3): 0.3/3.9 MB | 49/290 kB | 28/86 kBProgress (3): 0.3/3.9 MB | 49/290 kB | 32/86 kBProgress (3): 0.3/3.9 MB | 49/290 kB | 36/86 kBProgress (3): 0.3/3.9 MB | 49/290 kB | 40/86 kBProgress (3): 0.3/3.9 MB | 49/290 kB | 45/86 kBProgress (3): 0.3/3.9 MB | 49/290 kB | 49/86 kBProgress (3): 0.3/3.9 MB | 49/290 kB | 53/86 kBProgress (3): 0.3/3.9 MB | 49/290 kB | 57/86 kBProgress (3): 0.3/3.9 MB | 49/290 kB | 61/86 kBProgress (3): 0.3/3.9 MB | 49/290 kB | 65/86 kBProgress (3): 0.3/3.9 MB | 49/290 kB | 69/86 kBProgress (3): 0.3/3.9 MB | 49/290 kB | 73/86 kBProgress (3): 0.3/3.9 MB | 49/290 kB | 77/86 kBProgress (3): 0.3/3.9 MB | 49/290 kB | 81/86 kBProgress (3): 0.3/3.9 MB | 49/290 kB | 85/86 kBProgress (3): 0.3/3.9 MB | 49/290 kB | 86 kB   Progress (3): 0.3/3.9 MB | 49/290 kB | 86 kBProgress (3): 0.3/3.9 MB | 49/290 kB | 86 kBProgress (3): 0.3/3.9 MB | 49/290 kB | 86 kBProgress (3): 0.3/3.9 MB | 49/290 kB | 86 kBProgress (3): 0.3/3.9 MB | 49/290 kB | 86 kBProgress (3): 0.4/3.9 MB | 49/290 kB | 86 kBProgress (3): 0.4/3.9 MB | 49/290 kB | 86 kBProgress (3): 0.4/3.9 MB | 49/290 kB | 86 kBProgress (3): 0.4/3.9 MB | 49/290 kB | 86 kBProgress (3): 0.4/3.9 MB | 49/290 kB | 86 kBProgress (3): 0.4/3.9 MB | 49/290 kB | 86 kBProgress (3): 0.4/3.9 MB | 49/290 kB | 86 kBProgress (3): 0.4/3.9 MB | 49/290 kB | 86 kBProgress (3): 0.4/3.9 MB | 49/290 kB | 86 kBProgress (3): 0.4/3.9 MB | 49/290 kB | 86 kBProgress (3): 0.4/3.9 MB | 49/290 kB | 86 kBProgress (3): 0.4/3.9 MB | 49/290 kB | 86 kBProgress (3): 0.4/3.9 MB | 49/290 kB | 86 kBProgress (3): 0.4/3.9 MB | 49/290 kB | 86 kBProgress (3): 0.4/3.9 MB | 49/290 kB | 86 kBProgress (3): 0.4/3.9 MB | 49/290 kB | 86 kBProgress (3): 0.4/3.9 MB | 49/290 kB | 86 kBProgress (3): 0.4/3.9 MB | 49/290 kB | 86 kBProgress (3): 0.4/3.9 MB | 49/290 kB | 86 kBProgress (3): 0.4/3.9 MB | 49/290 kB | 86 kBProgress (3): 0.4/3.9 MB | 49/290 kB | 86 kBProgress (3): 0.4/3.9 MB | 49/290 kB | 86 kBProgress (3): 0.4/3.9 MB | 49/290 kB | 86 kBProgress (3): 0.4/3.9 MB | 49/290 kB | 86 kBProgress (3): 0.5/3.9 MB | 49/290 kB | 86 kBProgress (3): 0.5/3.9 MB | 49/290 kB | 86 kBProgress (3): 0.5/3.9 MB | 49/290 kB | 86 kBProgress (3): 0.5/3.9 MB | 49/290 kB | 86 kBProgress (3): 0.5/3.9 MB | 49/290 kB | 86 kBProgress (3): 0.5/3.9 MB | 49/290 kB | 86 kBProgress (3): 0.5/3.9 MB | 49/290 kB | 86 kBProgress (3): 0.5/3.9 MB | 49/290 kB | 86 kBProgress (3): 0.5/3.9 MB | 49/290 kB | 86 kBProgress (3): 0.5/3.9 MB | 49/290 kB | 86 kBProgress (3): 0.5/3.9 MB | 49/290 kB | 86 kBProgress (3): 0.5/3.9 MB | 49/290 kB | 86 kBProgress (3): 0.5/3.9 MB | 49/290 kB | 86 kBProgress (3): 0.5/3.9 MB | 49/290 kB | 86 kBProgress (3): 0.5/3.9 MB | 49/290 kB | 86 kBProgress (3): 0.5/3.9 MB | 49/290 kB | 86 kBProgress (3): 0.5/3.9 MB | 49/290 kB | 86 kBProgress (3): 0.5/3.9 MB | 49/290 kB | 86 kBProgress (3): 0.5/3.9 MB | 49/290 kB | 86 kBProgress (3): 0.5/3.9 MB | 49/290 kB | 86 kBProgress (3): 0.5/3.9 MB | 49/290 kB | 86 kBProgress (3): 0.5/3.9 MB | 49/290 kB | 86 kBProgress (3): 0.5/3.9 MB | 49/290 kB | 86 kBProgress (3): 0.5/3.9 MB | 53/290 kB | 86 kBProgress (3): 0.5/3.9 MB | 57/290 kB | 86 kBProgress (3): 0.5/3.9 MB | 61/290 kB | 86 kBProgress (3): 0.5/3.9 MB | 65/290 kB | 86 kBProgress (3): 0.5/3.9 MB | 69/290 kB | 86 kBProgress (3): 0.5/3.9 MB | 73/290 kB | 86 kBProgress (3): 0.5/3.9 MB | 77/290 kB | 86 kBProgress (3): 0.5/3.9 MB | 81/290 kB | 86 kBProgress (3): 0.5/3.9 MB | 85/290 kB | 86 kBProgress (3): 0.5/3.9 MB | 90/290 kB | 86 kBProgress (3): 0.5/3.9 MB | 94/290 kB | 86 kBProgress (3): 0.5/3.9 MB | 98/290 kB | 86 kBProgress (3): 0.5/3.9 MB | 102/290 kB | 86 kBProgress (3): 0.5/3.9 MB | 106/290 kB | 86 kBProgress (3): 0.5/3.9 MB | 110/290 kB | 86 kBProgress (3): 0.5/3.9 MB | 114/290 kB | 86 kBProgress (3): 0.5/3.9 MB | 118/290 kB | 86 kBProgress (3): 0.5/3.9 MB | 122/290 kB | 86 kBProgress (3): 0.5/3.9 MB | 126/290 kB | 86 kBProgress (3): 0.5/3.9 MB | 131/290 kB | 86 kBProgress (3): 0.5/3.9 MB | 135/290 kB | 86 kBProgress (3): 0.5/3.9 MB | 139/290 kB | 86 kBProgress (3): 0.5/3.9 MB | 143/290 kB | 86 kBProgress (3): 0.5/3.9 MB | 147/290 kB | 86 kBProgress (3): 0.5/3.9 MB | 151/290 kB | 86 kBProgress (3): 0.5/3.9 MB | 155/290 kB | 86 kBProgress (3): 0.5/3.9 MB | 159/290 kB | 86 kBProgress (3): 0.5/3.9 MB | 163/290 kB | 86 kBProgress (4): 0.5/3.9 MB | 163/290 kB | 86 kB | 2.2/11 kBProgress (4): 0.5/3.9 MB | 163/290 kB | 86 kB | 5.0/11 kBProgress (4): 0.5/3.9 MB | 163/290 kB | 86 kB | 7.7/11 kBProgress (4): 0.5/3.9 MB | 163/290 kB | 86 kB | 10/11 kB Progress (4): 0.5/3.9 MB | 163/290 kB | 86 kB | 11 kB   Progress (5): 0.5/3.9 MB | 163/290 kB | 86 kB | 11 kB | 0/2.9 MBProgress (5): 0.5/3.9 MB | 163/290 kB | 86 kB | 11 kB | 0/2.9 MBProgress (5): 0.5/3.9 MB | 163/290 kB | 86 kB | 11 kB | 0/2.9 MBProgress (5): 0.5/3.9 MB | 163/290 kB | 86 kB | 11 kB | 0/2.9 MBProgress (5): 0.5/3.9 MB | 163/290 kB | 86 kB | 11 kB | 0/2.9 MBProgress (5): 0.5/3.9 MB | 163/290 kB | 86 kB | 11 kB | 0/2.9 MBProgress (5): 0.5/3.9 MB | 163/290 kB | 86 kB | 11 kB | 0/2.9 MBProgress (5): 0.5/3.9 MB | 163/290 kB | 86 kB | 11 kB | 0/2.9 MBProgress (5): 0.5/3.9 MB | 163/290 kB | 86 kB | 11 kB | 0/2.9 MBProgress (5): 0.5/3.9 MB | 163/290 kB | 86 kB | 11 kB | 0/2.9 MBProgress (5): 0.5/3.9 MB | 163/290 kB | 86 kB | 11 kB | 0/2.9 MBProgress (5): 0.5/3.9 MB | 163/290 kB | 86 kB | 11 kB | 0/2.9 MB                                                                Downloaded from central: https://repo.maven.apache.org/maven2/org/checkerframework/javacutil/1.8.10/javacutil-1.8.10.jar (86 kB at 51 kB/s)
Progress (4): 0.5/3.9 MB | 163/290 kB | 11 kB | 0/2.9 MBProgress (4): 0.5/3.9 MB | 163/290 kB | 11 kB | 0/2.9 MBProgress (4): 0.6/3.9 MB | 163/290 kB | 11 kB | 0/2.9 MBProgress (4): 0.6/3.9 MB | 163/290 kB | 11 kB | 0/2.9 MBProgress (4): 0.6/3.9 MB | 163/290 kB | 11 kB | 0/2.9 MBProgress (4): 0.6/3.9 MB | 163/290 kB | 11 kB | 0/2.9 MBProgress (4): 0.6/3.9 MB | 163/290 kB | 11 kB | 0/2.9 MBProgress (4): 0.6/3.9 MB | 163/290 kB | 11 kB | 0/2.9 MBProgress (4): 0.6/3.9 MB | 163/290 kB | 11 kB | 0/2.9 MBProgress (4): 0.6/3.9 MB | 163/290 kB | 11 kB | 0/2.9 MBProgress (4): 0.6/3.9 MB | 163/290 kB | 11 kB | 0/2.9 MBProgress (4): 0.6/3.9 MB | 163/290 kB | 11 kB | 0/2.9 MBProgress (4): 0.6/3.9 MB | 163/290 kB | 11 kB | 0/2.9 MBProgress (4): 0.6/3.9 MB | 163/290 kB | 11 kB | 0/2.9 MBProgress (4): 0.6/3.9 MB | 163/290 kB | 11 kB | 0/2.9 MBProgress (4): 0.6/3.9 MB | 163/290 kB | 11 kB | 0/2.9 MBProgress (4): 0.6/3.9 MB | 163/290 kB | 11 kB | 0/2.9 MBProgress (4): 0.6/3.9 MB | 163/290 kB | 11 kB | 0/2.9 MBProgress (4): 0.6/3.9 MB | 163/290 kB | 11 kB | 0/2.9 MBProgress (4): 0.6/3.9 MB | 163/290 kB | 11 kB | 0/2.9 MBProgress (4): 0.6/3.9 MB | 163/290 kB | 11 kB | 0/2.9 MBProgress (4): 0.6/3.9 MB | 163/290 kB | 11 kB | 0/2.9 MBProgress (4): 0.6/3.9 MB | 163/290 kB | 11 kB | 0/2.9 MBProgress (4): 0.6/3.9 MB | 163/290 kB | 11 kB | 0/2.9 MBProgress (4): 0.6/3.9 MB | 163/290 kB | 11 kB | 0/2.9 MBProgress (4): 0.6/3.9 MB | 163/290 kB | 11 kB | 0/2.9 MBProgress (4): 0.7/3.9 MB | 163/290 kB | 11 kB | 0/2.9 MBProgress (4): 0.7/3.9 MB | 163/290 kB | 11 kB | 0/2.9 MBProgress (4): 0.7/3.9 MB | 163/290 kB | 11 kB | 0/2.9 MBProgress (4): 0.7/3.9 MB | 163/290 kB | 11 kB | 0/2.9 MBProgress (4): 0.7/3.9 MB | 163/290 kB | 11 kB | 0/2.9 MBProgress (4): 0.7/3.9 MB | 163/290 kB | 11 kB | 0/2.9 MBProgress (4): 0.7/3.9 MB | 163/290 kB | 11 kB | 0/2.9 MBProgress (4): 0.7/3.9 MB | 163/290 kB | 11 kB | 0/2.9 MBProgress (4): 0.7/3.9 MB | 163/290 kB | 11 kB | 0/2.9 MBProgress (4): 0.7/3.9 MB | 163/290 kB | 11 kB | 0/2.9 MBProgress (4): 0.7/3.9 MB | 163/290 kB | 11 kB | 0/2.9 MBProgress (4): 0.7/3.9 MB | 163/290 kB | 11 kB | 0/2.9 MBProgress (4): 0.7/3.9 MB | 163/290 kB | 11 kB | 0/2.9 MBProgress (4): 0.7/3.9 MB | 163/290 kB | 11 kB | 0/2.9 MBProgress (4): 0.7/3.9 MB | 163/290 kB | 11 kB | 0/2.9 MBProgress (4): 0.7/3.9 MB | 163/290 kB | 11 kB | 0/2.9 MBProgress (4): 0.7/3.9 MB | 163/290 kB | 11 kB | 0/2.9 MBProgress (4): 0.7/3.9 MB | 163/290 kB | 11 kB | 0/2.9 MBProgress (4): 0.7/3.9 MB | 163/290 kB | 11 kB | 0/2.9 MBProgress (4): 0.7/3.9 MB | 163/290 kB | 11 kB | 0/2.9 MBProgress (4): 0.7/3.9 MB | 163/290 kB | 11 kB | 0/2.9 MBProgress (4): 0.7/3.9 MB | 163/290 kB | 11 kB | 0/2.9 MBProgress (4): 0.7/3.9 MB | 163/290 kB | 11 kB | 0/2.9 MBProgress (4): 0.7/3.9 MB | 163/290 kB | 11 kB | 0/2.9 MBProgress (4): 0.7/3.9 MB | 163/290 kB | 11 kB | 0/2.9 MBProgress (4): 0.8/3.9 MB | 163/290 kB | 11 kB | 0/2.9 MBProgress (4): 0.8/3.9 MB | 163/290 kB | 11 kB | 0/2.9 MBProgress (4): 0.8/3.9 MB | 163/290 kB | 11 kB | 0/2.9 MBProgress (4): 0.8/3.9 MB | 163/290 kB | 11 kB | 0/2.9 MBProgress (4): 0.8/3.9 MB | 163/290 kB | 11 kB | 0/2.9 MBProgress (4): 0.8/3.9 MB | 163/290 kB | 11 kB | 0/2.9 MBProgress (4): 0.8/3.9 MB | 163/290 kB | 11 kB | 0/2.9 MBProgress (4): 0.8/3.9 MB | 163/290 kB | 11 kB | 0/2.9 MBProgress (4): 0.8/3.9 MB | 163/290 kB | 11 kB | 0/2.9 MBProgress (4): 0.8/3.9 MB | 163/290 kB | 11 kB | 0/2.9 MBProgress (4): 0.8/3.9 MB | 163/290 kB | 11 kB | 0/2.9 MBProgress (4): 0.8/3.9 MB | 163/290 kB | 11 kB | 0/2.9 MBProgress (4): 0.8/3.9 MB | 163/290 kB | 11 kB | 0/2.9 MBProgress (4): 0.8/3.9 MB | 163/290 kB | 11 kB | 0/2.9 MBProgress (4): 0.8/3.9 MB | 163/290 kB | 11 kB | 0/2.9 MBProgress (4): 0.8/3.9 MB | 163/290 kB | 11 kB | 0/2.9 MBProgress (4): 0.8/3.9 MB | 163/290 kB | 11 kB | 0/2.9 MBProgress (4): 0.8/3.9 MB | 167/290 kB | 11 kB | 0/2.9 MBProgress (4): 0.8/3.9 MB | 171/290 kB | 11 kB | 0/2.9 MBProgress (4): 0.8/3.9 MB | 176/290 kB | 11 kB | 0/2.9 MBProgress (4): 0.8/3.9 MB | 180/290 kB | 11 kB | 0/2.9 MBProgress (4): 0.8/3.9 MB | 184/290 kB | 11 kB | 0/2.9 MBProgress (4): 0.8/3.9 MB | 188/290 kB | 11 kB | 0/2.9 MBProgress (4): 0.8/3.9 MB | 192/290 kB | 11 kB | 0/2.9 MBProgress (4): 0.8/3.9 MB | 196/290 kB | 11 kB | 0/2.9 MBProgress (4): 0.8/3.9 MB | 200/290 kB | 11 kB | 0/2.9 MBProgress (4): 0.8/3.9 MB | 204/290 kB | 11 kB | 0/2.9 MBProgress (4): 0.8/3.9 MB | 208/290 kB | 11 kB | 0/2.9 MBProgress (4): 0.8/3.9 MB | 212/290 kB | 11 kB | 0/2.9 MBProgress (4): 0.8/3.9 MB | 217/290 kB | 11 kB | 0/2.9 MBProgress (4): 0.8/3.9 MB | 219/290 kB | 11 kB | 0/2.9 MBProgress (4): 0.8/3.9 MB | 223/290 kB | 11 kB | 0/2.9 MBProgress (4): 0.8/3.9 MB | 227/290 kB | 11 kB | 0/2.9 MBProgress (4): 0.8/3.9 MB | 229/290 kB | 11 kB | 0/2.9 MBProgress (4): 0.8/3.9 MB | 233/290 kB | 11 kB | 0/2.9 MBProgress (4): 0.8/3.9 MB | 237/290 kB | 11 kB | 0/2.9 MBProgress (4): 0.8/3.9 MB | 241/290 kB | 11 kB | 0/2.9 MBProgress (4): 0.8/3.9 MB | 245/290 kB | 11 kB | 0/2.9 MBProgress (4): 0.8/3.9 MB | 249/290 kB | 11 kB | 0/2.9 MBProgress (4): 0.8/3.9 MB | 253/290 kB | 11 kB | 0/2.9 MBProgress (4): 0.8/3.9 MB | 258/290 kB | 11 kB | 0/2.9 MBProgress (4): 0.8/3.9 MB | 262/290 kB | 11 kB | 0/2.9 MBProgress (4): 0.8/3.9 MB | 266/290 kB | 11 kB | 0/2.9 MBProgress (4): 0.8/3.9 MB | 270/290 kB | 11 kB | 0/2.9 MBProgress (4): 0.8/3.9 MB | 274/290 kB | 11 kB | 0/2.9 MBProgress (4): 0.8/3.9 MB | 278/290 kB | 11 kB | 0/2.9 MBProgress (4): 0.8/3.9 MB | 282/290 kB | 11 kB | 0/2.9 MBProgress (4): 0.8/3.9 MB | 286/290 kB | 11 kB | 0/2.9 MBProgress (4): 0.8/3.9 MB | 290 kB | 11 kB | 0/2.9 MB                                                        Downloaded from central: https://repo.maven.apache.org/maven2/com/google/errorprone/error_prone_annotations/2.0.15/error_prone_annotations-2.0.15.jar (11 kB at 5.9 kB/s)
Progress (3): 0.8/3.9 MB | 290 kB | 0.1/2.9 MBProgress (3): 0.8/3.9 MB | 290 kB | 0.1/2.9 MBProgress (3): 0.8/3.9 MB | 290 kB | 0.1/2.9 MBProgress (3): 0.8/3.9 MB | 290 kB | 0.1/2.9 MBProgress (3): 0.8/3.9 MB | 290 kB | 0.1/2.9 MBProgress (3): 0.8/3.9 MB | 290 kB | 0.1/2.9 MBProgress (3): 0.8/3.9 MB | 290 kB | 0.1/2.9 MBProgress (3): 0.8/3.9 MB | 290 kB | 0.1/2.9 MBProgress (3): 0.8/3.9 MB | 290 kB | 0.1/2.9 MBProgress (3): 0.8/3.9 MB | 290 kB | 0.1/2.9 MBProgress (3): 0.8/3.9 MB | 290 kB | 0.1/2.9 MBProgress (3): 0.8/3.9 MB | 290 kB | 0.1/2.9 MBProgress (3): 0.8/3.9 MB | 290 kB | 0.1/2.9 MBProgress (3): 0.8/3.9 MB | 290 kB | 0.1/2.9 MBProgress (3): 0.8/3.9 MB | 290 kB | 0.1/2.9 MBProgress (3): 0.8/3.9 MB | 290 kB | 0.1/2.9 MBProgress (3): 0.8/3.9 MB | 290 kB | 0.1/2.9 MBProgress (3): 0.8/3.9 MB | 290 kB | 0.1/2.9 MBProgress (3): 0.8/3.9 MB | 290 kB | 0.1/2.9 MBProgress (3): 0.8/3.9 MB | 290 kB | 0.1/2.9 MBProgress (3): 0.8/3.9 MB | 290 kB | 0.1/2.9 MBProgress (3): 0.8/3.9 MB | 290 kB | 0.1/2.9 MBProgress (3): 0.8/3.9 MB | 290 kB | 0.1/2.9 MBProgress (3): 0.8/3.9 MB | 290 kB | 0.1/2.9 MBProgress (3): 0.8/3.9 MB | 290 kB | 0.2/2.9 MBProgress (3): 0.8/3.9 MB | 290 kB | 0.2/2.9 MBProgress (3): 0.8/3.9 MB | 290 kB | 0.2/2.9 MBProgress (3): 0.8/3.9 MB | 290 kB | 0.2/2.9 MBProgress (3): 0.8/3.9 MB | 290 kB | 0.2/2.9 MBProgress (3): 0.8/3.9 MB | 290 kB | 0.2/2.9 MBProgress (3): 0.8/3.9 MB | 290 kB | 0.2/2.9 MBProgress (3): 0.8/3.9 MB | 290 kB | 0.2/2.9 MBProgress (3): 0.8/3.9 MB | 290 kB | 0.2/2.9 MBProgress (3): 0.8/3.9 MB | 290 kB | 0.2/2.9 MBProgress (3): 0.8/3.9 MB | 290 kB | 0.2/2.9 MBProgress (3): 0.8/3.9 MB | 290 kB | 0.2/2.9 MBProgress (3): 0.8/3.9 MB | 290 kB | 0.2/2.9 MBProgress (3): 0.8/3.9 MB | 290 kB | 0.2/2.9 MBProgress (3): 0.8/3.9 MB | 290 kB | 0.2/2.9 MBProgress (3): 0.9/3.9 MB | 290 kB | 0.2/2.9 MBProgress (3): 0.9/3.9 MB | 290 kB | 0.2/2.9 MBProgress (3): 0.9/3.9 MB | 290 kB | 0.2/2.9 MBProgress (3): 0.9/3.9 MB | 290 kB | 0.2/2.9 MBProgress (3): 0.9/3.9 MB | 290 kB | 0.2/2.9 MB                                              Downloaded from central: https://repo.maven.apache.org/maven2/org/checkerframework/dataflow/1.8.10/dataflow-1.8.10.jar (290 kB at 145 kB/s)
Progress (2): 0.9/3.9 MB | 0.2/2.9 MBProgress (2): 0.9/3.9 MB | 0.2/2.9 MBProgress (2): 0.9/3.9 MB | 0.2/2.9 MBProgress (2): 0.9/3.9 MB | 0.2/2.9 MBProgress (2): 0.9/3.9 MB | 0.2/2.9 MBProgress (2): 0.9/3.9 MB | 0.2/2.9 MBProgress (2): 0.9/3.9 MB | 0.2/2.9 MBProgress (2): 0.9/3.9 MB | 0.2/2.9 MBProgress (2): 0.9/3.9 MB | 0.2/2.9 MBProgress (2): 0.9/3.9 MB | 0.2/2.9 MBProgress (2): 0.9/3.9 MB | 0.2/2.9 MBProgress (2): 0.9/3.9 MB | 0.2/2.9 MBProgress (2): 0.9/3.9 MB | 0.2/2.9 MBProgress (2): 0.9/3.9 MB | 0.2/2.9 MBProgress (2): 0.9/3.9 MB | 0.2/2.9 MBProgress (2): 0.9/3.9 MB | 0.2/2.9 MBProgress (2): 0.9/3.9 MB | 0.2/2.9 MBProgress (2): 0.9/3.9 MB | 0.3/2.9 MBProgress (2): 0.9/3.9 MB | 0.3/2.9 MBProgress (2): 0.9/3.9 MB | 0.3/2.9 MBProgress (2): 0.9/3.9 MB | 0.3/2.9 MBProgress (2): 0.9/3.9 MB | 0.3/2.9 MBProgress (2): 0.9/3.9 MB | 0.3/2.9 MBProgress (2): 0.9/3.9 MB | 0.3/2.9 MBProgress (2): 0.9/3.9 MB | 0.3/2.9 MBProgress (2): 0.9/3.9 MB | 0.3/2.9 MBProgress (2): 0.9/3.9 MB | 0.3/2.9 MBProgress (2): 0.9/3.9 MB | 0.3/2.9 MBProgress (2): 0.9/3.9 MB | 0.3/2.9 MBProgress (2): 0.9/3.9 MB | 0.3/2.9 MBProgress (2): 0.9/3.9 MB | 0.3/2.9 MBProgress (2): 0.9/3.9 MB | 0.3/2.9 MBProgress (2): 0.9/3.9 MB | 0.3/2.9 MBProgress (2): 0.9/3.9 MB | 0.3/2.9 MBProgress (2): 0.9/3.9 MB | 0.3/2.9 MBProgress (2): 0.9/3.9 MB | 0.3/2.9 MBProgress (2): 0.9/3.9 MB | 0.3/2.9 MBProgress (2): 0.9/3.9 MB | 0.3/2.9 MBProgress (2): 0.9/3.9 MB | 0.3/2.9 MBProgress (2): 0.9/3.9 MB | 0.3/2.9 MBProgress (2): 0.9/3.9 MB | 0.3/2.9 MBProgress (2): 0.9/3.9 MB | 0.4/2.9 MBProgress (2): 0.9/3.9 MB | 0.4/2.9 MBProgress (2): 0.9/3.9 MB | 0.4/2.9 MBProgress (2): 0.9/3.9 MB | 0.4/2.9 MBProgress (2): 0.9/3.9 MB | 0.4/2.9 MBProgress (2): 0.9/3.9 MB | 0.4/2.9 MBProgress (2): 0.9/3.9 MB | 0.4/2.9 MBProgress (2): 0.9/3.9 MB | 0.4/2.9 MBProgress (2): 0.9/3.9 MB | 0.4/2.9 MBProgress (2): 0.9/3.9 MB | 0.4/2.9 MBProgress (2): 0.9/3.9 MB | 0.4/2.9 MBProgress (2): 0.9/3.9 MB | 0.4/2.9 MBProgress (2): 0.9/3.9 MB | 0.4/2.9 MBProgress (2): 0.9/3.9 MB | 0.4/2.9 MBProgress (2): 0.9/3.9 MB | 0.4/2.9 MBProgress (2): 0.9/3.9 MB | 0.4/2.9 MBProgress (2): 0.9/3.9 MB | 0.4/2.9 MBProgress (2): 0.9/3.9 MB | 0.4/2.9 MBProgress (2): 0.9/3.9 MB | 0.4/2.9 MBProgress (2): 0.9/3.9 MB | 0.4/2.9 MBProgress (2): 0.9/3.9 MB | 0.4/2.9 MBProgress (2): 0.9/3.9 MB | 0.4/2.9 MBProgress (2): 0.9/3.9 MB | 0.4/2.9 MBProgress (2): 0.9/3.9 MB | 0.4/2.9 MBProgress (2): 0.9/3.9 MB | 0.4/2.9 MBProgress (2): 0.9/3.9 MB | 0.4/2.9 MBProgress (2): 0.9/3.9 MB | 0.4/2.9 MBProgress (2): 0.9/3.9 MB | 0.4/2.9 MBProgress (2): 0.9/3.9 MB | 0.4/2.9 MBProgress (2): 0.9/3.9 MB | 0.4/2.9 MBProgress (2): 0.9/3.9 MB | 0.4/2.9 MBProgress (2): 0.9/3.9 MB | 0.4/2.9 MBProgress (2): 0.9/3.9 MB | 0.4/2.9 MBProgress (2): 0.9/3.9 MB | 0.4/2.9 MBProgress (2): 0.9/3.9 MB | 0.4/2.9 MBProgress (2): 0.9/3.9 MB | 0.4/2.9 MBProgress (2): 0.9/3.9 MB | 0.4/2.9 MBProgress (2): 0.9/3.9 MB | 0.4/2.9 MBProgress (2): 0.9/3.9 MB | 0.4/2.9 MBProgress (2): 1.0/3.9 MB | 0.4/2.9 MBProgress (2): 1.0/3.9 MB | 0.4/2.9 MBProgress (2): 1.0/3.9 MB | 0.4/2.9 MBProgress (2): 1.0/3.9 MB | 0.4/2.9 MBProgress (2): 1.0/3.9 MB | 0.4/2.9 MBProgress (2): 1.0/3.9 MB | 0.4/2.9 MBProgress (2): 1.0/3.9 MB | 0.4/2.9 MBProgress (2): 1.0/3.9 MB | 0.4/2.9 MBProgress (2): 1.0/3.9 MB | 0.4/2.9 MBProgress (2): 1.0/3.9 MB | 0.4/2.9 MBProgress (2): 1.0/3.9 MB | 0.4/2.9 MBProgress (2): 1.0/3.9 MB | 0.4/2.9 MBProgress (2): 1.0/3.9 MB | 0.4/2.9 MBProgress (2): 1.0/3.9 MB | 0.4/2.9 MBProgress (2): 1.0/3.9 MB | 0.4/2.9 MBProgress (2): 1.0/3.9 MB | 0.4/2.9 MBProgress (2): 1.0/3.9 MB | 0.4/2.9 MBProgress (2): 1.0/3.9 MB | 0.4/2.9 MBProgress (2): 1.0/3.9 MB | 0.4/2.9 MBProgress (2): 1.0/3.9 MB | 0.4/2.9 MBProgress (2): 1.0/3.9 MB | 0.4/2.9 MBProgress (2): 1.0/3.9 MB | 0.4/2.9 MBProgress (2): 1.0/3.9 MB | 0.4/2.9 MBProgress (2): 1.0/3.9 MB | 0.4/2.9 MBProgress (2): 1.1/3.9 MB | 0.4/2.9 MBProgress (2): 1.1/3.9 MB | 0.4/2.9 MBProgress (2): 1.1/3.9 MB | 0.4/2.9 MBProgress (2): 1.1/3.9 MB | 0.4/2.9 MBProgress (2): 1.1/3.9 MB | 0.4/2.9 MBProgress (2): 1.1/3.9 MB | 0.4/2.9 MBProgress (2): 1.1/3.9 MB | 0.4/2.9 MBProgress (2): 1.1/3.9 MB | 0.4/2.9 MBProgress (2): 1.1/3.9 MB | 0.4/2.9 MBProgress (2): 1.1/3.9 MB | 0.4/2.9 MBProgress (2): 1.1/3.9 MB | 0.4/2.9 MBProgress (2): 1.1/3.9 MB | 0.4/2.9 MBProgress (2): 1.1/3.9 MB | 0.4/2.9 MBProgress (2): 1.1/3.9 MB | 0.4/2.9 MBProgress (2): 1.1/3.9 MB | 0.4/2.9 MBProgress (2): 1.1/3.9 MB | 0.4/2.9 MBProgress (2): 1.1/3.9 MB | 0.4/2.9 MBProgress (2): 1.1/3.9 MB | 0.4/2.9 MBProgress (2): 1.1/3.9 MB | 0.4/2.9 MBProgress (2): 1.1/3.9 MB | 0.4/2.9 MBProgress (2): 1.1/3.9 MB | 0.4/2.9 MBProgress (2): 1.1/3.9 MB | 0.4/2.9 MBProgress (2): 1.1/3.9 MB | 0.4/2.9 MBProgress (2): 1.1/3.9 MB | 0.4/2.9 MBProgress (2): 1.2/3.9 MB | 0.4/2.9 MBProgress (2): 1.2/3.9 MB | 0.4/2.9 MBProgress (2): 1.2/3.9 MB | 0.4/2.9 MBProgress (2): 1.2/3.9 MB | 0.4/2.9 MBProgress (2): 1.2/3.9 MB | 0.4/2.9 MBProgress (2): 1.2/3.9 MB | 0.4/2.9 MBProgress (2): 1.2/3.9 MB | 0.4/2.9 MBProgress (2): 1.2/3.9 MB | 0.4/2.9 MBProgress (2): 1.2/3.9 MB | 0.4/2.9 MBProgress (2): 1.2/3.9 MB | 0.4/2.9 MBProgress (2): 1.2/3.9 MB | 0.4/2.9 MBProgress (2): 1.2/3.9 MB | 0.4/2.9 MBProgress (2): 1.2/3.9 MB | 0.4/2.9 MBProgress (2): 1.2/3.9 MB | 0.4/2.9 MBProgress (2): 1.2/3.9 MB | 0.4/2.9 MBProgress (2): 1.2/3.9 MB | 0.4/2.9 MBProgress (2): 1.2/3.9 MB | 0.4/2.9 MBProgress (2): 1.2/3.9 MB | 0.4/2.9 MBProgress (2): 1.2/3.9 MB | 0.4/2.9 MBProgress (2): 1.2/3.9 MB | 0.4/2.9 MBProgress (2): 1.2/3.9 MB | 0.4/2.9 MBProgress (2): 1.2/3.9 MB | 0.4/2.9 MBProgress (2): 1.2/3.9 MB | 0.4/2.9 MBProgress (2): 1.2/3.9 MB | 0.4/2.9 MBProgress (2): 1.2/3.9 MB | 0.4/2.9 MBProgress (2): 1.3/3.9 MB | 0.4/2.9 MBProgress (2): 1.3/3.9 MB | 0.4/2.9 MBProgress (2): 1.3/3.9 MB | 0.4/2.9 MBProgress (2): 1.3/3.9 MB | 0.4/2.9 MBProgress (2): 1.3/3.9 MB | 0.4/2.9 MBProgress (2): 1.3/3.9 MB | 0.4/2.9 MBProgress (2): 1.3/3.9 MB | 0.4/2.9 MBProgress (2): 1.3/3.9 MB | 0.4/2.9 MBProgress (2): 1.3/3.9 MB | 0.4/2.9 MBProgress (2): 1.3/3.9 MB | 0.4/2.9 MBProgress (2): 1.3/3.9 MB | 0.4/2.9 MBProgress (2): 1.3/3.9 MB | 0.4/2.9 MBProgress (2): 1.3/3.9 MB | 0.4/2.9 MBProgress (2): 1.3/3.9 MB | 0.4/2.9 MBProgress (2): 1.3/3.9 MB | 0.4/2.9 MBProgress (2): 1.3/3.9 MB | 0.4/2.9 MBProgress (2): 1.3/3.9 MB | 0.4/2.9 MBProgress (2): 1.3/3.9 MB | 0.4/2.9 MBProgress (2): 1.3/3.9 MB | 0.4/2.9 MBProgress (2): 1.3/3.9 MB | 0.4/2.9 MBProgress (2): 1.3/3.9 MB | 0.4/2.9 MBProgress (2): 1.3/3.9 MB | 0.4/2.9 MBProgress (2): 1.3/3.9 MB | 0.4/2.9 MBProgress (2): 1.3/3.9 MB | 0.4/2.9 MBProgress (2): 1.4/3.9 MB | 0.4/2.9 MBProgress (2): 1.4/3.9 MB | 0.4/2.9 MBProgress (2): 1.4/3.9 MB | 0.4/2.9 MBProgress (2): 1.4/3.9 MB | 0.4/2.9 MBProgress (2): 1.4/3.9 MB | 0.4/2.9 MBProgress (2): 1.4/3.9 MB | 0.4/2.9 MBProgress (2): 1.4/3.9 MB | 0.4/2.9 MBProgress (2): 1.4/3.9 MB | 0.4/2.9 MBProgress (2): 1.4/3.9 MB | 0.4/2.9 MBProgress (2): 1.4/3.9 MB | 0.4/2.9 MBProgress (2): 1.4/3.9 MB | 0.4/2.9 MBProgress (2): 1.4/3.9 MB | 0.4/2.9 MBProgress (2): 1.4/3.9 MB | 0.4/2.9 MBProgress (2): 1.4/3.9 MB | 0.4/2.9 MBProgress (2): 1.4/3.9 MB | 0.4/2.9 MBProgress (2): 1.4/3.9 MB | 0.4/2.9 MBProgress (2): 1.4/3.9 MB | 0.4/2.9 MBProgress (2): 1.4/3.9 MB | 0.4/2.9 MBProgress (2): 1.4/3.9 MB | 0.4/2.9 MBProgress (2): 1.4/3.9 MB | 0.4/2.9 MBProgress (2): 1.4/3.9 MB | 0.4/2.9 MBProgress (2): 1.4/3.9 MB | 0.4/2.9 MBProgress (2): 1.4/3.9 MB | 0.4/2.9 MBProgress (2): 1.4/3.9 MB | 0.4/2.9 MBProgress (2): 1.4/3.9 MB | 0.4/2.9 MBProgress (2): 1.5/3.9 MB | 0.4/2.9 MBProgress (2): 1.5/3.9 MB | 0.4/2.9 MBProgress (2): 1.5/3.9 MB | 0.4/2.9 MBProgress (2): 1.5/3.9 MB | 0.4/2.9 MBProgress (2): 1.5/3.9 MB | 0.4/2.9 MBProgress (2): 1.5/3.9 MB | 0.4/2.9 MBProgress (2): 1.5/3.9 MB | 0.4/2.9 MBProgress (2): 1.5/3.9 MB | 0.4/2.9 MBProgress (2): 1.5/3.9 MB | 0.4/2.9 MBProgress (2): 1.5/3.9 MB | 0.4/2.9 MBProgress (2): 1.5/3.9 MB | 0.4/2.9 MBProgress (2): 1.5/3.9 MB | 0.4/2.9 MBProgress (2): 1.5/3.9 MB | 0.4/2.9 MBProgress (2): 1.5/3.9 MB | 0.4/2.9 MBProgress (2): 1.5/3.9 MB | 0.4/2.9 MBProgress (2): 1.5/3.9 MB | 0.4/2.9 MBProgress (2): 1.5/3.9 MB | 0.4/2.9 MBProgress (2): 1.5/3.9 MB | 0.4/2.9 MBProgress (2): 1.5/3.9 MB | 0.4/2.9 MBProgress (2): 1.5/3.9 MB | 0.4/2.9 MBProgress (2): 1.5/3.9 MB | 0.4/2.9 MBProgress (2): 1.5/3.9 MB | 0.4/2.9 MBProgress (2): 1.5/3.9 MB | 0.4/2.9 MBProgress (2): 1.5/3.9 MB | 0.4/2.9 MBProgress (2): 1.6/3.9 MB | 0.4/2.9 MBProgress (2): 1.6/3.9 MB | 0.4/2.9 MBProgress (2): 1.6/3.9 MB | 0.4/2.9 MBProgress (2): 1.6/3.9 MB | 0.4/2.9 MBProgress (2): 1.6/3.9 MB | 0.4/2.9 MBProgress (2): 1.6/3.9 MB | 0.4/2.9 MBProgress (2): 1.6/3.9 MB | 0.4/2.9 MBProgress (2): 1.6/3.9 MB | 0.4/2.9 MBProgress (2): 1.6/3.9 MB | 0.4/2.9 MBProgress (2): 1.6/3.9 MB | 0.4/2.9 MBProgress (2): 1.6/3.9 MB | 0.4/2.9 MBProgress (2): 1.6/3.9 MB | 0.4/2.9 MBProgress (2): 1.6/3.9 MB | 0.4/2.9 MBProgress (2): 1.6/3.9 MB | 0.4/2.9 MBProgress (2): 1.6/3.9 MB | 0.4/2.9 MBProgress (2): 1.6/3.9 MB | 0.4/2.9 MBProgress (2): 1.6/3.9 MB | 0.4/2.9 MBProgress (2): 1.6/3.9 MB | 0.4/2.9 MBProgress (2): 1.6/3.9 MB | 0.4/2.9 MBProgress (2): 1.6/3.9 MB | 0.4/2.9 MBProgress (2): 1.6/3.9 MB | 0.4/2.9 MBProgress (2): 1.6/3.9 MB | 0.4/2.9 MBProgress (2): 1.6/3.9 MB | 0.4/2.9 MBProgress (2): 1.6/3.9 MB | 0.4/2.9 MBProgress (2): 1.7/3.9 MB | 0.4/2.9 MBProgress (2): 1.7/3.9 MB | 0.4/2.9 MBProgress (2): 1.7/3.9 MB | 0.4/2.9 MBProgress (2): 1.7/3.9 MB | 0.4/2.9 MBProgress (2): 1.7/3.9 MB | 0.4/2.9 MBProgress (2): 1.7/3.9 MB | 0.4/2.9 MBProgress (2): 1.7/3.9 MB | 0.4/2.9 MBProgress (2): 1.7/3.9 MB | 0.4/2.9 MBProgress (2): 1.7/3.9 MB | 0.4/2.9 MBProgress (2): 1.7/3.9 MB | 0.4/2.9 MBProgress (2): 1.7/3.9 MB | 0.4/2.9 MBProgress (2): 1.7/3.9 MB | 0.4/2.9 MBProgress (2): 1.7/3.9 MB | 0.4/2.9 MBProgress (2): 1.7/3.9 MB | 0.4/2.9 MBProgress (2): 1.7/3.9 MB | 0.4/2.9 MBProgress (2): 1.7/3.9 MB | 0.4/2.9 MBProgress (2): 1.7/3.9 MB | 0.4/2.9 MBProgress (2): 1.7/3.9 MB | 0.4/2.9 MBProgress (2): 1.7/3.9 MB | 0.4/2.9 MBProgress (2): 1.7/3.9 MB | 0.5/2.9 MBProgress (2): 1.7/3.9 MB | 0.5/2.9 MBProgress (2): 1.7/3.9 MB | 0.5/2.9 MBProgress (2): 1.7/3.9 MB | 0.5/2.9 MBProgress (2): 1.7/3.9 MB | 0.5/2.9 MBProgress (2): 1.7/3.9 MB | 0.5/2.9 MBProgress (2): 1.7/3.9 MB | 0.5/2.9 MBProgress (2): 1.7/3.9 MB | 0.5/2.9 MBProgress (2): 1.7/3.9 MB | 0.5/2.9 MBProgress (2): 1.7/3.9 MB | 0.5/2.9 MBProgress (2): 1.7/3.9 MB | 0.5/2.9 MBProgress (2): 1.7/3.9 MB | 0.5/2.9 MBProgress (2): 1.7/3.9 MB | 0.5/2.9 MBProgress (2): 1.7/3.9 MB | 0.5/2.9 MBProgress (2): 1.7/3.9 MB | 0.5/2.9 MBProgress (2): 1.7/3.9 MB | 0.5/2.9 MBProgress (2): 1.7/3.9 MB | 0.5/2.9 MBProgress (2): 1.7/3.9 MB | 0.5/2.9 MBProgress (2): 1.7/3.9 MB | 0.5/2.9 MBProgress (2): 1.7/3.9 MB | 0.5/2.9 MBProgress (2): 1.7/3.9 MB | 0.5/2.9 MBProgress (2): 1.7/3.9 MB | 0.5/2.9 MBProgress (2): 1.7/3.9 MB | 0.5/2.9 MBProgress (2): 1.7/3.9 MB | 0.5/2.9 MBProgress (2): 1.7/3.9 MB | 0.5/2.9 MBProgress (2): 1.7/3.9 MB | 0.6/2.9 MBProgress (2): 1.7/3.9 MB | 0.6/2.9 MBProgress (2): 1.7/3.9 MB | 0.6/2.9 MBProgress (2): 1.7/3.9 MB | 0.6/2.9 MBProgress (2): 1.7/3.9 MB | 0.6/2.9 MBProgress (2): 1.7/3.9 MB | 0.6/2.9 MBProgress (2): 1.7/3.9 MB | 0.6/2.9 MBProgress (2): 1.7/3.9 MB | 0.6/2.9 MBProgress (2): 1.7/3.9 MB | 0.6/2.9 MBProgress (2): 1.7/3.9 MB | 0.6/2.9 MBProgress (2): 1.7/3.9 MB | 0.6/2.9 MBProgress (2): 1.7/3.9 MB | 0.6/2.9 MBProgress (2): 1.7/3.9 MB | 0.6/2.9 MBProgress (2): 1.7/3.9 MB | 0.6/2.9 MBProgress (2): 1.7/3.9 MB | 0.6/2.9 MBProgress (2): 1.7/3.9 MB | 0.6/2.9 MBProgress (2): 1.7/3.9 MB | 0.6/2.9 MBProgress (2): 1.7/3.9 MB | 0.6/2.9 MBProgress (2): 1.7/3.9 MB | 0.6/2.9 MBProgress (2): 1.7/3.9 MB | 0.6/2.9 MBProgress (2): 1.7/3.9 MB | 0.6/2.9 MBProgress (2): 1.7/3.9 MB | 0.6/2.9 MBProgress (2): 1.7/3.9 MB | 0.6/2.9 MBProgress (2): 1.7/3.9 MB | 0.6/2.9 MBProgress (2): 1.7/3.9 MB | 0.7/2.9 MBProgress (2): 1.7/3.9 MB | 0.7/2.9 MBProgress (2): 1.7/3.9 MB | 0.7/2.9 MBProgress (2): 1.7/3.9 MB | 0.7/2.9 MBProgress (2): 1.7/3.9 MB | 0.7/2.9 MBProgress (2): 1.7/3.9 MB | 0.7/2.9 MBProgress (2): 1.7/3.9 MB | 0.7/2.9 MBProgress (2): 1.7/3.9 MB | 0.7/2.9 MBProgress (2): 1.7/3.9 MB | 0.7/2.9 MBProgress (2): 1.7/3.9 MB | 0.7/2.9 MBProgress (2): 1.7/3.9 MB | 0.7/2.9 MBProgress (2): 1.7/3.9 MB | 0.7/2.9 MBProgress (2): 1.7/3.9 MB | 0.7/2.9 MBProgress (2): 1.7/3.9 MB | 0.7/2.9 MBProgress (2): 1.7/3.9 MB | 0.7/2.9 MBProgress (2): 1.7/3.9 MB | 0.7/2.9 MBProgress (2): 1.7/3.9 MB | 0.7/2.9 MBProgress (2): 1.7/3.9 MB | 0.7/2.9 MBProgress (2): 1.7/3.9 MB | 0.7/2.9 MBProgress (2): 1.7/3.9 MB | 0.7/2.9 MBProgress (2): 1.7/3.9 MB | 0.7/2.9 MBProgress (2): 1.7/3.9 MB | 0.7/2.9 MBProgress (2): 1.7/3.9 MB | 0.7/2.9 MBProgress (2): 1.7/3.9 MB | 0.7/2.9 MBProgress (2): 1.7/3.9 MB | 0.7/2.9 MBProgress (2): 1.7/3.9 MB | 0.7/2.9 MBProgress (2): 1.7/3.9 MB | 0.7/2.9 MBProgress (2): 1.7/3.9 MB | 0.7/2.9 MBProgress (2): 1.7/3.9 MB | 0.7/2.9 MBProgress (2): 1.8/3.9 MB | 0.7/2.9 MBProgress (2): 1.8/3.9 MB | 0.7/2.9 MBProgress (2): 1.8/3.9 MB | 0.7/2.9 MBProgress (2): 1.8/3.9 MB | 0.7/2.9 MBProgress (2): 1.8/3.9 MB | 0.7/2.9 MBProgress (2): 1.8/3.9 MB | 0.7/2.9 MBProgress (2): 1.8/3.9 MB | 0.7/2.9 MBProgress (2): 1.8/3.9 MB | 0.7/2.9 MBProgress (2): 1.8/3.9 MB | 0.7/2.9 MBProgress (2): 1.8/3.9 MB | 0.7/2.9 MBProgress (2): 1.8/3.9 MB | 0.7/2.9 MBProgress (2): 1.8/3.9 MB | 0.7/2.9 MBProgress (2): 1.8/3.9 MB | 0.7/2.9 MBProgress (2): 1.8/3.9 MB | 0.7/2.9 MBProgress (2): 1.8/3.9 MB | 0.7/2.9 MBProgress (2): 1.8/3.9 MB | 0.7/2.9 MBProgress (2): 1.8/3.9 MB | 0.7/2.9 MBProgress (2): 1.8/3.9 MB | 0.7/2.9 MBProgress (2): 1.8/3.9 MB | 0.7/2.9 MBProgress (2): 1.8/3.9 MB | 0.7/2.9 MBProgress (2): 1.8/3.9 MB | 0.7/2.9 MBProgress (2): 1.8/3.9 MB | 0.7/2.9 MBProgress (2): 1.8/3.9 MB | 0.7/2.9 MBProgress (2): 1.8/3.9 MB | 0.7/2.9 MBProgress (2): 1.9/3.9 MB | 0.7/2.9 MBProgress (2): 1.9/3.9 MB | 0.7/2.9 MBProgress (2): 1.9/3.9 MB | 0.7/2.9 MBProgress (2): 1.9/3.9 MB | 0.7/2.9 MBProgress (2): 1.9/3.9 MB | 0.7/2.9 MBProgress (2): 1.9/3.9 MB | 0.7/2.9 MBProgress (2): 1.9/3.9 MB | 0.7/2.9 MBProgress (2): 1.9/3.9 MB | 0.7/2.9 MBProgress (2): 1.9/3.9 MB | 0.7/2.9 MBProgress (2): 1.9/3.9 MB | 0.7/2.9 MBProgress (2): 1.9/3.9 MB | 0.7/2.9 MBProgress (2): 1.9/3.9 MB | 0.7/2.9 MBProgress (2): 1.9/3.9 MB | 0.7/2.9 MBProgress (2): 1.9/3.9 MB | 0.7/2.9 MBProgress (2): 1.9/3.9 MB | 0.7/2.9 MBProgress (2): 1.9/3.9 MB | 0.7/2.9 MBProgress (2): 1.9/3.9 MB | 0.7/2.9 MBProgress (2): 1.9/3.9 MB | 0.7/2.9 MBProgress (2): 1.9/3.9 MB | 0.7/2.9 MBProgress (2): 1.9/3.9 MB | 0.7/2.9 MBProgress (2): 1.9/3.9 MB | 0.7/2.9 MBProgress (2): 1.9/3.9 MB | 0.7/2.9 MBProgress (2): 1.9/3.9 MB | 0.7/2.9 MBProgress (2): 1.9/3.9 MB | 0.7/2.9 MBProgress (2): 1.9/3.9 MB | 0.7/2.9 MBProgress (2): 2.0/3.9 MB | 0.7/2.9 MBProgress (2): 2.0/3.9 MB | 0.7/2.9 MBProgress (2): 2.0/3.9 MB | 0.7/2.9 MBProgress (2): 2.0/3.9 MB | 0.7/2.9 MBProgress (2): 2.0/3.9 MB | 0.7/2.9 MBProgress (2): 2.0/3.9 MB | 0.7/2.9 MBProgress (2): 2.0/3.9 MB | 0.7/2.9 MBProgress (2): 2.0/3.9 MB | 0.7/2.9 MBProgress (2): 2.0/3.9 MB | 0.7/2.9 MBProgress (2): 2.0/3.9 MB | 0.7/2.9 MBProgress (2): 2.0/3.9 MB | 0.7/2.9 MBProgress (2): 2.0/3.9 MB | 0.7/2.9 MBProgress (2): 2.0/3.9 MB | 0.7/2.9 MBProgress (2): 2.0/3.9 MB | 0.7/2.9 MBProgress (2): 2.0/3.9 MB | 0.7/2.9 MBProgress (2): 2.0/3.9 MB | 0.7/2.9 MBProgress (2): 2.0/3.9 MB | 0.7/2.9 MBProgress (2): 2.0/3.9 MB | 0.7/2.9 MBProgress (2): 2.0/3.9 MB | 0.7/2.9 MBProgress (2): 2.0/3.9 MB | 0.7/2.9 MBProgress (2): 2.0/3.9 MB | 0.7/2.9 MBProgress (2): 2.0/3.9 MB | 0.7/2.9 MBProgress (2): 2.0/3.9 MB | 0.7/2.9 MBProgress (2): 2.0/3.9 MB | 0.7/2.9 MBProgress (2): 2.1/3.9 MB | 0.7/2.9 MBProgress (2): 2.1/3.9 MB | 0.7/2.9 MBProgress (2): 2.1/3.9 MB | 0.7/2.9 MBProgress (2): 2.1/3.9 MB | 0.7/2.9 MBProgress (2): 2.1/3.9 MB | 0.7/2.9 MBProgress (2): 2.1/3.9 MB | 0.7/2.9 MBProgress (2): 2.1/3.9 MB | 0.7/2.9 MBProgress (2): 2.1/3.9 MB | 0.7/2.9 MBProgress (2): 2.1/3.9 MB | 0.7/2.9 MBProgress (2): 2.1/3.9 MB | 0.7/2.9 MBProgress (2): 2.1/3.9 MB | 0.7/2.9 MBProgress (2): 2.1/3.9 MB | 0.7/2.9 MBProgress (2): 2.1/3.9 MB | 0.7/2.9 MBProgress (2): 2.1/3.9 MB | 0.7/2.9 MBProgress (2): 2.1/3.9 MB | 0.7/2.9 MBProgress (2): 2.1/3.9 MB | 0.7/2.9 MBProgress (2): 2.1/3.9 MB | 0.7/2.9 MBProgress (2): 2.1/3.9 MB | 0.7/2.9 MBProgress (2): 2.1/3.9 MB | 0.7/2.9 MBProgress (2): 2.1/3.9 MB | 0.7/2.9 MBProgress (2): 2.1/3.9 MB | 0.7/2.9 MBProgress (2): 2.1/3.9 MB | 0.7/2.9 MBProgress (2): 2.1/3.9 MB | 0.7/2.9 MBProgress (2): 2.1/3.9 MB | 0.7/2.9 MBProgress (2): 2.1/3.9 MB | 0.7/2.9 MBProgress (2): 2.2/3.9 MB | 0.7/2.9 MBProgress (2): 2.2/3.9 MB | 0.7/2.9 MBProgress (2): 2.2/3.9 MB | 0.7/2.9 MBProgress (2): 2.2/3.9 MB | 0.7/2.9 MBProgress (2): 2.2/3.9 MB | 0.7/2.9 MBProgress (2): 2.2/3.9 MB | 0.7/2.9 MBProgress (2): 2.2/3.9 MB | 0.7/2.9 MBProgress (2): 2.2/3.9 MB | 0.7/2.9 MBProgress (2): 2.2/3.9 MB | 0.7/2.9 MBProgress (2): 2.2/3.9 MB | 0.7/2.9 MBProgress (2): 2.2/3.9 MB | 0.7/2.9 MBProgress (2): 2.2/3.9 MB | 0.7/2.9 MBProgress (2): 2.2/3.9 MB | 0.7/2.9 MBProgress (2): 2.2/3.9 MB | 0.7/2.9 MBProgress (2): 2.2/3.9 MB | 0.7/2.9 MBProgress (2): 2.2/3.9 MB | 0.7/2.9 MBProgress (2): 2.2/3.9 MB | 0.7/2.9 MBProgress (2): 2.2/3.9 MB | 0.7/2.9 MBProgress (2): 2.2/3.9 MB | 0.7/2.9 MBProgress (2): 2.2/3.9 MB | 0.7/2.9 MBProgress (2): 2.2/3.9 MB | 0.7/2.9 MBProgress (2): 2.2/3.9 MB | 0.7/2.9 MBProgress (2): 2.2/3.9 MB | 0.7/2.9 MBProgress (2): 2.2/3.9 MB | 0.7/2.9 MBProgress (2): 2.3/3.9 MB | 0.7/2.9 MBProgress (2): 2.3/3.9 MB | 0.7/2.9 MBProgress (2): 2.3/3.9 MB | 0.7/2.9 MBProgress (2): 2.3/3.9 MB | 0.7/2.9 MBProgress (2): 2.3/3.9 MB | 0.7/2.9 MBProgress (2): 2.3/3.9 MB | 0.7/2.9 MBProgress (2): 2.3/3.9 MB | 0.7/2.9 MBProgress (2): 2.3/3.9 MB | 0.7/2.9 MBProgress (2): 2.3/3.9 MB | 0.7/2.9 MBProgress (2): 2.3/3.9 MB | 0.7/2.9 MBProgress (2): 2.3/3.9 MB | 0.7/2.9 MBProgress (2): 2.3/3.9 MB | 0.7/2.9 MBProgress (2): 2.3/3.9 MB | 0.7/2.9 MBProgress (2): 2.3/3.9 MB | 0.7/2.9 MBProgress (2): 2.3/3.9 MB | 0.7/2.9 MBProgress (2): 2.3/3.9 MB | 0.7/2.9 MBProgress (2): 2.3/3.9 MB | 0.7/2.9 MBProgress (2): 2.3/3.9 MB | 0.7/2.9 MBProgress (2): 2.3/3.9 MB | 0.7/2.9 MBProgress (2): 2.3/3.9 MB | 0.7/2.9 MBProgress (2): 2.3/3.9 MB | 0.7/2.9 MBProgress (2): 2.3/3.9 MB | 0.7/2.9 MBProgress (2): 2.3/3.9 MB | 0.8/2.9 MBProgress (2): 2.3/3.9 MB | 0.8/2.9 MBProgress (2): 2.3/3.9 MB | 0.8/2.9 MBProgress (2): 2.3/3.9 MB | 0.8/2.9 MBProgress (2): 2.3/3.9 MB | 0.8/2.9 MBProgress (2): 2.3/3.9 MB | 0.8/2.9 MBProgress (2): 2.3/3.9 MB | 0.8/2.9 MBProgress (2): 2.3/3.9 MB | 0.8/2.9 MBProgress (2): 2.3/3.9 MB | 0.8/2.9 MBProgress (2): 2.3/3.9 MB | 0.8/2.9 MBProgress (2): 2.3/3.9 MB | 0.8/2.9 MBProgress (2): 2.3/3.9 MB | 0.8/2.9 MBProgress (2): 2.3/3.9 MB | 0.8/2.9 MBProgress (2): 2.3/3.9 MB | 0.8/2.9 MBProgress (2): 2.3/3.9 MB | 0.8/2.9 MBProgress (2): 2.3/3.9 MB | 0.8/2.9 MBProgress (2): 2.3/3.9 MB | 0.8/2.9 MBProgress (2): 2.3/3.9 MB | 0.8/2.9 MBProgress (2): 2.3/3.9 MB | 0.8/2.9 MBProgress (2): 2.3/3.9 MB | 0.8/2.9 MBProgress (2): 2.3/3.9 MB | 0.8/2.9 MBProgress (2): 2.3/3.9 MB | 0.8/2.9 MBProgress (2): 2.3/3.9 MB | 0.8/2.9 MBProgress (2): 2.3/3.9 MB | 0.8/2.9 MBProgress (2): 2.3/3.9 MB | 0.9/2.9 MBProgress (2): 2.3/3.9 MB | 0.9/2.9 MBProgress (2): 2.3/3.9 MB | 0.9/2.9 MBProgress (2): 2.3/3.9 MB | 0.9/2.9 MBProgress (2): 2.3/3.9 MB | 0.9/2.9 MBProgress (2): 2.3/3.9 MB | 0.9/2.9 MBProgress (2): 2.3/3.9 MB | 0.9/2.9 MBProgress (2): 2.3/3.9 MB | 0.9/2.9 MBProgress (2): 2.3/3.9 MB | 0.9/2.9 MBProgress (2): 2.3/3.9 MB | 0.9/2.9 MBProgress (2): 2.3/3.9 MB | 0.9/2.9 MBProgress (2): 2.3/3.9 MB | 0.9/2.9 MBProgress (2): 2.3/3.9 MB | 0.9/2.9 MBProgress (2): 2.3/3.9 MB | 0.9/2.9 MBProgress (2): 2.3/3.9 MB | 0.9/2.9 MBProgress (2): 2.3/3.9 MB | 0.9/2.9 MBProgress (2): 2.3/3.9 MB | 0.9/2.9 MBProgress (2): 2.3/3.9 MB | 0.9/2.9 MBProgress (2): 2.3/3.9 MB | 0.9/2.9 MBProgress (2): 2.3/3.9 MB | 0.9/2.9 MBProgress (2): 2.3/3.9 MB | 0.9/2.9 MBProgress (2): 2.3/3.9 MB | 0.9/2.9 MBProgress (2): 2.3/3.9 MB | 0.9/2.9 MBProgress (2): 2.3/3.9 MB | 0.9/2.9 MBProgress (2): 2.3/3.9 MB | 0.9/2.9 MBProgress (2): 2.3/3.9 MB | 1.0/2.9 MBProgress (2): 2.3/3.9 MB | 1.0/2.9 MBProgress (2): 2.3/3.9 MB | 1.0/2.9 MBProgress (2): 2.3/3.9 MB | 1.0/2.9 MBProgress (2): 2.3/3.9 MB | 1.0/2.9 MBProgress (2): 2.3/3.9 MB | 1.0/2.9 MBProgress (2): 2.3/3.9 MB | 1.0/2.9 MBProgress (2): 2.3/3.9 MB | 1.0/2.9 MBProgress (2): 2.3/3.9 MB | 1.0/2.9 MBProgress (2): 2.3/3.9 MB | 1.0/2.9 MBProgress (2): 2.3/3.9 MB | 1.0/2.9 MBProgress (2): 2.3/3.9 MB | 1.0/2.9 MBProgress (2): 2.3/3.9 MB | 1.0/2.9 MBProgress (2): 2.3/3.9 MB | 1.0/2.9 MBProgress (2): 2.3/3.9 MB | 1.0/2.9 MBProgress (2): 2.3/3.9 MB | 1.0/2.9 MBProgress (2): 2.3/3.9 MB | 1.0/2.9 MBProgress (2): 2.3/3.9 MB | 1.0/2.9 MBProgress (2): 2.3/3.9 MB | 1.0/2.9 MBProgress (2): 2.3/3.9 MB | 1.0/2.9 MBProgress (2): 2.3/3.9 MB | 1.0/2.9 MBProgress (2): 2.3/3.9 MB | 1.0/2.9 MBProgress (2): 2.3/3.9 MB | 1.0/2.9 MBProgress (2): 2.3/3.9 MB | 1.0/2.9 MBProgress (2): 2.3/3.9 MB | 1.1/2.9 MBProgress (2): 2.3/3.9 MB | 1.1/2.9 MBProgress (2): 2.3/3.9 MB | 1.1/2.9 MBProgress (2): 2.3/3.9 MB | 1.1/2.9 MBProgress (2): 2.3/3.9 MB | 1.1/2.9 MBProgress (2): 2.3/3.9 MB | 1.1/2.9 MBProgress (2): 2.3/3.9 MB | 1.1/2.9 MBProgress (2): 2.3/3.9 MB | 1.1/2.9 MBProgress (2): 2.3/3.9 MB | 1.1/2.9 MBProgress (2): 2.3/3.9 MB | 1.1/2.9 MBProgress (2): 2.3/3.9 MB | 1.1/2.9 MBProgress (2): 2.3/3.9 MB | 1.1/2.9 MBProgress (2): 2.3/3.9 MB | 1.1/2.9 MBProgress (2): 2.3/3.9 MB | 1.1/2.9 MBProgress (2): 2.3/3.9 MB | 1.1/2.9 MBProgress (2): 2.3/3.9 MB | 1.1/2.9 MBProgress (2): 2.3/3.9 MB | 1.1/2.9 MBProgress (2): 2.3/3.9 MB | 1.1/2.9 MBProgress (2): 2.3/3.9 MB | 1.1/2.9 MBProgress (2): 2.3/3.9 MB | 1.1/2.9 MBProgress (2): 2.3/3.9 MB | 1.1/2.9 MBProgress (2): 2.3/3.9 MB | 1.1/2.9 MBProgress (2): 2.3/3.9 MB | 1.1/2.9 MBProgress (2): 2.3/3.9 MB | 1.1/2.9 MBProgress (2): 2.3/3.9 MB | 1.2/2.9 MBProgress (2): 2.3/3.9 MB | 1.2/2.9 MBProgress (2): 2.3/3.9 MB | 1.2/2.9 MBProgress (2): 2.3/3.9 MB | 1.2/2.9 MBProgress (2): 2.3/3.9 MB | 1.2/2.9 MBProgress (2): 2.3/3.9 MB | 1.2/2.9 MBProgress (2): 2.3/3.9 MB | 1.2/2.9 MBProgress (2): 2.3/3.9 MB | 1.2/2.9 MBProgress (2): 2.3/3.9 MB | 1.2/2.9 MBProgress (2): 2.3/3.9 MB | 1.2/2.9 MBProgress (2): 2.3/3.9 MB | 1.2/2.9 MBProgress (2): 2.3/3.9 MB | 1.2/2.9 MBProgress (2): 2.3/3.9 MB | 1.2/2.9 MBProgress (2): 2.4/3.9 MB | 1.2/2.9 MBProgress (2): 2.4/3.9 MB | 1.2/2.9 MBProgress (2): 2.4/3.9 MB | 1.2/2.9 MBProgress (2): 2.4/3.9 MB | 1.2/2.9 MBProgress (2): 2.4/3.9 MB | 1.2/2.9 MBProgress (2): 2.4/3.9 MB | 1.2/2.9 MBProgress (2): 2.4/3.9 MB | 1.2/2.9 MBProgress (2): 2.4/3.9 MB | 1.2/2.9 MBProgress (2): 2.4/3.9 MB | 1.2/2.9 MBProgress (2): 2.4/3.9 MB | 1.2/2.9 MBProgress (2): 2.4/3.9 MB | 1.2/2.9 MBProgress (2): 2.4/3.9 MB | 1.2/2.9 MBProgress (2): 2.4/3.9 MB | 1.2/2.9 MBProgress (2): 2.4/3.9 MB | 1.2/2.9 MBProgress (2): 2.4/3.9 MB | 1.2/2.9 MBProgress (2): 2.4/3.9 MB | 1.2/2.9 MBProgress (2): 2.4/3.9 MB | 1.2/2.9 MBProgress (2): 2.4/3.9 MB | 1.2/2.9 MBProgress (2): 2.4/3.9 MB | 1.2/2.9 MBProgress (2): 2.4/3.9 MB | 1.2/2.9 MBProgress (2): 2.4/3.9 MB | 1.2/2.9 MBProgress (2): 2.4/3.9 MB | 1.2/2.9 MBProgress (2): 2.4/3.9 MB | 1.2/2.9 MBProgress (2): 2.4/3.9 MB | 1.2/2.9 MBProgress (2): 2.4/3.9 MB | 1.2/2.9 MBProgress (2): 2.5/3.9 MB | 1.2/2.9 MBProgress (2): 2.5/3.9 MB | 1.2/2.9 MBProgress (2): 2.5/3.9 MB | 1.2/2.9 MBProgress (2): 2.5/3.9 MB | 1.2/2.9 MBProgress (2): 2.5/3.9 MB | 1.2/2.9 MBProgress (2): 2.5/3.9 MB | 1.2/2.9 MBProgress (2): 2.5/3.9 MB | 1.2/2.9 MBProgress (2): 2.5/3.9 MB | 1.2/2.9 MBProgress (2): 2.5/3.9 MB | 1.2/2.9 MBProgress (2): 2.5/3.9 MB | 1.2/2.9 MBProgress (2): 2.5/3.9 MB | 1.2/2.9 MBProgress (2): 2.5/3.9 MB | 1.2/2.9 MBProgress (2): 2.5/3.9 MB | 1.2/2.9 MBProgress (2): 2.5/3.9 MB | 1.2/2.9 MBProgress (2): 2.5/3.9 MB | 1.2/2.9 MBProgress (2): 2.5/3.9 MB | 1.2/2.9 MBProgress (2): 2.5/3.9 MB | 1.2/2.9 MBProgress (2): 2.5/3.9 MB | 1.2/2.9 MBProgress (2): 2.5/3.9 MB | 1.2/2.9 MBProgress (2): 2.5/3.9 MB | 1.2/2.9 MBProgress (2): 2.5/3.9 MB | 1.2/2.9 MBProgress (2): 2.5/3.9 MB | 1.2/2.9 MBProgress (2): 2.5/3.9 MB | 1.2/2.9 MBProgress (2): 2.5/3.9 MB | 1.2/2.9 MBProgress (2): 2.6/3.9 MB | 1.2/2.9 MBProgress (2): 2.6/3.9 MB | 1.2/2.9 MBProgress (2): 2.6/3.9 MB | 1.2/2.9 MBProgress (2): 2.6/3.9 MB | 1.2/2.9 MBProgress (2): 2.6/3.9 MB | 1.2/2.9 MBProgress (2): 2.6/3.9 MB | 1.2/2.9 MBProgress (2): 2.6/3.9 MB | 1.2/2.9 MBProgress (2): 2.6/3.9 MB | 1.2/2.9 MBProgress (2): 2.6/3.9 MB | 1.2/2.9 MBProgress (2): 2.6/3.9 MB | 1.2/2.9 MBProgress (2): 2.6/3.9 MB | 1.2/2.9 MBProgress (2): 2.6/3.9 MB | 1.2/2.9 MBProgress (2): 2.6/3.9 MB | 1.2/2.9 MBProgress (2): 2.6/3.9 MB | 1.2/2.9 MBProgress (2): 2.6/3.9 MB | 1.2/2.9 MBProgress (2): 2.6/3.9 MB | 1.2/2.9 MBProgress (2): 2.6/3.9 MB | 1.2/2.9 MBProgress (2): 2.6/3.9 MB | 1.2/2.9 MBProgress (2): 2.6/3.9 MB | 1.2/2.9 MBProgress (2): 2.6/3.9 MB | 1.2/2.9 MBProgress (2): 2.6/3.9 MB | 1.2/2.9 MBProgress (2): 2.6/3.9 MB | 1.2/2.9 MBProgress (2): 2.6/3.9 MB | 1.2/2.9 MBProgress (2): 2.6/3.9 MB | 1.2/2.9 MBProgress (2): 2.6/3.9 MB | 1.2/2.9 MBProgress (2): 2.7/3.9 MB | 1.2/2.9 MBProgress (2): 2.7/3.9 MB | 1.2/2.9 MBProgress (2): 2.7/3.9 MB | 1.2/2.9 MBProgress (2): 2.7/3.9 MB | 1.2/2.9 MBProgress (2): 2.7/3.9 MB | 1.2/2.9 MBProgress (2): 2.7/3.9 MB | 1.2/2.9 MBProgress (2): 2.7/3.9 MB | 1.2/2.9 MBProgress (2): 2.7/3.9 MB | 1.2/2.9 MBProgress (2): 2.7/3.9 MB | 1.2/2.9 MBProgress (2): 2.7/3.9 MB | 1.2/2.9 MBProgress (2): 2.7/3.9 MB | 1.2/2.9 MBProgress (2): 2.7/3.9 MB | 1.2/2.9 MBProgress (2): 2.7/3.9 MB | 1.2/2.9 MBProgress (2): 2.7/3.9 MB | 1.2/2.9 MBProgress (2): 2.7/3.9 MB | 1.2/2.9 MBProgress (2): 2.7/3.9 MB | 1.2/2.9 MBProgress (2): 2.7/3.9 MB | 1.2/2.9 MBProgress (2): 2.7/3.9 MB | 1.2/2.9 MBProgress (2): 2.7/3.9 MB | 1.2/2.9 MBProgress (2): 2.7/3.9 MB | 1.2/2.9 MBProgress (2): 2.7/3.9 MB | 1.2/2.9 MBProgress (2): 2.7/3.9 MB | 1.2/2.9 MBProgress (2): 2.7/3.9 MB | 1.2/2.9 MBProgress (2): 2.7/3.9 MB | 1.2/2.9 MBProgress (2): 2.8/3.9 MB | 1.2/2.9 MBProgress (2): 2.8/3.9 MB | 1.2/2.9 MBProgress (2): 2.8/3.9 MB | 1.2/2.9 MBProgress (2): 2.8/3.9 MB | 1.2/2.9 MBProgress (2): 2.8/3.9 MB | 1.2/2.9 MBProgress (2): 2.8/3.9 MB | 1.2/2.9 MBProgress (2): 2.8/3.9 MB | 1.2/2.9 MBProgress (2): 2.8/3.9 MB | 1.2/2.9 MBProgress (2): 2.8/3.9 MB | 1.2/2.9 MBProgress (2): 2.8/3.9 MB | 1.2/2.9 MBProgress (2): 2.8/3.9 MB | 1.2/2.9 MBProgress (2): 2.8/3.9 MB | 1.2/2.9 MBProgress (2): 2.8/3.9 MB | 1.2/2.9 MBProgress (2): 2.8/3.9 MB | 1.2/2.9 MBProgress (2): 2.8/3.9 MB | 1.2/2.9 MBProgress (2): 2.8/3.9 MB | 1.2/2.9 MBProgress (2): 2.8/3.9 MB | 1.2/2.9 MBProgress (2): 2.8/3.9 MB | 1.2/2.9 MBProgress (2): 2.8/3.9 MB | 1.2/2.9 MBProgress (2): 2.8/3.9 MB | 1.2/2.9 MBProgress (2): 2.8/3.9 MB | 1.2/2.9 MBProgress (2): 2.8/3.9 MB | 1.2/2.9 MBProgress (2): 2.8/3.9 MB | 1.2/2.9 MBProgress (2): 2.8/3.9 MB | 1.2/2.9 MBProgress (2): 2.9/3.9 MB | 1.2/2.9 MBProgress (2): 2.9/3.9 MB | 1.2/2.9 MBProgress (2): 2.9/3.9 MB | 1.2/2.9 MBProgress (2): 2.9/3.9 MB | 1.2/2.9 MBProgress (2): 2.9/3.9 MB | 1.2/2.9 MBProgress (2): 2.9/3.9 MB | 1.2/2.9 MBProgress (2): 2.9/3.9 MB | 1.2/2.9 MBProgress (2): 2.9/3.9 MB | 1.2/2.9 MBProgress (2): 2.9/3.9 MB | 1.2/2.9 MBProgress (2): 2.9/3.9 MB | 1.2/2.9 MBProgress (2): 2.9/3.9 MB | 1.2/2.9 MBProgress (2): 2.9/3.9 MB | 1.2/2.9 MBProgress (2): 2.9/3.9 MB | 1.2/2.9 MBProgress (2): 2.9/3.9 MB | 1.2/2.9 MBProgress (2): 2.9/3.9 MB | 1.2/2.9 MBProgress (2): 2.9/3.9 MB | 1.2/2.9 MBProgress (2): 2.9/3.9 MB | 1.2/2.9 MBProgress (2): 2.9/3.9 MB | 1.2/2.9 MBProgress (2): 2.9/3.9 MB | 1.2/2.9 MBProgress (2): 2.9/3.9 MB | 1.2/2.9 MBProgress (2): 2.9/3.9 MB | 1.2/2.9 MBProgress (2): 2.9/3.9 MB | 1.2/2.9 MBProgress (2): 2.9/3.9 MB | 1.2/2.9 MBProgress (2): 2.9/3.9 MB | 1.2/2.9 MBProgress (2): 2.9/3.9 MB | 1.2/2.9 MBProgress (2): 2.9/3.9 MB | 1.2/2.9 MBProgress (2): 2.9/3.9 MB | 1.2/2.9 MBProgress (2): 2.9/3.9 MB | 1.2/2.9 MBProgress (2): 2.9/3.9 MB | 1.2/2.9 MBProgress (2): 2.9/3.9 MB | 1.2/2.9 MBProgress (2): 2.9/3.9 MB | 1.2/2.9 MBProgress (2): 2.9/3.9 MB | 1.2/2.9 MBProgress (2): 2.9/3.9 MB | 1.2/2.9 MBProgress (2): 2.9/3.9 MB | 1.2/2.9 MBProgress (2): 2.9/3.9 MB | 1.2/2.9 MBProgress (2): 2.9/3.9 MB | 1.2/2.9 MBProgress (2): 2.9/3.9 MB | 1.2/2.9 MBProgress (2): 2.9/3.9 MB | 1.2/2.9 MBProgress (2): 2.9/3.9 MB | 1.2/2.9 MBProgress (2): 2.9/3.9 MB | 1.2/2.9 MBProgress (2): 2.9/3.9 MB | 1.2/2.9 MBProgress (2): 2.9/3.9 MB | 1.2/2.9 MBProgress (2): 2.9/3.9 MB | 1.3/2.9 MBProgress (2): 2.9/3.9 MB | 1.3/2.9 MBProgress (2): 2.9/3.9 MB | 1.3/2.9 MBProgress (2): 2.9/3.9 MB | 1.3/2.9 MBProgress (2): 2.9/3.9 MB | 1.3/2.9 MBProgress (2): 2.9/3.9 MB | 1.3/2.9 MBProgress (2): 2.9/3.9 MB | 1.3/2.9 MBProgress (2): 2.9/3.9 MB | 1.3/2.9 MBProgress (2): 2.9/3.9 MB | 1.3/2.9 MBProgress (2): 2.9/3.9 MB | 1.3/2.9 MBProgress (2): 2.9/3.9 MB | 1.3/2.9 MBProgress (2): 2.9/3.9 MB | 1.3/2.9 MBProgress (2): 2.9/3.9 MB | 1.3/2.9 MBProgress (2): 2.9/3.9 MB | 1.3/2.9 MBProgress (2): 2.9/3.9 MB | 1.3/2.9 MBProgress (2): 2.9/3.9 MB | 1.3/2.9 MBProgress (2): 2.9/3.9 MB | 1.3/2.9 MBProgress (2): 2.9/3.9 MB | 1.3/2.9 MBProgress (2): 2.9/3.9 MB | 1.3/2.9 MBProgress (2): 2.9/3.9 MB | 1.3/2.9 MBProgress (2): 2.9/3.9 MB | 1.3/2.9 MBProgress (2): 2.9/3.9 MB | 1.3/2.9 MBProgress (2): 2.9/3.9 MB | 1.3/2.9 MBProgress (2): 2.9/3.9 MB | 1.3/2.9 MBProgress (2): 2.9/3.9 MB | 1.4/2.9 MBProgress (2): 2.9/3.9 MB | 1.4/2.9 MBProgress (2): 2.9/3.9 MB | 1.4/2.9 MBProgress (2): 2.9/3.9 MB | 1.4/2.9 MBProgress (2): 2.9/3.9 MB | 1.4/2.9 MBProgress (2): 2.9/3.9 MB | 1.4/2.9 MBProgress (2): 2.9/3.9 MB | 1.4/2.9 MBProgress (2): 2.9/3.9 MB | 1.4/2.9 MBProgress (2): 2.9/3.9 MB | 1.4/2.9 MBProgress (2): 2.9/3.9 MB | 1.4/2.9 MBProgress (2): 2.9/3.9 MB | 1.4/2.9 MBProgress (2): 2.9/3.9 MB | 1.4/2.9 MBProgress (2): 2.9/3.9 MB | 1.4/2.9 MBProgress (2): 2.9/3.9 MB | 1.4/2.9 MBProgress (2): 2.9/3.9 MB | 1.4/2.9 MBProgress (2): 2.9/3.9 MB | 1.4/2.9 MBProgress (2): 2.9/3.9 MB | 1.4/2.9 MBProgress (2): 2.9/3.9 MB | 1.4/2.9 MBProgress (2): 2.9/3.9 MB | 1.4/2.9 MBProgress (2): 2.9/3.9 MB | 1.4/2.9 MBProgress (2): 2.9/3.9 MB | 1.4/2.9 MBProgress (2): 2.9/3.9 MB | 1.4/2.9 MBProgress (2): 2.9/3.9 MB | 1.4/2.9 MBProgress (2): 2.9/3.9 MB | 1.4/2.9 MBProgress (2): 2.9/3.9 MB | 1.4/2.9 MBProgress (2): 2.9/3.9 MB | 1.5/2.9 MBProgress (2): 2.9/3.9 MB | 1.5/2.9 MBProgress (2): 2.9/3.9 MB | 1.5/2.9 MBProgress (2): 2.9/3.9 MB | 1.5/2.9 MBProgress (2): 2.9/3.9 MB | 1.5/2.9 MBProgress (2): 2.9/3.9 MB | 1.5/2.9 MBProgress (2): 2.9/3.9 MB | 1.5/2.9 MBProgress (2): 2.9/3.9 MB | 1.5/2.9 MBProgress (2): 2.9/3.9 MB | 1.5/2.9 MBProgress (2): 2.9/3.9 MB | 1.5/2.9 MBProgress (2): 2.9/3.9 MB | 1.5/2.9 MBProgress (2): 2.9/3.9 MB | 1.5/2.9 MBProgress (2): 2.9/3.9 MB | 1.5/2.9 MBProgress (2): 2.9/3.9 MB | 1.5/2.9 MBProgress (2): 2.9/3.9 MB | 1.5/2.9 MBProgress (2): 2.9/3.9 MB | 1.5/2.9 MBProgress (2): 2.9/3.9 MB | 1.5/2.9 MBProgress (2): 2.9/3.9 MB | 1.5/2.9 MBProgress (2): 2.9/3.9 MB | 1.5/2.9 MBProgress (2): 2.9/3.9 MB | 1.5/2.9 MBProgress (2): 2.9/3.9 MB | 1.5/2.9 MBProgress (2): 2.9/3.9 MB | 1.5/2.9 MBProgress (2): 3.0/3.9 MB | 1.5/2.9 MBProgress (2): 3.0/3.9 MB | 1.5/2.9 MBProgress (2): 3.0/3.9 MB | 1.5/2.9 MBProgress (2): 3.0/3.9 MB | 1.5/2.9 MBProgress (2): 3.0/3.9 MB | 1.5/2.9 MBProgress (2): 3.0/3.9 MB | 1.5/2.9 MBProgress (2): 3.0/3.9 MB | 1.5/2.9 MBProgress (2): 3.0/3.9 MB | 1.5/2.9 MBProgress (2): 3.0/3.9 MB | 1.5/2.9 MBProgress (2): 3.0/3.9 MB | 1.5/2.9 MBProgress (2): 3.0/3.9 MB | 1.5/2.9 MBProgress (2): 3.0/3.9 MB | 1.5/2.9 MBProgress (2): 3.0/3.9 MB | 1.5/2.9 MBProgress (2): 3.0/3.9 MB | 1.5/2.9 MBProgress (2): 3.0/3.9 MB | 1.5/2.9 MBProgress (2): 3.0/3.9 MB | 1.5/2.9 MBProgress (2): 3.0/3.9 MB | 1.5/2.9 MBProgress (2): 3.0/3.9 MB | 1.5/2.9 MBProgress (2): 3.0/3.9 MB | 1.5/2.9 MBProgress (2): 3.0/3.9 MB | 1.5/2.9 MBProgress (2): 3.0/3.9 MB | 1.5/2.9 MBProgress (2): 3.0/3.9 MB | 1.5/2.9 MBProgress (2): 3.0/3.9 MB | 1.5/2.9 MBProgress (2): 3.0/3.9 MB | 1.5/2.9 MBProgress (2): 3.1/3.9 MB | 1.5/2.9 MBProgress (2): 3.1/3.9 MB | 1.5/2.9 MBProgress (2): 3.1/3.9 MB | 1.5/2.9 MBProgress (2): 3.1/3.9 MB | 1.5/2.9 MBProgress (2): 3.1/3.9 MB | 1.5/2.9 MBProgress (2): 3.1/3.9 MB | 1.5/2.9 MBProgress (2): 3.1/3.9 MB | 1.5/2.9 MBProgress (2): 3.1/3.9 MB | 1.5/2.9 MBProgress (2): 3.1/3.9 MB | 1.5/2.9 MBProgress (2): 3.1/3.9 MB | 1.5/2.9 MBProgress (2): 3.1/3.9 MB | 1.5/2.9 MBProgress (2): 3.1/3.9 MB | 1.5/2.9 MBProgress (2): 3.1/3.9 MB | 1.5/2.9 MBProgress (2): 3.1/3.9 MB | 1.5/2.9 MBProgress (2): 3.1/3.9 MB | 1.5/2.9 MBProgress (2): 3.1/3.9 MB | 1.5/2.9 MBProgress (2): 3.1/3.9 MB | 1.5/2.9 MBProgress (2): 3.1/3.9 MB | 1.5/2.9 MBProgress (2): 3.1/3.9 MB | 1.5/2.9 MBProgress (2): 3.1/3.9 MB | 1.5/2.9 MBProgress (2): 3.1/3.9 MB | 1.5/2.9 MBProgress (2): 3.1/3.9 MB | 1.5/2.9 MBProgress (2): 3.1/3.9 MB | 1.5/2.9 MBProgress (2): 3.1/3.9 MB | 1.5/2.9 MBProgress (2): 3.1/3.9 MB | 1.5/2.9 MBProgress (2): 3.2/3.9 MB | 1.5/2.9 MBProgress (2): 3.2/3.9 MB | 1.5/2.9 MBProgress (2): 3.2/3.9 MB | 1.5/2.9 MBProgress (2): 3.2/3.9 MB | 1.5/2.9 MBProgress (2): 3.2/3.9 MB | 1.5/2.9 MBProgress (2): 3.2/3.9 MB | 1.5/2.9 MBProgress (2): 3.2/3.9 MB | 1.5/2.9 MBProgress (2): 3.2/3.9 MB | 1.5/2.9 MBProgress (2): 3.2/3.9 MB | 1.5/2.9 MBProgress (2): 3.2/3.9 MB | 1.5/2.9 MBProgress (2): 3.2/3.9 MB | 1.5/2.9 MBProgress (2): 3.2/3.9 MB | 1.5/2.9 MBProgress (2): 3.2/3.9 MB | 1.5/2.9 MBProgress (2): 3.2/3.9 MB | 1.5/2.9 MBProgress (2): 3.2/3.9 MB | 1.5/2.9 MBProgress (2): 3.2/3.9 MB | 1.5/2.9 MBProgress (2): 3.2/3.9 MB | 1.5/2.9 MBProgress (2): 3.2/3.9 MB | 1.5/2.9 MBProgress (2): 3.2/3.9 MB | 1.5/2.9 MBProgress (2): 3.2/3.9 MB | 1.5/2.9 MBProgress (2): 3.2/3.9 MB | 1.5/2.9 MBProgress (2): 3.2/3.9 MB | 1.5/2.9 MBProgress (2): 3.2/3.9 MB | 1.5/2.9 MBProgress (2): 3.2/3.9 MB | 1.5/2.9 MBProgress (2): 3.3/3.9 MB | 1.5/2.9 MBProgress (2): 3.3/3.9 MB | 1.5/2.9 MBProgress (2): 3.3/3.9 MB | 1.5/2.9 MBProgress (2): 3.3/3.9 MB | 1.5/2.9 MBProgress (2): 3.3/3.9 MB | 1.5/2.9 MBProgress (2): 3.3/3.9 MB | 1.5/2.9 MBProgress (2): 3.3/3.9 MB | 1.5/2.9 MBProgress (2): 3.3/3.9 MB | 1.5/2.9 MBProgress (2): 3.3/3.9 MB | 1.5/2.9 MBProgress (2): 3.3/3.9 MB | 1.5/2.9 MBProgress (2): 3.3/3.9 MB | 1.5/2.9 MBProgress (2): 3.3/3.9 MB | 1.5/2.9 MBProgress (2): 3.3/3.9 MB | 1.5/2.9 MBProgress (2): 3.3/3.9 MB | 1.5/2.9 MBProgress (2): 3.3/3.9 MB | 1.5/2.9 MBProgress (2): 3.3/3.9 MB | 1.5/2.9 MBProgress (2): 3.3/3.9 MB | 1.5/2.9 MBProgress (2): 3.3/3.9 MB | 1.5/2.9 MBProgress (2): 3.3/3.9 MB | 1.5/2.9 MBProgress (2): 3.3/3.9 MB | 1.5/2.9 MBProgress (2): 3.3/3.9 MB | 1.5/2.9 MBProgress (2): 3.3/3.9 MB | 1.5/2.9 MBProgress (2): 3.3/3.9 MB | 1.5/2.9 MBProgress (2): 3.3/3.9 MB | 1.5/2.9 MBProgress (2): 3.3/3.9 MB | 1.5/2.9 MBProgress (2): 3.4/3.9 MB | 1.5/2.9 MBProgress (2): 3.4/3.9 MB | 1.5/2.9 MBProgress (2): 3.4/3.9 MB | 1.5/2.9 MBProgress (2): 3.4/3.9 MB | 1.5/2.9 MBProgress (2): 3.4/3.9 MB | 1.5/2.9 MBProgress (2): 3.4/3.9 MB | 1.5/2.9 MBProgress (2): 3.4/3.9 MB | 1.5/2.9 MBProgress (2): 3.4/3.9 MB | 1.5/2.9 MBProgress (2): 3.4/3.9 MB | 1.5/2.9 MBProgress (2): 3.4/3.9 MB | 1.5/2.9 MBProgress (2): 3.4/3.9 MB | 1.5/2.9 MBProgress (2): 3.4/3.9 MB | 1.5/2.9 MBProgress (2): 3.4/3.9 MB | 1.5/2.9 MBProgress (2): 3.4/3.9 MB | 1.5/2.9 MBProgress (2): 3.4/3.9 MB | 1.5/2.9 MBProgress (2): 3.4/3.9 MB | 1.5/2.9 MBProgress (2): 3.4/3.9 MB | 1.5/2.9 MBProgress (2): 3.4/3.9 MB | 1.5/2.9 MBProgress (2): 3.4/3.9 MB | 1.5/2.9 MBProgress (2): 3.4/3.9 MB | 1.5/2.9 MBProgress (2): 3.4/3.9 MB | 1.5/2.9 MBProgress (2): 3.4/3.9 MB | 1.5/2.9 MBProgress (2): 3.4/3.9 MB | 1.5/2.9 MBProgress (2): 3.4/3.9 MB | 1.5/2.9 MBProgress (2): 3.5/3.9 MB | 1.5/2.9 MBProgress (2): 3.5/3.9 MB | 1.5/2.9 MBProgress (2): 3.5/3.9 MB | 1.5/2.9 MBProgress (2): 3.5/3.9 MB | 1.5/2.9 MBProgress (2): 3.5/3.9 MB | 1.5/2.9 MBProgress (2): 3.5/3.9 MB | 1.5/2.9 MBProgress (2): 3.5/3.9 MB | 1.5/2.9 MBProgress (2): 3.5/3.9 MB | 1.5/2.9 MBProgress (2): 3.5/3.9 MB | 1.5/2.9 MBProgress (2): 3.5/3.9 MB | 1.5/2.9 MBProgress (2): 3.5/3.9 MB | 1.5/2.9 MBProgress (2): 3.5/3.9 MB | 1.5/2.9 MBProgress (2): 3.5/3.9 MB | 1.5/2.9 MBProgress (2): 3.5/3.9 MB | 1.5/2.9 MBProgress (2): 3.5/3.9 MB | 1.5/2.9 MBProgress (2): 3.5/3.9 MB | 1.5/2.9 MBProgress (2): 3.5/3.9 MB | 1.5/2.9 MBProgress (2): 3.5/3.9 MB | 1.5/2.9 MBProgress (2): 3.5/3.9 MB | 1.5/2.9 MBProgress (2): 3.5/3.9 MB | 1.5/2.9 MBProgress (2): 3.5/3.9 MB | 1.5/2.9 MBProgress (2): 3.5/3.9 MB | 1.5/2.9 MBProgress (2): 3.5/3.9 MB | 1.5/2.9 MBProgress (2): 3.5/3.9 MB | 1.5/2.9 MBProgress (2): 3.6/3.9 MB | 1.5/2.9 MBProgress (2): 3.6/3.9 MB | 1.5/2.9 MBProgress (2): 3.6/3.9 MB | 1.5/2.9 MBProgress (2): 3.6/3.9 MB | 1.5/2.9 MBProgress (2): 3.6/3.9 MB | 1.5/2.9 MBProgress (2): 3.6/3.9 MB | 1.5/2.9 MBProgress (2): 3.6/3.9 MB | 1.5/2.9 MBProgress (2): 3.6/3.9 MB | 1.5/2.9 MBProgress (2): 3.6/3.9 MB | 1.5/2.9 MBProgress (2): 3.6/3.9 MB | 1.5/2.9 MBProgress (2): 3.6/3.9 MB | 1.5/2.9 MBProgress (2): 3.6/3.9 MB | 1.5/2.9 MBProgress (2): 3.6/3.9 MB | 1.6/2.9 MBProgress (2): 3.6/3.9 MB | 1.6/2.9 MBProgress (2): 3.6/3.9 MB | 1.6/2.9 MBProgress (2): 3.6/3.9 MB | 1.6/2.9 MBProgress (2): 3.6/3.9 MB | 1.6/2.9 MBProgress (2): 3.6/3.9 MB | 1.6/2.9 MBProgress (2): 3.6/3.9 MB | 1.6/2.9 MBProgress (2): 3.6/3.9 MB | 1.6/2.9 MBProgress (2): 3.6/3.9 MB | 1.6/2.9 MBProgress (2): 3.6/3.9 MB | 1.6/2.9 MBProgress (2): 3.6/3.9 MB | 1.6/2.9 MBProgress (2): 3.6/3.9 MB | 1.6/2.9 MBProgress (2): 3.6/3.9 MB | 1.6/2.9 MBProgress (2): 3.6/3.9 MB | 1.6/2.9 MBProgress (2): 3.6/3.9 MB | 1.6/2.9 MBProgress (2): 3.6/3.9 MB | 1.6/2.9 MBProgress (2): 3.6/3.9 MB | 1.6/2.9 MBProgress (2): 3.6/3.9 MB | 1.6/2.9 MBProgress (2): 3.6/3.9 MB | 1.6/2.9 MBProgress (2): 3.6/3.9 MB | 1.6/2.9 MBProgress (2): 3.6/3.9 MB | 1.6/2.9 MBProgress (2): 3.6/3.9 MB | 1.6/2.9 MBProgress (2): 3.6/3.9 MB | 1.6/2.9 MBProgress (2): 3.6/3.9 MB | 1.6/2.9 MBProgress (2): 3.6/3.9 MB | 1.7/2.9 MBProgress (2): 3.6/3.9 MB | 1.7/2.9 MBProgress (2): 3.6/3.9 MB | 1.7/2.9 MBProgress (2): 3.6/3.9 MB | 1.7/2.9 MBProgress (2): 3.6/3.9 MB | 1.7/2.9 MBProgress (2): 3.6/3.9 MB | 1.7/2.9 MBProgress (2): 3.6/3.9 MB | 1.7/2.9 MBProgress (2): 3.6/3.9 MB | 1.7/2.9 MBProgress (2): 3.6/3.9 MB | 1.7/2.9 MBProgress (2): 3.6/3.9 MB | 1.7/2.9 MBProgress (2): 3.6/3.9 MB | 1.7/2.9 MBProgress (2): 3.6/3.9 MB | 1.7/2.9 MBProgress (2): 3.6/3.9 MB | 1.7/2.9 MBProgress (2): 3.6/3.9 MB | 1.7/2.9 MBProgress (2): 3.6/3.9 MB | 1.7/2.9 MBProgress (2): 3.6/3.9 MB | 1.7/2.9 MBProgress (2): 3.6/3.9 MB | 1.7/2.9 MBProgress (2): 3.6/3.9 MB | 1.7/2.9 MBProgress (2): 3.6/3.9 MB | 1.7/2.9 MBProgress (2): 3.6/3.9 MB | 1.7/2.9 MBProgress (2): 3.6/3.9 MB | 1.7/2.9 MBProgress (2): 3.6/3.9 MB | 1.7/2.9 MBProgress (2): 3.6/3.9 MB | 1.7/2.9 MBProgress (2): 3.6/3.9 MB | 1.7/2.9 MBProgress (2): 3.6/3.9 MB | 1.7/2.9 MBProgress (2): 3.6/3.9 MB | 1.8/2.9 MBProgress (2): 3.6/3.9 MB | 1.8/2.9 MBProgress (2): 3.6/3.9 MB | 1.8/2.9 MBProgress (2): 3.6/3.9 MB | 1.8/2.9 MBProgress (2): 3.6/3.9 MB | 1.8/2.9 MBProgress (2): 3.6/3.9 MB | 1.8/2.9 MBProgress (2): 3.6/3.9 MB | 1.8/2.9 MBProgress (2): 3.6/3.9 MB | 1.8/2.9 MBProgress (2): 3.6/3.9 MB | 1.8/2.9 MBProgress (2): 3.6/3.9 MB | 1.8/2.9 MBProgress (2): 3.6/3.9 MB | 1.8/2.9 MBProgress (2): 3.6/3.9 MB | 1.8/2.9 MBProgress (2): 3.6/3.9 MB | 1.8/2.9 MBProgress (2): 3.6/3.9 MB | 1.8/2.9 MBProgress (2): 3.6/3.9 MB | 1.8/2.9 MBProgress (2): 3.6/3.9 MB | 1.8/2.9 MBProgress (2): 3.6/3.9 MB | 1.8/2.9 MBProgress (2): 3.6/3.9 MB | 1.8/2.9 MBProgress (2): 3.6/3.9 MB | 1.8/2.9 MBProgress (2): 3.6/3.9 MB | 1.8/2.9 MBProgress (2): 3.6/3.9 MB | 1.8/2.9 MBProgress (2): 3.6/3.9 MB | 1.8/2.9 MBProgress (2): 3.6/3.9 MB | 1.8/2.9 MBProgress (2): 3.6/3.9 MB | 1.8/2.9 MBProgress (2): 3.6/3.9 MB | 1.9/2.9 MBProgress (2): 3.6/3.9 MB | 1.9/2.9 MBProgress (2): 3.6/3.9 MB | 1.9/2.9 MBProgress (2): 3.6/3.9 MB | 1.9/2.9 MBProgress (2): 3.6/3.9 MB | 1.9/2.9 MBProgress (2): 3.6/3.9 MB | 1.9/2.9 MBProgress (2): 3.6/3.9 MB | 1.9/2.9 MBProgress (2): 3.6/3.9 MB | 1.9/2.9 MBProgress (2): 3.6/3.9 MB | 1.9/2.9 MBProgress (2): 3.6/3.9 MB | 1.9/2.9 MBProgress (2): 3.6/3.9 MB | 1.9/2.9 MBProgress (2): 3.6/3.9 MB | 1.9/2.9 MBProgress (2): 3.6/3.9 MB | 1.9/2.9 MBProgress (2): 3.6/3.9 MB | 1.9/2.9 MBProgress (2): 3.6/3.9 MB | 1.9/2.9 MBProgress (2): 3.6/3.9 MB | 1.9/2.9 MBProgress (2): 3.6/3.9 MB | 1.9/2.9 MBProgress (2): 3.6/3.9 MB | 1.9/2.9 MBProgress (2): 3.6/3.9 MB | 1.9/2.9 MBProgress (2): 3.6/3.9 MB | 1.9/2.9 MBProgress (2): 3.6/3.9 MB | 1.9/2.9 MBProgress (2): 3.6/3.9 MB | 1.9/2.9 MBProgress (2): 3.6/3.9 MB | 1.9/2.9 MBProgress (2): 3.6/3.9 MB | 1.9/2.9 MBProgress (2): 3.6/3.9 MB | 1.9/2.9 MBProgress (2): 3.6/3.9 MB | 2.0/2.9 MBProgress (2): 3.6/3.9 MB | 2.0/2.9 MBProgress (2): 3.6/3.9 MB | 2.0/2.9 MBProgress (2): 3.6/3.9 MB | 2.0/2.9 MBProgress (2): 3.6/3.9 MB | 2.0/2.9 MBProgress (2): 3.6/3.9 MB | 2.0/2.9 MBProgress (2): 3.6/3.9 MB | 2.0/2.9 MBProgress (2): 3.6/3.9 MB | 2.0/2.9 MBProgress (2): 3.6/3.9 MB | 2.0/2.9 MBProgress (2): 3.6/3.9 MB | 2.0/2.9 MBProgress (2): 3.6/3.9 MB | 2.0/2.9 MBProgress (2): 3.6/3.9 MB | 2.0/2.9 MBProgress (2): 3.6/3.9 MB | 2.0/2.9 MBProgress (2): 3.6/3.9 MB | 2.0/2.9 MBProgress (2): 3.6/3.9 MB | 2.0/2.9 MBProgress (2): 3.6/3.9 MB | 2.0/2.9 MBProgress (2): 3.6/3.9 MB | 2.0/2.9 MBProgress (2): 3.6/3.9 MB | 2.0/2.9 MBProgress (2): 3.6/3.9 MB | 2.0/2.9 MBProgress (2): 3.6/3.9 MB | 2.0/2.9 MBProgress (2): 3.6/3.9 MB | 2.0/2.9 MBProgress (2): 3.6/3.9 MB | 2.0/2.9 MBProgress (2): 3.6/3.9 MB | 2.0/2.9 MBProgress (2): 3.6/3.9 MB | 2.0/2.9 MBProgress (2): 3.6/3.9 MB | 2.1/2.9 MBProgress (2): 3.6/3.9 MB | 2.1/2.9 MBProgress (2): 3.6/3.9 MB | 2.1/2.9 MBProgress (2): 3.6/3.9 MB | 2.1/2.9 MBProgress (2): 3.6/3.9 MB | 2.1/2.9 MBProgress (2): 3.6/3.9 MB | 2.1/2.9 MBProgress (2): 3.6/3.9 MB | 2.1/2.9 MBProgress (2): 3.6/3.9 MB | 2.1/2.9 MBProgress (2): 3.6/3.9 MB | 2.1/2.9 MBProgress (2): 3.6/3.9 MB | 2.1/2.9 MBProgress (2): 3.6/3.9 MB | 2.1/2.9 MBProgress (2): 3.6/3.9 MB | 2.1/2.9 MBProgress (2): 3.6/3.9 MB | 2.1/2.9 MBProgress (2): 3.6/3.9 MB | 2.1/2.9 MBProgress (2): 3.6/3.9 MB | 2.1/2.9 MBProgress (2): 3.6/3.9 MB | 2.1/2.9 MBProgress (2): 3.6/3.9 MB | 2.1/2.9 MBProgress (2): 3.6/3.9 MB | 2.1/2.9 MBProgress (2): 3.6/3.9 MB | 2.1/2.9 MBProgress (2): 3.6/3.9 MB | 2.1/2.9 MBProgress (2): 3.6/3.9 MB | 2.1/2.9 MBProgress (2): 3.6/3.9 MB | 2.1/2.9 MBProgress (2): 3.6/3.9 MB | 2.1/2.9 MBProgress (2): 3.6/3.9 MB | 2.1/2.9 MBProgress (2): 3.6/3.9 MB | 2.1/2.9 MBProgress (2): 3.6/3.9 MB | 2.1/2.9 MBProgress (2): 3.6/3.9 MB | 2.1/2.9 MBProgress (2): 3.6/3.9 MB | 2.1/2.9 MBProgress (2): 3.6/3.9 MB | 2.1/2.9 MBProgress (2): 3.6/3.9 MB | 2.1/2.9 MBProgress (2): 3.6/3.9 MB | 2.1/2.9 MBProgress (2): 3.6/3.9 MB | 2.1/2.9 MBProgress (2): 3.6/3.9 MB | 2.1/2.9 MBProgress (2): 3.6/3.9 MB | 2.1/2.9 MBProgress (2): 3.6/3.9 MB | 2.1/2.9 MBProgress (2): 3.6/3.9 MB | 2.1/2.9 MBProgress (2): 3.6/3.9 MB | 2.1/2.9 MBProgress (2): 3.6/3.9 MB | 2.1/2.9 MBProgress (2): 3.6/3.9 MB | 2.1/2.9 MBProgress (2): 3.6/3.9 MB | 2.1/2.9 MBProgress (2): 3.6/3.9 MB | 2.1/2.9 MBProgress (2): 3.6/3.9 MB | 2.2/2.9 MBProgress (2): 3.6/3.9 MB | 2.2/2.9 MBProgress (2): 3.6/3.9 MB | 2.2/2.9 MBProgress (2): 3.6/3.9 MB | 2.2/2.9 MBProgress (2): 3.6/3.9 MB | 2.2/2.9 MBProgress (2): 3.6/3.9 MB | 2.2/2.9 MBProgress (2): 3.7/3.9 MB | 2.2/2.9 MBProgress (2): 3.7/3.9 MB | 2.2/2.9 MBProgress (2): 3.7/3.9 MB | 2.2/2.9 MBProgress (2): 3.7/3.9 MB | 2.2/2.9 MBProgress (2): 3.7/3.9 MB | 2.2/2.9 MBProgress (2): 3.7/3.9 MB | 2.2/2.9 MBProgress (2): 3.7/3.9 MB | 2.2/2.9 MBProgress (2): 3.7/3.9 MB | 2.2/2.9 MBProgress (2): 3.7/3.9 MB | 2.2/2.9 MBProgress (2): 3.7/3.9 MB | 2.2/2.9 MBProgress (2): 3.7/3.9 MB | 2.2/2.9 MBProgress (2): 3.7/3.9 MB | 2.2/2.9 MBProgress (2): 3.7/3.9 MB | 2.2/2.9 MBProgress (2): 3.7/3.9 MB | 2.2/2.9 MBProgress (2): 3.7/3.9 MB | 2.2/2.9 MBProgress (2): 3.7/3.9 MB | 2.2/2.9 MBProgress (2): 3.7/3.9 MB | 2.2/2.9 MBProgress (2): 3.7/3.9 MB | 2.2/2.9 MBProgress (2): 3.7/3.9 MB | 2.2/2.9 MBProgress (2): 3.7/3.9 MB | 2.2/2.9 MBProgress (2): 3.7/3.9 MB | 2.2/2.9 MBProgress (2): 3.7/3.9 MB | 2.2/2.9 MBProgress (2): 3.7/3.9 MB | 2.2/2.9 MBProgress (2): 3.7/3.9 MB | 2.2/2.9 MBProgress (2): 3.7/3.9 MB | 2.2/2.9 MBProgress (2): 3.7/3.9 MB | 2.2/2.9 MBProgress (2): 3.7/3.9 MB | 2.2/2.9 MBProgress (2): 3.7/3.9 MB | 2.2/2.9 MBProgress (2): 3.7/3.9 MB | 2.2/2.9 MBProgress (2): 3.7/3.9 MB | 2.2/2.9 MBProgress (2): 3.7/3.9 MB | 2.2/2.9 MBProgress (2): 3.7/3.9 MB | 2.2/2.9 MBProgress (2): 3.7/3.9 MB | 2.2/2.9 MBProgress (2): 3.7/3.9 MB | 2.2/2.9 MBProgress (2): 3.7/3.9 MB | 2.2/2.9 MBProgress (2): 3.7/3.9 MB | 2.2/2.9 MBProgress (2): 3.7/3.9 MB | 2.2/2.9 MBProgress (2): 3.7/3.9 MB | 2.2/2.9 MBProgress (2): 3.7/3.9 MB | 2.2/2.9 MBProgress (2): 3.7/3.9 MB | 2.2/2.9 MBProgress (2): 3.7/3.9 MB | 2.2/2.9 MBProgress (2): 3.7/3.9 MB | 2.2/2.9 MBProgress (2): 3.7/3.9 MB | 2.3/2.9 MBProgress (2): 3.7/3.9 MB | 2.3/2.9 MBProgress (2): 3.7/3.9 MB | 2.3/2.9 MBProgress (2): 3.7/3.9 MB | 2.3/2.9 MBProgress (2): 3.7/3.9 MB | 2.3/2.9 MBProgress (2): 3.7/3.9 MB | 2.3/2.9 MBProgress (2): 3.8/3.9 MB | 2.3/2.9 MBProgress (2): 3.8/3.9 MB | 2.3/2.9 MBProgress (2): 3.8/3.9 MB | 2.3/2.9 MBProgress (2): 3.8/3.9 MB | 2.3/2.9 MBProgress (2): 3.8/3.9 MB | 2.3/2.9 MBProgress (2): 3.8/3.9 MB | 2.3/2.9 MBProgress (2): 3.8/3.9 MB | 2.3/2.9 MBProgress (2): 3.8/3.9 MB | 2.3/2.9 MBProgress (2): 3.8/3.9 MB | 2.3/2.9 MBProgress (2): 3.8/3.9 MB | 2.3/2.9 MBProgress (2): 3.8/3.9 MB | 2.3/2.9 MBProgress (2): 3.8/3.9 MB | 2.3/2.9 MBProgress (2): 3.8/3.9 MB | 2.3/2.9 MBProgress (2): 3.8/3.9 MB | 2.3/2.9 MBProgress (2): 3.8/3.9 MB | 2.3/2.9 MBProgress (2): 3.8/3.9 MB | 2.3/2.9 MBProgress (2): 3.8/3.9 MB | 2.3/2.9 MBProgress (2): 3.8/3.9 MB | 2.3/2.9 MBProgress (2): 3.8/3.9 MB | 2.3/2.9 MBProgress (2): 3.8/3.9 MB | 2.3/2.9 MBProgress (2): 3.8/3.9 MB | 2.3/2.9 MBProgress (2): 3.8/3.9 MB | 2.3/2.9 MBProgress (2): 3.8/3.9 MB | 2.3/2.9 MBProgress (2): 3.8/3.9 MB | 2.3/2.9 MBProgress (2): 3.8/3.9 MB | 2.3/2.9 MBProgress (2): 3.8/3.9 MB | 2.3/2.9 MBProgress (2): 3.8/3.9 MB | 2.3/2.9 MBProgress (2): 3.8/3.9 MB | 2.3/2.9 MBProgress (2): 3.8/3.9 MB | 2.3/2.9 MBProgress (2): 3.8/3.9 MB | 2.3/2.9 MBProgress (2): 3.8/3.9 MB | 2.3/2.9 MBProgress (2): 3.8/3.9 MB | 2.3/2.9 MBProgress (2): 3.8/3.9 MB | 2.3/2.9 MBProgress (2): 3.8/3.9 MB | 2.3/2.9 MBProgress (2): 3.8/3.9 MB | 2.3/2.9 MBProgress (2): 3.8/3.9 MB | 2.3/2.9 MBProgress (2): 3.8/3.9 MB | 2.3/2.9 MBProgress (2): 3.8/3.9 MB | 2.3/2.9 MBProgress (2): 3.8/3.9 MB | 2.3/2.9 MBProgress (2): 3.8/3.9 MB | 2.3/2.9 MBProgress (2): 3.8/3.9 MB | 2.3/2.9 MBProgress (2): 3.8/3.9 MB | 2.3/2.9 MBProgress (2): 3.8/3.9 MB | 2.4/2.9 MBProgress (2): 3.8/3.9 MB | 2.4/2.9 MBProgress (2): 3.8/3.9 MB | 2.4/2.9 MBProgress (2): 3.8/3.9 MB | 2.4/2.9 MBProgress (2): 3.8/3.9 MB | 2.4/2.9 MBProgress (2): 3.8/3.9 MB | 2.4/2.9 MBProgress (2): 3.8/3.9 MB | 2.4/2.9 MBProgress (2): 3.8/3.9 MB | 2.4/2.9 MBProgress (2): 3.8/3.9 MB | 2.4/2.9 MBProgress (2): 3.9/3.9 MB | 2.4/2.9 MBProgress (2): 3.9/3.9 MB | 2.4/2.9 MBProgress (2): 3.9/3.9 MB | 2.4/2.9 MBProgress (2): 3.9/3.9 MB | 2.4/2.9 MBProgress (2): 3.9/3.9 MB | 2.4/2.9 MBProgress (2): 3.9/3.9 MB | 2.4/2.9 MBProgress (2): 3.9/3.9 MB | 2.4/2.9 MBProgress (2): 3.9/3.9 MB | 2.4/2.9 MBProgress (2): 3.9/3.9 MB | 2.4/2.9 MBProgress (2): 3.9 MB | 2.4/2.9 MB    Progress (2): 3.9 MB | 2.4/2.9 MBProgress (2): 3.9 MB | 2.4/2.9 MBProgress (2): 3.9 MB | 2.4/2.9 MBProgress (2): 3.9 MB | 2.4/2.9 MBProgress (2): 3.9 MB | 2.4/2.9 MBProgress (2): 3.9 MB | 2.4/2.9 MBProgress (2): 3.9 MB | 2.4/2.9 MBProgress (2): 3.9 MB | 2.4/2.9 MBProgress (2): 3.9 MB | 2.4/2.9 MBProgress (2): 3.9 MB | 2.4/2.9 MBProgress (2): 3.9 MB | 2.4/2.9 MBProgress (2): 3.9 MB | 2.4/2.9 MBProgress (2): 3.9 MB | 2.4/2.9 MBProgress (2): 3.9 MB | 2.4/2.9 MBProgress (2): 3.9 MB | 2.4/2.9 MBProgress (2): 3.9 MB | 2.4/2.9 MBProgress (2): 3.9 MB | 2.5/2.9 MBProgress (2): 3.9 MB | 2.5/2.9 MBProgress (2): 3.9 MB | 2.5/2.9 MBProgress (2): 3.9 MB | 2.5/2.9 MBProgress (2): 3.9 MB | 2.5/2.9 MBProgress (2): 3.9 MB | 2.5/2.9 MBProgress (2): 3.9 MB | 2.5/2.9 MBProgress (2): 3.9 MB | 2.5/2.9 MBProgress (2): 3.9 MB | 2.5/2.9 MBProgress (2): 3.9 MB | 2.5/2.9 MBProgress (2): 3.9 MB | 2.5/2.9 MBProgress (2): 3.9 MB | 2.5/2.9 MBProgress (2): 3.9 MB | 2.5/2.9 MBProgress (2): 3.9 MB | 2.5/2.9 MBProgress (2): 3.9 MB | 2.5/2.9 MBProgress (2): 3.9 MB | 2.5/2.9 MBProgress (2): 3.9 MB | 2.5/2.9 MBProgress (2): 3.9 MB | 2.5/2.9 MBProgress (2): 3.9 MB | 2.5/2.9 MBProgress (2): 3.9 MB | 2.5/2.9 MBProgress (2): 3.9 MB | 2.5/2.9 MBProgress (2): 3.9 MB | 2.5/2.9 MBProgress (2): 3.9 MB | 2.5/2.9 MBProgress (2): 3.9 MB | 2.5/2.9 MBProgress (2): 3.9 MB | 2.6/2.9 MBProgress (2): 3.9 MB | 2.6/2.9 MBProgress (2): 3.9 MB | 2.6/2.9 MBProgress (2): 3.9 MB | 2.6/2.9 MBProgress (2): 3.9 MB | 2.6/2.9 MBProgress (2): 3.9 MB | 2.6/2.9 MBProgress (2): 3.9 MB | 2.6/2.9 MBProgress (2): 3.9 MB | 2.6/2.9 MBProgress (2): 3.9 MB | 2.6/2.9 MBProgress (2): 3.9 MB | 2.6/2.9 MBProgress (2): 3.9 MB | 2.6/2.9 MBProgress (2): 3.9 MB | 2.6/2.9 MBProgress (2): 3.9 MB | 2.6/2.9 MBProgress (2): 3.9 MB | 2.6/2.9 MBProgress (2): 3.9 MB | 2.6/2.9 MBProgress (2): 3.9 MB | 2.6/2.9 MBProgress (2): 3.9 MB | 2.6/2.9 MBProgress (2): 3.9 MB | 2.6/2.9 MBProgress (2): 3.9 MB | 2.6/2.9 MBProgress (2): 3.9 MB | 2.6/2.9 MBProgress (2): 3.9 MB | 2.6/2.9 MBProgress (2): 3.9 MB | 2.6/2.9 MBProgress (2): 3.9 MB | 2.6/2.9 MBProgress (2): 3.9 MB | 2.6/2.9 MBProgress (2): 3.9 MB | 2.6/2.9 MBProgress (2): 3.9 MB | 2.7/2.9 MBProgress (2): 3.9 MB | 2.7/2.9 MBProgress (2): 3.9 MB | 2.7/2.9 MBProgress (2): 3.9 MB | 2.7/2.9 MBProgress (2): 3.9 MB | 2.7/2.9 MBProgress (2): 3.9 MB | 2.7/2.9 MBProgress (2): 3.9 MB | 2.7/2.9 MBProgress (2): 3.9 MB | 2.7/2.9 MBProgress (2): 3.9 MB | 2.7/2.9 MBProgress (2): 3.9 MB | 2.7/2.9 MBProgress (2): 3.9 MB | 2.7/2.9 MBProgress (2): 3.9 MB | 2.7/2.9 MBProgress (2): 3.9 MB | 2.7/2.9 MBProgress (2): 3.9 MB | 2.7/2.9 MBProgress (2): 3.9 MB | 2.7/2.9 MBProgress (2): 3.9 MB | 2.7/2.9 MBProgress (2): 3.9 MB | 2.7/2.9 MBProgress (2): 3.9 MB | 2.7/2.9 MBProgress (2): 3.9 MB | 2.7/2.9 MBProgress (2): 3.9 MB | 2.7/2.9 MBProgress (2): 3.9 MB | 2.7/2.9 MBProgress (2): 3.9 MB | 2.7/2.9 MBProgress (2): 3.9 MB | 2.7/2.9 MBProgress (2): 3.9 MB | 2.7/2.9 MBProgress (2): 3.9 MB | 2.8/2.9 MBProgress (2): 3.9 MB | 2.8/2.9 MBProgress (2): 3.9 MB | 2.8/2.9 MBProgress (2): 3.9 MB | 2.8/2.9 MBProgress (2): 3.9 MB | 2.8/2.9 MBProgress (2): 3.9 MB | 2.8/2.9 MBProgress (2): 3.9 MB | 2.8/2.9 MBProgress (2): 3.9 MB | 2.8/2.9 MBProgress (2): 3.9 MB | 2.8/2.9 MBProgress (2): 3.9 MB | 2.8/2.9 MBProgress (2): 3.9 MB | 2.8/2.9 MBProgress (2): 3.9 MB | 2.8/2.9 MBProgress (2): 3.9 MB | 2.8/2.9 MBProgress (2): 3.9 MB | 2.8/2.9 MBProgress (2): 3.9 MB | 2.8/2.9 MBProgress (2): 3.9 MB | 2.8/2.9 MBProgress (2): 3.9 MB | 2.8/2.9 MBProgress (2): 3.9 MB | 2.8/2.9 MBProgress (2): 3.9 MB | 2.8/2.9 MBProgress (2): 3.9 MB | 2.8/2.9 MBProgress (2): 3.9 MB | 2.8/2.9 MBProgress (2): 3.9 MB | 2.8/2.9 MBProgress (2): 3.9 MB | 2.8/2.9 MBProgress (2): 3.9 MB | 2.8/2.9 MBProgress (2): 3.9 MB | 2.9/2.9 MBProgress (2): 3.9 MB | 2.9/2.9 MBProgress (2): 3.9 MB | 2.9/2.9 MBProgress (2): 3.9 MB | 2.9/2.9 MBProgress (2): 3.9 MB | 2.9/2.9 MBProgress (2): 3.9 MB | 2.9/2.9 MBProgress (2): 3.9 MB | 2.9/2.9 MBProgress (2): 3.9 MB | 2.9/2.9 MBProgress (2): 3.9 MB | 2.9/2.9 MBProgress (2): 3.9 MB | 2.9/2.9 MBProgress (2): 3.9 MB | 2.9/2.9 MBProgress (2): 3.9 MB | 2.9/2.9 MBProgress (2): 3.9 MB | 2.9/2.9 MBProgress (2): 3.9 MB | 2.9/2.9 MBProgress (2): 3.9 MB | 2.9/2.9 MBProgress (2): 3.9 MB | 2.9/2.9 MBProgress (2): 3.9 MB | 2.9 MB                                 Downloaded from central: https://repo.maven.apache.org/maven2/com/google/errorprone/error_prone_core/2.0.15/error_prone_core-2.0.15.jar (3.9 MB at 1.3 MB/s)
Downloaded from central: https://repo.maven.apache.org/maven2/com/google/errorprone/javac/1.9.0-dev-r2973-2/javac-1.9.0-dev-r2973-2.jar (2.9 MB at 926 kB/s)
[INFO] Changes detected - recompiling the module!
[INFO] Compiling 6 source files to /home/cgzhu/projects/gitslice/resources/facts/upgrade_jars_exp/_downloads/RxRelay/target/classes
[INFO] 
[INFO] --- maven-resources-plugin:2.6:testResources (default-testResources) @ rxrelay ---
[INFO] Using 'UTF-8' encoding to copy filtered resources.
[INFO] skip non existing resourceDirectory /home/cgzhu/projects/gitslice/resources/facts/upgrade_jars_exp/_downloads/RxRelay/src/test/resources
[INFO] 
[INFO] --- maven-compiler-plugin:3.3:testCompile (default-testCompile) @ rxrelay ---
[INFO] Changes detected - recompiling the module!
[INFO] Compiling 7 source files to /home/cgzhu/projects/gitslice/resources/facts/upgrade_jars_exp/_downloads/RxRelay/target/test-classes
Note: /home/cgzhu/projects/gitslice/resources/facts/upgrade_jars_exp/_downloads/RxRelay/src/test/java/com/jakewharton/rxrelay2/SerializedRelayTest.java uses or overrides a deprecated API.
Note: Recompile with -Xlint:deprecation for details.
[INFO] 
[INFO] --- maven-surefire-plugin:2.19.1:test (default-test) @ rxrelay ---
Downloading from central: https://repo.maven.apache.org/maven2/org/apache/maven/surefire/maven-surefire-common/2.19.1/maven-surefire-common-2.19.1.pom
Progress (1): 2.2/7.3 kBProgress (1): 5.0/7.3 kBProgress (1): 7.3 kB                        Downloaded from central: https://repo.maven.apache.org/maven2/org/apache/maven/surefire/maven-surefire-common/2.19.1/maven-surefire-common-2.19.1.pom (7.3 kB at 20 kB/s)
Downloading from central: https://repo.maven.apache.org/maven2/org/apache/maven/surefire/surefire-api/2.19.1/surefire-api-2.19.1.pom
Progress (1): 2.2/3.5 kBProgress (1): 3.5 kB                        Downloaded from central: https://repo.maven.apache.org/maven2/org/apache/maven/surefire/surefire-api/2.19.1/surefire-api-2.19.1.pom (3.5 kB at 9.7 kB/s)
Downloading from central: https://repo.maven.apache.org/maven2/org/apache/maven/surefire/surefire-booter/2.19.1/surefire-booter-2.19.1.pom
Progress (1): 2.2/3.2 kBProgress (1): 3.2 kB                        Downloaded from central: https://repo.maven.apache.org/maven2/org/apache/maven/surefire/surefire-booter/2.19.1/surefire-booter-2.19.1.pom (3.2 kB at 8.8 kB/s)
Downloading from central: https://repo.maven.apache.org/maven2/org/apache/maven/surefire/maven-surefire-common/2.19.1/maven-surefire-common-2.19.1.jar
Downloading from central: https://repo.maven.apache.org/maven2/org/apache/maven/surefire/surefire-api/2.19.1/surefire-api-2.19.1.jar
Downloading from central: https://repo.maven.apache.org/maven2/org/apache/maven/surefire/surefire-booter/2.19.1/surefire-booter-2.19.1.jar
Progress (1): 2.2/46 kBProgress (1): 5.0/46 kBProgress (1): 7.7/46 kBProgress (1): 10/46 kB Progress (1): 13/46 kBProgress (1): 16/46 kBProgress (1): 19/46 kBProgress (1): 21/46 kBProgress (1): 24/46 kBProgress (1): 27/46 kBProgress (1): 30/46 kBProgress (1): 32/46 kBProgress (1): 36/46 kBProgress (1): 40/46 kBProgress (1): 45/46 kBProgress (1): 46 kB   Progress (2): 46 kB | 2.2/293 kBProgress (2): 46 kB | 5.0/293 kBProgress (2): 46 kB | 7.7/293 kBProgress (2): 46 kB | 10/293 kB Progress (2): 46 kB | 13/293 kBProgress (2): 46 kB | 16/293 kBProgress (2): 46 kB | 19/293 kBProgress (2): 46 kB | 21/293 kBProgress (2): 46 kB | 24/293 kBProgress (2): 46 kB | 27/293 kBProgress (2): 46 kB | 30/293 kBProgress (2): 46 kB | 32/293 kBProgress (2): 46 kB | 36/293 kBProgress (2): 46 kB | 40/293 kBProgress (2): 46 kB | 45/293 kBProgress (2): 46 kB | 49/293 kBProgress (3): 46 kB | 49/293 kB | 2.2/196 kBProgress (3): 46 kB | 49/293 kB | 5.0/196 kBProgress (3): 46 kB | 53/293 kB | 5.0/196 kBProgress (3): 46 kB | 53/293 kB | 7.7/196 kBProgress (3): 46 kB | 57/293 kB | 7.7/196 kBProgress (3): 46 kB | 57/293 kB | 10/196 kB Progress (3): 46 kB | 61/293 kB | 10/196 kBProgress (3): 46 kB | 61/293 kB | 13/196 kBProgress (3): 46 kB | 65/293 kB | 13/196 kBProgress (3): 46 kB | 65/293 kB | 16/196 kBProgress (3): 46 kB | 65/293 kB | 19/196 kBProgress (3): 46 kB | 69/293 kB | 19/196 kBProgress (3): 46 kB | 69/293 kB | 21/196 kBProgress (3): 46 kB | 73/293 kB | 21/196 kBProgress (3): 46 kB | 73/293 kB | 24/196 kBProgress (3): 46 kB | 77/293 kB | 24/196 kBProgress (3): 46 kB | 77/293 kB | 27/196 kBProgress (3): 46 kB | 81/293 kB | 27/196 kBProgress (3): 46 kB | 81/293 kB | 30/196 kBProgress (3): 46 kB | 81/293 kB | 32/196 kBProgress (3): 46 kB | 85/293 kB | 32/196 kBProgress (3): 46 kB | 90/293 kB | 32/196 kBProgress (3): 46 kB | 94/293 kB | 32/196 kBProgress (3): 46 kB | 94/293 kB | 36/196 kBProgress (3): 46 kB | 98/293 kB | 36/196 kBProgress (3): 46 kB | 98/293 kB | 40/196 kBProgress (3): 46 kB | 98/293 kB | 45/196 kBProgress (3): 46 kB | 98/293 kB | 49/196 kBProgress (3): 46 kB | 102/293 kB | 49/196 kBProgress (3): 46 kB | 106/293 kB | 49/196 kBProgress (3): 46 kB | 110/293 kB | 49/196 kBProgress (3): 46 kB | 110/293 kB | 53/196 kBProgress (3): 46 kB | 114/293 kB | 53/196 kBProgress (3): 46 kB | 114/293 kB | 57/196 kBProgress (3): 46 kB | 114/293 kB | 61/196 kBProgress (3): 46 kB | 114/293 kB | 65/196 kBProgress (3): 46 kB | 118/293 kB | 65/196 kBProgress (3): 46 kB | 122/293 kB | 65/196 kBProgress (3): 46 kB | 126/293 kB | 65/196 kBProgress (3): 46 kB | 126/293 kB | 69/196 kBProgress (3): 46 kB | 131/293 kB | 69/196 kBProgress (3): 46 kB | 131/293 kB | 73/196 kBProgress (3): 46 kB | 131/293 kB | 77/196 kBProgress (3): 46 kB | 131/293 kB | 81/196 kBProgress (3): 46 kB | 135/293 kB | 81/196 kBProgress (3): 46 kB | 139/293 kB | 81/196 kBProgress (3): 46 kB | 143/293 kB | 81/196 kBProgress (3): 46 kB | 143/293 kB | 85/196 kBProgress (3): 46 kB | 147/293 kB | 85/196 kBProgress (3): 46 kB | 147/293 kB | 90/196 kBProgress (3): 46 kB | 147/293 kB | 94/196 kBProgress (3): 46 kB | 147/293 kB | 98/196 kBProgress (3): 46 kB | 151/293 kB | 98/196 kBProgress (3): 46 kB | 155/293 kB | 98/196 kBProgress (3): 46 kB | 159/293 kB | 98/196 kBProgress (3): 46 kB | 159/293 kB | 102/196 kBProgress (3): 46 kB | 163/293 kB | 102/196 kBProgress (3): 46 kB | 163/293 kB | 106/196 kBProgress (3): 46 kB | 163/293 kB | 110/196 kBProgress (3): 46 kB | 163/293 kB | 114/196 kBProgress (3): 46 kB | 167/293 kB | 114/196 kBProgress (3): 46 kB | 171/293 kB | 114/196 kBProgress (3): 46 kB | 176/293 kB | 114/196 kBProgress (3): 46 kB | 176/293 kB | 118/196 kBProgress (3): 46 kB | 180/293 kB | 118/196 kBProgress (3): 46 kB | 180/293 kB | 122/196 kBProgress (3): 46 kB | 180/293 kB | 126/196 kBProgress (3): 46 kB | 180/293 kB | 131/196 kBProgress (3): 46 kB | 184/293 kB | 131/196 kBProgress (3): 46 kB | 188/293 kB | 131/196 kBProgress (3): 46 kB | 192/293 kB | 131/196 kBProgress (3): 46 kB | 192/293 kB | 135/196 kBProgress (3): 46 kB | 196/293 kB | 135/196 kBProgress (3): 46 kB | 196/293 kB | 139/196 kBProgress (3): 46 kB | 196/293 kB | 143/196 kBProgress (3): 46 kB | 196/293 kB | 147/196 kBProgress (3): 46 kB | 200/293 kB | 147/196 kBProgress (3): 46 kB | 204/293 kB | 147/196 kBProgress (3): 46 kB | 208/293 kB | 147/196 kBProgress (3): 46 kB | 208/293 kB | 151/196 kBProgress (3): 46 kB | 212/293 kB | 151/196 kBProgress (3): 46 kB | 212/293 kB | 155/196 kBProgress (3): 46 kB | 212/293 kB | 159/196 kBProgress (3): 46 kB | 212/293 kB | 163/196 kBProgress (3): 46 kB | 217/293 kB | 163/196 kBProgress (3): 46 kB | 221/293 kB | 163/196 kBProgress (3): 46 kB | 225/293 kB | 163/196 kBProgress (3): 46 kB | 225/293 kB | 167/196 kBProgress (3): 46 kB | 229/293 kB | 167/196 kBProgress (3): 46 kB | 229/293 kB | 171/196 kBProgress (3): 46 kB | 229/293 kB | 176/196 kBProgress (3): 46 kB | 229/293 kB | 180/196 kBProgress (3): 46 kB | 233/293 kB | 180/196 kBProgress (3): 46 kB | 237/293 kB | 180/196 kBProgress (3): 46 kB | 241/293 kB | 180/196 kBProgress (3): 46 kB | 241/293 kB | 184/196 kBProgress (3): 46 kB | 245/293 kB | 184/196 kBProgress (3): 46 kB | 245/293 kB | 188/196 kBProgress (3): 46 kB | 245/293 kB | 192/196 kBProgress (3): 46 kB | 245/293 kB | 196/196 kBProgress (3): 46 kB | 249/293 kB | 196/196 kBProgress (3): 46 kB | 249/293 kB | 196 kB    Progress (3): 46 kB | 253/293 kB | 196 kBProgress (3): 46 kB | 258/293 kB | 196 kBProgress (3): 46 kB | 262/293 kB | 196 kBProgress (3): 46 kB | 266/293 kB | 196 kBProgress (3): 46 kB | 270/293 kB | 196 kBProgress (3): 46 kB | 274/293 kB | 196 kBProgress (3): 46 kB | 278/293 kB | 196 kBProgress (3): 46 kB | 282/293 kB | 196 kBProgress (3): 46 kB | 286/293 kB | 196 kBProgress (3): 46 kB | 290/293 kB | 196 kBProgress (3): 46 kB | 293 kB | 196 kB                                         Downloaded from central: https://repo.maven.apache.org/maven2/org/apache/maven/surefire/surefire-booter/2.19.1/surefire-booter-2.19.1.jar (46 kB at 128 kB/s)
Downloaded from central: https://repo.maven.apache.org/maven2/org/apache/maven/surefire/surefire-api/2.19.1/surefire-api-2.19.1.jar (196 kB at 513 kB/s)
Downloaded from central: https://repo.maven.apache.org/maven2/org/apache/maven/surefire/maven-surefire-common/2.19.1/maven-surefire-common-2.19.1.jar (293 kB at 764 kB/s)
[WARNING] The parameter forkMode is deprecated since version 2.14. Use forkCount and reuseForks instead.
Downloading from central: https://repo.maven.apache.org/maven2/org/apache/maven/surefire/surefire-junit4/2.19.1/surefire-junit4-2.19.1.pom
Progress (1): 3.3 kB                    Downloaded from central: https://repo.maven.apache.org/maven2/org/apache/maven/surefire/surefire-junit4/2.19.1/surefire-junit4-2.19.1.pom (3.3 kB at 9.0 kB/s)
Downloading from central: https://repo.maven.apache.org/maven2/org/apache/maven/surefire/surefire-providers/2.19.1/surefire-providers-2.19.1.pom
Progress (1): 2.2/2.6 kBProgress (1): 2.6 kB                        Downloaded from central: https://repo.maven.apache.org/maven2/org/apache/maven/surefire/surefire-providers/2.19.1/surefire-providers-2.19.1.pom (2.6 kB at 7.1 kB/s)
Downloading from central: https://repo.maven.apache.org/maven2/org/apache/maven/surefire/surefire-junit4/2.19.1/surefire-junit4-2.19.1.jar
Progress (1): 2.2/75 kBProgress (1): 5.0/75 kBProgress (1): 7.7/75 kBProgress (1): 10/75 kB Progress (1): 13/75 kBProgress (1): 16/75 kBProgress (1): 19/75 kBProgress (1): 21/75 kBProgress (1): 24/75 kBProgress (1): 27/75 kBProgress (1): 30/75 kBProgress (1): 32/75 kBProgress (1): 36/75 kBProgress (1): 40/75 kBProgress (1): 45/75 kBProgress (1): 49/75 kBProgress (1): 53/75 kBProgress (1): 57/75 kBProgress (1): 61/75 kBProgress (1): 65/75 kBProgress (1): 69/75 kBProgress (1): 73/75 kBProgress (1): 75 kB                      Downloaded from central: https://repo.maven.apache.org/maven2/org/apache/maven/surefire/surefire-junit4/2.19.1/surefire-junit4-2.19.1.jar (75 kB at 197 kB/s)

-------------------------------------------------------
 T E S T S
-------------------------------------------------------
Running com.jakewharton.rxrelay2.ReplayRelayBoundedConcurrencyTest
Tests run: 1, Failures: 0, Errors: 0, Skipped: 1, Time elapsed: 0.009 sec - in com.jakewharton.rxrelay2.ReplayRelayBoundedConcurrencyTest
Running com.jakewharton.rxrelay2.ReplayRelayTest
Turn: 0
0, 0
Turn: 1
0, 0
Turn: 2
0, 0
Turn: 3
0, 0
Turn: 4
0, 0
Turn: 5
0, 0
Turn: 6
0, 0
Turn: 7
0, 0
Turn: 8
0, 0
Turn: 9
0, 0
Tests run: 25, Failures: 0, Errors: 0, Skipped: 0, Time elapsed: 0.339 sec - in com.jakewharton.rxrelay2.ReplayRelayTest
Running com.jakewharton.rxrelay2.BehaviorRelayTest
Turn: 0
Turn: 1
Turn: 2
Turn: 3
Turn: 4
Turn: 5
Turn: 6
Turn: 7
Turn: 8
Turn: 9
Tests run: 12, Failures: 0, Errors: 0, Skipped: 1, Time elapsed: 0.344 sec - in com.jakewharton.rxrelay2.BehaviorRelayTest
Running com.jakewharton.rxrelay2.ReplayRelayConcurrencyTest
Tests run: 1, Failures: 0, Errors: 0, Skipped: 1, Time elapsed: 0.014 sec - in com.jakewharton.rxrelay2.ReplayRelayConcurrencyTest
Running com.jakewharton.rxrelay2.PublishRelayTest
Turn: 0
Turn: 1
Turn: 2
Turn: 3
Turn: 4
Turn: 5
Turn: 6
Turn: 7
Turn: 8
Turn: 9
Tests run: 8, Failures: 0, Errors: 0, Skipped: 0, Time elapsed: 0.286 sec - in com.jakewharton.rxrelay2.PublishRelayTest
Running com.jakewharton.rxrelay2.SerializedRelayTest
Tests run: 11, Failures: 0, Errors: 0, Skipped: 0, Time elapsed: 0.146 sec - in com.jakewharton.rxrelay2.SerializedRelayTest

Results :

Tests run: 58, Failures: 0, Errors: 0, Skipped: 3

[INFO] ------------------------------------------------------------------------
[INFO] BUILD SUCCESS
[INFO] ------------------------------------------------------------------------
[INFO] Total time: 27.550 s
[INFO] Finished at: 2019-08-20T16:39:17+08:00
[INFO] ------------------------------------------------------------------------
