[VERSION]: 2.11
[INFO] Scanning for projects...
[INFO] 
[INFO] -----------------------------< allr:fastr >-----------------------------
[INFO] Building fastr 1.0-SNAPSHOT
[INFO] --------------------------------[ jar ]---------------------------------
[INFO] 
[INFO] --- maven-clean-plugin:2.5:clean (default-clean) @ fastr ---
[INFO] 
[INFO] --- maven-dependency-plugin:2.8:list (default-cli) @ fastr ---
[INFO] 
[INFO] The following files have been resolved:
[INFO]    junit:junit:jar:4.8:test
[INFO]    com.googlecode.netlib-java:netlib-java:jar:0.9.3:compile
[INFO]    jline:jline:jar:2.11:compile
[INFO]    antlr:antlr:jar:2.7.7:compile
[INFO]    org.antlr:antlr-runtime:jar:3.5:compile
[INFO]    org.antlr:stringtemplate:jar:3.2.1:compile
[INFO]    net.sourceforge.f2j:arpack_combined_all:jar:0.1:compile
[INFO] 
[INFO] 
[INFO] --- antlr3-maven-plugin:3.5:antlr (default) @ fastr ---
[INFO] ANTLR: Processing source directory /home/cgzhu/projects/gitslice/resources/facts/upgrade_jars_exp/_downloads/purdue-fastr/src
ANTLR Parser Generator  Version 3.5
Output file /home/cgzhu/projects/gitslice/resources/facts/upgrade_jars_exp/_downloads/purdue-fastr/target/generated-sources/antlr3/r/parser/RParser.java does not exist: must build /home/cgzhu/projects/gitslice/resources/facts/upgrade_jars_exp/_downloads/purdue-fastr/src/r/parser/R.g
r/parser/R.g
warning(24):  template error: context [/outputFile /parser /genericParser /region__/genericParser__members] 32:3 no such property or can't access: org.antlr.tool.Grammar.indirectDelegates
Caused by: org.stringtemplate.v4.misc.STNoSuchPropertyException: no such property: org.antlr.tool.Grammar.indirectDelegates
	at org.stringtemplate.v4.misc.ObjectModelAdaptor.throwNoSuchProperty(ObjectModelAdaptor.java:106)
	at org.stringtemplate.v4.misc.ObjectModelAdaptor.lookupMethod(ObjectModelAdaptor.java:99)
	at org.stringtemplate.v4.misc.ObjectModelAdaptor.getProperty(ObjectModelAdaptor.java:67)
	at org.stringtemplate.v4.Interpreter.getObjectProperty(Interpreter.java:1158)
	at org.stringtemplate.v4.Interpreter._exec(Interpreter.java:210)
	at org.stringtemplate.v4.Interpreter.exec(Interpreter.java:145)
	at org.stringtemplate.v4.Interpreter.writeObject(Interpreter.java:703)
	at org.stringtemplate.v4.Interpreter.writeObjectNoOptions(Interpreter.java:635)
	at org.stringtemplate.v4.Interpreter._exec(Interpreter.java:285)
	at org.stringtemplate.v4.Interpreter.exec(Interpreter.java:145)
	at org.stringtemplate.v4.Interpreter.writeObject(Interpreter.java:703)
	at org.stringtemplate.v4.Interpreter.writeObjectNoOptions(Interpreter.java:635)
	at org.stringtemplate.v4.Interpreter._exec(Interpreter.java:285)
	at org.stringtemplate.v4.Interpreter.exec(Interpreter.java:145)
	at org.stringtemplate.v4.Interpreter.writeObject(Interpreter.java:703)
	at org.stringtemplate.v4.Interpreter.writeObjectNoOptions(Interpreter.java:635)
	at org.stringtemplate.v4.Interpreter._exec(Interpreter.java:285)
	at org.stringtemplate.v4.Interpreter.exec(Interpreter.java:145)
	at org.stringtemplate.v4.ST.write(ST.java:415)
	at org.antlr.codegen.CodeGenerator.write(CodeGenerator.java:1296)
	at org.antlr.codegen.Target.genRecognizerFile(Target.java:98)
	at org.antlr.codegen.CodeGenerator.genRecognizer(CodeGenerator.java:459)
	at org.antlr.Tool.generateRecognizer(Tool.java:696)
	at org.antlr.Tool.process(Tool.java:509)
	at org.antlr.mojo.antlr3.Antlr3Mojo.execute(Antlr3Mojo.java:382)
	at org.apache.maven.plugin.DefaultBuildPluginManager.executeMojo(DefaultBuildPluginManager.java:137)
	at org.apache.maven.lifecycle.internal.MojoExecutor.execute(MojoExecutor.java:208)
	at org.apache.maven.lifecycle.internal.MojoExecutor.execute(MojoExecutor.java:154)
	at org.apache.maven.lifecycle.internal.MojoExecutor.execute(MojoExecutor.java:146)
	at org.apache.maven.lifecycle.internal.LifecycleModuleBuilder.buildProject(LifecycleModuleBuilder.java:117)
	at org.apache.maven.lifecycle.internal.LifecycleModuleBuilder.buildProject(LifecycleModuleBuilder.java:81)
	at org.apache.maven.lifecycle.internal.builder.singlethreaded.SingleThreadedBuilder.build(SingleThreadedBuilder.java:56)
	at org.apache.maven.lifecycle.internal.LifecycleStarter.execute(LifecycleStarter.java:128)
	at org.apache.maven.DefaultMaven.doExecute(DefaultMaven.java:305)
	at org.apache.maven.DefaultMaven.doExecute(DefaultMaven.java:192)
	at org.apache.maven.DefaultMaven.execute(DefaultMaven.java:105)
	at org.apache.maven.cli.MavenCli.execute(MavenCli.java:956)
	at org.apache.maven.cli.MavenCli.doMain(MavenCli.java:290)
	at org.apache.maven.cli.MavenCli.main(MavenCli.java:194)
	at sun.reflect.NativeMethodAccessorImpl.invoke0(Native Method)
	at sun.reflect.NativeMethodAccessorImpl.invoke(NativeMethodAccessorImpl.java:62)
	at sun.reflect.DelegatingMethodAccessorImpl.invoke(DelegatingMethodAccessorImpl.java:43)
	at java.lang.reflect.Method.invoke(Method.java:498)
	at org.codehaus.plexus.classworlds.launcher.Launcher.launchEnhanced(Launcher.java:289)
	at org.codehaus.plexus.classworlds.launcher.Launcher.launch(Launcher.java:229)
	at org.codehaus.plexus.classworlds.launcher.Launcher.mainWithExitCode(Launcher.java:415)
	at org.codehaus.plexus.classworlds.launcher.Launcher.main(Launcher.java:356)
Caused by: java.lang.reflect.InvocationTargetException
	at sun.reflect.NativeMethodAccessorImpl.invoke0(Native Method)
	at sun.reflect.NativeMethodAccessorImpl.invoke(NativeMethodAccessorImpl.java:62)
	at sun.reflect.DelegatingMethodAccessorImpl.invoke(DelegatingMethodAccessorImpl.java:43)
	at java.lang.reflect.Method.invoke(Method.java:498)
	at org.stringtemplate.v4.misc.Misc.invokeMethod(Misc.java:218)
	at org.stringtemplate.v4.misc.ObjectModelAdaptor.lookupMethod(ObjectModelAdaptor.java:84)
	... 45 more
Caused by: java.lang.NullPointerException
	at java.util.Objects.requireNonNull(Objects.java:203)
	at java.util.ArrayList.removeAll(ArrayList.java:693)
	at org.antlr.tool.CompositeGrammar.getIndirectDelegates(CompositeGrammar.java:226)
	at org.antlr.tool.Grammar.getIndirectDelegates(Grammar.java:2722)
	... 51 more

[INFO] 
[INFO] --- maven-resources-plugin:2.6:resources (default-resources) @ fastr ---
[INFO] Using 'UTF-8' encoding to copy filtered resources.
[INFO] skip non existing resourceDirectory /home/cgzhu/projects/gitslice/resources/facts/upgrade_jars_exp/_downloads/purdue-fastr/src/main/resources
[INFO] 
[INFO] --- maven-compiler-plugin:3.0:compile (default-compile) @ fastr ---
[INFO] Changes detected - recompiling the module!
[INFO] Compiling 343 source files to /home/cgzhu/projects/gitslice/resources/facts/upgrade_jars_exp/_downloads/purdue-fastr/target/classes
[WARNING] /home/cgzhu/projects/gitslice/resources/facts/upgrade_jars_exp/_downloads/purdue-fastr/src/r/data/internal/TracingView.java: Some input files use unchecked or unsafe operations.
[WARNING] /home/cgzhu/projects/gitslice/resources/facts/upgrade_jars_exp/_downloads/purdue-fastr/src/r/data/internal/TracingView.java: Recompile with -Xlint:unchecked for details.
[INFO] 
[INFO] --- maven-resources-plugin:2.6:testResources (default-testResources) @ fastr ---
[INFO] Using 'UTF-8' encoding to copy filtered resources.
[INFO] skip non existing resourceDirectory /home/cgzhu/projects/gitslice/resources/facts/upgrade_jars_exp/_downloads/purdue-fastr/src/test/resources
[INFO] 
[INFO] --- maven-compiler-plugin:3.0:testCompile (default-testCompile) @ fastr ---
[INFO] Changes detected - recompiling the module!
[INFO] Compiling 33 source files to /home/cgzhu/projects/gitslice/resources/facts/upgrade_jars_exp/_downloads/purdue-fastr/target/test-classes
[INFO] 
[INFO] --- maven-surefire-plugin:2.16:test (default-test) @ fastr ---
[INFO] Surefire report directory: /home/cgzhu/projects/gitslice/resources/facts/upgrade_jars_exp/_downloads/purdue-fastr/target/surefire-reports
[WARNING] java.library.path cannot be set as system property, use <argLine>-Djava.library.path=...<argLine> instead

-------------------------------------------------------
 T E S T S
-------------------------------------------------------
Running r.runtime.TestNodes
Tests run: 1, Failures: 0, Errors: 0, Skipped: 0, Time elapsed: 0.038 sec - in r.runtime.TestNodes
Running r.shootout.binarytrees.TestBinaryTrees
Running file test/r/shootout/binarytrees/binarytrees.r...
Running file test/r/shootout/binarytrees/binarytrees-naive.r...
Running file test/r/shootout/binarytrees/binarytrees-2.r...
Tests run: 3, Failures: 0, Errors: 0, Skipped: 0, Time elapsed: 0.191 sec - in r.shootout.binarytrees.TestBinaryTrees
Running r.shootout.fastaredux.TestFastaRedux
Running file test/r/shootout/fastaredux/fastaredux.r...
Running file test/r/shootout/fastaredux/fastaredux-naive.r...
Tests run: 2, Failures: 0, Errors: 0, Skipped: 0, Time elapsed: 0.045 sec - in r.shootout.fastaredux.TestFastaRedux
Running r.shootout.regexdna.TestRegexdna
Running file test/r/shootout/fastaredux/fastaredux.r...
Running file test/r/shootout/regexdna/regexdna.r...
Tests run: 1, Failures: 0, Errors: 0, Skipped: 0, Time elapsed: 0.053 sec - in r.shootout.regexdna.TestRegexdna
Running r.shootout.reversecomplement.TestReverseComplement
Running file test/r/shootout/fastaredux/fastaredux.r...
Running file test/r/shootout/reversecomplement/reversecomplement.r...
Running file test/r/shootout/fastaredux/fastaredux.r...
Running file test/r/shootout/reversecomplement/reversecomplement-naive.r...
Running file test/r/shootout/fastaredux/fastaredux.r...
Running file test/r/shootout/reversecomplement/reversecomplement-2.r...
Tests run: 3, Failures: 0, Errors: 0, Skipped: 0, Time elapsed: 0.068 sec - in r.shootout.reversecomplement.TestReverseComplement
Running r.shootout.spectralnorm.TestSpectralNorm
Running file test/r/shootout/spectralnorm/spectralnorm-alt.r...
Running file test/r/shootout/spectralnorm/spectralnorm-alt.r...
Running file test/r/shootout/spectralnorm/spectralnorm-alt2.r...
Running file test/r/shootout/spectralnorm/spectralnorm-alt2.r...
Running file test/r/shootout/spectralnorm/spectralnorm-alt3.r...
Running file test/r/shootout/spectralnorm/spectralnorm-alt3.r...
Running file test/r/shootout/spectralnorm/spectralnorm-math.r...
Running file test/r/shootout/spectralnorm/spectralnorm-math.r...
Running file test/r/shootout/spectralnorm/spectralnorm.r...
Running file test/r/shootout/spectralnorm/spectralnorm.r...
Running file test/r/shootout/spectralnorm/spectralnorm-alt4.r...
Running file test/r/shootout/spectralnorm/spectralnorm-alt4.r...
Running file test/r/shootout/spectralnorm/spectralnorm-naive.r...
Running file test/r/shootout/spectralnorm/spectralnorm-naive.r...
Tests run: 7, Failures: 0, Errors: 0, Skipped: 0, Time elapsed: 0.179 sec - in r.shootout.spectralnorm.TestSpectralNorm
Running r.shootout.nbody.TestNbody
Running file test/r/shootout/nbody/nbody.r...
Running file test/r/shootout/nbody/nbody.r...
Running file test/r/shootout/nbody/nbody-naive.r...
Running file test/r/shootout/nbody/nbody-naive.r...
Running file test/r/shootout/nbody/nbody-naive2.r...
Running file test/r/shootout/nbody/nbody-naive2.r...
Running file test/r/shootout/nbody/nbody-2.r...
Running file test/r/shootout/nbody/nbody-2.r...
Running file test/r/shootout/nbody/nbody-3.r...
Running file test/r/shootout/nbody/nbody-3.r...
Tests run: 5, Failures: 0, Errors: 0, Skipped: 0, Time elapsed: 0.098 sec - in r.shootout.nbody.TestNbody
Running r.shootout.fasta.TestFasta
Running file test/r/shootout/fasta/fasta.r...
Running file test/r/shootout/fasta/fasta-2.r...
Running file test/r/shootout/fasta/fasta-3.r...
Running file test/r/shootout/fasta/fasta-naive.r...
Running file test/r/shootout/fasta/fasta-naive2.r...
Tests run: 5, Failures: 0, Errors: 0, Skipped: 0, Time elapsed: 0.024 sec - in r.shootout.fasta.TestFasta
Running r.shootout.pidigits.TestPidigits
Running file test/r/shootout/pidigits/pidigits.r...
Running file test/r/shootout/pidigits/pidigits.r...
Tests run: 1, Failures: 0, Errors: 0, Skipped: 0, Time elapsed: 0.106 sec - in r.shootout.pidigits.TestPidigits
Running r.shootout.fannkuch.TestFannkuch
Running file test/r/shootout/fannkuch/fannkuchredux.r...
Running file test/r/shootout/fannkuch/fannkuchredux-naive.r...
Tests run: 2, Failures: 0, Errors: 0, Skipped: 0, Time elapsed: 0.013 sec - in r.shootout.fannkuch.TestFannkuch
Running r.shootout.mandelbrot.TestMandelbrot
Running file test/r/shootout/mandelbrot/mandelbrot-ascii.r...
Running file test/r/shootout/mandelbrot/mandelbrot-noout.r...
Running file test/r/shootout/mandelbrot/mandelbrot-naive-ascii.r...
Running file test/r/shootout/mandelbrot/mandelbrot-noout-naive.r...
Tests run: 4, Failures: 0, Errors: 0, Skipped: 0, Time elapsed: 0.027 sec - in r.shootout.mandelbrot.TestMandelbrot
Running r.shootout.knucleotide.TestKNucleotide
Running file test/r/shootout/fastaredux/fastaredux.r...
Running file test/r/shootout/knucleotide/knucleotide-brute.r...
Running file test/r/shootout/fastaredux/fastaredux.r...
Running file test/r/shootout/knucleotide/knucleotide-brute2.r...
Running file test/r/shootout/fastaredux/fastaredux.r...
Running file test/r/shootout/knucleotide/knucleotide-brute3.r...
Running file test/r/shootout/fastaredux/fastaredux.r...
Running file test/r/shootout/knucleotide/knucleotide.r...
Tests run: 4, Failures: 0, Errors: 0, Skipped: 0, Time elapsed: 0.057 sec - in r.shootout.knucleotide.TestKNucleotide
Running r.tud.test.TestTUD
NOT running TUD benchmark gibbs as GNUR is not available.
Tests run: 1, Failures: 0, Errors: 0, Skipped: 0, Time elapsed: 0 sec - in r.tud.test.TestTUD
Running r.simple.TestSimpleFunctions
Tests run: 8, Failures: 0, Errors: 0, Skipped: 0, Time elapsed: 0.048 sec - in r.simple.TestSimpleFunctions
Running r.simple.TestSimpleVectors
Tests run: 16, Failures: 0, Errors: 0, Skipped: 0, Time elapsed: 0.2 sec - in r.simple.TestSimpleVectors
Running r.simple.TestSimpleAttributes
Tests run: 6, Failures: 0, Errors: 0, Skipped: 0, Time elapsed: 0.013 sec - in r.simple.TestSimpleAttributes
Running r.simple.TestSimpleArithmetic
Tests run: 8, Failures: 0, Errors: 0, Skipped: 0, Time elapsed: 0.046 sec - in r.simple.TestSimpleArithmetic
Running r.simple.TestSimpleArrays
Tests run: 16, Failures: 0, Errors: 0, Skipped: 0, Time elapsed: 0.104 sec - in r.simple.TestSimpleArrays
Running r.simple.TestSimpleBuiltins
Tests run: 75, Failures: 0, Errors: 0, Skipped: 0, Time elapsed: 1.002 sec - in r.simple.TestSimpleBuiltins
Running r.simple.TestSimpleIfEvaluator
Tests run: 4, Failures: 0, Errors: 0, Skipped: 0, Time elapsed: 0.003 sec - in r.simple.TestSimpleIfEvaluator
Running r.simple.TestSimpleLoop
Tests run: 2, Failures: 0, Errors: 0, Skipped: 0, Time elapsed: 0.007 sec - in r.simple.TestSimpleLoop
Running r.simple.TestSimpleComparison
Tests run: 3, Failures: 0, Errors: 0, Skipped: 0, Time elapsed: 0.013 sec - in r.simple.TestSimpleComparison
Running r.simple.TestSimpleAssignment
Tests run: 4, Failures: 0, Errors: 0, Skipped: 0, Time elapsed: 0.003 sec - in r.simple.TestSimpleAssignment
Running r.benchmark25.test.TestMatcal
NOT running benchmark25 b25-matcal-2 as GNUR is not available.
NOT running benchmark25 b25-matcal-3 as GNUR is not available.
NOT running benchmark25 b25-matcal-4 as GNUR is not available.
NOT running benchmark25 b25-matcal-5 as GNUR is not available.
NOT running benchmark25 b25-matcal-1 as GNUR is not available.
Tests run: 5, Failures: 0, Errors: 0, Skipped: 0, Time elapsed: 0.001 sec - in r.benchmark25.test.TestMatcal
Running r.benchmark25.test.TestMatfunc
NOT running benchmark25 b25-matfunc-2 as GNUR is not available.
NOT running benchmark25 b25-matfunc-3 as GNUR is not available.
NOT running benchmark25 b25-matfunc-4 as GNUR is not available.
NOT running benchmark25 b25-matfunc-5 as GNUR is not available.
NOT running benchmark25 b25-matfunc-1 as GNUR is not available.
Tests run: 5, Failures: 0, Errors: 0, Skipped: 0, Time elapsed: 0 sec - in r.benchmark25.test.TestMatfunc
Running r.benchmark25.test.TestProg
NOT running benchmark25 b25-prog-2 as GNUR is not available.
NOT running benchmark25 b25-prog-3 as GNUR is not available.
NOT running benchmark25 b25-prog-4 as GNUR is not available.
NOT running benchmark25 b25-prog-5 as GNUR is not available.
NOT running benchmark25 b25-prog-1 as GNUR is not available.
Tests run: 5, Failures: 0, Errors: 0, Skipped: 0, Time elapsed: 0.001 sec - in r.benchmark25.test.TestProg
Running r.nodes.tools.TestPP
Tests run: 6, Failures: 0, Errors: 0, Skipped: 0, Time elapsed: 0 sec - in r.nodes.tools.TestPP

Results :

Tests run: 202, Failures: 0, Errors: 0, Skipped: 0

[INFO] ------------------------------------------------------------------------
[INFO] BUILD SUCCESS
[INFO] ------------------------------------------------------------------------
[INFO] Total time: 6.931 s
[INFO] Finished at: 2019-08-14T21:01:42+08:00
[INFO] ------------------------------------------------------------------------
