[VERSION]: 1.25
[INFO] Scanning for projects...
[INFO] 
[INFO] -------------------< com.github.javafaker:javafaker >-------------------
[INFO] Building Java Faker 0.15
[INFO] --------------------------------[ jar ]---------------------------------
[INFO] 
[INFO] --- maven-clean-plugin:2.5:clean (default-clean) @ javafaker ---
[INFO] Deleting /home/cgzhu/projects/gitslice/resources/facts/upgrade_jars_exp/_downloads/java-faker/target
[INFO] 
[INFO] --- maven-dependency-plugin:2.8:list (default-cli) @ javafaker ---
[INFO] 
[INFO] The following files have been resolved:
[INFO]    org.javassist:javassist:jar:3.21.0-GA:test
[INFO]    net.bytebuddy:byte-buddy-agent:jar:1.8.0:test
[INFO]    org.yaml:snakeyaml:jar:android:1.25:compile
[INFO]    org.hamcrest:hamcrest-core:jar:1.3:test
[INFO]    commons-beanutils:commons-beanutils:jar:1.9.2:test
[INFO]    org.slf4j:slf4j-simple:jar:1.7.25:test
[INFO]    org.apache.commons:commons-lang3:jar:3.5:compile
[INFO]    commons-validator:commons-validator:jar:1.6:test
[INFO]    commons-digester:commons-digester:jar:1.8.1:test
[INFO]    commons-collections:commons-collections:jar:3.2.2:test
[INFO]    org.hamcrest:hamcrest-library:jar:1.3:test
[INFO]    junit:junit:jar:4.12:test
[INFO]    org.mockito:mockito-core:jar:2.17.0:test
[INFO]    com.google.guava:guava:jar:20.0:test
[INFO]    dk.brics.automaton:automaton:jar:1.11-8:compile
[INFO]    org.slf4j:slf4j-api:jar:1.7.25:test
[INFO]    commons-logging:commons-logging:jar:1.2:test
[INFO]    org.reflections:reflections:jar:0.9.11:test
[INFO]    org.objenesis:objenesis:jar:2.6:test
[INFO]    com.github.mifmif:generex:jar:1.0.2:compile
[INFO]    net.bytebuddy:byte-buddy:jar:1.8.0:test
[INFO] 
[INFO] 
[INFO] --- maven-enforcer-plugin:1.0:enforce (enforce-maven) @ javafaker ---
[INFO] 
[INFO] --- maven-resources-plugin:2.6:resources (default-resources) @ javafaker ---
[INFO] Using 'UTF-8' encoding to copy filtered resources.
[INFO] Copying 47 resources
[INFO] 
[INFO] --- maven-compiler-plugin:3.7.0:compile (default-compile) @ javafaker ---
[INFO] Changes detected - recompiling the module!
[INFO] Compiling 64 source files to /home/cgzhu/projects/gitslice/resources/facts/upgrade_jars_exp/_downloads/java-faker/target/classes
[INFO] /home/cgzhu/projects/gitslice/resources/facts/upgrade_jars_exp/_downloads/java-faker/src/main/java/com/github/javafaker/service/FakeValuesService.java: /home/cgzhu/projects/gitslice/resources/facts/upgrade_jars_exp/_downloads/java-faker/src/main/java/com/github/javafaker/service/FakeValuesService.java uses unchecked or unsafe operations.
[INFO] /home/cgzhu/projects/gitslice/resources/facts/upgrade_jars_exp/_downloads/java-faker/src/main/java/com/github/javafaker/service/FakeValuesService.java: Recompile with -Xlint:unchecked for details.
[INFO] 
[INFO] --- maven-resources-plugin:2.6:testResources (default-testResources) @ javafaker ---
[INFO] Using 'UTF-8' encoding to copy filtered resources.
[INFO] Copying 1 resource
[INFO] 
[INFO] --- maven-compiler-plugin:3.7.0:testCompile (default-testCompile) @ javafaker ---
[INFO] Changes detected - recompiling the module!
[INFO] Compiling 71 source files to /home/cgzhu/projects/gitslice/resources/facts/upgrade_jars_exp/_downloads/java-faker/target/test-classes
[INFO] 
[INFO] --- maven-surefire-plugin:2.12.4:test (default-test) @ javafaker ---
[INFO] Surefire report directory: /home/cgzhu/projects/gitslice/resources/facts/upgrade_jars_exp/_downloads/java-faker/target/surefire-reports

-------------------------------------------------------
 T E S T S
-------------------------------------------------------
Running com.github.javafaker.LebowskiTest
Tests run: 3, Failures: 0, Errors: 0, Skipped: 0, Time elapsed: 1.026 sec
Running com.github.javafaker.CommerceTest
Tests run: 8, Failures: 0, Errors: 0, Skipped: 0, Time elapsed: 0.486 sec
Running com.github.javafaker.SpaceTest
Tests run: 13, Failures: 0, Errors: 0, Skipped: 0, Time elapsed: 0.474 sec
Running com.github.javafaker.matchers.IsANumberTest
Tests run: 4, Failures: 0, Errors: 0, Skipped: 0, Time elapsed: 0.002 sec
Running com.github.javafaker.FriendsTest
Tests run: 3, Failures: 0, Errors: 0, Skipped: 0, Time elapsed: 0.103 sec
Running com.github.javafaker.InternetTest
Tests run: 26, Failures: 0, Errors: 0, Skipped: 0, Time elapsed: 4.823 sec
Running com.github.javafaker.HackerTest
Tests run: 5, Failures: 0, Errors: 0, Skipped: 0, Time elapsed: 0.147 sec
Running com.github.javafaker.AppTest
Tests run: 3, Failures: 0, Errors: 0, Skipped: 0, Time elapsed: 0.091 sec
Running com.github.javafaker.AvatarTest
Tests run: 1, Failures: 0, Errors: 0, Skipped: 0, Time elapsed: 0.034 sec
Running com.github.javafaker.FinanceTest
Tests run: 5, Failures: 0, Errors: 0, Skipped: 0, Time elapsed: 0.185 sec
Running com.github.javafaker.SuperheroTest
Tests run: 5, Failures: 0, Errors: 0, Skipped: 0, Time elapsed: 0.147 sec
Running com.github.javafaker.ColorTest
Tests run: 1, Failures: 0, Errors: 0, Skipped: 0, Time elapsed: 0.029 sec
Running com.github.javafaker.RickAndMortyTest
Tests run: 3, Failures: 0, Errors: 0, Skipped: 0, Time elapsed: 0.088 sec
Running com.github.javafaker.HarryPotterTest
Tests run: 4, Failures: 0, Errors: 0, Skipped: 0, Time elapsed: 0.123 sec
Running com.github.javafaker.TwinPeaksTest
Tests run: 3, Failures: 0, Errors: 0, Skipped: 0, Time elapsed: 0.088 sec
Running com.github.javafaker.FileTest
Tests run: 7, Failures: 0, Errors: 0, Skipped: 0, Time elapsed: 0.208 sec
Running com.github.javafaker.MusicTest
Tests run: 3, Failures: 0, Errors: 0, Skipped: 0, Time elapsed: 0.088 sec
Running com.github.javafaker.RockBandTest
Tests run: 1, Failures: 0, Errors: 0, Skipped: 0, Time elapsed: 0.029 sec
Running com.github.javafaker.CurrencyTest
Tests run: 2, Failures: 0, Errors: 0, Skipped: 0, Time elapsed: 0.061 sec
Running com.github.javafaker.idnumbers.SwedishIdNumberTest
Tests run: 2, Failures: 0, Errors: 0, Skipped: 0, Time elapsed: 0.007 sec
Running com.github.javafaker.EsportsTest
Tests run: 5, Failures: 0, Errors: 0, Skipped: 0, Time elapsed: 0.147 sec
Running com.github.javafaker.TeamTest
Tests run: 4, Failures: 0, Errors: 0, Skipped: 0, Time elapsed: 0.117 sec
Running com.github.javafaker.WeatherTest
Tests run: 5, Failures: 0, Errors: 0, Skipped: 0, Time elapsed: 0.152 sec
Running com.github.javafaker.StockTest
Tests run: 2, Failures: 0, Errors: 0, Skipped: 0, Time elapsed: 0.069 sec
Running com.github.javafaker.YodaTest
Tests run: 1, Failures: 0, Errors: 0, Skipped: 0, Time elapsed: 0.029 sec
Running com.github.javafaker.LordOfTheRingsTest
Tests run: 2, Failures: 0, Errors: 0, Skipped: 0, Time elapsed: 0.059 sec
Running com.github.javafaker.IdNumberTest
Tests run: 5, Failures: 0, Errors: 0, Skipped: 0, Time elapsed: 0.535 sec
Running com.github.javafaker.WitcherTest
Tests run: 6, Failures: 0, Errors: 0, Skipped: 0, Time elapsed: 0.182 sec
Running com.github.javafaker.CompanyTest
Tests run: 9, Failures: 0, Errors: 0, Skipped: 0, Time elapsed: 0.291 sec
Running com.github.javafaker.JobTest
Tests run: 5, Failures: 0, Errors: 0, Skipped: 0, Time elapsed: 0.151 sec
Running com.github.javafaker.ChuckNorrisTest
Tests run: 1, Failures: 0, Errors: 0, Skipped: 0, Time elapsed: 0.029 sec
Running com.github.javafaker.CodeTest
Tests run: 11, Failures: 0, Errors: 0, Skipped: 0, Time elapsed: 4.732 sec
Running com.github.javafaker.OptionsTest
Tests run: 5, Failures: 0, Errors: 0, Skipped: 0, Time elapsed: 0.16 sec
Running com.github.javafaker.SlackEmojiTest
Tests run: 9, Failures: 0, Errors: 0, Skipped: 0, Time elapsed: 0.272 sec
Running com.github.javafaker.ShakespeareTest
Tests run: 4, Failures: 0, Errors: 0, Skipped: 0, Time elapsed: 0.119 sec
Running com.github.javafaker.integration.UkLocalDirectivesTest
Tests run: 1, Failures: 0, Errors: 0, Skipped: 0, Time elapsed: 0.051 sec
Running com.github.javafaker.MatzTest
Tests run: 1, Failures: 0, Errors: 0, Skipped: 0, Time elapsed: 0.043 sec
Running com.github.javafaker.BoolTest
Tests run: 1, Failures: 0, Errors: 0, Skipped: 0, Time elapsed: 0.043 sec
Running com.github.javafaker.DateAndTimeTest
Tests run: 6, Failures: 0, Errors: 0, Skipped: 0, Time elapsed: 0.291 sec
Running com.github.javafaker.NumberTest
[main] INFO com.github.javafaker.NumberTest - Range -25 to 25 is 0.9166666666666666 percent unique.
[main] INFO com.github.javafaker.NumberTest - Range -50 to 50 is 0.92 percent unique.
[main] INFO com.github.javafaker.NumberTest - Range -75 to 75 is 0.8918918918918919 percent unique.
[main] INFO com.github.javafaker.NumberTest - Range -100 to 100 is 0.94 percent unique.
[main] INFO com.github.javafaker.NumberTest - Range -125 to 125 is 0.9032258064516129 percent unique.
[main] INFO com.github.javafaker.NumberTest - Range -150 to 150 is 0.8933333333333333 percent unique.
[main] INFO com.github.javafaker.NumberTest - Range -175 to 175 is 0.8735632183908046 percent unique.
[main] INFO com.github.javafaker.NumberTest - Range -200 to 200 is 0.86 percent unique.
[main] INFO com.github.javafaker.NumberTest - Range -225 to 225 is 0.8392857142857143 percent unique.
[main] INFO com.github.javafaker.NumberTest - Range -250 to 250 is 0.904 percent unique.
[main] INFO com.github.javafaker.NumberTest - Range -275 to 275 is 0.8905109489051095 percent unique.
[main] INFO com.github.javafaker.NumberTest - Range -300 to 300 is 0.8266666666666667 percent unique.
[main] INFO com.github.javafaker.NumberTest - Range -325 to 325 is 0.8580246913580247 percent unique.
[main] INFO com.github.javafaker.NumberTest - Range -350 to 350 is 0.84 percent unique.
[main] INFO com.github.javafaker.NumberTest - Range -375 to 375 is 0.8556149732620321 percent unique.
[main] INFO com.github.javafaker.NumberTest - Range -400 to 400 is 0.855 percent unique.
[main] INFO com.github.javafaker.NumberTest - Range -425 to 425 is 0.8915094339622641 percent unique.
[main] INFO com.github.javafaker.NumberTest - Range -450 to 450 is 0.8755555555555555 percent unique.
[main] INFO com.github.javafaker.NumberTest - Range -475 to 475 is 0.869198312236287 percent unique.
[main] INFO com.github.javafaker.NumberTest - Range -500 to 500 is 0.896 percent unique.
[main] INFO com.github.javafaker.NumberTest - Range -525 to 525 is 0.8778625954198473 percent unique.
[main] INFO com.github.javafaker.NumberTest - Range -550 to 550 is 0.8727272727272727 percent unique.
[main] INFO com.github.javafaker.NumberTest - Range -575 to 575 is 0.8954703832752613 percent unique.
[main] INFO com.github.javafaker.NumberTest - Range -600 to 600 is 0.86 percent unique.
[main] INFO com.github.javafaker.NumberTest - Range -625 to 625 is 0.9038461538461539 percent unique.
[main] INFO com.github.javafaker.NumberTest - Range -650 to 650 is 0.8769230769230769 percent unique.
[main] INFO com.github.javafaker.NumberTest - Range -675 to 675 is 0.8813056379821959 percent unique.
[main] INFO com.github.javafaker.NumberTest - Range -700 to 700 is 0.8771428571428571 percent unique.
[main] INFO com.github.javafaker.NumberTest - Range -725 to 725 is 0.9088397790055248 percent unique.
[main] INFO com.github.javafaker.NumberTest - Range -750 to 750 is 0.9146666666666666 percent unique.
[main] INFO com.github.javafaker.NumberTest - Range -775 to 775 is 0.8656330749354005 percent unique.
[main] INFO com.github.javafaker.NumberTest - Range -800 to 800 is 0.8975 percent unique.
[main] INFO com.github.javafaker.NumberTest - Range -825 to 825 is 0.883495145631068 percent unique.
[main] INFO com.github.javafaker.NumberTest - Range -850 to 850 is 0.8705882352941177 percent unique.
[main] INFO com.github.javafaker.NumberTest - Range -875 to 875 is 0.8810068649885584 percent unique.
[main] INFO com.github.javafaker.NumberTest - Range -900 to 900 is 0.8911111111111111 percent unique.
[main] INFO com.github.javafaker.NumberTest - Range -925 to 925 is 0.8744588744588745 percent unique.
[main] INFO com.github.javafaker.NumberTest - Range -950 to 950 is 0.88 percent unique.
[main] INFO com.github.javafaker.NumberTest - Range -975 to 975 is 0.8850102669404517 percent unique.
[main] INFO com.github.javafaker.NumberTest - Range -25 to 25 is 0.9166666666666666 percent unique.
[main] INFO com.github.javafaker.NumberTest - Range -50 to 50 is 0.84 percent unique.
[main] INFO com.github.javafaker.NumberTest - Range -75 to 75 is 0.918918918918919 percent unique.
[main] INFO com.github.javafaker.NumberTest - Range -100 to 100 is 0.96 percent unique.
[main] INFO com.github.javafaker.NumberTest - Range -125 to 125 is 0.9193548387096774 percent unique.
[main] INFO com.github.javafaker.NumberTest - Range -150 to 150 is 0.9066666666666666 percent unique.
[main] INFO com.github.javafaker.NumberTest - Range -175 to 175 is 0.8735632183908046 percent unique.
[main] INFO com.github.javafaker.NumberTest - Range -200 to 200 is 0.89 percent unique.
[main] INFO com.github.javafaker.NumberTest - Range -225 to 225 is 0.875 percent unique.
[main] INFO com.github.javafaker.NumberTest - Range -250 to 250 is 0.896 percent unique.
[main] INFO com.github.javafaker.NumberTest - Range -275 to 275 is 0.9051094890510949 percent unique.
[main] INFO com.github.javafaker.NumberTest - Range -300 to 300 is 0.92 percent unique.
[main] INFO com.github.javafaker.NumberTest - Range -325 to 325 is 0.9012345679012346 percent unique.
[main] INFO com.github.javafaker.NumberTest - Range -350 to 350 is 0.8628571428571429 percent unique.
[main] INFO com.github.javafaker.NumberTest - Range -375 to 375 is 0.8770053475935828 percent unique.
[main] INFO com.github.javafaker.NumberTest - Range -400 to 400 is 0.875 percent unique.
[main] INFO com.github.javafaker.NumberTest - Range -425 to 425 is 0.8632075471698113 percent unique.
[main] INFO com.github.javafaker.NumberTest - Range -450 to 450 is 0.8533333333333334 percent unique.
[main] INFO com.github.javafaker.NumberTest - Range -475 to 475 is 0.8734177215189873 percent unique.
[main] INFO com.github.javafaker.NumberTest - Range -500 to 500 is 0.892 percent unique.
[main] INFO com.github.javafaker.NumberTest - Range -525 to 525 is 0.8969465648854962 percent unique.
[main] INFO com.github.javafaker.NumberTest - Range -550 to 550 is 0.8981818181818182 percent unique.
[main] INFO com.github.javafaker.NumberTest - Range -575 to 575 is 0.9059233449477352 percent unique.
[main] INFO com.github.javafaker.NumberTest - Range -600 to 600 is 0.8833333333333333 percent unique.
[main] INFO com.github.javafaker.NumberTest - Range -625 to 625 is 0.875 percent unique.
[main] INFO com.github.javafaker.NumberTest - Range -650 to 650 is 0.88 percent unique.
[main] INFO com.github.javafaker.NumberTest - Range -675 to 675 is 0.887240356083086 percent unique.
[main] INFO com.github.javafaker.NumberTest - Range -700 to 700 is 0.8742857142857143 percent unique.
[main] INFO com.github.javafaker.NumberTest - Range -725 to 725 is 0.8646408839779005 percent unique.
[main] INFO com.github.javafaker.NumberTest - Range -750 to 750 is 0.8826666666666667 percent unique.
[main] INFO com.github.javafaker.NumberTest - Range -775 to 775 is 0.9043927648578811 percent unique.
[main] INFO com.github.javafaker.NumberTest - Range -800 to 800 is 0.89 percent unique.
[main] INFO com.github.javafaker.NumberTest - Range -825 to 825 is 0.8907766990291263 percent unique.
[main] INFO com.github.javafaker.NumberTest - Range -850 to 850 is 0.8964705882352941 percent unique.
[main] INFO com.github.javafaker.NumberTest - Range -875 to 875 is 0.8832951945080092 percent unique.
[main] INFO com.github.javafaker.NumberTest - Range -900 to 900 is 0.86 percent unique.
[main] INFO com.github.javafaker.NumberTest - Range -925 to 925 is 0.8896103896103896 percent unique.
[main] INFO com.github.javafaker.NumberTest - Range -950 to 950 is 0.8842105263157894 percent unique.
[main] INFO com.github.javafaker.NumberTest - Range -975 to 975 is 0.8747433264887063 percent unique.
[main] INFO com.github.javafaker.NumberTest - Range -25 to 25 is 0.75 percent unique.
[main] INFO com.github.javafaker.NumberTest - Range -50 to 50 is 0.92 percent unique.
[main] INFO com.github.javafaker.NumberTest - Range -75 to 75 is 0.8918918918918919 percent unique.
[main] INFO com.github.javafaker.NumberTest - Range -100 to 100 is 0.86 percent unique.
[main] INFO com.github.javafaker.NumberTest - Range -125 to 125 is 0.9032258064516129 percent unique.
[main] INFO com.github.javafaker.NumberTest - Range -150 to 150 is 0.84 percent unique.
[main] INFO com.github.javafaker.NumberTest - Range -175 to 175 is 0.8620689655172413 percent unique.
[main] INFO com.github.javafaker.NumberTest - Range -200 to 200 is 0.9 percent unique.
[main] INFO com.github.javafaker.NumberTest - Range -225 to 225 is 0.9107142857142857 percent unique.
[main] INFO com.github.javafaker.NumberTest - Range -250 to 250 is 0.84 percent unique.
[main] INFO com.github.javafaker.NumberTest - Range -275 to 275 is 0.8832116788321168 percent unique.
[main] INFO com.github.javafaker.NumberTest - Range -300 to 300 is 0.8933333333333333 percent unique.
[main] INFO com.github.javafaker.NumberTest - Range -325 to 325 is 0.9074074074074074 percent unique.
[main] INFO com.github.javafaker.NumberTest - Range -350 to 350 is 0.8628571428571429 percent unique.
[main] INFO com.github.javafaker.NumberTest - Range -375 to 375 is 0.8716577540106952 percent unique.
[main] INFO com.github.javafaker.NumberTest - Range -400 to 400 is 0.845 percent unique.
[main] INFO com.github.javafaker.NumberTest - Range -425 to 425 is 0.8584905660377359 percent unique.
[main] INFO com.github.javafaker.NumberTest - Range -450 to 450 is 0.8977777777777778 percent unique.
[main] INFO com.github.javafaker.NumberTest - Range -475 to 475 is 0.8945147679324894 percent unique.
[main] INFO com.github.javafaker.NumberTest - Range -500 to 500 is 0.88 percent unique.
[main] INFO com.github.javafaker.NumberTest - Range -525 to 525 is 0.9045801526717557 percent unique.
[main] INFO com.github.javafaker.NumberTest - Range -550 to 550 is 0.8763636363636363 percent unique.
[main] INFO com.github.javafaker.NumberTest - Range -575 to 575 is 0.8780487804878049 percent unique.
[main] INFO com.github.javafaker.NumberTest - Range -600 to 600 is 0.8533333333333334 percent unique.
[main] INFO com.github.javafaker.NumberTest - Range -625 to 625 is 0.875 percent unique.
[main] INFO com.github.javafaker.NumberTest - Range -650 to 650 is 0.916923076923077 percent unique.
[main] INFO com.github.javafaker.NumberTest - Range -675 to 675 is 0.8694362017804155 percent unique.
[main] INFO com.github.javafaker.NumberTest - Range -700 to 700 is 0.9057142857142857 percent unique.
[main] INFO com.github.javafaker.NumberTest - Range -725 to 725 is 0.8922651933701657 percent unique.
[main] INFO com.github.javafaker.NumberTest - Range -750 to 750 is 0.8746666666666667 percent unique.
[main] INFO com.github.javafaker.NumberTest - Range -775 to 775 is 0.8785529715762274 percent unique.
[main] INFO com.github.javafaker.NumberTest - Range -800 to 800 is 0.875 percent unique.
[main] INFO com.github.javafaker.NumberTest - Range -825 to 825 is 0.8689320388349514 percent unique.
[main] INFO com.github.javafaker.NumberTest - Range -850 to 850 is 0.8847058823529412 percent unique.
[main] INFO com.github.javafaker.NumberTest - Range -875 to 875 is 0.9038901601830663 percent unique.
[main] INFO com.github.javafaker.NumberTest - Range -900 to 900 is 0.8711111111111111 percent unique.
[main] INFO com.github.javafaker.NumberTest - Range -925 to 925 is 0.8636363636363636 percent unique.
[main] INFO com.github.javafaker.NumberTest - Range -950 to 950 is 0.871578947368421 percent unique.
[main] INFO com.github.javafaker.NumberTest - Range -975 to 975 is 0.8850102669404517 percent unique.
Tests run: 14, Failures: 0, Errors: 0, Skipped: 0, Time elapsed: 0.883 sec
Running com.github.javafaker.RandomFakerTest
Tests run: 4, Failures: 0, Errors: 0, Skipped: 0, Time elapsed: 0.238 sec
Running com.github.javafaker.ZeldaTest
Tests run: 2, Failures: 0, Errors: 0, Skipped: 0, Time elapsed: 0.059 sec
Running com.github.javafaker.CatTest
Tests run: 3, Failures: 0, Errors: 0, Skipped: 0, Time elapsed: 0.087 sec
Running com.github.javafaker.AddressTest
Tests run: 14, Failures: 0, Errors: 0, Skipped: 0, Time elapsed: 0.545 sec
Running com.github.javafaker.ArtistTest
Tests run: 1, Failures: 0, Errors: 0, Skipped: 0, Time elapsed: 0.037 sec
Running com.github.javafaker.LoremTest
Tests run: 14, Failures: 0, Errors: 0, Skipped: 0, Time elapsed: 0.425 sec
Running com.github.javafaker.CryptoTest
Tests run: 4, Failures: 0, Errors: 0, Skipped: 0, Time elapsed: 0.123 sec
Running com.github.javafaker.FakerTest
Tests run: 27, Failures: 0, Errors: 0, Skipped: 0, Time elapsed: 0.988 sec
Running com.github.javafaker.PokemonTest
Tests run: 2, Failures: 0, Errors: 0, Skipped: 0, Time elapsed: 0.058 sec
Running com.github.javafaker.service.FakeValuesServiceTest
Tests run: 22, Failures: 0, Errors: 0, Skipped: 0, Time elapsed: 1.486 sec
Running com.github.javafaker.service.RandomServiceTest
Tests run: 8, Failures: 0, Errors: 0, Skipped: 0, Time elapsed: 0.25 sec
Running com.github.javafaker.EducatorTest
Tests run: 4, Failures: 0, Errors: 0, Skipped: 0, Time elapsed: 0.122 sec
Running com.github.javafaker.BeerTest
Tests run: 5, Failures: 0, Errors: 0, Skipped: 0, Time elapsed: 0.149 sec
Running com.github.javafaker.DemographicTest
Tests run: 5, Failures: 0, Errors: 0, Skipped: 0, Time elapsed: 0.151 sec
Running com.github.javafaker.AncientTest
Tests run: 4, Failures: 0, Errors: 0, Skipped: 0, Time elapsed: 0.121 sec
Running com.github.javafaker.HipsterTest
Tests run: 1, Failures: 0, Errors: 0, Skipped: 0, Time elapsed: 0.03 sec
Running com.github.javafaker.FoodTest
Tests run: 3, Failures: 0, Errors: 0, Skipped: 0, Time elapsed: 0.094 sec
Running com.github.javafaker.NameTest
Tests run: 9, Failures: 0, Errors: 0, Skipped: 0, Time elapsed: 0.274 sec
Running com.github.javafaker.GameOfThronesTest
Tests run: 5, Failures: 0, Errors: 0, Skipped: 0, Time elapsed: 0.15 sec
Running com.github.javafaker.UniversityTest
Tests run: 3, Failures: 0, Errors: 0, Skipped: 0, Time elapsed: 0.089 sec
Running com.github.javafaker.BookTest
Tests run: 4, Failures: 0, Errors: 0, Skipped: 0, Time elapsed: 0.121 sec
Running com.github.javafaker.PhoneNumberTest
Tests run: 5, Failures: 0, Errors: 0, Skipped: 0, Time elapsed: 0.295 sec

Results :

Tests run: 348, Failures: 0, Errors: 0, Skipped: 0

[INFO] ------------------------------------------------------------------------
[INFO] BUILD SUCCESS
[INFO] ------------------------------------------------------------------------
[INFO] Total time: 25.625 s
[INFO] Finished at: 2019-08-20T16:22:10+08:00
[INFO] ------------------------------------------------------------------------
