[VERSION]: 1.20
[INFO] Scanning for projects...
Downloading from central: https://repo.maven.apache.org/maven2/org/apache/maven/plugins/maven-enforcer-plugin/1.0/maven-enforcer-plugin-1.0.pom
Progress (1): 2.2/6.7 kB
Progress (1): 5.0/6.7 kB
Progress (1): 6.7 kB    
                    
Downloaded from central: https://repo.maven.apache.org/maven2/org/apache/maven/plugins/maven-enforcer-plugin/1.0/maven-enforcer-plugin-1.0.pom (6.7 kB at 6.2 kB/s)
Downloading from central: https://repo.maven.apache.org/maven2/org/apache/maven/enforcer/enforcer/1.0/enforcer-1.0.pom
Progress (1): 2.2/12 kB
Progress (1): 5.0/12 kB
Progress (1): 7.8/12 kB
Progress (1): 11/12 kB 
Progress (1): 12 kB   
                   
Downloaded from central: https://repo.maven.apache.org/maven2/org/apache/maven/enforcer/enforcer/1.0/enforcer-1.0.pom (12 kB at 28 kB/s)
Downloading from central: https://repo.maven.apache.org/maven2/org/apache/maven/maven-parent/17/maven-parent-17.pom
Progress (1): 2.2/25 kB
Progress (1): 5.0/25 kB
Progress (1): 7.8/25 kB
Progress (1): 11/25 kB 
Progress (1): 13/25 kB
Progress (1): 16/25 kB
Progress (1): 19/25 kB
Progress (1): 21/25 kB
Progress (1): 24/25 kB
Progress (1): 25 kB   
                   
Downloaded from central: https://repo.maven.apache.org/maven2/org/apache/maven/maven-parent/17/maven-parent-17.pom (25 kB at 47 kB/s)
Downloading from central: https://repo.maven.apache.org/maven2/org/apache/maven/plugins/maven-enforcer-plugin/1.0/maven-enforcer-plugin-1.0.jar
Progress (1): 2.2/22 kB
Progress (1): 5.0/22 kB
Progress (1): 7.7/22 kB
Progress (1): 10/22 kB 
Progress (1): 13/22 kB
Progress (1): 16/22 kB
Progress (1): 19/22 kB
Progress (1): 21/22 kB
Progress (1): 22 kB   
                   
Downloaded from central: https://repo.maven.apache.org/maven2/org/apache/maven/plugins/maven-enforcer-plugin/1.0/maven-enforcer-plugin-1.0.jar (22 kB at 59 kB/s)
[INFO] 
[INFO] -------------------< com.github.javafaker:javafaker >-------------------
[INFO] Building Java Faker 0.15
[INFO] --------------------------------[ jar ]---------------------------------
Downloading from central: https://repo.maven.apache.org/maven2/org/apache/commons/commons-lang3/3.5/commons-lang3-3.5.pom
Progress (1): 2.2/23 kB
Progress (1): 5.0/23 kB
Progress (1): 7.8/23 kB
Progress (1): 11/23 kB 
Progress (1): 13/23 kB
Progress (1): 16/23 kB
Progress (1): 19/23 kB
Progress (1): 21/23 kB
Progress (1): 23 kB   
                   
Downloaded from central: https://repo.maven.apache.org/maven2/org/apache/commons/commons-lang3/3.5/commons-lang3-3.5.pom (23 kB at 65 kB/s)
Downloading from central: https://repo.maven.apache.org/maven2/org/apache/commons/commons-parent/41/commons-parent-41.pom
Progress (1): 1.1/65 kB
Progress (1): 3.8/65 kB
Progress (1): 6.6/65 kB
Progress (1): 9.3/65 kB
Progress (1): 12/65 kB 
Progress (1): 15/65 kB
Progress (1): 17/65 kB
Progress (1): 20/65 kB
Progress (1): 23/65 kB
Progress (1): 26/65 kB
Progress (1): 28/65 kB
Progress (1): 31/65 kB
Progress (1): 34/65 kB
Progress (1): 38/65 kB
Progress (1): 42/65 kB
Progress (1): 46/65 kB
Progress (1): 50/65 kB
Progress (1): 54/65 kB
Progress (1): 58/65 kB
Progress (1): 63/65 kB
Progress (1): 65 kB   
                   
Downloaded from central: https://repo.maven.apache.org/maven2/org/apache/commons/commons-parent/41/commons-parent-41.pom (65 kB at 117 kB/s)
Downloading from central: https://repo.maven.apache.org/maven2/org/yaml/snakeyaml/1.20/snakeyaml-1.20.pom
Progress (1): 4.1/38 kB
Progress (1): 7.7/38 kB
Progress (1): 12/38 kB 
Progress (1): 16/38 kB
Progress (1): 20/38 kB
Progress (1): 24/38 kB
Progress (1): 28/38 kB
Progress (1): 32/38 kB
Progress (1): 36/38 kB
Progress (1): 38 kB   
                   
Downloaded from central: https://repo.maven.apache.org/maven2/org/yaml/snakeyaml/1.20/snakeyaml-1.20.pom (38 kB at 104 kB/s)
Downloading from central: https://repo.maven.apache.org/maven2/com/github/mifmif/generex/1.0.2/generex-1.0.2.pom
Progress (1): 4.1/11 kB
Progress (1): 7.7/11 kB
Progress (1): 11 kB    
                   
Downloaded from central: https://repo.maven.apache.org/maven2/com/github/mifmif/generex/1.0.2/generex-1.0.2.pom (11 kB at 31 kB/s)
Downloading from central: https://repo.maven.apache.org/maven2/dk/brics/automaton/automaton/1.11-8/automaton-1.11-8.pom
Progress (1): 1.1 kB
                    
Downloaded from central: https://repo.maven.apache.org/maven2/dk/brics/automaton/automaton/1.11-8/automaton-1.11-8.pom (1.1 kB at 3.0 kB/s)
Downloading from central: https://repo.maven.apache.org/maven2/org/slf4j/slf4j-api/1.7.25/slf4j-api-1.7.25.pom
Progress (1): 2.8/3.8 kB
Progress (1): 3.8 kB    
                    
Downloaded from central: https://repo.maven.apache.org/maven2/org/slf4j/slf4j-api/1.7.25/slf4j-api-1.7.25.pom (3.8 kB at 10 kB/s)
Downloading from central: https://repo.maven.apache.org/maven2/org/slf4j/slf4j-parent/1.7.25/slf4j-parent-1.7.25.pom
Progress (1): 2.2/14 kB
Progress (1): 5.0/14 kB
Progress (1): 7.7/14 kB
Progress (1): 11/14 kB 
Progress (1): 13/14 kB
Progress (1): 14 kB   
                   
Downloaded from central: https://repo.maven.apache.org/maven2/org/slf4j/slf4j-parent/1.7.25/slf4j-parent-1.7.25.pom (14 kB at 37 kB/s)
Downloading from central: https://repo.maven.apache.org/maven2/org/slf4j/slf4j-simple/1.7.25/slf4j-simple-1.7.25.pom
Progress (1): 1.0 kB
                    
Downloaded from central: https://repo.maven.apache.org/maven2/org/slf4j/slf4j-simple/1.7.25/slf4j-simple-1.7.25.pom (1.0 kB at 2.8 kB/s)
Downloading from central: https://repo.maven.apache.org/maven2/org/reflections/reflections/0.9.11/reflections-0.9.11.pom
Progress (1): 2.2/9.9 kB
Progress (1): 5.0/9.9 kB
Progress (1): 7.8/9.9 kB
Progress (1): 9.9 kB    
                    
Downloaded from central: https://repo.maven.apache.org/maven2/org/reflections/reflections/0.9.11/reflections-0.9.11.pom (9.9 kB at 27 kB/s)
Downloading from central: https://repo.maven.apache.org/maven2/com/google/guava/guava/20.0/guava-20.0.pom
Progress (1): 2.8/6.8 kB
Progress (1): 5.5/6.8 kB
Progress (1): 6.8 kB    
                    
Downloaded from central: https://repo.maven.apache.org/maven2/com/google/guava/guava/20.0/guava-20.0.pom (6.8 kB at 19 kB/s)
Downloading from central: https://repo.maven.apache.org/maven2/com/google/guava/guava-parent/20.0/guava-parent-20.0.pom
Progress (1): 2.8/9.9 kB
Progress (1): 5.5/9.9 kB
Progress (1): 8.3/9.9 kB
Progress (1): 9.9 kB    
                    
Downloaded from central: https://repo.maven.apache.org/maven2/com/google/guava/guava-parent/20.0/guava-parent-20.0.pom (9.9 kB at 27 kB/s)
Downloading from central: https://repo.maven.apache.org/maven2/org/javassist/javassist/3.21.0-GA/javassist-3.21.0-GA.pom
Progress (1): 2.2/9.8 kB
Progress (1): 5.0/9.8 kB
Progress (1): 7.8/9.8 kB
Progress (1): 9.8 kB    
                    
Downloaded from central: https://repo.maven.apache.org/maven2/org/javassist/javassist/3.21.0-GA/javassist-3.21.0-GA.pom (9.8 kB at 26 kB/s)
Downloading from central: https://repo.maven.apache.org/maven2/org/mockito/mockito-core/2.17.0/mockito-core-2.17.0.pom
Progress (1): 2.2/16 kB
Progress (1): 5.0/16 kB
Progress (1): 7.8/16 kB
Progress (1): 11/16 kB 
Progress (1): 13/16 kB
Progress (1): 16/16 kB
Progress (1): 16 kB   
                   
Downloaded from central: https://repo.maven.apache.org/maven2/org/mockito/mockito-core/2.17.0/mockito-core-2.17.0.pom (16 kB at 44 kB/s)
Downloading from central: https://repo.maven.apache.org/maven2/net/bytebuddy/byte-buddy/1.8.0/byte-buddy-1.8.0.pom
Progress (1): 2.2/12 kB
Progress (1): 5.0/12 kB
Progress (1): 7.8/12 kB
Progress (1): 11/12 kB 
Progress (1): 12 kB   
                   
Downloaded from central: https://repo.maven.apache.org/maven2/net/bytebuddy/byte-buddy/1.8.0/byte-buddy-1.8.0.pom (12 kB at 33 kB/s)
Downloading from central: https://repo.maven.apache.org/maven2/net/bytebuddy/byte-buddy-parent/1.8.0/byte-buddy-parent-1.8.0.pom
Progress (1): 2.2/26 kB
Progress (1): 5.0/26 kB
Progress (1): 7.8/26 kB
Progress (1): 11/26 kB 
Progress (1): 13/26 kB
Progress (1): 16/26 kB
Progress (1): 19/26 kB
Progress (1): 21/26 kB
Progress (1): 24/26 kB
Progress (1): 26 kB   
                   
Downloaded from central: https://repo.maven.apache.org/maven2/net/bytebuddy/byte-buddy-parent/1.8.0/byte-buddy-parent-1.8.0.pom (26 kB at 71 kB/s)
Downloading from central: https://repo.maven.apache.org/maven2/net/bytebuddy/byte-buddy-agent/1.8.0/byte-buddy-agent-1.8.0.pom
Progress (1): 2.2/4.9 kB
Progress (1): 4.9 kB    
                    
Downloaded from central: https://repo.maven.apache.org/maven2/net/bytebuddy/byte-buddy-agent/1.8.0/byte-buddy-agent-1.8.0.pom (4.9 kB at 14 kB/s)
Downloading from central: https://repo.maven.apache.org/maven2/org/objenesis/objenesis/2.6/objenesis-2.6.pom
Progress (1): 0.4/2.8 kB
Progress (1): 2.8 kB    
                    
Downloaded from central: https://repo.maven.apache.org/maven2/org/objenesis/objenesis/2.6/objenesis-2.6.pom (2.8 kB at 7.8 kB/s)
Downloading from central: https://repo.maven.apache.org/maven2/org/objenesis/objenesis-parent/2.6/objenesis-parent-2.6.pom
Progress (1): 2.2/17 kB
Progress (1): 5.0/17 kB
Progress (1): 7.7/17 kB
Progress (1): 11/17 kB 
Progress (1): 13/17 kB
Progress (1): 16/17 kB
Progress (1): 17 kB   
                   
Downloaded from central: https://repo.maven.apache.org/maven2/org/objenesis/objenesis-parent/2.6/objenesis-parent-2.6.pom (17 kB at 46 kB/s)
Downloading from central: https://repo.maven.apache.org/maven2/commons-validator/commons-validator/1.6/commons-validator-1.6.pom
Progress (1): 2.8/12 kB
Progress (1): 3.2/12 kB
Progress (1): 6.0/12 kB
Progress (1): 7.3/12 kB
Progress (1): 10/12 kB 
Progress (1): 12 kB   
                   
Downloaded from central: https://repo.maven.apache.org/maven2/commons-validator/commons-validator/1.6/commons-validator-1.6.pom (12 kB at 33 kB/s)
Downloading from central: https://repo.maven.apache.org/maven2/org/apache/commons/commons-parent/42/commons-parent-42.pom
Progress (1): 2.2/68 kB
Progress (1): 5.0/68 kB
Progress (1): 7.8/68 kB
Progress (1): 11/68 kB 
Progress (1): 13/68 kB
Progress (1): 16/68 kB
Progress (1): 19/68 kB
Progress (1): 21/68 kB
Progress (1): 24/68 kB
Progress (1): 27/68 kB
Progress (1): 30/68 kB
Progress (1): 32/68 kB
Progress (1): 36/68 kB
Progress (1): 40/68 kB
Progress (1): 45/68 kB
Progress (1): 49/68 kB
Progress (1): 53/68 kB
Progress (1): 57/68 kB
Progress (1): 61/68 kB
Progress (1): 65/68 kB
Progress (1): 68 kB   
                   
Downloaded from central: https://repo.maven.apache.org/maven2/org/apache/commons/commons-parent/42/commons-parent-42.pom (68 kB at 125 kB/s)
Downloading from central: https://repo.maven.apache.org/maven2/commons-digester/commons-digester/1.8.1/commons-digester-1.8.1.pom
Progress (1): 2.8/10 kB
Progress (1): 3.0/10 kB
Progress (1): 5.8/10 kB
Progress (1): 8.5/10 kB
Progress (1): 10 kB    
                   
Downloaded from central: https://repo.maven.apache.org/maven2/commons-digester/commons-digester/1.8.1/commons-digester-1.8.1.pom (10 kB at 28 kB/s)
Downloading from central: https://repo.maven.apache.org/maven2/commons-collections/commons-collections/3.2.2/commons-collections-3.2.2.pom
Progress (1): 2.2/12 kB
Progress (1): 5.0/12 kB
Progress (1): 7.8/12 kB
Progress (1): 11/12 kB 
Progress (1): 12 kB   
                   
Downloaded from central: https://repo.maven.apache.org/maven2/commons-collections/commons-collections/3.2.2/commons-collections-3.2.2.pom (12 kB at 34 kB/s)
Downloading from central: https://repo.maven.apache.org/maven2/org/apache/commons/commons-lang3/3.5/commons-lang3-3.5.jar
Downloading from central: https://repo.maven.apache.org/maven2/org/yaml/snakeyaml/1.20/snakeyaml-1.20-android.jar
Downloading from central: https://repo.maven.apache.org/maven2/org/slf4j/slf4j-api/1.7.25/slf4j-api-1.7.25.jar
Downloading from central: https://repo.maven.apache.org/maven2/dk/brics/automaton/automaton/1.11-8/automaton-1.11-8.jar
Downloading from central: https://repo.maven.apache.org/maven2/com/github/mifmif/generex/1.0.2/generex-1.0.2.jar
Progress (1): 2.2/480 kB
Progress (1): 5.0/480 kB
Progress (1): 7.7/480 kB
Progress (1): 10/480 kB 
Progress (1): 13/480 kB
Progress (1): 16/480 kB
Progress (1): 19/480 kB
Progress (1): 21/480 kB
Progress (1): 24/480 kB
Progress (1): 27/480 kB
Progress (1): 30/480 kB
Progress (1): 32/480 kB
Progress (1): 36/480 kB
Progress (1): 40/480 kB
Progress (1): 45/480 kB
Progress (1): 49/480 kB
Progress (1): 53/480 kB
Progress (1): 57/480 kB
Progress (1): 61/480 kB
Progress (1): 65/480 kB
Progress (1): 69/480 kB
Progress (1): 73/480 kB
Progress (1): 77/480 kB
Progress (1): 81/480 kB
Progress (1): 85/480 kB
Progress (1): 90/480 kB
Progress (1): 94/480 kB
Progress (1): 98/480 kB
Progress (1): 102/480 kB
Progress (1): 106/480 kB
Progress (1): 110/480 kB
Progress (1): 114/480 kB
Progress (1): 118/480 kB
Progress (1): 122/480 kB
Progress (1): 126/480 kB
Progress (1): 131/480 kB
Progress (1): 135/480 kB
Progress (1): 139/480 kB
Progress (1): 143/480 kB
Progress (1): 147/480 kB
Progress (1): 151/480 kB
Progress (1): 155/480 kB
Progress (1): 159/480 kB
Progress (1): 163/480 kB
Progress (1): 167/480 kB
Progress (1): 171/480 kB
Progress (1): 176/480 kB
Progress (1): 180/480 kB
Progress (1): 184/480 kB
Progress (1): 188/480 kB
Progress (1): 192/480 kB
Progress (1): 196/480 kB
Progress (1): 200/480 kB
Progress (1): 204/480 kB
Progress (1): 208/480 kB
Progress (1): 212/480 kB
Progress (1): 217/480 kB
Progress (1): 219/480 kB
Progress (1): 223/480 kB
Progress (1): 227/480 kB
Progress (1): 231/480 kB
Progress (1): 235/480 kB
Progress (1): 239/480 kB
Progress (1): 243/480 kB
Progress (1): 247/480 kB
Progress (1): 251/480 kB
Progress (1): 256/480 kB
Progress (1): 260/480 kB
Progress (1): 264/480 kB
Progress (1): 268/480 kB
Progress (1): 272/480 kB
Progress (1): 276/480 kB
Progress (1): 280/480 kB
Progress (1): 284/480 kB
Progress (1): 288/480 kB
Progress (1): 292/480 kB
Progress (1): 297/480 kB
Progress (1): 301/480 kB
Progress (1): 305/480 kB
Progress (1): 309/480 kB
Progress (1): 313/480 kB
Progress (1): 317/480 kB
Progress (1): 321/480 kB
Progress (1): 325/480 kB
Progress (1): 329/480 kB
Progress (1): 333/480 kB
Progress (1): 338/480 kB
Progress (1): 342/480 kB
Progress (1): 346/480 kB
Progress (1): 350/480 kB
Progress (1): 354/480 kB
Progress (1): 358/480 kB
Progress (1): 362/480 kB
Progress (1): 366/480 kB
Progress (1): 370/480 kB
Progress (1): 374/480 kB
Progress (1): 378/480 kB
Progress (1): 383/480 kB
Progress (1): 387/480 kB
Progress (1): 391/480 kB
Progress (1): 395/480 kB
Progress (1): 399/480 kB
Progress (1): 403/480 kB
Progress (1): 407/480 kB
Progress (1): 411/480 kB
Progress (1): 415/480 kB
Progress (1): 419/480 kB
Progress (1): 424/480 kB
Progress (1): 428/480 kB
Progress (1): 432/480 kB
Progress (1): 436/480 kB
Progress (1): 440/480 kB
Progress (1): 444/480 kB
Progress (1): 448/480 kB
Progress (1): 452/480 kB
Progress (1): 456/480 kB
Progress (1): 460/480 kB
Progress (2): 460/480 kB | 2.8/41 kB
Progress (2): 464/480 kB | 2.8/41 kB
Progress (2): 464/480 kB | 5.5/41 kB
Progress (3): 464/480 kB | 5.5/41 kB | 2.2/176 kB
Progress (3): 464/480 kB | 8.3/41 kB | 2.2/176 kB
Progress (3): 469/480 kB | 8.3/41 kB | 2.2/176 kB
Progress (3): 469/480 kB | 8.3/41 kB | 5.0/176 kB
Progress (3): 473/480 kB | 8.3/41 kB | 5.0/176 kB
Progress (3): 473/480 kB | 11/41 kB | 5.0/176 kB 
Progress (4): 473/480 kB | 11/41 kB | 5.0/176 kB | 2.8/14 kB
Progress (4): 477/480 kB | 11/41 kB | 5.0/176 kB | 2.8/14 kB
Progress (4): 477/480 kB | 11/41 kB | 7.7/176 kB | 2.8/14 kB
Progress (4): 480 kB | 11/41 kB | 7.7/176 kB | 2.8/14 kB    
Progress (4): 480 kB | 11/41 kB | 7.7/176 kB | 2.8/14 kB
Progress (4): 480 kB | 11/41 kB | 10/176 kB | 2.8/14 kB 
Progress (4): 480 kB | 11/41 kB | 10/176 kB | 5.5/14 kB
Progress (4): 480 kB | 11/41 kB | 13/176 kB | 5.5/14 kB
Progress (4): 480 kB | 11/41 kB | 13/176 kB | 6.9/14 kB
Progress (4): 480 kB | 11/41 kB | 13/176 kB | 9.6/14 kB
Progress (5): 480 kB | 11/41 kB | 13/176 kB | 9.6/14 kB | 2.8/294 kB
Progress (5): 480 kB | 11/41 kB | 13/176 kB | 9.6/14 kB | 5.5/294 kB
Progress (5): 480 kB | 11/41 kB | 13/176 kB | 9.6/14 kB | 8.3/294 kB
Progress (5): 480 kB | 11/41 kB | 13/176 kB | 9.6/14 kB | 11/294 kB 
Progress (5): 480 kB | 14/41 kB | 13/176 kB | 9.6/14 kB | 11/294 kB
Progress (5): 480 kB | 16/41 kB | 13/176 kB | 9.6/14 kB | 11/294 kB
Progress (5): 480 kB | 16/41 kB | 16/176 kB | 9.6/14 kB | 11/294 kB
Progress (5): 480 kB | 16/41 kB | 16/176 kB | 12/14 kB | 11/294 kB 
Progress (5): 480 kB | 19/41 kB | 16/176 kB | 12/14 kB | 11/294 kB
Progress (5): 480 kB | 19/41 kB | 16/176 kB | 14 kB | 11/294 kB   
Progress (5): 480 kB | 19/41 kB | 19/176 kB | 14 kB | 11/294 kB
Progress (5): 480 kB | 22/41 kB | 19/176 kB | 14 kB | 11/294 kB
Progress (5): 480 kB | 22/41 kB | 21/176 kB | 14 kB | 11/294 kB
Progress (5): 480 kB | 25/41 kB | 21/176 kB | 14 kB | 11/294 kB
                                                               
Downloaded from central: https://repo.maven.apache.org/maven2/org/apache/commons/commons-lang3/3.5/commons-lang3-3.5.jar (480 kB at 658 kB/s)
Progress (4): 27/41 kB | 21/176 kB | 14 kB | 11/294 kB
Progress (4): 27/41 kB | 24/176 kB | 14 kB | 11/294 kB
Progress (4): 30/41 kB | 24/176 kB | 14 kB | 11/294 kB
                                                      
Downloading from central: https://repo.maven.apache.org/maven2/org/slf4j/slf4j-simple/1.7.25/slf4j-simple-1.7.25.jar
Progress (4): 33/41 kB | 24/176 kB | 14 kB | 11/294 kB
Progress (4): 33/41 kB | 27/176 kB | 14 kB | 11/294 kB
Progress (4): 33/41 kB | 30/176 kB | 14 kB | 11/294 kB
Progress (4): 33/41 kB | 32/176 kB | 14 kB | 11/294 kB
Progress (4): 33/41 kB | 32/176 kB | 14 kB | 14/294 kB
Progress (4): 33/41 kB | 32/176 kB | 14 kB | 16/294 kB
Progress (4): 33/41 kB | 32/176 kB | 14 kB | 19/294 kB
Progress (4): 33/41 kB | 32/176 kB | 14 kB | 22/294 kB
Progress (4): 33/41 kB | 32/176 kB | 14 kB | 25/294 kB
Progress (4): 33/41 kB | 32/176 kB | 14 kB | 27/294 kB
Progress (4): 33/41 kB | 32/176 kB | 14 kB | 30/294 kB
Progress (4): 33/41 kB | 32/176 kB | 14 kB | 33/294 kB
Progress (4): 37/41 kB | 32/176 kB | 14 kB | 33/294 kB
Progress (4): 41/41 kB | 32/176 kB | 14 kB | 33/294 kB
Progress (4): 41 kB | 32/176 kB | 14 kB | 33/294 kB   
Progress (4): 41 kB | 36/176 kB | 14 kB | 33/294 kB
Progress (4): 41 kB | 40/176 kB | 14 kB | 33/294 kB
                                                   
Downloaded from central: https://repo.maven.apache.org/maven2/com/github/mifmif/generex/1.0.2/generex-1.0.2.jar (14 kB at 16 kB/s)
Downloading from central: https://repo.maven.apache.org/maven2/org/reflections/reflections/0.9.11/reflections-0.9.11.jar
Progress (3): 41 kB | 45/176 kB | 33/294 kB
Progress (3): 41 kB | 49/176 kB | 33/294 kB
Progress (3): 41 kB | 53/176 kB | 33/294 kB
Progress (3): 41 kB | 57/176 kB | 33/294 kB
Progress (3): 41 kB | 61/176 kB | 33/294 kB
Progress (3): 41 kB | 65/176 kB | 33/294 kB
Progress (3): 41 kB | 69/176 kB | 33/294 kB
Progress (3): 41 kB | 73/176 kB | 33/294 kB
Progress (3): 41 kB | 77/176 kB | 33/294 kB
Progress (3): 41 kB | 81/176 kB | 33/294 kB
Progress (4): 41 kB | 81/176 kB | 33/294 kB | 2.8/15 kB
Progress (4): 41 kB | 81/176 kB | 33/294 kB | 5.5/15 kB
Progress (4): 41 kB | 81/176 kB | 33/294 kB | 8.3/15 kB
Progress (4): 41 kB | 81/176 kB | 33/294 kB | 11/15 kB 
Progress (4): 41 kB | 81/176 kB | 33/294 kB | 14/15 kB
Progress (4): 41 kB | 81/176 kB | 33/294 kB | 15 kB   
Progress (4): 41 kB | 81/176 kB | 37/294 kB | 15 kB
Progress (4): 41 kB | 81/176 kB | 41/294 kB | 15 kB
Progress (4): 41 kB | 81/176 kB | 45/294 kB | 15 kB
Progress (4): 41 kB | 81/176 kB | 49/294 kB | 15 kB
Progress (4): 41 kB | 81/176 kB | 53/294 kB | 15 kB
Progress (4): 41 kB | 81/176 kB | 57/294 kB | 15 kB
Progress (4): 41 kB | 81/176 kB | 61/294 kB | 15 kB
Progress (4): 41 kB | 81/176 kB | 66/294 kB | 15 kB
Progress (4): 41 kB | 81/176 kB | 70/294 kB | 15 kB
Progress (4): 41 kB | 81/176 kB | 74/294 kB | 15 kB
Progress (4): 41 kB | 81/176 kB | 78/294 kB | 15 kB
Progress (4): 41 kB | 81/176 kB | 82/294 kB | 15 kB
Progress (4): 41 kB | 85/176 kB | 82/294 kB | 15 kB
Progress (4): 41 kB | 90/176 kB | 82/294 kB | 15 kB
                                                   
Downloaded from central: https://repo.maven.apache.org/maven2/org/slf4j/slf4j-api/1.7.25/slf4j-api-1.7.25.jar (41 kB at 38 kB/s)
Progress (3): 94/176 kB | 82/294 kB | 15 kB
                                           
Downloading from central: https://repo.maven.apache.org/maven2/com/google/guava/guava/20.0/guava-20.0.jar
Progress (4): 94/176 kB | 82/294 kB | 15 kB | 4.1/131 kB
Progress (4): 98/176 kB | 82/294 kB | 15 kB | 4.1/131 kB
Progress (4): 98/176 kB | 82/294 kB | 15 kB | 7.7/131 kB
Progress (4): 98/176 kB | 82/294 kB | 15 kB | 12/131 kB 
Progress (4): 102/176 kB | 82/294 kB | 15 kB | 12/131 kB
Progress (4): 102/176 kB | 82/294 kB | 15 kB | 16/131 kB
Progress (4): 106/176 kB | 82/294 kB | 15 kB | 16/131 kB
Progress (4): 110/176 kB | 82/294 kB | 15 kB | 16/131 kB
Progress (4): 110/176 kB | 82/294 kB | 15 kB | 20/131 kB
Progress (4): 114/176 kB | 82/294 kB | 15 kB | 20/131 kB
Progress (4): 114/176 kB | 82/294 kB | 15 kB | 24/131 kB
Progress (4): 114/176 kB | 82/294 kB | 15 kB | 28/131 kB
Progress (4): 118/176 kB | 82/294 kB | 15 kB | 28/131 kB
Progress (4): 118/176 kB | 82/294 kB | 15 kB | 32/131 kB
Progress (4): 122/176 kB | 82/294 kB | 15 kB | 32/131 kB
Progress (4): 126/176 kB | 82/294 kB | 15 kB | 32/131 kB
Progress (4): 126/176 kB | 82/294 kB | 15 kB | 36/131 kB
Progress (4): 131/176 kB | 82/294 kB | 15 kB | 36/131 kB
Progress (4): 131/176 kB | 82/294 kB | 15 kB | 40/131 kB
Progress (4): 131/176 kB | 82/294 kB | 15 kB | 45/131 kB
Progress (4): 135/176 kB | 82/294 kB | 15 kB | 45/131 kB
Progress (4): 135/176 kB | 82/294 kB | 15 kB | 49/131 kB
Progress (4): 139/176 kB | 82/294 kB | 15 kB | 49/131 kB
Progress (4): 143/176 kB | 82/294 kB | 15 kB | 49/131 kB
Progress (4): 143/176 kB | 82/294 kB | 15 kB | 53/131 kB
Progress (4): 147/176 kB | 82/294 kB | 15 kB | 53/131 kB
Progress (4): 147/176 kB | 82/294 kB | 15 kB | 57/131 kB
Progress (4): 147/176 kB | 82/294 kB | 15 kB | 61/131 kB
Progress (4): 151/176 kB | 82/294 kB | 15 kB | 61/131 kB
Progress (4): 151/176 kB | 82/294 kB | 15 kB | 65/131 kB
Progress (4): 155/176 kB | 82/294 kB | 15 kB | 65/131 kB
Progress (4): 159/176 kB | 82/294 kB | 15 kB | 65/131 kB
Progress (4): 159/176 kB | 82/294 kB | 15 kB | 69/131 kB
Progress (4): 163/176 kB | 82/294 kB | 15 kB | 69/131 kB
Progress (4): 163/176 kB | 82/294 kB | 15 kB | 73/131 kB
Progress (4): 163/176 kB | 82/294 kB | 15 kB | 77/131 kB
Progress (4): 167/176 kB | 82/294 kB | 15 kB | 77/131 kB
Progress (4): 167/176 kB | 82/294 kB | 15 kB | 81/131 kB
Progress (4): 171/176 kB | 82/294 kB | 15 kB | 81/131 kB
Progress (4): 176/176 kB | 82/294 kB | 15 kB | 81/131 kB
Progress (4): 176 kB | 82/294 kB | 15 kB | 81/131 kB    
Progress (4): 176 kB | 82/294 kB | 15 kB | 85/131 kB
Progress (4): 176 kB | 82/294 kB | 15 kB | 90/131 kB
Progress (4): 176 kB | 82/294 kB | 15 kB | 94/131 kB
Progress (4): 176 kB | 82/294 kB | 15 kB | 98/131 kB
Progress (4): 176 kB | 82/294 kB | 15 kB | 102/131 kB
Progress (4): 176 kB | 82/294 kB | 15 kB | 106/131 kB
                                                     
Downloaded from central: https://repo.maven.apache.org/maven2/org/slf4j/slf4j-simple/1.7.25/slf4j-simple-1.7.25.jar (15 kB at 14 kB/s)
Progress (3): 176 kB | 82/294 kB | 110/131 kB
                                             
Downloading from central: https://repo.maven.apache.org/maven2/org/javassist/javassist/3.21.0-GA/javassist-3.21.0-GA.jar
Progress (3): 176 kB | 82/294 kB | 114/131 kB
Progress (3): 176 kB | 82/294 kB | 118/131 kB
Progress (3): 176 kB | 82/294 kB | 122/131 kB
Progress (3): 176 kB | 82/294 kB | 126/131 kB
Progress (3): 176 kB | 82/294 kB | 131/131 kB
Progress (3): 176 kB | 82/294 kB | 131 kB    
Progress (3): 176 kB | 86/294 kB | 131 kB
Progress (3): 176 kB | 90/294 kB | 131 kB
Progress (3): 176 kB | 94/294 kB | 131 kB
Progress (3): 176 kB | 98/294 kB | 131 kB
Progress (3): 176 kB | 102/294 kB | 131 kB
Progress (3): 176 kB | 106/294 kB | 131 kB
Progress (3): 176 kB | 111/294 kB | 131 kB
Progress (3): 176 kB | 115/294 kB | 131 kB
Progress (3): 176 kB | 119/294 kB | 131 kB
Progress (3): 176 kB | 123/294 kB | 131 kB
Progress (3): 176 kB | 127/294 kB | 131 kB
Progress (3): 176 kB | 131/294 kB | 131 kB
Progress (3): 176 kB | 135/294 kB | 131 kB
Progress (3): 176 kB | 139/294 kB | 131 kB
Progress (3): 176 kB | 143/294 kB | 131 kB
Progress (3): 176 kB | 147/294 kB | 131 kB
Progress (3): 176 kB | 152/294 kB | 131 kB
Progress (3): 176 kB | 156/294 kB | 131 kB
Progress (3): 176 kB | 160/294 kB | 131 kB
Progress (3): 176 kB | 164/294 kB | 131 kB
Progress (3): 176 kB | 168/294 kB | 131 kB
Progress (3): 176 kB | 172/294 kB | 131 kB
Progress (3): 176 kB | 176/294 kB | 131 kB
Progress (3): 176 kB | 180/294 kB | 131 kB
Progress (3): 176 kB | 184/294 kB | 131 kB
Progress (3): 176 kB | 188/294 kB | 131 kB
Progress (3): 176 kB | 193/294 kB | 131 kB
Progress (3): 176 kB | 197/294 kB | 131 kB
Progress (4): 176 kB | 197/294 kB | 131 kB | 0/2.4 MB
Progress (4): 176 kB | 197/294 kB | 131 kB | 0/2.4 MB
Progress (4): 176 kB | 197/294 kB | 131 kB | 0/2.4 MB
Progress (4): 176 kB | 197/294 kB | 131 kB | 0/2.4 MB
Progress (4): 176 kB | 197/294 kB | 131 kB | 0/2.4 MB
Progress (4): 176 kB | 197/294 kB | 131 kB | 0/2.4 MB
Progress (4): 176 kB | 197/294 kB | 131 kB | 0/2.4 MB
Progress (4): 176 kB | 197/294 kB | 131 kB | 0/2.4 MB
Progress (4): 176 kB | 197/294 kB | 131 kB | 0/2.4 MB
Progress (4): 176 kB | 197/294 kB | 131 kB | 0/2.4 MB
Progress (4): 176 kB | 197/294 kB | 131 kB | 0/2.4 MB
Progress (4): 176 kB | 197/294 kB | 131 kB | 0/2.4 MB
Progress (5): 176 kB | 197/294 kB | 131 kB | 0/2.4 MB | 2.8/735 kB
Progress (5): 176 kB | 197/294 kB | 131 kB | 0/2.4 MB | 5.5/735 kB
Progress (5): 176 kB | 197/294 kB | 131 kB | 0/2.4 MB | 8.3/735 kB
Progress (5): 176 kB | 197/294 kB | 131 kB | 0/2.4 MB | 11/735 kB 
Progress (5): 176 kB | 197/294 kB | 131 kB | 0/2.4 MB | 14/735 kB
                                                                 
Downloaded from central: https://repo.maven.apache.org/maven2/dk/brics/automaton/automaton/1.11-8/automaton-1.11-8.jar (176 kB at 137 kB/s)
Downloading from central: https://repo.maven.apache.org/maven2/org/mockito/mockito-core/2.17.0/mockito-core-2.17.0.jar
Progress (4): 197/294 kB | 131 kB | 0/2.4 MB | 16/735 kB
                                                        
Downloaded from central: https://repo.maven.apache.org/maven2/org/reflections/reflections/0.9.11/reflections-0.9.11.jar (131 kB at 102 kB/s)
Downloading from central: https://repo.maven.apache.org/maven2/net/bytebuddy/byte-buddy/1.8.0/byte-buddy-1.8.0.jar
Progress (3): 197/294 kB | 0/2.4 MB | 19/735 kB
Progress (3): 197/294 kB | 0/2.4 MB | 22/735 kB
Progress (3): 197/294 kB | 0/2.4 MB | 25/735 kB
Progress (3): 197/294 kB | 0/2.4 MB | 27/735 kB
Progress (3): 197/294 kB | 0/2.4 MB | 30/735 kB
Progress (3): 197/294 kB | 0/2.4 MB | 33/735 kB
Progress (3): 201/294 kB | 0/2.4 MB | 33/735 kB
Progress (3): 205/294 kB | 0/2.4 MB | 33/735 kB
Progress (3): 209/294 kB | 0/2.4 MB | 33/735 kB
Progress (3): 213/294 kB | 0/2.4 MB | 33/735 kB
Progress (3): 217/294 kB | 0/2.4 MB | 33/735 kB
Progress (3): 221/294 kB | 0/2.4 MB | 33/735 kB
Progress (3): 225/294 kB | 0/2.4 MB | 33/735 kB
Progress (3): 229/294 kB | 0/2.4 MB | 33/735 kB
Progress (3): 233/294 kB | 0/2.4 MB | 33/735 kB
Progress (3): 238/294 kB | 0/2.4 MB | 33/735 kB
Progress (3): 242/294 kB | 0/2.4 MB | 33/735 kB
Progress (3): 246/294 kB | 0/2.4 MB | 33/735 kB
Progress (3): 250/294 kB | 0/2.4 MB | 33/735 kB
Progress (3): 254/294 kB | 0/2.4 MB | 33/735 kB
Progress (3): 258/294 kB | 0/2.4 MB | 33/735 kB
Progress (3): 262/294 kB | 0/2.4 MB | 33/735 kB
Progress (3): 266/294 kB | 0/2.4 MB | 33/735 kB
Progress (3): 270/294 kB | 0/2.4 MB | 33/735 kB
Progress (3): 274/294 kB | 0/2.4 MB | 33/735 kB
Progress (3): 277/294 kB | 0/2.4 MB | 33/735 kB
Progress (3): 281/294 kB | 0/2.4 MB | 33/735 kB
Progress (3): 285/294 kB | 0/2.4 MB | 33/735 kB
Progress (3): 289/294 kB | 0/2.4 MB | 33/735 kB
Progress (3): 293/294 kB | 0/2.4 MB | 33/735 kB
Progress (3): 294 kB | 0/2.4 MB | 33/735 kB    
Progress (3): 294 kB | 0.1/2.4 MB | 33/735 kB
Progress (3): 294 kB | 0.1/2.4 MB | 33/735 kB
Progress (3): 294 kB | 0.1/2.4 MB | 33/735 kB
Progress (3): 294 kB | 0.1/2.4 MB | 33/735 kB
Progress (3): 294 kB | 0.1/2.4 MB | 33/735 kB
Progress (3): 294 kB | 0.1/2.4 MB | 33/735 kB
Progress (3): 294 kB | 0.1/2.4 MB | 33/735 kB
Progress (3): 294 kB | 0.1/2.4 MB | 37/735 kB
Progress (3): 294 kB | 0.1/2.4 MB | 37/735 kB
Progress (3): 294 kB | 0.1/2.4 MB | 41/735 kB
Progress (3): 294 kB | 0.1/2.4 MB | 45/735 kB
Progress (3): 294 kB | 0.1/2.4 MB | 49/735 kB
Progress (3): 294 kB | 0.1/2.4 MB | 49/735 kB
Progress (3): 294 kB | 0.1/2.4 MB | 49/735 kB
Progress (3): 294 kB | 0.1/2.4 MB | 49/735 kB
Progress (3): 294 kB | 0.1/2.4 MB | 53/735 kB
Progress (3): 294 kB | 0.1/2.4 MB | 53/735 kB
Progress (3): 294 kB | 0.1/2.4 MB | 57/735 kB
Progress (3): 294 kB | 0.1/2.4 MB | 61/735 kB
Progress (3): 294 kB | 0.1/2.4 MB | 66/735 kB
Progress (3): 294 kB | 0.1/2.4 MB | 66/735 kB
Progress (3): 294 kB | 0.1/2.4 MB | 66/735 kB
Progress (3): 294 kB | 0.1/2.4 MB | 66/735 kB
Progress (3): 294 kB | 0.1/2.4 MB | 70/735 kB
Progress (3): 294 kB | 0.1/2.4 MB | 70/735 kB
Progress (3): 294 kB | 0.1/2.4 MB | 74/735 kB
Progress (3): 294 kB | 0.1/2.4 MB | 78/735 kB
Progress (3): 294 kB | 0.1/2.4 MB | 82/735 kB
Progress (3): 294 kB | 0.1/2.4 MB | 82/735 kB
Progress (3): 294 kB | 0.1/2.4 MB | 82/735 kB
Progress (3): 294 kB | 0.1/2.4 MB | 82/735 kB
Progress (3): 294 kB | 0.1/2.4 MB | 86/735 kB
Progress (3): 294 kB | 0.1/2.4 MB | 86/735 kB
Progress (3): 294 kB | 0.1/2.4 MB | 90/735 kB
Progress (3): 294 kB | 0.1/2.4 MB | 94/735 kB
Progress (3): 294 kB | 0.1/2.4 MB | 98/735 kB
Progress (3): 294 kB | 0.1/2.4 MB | 98/735 kB
Progress (3): 294 kB | 0.1/2.4 MB | 98/735 kB
Progress (3): 294 kB | 0.1/2.4 MB | 98/735 kB
Progress (3): 294 kB | 0.1/2.4 MB | 98/735 kB
Progress (4): 294 kB | 0.1/2.4 MB | 98/735 kB | 2.2/552 kB
Progress (4): 294 kB | 0.1/2.4 MB | 98/735 kB | 5.0/552 kB
Progress (4): 294 kB | 0.1/2.4 MB | 98/735 kB | 7.7/552 kB
Progress (4): 294 kB | 0.1/2.4 MB | 98/735 kB | 10/552 kB 
Progress (5): 294 kB | 0.1/2.4 MB | 98/735 kB | 10/552 kB | 0/3.0 MB
Progress (5): 294 kB | 0.1/2.4 MB | 98/735 kB | 13/552 kB | 0/3.0 MB
Progress (5): 294 kB | 0.1/2.4 MB | 98/735 kB | 13/552 kB | 0/3.0 MB
Progress (5): 294 kB | 0.1/2.4 MB | 98/735 kB | 16/552 kB | 0/3.0 MB
Progress (5): 294 kB | 0.1/2.4 MB | 98/735 kB | 16/552 kB | 0/3.0 MB
Progress (5): 294 kB | 0.1/2.4 MB | 98/735 kB | 19/552 kB | 0/3.0 MB
Progress (5): 294 kB | 0.1/2.4 MB | 98/735 kB | 19/552 kB | 0/3.0 MB
Progress (5): 294 kB | 0.1/2.4 MB | 98/735 kB | 21/552 kB | 0/3.0 MB
Progress (5): 294 kB | 0.1/2.4 MB | 98/735 kB | 24/552 kB | 0/3.0 MB
Progress (5): 294 kB | 0.1/2.4 MB | 98/735 kB | 24/552 kB | 0/3.0 MB
Progress (5): 294 kB | 0.1/2.4 MB | 98/735 kB | 27/552 kB | 0/3.0 MB
Progress (5): 294 kB | 0.1/2.4 MB | 98/735 kB | 27/552 kB | 0/3.0 MB
Progress (5): 294 kB | 0.1/2.4 MB | 98/735 kB | 30/552 kB | 0/3.0 MB
Progress (5): 294 kB | 0.1/2.4 MB | 98/735 kB | 30/552 kB | 0/3.0 MB
Progress (5): 294 kB | 0.1/2.4 MB | 98/735 kB | 32/552 kB | 0/3.0 MB
Progress (5): 294 kB | 0.1/2.4 MB | 98/735 kB | 32/552 kB | 0/3.0 MB
Progress (5): 294 kB | 0.1/2.4 MB | 98/735 kB | 36/552 kB | 0/3.0 MB
Progress (5): 294 kB | 0.1/2.4 MB | 98/735 kB | 40/552 kB | 0/3.0 MB
Progress (5): 294 kB | 0.1/2.4 MB | 98/735 kB | 45/552 kB | 0/3.0 MB
Progress (5): 294 kB | 0.1/2.4 MB | 98/735 kB | 45/552 kB | 0/3.0 MB
Progress (5): 294 kB | 0.1/2.4 MB | 98/735 kB | 49/552 kB | 0/3.0 MB
Progress (5): 294 kB | 0.1/2.4 MB | 98/735 kB | 49/552 kB | 0/3.0 MB
Progress (5): 294 kB | 0.1/2.4 MB | 98/735 kB | 49/552 kB | 0/3.0 MB
Progress (5): 294 kB | 0.1/2.4 MB | 98/735 kB | 53/552 kB | 0/3.0 MB
Progress (5): 294 kB | 0.1/2.4 MB | 98/735 kB | 53/552 kB | 0/3.0 MB
Progress (5): 294 kB | 0.1/2.4 MB | 98/735 kB | 57/552 kB | 0/3.0 MB
Progress (5): 294 kB | 0.1/2.4 MB | 98/735 kB | 61/552 kB | 0/3.0 MB
Progress (5): 294 kB | 0.1/2.4 MB | 98/735 kB | 61/552 kB | 0.1/3.0 MB
Progress (5): 294 kB | 0.1/2.4 MB | 98/735 kB | 65/552 kB | 0.1/3.0 MB
Progress (5): 294 kB | 0.1/2.4 MB | 98/735 kB | 65/552 kB | 0.1/3.0 MB
Progress (5): 294 kB | 0.1/2.4 MB | 98/735 kB | 65/552 kB | 0.1/3.0 MB
Progress (5): 294 kB | 0.1/2.4 MB | 98/735 kB | 69/552 kB | 0.1/3.0 MB
Progress (5): 294 kB | 0.1/2.4 MB | 98/735 kB | 69/552 kB | 0.1/3.0 MB
Progress (5): 294 kB | 0.1/2.4 MB | 98/735 kB | 73/552 kB | 0.1/3.0 MB
Progress (5): 294 kB | 0.1/2.4 MB | 98/735 kB | 77/552 kB | 0.1/3.0 MB
Progress (5): 294 kB | 0.1/2.4 MB | 98/735 kB | 77/552 kB | 0.1/3.0 MB
Progress (5): 294 kB | 0.1/2.4 MB | 98/735 kB | 81/552 kB | 0.1/3.0 MB
Progress (5): 294 kB | 0.1/2.4 MB | 98/735 kB | 81/552 kB | 0.1/3.0 MB
Progress (5): 294 kB | 0.1/2.4 MB | 98/735 kB | 81/552 kB | 0.1/3.0 MB
Progress (5): 294 kB | 0.1/2.4 MB | 98/735 kB | 85/552 kB | 0.1/3.0 MB
Progress (5): 294 kB | 0.1/2.4 MB | 98/735 kB | 85/552 kB | 0.1/3.0 MB
Progress (5): 294 kB | 0.1/2.4 MB | 98/735 kB | 90/552 kB | 0.1/3.0 MB
Progress (5): 294 kB | 0.1/2.4 MB | 98/735 kB | 94/552 kB | 0.1/3.0 MB
Progress (5): 294 kB | 0.1/2.4 MB | 98/735 kB | 94/552 kB | 0.1/3.0 MB
Progress (5): 294 kB | 0.1/2.4 MB | 98/735 kB | 98/552 kB | 0.1/3.0 MB
Progress (5): 294 kB | 0.1/2.4 MB | 98/735 kB | 98/552 kB | 0.1/3.0 MB
Progress (5): 294 kB | 0.1/2.4 MB | 98/735 kB | 98/552 kB | 0.1/3.0 MB
Progress (5): 294 kB | 0.1/2.4 MB | 98/735 kB | 98/552 kB | 0.1/3.0 MB
Progress (5): 294 kB | 0.1/2.4 MB | 98/735 kB | 102/552 kB | 0.1/3.0 MB
Progress (5): 294 kB | 0.1/2.4 MB | 98/735 kB | 106/552 kB | 0.1/3.0 MB
Progress (5): 294 kB | 0.1/2.4 MB | 98/735 kB | 106/552 kB | 0.1/3.0 MB
Progress (5): 294 kB | 0.1/2.4 MB | 98/735 kB | 110/552 kB | 0.1/3.0 MB
Progress (5): 294 kB | 0.1/2.4 MB | 98/735 kB | 110/552 kB | 0.1/3.0 MB
Progress (5): 294 kB | 0.1/2.4 MB | 98/735 kB | 114/552 kB | 0.1/3.0 MB
Progress (5): 294 kB | 0.1/2.4 MB | 98/735 kB | 114/552 kB | 0.1/3.0 MB
Progress (5): 294 kB | 0.1/2.4 MB | 98/735 kB | 114/552 kB | 0.1/3.0 MB
Progress (5): 294 kB | 0.1/2.4 MB | 98/735 kB | 118/552 kB | 0.1/3.0 MB
Progress (5): 294 kB | 0.1/2.4 MB | 98/735 kB | 118/552 kB | 0.1/3.0 MB
Progress (5): 294 kB | 0.1/2.4 MB | 98/735 kB | 122/552 kB | 0.1/3.0 MB
Progress (5): 294 kB | 0.1/2.4 MB | 98/735 kB | 122/552 kB | 0.1/3.0 MB
Progress (5): 294 kB | 0.1/2.4 MB | 98/735 kB | 126/552 kB | 0.1/3.0 MB
Progress (5): 294 kB | 0.1/2.4 MB | 98/735 kB | 126/552 kB | 0.1/3.0 MB
Progress (5): 294 kB | 0.1/2.4 MB | 98/735 kB | 131/552 kB | 0.1/3.0 MB
Progress (5): 294 kB | 0.1/2.4 MB | 98/735 kB | 131/552 kB | 0.1/3.0 MB
Progress (5): 294 kB | 0.1/2.4 MB | 98/735 kB | 131/552 kB | 0.1/3.0 MB
Progress (5): 294 kB | 0.1/2.4 MB | 98/735 kB | 135/552 kB | 0.1/3.0 MB
Progress (5): 294 kB | 0.1/2.4 MB | 98/735 kB | 135/552 kB | 0.1/3.0 MB
Progress (5): 294 kB | 0.1/2.4 MB | 98/735 kB | 139/552 kB | 0.1/3.0 MB
Progress (5): 294 kB | 0.1/2.4 MB | 98/735 kB | 139/552 kB | 0.1/3.0 MB
Progress (5): 294 kB | 0.1/2.4 MB | 98/735 kB | 143/552 kB | 0.1/3.0 MB
Progress (5): 294 kB | 0.1/2.4 MB | 98/735 kB | 143/552 kB | 0.1/3.0 MB
Progress (5): 294 kB | 0.1/2.4 MB | 98/735 kB | 147/552 kB | 0.1/3.0 MB
Progress (5): 294 kB | 0.1/2.4 MB | 98/735 kB | 147/552 kB | 0.2/3.0 MB
Progress (5): 294 kB | 0.1/2.4 MB | 98/735 kB | 147/552 kB | 0.2/3.0 MB
Progress (5): 294 kB | 0.1/2.4 MB | 98/735 kB | 147/552 kB | 0.2/3.0 MB
Progress (5): 294 kB | 0.1/2.4 MB | 98/735 kB | 151/552 kB | 0.2/3.0 MB
Progress (5): 294 kB | 0.1/2.4 MB | 98/735 kB | 151/552 kB | 0.2/3.0 MB
Progress (5): 294 kB | 0.1/2.4 MB | 98/735 kB | 155/552 kB | 0.2/3.0 MB
Progress (5): 294 kB | 0.1/2.4 MB | 98/735 kB | 159/552 kB | 0.2/3.0 MB
Progress (5): 294 kB | 0.1/2.4 MB | 98/735 kB | 163/552 kB | 0.2/3.0 MB
Progress (5): 294 kB | 0.1/2.4 MB | 98/735 kB | 167/552 kB | 0.2/3.0 MB
Progress (5): 294 kB | 0.1/2.4 MB | 98/735 kB | 171/552 kB | 0.2/3.0 MB
Progress (5): 294 kB | 0.1/2.4 MB | 98/735 kB | 176/552 kB | 0.2/3.0 MB
Progress (5): 294 kB | 0.1/2.4 MB | 98/735 kB | 180/552 kB | 0.2/3.0 MB
Progress (5): 294 kB | 0.1/2.4 MB | 98/735 kB | 184/552 kB | 0.2/3.0 MB
Progress (5): 294 kB | 0.1/2.4 MB | 98/735 kB | 188/552 kB | 0.2/3.0 MB
Progress (5): 294 kB | 0.1/2.4 MB | 98/735 kB | 192/552 kB | 0.2/3.0 MB
Progress (5): 294 kB | 0.1/2.4 MB | 98/735 kB | 196/552 kB | 0.2/3.0 MB
Progress (5): 294 kB | 0.1/2.4 MB | 98/735 kB | 200/552 kB | 0.2/3.0 MB
Progress (5): 294 kB | 0.1/2.4 MB | 98/735 kB | 204/552 kB | 0.2/3.0 MB
Progress (5): 294 kB | 0.1/2.4 MB | 98/735 kB | 208/552 kB | 0.2/3.0 MB
Progress (5): 294 kB | 0.1/2.4 MB | 98/735 kB | 212/552 kB | 0.2/3.0 MB
Progress (5): 294 kB | 0.1/2.4 MB | 98/735 kB | 217/552 kB | 0.2/3.0 MB
Progress (5): 294 kB | 0.1/2.4 MB | 98/735 kB | 221/552 kB | 0.2/3.0 MB
Progress (5): 294 kB | 0.1/2.4 MB | 98/735 kB | 225/552 kB | 0.2/3.0 MB
Progress (5): 294 kB | 0.1/2.4 MB | 98/735 kB | 229/552 kB | 0.2/3.0 MB
                                                                       
Downloaded from central: https://repo.maven.apache.org/maven2/org/yaml/snakeyaml/1.20/snakeyaml-1.20-android.jar (294 kB at 184 kB/s)
Downloading from central: https://repo.maven.apache.org/maven2/net/bytebuddy/byte-buddy-agent/1.8.0/byte-buddy-agent-1.8.0.jar
Progress (4): 0.2/2.4 MB | 98/735 kB | 229/552 kB | 0.2/3.0 MB
Progress (4): 0.2/2.4 MB | 98/735 kB | 229/552 kB | 0.2/3.0 MB
Progress (4): 0.2/2.4 MB | 98/735 kB | 229/552 kB | 0.2/3.0 MB
Progress (4): 0.2/2.4 MB | 98/735 kB | 229/552 kB | 0.2/3.0 MB
Progress (4): 0.2/2.4 MB | 98/735 kB | 229/552 kB | 0.2/3.0 MB
Progress (4): 0.2/2.4 MB | 98/735 kB | 229/552 kB | 0.2/3.0 MB
Progress (4): 0.2/2.4 MB | 98/735 kB | 229/552 kB | 0.2/3.0 MB
Progress (4): 0.2/2.4 MB | 98/735 kB | 229/552 kB | 0.2/3.0 MB
Progress (4): 0.2/2.4 MB | 102/735 kB | 229/552 kB | 0.2/3.0 MB
Progress (4): 0.2/2.4 MB | 106/735 kB | 229/552 kB | 0.2/3.0 MB
Progress (4): 0.2/2.4 MB | 106/735 kB | 229/552 kB | 0.2/3.0 MB
Progress (4): 0.2/2.4 MB | 111/735 kB | 229/552 kB | 0.2/3.0 MB
Progress (4): 0.2/2.4 MB | 111/735 kB | 229/552 kB | 0.2/3.0 MB
Progress (4): 0.2/2.4 MB | 115/735 kB | 229/552 kB | 0.2/3.0 MB
Progress (4): 0.2/2.4 MB | 115/735 kB | 229/552 kB | 0.2/3.0 MB
Progress (4): 0.2/2.4 MB | 115/735 kB | 229/552 kB | 0.2/3.0 MB
Progress (4): 0.2/2.4 MB | 119/735 kB | 229/552 kB | 0.2/3.0 MB
Progress (4): 0.2/2.4 MB | 123/735 kB | 229/552 kB | 0.2/3.0 MB
Progress (4): 0.2/2.4 MB | 127/735 kB | 229/552 kB | 0.2/3.0 MB
Progress (4): 0.2/2.4 MB | 127/735 kB | 229/552 kB | 0.2/3.0 MB
Progress (4): 0.2/2.4 MB | 131/735 kB | 229/552 kB | 0.2/3.0 MB
Progress (4): 0.2/2.4 MB | 131/735 kB | 229/552 kB | 0.2/3.0 MB
Progress (4): 0.2/2.4 MB | 131/735 kB | 229/552 kB | 0.2/3.0 MB
Progress (4): 0.2/2.4 MB | 135/735 kB | 229/552 kB | 0.2/3.0 MB
Progress (4): 0.2/2.4 MB | 135/735 kB | 229/552 kB | 0.2/3.0 MB
Progress (4): 0.2/2.4 MB | 139/735 kB | 229/552 kB | 0.2/3.0 MB
Progress (4): 0.2/2.4 MB | 143/735 kB | 229/552 kB | 0.2/3.0 MB
Progress (4): 0.2/2.4 MB | 143/735 kB | 229/552 kB | 0.2/3.0 MB
Progress (4): 0.2/2.4 MB | 147/735 kB | 229/552 kB | 0.2/3.0 MB
Progress (4): 0.2/2.4 MB | 147/735 kB | 229/552 kB | 0.2/3.0 MB
Progress (4): 0.2/2.4 MB | 147/735 kB | 229/552 kB | 0.2/3.0 MB
Progress (4): 0.2/2.4 MB | 152/735 kB | 229/552 kB | 0.2/3.0 MB
Progress (4): 0.2/2.4 MB | 152/735 kB | 229/552 kB | 0.2/3.0 MB
Progress (4): 0.2/2.4 MB | 156/735 kB | 229/552 kB | 0.2/3.0 MB
Progress (4): 0.2/2.4 MB | 160/735 kB | 229/552 kB | 0.2/3.0 MB
Progress (4): 0.2/2.4 MB | 164/735 kB | 229/552 kB | 0.2/3.0 MB
Progress (4): 0.2/2.4 MB | 164/735 kB | 229/552 kB | 0.2/3.0 MB
Progress (4): 0.2/2.4 MB | 164/735 kB | 229/552 kB | 0.2/3.0 MB
Progress (4): 0.2/2.4 MB | 168/735 kB | 229/552 kB | 0.2/3.0 MB
Progress (4): 0.2/2.4 MB | 168/735 kB | 229/552 kB | 0.2/3.0 MB
Progress (4): 0.2/2.4 MB | 172/735 kB | 229/552 kB | 0.2/3.0 MB
Progress (4): 0.2/2.4 MB | 172/735 kB | 229/552 kB | 0.2/3.0 MB
Progress (4): 0.2/2.4 MB | 176/735 kB | 229/552 kB | 0.2/3.0 MB
Progress (4): 0.2/2.4 MB | 180/735 kB | 229/552 kB | 0.2/3.0 MB
Progress (4): 0.2/2.4 MB | 180/735 kB | 229/552 kB | 0.2/3.0 MB
Progress (4): 0.3/2.4 MB | 180/735 kB | 229/552 kB | 0.2/3.0 MB
Progress (4): 0.3/2.4 MB | 184/735 kB | 229/552 kB | 0.2/3.0 MB
Progress (4): 0.3/2.4 MB | 184/735 kB | 229/552 kB | 0.2/3.0 MB
Progress (4): 0.3/2.4 MB | 188/735 kB | 229/552 kB | 0.2/3.0 MB
Progress (4): 0.3/2.4 MB | 188/735 kB | 229/552 kB | 0.2/3.0 MB
Progress (4): 0.3/2.4 MB | 193/735 kB | 229/552 kB | 0.2/3.0 MB
Progress (4): 0.3/2.4 MB | 197/735 kB | 229/552 kB | 0.2/3.0 MB
Progress (4): 0.3/2.4 MB | 197/735 kB | 229/552 kB | 0.2/3.0 MB
Progress (4): 0.3/2.4 MB | 197/735 kB | 229/552 kB | 0.2/3.0 MB
Progress (4): 0.3/2.4 MB | 201/735 kB | 229/552 kB | 0.2/3.0 MB
Progress (4): 0.3/2.4 MB | 201/735 kB | 229/552 kB | 0.2/3.0 MB
Progress (4): 0.3/2.4 MB | 205/735 kB | 229/552 kB | 0.2/3.0 MB
Progress (4): 0.3/2.4 MB | 205/735 kB | 229/552 kB | 0.2/3.0 MB
Progress (4): 0.3/2.4 MB | 209/735 kB | 229/552 kB | 0.2/3.0 MB
Progress (4): 0.3/2.4 MB | 213/735 kB | 229/552 kB | 0.2/3.0 MB
Progress (4): 0.3/2.4 MB | 213/735 kB | 229/552 kB | 0.2/3.0 MB
Progress (4): 0.3/2.4 MB | 213/735 kB | 229/552 kB | 0.2/3.0 MB
Progress (4): 0.3/2.4 MB | 217/735 kB | 229/552 kB | 0.2/3.0 MB
Progress (4): 0.3/2.4 MB | 217/735 kB | 229/552 kB | 0.2/3.0 MB
Progress (4): 0.3/2.4 MB | 221/735 kB | 229/552 kB | 0.2/3.0 MB
Progress (4): 0.3/2.4 MB | 221/735 kB | 229/552 kB | 0.2/3.0 MB
Progress (4): 0.3/2.4 MB | 225/735 kB | 229/552 kB | 0.2/3.0 MB
Progress (4): 0.3/2.4 MB | 229/735 kB | 229/552 kB | 0.2/3.0 MB
Progress (4): 0.3/2.4 MB | 229/735 kB | 229/552 kB | 0.2/3.0 MB
Progress (4): 0.3/2.4 MB | 229/735 kB | 229/552 kB | 0.2/3.0 MB
Progress (4): 0.3/2.4 MB | 233/735 kB | 229/552 kB | 0.2/3.0 MB
Progress (4): 0.3/2.4 MB | 233/735 kB | 229/552 kB | 0.2/3.0 MB
Progress (4): 0.3/2.4 MB | 238/735 kB | 229/552 kB | 0.2/3.0 MB
Progress (4): 0.3/2.4 MB | 238/735 kB | 229/552 kB | 0.2/3.0 MB
Progress (4): 0.3/2.4 MB | 242/735 kB | 229/552 kB | 0.2/3.0 MB
Progress (4): 0.3/2.4 MB | 246/735 kB | 229/552 kB | 0.2/3.0 MB
Progress (4): 0.3/2.4 MB | 246/735 kB | 229/552 kB | 0.2/3.0 MB
Progress (4): 0.3/2.4 MB | 246/735 kB | 229/552 kB | 0.2/3.0 MB
Progress (4): 0.3/2.4 MB | 250/735 kB | 229/552 kB | 0.2/3.0 MB
Progress (4): 0.3/2.4 MB | 250/735 kB | 229/552 kB | 0.2/3.0 MB
Progress (4): 0.3/2.4 MB | 254/735 kB | 229/552 kB | 0.2/3.0 MB
Progress (4): 0.3/2.4 MB | 254/735 kB | 229/552 kB | 0.2/3.0 MB
Progress (4): 0.3/2.4 MB | 258/735 kB | 229/552 kB | 0.2/3.0 MB
Progress (4): 0.3/2.4 MB | 262/735 kB | 229/552 kB | 0.2/3.0 MB
Progress (4): 0.3/2.4 MB | 262/735 kB | 233/552 kB | 0.2/3.0 MB
Progress (4): 0.3/2.4 MB | 262/735 kB | 237/552 kB | 0.2/3.0 MB
Progress (4): 0.3/2.4 MB | 262/735 kB | 241/552 kB | 0.2/3.0 MB
Progress (4): 0.3/2.4 MB | 262/735 kB | 245/552 kB | 0.2/3.0 MB
Progress (4): 0.3/2.4 MB | 262/735 kB | 245/552 kB | 0.2/3.0 MB
Progress (4): 0.3/2.4 MB | 262/735 kB | 249/552 kB | 0.2/3.0 MB
Progress (4): 0.3/2.4 MB | 262/735 kB | 249/552 kB | 0.2/3.0 MB
Progress (4): 0.3/2.4 MB | 262/735 kB | 253/552 kB | 0.2/3.0 MB
Progress (4): 0.3/2.4 MB | 262/735 kB | 253/552 kB | 0.2/3.0 MB
Progress (4): 0.3/2.4 MB | 262/735 kB | 258/552 kB | 0.2/3.0 MB
Progress (4): 0.3/2.4 MB | 262/735 kB | 258/552 kB | 0.2/3.0 MB
Progress (4): 0.3/2.4 MB | 262/735 kB | 262/552 kB | 0.2/3.0 MB
Progress (4): 0.3/2.4 MB | 262/735 kB | 262/552 kB | 0.2/3.0 MB
Progress (4): 0.3/2.4 MB | 262/735 kB | 266/552 kB | 0.2/3.0 MB
Progress (4): 0.3/2.4 MB | 262/735 kB | 266/552 kB | 0.2/3.0 MB
Progress (4): 0.3/2.4 MB | 262/735 kB | 270/552 kB | 0.2/3.0 MB
Progress (4): 0.3/2.4 MB | 262/735 kB | 270/552 kB | 0.2/3.0 MB
Progress (4): 0.3/2.4 MB | 262/735 kB | 274/552 kB | 0.2/3.0 MB
Progress (4): 0.3/2.4 MB | 262/735 kB | 274/552 kB | 0.2/3.0 MB
Progress (4): 0.3/2.4 MB | 262/735 kB | 278/552 kB | 0.2/3.0 MB
Progress (4): 0.3/2.4 MB | 262/735 kB | 278/552 kB | 0.2/3.0 MB
Progress (4): 0.3/2.4 MB | 262/735 kB | 282/552 kB | 0.2/3.0 MB
Progress (4): 0.3/2.4 MB | 262/735 kB | 282/552 kB | 0.2/3.0 MB
Progress (4): 0.3/2.4 MB | 262/735 kB | 286/552 kB | 0.2/3.0 MB
Progress (4): 0.3/2.4 MB | 262/735 kB | 286/552 kB | 0.2/3.0 MB
Progress (4): 0.3/2.4 MB | 262/735 kB | 290/552 kB | 0.2/3.0 MB
Progress (4): 0.3/2.4 MB | 262/735 kB | 290/552 kB | 0.2/3.0 MB
Progress (4): 0.3/2.4 MB | 262/735 kB | 294/552 kB | 0.2/3.0 MB
Progress (4): 0.3/2.4 MB | 262/735 kB | 294/552 kB | 0.2/3.0 MB
Progress (4): 0.3/2.4 MB | 262/735 kB | 298/552 kB | 0.2/3.0 MB
Progress (4): 0.3/2.4 MB | 262/735 kB | 298/552 kB | 0.2/3.0 MB
Progress (4): 0.3/2.4 MB | 262/735 kB | 303/552 kB | 0.2/3.0 MB
Progress (4): 0.3/2.4 MB | 262/735 kB | 303/552 kB | 0.2/3.0 MB
Progress (4): 0.3/2.4 MB | 262/735 kB | 307/552 kB | 0.2/3.0 MB
Progress (4): 0.3/2.4 MB | 262/735 kB | 307/552 kB | 0.2/3.0 MB
Progress (4): 0.3/2.4 MB | 262/735 kB | 311/552 kB | 0.2/3.0 MB
Progress (4): 0.3/2.4 MB | 262/735 kB | 311/552 kB | 0.2/3.0 MB
Progress (4): 0.3/2.4 MB | 262/735 kB | 315/552 kB | 0.2/3.0 MB
Progress (4): 0.3/2.4 MB | 262/735 kB | 315/552 kB | 0.2/3.0 MB
Progress (4): 0.3/2.4 MB | 262/735 kB | 319/552 kB | 0.2/3.0 MB
Progress (4): 0.3/2.4 MB | 262/735 kB | 319/552 kB | 0.2/3.0 MB
Progress (4): 0.3/2.4 MB | 262/735 kB | 323/552 kB | 0.2/3.0 MB
Progress (4): 0.3/2.4 MB | 262/735 kB | 323/552 kB | 0.2/3.0 MB
Progress (4): 0.3/2.4 MB | 262/735 kB | 327/552 kB | 0.2/3.0 MB
Progress (4): 0.3/2.4 MB | 262/735 kB | 327/552 kB | 0.2/3.0 MB
Progress (4): 0.3/2.4 MB | 262/735 kB | 331/552 kB | 0.2/3.0 MB
Progress (4): 0.3/2.4 MB | 262/735 kB | 331/552 kB | 0.3/3.0 MB
Progress (4): 0.3/2.4 MB | 262/735 kB | 335/552 kB | 0.3/3.0 MB
Progress (4): 0.3/2.4 MB | 262/735 kB | 335/552 kB | 0.3/3.0 MB
Progress (4): 0.3/2.4 MB | 262/735 kB | 339/552 kB | 0.3/3.0 MB
Progress (4): 0.3/2.4 MB | 262/735 kB | 339/552 kB | 0.3/3.0 MB
Progress (4): 0.3/2.4 MB | 262/735 kB | 344/552 kB | 0.3/3.0 MB
Progress (4): 0.3/2.4 MB | 262/735 kB | 344/552 kB | 0.3/3.0 MB
Progress (4): 0.3/2.4 MB | 262/735 kB | 348/552 kB | 0.3/3.0 MB
Progress (4): 0.3/2.4 MB | 262/735 kB | 348/552 kB | 0.3/3.0 MB
Progress (4): 0.3/2.4 MB | 262/735 kB | 352/552 kB | 0.3/3.0 MB
Progress (4): 0.3/2.4 MB | 262/735 kB | 352/552 kB | 0.3/3.0 MB
Progress (4): 0.3/2.4 MB | 262/735 kB | 356/552 kB | 0.3/3.0 MB
Progress (4): 0.3/2.4 MB | 262/735 kB | 356/552 kB | 0.3/3.0 MB
Progress (4): 0.3/2.4 MB | 262/735 kB | 360/552 kB | 0.3/3.0 MB
Progress (4): 0.3/2.4 MB | 262/735 kB | 360/552 kB | 0.3/3.0 MB
Progress (4): 0.3/2.4 MB | 262/735 kB | 364/552 kB | 0.3/3.0 MB
Progress (4): 0.3/2.4 MB | 262/735 kB | 364/552 kB | 0.3/3.0 MB
Progress (4): 0.3/2.4 MB | 262/735 kB | 368/552 kB | 0.3/3.0 MB
Progress (4): 0.3/2.4 MB | 262/735 kB | 368/552 kB | 0.3/3.0 MB
Progress (4): 0.3/2.4 MB | 262/735 kB | 372/552 kB | 0.3/3.0 MB
Progress (4): 0.3/2.4 MB | 262/735 kB | 372/552 kB | 0.3/3.0 MB
Progress (4): 0.3/2.4 MB | 262/735 kB | 376/552 kB | 0.3/3.0 MB
Progress (4): 0.3/2.4 MB | 262/735 kB | 376/552 kB | 0.3/3.0 MB
Progress (4): 0.3/2.4 MB | 262/735 kB | 380/552 kB | 0.3/3.0 MB
Progress (4): 0.3/2.4 MB | 262/735 kB | 380/552 kB | 0.3/3.0 MB
Progress (4): 0.3/2.4 MB | 262/735 kB | 384/552 kB | 0.3/3.0 MB
Progress (4): 0.3/2.4 MB | 262/735 kB | 384/552 kB | 0.3/3.0 MB
Progress (4): 0.3/2.4 MB | 262/735 kB | 389/552 kB | 0.3/3.0 MB
Progress (4): 0.3/2.4 MB | 262/735 kB | 389/552 kB | 0.3/3.0 MB
Progress (4): 0.3/2.4 MB | 262/735 kB | 393/552 kB | 0.3/3.0 MB
Progress (4): 0.3/2.4 MB | 262/735 kB | 393/552 kB | 0.3/3.0 MB
Progress (4): 0.3/2.4 MB | 262/735 kB | 397/552 kB | 0.3/3.0 MB
Progress (4): 0.3/2.4 MB | 262/735 kB | 397/552 kB | 0.3/3.0 MB
Progress (4): 0.3/2.4 MB | 262/735 kB | 401/552 kB | 0.3/3.0 MB
Progress (4): 0.3/2.4 MB | 262/735 kB | 401/552 kB | 0.3/3.0 MB
Progress (4): 0.3/2.4 MB | 262/735 kB | 405/552 kB | 0.3/3.0 MB
Progress (4): 0.3/2.4 MB | 262/735 kB | 405/552 kB | 0.3/3.0 MB
Progress (4): 0.3/2.4 MB | 262/735 kB | 409/552 kB | 0.3/3.0 MB
Progress (4): 0.3/2.4 MB | 262/735 kB | 409/552 kB | 0.3/3.0 MB
Progress (4): 0.3/2.4 MB | 262/735 kB | 413/552 kB | 0.3/3.0 MB
Progress (4): 0.3/2.4 MB | 262/735 kB | 413/552 kB | 0.3/3.0 MB
Progress (4): 0.3/2.4 MB | 262/735 kB | 417/552 kB | 0.3/3.0 MB
Progress (4): 0.3/2.4 MB | 262/735 kB | 417/552 kB | 0.3/3.0 MB
Progress (4): 0.3/2.4 MB | 262/735 kB | 421/552 kB | 0.3/3.0 MB
Progress (4): 0.3/2.4 MB | 262/735 kB | 421/552 kB | 0.3/3.0 MB
Progress (4): 0.3/2.4 MB | 262/735 kB | 425/552 kB | 0.3/3.0 MB
Progress (4): 0.3/2.4 MB | 262/735 kB | 425/552 kB | 0.3/3.0 MB
Progress (4): 0.3/2.4 MB | 262/735 kB | 430/552 kB | 0.3/3.0 MB
Progress (4): 0.3/2.4 MB | 262/735 kB | 430/552 kB | 0.4/3.0 MB
Progress (4): 0.3/2.4 MB | 262/735 kB | 434/552 kB | 0.4/3.0 MB
Progress (4): 0.3/2.4 MB | 262/735 kB | 434/552 kB | 0.4/3.0 MB
Progress (4): 0.3/2.4 MB | 262/735 kB | 438/552 kB | 0.4/3.0 MB
Progress (4): 0.3/2.4 MB | 262/735 kB | 438/552 kB | 0.4/3.0 MB
Progress (4): 0.3/2.4 MB | 262/735 kB | 442/552 kB | 0.4/3.0 MB
Progress (4): 0.3/2.4 MB | 262/735 kB | 442/552 kB | 0.4/3.0 MB
Progress (4): 0.3/2.4 MB | 262/735 kB | 446/552 kB | 0.4/3.0 MB
Progress (4): 0.3/2.4 MB | 262/735 kB | 446/552 kB | 0.4/3.0 MB
Progress (4): 0.3/2.4 MB | 262/735 kB | 450/552 kB | 0.4/3.0 MB
Progress (4): 0.3/2.4 MB | 262/735 kB | 450/552 kB | 0.4/3.0 MB
Progress (4): 0.3/2.4 MB | 262/735 kB | 454/552 kB | 0.4/3.0 MB
Progress (4): 0.3/2.4 MB | 262/735 kB | 454/552 kB | 0.4/3.0 MB
Progress (4): 0.3/2.4 MB | 262/735 kB | 458/552 kB | 0.4/3.0 MB
Progress (4): 0.3/2.4 MB | 262/735 kB | 458/552 kB | 0.4/3.0 MB
Progress (4): 0.3/2.4 MB | 262/735 kB | 462/552 kB | 0.4/3.0 MB
Progress (4): 0.3/2.4 MB | 262/735 kB | 462/552 kB | 0.4/3.0 MB
Progress (4): 0.3/2.4 MB | 262/735 kB | 466/552 kB | 0.4/3.0 MB
Progress (4): 0.3/2.4 MB | 262/735 kB | 466/552 kB | 0.4/3.0 MB
Progress (4): 0.3/2.4 MB | 262/735 kB | 471/552 kB | 0.4/3.0 MB
Progress (4): 0.3/2.4 MB | 262/735 kB | 471/552 kB | 0.4/3.0 MB
Progress (4): 0.3/2.4 MB | 262/735 kB | 475/552 kB | 0.4/3.0 MB
Progress (4): 0.3/2.4 MB | 262/735 kB | 475/552 kB | 0.4/3.0 MB
Progress (4): 0.3/2.4 MB | 262/735 kB | 475/552 kB | 0.4/3.0 MB
Progress (4): 0.3/2.4 MB | 262/735 kB | 479/552 kB | 0.4/3.0 MB
Progress (4): 0.3/2.4 MB | 262/735 kB | 479/552 kB | 0.4/3.0 MB
Progress (4): 0.3/2.4 MB | 262/735 kB | 483/552 kB | 0.4/3.0 MB
Progress (4): 0.3/2.4 MB | 262/735 kB | 483/552 kB | 0.4/3.0 MB
Progress (4): 0.3/2.4 MB | 262/735 kB | 487/552 kB | 0.4/3.0 MB
Progress (4): 0.3/2.4 MB | 262/735 kB | 491/552 kB | 0.4/3.0 MB
Progress (4): 0.3/2.4 MB | 262/735 kB | 495/552 kB | 0.4/3.0 MB
Progress (4): 0.3/2.4 MB | 262/735 kB | 499/552 kB | 0.4/3.0 MB
Progress (4): 0.3/2.4 MB | 262/735 kB | 503/552 kB | 0.4/3.0 MB
Progress (4): 0.3/2.4 MB | 262/735 kB | 507/552 kB | 0.4/3.0 MB
Progress (4): 0.3/2.4 MB | 262/735 kB | 511/552 kB | 0.4/3.0 MB
Progress (4): 0.3/2.4 MB | 262/735 kB | 516/552 kB | 0.4/3.0 MB
Progress (4): 0.3/2.4 MB | 262/735 kB | 520/552 kB | 0.4/3.0 MB
Progress (4): 0.3/2.4 MB | 262/735 kB | 524/552 kB | 0.4/3.0 MB
Progress (4): 0.3/2.4 MB | 262/735 kB | 528/552 kB | 0.4/3.0 MB
Progress (4): 0.3/2.4 MB | 262/735 kB | 532/552 kB | 0.4/3.0 MB
Progress (4): 0.3/2.4 MB | 262/735 kB | 536/552 kB | 0.4/3.0 MB
Progress (4): 0.3/2.4 MB | 262/735 kB | 540/552 kB | 0.4/3.0 MB
Progress (4): 0.3/2.4 MB | 262/735 kB | 544/552 kB | 0.4/3.0 MB
Progress (4): 0.3/2.4 MB | 262/735 kB | 548/552 kB | 0.4/3.0 MB
Progress (4): 0.3/2.4 MB | 262/735 kB | 552 kB | 0.4/3.0 MB    
Progress (5): 0.3/2.4 MB | 262/735 kB | 552 kB | 0.4/3.0 MB | 4.1/43 kB
Progress (5): 0.3/2.4 MB | 262/735 kB | 552 kB | 0.4/3.0 MB | 7.7/43 kB
Progress (5): 0.3/2.4 MB | 262/735 kB | 552 kB | 0.4/3.0 MB | 12/43 kB 
Progress (5): 0.3/2.4 MB | 262/735 kB | 552 kB | 0.4/3.0 MB | 16/43 kB
Progress (5): 0.3/2.4 MB | 262/735 kB | 552 kB | 0.4/3.0 MB | 20/43 kB
Progress (5): 0.3/2.4 MB | 262/735 kB | 552 kB | 0.4/3.0 MB | 24/43 kB
Progress (5): 0.3/2.4 MB | 262/735 kB | 552 kB | 0.4/3.0 MB | 28/43 kB
Progress (5): 0.3/2.4 MB | 262/735 kB | 552 kB | 0.4/3.0 MB | 32/43 kB
Progress (5): 0.3/2.4 MB | 262/735 kB | 552 kB | 0.4/3.0 MB | 36/43 kB
Progress (5): 0.3/2.4 MB | 262/735 kB | 552 kB | 0.4/3.0 MB | 40/43 kB
Progress (5): 0.3/2.4 MB | 262/735 kB | 552 kB | 0.4/3.0 MB | 43 kB   
Progress (5): 0.3/2.4 MB | 262/735 kB | 552 kB | 0.4/3.0 MB | 43 kB
Progress (5): 0.3/2.4 MB | 262/735 kB | 552 kB | 0.4/3.0 MB | 43 kB
Progress (5): 0.3/2.4 MB | 262/735 kB | 552 kB | 0.4/3.0 MB | 43 kB
Progress (5): 0.3/2.4 MB | 262/735 kB | 552 kB | 0.4/3.0 MB | 43 kB
Progress (5): 0.3/2.4 MB | 262/735 kB | 552 kB | 0.4/3.0 MB | 43 kB
Progress (5): 0.4/2.4 MB | 262/735 kB | 552 kB | 0.4/3.0 MB | 43 kB
Progress (5): 0.4/2.4 MB | 262/735 kB | 552 kB | 0.4/3.0 MB | 43 kB
Progress (5): 0.4/2.4 MB | 262/735 kB | 552 kB | 0.4/3.0 MB | 43 kB
Progress (5): 0.4/2.4 MB | 262/735 kB | 552 kB | 0.4/3.0 MB | 43 kB
Progress (5): 0.4/2.4 MB | 262/735 kB | 552 kB | 0.4/3.0 MB | 43 kB
Progress (5): 0.4/2.4 MB | 262/735 kB | 552 kB | 0.4/3.0 MB | 43 kB
Progress (5): 0.4/2.4 MB | 262/735 kB | 552 kB | 0.4/3.0 MB | 43 kB
Progress (5): 0.4/2.4 MB | 262/735 kB | 552 kB | 0.4/3.0 MB | 43 kB
Progress (5): 0.4/2.4 MB | 262/735 kB | 552 kB | 0.4/3.0 MB | 43 kB
Progress (5): 0.4/2.4 MB | 262/735 kB | 552 kB | 0.4/3.0 MB | 43 kB
Progress (5): 0.4/2.4 MB | 262/735 kB | 552 kB | 0.4/3.0 MB | 43 kB
Progress (5): 0.4/2.4 MB | 262/735 kB | 552 kB | 0.4/3.0 MB | 43 kB
Progress (5): 0.4/2.4 MB | 266/735 kB | 552 kB | 0.4/3.0 MB | 43 kB
Progress (5): 0.4/2.4 MB | 266/735 kB | 552 kB | 0.4/3.0 MB | 43 kB
Progress (5): 0.4/2.4 MB | 270/735 kB | 552 kB | 0.4/3.0 MB | 43 kB
Progress (5): 0.4/2.4 MB | 270/735 kB | 552 kB | 0.4/3.0 MB | 43 kB
Progress (5): 0.4/2.4 MB | 274/735 kB | 552 kB | 0.4/3.0 MB | 43 kB
Progress (5): 0.4/2.4 MB | 274/735 kB | 552 kB | 0.4/3.0 MB | 43 kB
Progress (5): 0.4/2.4 MB | 275/735 kB | 552 kB | 0.4/3.0 MB | 43 kB
Progress (5): 0.4/2.4 MB | 279/735 kB | 552 kB | 0.4/3.0 MB | 43 kB
Progress (5): 0.4/2.4 MB | 279/735 kB | 552 kB | 0.4/3.0 MB | 43 kB
Progress (5): 0.4/2.4 MB | 283/735 kB | 552 kB | 0.4/3.0 MB | 43 kB
Progress (5): 0.4/2.4 MB | 283/735 kB | 552 kB | 0.4/3.0 MB | 43 kB
Progress (5): 0.4/2.4 MB | 287/735 kB | 552 kB | 0.4/3.0 MB | 43 kB
Progress (5): 0.4/2.4 MB | 287/735 kB | 552 kB | 0.4/3.0 MB | 43 kB
Progress (5): 0.4/2.4 MB | 292/735 kB | 552 kB | 0.4/3.0 MB | 43 kB
Progress (5): 0.4/2.4 MB | 292/735 kB | 552 kB | 0.4/3.0 MB | 43 kB
Progress (5): 0.4/2.4 MB | 296/735 kB | 552 kB | 0.4/3.0 MB | 43 kB
Progress (5): 0.4/2.4 MB | 296/735 kB | 552 kB | 0.4/3.0 MB | 43 kB
Progress (5): 0.4/2.4 MB | 300/735 kB | 552 kB | 0.4/3.0 MB | 43 kB
Progress (5): 0.4/2.4 MB | 300/735 kB | 552 kB | 0.4/3.0 MB | 43 kB
Progress (5): 0.4/2.4 MB | 304/735 kB | 552 kB | 0.4/3.0 MB | 43 kB
Progress (5): 0.4/2.4 MB | 304/735 kB | 552 kB | 0.4/3.0 MB | 43 kB
Progress (5): 0.4/2.4 MB | 308/735 kB | 552 kB | 0.4/3.0 MB | 43 kB
Progress (5): 0.4/2.4 MB | 308/735 kB | 552 kB | 0.4/3.0 MB | 43 kB
Progress (5): 0.4/2.4 MB | 312/735 kB | 552 kB | 0.4/3.0 MB | 43 kB
Progress (5): 0.4/2.4 MB | 316/735 kB | 552 kB | 0.4/3.0 MB | 43 kB
Progress (5): 0.4/2.4 MB | 316/735 kB | 552 kB | 0.4/3.0 MB | 43 kB
Progress (5): 0.4/2.4 MB | 320/735 kB | 552 kB | 0.4/3.0 MB | 43 kB
Progress (5): 0.5/2.4 MB | 320/735 kB | 552 kB | 0.4/3.0 MB | 43 kB
Progress (5): 0.5/2.4 MB | 324/735 kB | 552 kB | 0.4/3.0 MB | 43 kB
Progress (5): 0.5/2.4 MB | 324/735 kB | 552 kB | 0.4/3.0 MB | 43 kB
Progress (5): 0.5/2.4 MB | 324/735 kB | 552 kB | 0.4/3.0 MB | 43 kB
Progress (5): 0.5/2.4 MB | 328/735 kB | 552 kB | 0.4/3.0 MB | 43 kB
Progress (5): 0.5/2.4 MB | 333/735 kB | 552 kB | 0.4/3.0 MB | 43 kB
Progress (5): 0.5/2.4 MB | 333/735 kB | 552 kB | 0.4/3.0 MB | 43 kB
Progress (5): 0.5/2.4 MB | 337/735 kB | 552 kB | 0.4/3.0 MB | 43 kB
Progress (5): 0.5/2.4 MB | 337/735 kB | 552 kB | 0.4/3.0 MB | 43 kB
Progress (5): 0.5/2.4 MB | 341/735 kB | 552 kB | 0.4/3.0 MB | 43 kB
Progress (5): 0.5/2.4 MB | 341/735 kB | 552 kB | 0.4/3.0 MB | 43 kB
Progress (5): 0.5/2.4 MB | 341/735 kB | 552 kB | 0.4/3.0 MB | 43 kB
Progress (5): 0.5/2.4 MB | 345/735 kB | 552 kB | 0.4/3.0 MB | 43 kB
Progress (5): 0.5/2.4 MB | 349/735 kB | 552 kB | 0.4/3.0 MB | 43 kB
Progress (5): 0.5/2.4 MB | 353/735 kB | 552 kB | 0.4/3.0 MB | 43 kB
Progress (5): 0.5/2.4 MB | 353/735 kB | 552 kB | 0.4/3.0 MB | 43 kB
Progress (5): 0.5/2.4 MB | 357/735 kB | 552 kB | 0.4/3.0 MB | 43 kB
Progress (5): 0.5/2.4 MB | 357/735 kB | 552 kB | 0.4/3.0 MB | 43 kB
Progress (5): 0.5/2.4 MB | 357/735 kB | 552 kB | 0.4/3.0 MB | 43 kB
Progress (5): 0.5/2.4 MB | 361/735 kB | 552 kB | 0.4/3.0 MB | 43 kB
Progress (5): 0.5/2.4 MB | 361/735 kB | 552 kB | 0.4/3.0 MB | 43 kB
Progress (5): 0.5/2.4 MB | 365/735 kB | 552 kB | 0.4/3.0 MB | 43 kB
Progress (5): 0.5/2.4 MB | 369/735 kB | 552 kB | 0.4/3.0 MB | 43 kB
Progress (5): 0.5/2.4 MB | 374/735 kB | 552 kB | 0.4/3.0 MB | 43 kB
Progress (5): 0.5/2.4 MB | 374/735 kB | 552 kB | 0.4/3.0 MB | 43 kB
Progress (5): 0.5/2.4 MB | 374/735 kB | 552 kB | 0.4/3.0 MB | 43 kB
Progress (5): 0.5/2.4 MB | 378/735 kB | 552 kB | 0.4/3.0 MB | 43 kB
Progress (5): 0.5/2.4 MB | 378/735 kB | 552 kB | 0.4/3.0 MB | 43 kB
Progress (5): 0.5/2.4 MB | 382/735 kB | 552 kB | 0.4/3.0 MB | 43 kB
Progress (5): 0.5/2.4 MB | 382/735 kB | 552 kB | 0.4/3.0 MB | 43 kB
Progress (5): 0.5/2.4 MB | 386/735 kB | 552 kB | 0.4/3.0 MB | 43 kB
Progress (5): 0.5/2.4 MB | 390/735 kB | 552 kB | 0.4/3.0 MB | 43 kB
Progress (5): 0.5/2.4 MB | 390/735 kB | 552 kB | 0.4/3.0 MB | 43 kB
Progress (5): 0.5/2.4 MB | 390/735 kB | 552 kB | 0.4/3.0 MB | 43 kB
Progress (5): 0.5/2.4 MB | 394/735 kB | 552 kB | 0.4/3.0 MB | 43 kB
Progress (5): 0.5/2.4 MB | 394/735 kB | 552 kB | 0.4/3.0 MB | 43 kB
Progress (5): 0.5/2.4 MB | 398/735 kB | 552 kB | 0.4/3.0 MB | 43 kB
Progress (5): 0.5/2.4 MB | 398/735 kB | 552 kB | 0.4/3.0 MB | 43 kB
Progress (5): 0.5/2.4 MB | 402/735 kB | 552 kB | 0.4/3.0 MB | 43 kB
Progress (5): 0.5/2.4 MB | 406/735 kB | 552 kB | 0.4/3.0 MB | 43 kB
Progress (5): 0.5/2.4 MB | 406/735 kB | 552 kB | 0.4/3.0 MB | 43 kB
Progress (5): 0.5/2.4 MB | 406/735 kB | 552 kB | 0.4/3.0 MB | 43 kB
Progress (5): 0.5/2.4 MB | 406/735 kB | 552 kB | 0.4/3.0 MB | 43 kB
Progress (5): 0.5/2.4 MB | 406/735 kB | 552 kB | 0.4/3.0 MB | 43 kB
Progress (5): 0.5/2.4 MB | 406/735 kB | 552 kB | 0.4/3.0 MB | 43 kB
Progress (5): 0.5/2.4 MB | 406/735 kB | 552 kB | 0.4/3.0 MB | 43 kB
Progress (5): 0.6/2.4 MB | 406/735 kB | 552 kB | 0.4/3.0 MB | 43 kB
Progress (5): 0.6/2.4 MB | 406/735 kB | 552 kB | 0.4/3.0 MB | 43 kB
Progress (5): 0.6/2.4 MB | 406/735 kB | 552 kB | 0.4/3.0 MB | 43 kB
Progress (5): 0.6/2.4 MB | 406/735 kB | 552 kB | 0.4/3.0 MB | 43 kB
Progress (5): 0.6/2.4 MB | 406/735 kB | 552 kB | 0.4/3.0 MB | 43 kB
Progress (5): 0.6/2.4 MB | 406/735 kB | 552 kB | 0.4/3.0 MB | 43 kB
Progress (5): 0.6/2.4 MB | 406/735 kB | 552 kB | 0.4/3.0 MB | 43 kB
Progress (5): 0.6/2.4 MB | 406/735 kB | 552 kB | 0.4/3.0 MB | 43 kB
Progress (5): 0.6/2.4 MB | 406/735 kB | 552 kB | 0.4/3.0 MB | 43 kB
Progress (5): 0.6/2.4 MB | 406/735 kB | 552 kB | 0.4/3.0 MB | 43 kB
Progress (5): 0.6/2.4 MB | 406/735 kB | 552 kB | 0.4/3.0 MB | 43 kB
Progress (5): 0.6/2.4 MB | 406/735 kB | 552 kB | 0.4/3.0 MB | 43 kB
Progress (5): 0.6/2.4 MB | 406/735 kB | 552 kB | 0.4/3.0 MB | 43 kB
Progress (5): 0.6/2.4 MB | 406/735 kB | 552 kB | 0.4/3.0 MB | 43 kB
Progress (5): 0.6/2.4 MB | 406/735 kB | 552 kB | 0.4/3.0 MB | 43 kB
Progress (5): 0.6/2.4 MB | 406/735 kB | 552 kB | 0.4/3.0 MB | 43 kB
Progress (5): 0.6/2.4 MB | 406/735 kB | 552 kB | 0.4/3.0 MB | 43 kB
Progress (5): 0.6/2.4 MB | 406/735 kB | 552 kB | 0.4/3.0 MB | 43 kB
Progress (5): 0.6/2.4 MB | 406/735 kB | 552 kB | 0.4/3.0 MB | 43 kB
Progress (5): 0.6/2.4 MB | 406/735 kB | 552 kB | 0.4/3.0 MB | 43 kB
Progress (5): 0.6/2.4 MB | 406/735 kB | 552 kB | 0.4/3.0 MB | 43 kB
Progress (5): 0.6/2.4 MB | 406/735 kB | 552 kB | 0.4/3.0 MB | 43 kB
Progress (5): 0.6/2.4 MB | 406/735 kB | 552 kB | 0.4/3.0 MB | 43 kB
Progress (5): 0.6/2.4 MB | 406/735 kB | 552 kB | 0.4/3.0 MB | 43 kB
Progress (5): 0.7/2.4 MB | 406/735 kB | 552 kB | 0.4/3.0 MB | 43 kB
Progress (5): 0.7/2.4 MB | 406/735 kB | 552 kB | 0.4/3.0 MB | 43 kB
Progress (5): 0.7/2.4 MB | 406/735 kB | 552 kB | 0.4/3.0 MB | 43 kB
Progress (5): 0.7/2.4 MB | 406/735 kB | 552 kB | 0.4/3.0 MB | 43 kB
Progress (5): 0.7/2.4 MB | 406/735 kB | 552 kB | 0.4/3.0 MB | 43 kB
Progress (5): 0.7/2.4 MB | 406/735 kB | 552 kB | 0.4/3.0 MB | 43 kB
Progress (5): 0.7/2.4 MB | 406/735 kB | 552 kB | 0.4/3.0 MB | 43 kB
Progress (5): 0.7/2.4 MB | 406/735 kB | 552 kB | 0.4/3.0 MB | 43 kB
Progress (5): 0.7/2.4 MB | 406/735 kB | 552 kB | 0.4/3.0 MB | 43 kB
Progress (5): 0.7/2.4 MB | 406/735 kB | 552 kB | 0.4/3.0 MB | 43 kB
Progress (5): 0.7/2.4 MB | 406/735 kB | 552 kB | 0.4/3.0 MB | 43 kB
Progress (5): 0.7/2.4 MB | 406/735 kB | 552 kB | 0.4/3.0 MB | 43 kB
Progress (5): 0.7/2.4 MB | 406/735 kB | 552 kB | 0.4/3.0 MB | 43 kB
Progress (5): 0.7/2.4 MB | 406/735 kB | 552 kB | 0.4/3.0 MB | 43 kB
Progress (5): 0.7/2.4 MB | 406/735 kB | 552 kB | 0.4/3.0 MB | 43 kB
Progress (5): 0.7/2.4 MB | 406/735 kB | 552 kB | 0.4/3.0 MB | 43 kB
Progress (5): 0.7/2.4 MB | 406/735 kB | 552 kB | 0.4/3.0 MB | 43 kB
Progress (5): 0.7/2.4 MB | 406/735 kB | 552 kB | 0.4/3.0 MB | 43 kB
Progress (5): 0.7/2.4 MB | 406/735 kB | 552 kB | 0.4/3.0 MB | 43 kB
Progress (5): 0.7/2.4 MB | 406/735 kB | 552 kB | 0.4/3.0 MB | 43 kB
Progress (5): 0.7/2.4 MB | 406/735 kB | 552 kB | 0.4/3.0 MB | 43 kB
Progress (5): 0.7/2.4 MB | 406/735 kB | 552 kB | 0.4/3.0 MB | 43 kB
Progress (5): 0.7/2.4 MB | 406/735 kB | 552 kB | 0.4/3.0 MB | 43 kB
Progress (5): 0.7/2.4 MB | 406/735 kB | 552 kB | 0.4/3.0 MB | 43 kB
Progress (5): 0.7/2.4 MB | 406/735 kB | 552 kB | 0.4/3.0 MB | 43 kB
Progress (5): 0.7/2.4 MB | 406/735 kB | 552 kB | 0.4/3.0 MB | 43 kB
Progress (5): 0.7/2.4 MB | 406/735 kB | 552 kB | 0.4/3.0 MB | 43 kB
Progress (5): 0.7/2.4 MB | 406/735 kB | 552 kB | 0.4/3.0 MB | 43 kB
Progress (5): 0.7/2.4 MB | 406/735 kB | 552 kB | 0.4/3.0 MB | 43 kB
Progress (5): 0.7/2.4 MB | 406/735 kB | 552 kB | 0.4/3.0 MB | 43 kB
Progress (5): 0.7/2.4 MB | 406/735 kB | 552 kB | 0.4/3.0 MB | 43 kB
Progress (5): 0.7/2.4 MB | 406/735 kB | 552 kB | 0.5/3.0 MB | 43 kB
Progress (5): 0.7/2.4 MB | 406/735 kB | 552 kB | 0.5/3.0 MB | 43 kB
Progress (5): 0.7/2.4 MB | 406/735 kB | 552 kB | 0.5/3.0 MB | 43 kB
Progress (5): 0.7/2.4 MB | 406/735 kB | 552 kB | 0.5/3.0 MB | 43 kB
Progress (5): 0.7/2.4 MB | 406/735 kB | 552 kB | 0.5/3.0 MB | 43 kB
Progress (5): 0.7/2.4 MB | 406/735 kB | 552 kB | 0.5/3.0 MB | 43 kB
Progress (5): 0.7/2.4 MB | 406/735 kB | 552 kB | 0.5/3.0 MB | 43 kB
Progress (5): 0.7/2.4 MB | 406/735 kB | 552 kB | 0.5/3.0 MB | 43 kB
Progress (5): 0.7/2.4 MB | 406/735 kB | 552 kB | 0.5/3.0 MB | 43 kB
Progress (5): 0.7/2.4 MB | 406/735 kB | 552 kB | 0.5/3.0 MB | 43 kB
Progress (5): 0.7/2.4 MB | 406/735 kB | 552 kB | 0.5/3.0 MB | 43 kB
Progress (5): 0.7/2.4 MB | 406/735 kB | 552 kB | 0.5/3.0 MB | 43 kB
Progress (5): 0.7/2.4 MB | 406/735 kB | 552 kB | 0.5/3.0 MB | 43 kB
Progress (5): 0.7/2.4 MB | 406/735 kB | 552 kB | 0.5/3.0 MB | 43 kB
Progress (5): 0.7/2.4 MB | 406/735 kB | 552 kB | 0.5/3.0 MB | 43 kB
Progress (5): 0.7/2.4 MB | 406/735 kB | 552 kB | 0.5/3.0 MB | 43 kB
Progress (5): 0.7/2.4 MB | 406/735 kB | 552 kB | 0.5/3.0 MB | 43 kB
Progress (5): 0.7/2.4 MB | 406/735 kB | 552 kB | 0.5/3.0 MB | 43 kB
Progress (5): 0.7/2.4 MB | 406/735 kB | 552 kB | 0.5/3.0 MB | 43 kB
Progress (5): 0.7/2.4 MB | 406/735 kB | 552 kB | 0.5/3.0 MB | 43 kB
Progress (5): 0.7/2.4 MB | 406/735 kB | 552 kB | 0.5/3.0 MB | 43 kB
Progress (5): 0.7/2.4 MB | 406/735 kB | 552 kB | 0.5/3.0 MB | 43 kB
Progress (5): 0.7/2.4 MB | 406/735 kB | 552 kB | 0.5/3.0 MB | 43 kB
Progress (5): 0.7/2.4 MB | 406/735 kB | 552 kB | 0.5/3.0 MB | 43 kB
Progress (5): 0.7/2.4 MB | 406/735 kB | 552 kB | 0.5/3.0 MB | 43 kB
Progress (5): 0.7/2.4 MB | 406/735 kB | 552 kB | 0.6/3.0 MB | 43 kB
Progress (5): 0.7/2.4 MB | 406/735 kB | 552 kB | 0.6/3.0 MB | 43 kB
Progress (5): 0.7/2.4 MB | 406/735 kB | 552 kB | 0.6/3.0 MB | 43 kB
Progress (5): 0.7/2.4 MB | 406/735 kB | 552 kB | 0.6/3.0 MB | 43 kB
Progress (5): 0.7/2.4 MB | 406/735 kB | 552 kB | 0.6/3.0 MB | 43 kB
Progress (5): 0.7/2.4 MB | 406/735 kB | 552 kB | 0.6/3.0 MB | 43 kB
Progress (5): 0.7/2.4 MB | 406/735 kB | 552 kB | 0.6/3.0 MB | 43 kB
Progress (5): 0.7/2.4 MB | 406/735 kB | 552 kB | 0.6/3.0 MB | 43 kB
Progress (5): 0.7/2.4 MB | 406/735 kB | 552 kB | 0.6/3.0 MB | 43 kB
Progress (5): 0.7/2.4 MB | 406/735 kB | 552 kB | 0.6/3.0 MB | 43 kB
Progress (5): 0.7/2.4 MB | 406/735 kB | 552 kB | 0.6/3.0 MB | 43 kB
Progress (5): 0.7/2.4 MB | 406/735 kB | 552 kB | 0.6/3.0 MB | 43 kB
Progress (5): 0.7/2.4 MB | 406/735 kB | 552 kB | 0.6/3.0 MB | 43 kB
Progress (5): 0.7/2.4 MB | 406/735 kB | 552 kB | 0.6/3.0 MB | 43 kB
Progress (5): 0.7/2.4 MB | 406/735 kB | 552 kB | 0.6/3.0 MB | 43 kB
Progress (5): 0.7/2.4 MB | 406/735 kB | 552 kB | 0.6/3.0 MB | 43 kB
Progress (5): 0.7/2.4 MB | 406/735 kB | 552 kB | 0.6/3.0 MB | 43 kB
Progress (5): 0.7/2.4 MB | 406/735 kB | 552 kB | 0.6/3.0 MB | 43 kB
                                                                   
Downloaded from central: https://repo.maven.apache.org/maven2/org/mockito/mockito-core/2.17.0/mockito-core-2.17.0.jar (552 kB at 287 kB/s)
Downloading from central: https://repo.maven.apache.org/maven2/org/objenesis/objenesis/2.6/objenesis-2.6.jar
Progress (4): 0.7/2.4 MB | 406/735 kB | 0.6/3.0 MB | 43 kB
Progress (4): 0.7/2.4 MB | 406/735 kB | 0.6/3.0 MB | 43 kB
Progress (4): 0.7/2.4 MB | 406/735 kB | 0.6/3.0 MB | 43 kB
Progress (4): 0.8/2.4 MB | 406/735 kB | 0.6/3.0 MB | 43 kB
Progress (4): 0.8/2.4 MB | 406/735 kB | 0.6/3.0 MB | 43 kB
Progress (4): 0.8/2.4 MB | 406/735 kB | 0.6/3.0 MB | 43 kB
Progress (4): 0.8/2.4 MB | 406/735 kB | 0.6/3.0 MB | 43 kB
Progress (4): 0.8/2.4 MB | 406/735 kB | 0.6/3.0 MB | 43 kB
Progress (4): 0.8/2.4 MB | 406/735 kB | 0.6/3.0 MB | 43 kB
Progress (4): 0.8/2.4 MB | 406/735 kB | 0.6/3.0 MB | 43 kB
Progress (4): 0.8/2.4 MB | 406/735 kB | 0.6/3.0 MB | 43 kB
Progress (4): 0.8/2.4 MB | 406/735 kB | 0.6/3.0 MB | 43 kB
Progress (4): 0.8/2.4 MB | 406/735 kB | 0.6/3.0 MB | 43 kB
Progress (4): 0.8/2.4 MB | 406/735 kB | 0.6/3.0 MB | 43 kB
Progress (4): 0.8/2.4 MB | 406/735 kB | 0.6/3.0 MB | 43 kB
Progress (4): 0.8/2.4 MB | 406/735 kB | 0.6/3.0 MB | 43 kB
Progress (4): 0.8/2.4 MB | 406/735 kB | 0.6/3.0 MB | 43 kB
Progress (4): 0.8/2.4 MB | 410/735 kB | 0.6/3.0 MB | 43 kB
Progress (4): 0.8/2.4 MB | 410/735 kB | 0.6/3.0 MB | 43 kB
Progress (4): 0.8/2.4 MB | 414/735 kB | 0.6/3.0 MB | 43 kB
Progress (4): 0.8/2.4 MB | 414/735 kB | 0.6/3.0 MB | 43 kB
Progress (4): 0.8/2.4 MB | 419/735 kB | 0.6/3.0 MB | 43 kB
Progress (4): 0.8/2.4 MB | 419/735 kB | 0.6/3.0 MB | 43 kB
Progress (4): 0.8/2.4 MB | 423/735 kB | 0.6/3.0 MB | 43 kB
Progress (4): 0.8/2.4 MB | 423/735 kB | 0.6/3.0 MB | 43 kB
Progress (4): 0.8/2.4 MB | 427/735 kB | 0.6/3.0 MB | 43 kB
Progress (4): 0.8/2.4 MB | 427/735 kB | 0.6/3.0 MB | 43 kB
Progress (4): 0.8/2.4 MB | 431/735 kB | 0.6/3.0 MB | 43 kB
Progress (4): 0.8/2.4 MB | 431/735 kB | 0.6/3.0 MB | 43 kB
Progress (4): 0.8/2.4 MB | 435/735 kB | 0.6/3.0 MB | 43 kB
Progress (4): 0.8/2.4 MB | 435/735 kB | 0.6/3.0 MB | 43 kB
Progress (4): 0.8/2.4 MB | 439/735 kB | 0.6/3.0 MB | 43 kB
Progress (4): 0.8/2.4 MB | 439/735 kB | 0.6/3.0 MB | 43 kB
Progress (4): 0.8/2.4 MB | 443/735 kB | 0.6/3.0 MB | 43 kB
Progress (4): 0.8/2.4 MB | 443/735 kB | 0.6/3.0 MB | 43 kB
Progress (4): 0.8/2.4 MB | 447/735 kB | 0.6/3.0 MB | 43 kB
Progress (4): 0.8/2.4 MB | 447/735 kB | 0.6/3.0 MB | 43 kB
Progress (4): 0.8/2.4 MB | 451/735 kB | 0.6/3.0 MB | 43 kB
Progress (4): 0.9/2.4 MB | 451/735 kB | 0.6/3.0 MB | 43 kB
Progress (4): 0.9/2.4 MB | 455/735 kB | 0.6/3.0 MB | 43 kB
                                                          
Downloaded from central: https://repo.maven.apache.org/maven2/net/bytebuddy/byte-buddy-agent/1.8.0/byte-buddy-agent-1.8.0.jar (43 kB at 21 kB/s)
Progress (3): 0.9/2.4 MB | 460/735 kB | 0.6/3.0 MB
Progress (3): 0.9/2.4 MB | 460/735 kB | 0.6/3.0 MB
Progress (3): 0.9/2.4 MB | 464/735 kB | 0.6/3.0 MB
                                                  
Downloading from central: https://repo.maven.apache.org/maven2/commons-validator/commons-validator/1.6/commons-validator-1.6.jar
Progress (3): 0.9/2.4 MB | 468/735 kB | 0.6/3.0 MB
Progress (3): 0.9/2.4 MB | 468/735 kB | 0.6/3.0 MB
Progress (3): 0.9/2.4 MB | 472/735 kB | 0.6/3.0 MB
Progress (3): 0.9/2.4 MB | 472/735 kB | 0.6/3.0 MB
Progress (3): 0.9/2.4 MB | 472/735 kB | 0.6/3.0 MB
Progress (3): 0.9/2.4 MB | 476/735 kB | 0.6/3.0 MB
Progress (3): 0.9/2.4 MB | 480/735 kB | 0.6/3.0 MB
Progress (3): 0.9/2.4 MB | 484/735 kB | 0.6/3.0 MB
Progress (3): 0.9/2.4 MB | 484/735 kB | 0.6/3.0 MB
Progress (3): 0.9/2.4 MB | 488/735 kB | 0.6/3.0 MB
Progress (3): 0.9/2.4 MB | 488/735 kB | 0.6/3.0 MB
Progress (3): 0.9/2.4 MB | 488/735 kB | 0.6/3.0 MB
Progress (3): 0.9/2.4 MB | 488/735 kB | 0.6/3.0 MB
Progress (3): 0.9/2.4 MB | 492/735 kB | 0.6/3.0 MB
Progress (3): 0.9/2.4 MB | 496/735 kB | 0.6/3.0 MB
Progress (3): 0.9/2.4 MB | 500/735 kB | 0.6/3.0 MB
Progress (3): 0.9/2.4 MB | 500/735 kB | 0.6/3.0 MB
Progress (3): 0.9/2.4 MB | 505/735 kB | 0.6/3.0 MB
Progress (3): 0.9/2.4 MB | 505/735 kB | 0.6/3.0 MB
Progress (3): 0.9/2.4 MB | 505/735 kB | 0.6/3.0 MB
Progress (3): 0.9/2.4 MB | 505/735 kB | 0.6/3.0 MB
Progress (3): 0.9/2.4 MB | 509/735 kB | 0.6/3.0 MB
Progress (3): 0.9/2.4 MB | 513/735 kB | 0.6/3.0 MB
Progress (3): 0.9/2.4 MB | 517/735 kB | 0.6/3.0 MB
Progress (3): 0.9/2.4 MB | 517/735 kB | 0.6/3.0 MB
Progress (3): 0.9/2.4 MB | 521/735 kB | 0.6/3.0 MB
Progress (3): 0.9/2.4 MB | 521/735 kB | 0.6/3.0 MB
Progress (3): 0.9/2.4 MB | 521/735 kB | 0.6/3.0 MB
Progress (3): 0.9/2.4 MB | 521/735 kB | 0.6/3.0 MB
Progress (3): 0.9/2.4 MB | 525/735 kB | 0.6/3.0 MB
Progress (3): 0.9/2.4 MB | 529/735 kB | 0.6/3.0 MB
Progress (3): 0.9/2.4 MB | 533/735 kB | 0.6/3.0 MB
Progress (3): 0.9/2.4 MB | 533/735 kB | 0.6/3.0 MB
Progress (3): 0.9/2.4 MB | 537/735 kB | 0.6/3.0 MB
Progress (3): 0.9/2.4 MB | 537/735 kB | 0.6/3.0 MB
Progress (3): 0.9/2.4 MB | 537/735 kB | 0.6/3.0 MB
Progress (3): 0.9/2.4 MB | 537/735 kB | 0.6/3.0 MB
Progress (3): 0.9/2.4 MB | 541/735 kB | 0.6/3.0 MB
Progress (3): 0.9/2.4 MB | 546/735 kB | 0.6/3.0 MB
Progress (3): 0.9/2.4 MB | 550/735 kB | 0.6/3.0 MB
Progress (3): 0.9/2.4 MB | 550/735 kB | 0.6/3.0 MB
Progress (3): 0.9/2.4 MB | 554/735 kB | 0.6/3.0 MB
Progress (3): 0.9/2.4 MB | 554/735 kB | 0.6/3.0 MB
Progress (3): 0.9/2.4 MB | 554/735 kB | 0.6/3.0 MB
Progress (3): 0.9/2.4 MB | 558/735 kB | 0.6/3.0 MB
Progress (3): 0.9/2.4 MB | 558/735 kB | 0.6/3.0 MB
Progress (3): 0.9/2.4 MB | 562/735 kB | 0.6/3.0 MB
Progress (3): 0.9/2.4 MB | 566/735 kB | 0.6/3.0 MB
Progress (3): 0.9/2.4 MB | 570/735 kB | 0.6/3.0 MB
Progress (3): 1.0/2.4 MB | 570/735 kB | 0.6/3.0 MB
Progress (3): 1.0/2.4 MB | 570/735 kB | 0.6/3.0 MB
Progress (3): 1.0/2.4 MB | 570/735 kB | 0.6/3.0 MB
Progress (3): 1.0/2.4 MB | 574/735 kB | 0.6/3.0 MB
Progress (3): 1.0/2.4 MB | 574/735 kB | 0.6/3.0 MB
Progress (3): 1.0/2.4 MB | 578/735 kB | 0.6/3.0 MB
Progress (3): 1.0/2.4 MB | 582/735 kB | 0.6/3.0 MB
Progress (3): 1.0/2.4 MB | 587/735 kB | 0.6/3.0 MB
Progress (3): 1.0/2.4 MB | 587/735 kB | 0.6/3.0 MB
Progress (3): 1.0/2.4 MB | 587/735 kB | 0.6/3.0 MB
Progress (3): 1.0/2.4 MB | 591/735 kB | 0.6/3.0 MB
Progress (3): 1.0/2.4 MB | 591/735 kB | 0.6/3.0 MB
Progress (3): 1.0/2.4 MB | 595/735 kB | 0.6/3.0 MB
Progress (3): 1.0/2.4 MB | 595/735 kB | 0.6/3.0 MB
Progress (3): 1.0/2.4 MB | 599/735 kB | 0.6/3.0 MB
Progress (3): 1.0/2.4 MB | 603/735 kB | 0.6/3.0 MB
Progress (3): 1.0/2.4 MB | 603/735 kB | 0.6/3.0 MB
Progress (3): 1.0/2.4 MB | 607/735 kB | 0.6/3.0 MB
Progress (3): 1.0/2.4 MB | 607/735 kB | 0.6/3.0 MB
Progress (3): 1.0/2.4 MB | 611/735 kB | 0.6/3.0 MB
Progress (3): 1.0/2.4 MB | 611/735 kB | 0.6/3.0 MB
Progress (3): 1.0/2.4 MB | 615/735 kB | 0.6/3.0 MB
Progress (3): 1.0/2.4 MB | 615/735 kB | 0.6/3.0 MB
Progress (3): 1.0/2.4 MB | 619/735 kB | 0.6/3.0 MB
Progress (3): 1.0/2.4 MB | 623/735 kB | 0.6/3.0 MB
Progress (3): 1.0/2.4 MB | 623/735 kB | 0.6/3.0 MB
Progress (3): 1.0/2.4 MB | 627/735 kB | 0.6/3.0 MB
Progress (3): 1.0/2.4 MB | 627/735 kB | 0.6/3.0 MB
Progress (3): 1.0/2.4 MB | 632/735 kB | 0.6/3.0 MB
Progress (3): 1.0/2.4 MB | 632/735 kB | 0.6/3.0 MB
Progress (3): 1.0/2.4 MB | 636/735 kB | 0.6/3.0 MB
Progress (3): 1.0/2.4 MB | 636/735 kB | 0.6/3.0 MB
Progress (3): 1.0/2.4 MB | 640/735 kB | 0.6/3.0 MB
Progress (3): 1.0/2.4 MB | 644/735 kB | 0.6/3.0 MB
Progress (3): 1.0/2.4 MB | 644/735 kB | 0.6/3.0 MB
Progress (3): 1.0/2.4 MB | 648/735 kB | 0.6/3.0 MB
Progress (3): 1.0/2.4 MB | 648/735 kB | 0.6/3.0 MB
Progress (3): 1.0/2.4 MB | 652/735 kB | 0.6/3.0 MB
Progress (3): 1.0/2.4 MB | 652/735 kB | 0.6/3.0 MB
Progress (3): 1.0/2.4 MB | 652/735 kB | 0.6/3.0 MB
Progress (3): 1.0/2.4 MB | 656/735 kB | 0.6/3.0 MB
Progress (3): 1.0/2.4 MB | 660/735 kB | 0.6/3.0 MB
Progress (3): 1.0/2.4 MB | 660/735 kB | 0.6/3.0 MB
Progress (3): 1.0/2.4 MB | 664/735 kB | 0.6/3.0 MB
Progress (3): 1.0/2.4 MB | 664/735 kB | 0.6/3.0 MB
Progress (3): 1.0/2.4 MB | 668/735 kB | 0.6/3.0 MB
Progress (3): 1.0/2.4 MB | 668/735 kB | 0.6/3.0 MB
Progress (3): 1.0/2.4 MB | 668/735 kB | 0.6/3.0 MB
Progress (3): 1.0/2.4 MB | 673/735 kB | 0.6/3.0 MB
Progress (3): 1.0/2.4 MB | 677/735 kB | 0.6/3.0 MB
Progress (3): 1.1/2.4 MB | 677/735 kB | 0.6/3.0 MB
Progress (3): 1.1/2.4 MB | 681/735 kB | 0.6/3.0 MB
Progress (3): 1.1/2.4 MB | 681/735 kB | 0.6/3.0 MB
Progress (3): 1.1/2.4 MB | 685/735 kB | 0.6/3.0 MB
Progress (3): 1.1/2.4 MB | 685/735 kB | 0.6/3.0 MB
Progress (3): 1.1/2.4 MB | 685/735 kB | 0.6/3.0 MB
Progress (3): 1.1/2.4 MB | 689/735 kB | 0.6/3.0 MB
Progress (3): 1.1/2.4 MB | 693/735 kB | 0.6/3.0 MB
Progress (3): 1.1/2.4 MB | 693/735 kB | 0.6/3.0 MB
Progress (3): 1.1/2.4 MB | 697/735 kB | 0.6/3.0 MB
Progress (3): 1.1/2.4 MB | 697/735 kB | 0.6/3.0 MB
Progress (3): 1.1/2.4 MB | 701/735 kB | 0.6/3.0 MB
Progress (3): 1.1/2.4 MB | 701/735 kB | 0.6/3.0 MB
Progress (3): 1.1/2.4 MB | 701/735 kB | 0.6/3.0 MB
Progress (3): 1.1/2.4 MB | 705/735 kB | 0.6/3.0 MB
Progress (3): 1.1/2.4 MB | 709/735 kB | 0.6/3.0 MB
Progress (3): 1.1/2.4 MB | 709/735 kB | 0.6/3.0 MB
Progress (3): 1.1/2.4 MB | 713/735 kB | 0.6/3.0 MB
Progress (3): 1.1/2.4 MB | 713/735 kB | 0.6/3.0 MB
Progress (3): 1.1/2.4 MB | 718/735 kB | 0.6/3.0 MB
Progress (3): 1.1/2.4 MB | 718/735 kB | 0.6/3.0 MB
Progress (3): 1.1/2.4 MB | 718/735 kB | 0.6/3.0 MB
Progress (3): 1.1/2.4 MB | 722/735 kB | 0.6/3.0 MB
Progress (3): 1.1/2.4 MB | 726/735 kB | 0.6/3.0 MB
Progress (3): 1.1/2.4 MB | 726/735 kB | 0.6/3.0 MB
Progress (3): 1.1/2.4 MB | 730/735 kB | 0.6/3.0 MB
Progress (3): 1.1/2.4 MB | 730/735 kB | 0.6/3.0 MB
Progress (3): 1.1/2.4 MB | 734/735 kB | 0.6/3.0 MB
Progress (3): 1.1/2.4 MB | 734/735 kB | 0.6/3.0 MB
Progress (3): 1.1/2.4 MB | 735 kB | 0.6/3.0 MB    
Progress (3): 1.1/2.4 MB | 735 kB | 0.6/3.0 MB
Progress (3): 1.1/2.4 MB | 735 kB | 0.6/3.0 MB
Progress (3): 1.1/2.4 MB | 735 kB | 0.6/3.0 MB
Progress (3): 1.1/2.4 MB | 735 kB | 0.6/3.0 MB
Progress (3): 1.1/2.4 MB | 735 kB | 0.6/3.0 MB
Progress (3): 1.1/2.4 MB | 735 kB | 0.6/3.0 MB
Progress (3): 1.1/2.4 MB | 735 kB | 0.6/3.0 MB
Progress (3): 1.1/2.4 MB | 735 kB | 0.6/3.0 MB
Progress (3): 1.1/2.4 MB | 735 kB | 0.6/3.0 MB
Progress (3): 1.2/2.4 MB | 735 kB | 0.6/3.0 MB
Progress (3): 1.2/2.4 MB | 735 kB | 0.6/3.0 MB
Progress (3): 1.2/2.4 MB | 735 kB | 0.6/3.0 MB
Progress (3): 1.2/2.4 MB | 735 kB | 0.6/3.0 MB
Progress (3): 1.2/2.4 MB | 735 kB | 0.6/3.0 MB
Progress (3): 1.2/2.4 MB | 735 kB | 0.6/3.0 MB
Progress (3): 1.2/2.4 MB | 735 kB | 0.6/3.0 MB
Progress (3): 1.2/2.4 MB | 735 kB | 0.6/3.0 MB
Progress (3): 1.2/2.4 MB | 735 kB | 0.6/3.0 MB
Progress (3): 1.2/2.4 MB | 735 kB | 0.6/3.0 MB
Progress (3): 1.2/2.4 MB | 735 kB | 0.6/3.0 MB
Progress (3): 1.2/2.4 MB | 735 kB | 0.6/3.0 MB
Progress (3): 1.2/2.4 MB | 735 kB | 0.6/3.0 MB
Progress (3): 1.2/2.4 MB | 735 kB | 0.6/3.0 MB
Progress (3): 1.2/2.4 MB | 735 kB | 0.6/3.0 MB
Progress (3): 1.2/2.4 MB | 735 kB | 0.6/3.0 MB
Progress (3): 1.2/2.4 MB | 735 kB | 0.6/3.0 MB
Progress (3): 1.2/2.4 MB | 735 kB | 0.6/3.0 MB
Progress (3): 1.2/2.4 MB | 735 kB | 0.6/3.0 MB
Progress (3): 1.2/2.4 MB | 735 kB | 0.6/3.0 MB
Progress (3): 1.2/2.4 MB | 735 kB | 0.6/3.0 MB
Progress (3): 1.2/2.4 MB | 735 kB | 0.6/3.0 MB
Progress (3): 1.2/2.4 MB | 735 kB | 0.6/3.0 MB
Progress (3): 1.2/2.4 MB | 735 kB | 0.6/3.0 MB
Progress (3): 1.2/2.4 MB | 735 kB | 0.6/3.0 MB
Progress (3): 1.3/2.4 MB | 735 kB | 0.6/3.0 MB
Progress (3): 1.3/2.4 MB | 735 kB | 0.6/3.0 MB
Progress (3): 1.3/2.4 MB | 735 kB | 0.6/3.0 MB
Progress (3): 1.3/2.4 MB | 735 kB | 0.6/3.0 MB
Progress (3): 1.3/2.4 MB | 735 kB | 0.6/3.0 MB
Progress (3): 1.3/2.4 MB | 735 kB | 0.6/3.0 MB
Progress (3): 1.3/2.4 MB | 735 kB | 0.6/3.0 MB
Progress (3): 1.3/2.4 MB | 735 kB | 0.6/3.0 MB
Progress (3): 1.3/2.4 MB | 735 kB | 0.6/3.0 MB
Progress (3): 1.3/2.4 MB | 735 kB | 0.6/3.0 MB
Progress (3): 1.3/2.4 MB | 735 kB | 0.6/3.0 MB
Progress (3): 1.3/2.4 MB | 735 kB | 0.6/3.0 MB
Progress (3): 1.3/2.4 MB | 735 kB | 0.6/3.0 MB
Progress (3): 1.3/2.4 MB | 735 kB | 0.6/3.0 MB
Progress (3): 1.3/2.4 MB | 735 kB | 0.6/3.0 MB
Progress (3): 1.3/2.4 MB | 735 kB | 0.6/3.0 MB
Progress (3): 1.3/2.4 MB | 735 kB | 0.6/3.0 MB
Progress (3): 1.3/2.4 MB | 735 kB | 0.6/3.0 MB
Progress (3): 1.3/2.4 MB | 735 kB | 0.6/3.0 MB
Progress (3): 1.3/2.4 MB | 735 kB | 0.6/3.0 MB
Progress (3): 1.3/2.4 MB | 735 kB | 0.6/3.0 MB
Progress (3): 1.3/2.4 MB | 735 kB | 0.6/3.0 MB
Progress (3): 1.3/2.4 MB | 735 kB | 0.6/3.0 MB
Progress (3): 1.3/2.4 MB | 735 kB | 0.6/3.0 MB
Progress (3): 1.3/2.4 MB | 735 kB | 0.6/3.0 MB
Progress (3): 1.3/2.4 MB | 735 kB | 0.6/3.0 MB
Progress (3): 1.3/2.4 MB | 735 kB | 0.6/3.0 MB
Progress (3): 1.3/2.4 MB | 735 kB | 0.6/3.0 MB
Progress (3): 1.3/2.4 MB | 735 kB | 0.6/3.0 MB
Progress (3): 1.3/2.4 MB | 735 kB | 0.7/3.0 MB
Progress (3): 1.3/2.4 MB | 735 kB | 0.7/3.0 MB
Progress (3): 1.3/2.4 MB | 735 kB | 0.7/3.0 MB
Progress (3): 1.3/2.4 MB | 735 kB | 0.7/3.0 MB
Progress (3): 1.3/2.4 MB | 735 kB | 0.7/3.0 MB
Progress (3): 1.3/2.4 MB | 735 kB | 0.7/3.0 MB
Progress (3): 1.3/2.4 MB | 735 kB | 0.7/3.0 MB
Progress (3): 1.3/2.4 MB | 735 kB | 0.7/3.0 MB
Progress (3): 1.3/2.4 MB | 735 kB | 0.7/3.0 MB
Progress (3): 1.3/2.4 MB | 735 kB | 0.7/3.0 MB
Progress (3): 1.3/2.4 MB | 735 kB | 0.7/3.0 MB
Progress (3): 1.3/2.4 MB | 735 kB | 0.7/3.0 MB
Progress (3): 1.3/2.4 MB | 735 kB | 0.7/3.0 MB
Progress (3): 1.3/2.4 MB | 735 kB | 0.7/3.0 MB
Progress (3): 1.3/2.4 MB | 735 kB | 0.7/3.0 MB
Progress (3): 1.3/2.4 MB | 735 kB | 0.7/3.0 MB
Progress (3): 1.3/2.4 MB | 735 kB | 0.7/3.0 MB
Progress (3): 1.3/2.4 MB | 735 kB | 0.7/3.0 MB
Progress (3): 1.3/2.4 MB | 735 kB | 0.7/3.0 MB
Progress (3): 1.3/2.4 MB | 735 kB | 0.7/3.0 MB
Progress (3): 1.3/2.4 MB | 735 kB | 0.7/3.0 MB
Progress (3): 1.3/2.4 MB | 735 kB | 0.7/3.0 MB
Progress (3): 1.3/2.4 MB | 735 kB | 0.7/3.0 MB
Progress (3): 1.3/2.4 MB | 735 kB | 0.7/3.0 MB
Progress (3): 1.3/2.4 MB | 735 kB | 0.7/3.0 MB
Progress (3): 1.3/2.4 MB | 735 kB | 0.8/3.0 MB
Progress (3): 1.3/2.4 MB | 735 kB | 0.8/3.0 MB
Progress (3): 1.3/2.4 MB | 735 kB | 0.8/3.0 MB
Progress (3): 1.3/2.4 MB | 735 kB | 0.8/3.0 MB
Progress (3): 1.3/2.4 MB | 735 kB | 0.8/3.0 MB
Progress (3): 1.3/2.4 MB | 735 kB | 0.8/3.0 MB
Progress (3): 1.3/2.4 MB | 735 kB | 0.8/3.0 MB
Progress (3): 1.3/2.4 MB | 735 kB | 0.8/3.0 MB
Progress (3): 1.3/2.4 MB | 735 kB | 0.8/3.0 MB
Progress (3): 1.3/2.4 MB | 735 kB | 0.8/3.0 MB
Progress (3): 1.3/2.4 MB | 735 kB | 0.8/3.0 MB
Progress (3): 1.3/2.4 MB | 735 kB | 0.8/3.0 MB
Progress (3): 1.3/2.4 MB | 735 kB | 0.8/3.0 MB
Progress (3): 1.3/2.4 MB | 735 kB | 0.8/3.0 MB
Progress (3): 1.3/2.4 MB | 735 kB | 0.8/3.0 MB
Progress (3): 1.3/2.4 MB | 735 kB | 0.8/3.0 MB
Progress (3): 1.3/2.4 MB | 735 kB | 0.8/3.0 MB
Progress (3): 1.3/2.4 MB | 735 kB | 0.8/3.0 MB
Progress (3): 1.3/2.4 MB | 735 kB | 0.8/3.0 MB
Progress (3): 1.3/2.4 MB | 735 kB | 0.8/3.0 MB
Progress (3): 1.3/2.4 MB | 735 kB | 0.8/3.0 MB
Progress (3): 1.3/2.4 MB | 735 kB | 0.8/3.0 MB
Progress (3): 1.3/2.4 MB | 735 kB | 0.8/3.0 MB
Progress (3): 1.3/2.4 MB | 735 kB | 0.8/3.0 MB
Progress (3): 1.3/2.4 MB | 735 kB | 0.8/3.0 MB
Progress (3): 1.3/2.4 MB | 735 kB | 0.9/3.0 MB
Progress (3): 1.3/2.4 MB | 735 kB | 0.9/3.0 MB
Progress (3): 1.3/2.4 MB | 735 kB | 0.9/3.0 MB
Progress (3): 1.3/2.4 MB | 735 kB | 0.9/3.0 MB
Progress (3): 1.3/2.4 MB | 735 kB | 0.9/3.0 MB
Progress (3): 1.3/2.4 MB | 735 kB | 0.9/3.0 MB
Progress (3): 1.3/2.4 MB | 735 kB | 0.9/3.0 MB
Progress (3): 1.3/2.4 MB | 735 kB | 0.9/3.0 MB
Progress (3): 1.3/2.4 MB | 735 kB | 0.9/3.0 MB
Progress (4): 1.3/2.4 MB | 735 kB | 0.9/3.0 MB | 4.1/56 kB
Progress (4): 1.3/2.4 MB | 735 kB | 0.9/3.0 MB | 7.6/56 kB
Progress (4): 1.3/2.4 MB | 735 kB | 0.9/3.0 MB | 12/56 kB 
Progress (4): 1.3/2.4 MB | 735 kB | 0.9/3.0 MB | 16/56 kB
Progress (5): 1.3/2.4 MB | 735 kB | 0.9/3.0 MB | 16/56 kB | 1.3/186 kB
Progress (5): 1.3/2.4 MB | 735 kB | 0.9/3.0 MB | 20/56 kB | 1.3/186 kB
Progress (5): 1.3/2.4 MB | 735 kB | 0.9/3.0 MB | 20/56 kB | 4.1/186 kB
Progress (5): 1.3/2.4 MB | 735 kB | 0.9/3.0 MB | 24/56 kB | 4.1/186 kB
Progress (5): 1.3/2.4 MB | 735 kB | 0.9/3.0 MB | 24/56 kB | 5.4/186 kB
Progress (5): 1.3/2.4 MB | 735 kB | 0.9/3.0 MB | 28/56 kB | 5.4/186 kB
Progress (5): 1.3/2.4 MB | 735 kB | 0.9/3.0 MB | 28/56 kB | 8.2/186 kB
Progress (5): 1.3/2.4 MB | 735 kB | 0.9/3.0 MB | 32/56 kB | 8.2/186 kB
Progress (5): 1.3/2.4 MB | 735 kB | 0.9/3.0 MB | 32/56 kB | 9.5/186 kB
Progress (5): 1.3/2.4 MB | 735 kB | 0.9/3.0 MB | 32/56 kB | 12/186 kB 
Progress (5): 1.3/2.4 MB | 735 kB | 0.9/3.0 MB | 36/56 kB | 12/186 kB
Progress (5): 1.3/2.4 MB | 735 kB | 0.9/3.0 MB | 36/56 kB | 14/186 kB
Progress (5): 1.3/2.4 MB | 735 kB | 0.9/3.0 MB | 40/56 kB | 14/186 kB
Progress (5): 1.3/2.4 MB | 735 kB | 0.9/3.0 MB | 40/56 kB | 16/186 kB
Progress (5): 1.3/2.4 MB | 735 kB | 0.9/3.0 MB | 45/56 kB | 16/186 kB
Progress (5): 1.3/2.4 MB | 735 kB | 0.9/3.0 MB | 45/56 kB | 18/186 kB
Progress (5): 1.3/2.4 MB | 735 kB | 0.9/3.0 MB | 49/56 kB | 18/186 kB
Progress (5): 1.3/2.4 MB | 735 kB | 0.9/3.0 MB | 49/56 kB | 20/186 kB
Progress (5): 1.3/2.4 MB | 735 kB | 0.9/3.0 MB | 53/56 kB | 20/186 kB
Progress (5): 1.3/2.4 MB | 735 kB | 0.9/3.0 MB | 53/56 kB | 22/186 kB
Progress (5): 1.3/2.4 MB | 735 kB | 0.9/3.0 MB | 56 kB | 22/186 kB   
Progress (5): 1.3/2.4 MB | 735 kB | 0.9/3.0 MB | 56 kB | 25/186 kB
Progress (5): 1.3/2.4 MB | 735 kB | 0.9/3.0 MB | 56 kB | 26/186 kB
                                                                  
Downloaded from central: https://repo.maven.apache.org/maven2/org/javassist/javassist/3.21.0-GA/javassist-3.21.0-GA.jar (735 kB at 331 kB/s)
Progress (4): 1.3/2.4 MB | 0.9/3.0 MB | 56 kB | 29/186 kB
                                                         
Downloading from central: https://repo.maven.apache.org/maven2/commons-digester/commons-digester/1.8.1/commons-digester-1.8.1.jar
Progress (4): 1.3/2.4 MB | 0.9/3.0 MB | 56 kB | 30/186 kB
Progress (4): 1.3/2.4 MB | 0.9/3.0 MB | 56 kB | 33/186 kB
Progress (4): 1.3/2.4 MB | 0.9/3.0 MB | 56 kB | 34/186 kB
Progress (4): 1.3/2.4 MB | 0.9/3.0 MB | 56 kB | 37/186 kB
Progress (4): 1.3/2.4 MB | 0.9/3.0 MB | 56 kB | 38/186 kB
Progress (4): 1.3/2.4 MB | 0.9/3.0 MB | 56 kB | 41/186 kB
Progress (4): 1.3/2.4 MB | 0.9/3.0 MB | 56 kB | 42/186 kB
Progress (4): 1.3/2.4 MB | 0.9/3.0 MB | 56 kB | 45/186 kB
Progress (4): 1.3/2.4 MB | 0.9/3.0 MB | 56 kB | 46/186 kB
Progress (4): 1.3/2.4 MB | 0.9/3.0 MB | 56 kB | 49/186 kB
Progress (4): 1.3/2.4 MB | 0.9/3.0 MB | 56 kB | 50/186 kB
Progress (4): 1.3/2.4 MB | 0.9/3.0 MB | 56 kB | 53/186 kB
Progress (4): 1.3/2.4 MB | 0.9/3.0 MB | 56 kB | 55/186 kB
Progress (4): 1.3/2.4 MB | 0.9/3.0 MB | 56 kB | 57/186 kB
Progress (4): 1.3/2.4 MB | 0.9/3.0 MB | 56 kB | 59/186 kB
Progress (4): 1.3/2.4 MB | 0.9/3.0 MB | 56 kB | 61/186 kB
Progress (4): 1.3/2.4 MB | 0.9/3.0 MB | 56 kB | 64/186 kB
Progress (4): 1.3/2.4 MB | 0.9/3.0 MB | 56 kB | 67/186 kB
Progress (4): 1.3/2.4 MB | 0.9/3.0 MB | 56 kB | 70/186 kB
Progress (4): 1.3/2.4 MB | 0.9/3.0 MB | 56 kB | 72/186 kB
Progress (4): 1.3/2.4 MB | 0.9/3.0 MB | 56 kB | 75/186 kB
Progress (4): 1.3/2.4 MB | 0.9/3.0 MB | 56 kB | 78/186 kB
Progress (4): 1.3/2.4 MB | 0.9/3.0 MB | 56 kB | 81/186 kB
Progress (4): 1.3/2.4 MB | 0.9/3.0 MB | 56 kB | 83/186 kB
Progress (4): 1.3/2.4 MB | 0.9/3.0 MB | 56 kB | 86/186 kB
Progress (4): 1.3/2.4 MB | 0.9/3.0 MB | 56 kB | 89/186 kB
Progress (4): 1.3/2.4 MB | 0.9/3.0 MB | 56 kB | 91/186 kB
Progress (4): 1.3/2.4 MB | 0.9/3.0 MB | 56 kB | 96/186 kB
Progress (4): 1.3/2.4 MB | 0.9/3.0 MB | 56 kB | 100/186 kB
Progress (4): 1.3/2.4 MB | 0.9/3.0 MB | 56 kB | 104/186 kB
Progress (4): 1.3/2.4 MB | 0.9/3.0 MB | 56 kB | 108/186 kB
Progress (4): 1.3/2.4 MB | 0.9/3.0 MB | 56 kB | 112/186 kB
Progress (4): 1.3/2.4 MB | 0.9/3.0 MB | 56 kB | 116/186 kB
Progress (4): 1.3/2.4 MB | 0.9/3.0 MB | 56 kB | 120/186 kB
Progress (4): 1.3/2.4 MB | 0.9/3.0 MB | 56 kB | 124/186 kB
Progress (4): 1.3/2.4 MB | 0.9/3.0 MB | 56 kB | 128/186 kB
Progress (4): 1.3/2.4 MB | 0.9/3.0 MB | 56 kB | 132/186 kB
Progress (4): 1.3/2.4 MB | 0.9/3.0 MB | 56 kB | 136/186 kB
Progress (4): 1.3/2.4 MB | 0.9/3.0 MB | 56 kB | 141/186 kB
Progress (4): 1.3/2.4 MB | 0.9/3.0 MB | 56 kB | 145/186 kB
Progress (4): 1.3/2.4 MB | 0.9/3.0 MB | 56 kB | 149/186 kB
Progress (4): 1.3/2.4 MB | 0.9/3.0 MB | 56 kB | 153/186 kB
Progress (4): 1.3/2.4 MB | 0.9/3.0 MB | 56 kB | 157/186 kB
Progress (4): 1.3/2.4 MB | 0.9/3.0 MB | 56 kB | 157/186 kB
Progress (4): 1.3/2.4 MB | 0.9/3.0 MB | 56 kB | 157/186 kB
Progress (4): 1.3/2.4 MB | 0.9/3.0 MB | 56 kB | 157/186 kB
Progress (4): 1.3/2.4 MB | 0.9/3.0 MB | 56 kB | 157/186 kB
Progress (4): 1.3/2.4 MB | 0.9/3.0 MB | 56 kB | 157/186 kB
Progress (4): 1.3/2.4 MB | 0.9/3.0 MB | 56 kB | 157/186 kB
Progress (4): 1.3/2.4 MB | 0.9/3.0 MB | 56 kB | 157/186 kB
Progress (4): 1.3/2.4 MB | 0.9/3.0 MB | 56 kB | 157/186 kB
Progress (4): 1.3/2.4 MB | 0.9/3.0 MB | 56 kB | 157/186 kB
Progress (4): 1.3/2.4 MB | 0.9/3.0 MB | 56 kB | 157/186 kB
Progress (4): 1.3/2.4 MB | 0.9/3.0 MB | 56 kB | 157/186 kB
Progress (4): 1.3/2.4 MB | 0.9/3.0 MB | 56 kB | 157/186 kB
Progress (4): 1.3/2.4 MB | 0.9/3.0 MB | 56 kB | 157/186 kB
Progress (4): 1.3/2.4 MB | 0.9/3.0 MB | 56 kB | 157/186 kB
Progress (4): 1.3/2.4 MB | 0.9/3.0 MB | 56 kB | 157/186 kB
Progress (4): 1.3/2.4 MB | 1.0/3.0 MB | 56 kB | 157/186 kB
Progress (4): 1.3/2.4 MB | 1.0/3.0 MB | 56 kB | 157/186 kB
Progress (4): 1.3/2.4 MB | 1.0/3.0 MB | 56 kB | 157/186 kB
Progress (4): 1.3/2.4 MB | 1.0/3.0 MB | 56 kB | 157/186 kB
Progress (4): 1.3/2.4 MB | 1.0/3.0 MB | 56 kB | 157/186 kB
Progress (4): 1.3/2.4 MB | 1.0/3.0 MB | 56 kB | 157/186 kB
Progress (4): 1.3/2.4 MB | 1.0/3.0 MB | 56 kB | 157/186 kB
Progress (4): 1.3/2.4 MB | 1.0/3.0 MB | 56 kB | 157/186 kB
Progress (4): 1.3/2.4 MB | 1.0/3.0 MB | 56 kB | 157/186 kB
Progress (4): 1.3/2.4 MB | 1.0/3.0 MB | 56 kB | 157/186 kB
Progress (4): 1.3/2.4 MB | 1.0/3.0 MB | 56 kB | 157/186 kB
Progress (4): 1.3/2.4 MB | 1.0/3.0 MB | 56 kB | 157/186 kB
Progress (4): 1.3/2.4 MB | 1.0/3.0 MB | 56 kB | 157/186 kB
Progress (4): 1.3/2.4 MB | 1.0/3.0 MB | 56 kB | 157/186 kB
Progress (4): 1.3/2.4 MB | 1.0/3.0 MB | 56 kB | 157/186 kB
Progress (4): 1.3/2.4 MB | 1.0/3.0 MB | 56 kB | 157/186 kB
Progress (4): 1.3/2.4 MB | 1.0/3.0 MB | 56 kB | 157/186 kB
Progress (4): 1.3/2.4 MB | 1.0/3.0 MB | 56 kB | 157/186 kB
Progress (4): 1.3/2.4 MB | 1.0/3.0 MB | 56 kB | 157/186 kB
Progress (4): 1.3/2.4 MB | 1.0/3.0 MB | 56 kB | 157/186 kB
Progress (4): 1.3/2.4 MB | 1.0/3.0 MB | 56 kB | 157/186 kB
Progress (4): 1.3/2.4 MB | 1.0/3.0 MB | 56 kB | 157/186 kB
Progress (4): 1.3/2.4 MB | 1.0/3.0 MB | 56 kB | 157/186 kB
Progress (4): 1.3/2.4 MB | 1.0/3.0 MB | 56 kB | 157/186 kB
Progress (4): 1.3/2.4 MB | 1.1/3.0 MB | 56 kB | 157/186 kB
Progress (4): 1.3/2.4 MB | 1.1/3.0 MB | 56 kB | 157/186 kB
Progress (4): 1.3/2.4 MB | 1.1/3.0 MB | 56 kB | 157/186 kB
Progress (4): 1.3/2.4 MB | 1.1/3.0 MB | 56 kB | 157/186 kB
Progress (4): 1.3/2.4 MB | 1.1/3.0 MB | 56 kB | 157/186 kB
Progress (4): 1.3/2.4 MB | 1.1/3.0 MB | 56 kB | 157/186 kB
Progress (4): 1.3/2.4 MB | 1.1/3.0 MB | 56 kB | 157/186 kB
Progress (4): 1.3/2.4 MB | 1.1/3.0 MB | 56 kB | 157/186 kB
Progress (4): 1.3/2.4 MB | 1.1/3.0 MB | 56 kB | 157/186 kB
Progress (4): 1.3/2.4 MB | 1.1/3.0 MB | 56 kB | 157/186 kB
Progress (4): 1.3/2.4 MB | 1.1/3.0 MB | 56 kB | 157/186 kB
Progress (4): 1.3/2.4 MB | 1.1/3.0 MB | 56 kB | 157/186 kB
Progress (4): 1.3/2.4 MB | 1.1/3.0 MB | 56 kB | 157/186 kB
Progress (4): 1.3/2.4 MB | 1.1/3.0 MB | 56 kB | 157/186 kB
Progress (4): 1.3/2.4 MB | 1.1/3.0 MB | 56 kB | 157/186 kB
Progress (4): 1.3/2.4 MB | 1.1/3.0 MB | 56 kB | 157/186 kB
Progress (4): 1.3/2.4 MB | 1.1/3.0 MB | 56 kB | 157/186 kB
Progress (4): 1.3/2.4 MB | 1.1/3.0 MB | 56 kB | 157/186 kB
Progress (4): 1.3/2.4 MB | 1.1/3.0 MB | 56 kB | 157/186 kB
Progress (4): 1.3/2.4 MB | 1.1/3.0 MB | 56 kB | 157/186 kB
Progress (4): 1.3/2.4 MB | 1.1/3.0 MB | 56 kB | 157/186 kB
Progress (4): 1.3/2.4 MB | 1.1/3.0 MB | 56 kB | 157/186 kB
Progress (4): 1.3/2.4 MB | 1.1/3.0 MB | 56 kB | 157/186 kB
Progress (4): 1.3/2.4 MB | 1.1/3.0 MB | 56 kB | 157/186 kB
Progress (4): 1.3/2.4 MB | 1.1/3.0 MB | 56 kB | 157/186 kB
Progress (4): 1.3/2.4 MB | 1.2/3.0 MB | 56 kB | 157/186 kB
Progress (4): 1.3/2.4 MB | 1.2/3.0 MB | 56 kB | 157/186 kB
Progress (4): 1.3/2.4 MB | 1.2/3.0 MB | 56 kB | 157/186 kB
Progress (4): 1.3/2.4 MB | 1.2/3.0 MB | 56 kB | 157/186 kB
Progress (4): 1.3/2.4 MB | 1.2/3.0 MB | 56 kB | 157/186 kB
Progress (4): 1.4/2.4 MB | 1.2/3.0 MB | 56 kB | 157/186 kB
Progress (4): 1.4/2.4 MB | 1.2/3.0 MB | 56 kB | 157/186 kB
Progress (4): 1.4/2.4 MB | 1.2/3.0 MB | 56 kB | 157/186 kB
Progress (4): 1.4/2.4 MB | 1.2/3.0 MB | 56 kB | 157/186 kB
Progress (4): 1.4/2.4 MB | 1.2/3.0 MB | 56 kB | 157/186 kB
Progress (4): 1.4/2.4 MB | 1.2/3.0 MB | 56 kB | 157/186 kB
Progress (4): 1.4/2.4 MB | 1.2/3.0 MB | 56 kB | 157/186 kB
Progress (4): 1.4/2.4 MB | 1.2/3.0 MB | 56 kB | 157/186 kB
Progress (4): 1.4/2.4 MB | 1.2/3.0 MB | 56 kB | 157/186 kB
Progress (4): 1.4/2.4 MB | 1.2/3.0 MB | 56 kB | 157/186 kB
Progress (4): 1.4/2.4 MB | 1.2/3.0 MB | 56 kB | 157/186 kB
Progress (4): 1.4/2.4 MB | 1.2/3.0 MB | 56 kB | 157/186 kB
Progress (4): 1.4/2.4 MB | 1.2/3.0 MB | 56 kB | 157/186 kB
Progress (4): 1.4/2.4 MB | 1.2/3.0 MB | 56 kB | 157/186 kB
Progress (4): 1.4/2.4 MB | 1.2/3.0 MB | 56 kB | 157/186 kB
Progress (4): 1.4/2.4 MB | 1.2/3.0 MB | 56 kB | 157/186 kB
Progress (4): 1.4/2.4 MB | 1.2/3.0 MB | 56 kB | 157/186 kB
Progress (4): 1.4/2.4 MB | 1.2/3.0 MB | 56 kB | 157/186 kB
Progress (4): 1.4/2.4 MB | 1.2/3.0 MB | 56 kB | 157/186 kB
Progress (4): 1.4/2.4 MB | 1.2/3.0 MB | 56 kB | 157/186 kB
Progress (4): 1.4/2.4 MB | 1.2/3.0 MB | 56 kB | 157/186 kB
Progress (4): 1.4/2.4 MB | 1.2/3.0 MB | 56 kB | 157/186 kB
Progress (4): 1.4/2.4 MB | 1.2/3.0 MB | 56 kB | 157/186 kB
Progress (4): 1.4/2.4 MB | 1.2/3.0 MB | 56 kB | 157/186 kB
Progress (4): 1.4/2.4 MB | 1.2/3.0 MB | 56 kB | 157/186 kB
Progress (4): 1.5/2.4 MB | 1.2/3.0 MB | 56 kB | 157/186 kB
Progress (4): 1.5/2.4 MB | 1.2/3.0 MB | 56 kB | 157/186 kB
Progress (4): 1.5/2.4 MB | 1.2/3.0 MB | 56 kB | 157/186 kB
Progress (4): 1.5/2.4 MB | 1.2/3.0 MB | 56 kB | 157/186 kB
Progress (4): 1.5/2.4 MB | 1.2/3.0 MB | 56 kB | 157/186 kB
Progress (4): 1.5/2.4 MB | 1.2/3.0 MB | 56 kB | 157/186 kB
Progress (4): 1.5/2.4 MB | 1.2/3.0 MB | 56 kB | 157/186 kB
Progress (4): 1.5/2.4 MB | 1.2/3.0 MB | 56 kB | 157/186 kB
Progress (4): 1.5/2.4 MB | 1.2/3.0 MB | 56 kB | 157/186 kB
Progress (4): 1.5/2.4 MB | 1.2/3.0 MB | 56 kB | 157/186 kB
Progress (4): 1.5/2.4 MB | 1.2/3.0 MB | 56 kB | 157/186 kB
Progress (4): 1.5/2.4 MB | 1.2/3.0 MB | 56 kB | 157/186 kB
Progress (4): 1.5/2.4 MB | 1.2/3.0 MB | 56 kB | 157/186 kB
Progress (4): 1.5/2.4 MB | 1.2/3.0 MB | 56 kB | 157/186 kB
Progress (4): 1.5/2.4 MB | 1.2/3.0 MB | 56 kB | 157/186 kB
Progress (4): 1.5/2.4 MB | 1.2/3.0 MB | 56 kB | 157/186 kB
Progress (4): 1.5/2.4 MB | 1.2/3.0 MB | 56 kB | 157/186 kB
Progress (4): 1.5/2.4 MB | 1.2/3.0 MB | 56 kB | 157/186 kB
Progress (4): 1.5/2.4 MB | 1.2/3.0 MB | 56 kB | 157/186 kB
Progress (4): 1.5/2.4 MB | 1.2/3.0 MB | 56 kB | 157/186 kB
Progress (4): 1.5/2.4 MB | 1.2/3.0 MB | 56 kB | 157/186 kB
Progress (4): 1.5/2.4 MB | 1.2/3.0 MB | 56 kB | 157/186 kB
Progress (4): 1.5/2.4 MB | 1.2/3.0 MB | 56 kB | 157/186 kB
Progress (4): 1.5/2.4 MB | 1.2/3.0 MB | 56 kB | 157/186 kB
Progress (4): 1.6/2.4 MB | 1.2/3.0 MB | 56 kB | 157/186 kB
Progress (4): 1.6/2.4 MB | 1.2/3.0 MB | 56 kB | 157/186 kB
Progress (4): 1.6/2.4 MB | 1.2/3.0 MB | 56 kB | 157/186 kB
Progress (4): 1.6/2.4 MB | 1.2/3.0 MB | 56 kB | 157/186 kB
Progress (4): 1.6/2.4 MB | 1.2/3.0 MB | 56 kB | 157/186 kB
Progress (4): 1.6/2.4 MB | 1.2/3.0 MB | 56 kB | 157/186 kB
Progress (4): 1.6/2.4 MB | 1.2/3.0 MB | 56 kB | 157/186 kB
Progress (4): 1.6/2.4 MB | 1.2/3.0 MB | 56 kB | 157/186 kB
Progress (4): 1.6/2.4 MB | 1.2/3.0 MB | 56 kB | 157/186 kB
Progress (4): 1.6/2.4 MB | 1.2/3.0 MB | 56 kB | 157/186 kB
Progress (4): 1.6/2.4 MB | 1.2/3.0 MB | 56 kB | 157/186 kB
Progress (4): 1.6/2.4 MB | 1.2/3.0 MB | 56 kB | 157/186 kB
Progress (4): 1.6/2.4 MB | 1.2/3.0 MB | 56 kB | 157/186 kB
Progress (4): 1.6/2.4 MB | 1.2/3.0 MB | 56 kB | 157/186 kB
Progress (4): 1.6/2.4 MB | 1.2/3.0 MB | 56 kB | 157/186 kB
Progress (4): 1.6/2.4 MB | 1.2/3.0 MB | 56 kB | 157/186 kB
Progress (4): 1.6/2.4 MB | 1.2/3.0 MB | 56 kB | 157/186 kB
Progress (4): 1.6/2.4 MB | 1.2/3.0 MB | 56 kB | 157/186 kB
Progress (4): 1.6/2.4 MB | 1.2/3.0 MB | 56 kB | 157/186 kB
Progress (4): 1.6/2.4 MB | 1.2/3.0 MB | 56 kB | 157/186 kB
Progress (4): 1.6/2.4 MB | 1.2/3.0 MB | 56 kB | 157/186 kB
Progress (4): 1.6/2.4 MB | 1.2/3.0 MB | 56 kB | 157/186 kB
Progress (4): 1.6/2.4 MB | 1.2/3.0 MB | 56 kB | 157/186 kB
Progress (4): 1.6/2.4 MB | 1.2/3.0 MB | 56 kB | 157/186 kB
Progress (4): 1.6/2.4 MB | 1.2/3.0 MB | 56 kB | 157/186 kB
Progress (4): 1.7/2.4 MB | 1.2/3.0 MB | 56 kB | 157/186 kB
Progress (4): 1.7/2.4 MB | 1.2/3.0 MB | 56 kB | 157/186 kB
Progress (4): 1.7/2.4 MB | 1.2/3.0 MB | 56 kB | 157/186 kB
Progress (4): 1.7/2.4 MB | 1.2/3.0 MB | 56 kB | 157/186 kB
Progress (4): 1.7/2.4 MB | 1.2/3.0 MB | 56 kB | 157/186 kB
Progress (4): 1.7/2.4 MB | 1.2/3.0 MB | 56 kB | 157/186 kB
Progress (4): 1.7/2.4 MB | 1.2/3.0 MB | 56 kB | 157/186 kB
Progress (4): 1.7/2.4 MB | 1.2/3.0 MB | 56 kB | 157/186 kB
Progress (4): 1.7/2.4 MB | 1.2/3.0 MB | 56 kB | 157/186 kB
Progress (4): 1.7/2.4 MB | 1.2/3.0 MB | 56 kB | 157/186 kB
Progress (4): 1.7/2.4 MB | 1.2/3.0 MB | 56 kB | 157/186 kB
Progress (4): 1.7/2.4 MB | 1.2/3.0 MB | 56 kB | 157/186 kB
Progress (4): 1.7/2.4 MB | 1.2/3.0 MB | 56 kB | 157/186 kB
Progress (4): 1.7/2.4 MB | 1.2/3.0 MB | 56 kB | 157/186 kB
Progress (4): 1.7/2.4 MB | 1.2/3.0 MB | 56 kB | 157/186 kB
Progress (4): 1.7/2.4 MB | 1.2/3.0 MB | 56 kB | 157/186 kB
Progress (4): 1.7/2.4 MB | 1.2/3.0 MB | 56 kB | 157/186 kB
Progress (4): 1.7/2.4 MB | 1.2/3.0 MB | 56 kB | 157/186 kB
Progress (4): 1.7/2.4 MB | 1.2/3.0 MB | 56 kB | 157/186 kB
Progress (4): 1.7/2.4 MB | 1.2/3.0 MB | 56 kB | 157/186 kB
Progress (4): 1.7/2.4 MB | 1.2/3.0 MB | 56 kB | 157/186 kB
Progress (4): 1.7/2.4 MB | 1.2/3.0 MB | 56 kB | 157/186 kB
Progress (4): 1.7/2.4 MB | 1.2/3.0 MB | 56 kB | 157/186 kB
Progress (4): 1.7/2.4 MB | 1.2/3.0 MB | 56 kB | 157/186 kB
Progress (4): 1.8/2.4 MB | 1.2/3.0 MB | 56 kB | 157/186 kB
Progress (4): 1.8/2.4 MB | 1.2/3.0 MB | 56 kB | 157/186 kB
Progress (4): 1.8/2.4 MB | 1.2/3.0 MB | 56 kB | 157/186 kB
Progress (4): 1.8/2.4 MB | 1.2/3.0 MB | 56 kB | 157/186 kB
Progress (4): 1.8/2.4 MB | 1.2/3.0 MB | 56 kB | 157/186 kB
Progress (4): 1.8/2.4 MB | 1.2/3.0 MB | 56 kB | 157/186 kB
Progress (4): 1.8/2.4 MB | 1.2/3.0 MB | 56 kB | 157/186 kB
Progress (4): 1.8/2.4 MB | 1.2/3.0 MB | 56 kB | 157/186 kB
Progress (4): 1.8/2.4 MB | 1.2/3.0 MB | 56 kB | 157/186 kB
Progress (4): 1.8/2.4 MB | 1.2/3.0 MB | 56 kB | 157/186 kB
Progress (4): 1.8/2.4 MB | 1.2/3.0 MB | 56 kB | 157/186 kB
Progress (4): 1.8/2.4 MB | 1.2/3.0 MB | 56 kB | 157/186 kB
Progress (4): 1.8/2.4 MB | 1.2/3.0 MB | 56 kB | 157/186 kB
Progress (4): 1.8/2.4 MB | 1.2/3.0 MB | 56 kB | 157/186 kB
Progress (4): 1.8/2.4 MB | 1.2/3.0 MB | 56 kB | 157/186 kB
Progress (4): 1.8/2.4 MB | 1.2/3.0 MB | 56 kB | 157/186 kB
Progress (4): 1.8/2.4 MB | 1.2/3.0 MB | 56 kB | 157/186 kB
Progress (4): 1.8/2.4 MB | 1.2/3.0 MB | 56 kB | 157/186 kB
Progress (4): 1.8/2.4 MB | 1.2/3.0 MB | 56 kB | 157/186 kB
Progress (4): 1.8/2.4 MB | 1.2/3.0 MB | 56 kB | 157/186 kB
Progress (4): 1.8/2.4 MB | 1.2/3.0 MB | 56 kB | 157/186 kB
Progress (4): 1.8/2.4 MB | 1.2/3.0 MB | 56 kB | 157/186 kB
Progress (5): 1.8/2.4 MB | 1.2/3.0 MB | 56 kB | 157/186 kB | 4.1/146 kB
Progress (5): 1.8/2.4 MB | 1.2/3.0 MB | 56 kB | 157/186 kB | 4.1/146 kB
Progress (5): 1.8/2.4 MB | 1.2/3.0 MB | 56 kB | 157/186 kB | 7.7/146 kB
                                                                       
Downloaded from central: https://repo.maven.apache.org/maven2/org/objenesis/objenesis/2.6/objenesis-2.6.jar (56 kB at 23 kB/s)
Progress (4): 1.8/2.4 MB | 1.2/3.0 MB | 157/186 kB | 7.7/146 kB
Progress (4): 1.8/2.4 MB | 1.2/3.0 MB | 157/186 kB | 12/146 kB 
Progress (4): 1.8/2.4 MB | 1.2/3.0 MB | 157/186 kB | 12/146 kB
                                                              
Downloading from central: https://repo.maven.apache.org/maven2/commons-collections/commons-collections/3.2.2/commons-collections-3.2.2.jar
Progress (4): 1.9/2.4 MB | 1.2/3.0 MB | 157/186 kB | 12/146 kB
Progress (4): 1.9/2.4 MB | 1.2/3.0 MB | 157/186 kB | 16/146 kB
Progress (4): 1.9/2.4 MB | 1.2/3.0 MB | 157/186 kB | 16/146 kB
Progress (4): 1.9/2.4 MB | 1.2/3.0 MB | 157/186 kB | 20/146 kB
Progress (4): 1.9/2.4 MB | 1.2/3.0 MB | 157/186 kB | 24/146 kB
Progress (4): 1.9/2.4 MB | 1.2/3.0 MB | 157/186 kB | 28/146 kB
Progress (4): 1.9/2.4 MB | 1.2/3.0 MB | 157/186 kB | 28/146 kB
Progress (4): 1.9/2.4 MB | 1.2/3.0 MB | 157/186 kB | 32/146 kB
Progress (4): 1.9/2.4 MB | 1.2/3.0 MB | 157/186 kB | 32/146 kB
Progress (4): 1.9/2.4 MB | 1.2/3.0 MB | 157/186 kB | 32/146 kB
Progress (4): 1.9/2.4 MB | 1.2/3.0 MB | 157/186 kB | 36/146 kB
Progress (4): 1.9/2.4 MB | 1.2/3.0 MB | 157/186 kB | 36/146 kB
Progress (4): 1.9/2.4 MB | 1.2/3.0 MB | 161/186 kB | 36/146 kB
Progress (4): 1.9/2.4 MB | 1.2/3.0 MB | 161/186 kB | 40/146 kB
Progress (4): 1.9/2.4 MB | 1.2/3.0 MB | 165/186 kB | 40/146 kB
Progress (4): 1.9/2.4 MB | 1.2/3.0 MB | 165/186 kB | 40/146 kB
Progress (4): 1.9/2.4 MB | 1.2/3.0 MB | 165/186 kB | 45/146 kB
Progress (4): 1.9/2.4 MB | 1.2/3.0 MB | 165/186 kB | 45/146 kB
Progress (4): 1.9/2.4 MB | 1.2/3.0 MB | 169/186 kB | 45/146 kB
Progress (4): 1.9/2.4 MB | 1.2/3.0 MB | 169/186 kB | 45/146 kB
Progress (4): 1.9/2.4 MB | 1.2/3.0 MB | 169/186 kB | 49/146 kB
Progress (4): 1.9/2.4 MB | 1.2/3.0 MB | 169/186 kB | 49/146 kB
Progress (4): 1.9/2.4 MB | 1.2/3.0 MB | 173/186 kB | 49/146 kB
Progress (4): 1.9/2.4 MB | 1.2/3.0 MB | 173/186 kB | 53/146 kB
Progress (4): 1.9/2.4 MB | 1.2/3.0 MB | 173/186 kB | 53/146 kB
Progress (4): 1.9/2.4 MB | 1.2/3.0 MB | 177/186 kB | 53/146 kB
Progress (4): 1.9/2.4 MB | 1.2/3.0 MB | 177/186 kB | 57/146 kB
Progress (4): 1.9/2.4 MB | 1.2/3.0 MB | 182/186 kB | 57/146 kB
Progress (4): 1.9/2.4 MB | 1.2/3.0 MB | 182/186 kB | 57/146 kB
Progress (4): 1.9/2.4 MB | 1.2/3.0 MB | 186/186 kB | 57/146 kB
Progress (4): 1.9/2.4 MB | 1.2/3.0 MB | 186 kB | 57/146 kB    
Progress (4): 1.9/2.4 MB | 1.2/3.0 MB | 186 kB | 61/146 kB
Progress (4): 1.9/2.4 MB | 1.2/3.0 MB | 186 kB | 61/146 kB
Progress (4): 1.9/2.4 MB | 1.2/3.0 MB | 186 kB | 65/146 kB
Progress (4): 1.9/2.4 MB | 1.2/3.0 MB | 186 kB | 65/146 kB
Progress (4): 1.9/2.4 MB | 1.2/3.0 MB | 186 kB | 69/146 kB
Progress (4): 1.9/2.4 MB | 1.2/3.0 MB | 186 kB | 69/146 kB
Progress (4): 1.9/2.4 MB | 1.2/3.0 MB | 186 kB | 73/146 kB
Progress (4): 1.9/2.4 MB | 1.2/3.0 MB | 186 kB | 73/146 kB
Progress (4): 1.9/2.4 MB | 1.2/3.0 MB | 186 kB | 77/146 kB
Progress (4): 1.9/2.4 MB | 1.2/3.0 MB | 186 kB | 77/146 kB
Progress (4): 1.9/2.4 MB | 1.2/3.0 MB | 186 kB | 81/146 kB
Progress (4): 1.9/2.4 MB | 1.2/3.0 MB | 186 kB | 81/146 kB
Progress (4): 1.9/2.4 MB | 1.2/3.0 MB | 186 kB | 85/146 kB
Progress (4): 1.9/2.4 MB | 1.2/3.0 MB | 186 kB | 85/146 kB
Progress (4): 1.9/2.4 MB | 1.2/3.0 MB | 186 kB | 90/146 kB
Progress (4): 1.9/2.4 MB | 1.2/3.0 MB | 186 kB | 90/146 kB
Progress (4): 1.9/2.4 MB | 1.2/3.0 MB | 186 kB | 94/146 kB
Progress (4): 1.9/2.4 MB | 1.2/3.0 MB | 186 kB | 94/146 kB
Progress (4): 1.9/2.4 MB | 1.2/3.0 MB | 186 kB | 98/146 kB
Progress (4): 1.9/2.4 MB | 1.2/3.0 MB | 186 kB | 98/146 kB
Progress (4): 1.9/2.4 MB | 1.2/3.0 MB | 186 kB | 102/146 kB
Progress (4): 1.9/2.4 MB | 1.2/3.0 MB | 186 kB | 102/146 kB
Progress (4): 1.9/2.4 MB | 1.2/3.0 MB | 186 kB | 106/146 kB
Progress (4): 1.9/2.4 MB | 1.2/3.0 MB | 186 kB | 106/146 kB
Progress (4): 1.9/2.4 MB | 1.2/3.0 MB | 186 kB | 110/146 kB
Progress (4): 2.0/2.4 MB | 1.2/3.0 MB | 186 kB | 110/146 kB
Progress (4): 2.0/2.4 MB | 1.2/3.0 MB | 186 kB | 114/146 kB
Progress (4): 2.0/2.4 MB | 1.2/3.0 MB | 186 kB | 114/146 kB
Progress (4): 2.0/2.4 MB | 1.2/3.0 MB | 186 kB | 118/146 kB
Progress (4): 2.0/2.4 MB | 1.2/3.0 MB | 186 kB | 118/146 kB
Progress (4): 2.0/2.4 MB | 1.2/3.0 MB | 186 kB | 122/146 kB
Progress (4): 2.0/2.4 MB | 1.2/3.0 MB | 186 kB | 122/146 kB
Progress (4): 2.0/2.4 MB | 1.2/3.0 MB | 186 kB | 126/146 kB
Progress (4): 2.0/2.4 MB | 1.2/3.0 MB | 186 kB | 126/146 kB
Progress (4): 2.0/2.4 MB | 1.2/3.0 MB | 186 kB | 131/146 kB
Progress (4): 2.0/2.4 MB | 1.2/3.0 MB | 186 kB | 131/146 kB
Progress (4): 2.0/2.4 MB | 1.2/3.0 MB | 186 kB | 135/146 kB
Progress (4): 2.0/2.4 MB | 1.2/3.0 MB | 186 kB | 135/146 kB
Progress (4): 2.0/2.4 MB | 1.2/3.0 MB | 186 kB | 139/146 kB
Progress (4): 2.0/2.4 MB | 1.2/3.0 MB | 186 kB | 139/146 kB
Progress (4): 2.0/2.4 MB | 1.2/3.0 MB | 186 kB | 143/146 kB
Progress (4): 2.0/2.4 MB | 1.2/3.0 MB | 186 kB | 143/146 kB
Progress (4): 2.0/2.4 MB | 1.2/3.0 MB | 186 kB | 146 kB    
Progress (4): 2.0/2.4 MB | 1.2/3.0 MB | 186 kB | 146 kB
Progress (4): 2.0/2.4 MB | 1.2/3.0 MB | 186 kB | 146 kB
Progress (4): 2.0/2.4 MB | 1.2/3.0 MB | 186 kB | 146 kB
Progress (4): 2.0/2.4 MB | 1.2/3.0 MB | 186 kB | 146 kB
Progress (4): 2.0/2.4 MB | 1.2/3.0 MB | 186 kB | 146 kB
Progress (4): 2.0/2.4 MB | 1.2/3.0 MB | 186 kB | 146 kB
Progress (4): 2.0/2.4 MB | 1.2/3.0 MB | 186 kB | 146 kB
Progress (4): 2.0/2.4 MB | 1.2/3.0 MB | 186 kB | 146 kB
Progress (4): 2.0/2.4 MB | 1.2/3.0 MB | 186 kB | 146 kB
Progress (4): 2.0/2.4 MB | 1.2/3.0 MB | 186 kB | 146 kB
Progress (4): 2.0/2.4 MB | 1.2/3.0 MB | 186 kB | 146 kB
Progress (4): 2.0/2.4 MB | 1.2/3.0 MB | 186 kB | 146 kB
Progress (4): 2.0/2.4 MB | 1.2/3.0 MB | 186 kB | 146 kB
Progress (4): 2.0/2.4 MB | 1.2/3.0 MB | 186 kB | 146 kB
Progress (4): 2.0/2.4 MB | 1.2/3.0 MB | 186 kB | 146 kB
Progress (4): 2.0/2.4 MB | 1.2/3.0 MB | 186 kB | 146 kB
Progress (4): 2.0/2.4 MB | 1.2/3.0 MB | 186 kB | 146 kB
Progress (4): 2.0/2.4 MB | 1.2/3.0 MB | 186 kB | 146 kB
Progress (4): 2.0/2.4 MB | 1.2/3.0 MB | 186 kB | 146 kB
Progress (4): 2.0/2.4 MB | 1.2/3.0 MB | 186 kB | 146 kB
Progress (4): 2.0/2.4 MB | 1.2/3.0 MB | 186 kB | 146 kB
Progress (4): 2.0/2.4 MB | 1.2/3.0 MB | 186 kB | 146 kB
Progress (4): 2.0/2.4 MB | 1.2/3.0 MB | 186 kB | 146 kB
Progress (4): 2.0/2.4 MB | 1.2/3.0 MB | 186 kB | 146 kB
Progress (4): 2.0/2.4 MB | 1.2/3.0 MB | 186 kB | 146 kB
Progress (4): 2.0/2.4 MB | 1.2/3.0 MB | 186 kB | 146 kB
Progress (4): 2.0/2.4 MB | 1.2/3.0 MB | 186 kB | 146 kB
Progress (4): 2.0/2.4 MB | 1.2/3.0 MB | 186 kB | 146 kB
Progress (4): 2.1/2.4 MB | 1.2/3.0 MB | 186 kB | 146 kB
Progress (4): 2.1/2.4 MB | 1.2/3.0 MB | 186 kB | 146 kB
Progress (4): 2.1/2.4 MB | 1.2/3.0 MB | 186 kB | 146 kB
Progress (4): 2.1/2.4 MB | 1.2/3.0 MB | 186 kB | 146 kB
Progress (4): 2.1/2.4 MB | 1.2/3.0 MB | 186 kB | 146 kB
Progress (4): 2.1/2.4 MB | 1.2/3.0 MB | 186 kB | 146 kB
Progress (4): 2.1/2.4 MB | 1.2/3.0 MB | 186 kB | 146 kB
Progress (4): 2.1/2.4 MB | 1.2/3.0 MB | 186 kB | 146 kB
Progress (4): 2.1/2.4 MB | 1.2/3.0 MB | 186 kB | 146 kB
Progress (4): 2.1/2.4 MB | 1.2/3.0 MB | 186 kB | 146 kB
Progress (4): 2.1/2.4 MB | 1.2/3.0 MB | 186 kB | 146 kB
Progress (4): 2.1/2.4 MB | 1.2/3.0 MB | 186 kB | 146 kB
Progress (4): 2.1/2.4 MB | 1.2/3.0 MB | 186 kB | 146 kB
Progress (4): 2.1/2.4 MB | 1.2/3.0 MB | 186 kB | 146 kB
Progress (4): 2.1/2.4 MB | 1.2/3.0 MB | 186 kB | 146 kB
Progress (4): 2.1/2.4 MB | 1.2/3.0 MB | 186 kB | 146 kB
Progress (4): 2.1/2.4 MB | 1.2/3.0 MB | 186 kB | 146 kB
Progress (4): 2.1/2.4 MB | 1.3/3.0 MB | 186 kB | 146 kB
Progress (4): 2.1/2.4 MB | 1.3/3.0 MB | 186 kB | 146 kB
Progress (4): 2.1/2.4 MB | 1.3/3.0 MB | 186 kB | 146 kB
Progress (4): 2.1/2.4 MB | 1.3/3.0 MB | 186 kB | 146 kB
Progress (4): 2.1/2.4 MB | 1.3/3.0 MB | 186 kB | 146 kB
Progress (4): 2.1/2.4 MB | 1.3/3.0 MB | 186 kB | 146 kB
Progress (4): 2.1/2.4 MB | 1.3/3.0 MB | 186 kB | 146 kB
Progress (4): 2.1/2.4 MB | 1.3/3.0 MB | 186 kB | 146 kB
Progress (4): 2.1/2.4 MB | 1.3/3.0 MB | 186 kB | 146 kB
Progress (4): 2.1/2.4 MB | 1.3/3.0 MB | 186 kB | 146 kB
Progress (4): 2.1/2.4 MB | 1.3/3.0 MB | 186 kB | 146 kB
Progress (4): 2.1/2.4 MB | 1.3/3.0 MB | 186 kB | 146 kB
Progress (4): 2.1/2.4 MB | 1.3/3.0 MB | 186 kB | 146 kB
Progress (4): 2.1/2.4 MB | 1.3/3.0 MB | 186 kB | 146 kB
Progress (4): 2.1/2.4 MB | 1.3/3.0 MB | 186 kB | 146 kB
Progress (4): 2.1/2.4 MB | 1.3/3.0 MB | 186 kB | 146 kB
Progress (4): 2.1/2.4 MB | 1.3/3.0 MB | 186 kB | 146 kB
Progress (4): 2.1/2.4 MB | 1.3/3.0 MB | 186 kB | 146 kB
Progress (4): 2.1/2.4 MB | 1.3/3.0 MB | 186 kB | 146 kB
Progress (4): 2.1/2.4 MB | 1.3/3.0 MB | 186 kB | 146 kB
Progress (4): 2.1/2.4 MB | 1.3/3.0 MB | 186 kB | 146 kB
Progress (4): 2.1/2.4 MB | 1.3/3.0 MB | 186 kB | 146 kB
Progress (4): 2.1/2.4 MB | 1.3/3.0 MB | 186 kB | 146 kB
Progress (4): 2.2/2.4 MB | 1.3/3.0 MB | 186 kB | 146 kB
Progress (4): 2.2/2.4 MB | 1.3/3.0 MB | 186 kB | 146 kB
Progress (4): 2.2/2.4 MB | 1.3/3.0 MB | 186 kB | 146 kB
Progress (4): 2.2/2.4 MB | 1.3/3.0 MB | 186 kB | 146 kB
Progress (4): 2.2/2.4 MB | 1.3/3.0 MB | 186 kB | 146 kB
Progress (4): 2.2/2.4 MB | 1.3/3.0 MB | 186 kB | 146 kB
Progress (4): 2.2/2.4 MB | 1.3/3.0 MB | 186 kB | 146 kB
Progress (4): 2.2/2.4 MB | 1.3/3.0 MB | 186 kB | 146 kB
Progress (4): 2.2/2.4 MB | 1.3/3.0 MB | 186 kB | 146 kB
Progress (4): 2.2/2.4 MB | 1.3/3.0 MB | 186 kB | 146 kB
Progress (4): 2.2/2.4 MB | 1.3/3.0 MB | 186 kB | 146 kB
Progress (4): 2.2/2.4 MB | 1.3/3.0 MB | 186 kB | 146 kB
Progress (4): 2.2/2.4 MB | 1.3/3.0 MB | 186 kB | 146 kB
Progress (4): 2.2/2.4 MB | 1.3/3.0 MB | 186 kB | 146 kB
Progress (4): 2.2/2.4 MB | 1.3/3.0 MB | 186 kB | 146 kB
Progress (4): 2.2/2.4 MB | 1.3/3.0 MB | 186 kB | 146 kB
Progress (4): 2.2/2.4 MB | 1.3/3.0 MB | 186 kB | 146 kB
Progress (4): 2.2/2.4 MB | 1.3/3.0 MB | 186 kB | 146 kB
Progress (4): 2.2/2.4 MB | 1.3/3.0 MB | 186 kB | 146 kB
Progress (4): 2.2/2.4 MB | 1.3/3.0 MB | 186 kB | 146 kB
Progress (4): 2.2/2.4 MB | 1.3/3.0 MB | 186 kB | 146 kB
Progress (4): 2.2/2.4 MB | 1.3/3.0 MB | 186 kB | 146 kB
Progress (4): 2.2/2.4 MB | 1.3/3.0 MB | 186 kB | 146 kB
Progress (4): 2.2/2.4 MB | 1.3/3.0 MB | 186 kB | 146 kB
Progress (4): 2.3/2.4 MB | 1.3/3.0 MB | 186 kB | 146 kB
Progress (4): 2.3/2.4 MB | 1.3/3.0 MB | 186 kB | 146 kB
Progress (4): 2.3/2.4 MB | 1.3/3.0 MB | 186 kB | 146 kB
Progress (4): 2.3/2.4 MB | 1.3/3.0 MB | 186 kB | 146 kB
Progress (4): 2.3/2.4 MB | 1.3/3.0 MB | 186 kB | 146 kB
Progress (4): 2.3/2.4 MB | 1.3/3.0 MB | 186 kB | 146 kB
Progress (4): 2.3/2.4 MB | 1.3/3.0 MB | 186 kB | 146 kB
Progress (4): 2.3/2.4 MB | 1.3/3.0 MB | 186 kB | 146 kB
Progress (4): 2.3/2.4 MB | 1.3/3.0 MB | 186 kB | 146 kB
Progress (4): 2.3/2.4 MB | 1.3/3.0 MB | 186 kB | 146 kB
Progress (4): 2.3/2.4 MB | 1.3/3.0 MB | 186 kB | 146 kB
Progress (4): 2.3/2.4 MB | 1.3/3.0 MB | 186 kB | 146 kB
Progress (4): 2.3/2.4 MB | 1.3/3.0 MB | 186 kB | 146 kB
Progress (4): 2.3/2.4 MB | 1.3/3.0 MB | 186 kB | 146 kB
Progress (4): 2.3/2.4 MB | 1.3/3.0 MB | 186 kB | 146 kB
Progress (4): 2.3/2.4 MB | 1.3/3.0 MB | 186 kB | 146 kB
Progress (4): 2.3/2.4 MB | 1.3/3.0 MB | 186 kB | 146 kB
Progress (4): 2.3/2.4 MB | 1.3/3.0 MB | 186 kB | 146 kB
Progress (4): 2.3/2.4 MB | 1.3/3.0 MB | 186 kB | 146 kB
Progress (4): 2.3/2.4 MB | 1.3/3.0 MB | 186 kB | 146 kB
Progress (4): 2.3/2.4 MB | 1.3/3.0 MB | 186 kB | 146 kB
Progress (4): 2.3/2.4 MB | 1.3/3.0 MB | 186 kB | 146 kB
Progress (4): 2.3/2.4 MB | 1.3/3.0 MB | 186 kB | 146 kB
Progress (4): 2.3/2.4 MB | 1.3/3.0 MB | 186 kB | 146 kB
Progress (4): 2.3/2.4 MB | 1.3/3.0 MB | 186 kB | 146 kB
Progress (4): 2.4/2.4 MB | 1.3/3.0 MB | 186 kB | 146 kB
Progress (4): 2.4/2.4 MB | 1.3/3.0 MB | 186 kB | 146 kB
Progress (4): 2.4/2.4 MB | 1.3/3.0 MB | 186 kB | 146 kB
Progress (4): 2.4/2.4 MB | 1.3/3.0 MB | 186 kB | 146 kB
Progress (4): 2.4/2.4 MB | 1.3/3.0 MB | 186 kB | 146 kB
Progress (4): 2.4/2.4 MB | 1.3/3.0 MB | 186 kB | 146 kB
Progress (4): 2.4/2.4 MB | 1.3/3.0 MB | 186 kB | 146 kB
Progress (4): 2.4/2.4 MB | 1.3/3.0 MB | 186 kB | 146 kB
Progress (4): 2.4/2.4 MB | 1.3/3.0 MB | 186 kB | 146 kB
Progress (4): 2.4/2.4 MB | 1.3/3.0 MB | 186 kB | 146 kB
Progress (4): 2.4/2.4 MB | 1.3/3.0 MB | 186 kB | 146 kB
Progress (4): 2.4/2.4 MB | 1.3/3.0 MB | 186 kB | 146 kB
Progress (4): 2.4/2.4 MB | 1.3/3.0 MB | 186 kB | 146 kB
Progress (4): 2.4/2.4 MB | 1.3/3.0 MB | 186 kB | 146 kB
Progress (4): 2.4/2.4 MB | 1.3/3.0 MB | 186 kB | 146 kB
Progress (4): 2.4/2.4 MB | 1.3/3.0 MB | 186 kB | 146 kB
Progress (4): 2.4/2.4 MB | 1.3/3.0 MB | 186 kB | 146 kB
Progress (4): 2.4/2.4 MB | 1.3/3.0 MB | 186 kB | 146 kB
Progress (4): 2.4/2.4 MB | 1.3/3.0 MB | 186 kB | 146 kB
Progress (4): 2.4/2.4 MB | 1.3/3.0 MB | 186 kB | 146 kB
Progress (4): 2.4/2.4 MB | 1.3/3.0 MB | 186 kB | 146 kB
Progress (4): 2.4/2.4 MB | 1.3/3.0 MB | 186 kB | 146 kB
Progress (4): 2.4 MB | 1.3/3.0 MB | 186 kB | 146 kB    
Progress (5): 2.4 MB | 1.3/3.0 MB | 186 kB | 146 kB | 2.2/588 kB
Progress (5): 2.4 MB | 1.3/3.0 MB | 186 kB | 146 kB | 5.0/588 kB
Progress (5): 2.4 MB | 1.3/3.0 MB | 186 kB | 146 kB | 7.7/588 kB
Progress (5): 2.4 MB | 1.3/3.0 MB | 186 kB | 146 kB | 10/588 kB 
Progress (5): 2.4 MB | 1.3/3.0 MB | 186 kB | 146 kB | 13/588 kB
Progress (5): 2.4 MB | 1.3/3.0 MB | 186 kB | 146 kB | 16/588 kB
Progress (5): 2.4 MB | 1.3/3.0 MB | 186 kB | 146 kB | 19/588 kB
Progress (5): 2.4 MB | 1.3/3.0 MB | 186 kB | 146 kB | 21/588 kB
Progress (5): 2.4 MB | 1.3/3.0 MB | 186 kB | 146 kB | 24/588 kB
Progress (5): 2.4 MB | 1.3/3.0 MB | 186 kB | 146 kB | 27/588 kB
Progress (5): 2.4 MB | 1.3/3.0 MB | 186 kB | 146 kB | 30/588 kB
Progress (5): 2.4 MB | 1.3/3.0 MB | 186 kB | 146 kB | 32/588 kB
Progress (5): 2.4 MB | 1.3/3.0 MB | 186 kB | 146 kB | 36/588 kB
Progress (5): 2.4 MB | 1.3/3.0 MB | 186 kB | 146 kB | 40/588 kB
Progress (5): 2.4 MB | 1.3/3.0 MB | 186 kB | 146 kB | 45/588 kB
Progress (5): 2.4 MB | 1.3/3.0 MB | 186 kB | 146 kB | 49/588 kB
Progress (5): 2.4 MB | 1.3/3.0 MB | 186 kB | 146 kB | 53/588 kB
Progress (5): 2.4 MB | 1.3/3.0 MB | 186 kB | 146 kB | 57/588 kB
Progress (5): 2.4 MB | 1.3/3.0 MB | 186 kB | 146 kB | 61/588 kB
Progress (5): 2.4 MB | 1.3/3.0 MB | 186 kB | 146 kB | 65/588 kB
Progress (5): 2.4 MB | 1.3/3.0 MB | 186 kB | 146 kB | 69/588 kB
Progress (5): 2.4 MB | 1.3/3.0 MB | 186 kB | 146 kB | 73/588 kB
Progress (5): 2.4 MB | 1.3/3.0 MB | 186 kB | 146 kB | 77/588 kB
Progress (5): 2.4 MB | 1.3/3.0 MB | 186 kB | 146 kB | 81/588 kB
Progress (5): 2.4 MB | 1.3/3.0 MB | 186 kB | 146 kB | 85/588 kB
Progress (5): 2.4 MB | 1.3/3.0 MB | 186 kB | 146 kB | 90/588 kB
Progress (5): 2.4 MB | 1.3/3.0 MB | 186 kB | 146 kB | 94/588 kB
Progress (5): 2.4 MB | 1.3/3.0 MB | 186 kB | 146 kB | 98/588 kB
Progress (5): 2.4 MB | 1.3/3.0 MB | 186 kB | 146 kB | 102/588 kB
Progress (5): 2.4 MB | 1.3/3.0 MB | 186 kB | 146 kB | 106/588 kB
Progress (5): 2.4 MB | 1.3/3.0 MB | 186 kB | 146 kB | 110/588 kB
Progress (5): 2.4 MB | 1.3/3.0 MB | 186 kB | 146 kB | 114/588 kB
                                                                
Downloaded from central: https://repo.maven.apache.org/maven2/commons-digester/commons-digester/1.8.1/commons-digester-1.8.1.jar (146 kB at 56 kB/s)
Progress (4): 2.4 MB | 1.3/3.0 MB | 186 kB | 118/588 kB
Progress (4): 2.4 MB | 1.3/3.0 MB | 186 kB | 122/588 kB
Progress (4): 2.4 MB | 1.3/3.0 MB | 186 kB | 126/588 kB
Progress (4): 2.4 MB | 1.3/3.0 MB | 186 kB | 131/588 kB
Progress (4): 2.4 MB | 1.3/3.0 MB | 186 kB | 135/588 kB
Progress (4): 2.4 MB | 1.3/3.0 MB | 186 kB | 139/588 kB
Progress (4): 2.4 MB | 1.3/3.0 MB | 186 kB | 143/588 kB
Progress (4): 2.4 MB | 1.3/3.0 MB | 186 kB | 147/588 kB
Progress (4): 2.4 MB | 1.3/3.0 MB | 186 kB | 151/588 kB
Progress (4): 2.4 MB | 1.3/3.0 MB | 186 kB | 155/588 kB
Progress (4): 2.4 MB | 1.3/3.0 MB | 186 kB | 159/588 kB
Progress (4): 2.4 MB | 1.3/3.0 MB | 186 kB | 163/588 kB
Progress (4): 2.4 MB | 1.3/3.0 MB | 186 kB | 167/588 kB
Progress (4): 2.4 MB | 1.3/3.0 MB | 186 kB | 171/588 kB
Progress (4): 2.4 MB | 1.3/3.0 MB | 186 kB | 176/588 kB
Progress (4): 2.4 MB | 1.3/3.0 MB | 186 kB | 180/588 kB
Progress (4): 2.4 MB | 1.3/3.0 MB | 186 kB | 184/588 kB
Progress (4): 2.4 MB | 1.3/3.0 MB | 186 kB | 188/588 kB
Progress (4): 2.4 MB | 1.3/3.0 MB | 186 kB | 192/588 kB
Progress (4): 2.4 MB | 1.3/3.0 MB | 186 kB | 196/588 kB
Progress (4): 2.4 MB | 1.3/3.0 MB | 186 kB | 200/588 kB
Progress (4): 2.4 MB | 1.3/3.0 MB | 186 kB | 204/588 kB
Progress (4): 2.4 MB | 1.3/3.0 MB | 186 kB | 208/588 kB
Progress (4): 2.4 MB | 1.3/3.0 MB | 186 kB | 212/588 kB
Progress (4): 2.4 MB | 1.3/3.0 MB | 186 kB | 217/588 kB
Progress (4): 2.4 MB | 1.3/3.0 MB | 186 kB | 221/588 kB
Progress (4): 2.4 MB | 1.3/3.0 MB | 186 kB | 225/588 kB
Progress (4): 2.4 MB | 1.3/3.0 MB | 186 kB | 229/588 kB
Progress (4): 2.4 MB | 1.3/3.0 MB | 186 kB | 233/588 kB
Progress (4): 2.4 MB | 1.3/3.0 MB | 186 kB | 237/588 kB
Progress (4): 2.4 MB | 1.3/3.0 MB | 186 kB | 241/588 kB
Progress (4): 2.4 MB | 1.3/3.0 MB | 186 kB | 245/588 kB
Progress (4): 2.4 MB | 1.3/3.0 MB | 186 kB | 245/588 kB
Progress (4): 2.4 MB | 1.3/3.0 MB | 186 kB | 245/588 kB
Progress (4): 2.4 MB | 1.3/3.0 MB | 186 kB | 249/588 kB
Progress (4): 2.4 MB | 1.3/3.0 MB | 186 kB | 249/588 kB
Progress (4): 2.4 MB | 1.3/3.0 MB | 186 kB | 253/588 kB
Progress (4): 2.4 MB | 1.3/3.0 MB | 186 kB | 253/588 kB
Progress (4): 2.4 MB | 1.3/3.0 MB | 186 kB | 258/588 kB
Progress (4): 2.4 MB | 1.3/3.0 MB | 186 kB | 262/588 kB
                                                       
Downloaded from central: https://repo.maven.apache.org/maven2/commons-validator/commons-validator/1.6/commons-validator-1.6.jar (186 kB at 71 kB/s)
Progress (3): 2.4 MB | 1.3/3.0 MB | 266/588 kB
Progress (3): 2.4 MB | 1.3/3.0 MB | 270/588 kB
Progress (3): 2.4 MB | 1.3/3.0 MB | 274/588 kB
Progress (3): 2.4 MB | 1.3/3.0 MB | 278/588 kB
Progress (3): 2.4 MB | 1.3/3.0 MB | 282/588 kB
Progress (3): 2.4 MB | 1.3/3.0 MB | 286/588 kB
Progress (3): 2.4 MB | 1.3/3.0 MB | 290/588 kB
Progress (3): 2.4 MB | 1.3/3.0 MB | 294/588 kB
Progress (3): 2.4 MB | 1.3/3.0 MB | 298/588 kB
Progress (3): 2.4 MB | 1.3/3.0 MB | 303/588 kB
Progress (3): 2.4 MB | 1.3/3.0 MB | 307/588 kB
Progress (3): 2.4 MB | 1.3/3.0 MB | 311/588 kB
Progress (3): 2.4 MB | 1.3/3.0 MB | 315/588 kB
Progress (3): 2.4 MB | 1.3/3.0 MB | 319/588 kB
Progress (3): 2.4 MB | 1.3/3.0 MB | 323/588 kB
Progress (3): 2.4 MB | 1.3/3.0 MB | 327/588 kB
Progress (3): 2.4 MB | 1.3/3.0 MB | 331/588 kB
Progress (3): 2.4 MB | 1.3/3.0 MB | 335/588 kB
Progress (3): 2.4 MB | 1.3/3.0 MB | 339/588 kB
Progress (3): 2.4 MB | 1.3/3.0 MB | 344/588 kB
                                              
Downloaded from central: https://repo.maven.apache.org/maven2/com/google/guava/guava/20.0/guava-20.0.jar (2.4 MB at 896 kB/s)
Progress (2): 1.3/3.0 MB | 348/588 kB
Progress (2): 1.3/3.0 MB | 352/588 kB
Progress (2): 1.3/3.0 MB | 356/588 kB
Progress (2): 1.3/3.0 MB | 360/588 kB
Progress (2): 1.3/3.0 MB | 364/588 kB
Progress (2): 1.3/3.0 MB | 368/588 kB
Progress (2): 1.3/3.0 MB | 372/588 kB
Progress (2): 1.3/3.0 MB | 376/588 kB
Progress (2): 1.3/3.0 MB | 380/588 kB
Progress (2): 1.3/3.0 MB | 384/588 kB
Progress (2): 1.3/3.0 MB | 389/588 kB
Progress (2): 1.3/3.0 MB | 393/588 kB
Progress (2): 1.3/3.0 MB | 397/588 kB
Progress (2): 1.3/3.0 MB | 401/588 kB
Progress (2): 1.3/3.0 MB | 405/588 kB
Progress (2): 1.3/3.0 MB | 405/588 kB
Progress (2): 1.3/3.0 MB | 409/588 kB
Progress (2): 1.3/3.0 MB | 409/588 kB
Progress (2): 1.3/3.0 MB | 409/588 kB
Progress (2): 1.3/3.0 MB | 409/588 kB
Progress (2): 1.3/3.0 MB | 413/588 kB
Progress (2): 1.3/3.0 MB | 417/588 kB
Progress (2): 1.3/3.0 MB | 417/588 kB
Progress (2): 1.3/3.0 MB | 421/588 kB
Progress (2): 1.3/3.0 MB | 421/588 kB
Progress (2): 1.3/3.0 MB | 425/588 kB
Progress (2): 1.3/3.0 MB | 425/588 kB
Progress (2): 1.3/3.0 MB | 425/588 kB
Progress (2): 1.3/3.0 MB | 430/588 kB
Progress (2): 1.3/3.0 MB | 434/588 kB
Progress (2): 1.3/3.0 MB | 438/588 kB
Progress (2): 1.3/3.0 MB | 438/588 kB
Progress (2): 1.3/3.0 MB | 442/588 kB
Progress (2): 1.3/3.0 MB | 442/588 kB
Progress (2): 1.3/3.0 MB | 442/588 kB
Progress (2): 1.3/3.0 MB | 442/588 kB
Progress (2): 1.3/3.0 MB | 446/588 kB
Progress (2): 1.3/3.0 MB | 450/588 kB
Progress (2): 1.3/3.0 MB | 454/588 kB
Progress (2): 1.3/3.0 MB | 454/588 kB
Progress (2): 1.3/3.0 MB | 458/588 kB
Progress (2): 1.4/3.0 MB | 458/588 kB
Progress (2): 1.4/3.0 MB | 458/588 kB
Progress (2): 1.4/3.0 MB | 458/588 kB
Progress (2): 1.4/3.0 MB | 462/588 kB
Progress (2): 1.4/3.0 MB | 466/588 kB
Progress (2): 1.4/3.0 MB | 471/588 kB
Progress (2): 1.4/3.0 MB | 471/588 kB
Progress (2): 1.4/3.0 MB | 475/588 kB
Progress (2): 1.4/3.0 MB | 475/588 kB
Progress (2): 1.4/3.0 MB | 475/588 kB
Progress (2): 1.4/3.0 MB | 475/588 kB
Progress (2): 1.4/3.0 MB | 479/588 kB
Progress (2): 1.4/3.0 MB | 483/588 kB
Progress (2): 1.4/3.0 MB | 487/588 kB
Progress (2): 1.4/3.0 MB | 487/588 kB
Progress (2): 1.4/3.0 MB | 491/588 kB
Progress (2): 1.4/3.0 MB | 491/588 kB
Progress (2): 1.4/3.0 MB | 491/588 kB
Progress (2): 1.4/3.0 MB | 491/588 kB
Progress (2): 1.4/3.0 MB | 491/588 kB
Progress (2): 1.4/3.0 MB | 491/588 kB
Progress (2): 1.4/3.0 MB | 491/588 kB
Progress (2): 1.4/3.0 MB | 491/588 kB
Progress (2): 1.4/3.0 MB | 491/588 kB
Progress (2): 1.4/3.0 MB | 491/588 kB
Progress (2): 1.4/3.0 MB | 491/588 kB
Progress (2): 1.4/3.0 MB | 491/588 kB
Progress (2): 1.4/3.0 MB | 491/588 kB
Progress (2): 1.4/3.0 MB | 491/588 kB
Progress (2): 1.4/3.0 MB | 491/588 kB
Progress (2): 1.4/3.0 MB | 491/588 kB
Progress (2): 1.4/3.0 MB | 491/588 kB
Progress (2): 1.5/3.0 MB | 491/588 kB
Progress (2): 1.5/3.0 MB | 491/588 kB
Progress (2): 1.5/3.0 MB | 491/588 kB
Progress (2): 1.5/3.0 MB | 491/588 kB
Progress (2): 1.5/3.0 MB | 491/588 kB
Progress (2): 1.5/3.0 MB | 491/588 kB
Progress (2): 1.5/3.0 MB | 491/588 kB
Progress (2): 1.5/3.0 MB | 491/588 kB
Progress (2): 1.5/3.0 MB | 491/588 kB
Progress (2): 1.5/3.0 MB | 491/588 kB
Progress (2): 1.5/3.0 MB | 491/588 kB
Progress (2): 1.5/3.0 MB | 491/588 kB
Progress (2): 1.5/3.0 MB | 491/588 kB
Progress (2): 1.5/3.0 MB | 491/588 kB
Progress (2): 1.5/3.0 MB | 491/588 kB
Progress (2): 1.5/3.0 MB | 491/588 kB
Progress (2): 1.5/3.0 MB | 491/588 kB
Progress (2): 1.5/3.0 MB | 491/588 kB
Progress (2): 1.5/3.0 MB | 491/588 kB
Progress (2): 1.5/3.0 MB | 491/588 kB
Progress (2): 1.5/3.0 MB | 491/588 kB
Progress (2): 1.5/3.0 MB | 491/588 kB
Progress (2): 1.5/3.0 MB | 491/588 kB
Progress (2): 1.5/3.0 MB | 491/588 kB
Progress (2): 1.6/3.0 MB | 491/588 kB
Progress (2): 1.6/3.0 MB | 491/588 kB
Progress (2): 1.6/3.0 MB | 491/588 kB
Progress (2): 1.6/3.0 MB | 491/588 kB
Progress (2): 1.6/3.0 MB | 491/588 kB
Progress (2): 1.6/3.0 MB | 491/588 kB
Progress (2): 1.6/3.0 MB | 491/588 kB
Progress (2): 1.6/3.0 MB | 491/588 kB
Progress (2): 1.6/3.0 MB | 491/588 kB
Progress (2): 1.6/3.0 MB | 491/588 kB
Progress (2): 1.6/3.0 MB | 491/588 kB
Progress (2): 1.6/3.0 MB | 491/588 kB
Progress (2): 1.6/3.0 MB | 491/588 kB
Progress (2): 1.6/3.0 MB | 491/588 kB
Progress (2): 1.6/3.0 MB | 491/588 kB
Progress (2): 1.6/3.0 MB | 495/588 kB
Progress (2): 1.6/3.0 MB | 499/588 kB
Progress (2): 1.6/3.0 MB | 503/588 kB
Progress (2): 1.6/3.0 MB | 507/588 kB
Progress (2): 1.6/3.0 MB | 511/588 kB
Progress (2): 1.6/3.0 MB | 516/588 kB
Progress (2): 1.6/3.0 MB | 520/588 kB
Progress (2): 1.6/3.0 MB | 524/588 kB
Progress (2): 1.6/3.0 MB | 528/588 kB
Progress (2): 1.6/3.0 MB | 532/588 kB
Progress (2): 1.6/3.0 MB | 536/588 kB
Progress (2): 1.6/3.0 MB | 540/588 kB
Progress (2): 1.6/3.0 MB | 544/588 kB
Progress (2): 1.6/3.0 MB | 548/588 kB
Progress (2): 1.6/3.0 MB | 552/588 kB
Progress (2): 1.6/3.0 MB | 557/588 kB
Progress (2): 1.6/3.0 MB | 561/588 kB
Progress (2): 1.6/3.0 MB | 565/588 kB
Progress (2): 1.6/3.0 MB | 569/588 kB
Progress (2): 1.6/3.0 MB | 573/588 kB
Progress (2): 1.6/3.0 MB | 573/588 kB
Progress (2): 1.6/3.0 MB | 573/588 kB
Progress (2): 1.6/3.0 MB | 573/588 kB
Progress (2): 1.6/3.0 MB | 577/588 kB
Progress (2): 1.6/3.0 MB | 577/588 kB
Progress (2): 1.6/3.0 MB | 581/588 kB
Progress (2): 1.6/3.0 MB | 585/588 kB
Progress (2): 1.6/3.0 MB | 588 kB    
Progress (2): 1.6/3.0 MB | 588 kB
Progress (2): 1.6/3.0 MB | 588 kB
Progress (2): 1.6/3.0 MB | 588 kB
Progress (2): 1.6/3.0 MB | 588 kB
Progress (2): 1.6/3.0 MB | 588 kB
Progress (2): 1.6/3.0 MB | 588 kB
Progress (2): 1.7/3.0 MB | 588 kB
Progress (2): 1.7/3.0 MB | 588 kB
Progress (2): 1.7/3.0 MB | 588 kB
Progress (2): 1.7/3.0 MB | 588 kB
Progress (2): 1.7/3.0 MB | 588 kB
Progress (2): 1.7/3.0 MB | 588 kB
Progress (2): 1.7/3.0 MB | 588 kB
Progress (2): 1.7/3.0 MB | 588 kB
Progress (2): 1.7/3.0 MB | 588 kB
Progress (2): 1.7/3.0 MB | 588 kB
Progress (2): 1.7/3.0 MB | 588 kB
Progress (2): 1.7/3.0 MB | 588 kB
Progress (2): 1.7/3.0 MB | 588 kB
Progress (2): 1.7/3.0 MB | 588 kB
Progress (2): 1.7/3.0 MB | 588 kB
Progress (2): 1.7/3.0 MB | 588 kB
Progress (2): 1.7/3.0 MB | 588 kB
Progress (2): 1.7/3.0 MB | 588 kB
Progress (2): 1.7/3.0 MB | 588 kB
Progress (2): 1.7/3.0 MB | 588 kB
Progress (2): 1.7/3.0 MB | 588 kB
Progress (2): 1.7/3.0 MB | 588 kB
Progress (2): 1.7/3.0 MB | 588 kB
Progress (2): 1.7/3.0 MB | 588 kB
Progress (2): 1.8/3.0 MB | 588 kB
Progress (2): 1.8/3.0 MB | 588 kB
Progress (2): 1.8/3.0 MB | 588 kB
Progress (2): 1.8/3.0 MB | 588 kB
Progress (2): 1.8/3.0 MB | 588 kB
Progress (2): 1.8/3.0 MB | 588 kB
Progress (2): 1.8/3.0 MB | 588 kB
Progress (2): 1.8/3.0 MB | 588 kB
Progress (2): 1.8/3.0 MB | 588 kB
Progress (2): 1.8/3.0 MB | 588 kB
Progress (2): 1.8/3.0 MB | 588 kB
Progress (2): 1.8/3.0 MB | 588 kB
Progress (2): 1.8/3.0 MB | 588 kB
Progress (2): 1.8/3.0 MB | 588 kB
Progress (2): 1.8/3.0 MB | 588 kB
Progress (2): 1.8/3.0 MB | 588 kB
Progress (2): 1.8/3.0 MB | 588 kB
Progress (2): 1.8/3.0 MB | 588 kB
Progress (2): 1.8/3.0 MB | 588 kB
Progress (2): 1.8/3.0 MB | 588 kB
Progress (2): 1.8/3.0 MB | 588 kB
Progress (2): 1.8/3.0 MB | 588 kB
                                 
Downloaded from central: https://repo.maven.apache.org/maven2/commons-collections/commons-collections/3.2.2/commons-collections-3.2.2.jar (588 kB at 187 kB/s)
Progress (1): 1.8/3.0 MB
Progress (1): 1.8/3.0 MB
Progress (1): 1.8/3.0 MB
Progress (1): 1.9/3.0 MB
Progress (1): 1.9/3.0 MB
Progress (1): 1.9/3.0 MB
Progress (1): 1.9/3.0 MB
Progress (1): 1.9/3.0 MB
Progress (1): 1.9/3.0 MB
Progress (1): 1.9/3.0 MB
Progress (1): 1.9/3.0 MB
Progress (1): 1.9/3.0 MB
Progress (1): 1.9/3.0 MB
Progress (1): 1.9/3.0 MB
Progress (1): 1.9/3.0 MB
Progress (1): 1.9/3.0 MB
Progress (1): 1.9/3.0 MB
Progress (1): 1.9/3.0 MB
Progress (1): 1.9/3.0 MB
Progress (1): 1.9/3.0 MB
Progress (1): 1.9/3.0 MB
Progress (1): 1.9/3.0 MB
Progress (1): 1.9/3.0 MB
Progress (1): 1.9/3.0 MB
Progress (1): 1.9/3.0 MB
Progress (1): 1.9/3.0 MB
Progress (1): 1.9/3.0 MB
Progress (1): 2.0/3.0 MB
Progress (1): 2.0/3.0 MB
Progress (1): 2.0/3.0 MB
Progress (1): 2.0/3.0 MB
Progress (1): 2.0/3.0 MB
Progress (1): 2.0/3.0 MB
Progress (1): 2.0/3.0 MB
Progress (1): 2.0/3.0 MB
Progress (1): 2.0/3.0 MB
Progress (1): 2.0/3.0 MB
Progress (1): 2.0/3.0 MB
Progress (1): 2.0/3.0 MB
Progress (1): 2.0/3.0 MB
Progress (1): 2.0/3.0 MB
Progress (1): 2.0/3.0 MB
Progress (1): 2.0/3.0 MB
Progress (1): 2.0/3.0 MB
Progress (1): 2.0/3.0 MB
Progress (1): 2.0/3.0 MB
Progress (1): 2.0/3.0 MB
Progress (1): 2.0/3.0 MB
Progress (1): 2.0/3.0 MB
Progress (1): 2.0/3.0 MB
Progress (1): 2.0/3.0 MB
Progress (1): 2.0/3.0 MB
Progress (1): 2.1/3.0 MB
Progress (1): 2.1/3.0 MB
Progress (1): 2.1/3.0 MB
Progress (1): 2.1/3.0 MB
Progress (1): 2.1/3.0 MB
Progress (1): 2.1/3.0 MB
Progress (1): 2.1/3.0 MB
Progress (1): 2.1/3.0 MB
Progress (1): 2.1/3.0 MB
Progress (1): 2.1/3.0 MB
Progress (1): 2.1/3.0 MB
Progress (1): 2.1/3.0 MB
Progress (1): 2.1/3.0 MB
Progress (1): 2.1/3.0 MB
Progress (1): 2.1/3.0 MB
Progress (1): 2.1/3.0 MB
Progress (1): 2.1/3.0 MB
Progress (1): 2.1/3.0 MB
Progress (1): 2.1/3.0 MB
Progress (1): 2.1/3.0 MB
Progress (1): 2.1/3.0 MB
Progress (1): 2.1/3.0 MB
Progress (1): 2.1/3.0 MB
Progress (1): 2.1/3.0 MB
Progress (1): 2.2/3.0 MB
Progress (1): 2.2/3.0 MB
Progress (1): 2.2/3.0 MB
Progress (1): 2.2/3.0 MB
Progress (1): 2.2/3.0 MB
Progress (1): 2.2/3.0 MB
Progress (1): 2.2/3.0 MB
Progress (1): 2.2/3.0 MB
Progress (1): 2.2/3.0 MB
Progress (1): 2.2/3.0 MB
Progress (1): 2.2/3.0 MB
Progress (1): 2.2/3.0 MB
Progress (1): 2.2/3.0 MB
Progress (1): 2.2/3.0 MB
Progress (1): 2.2/3.0 MB
Progress (1): 2.2/3.0 MB
Progress (1): 2.2/3.0 MB
Progress (1): 2.2/3.0 MB
Progress (1): 2.2/3.0 MB
Progress (1): 2.2/3.0 MB
Progress (1): 2.2/3.0 MB
Progress (1): 2.2/3.0 MB
Progress (1): 2.2/3.0 MB
Progress (1): 2.2/3.0 MB
Progress (1): 2.3/3.0 MB
Progress (1): 2.3/3.0 MB
Progress (1): 2.3/3.0 MB
Progress (1): 2.3/3.0 MB
Progress (1): 2.3/3.0 MB
Progress (1): 2.3/3.0 MB
Progress (1): 2.3/3.0 MB
Progress (1): 2.3/3.0 MB
Progress (1): 2.3/3.0 MB
Progress (1): 2.3/3.0 MB
Progress (1): 2.3/3.0 MB
Progress (1): 2.3/3.0 MB
Progress (1): 2.3/3.0 MB
Progress (1): 2.3/3.0 MB
Progress (1): 2.3/3.0 MB
Progress (1): 2.3/3.0 MB
Progress (1): 2.3/3.0 MB
Progress (1): 2.3/3.0 MB
Progress (1): 2.3/3.0 MB
Progress (1): 2.3/3.0 MB
Progress (1): 2.3/3.0 MB
Progress (1): 2.3/3.0 MB
Progress (1): 2.3/3.0 MB
Progress (1): 2.3/3.0 MB
Progress (1): 2.3/3.0 MB
Progress (1): 2.4/3.0 MB
Progress (1): 2.4/3.0 MB
Progress (1): 2.4/3.0 MB
Progress (1): 2.4/3.0 MB
Progress (1): 2.4/3.0 MB
Progress (1): 2.4/3.0 MB
Progress (1): 2.4/3.0 MB
Progress (1): 2.4/3.0 MB
Progress (1): 2.4/3.0 MB
Progress (1): 2.4/3.0 MB
Progress (1): 2.4/3.0 MB
Progress (1): 2.4/3.0 MB
Progress (1): 2.4/3.0 MB
Progress (1): 2.4/3.0 MB
Progress (1): 2.4/3.0 MB
Progress (1): 2.4/3.0 MB
Progress (1): 2.4/3.0 MB
Progress (1): 2.4/3.0 MB
Progress (1): 2.4/3.0 MB
Progress (1): 2.4/3.0 MB
Progress (1): 2.4/3.0 MB
Progress (1): 2.4/3.0 MB
Progress (1): 2.4/3.0 MB
Progress (1): 2.4/3.0 MB
Progress (1): 2.5/3.0 MB
Progress (1): 2.5/3.0 MB
Progress (1): 2.5/3.0 MB
Progress (1): 2.5/3.0 MB
Progress (1): 2.5/3.0 MB
Progress (1): 2.5/3.0 MB
Progress (1): 2.5/3.0 MB
Progress (1): 2.5/3.0 MB
Progress (1): 2.5/3.0 MB
Progress (1): 2.5/3.0 MB
Progress (1): 2.5/3.0 MB
Progress (1): 2.5/3.0 MB
Progress (1): 2.5/3.0 MB
Progress (1): 2.5/3.0 MB
Progress (1): 2.5/3.0 MB
Progress (1): 2.5/3.0 MB
Progress (1): 2.5/3.0 MB
Progress (1): 2.5/3.0 MB
Progress (1): 2.5/3.0 MB
Progress (1): 2.5/3.0 MB
Progress (1): 2.5/3.0 MB
Progress (1): 2.5/3.0 MB
Progress (1): 2.5/3.0 MB
Progress (1): 2.5/3.0 MB
Progress (1): 2.5/3.0 MB
Progress (1): 2.6/3.0 MB
Progress (1): 2.6/3.0 MB
Progress (1): 2.6/3.0 MB
Progress (1): 2.6/3.0 MB
Progress (1): 2.6/3.0 MB
Progress (1): 2.6/3.0 MB
Progress (1): 2.6/3.0 MB
Progress (1): 2.6/3.0 MB
Progress (1): 2.6/3.0 MB
Progress (1): 2.6/3.0 MB
Progress (1): 2.6/3.0 MB
Progress (1): 2.6/3.0 MB
Progress (1): 2.6/3.0 MB
Progress (1): 2.6/3.0 MB
Progress (1): 2.6/3.0 MB
Progress (1): 2.6/3.0 MB
Progress (1): 2.6/3.0 MB
Progress (1): 2.6/3.0 MB
Progress (1): 2.6/3.0 MB
Progress (1): 2.6/3.0 MB
Progress (1): 2.6/3.0 MB
Progress (1): 2.6/3.0 MB
Progress (1): 2.6/3.0 MB
Progress (1): 2.6/3.0 MB
Progress (1): 2.7/3.0 MB
Progress (1): 2.7/3.0 MB
Progress (1): 2.7/3.0 MB
Progress (1): 2.7/3.0 MB
Progress (1): 2.7/3.0 MB
Progress (1): 2.7/3.0 MB
Progress (1): 2.7/3.0 MB
Progress (1): 2.7/3.0 MB
Progress (1): 2.7/3.0 MB
Progress (1): 2.7/3.0 MB
Progress (1): 2.7/3.0 MB
Progress (1): 2.7/3.0 MB
Progress (1): 2.7/3.0 MB
Progress (1): 2.7/3.0 MB
Progress (1): 2.7/3.0 MB
Progress (1): 2.7/3.0 MB
Progress (1): 2.7/3.0 MB
Progress (1): 2.7/3.0 MB
Progress (1): 2.7/3.0 MB
Progress (1): 2.7/3.0 MB
Progress (1): 2.7/3.0 MB
Progress (1): 2.7/3.0 MB
Progress (1): 2.7/3.0 MB
Progress (1): 2.7/3.0 MB
Progress (1): 2.7/3.0 MB
Progress (1): 2.8/3.0 MB
Progress (1): 2.8/3.0 MB
Progress (1): 2.8/3.0 MB
Progress (1): 2.8/3.0 MB
Progress (1): 2.8/3.0 MB
Progress (1): 2.8/3.0 MB
Progress (1): 2.8/3.0 MB
Progress (1): 2.8/3.0 MB
Progress (1): 2.8/3.0 MB
Progress (1): 2.8/3.0 MB
Progress (1): 2.8/3.0 MB
Progress (1): 2.8/3.0 MB
Progress (1): 2.8/3.0 MB
Progress (1): 2.8/3.0 MB
Progress (1): 2.8/3.0 MB
Progress (1): 2.8/3.0 MB
Progress (1): 2.8/3.0 MB
Progress (1): 2.8/3.0 MB
Progress (1): 2.8/3.0 MB
Progress (1): 2.8/3.0 MB
Progress (1): 2.8/3.0 MB
Progress (1): 2.8/3.0 MB
Progress (1): 2.8/3.0 MB
Progress (1): 2.8/3.0 MB
Progress (1): 2.9/3.0 MB
Progress (1): 2.9/3.0 MB
Progress (1): 2.9/3.0 MB
Progress (1): 2.9/3.0 MB
Progress (1): 2.9/3.0 MB
Progress (1): 2.9/3.0 MB
Progress (1): 2.9/3.0 MB
Progress (1): 2.9/3.0 MB
Progress (1): 2.9/3.0 MB
Progress (1): 2.9/3.0 MB
Progress (1): 2.9/3.0 MB
Progress (1): 2.9/3.0 MB
Progress (1): 2.9/3.0 MB
Progress (1): 2.9/3.0 MB
Progress (1): 2.9/3.0 MB
Progress (1): 2.9/3.0 MB
Progress (1): 2.9/3.0 MB
Progress (1): 2.9/3.0 MB
Progress (1): 2.9/3.0 MB
Progress (1): 2.9/3.0 MB
Progress (1): 2.9/3.0 MB
Progress (1): 2.9/3.0 MB
Progress (1): 2.9/3.0 MB
Progress (1): 2.9/3.0 MB
Progress (1): 2.9/3.0 MB
Progress (1): 3.0/3.0 MB
Progress (1): 3.0/3.0 MB
Progress (1): 3.0/3.0 MB
Progress (1): 3.0/3.0 MB
Progress (1): 3.0/3.0 MB
Progress (1): 3.0/3.0 MB
Progress (1): 3.0/3.0 MB
Progress (1): 3.0/3.0 MB
Progress (1): 3.0/3.0 MB
Progress (1): 3.0/3.0 MB
Progress (1): 3.0 MB    
                    
Downloaded from central: https://repo.maven.apache.org/maven2/net/bytebuddy/byte-buddy/1.8.0/byte-buddy-1.8.0.jar (3.0 MB at 707 kB/s)
[INFO] 
[INFO] --- maven-clean-plugin:2.5:clean (default-clean) @ javafaker ---
[INFO] 
[INFO] --- maven-dependency-plugin:2.8:list (default-cli) @ javafaker ---
[INFO] 
[INFO] The following files have been resolved:
[INFO]    org.javassist:javassist:jar:3.21.0-GA:test
[INFO]    net.bytebuddy:byte-buddy-agent:jar:1.8.0:test
[INFO]    org.hamcrest:hamcrest-core:jar:1.3:test
[INFO]    commons-beanutils:commons-beanutils:jar:1.9.2:test
[INFO]    org.slf4j:slf4j-simple:jar:1.7.25:test
[INFO]    org.apache.commons:commons-lang3:jar:3.5:compile
[INFO]    commons-validator:commons-validator:jar:1.6:test
[INFO]    commons-digester:commons-digester:jar:1.8.1:test
[INFO]    commons-collections:commons-collections:jar:3.2.2:test
[INFO]    org.hamcrest:hamcrest-library:jar:1.3:test
[INFO]    junit:junit:jar:4.12:test
[INFO]    org.mockito:mockito-core:jar:2.17.0:test
[INFO]    org.yaml:snakeyaml:jar:android:1.20:compile
[INFO]    com.google.guava:guava:jar:20.0:test
[INFO]    dk.brics.automaton:automaton:jar:1.11-8:compile
[INFO]    org.slf4j:slf4j-api:jar:1.7.25:test
[INFO]    commons-logging:commons-logging:jar:1.2:test
[INFO]    org.reflections:reflections:jar:0.9.11:test
[INFO]    org.objenesis:objenesis:jar:2.6:test
[INFO]    com.github.mifmif:generex:jar:1.0.2:compile
[INFO]    net.bytebuddy:byte-buddy:jar:1.8.0:test
[INFO] 
[INFO] 
[INFO] --- maven-enforcer-plugin:1.0:enforce (enforce-maven) @ javafaker ---
Downloading from central: https://repo.maven.apache.org/maven2/org/apache/maven/enforcer/enforcer-api/1.0/enforcer-api-1.0.pom
Progress (1): 3.3 kB
                    
Downloaded from central: https://repo.maven.apache.org/maven2/org/apache/maven/enforcer/enforcer-api/1.0/enforcer-api-1.0.pom (3.3 kB at 9.1 kB/s)
Downloading from central: https://repo.maven.apache.org/maven2/org/apache/maven/enforcer/enforcer-rules/1.0/enforcer-rules-1.0.pom
Progress (1): 2.2/4.1 kB
Progress (1): 4.1 kB    
                    
Downloaded from central: https://repo.maven.apache.org/maven2/org/apache/maven/enforcer/enforcer-rules/1.0/enforcer-rules-1.0.pom (4.1 kB at 11 kB/s)
Downloading from central: https://repo.maven.apache.org/maven2/org/apache/maven/shared/maven-common-artifact-filters/1.2/maven-common-artifact-filters-1.2.pom
Progress (1): 2.8/4.5 kB
Progress (1): 4.5 kB    
                    
Downloaded from central: https://repo.maven.apache.org/maven2/org/apache/maven/shared/maven-common-artifact-filters/1.2/maven-common-artifact-filters-1.2.pom (4.5 kB at 12 kB/s)
Downloading from central: https://repo.maven.apache.org/maven2/org/apache/maven/shared/maven-plugin-testing-harness/1.1/maven-plugin-testing-harness-1.1.pom
Progress (1): 2.2/6.3 kB
Progress (1): 5.0/6.3 kB
Progress (1): 6.3 kB    
                    
Downloaded from central: https://repo.maven.apache.org/maven2/org/apache/maven/shared/maven-plugin-testing-harness/1.1/maven-plugin-testing-harness-1.1.pom (6.3 kB at 17 kB/s)
Downloading from central: https://repo.maven.apache.org/maven2/org/apache/maven/shared/maven-shared-components/7/maven-shared-components-7.pom
Progress (1): 2.6 kB
                    
Downloaded from central: https://repo.maven.apache.org/maven2/org/apache/maven/shared/maven-shared-components/7/maven-shared-components-7.pom (2.6 kB at 7.2 kB/s)
Downloading from central: https://repo.maven.apache.org/maven2/org/codehaus/plexus/plexus-archiver/1.0-alpha-7/plexus-archiver-1.0-alpha-7.pom
Progress (1): 1.0 kB
                    
Downloaded from central: https://repo.maven.apache.org/maven2/org/codehaus/plexus/plexus-archiver/1.0-alpha-7/plexus-archiver-1.0-alpha-7.pom (1.0 kB at 2.9 kB/s)
Downloading from central: https://repo.maven.apache.org/maven2/org/apache/maven/shared/maven-dependency-tree/1.2/maven-dependency-tree-1.2.pom
Progress (1): 2.2/3.6 kB
Progress (1): 3.6 kB    
                    
Downloaded from central: https://repo.maven.apache.org/maven2/org/apache/maven/shared/maven-dependency-tree/1.2/maven-dependency-tree-1.2.pom (3.6 kB at 10.0 kB/s)
Downloading from central: https://repo.maven.apache.org/maven2/org/codehaus/plexus/plexus-i18n/1.0-beta-6/plexus-i18n-1.0-beta-6.pom
Progress (1): 771 B
                   
Downloaded from central: https://repo.maven.apache.org/maven2/org/codehaus/plexus/plexus-i18n/1.0-beta-6/plexus-i18n-1.0-beta-6.pom (771 B at 2.1 kB/s)
Downloading from central: https://repo.maven.apache.org/maven2/org/codehaus/plexus/plexus-components/1.1.4/plexus-components-1.1.4.pom
Progress (1): 2.1 kB
                    
Downloaded from central: https://repo.maven.apache.org/maven2/org/codehaus/plexus/plexus-components/1.1.4/plexus-components-1.1.4.pom (2.1 kB at 5.7 kB/s)
Downloading from central: https://repo.maven.apache.org/maven2/org/apache/maven/enforcer/enforcer-api/1.0/enforcer-api-1.0.jar
Downloading from central: https://repo.maven.apache.org/maven2/org/apache/maven/shared/maven-dependency-tree/1.2/maven-dependency-tree-1.2.jar
Downloading from central: https://repo.maven.apache.org/maven2/org/apache/maven/shared/maven-common-artifact-filters/1.2/maven-common-artifact-filters-1.2.jar
Downloading from central: https://repo.maven.apache.org/maven2/org/apache/maven/enforcer/enforcer-rules/1.0/enforcer-rules-1.0.jar
Downloading from central: https://repo.maven.apache.org/maven2/org/codehaus/plexus/plexus-i18n/1.0-beta-6/plexus-i18n-1.0-beta-6.jar
Progress (1): 2.2/9.8 kB
Progress (2): 2.2/9.8 kB | 2.0/12 kB
Progress (2): 5.0/9.8 kB | 2.0/12 kB
Progress (2): 5.0/9.8 kB | 4.8/12 kB
Progress (3): 5.0/9.8 kB | 4.8/12 kB | 2.2/32 kB
Progress (3): 5.0/9.8 kB | 6.1/12 kB | 2.2/32 kB
Progress (3): 7.7/9.8 kB | 6.1/12 kB | 2.2/32 kB
Progress (3): 7.7/9.8 kB | 8.9/12 kB | 2.2/32 kB
Progress (4): 7.7/9.8 kB | 8.9/12 kB | 2.2/32 kB | 2.2/35 kB
Progress (4): 7.7/9.8 kB | 8.9/12 kB | 5.0/32 kB | 2.2/35 kB
Progress (4): 7.7/9.8 kB | 8.9/12 kB | 5.0/32 kB | 5.0/35 kB
Progress (4): 7.7/9.8 kB | 12/12 kB | 5.0/32 kB | 5.0/35 kB 
Progress (4): 9.8 kB | 12/12 kB | 5.0/32 kB | 5.0/35 kB    
Progress (4): 9.8 kB | 12 kB | 5.0/32 kB | 5.0/35 kB   
Progress (4): 9.8 kB | 12 kB | 5.0/32 kB | 7.7/35 kB
Progress (4): 9.8 kB | 12 kB | 7.7/32 kB | 7.7/35 kB
Progress (4): 9.8 kB | 12 kB | 7.7/32 kB | 10/35 kB 
Progress (4): 9.8 kB | 12 kB | 10/32 kB | 10/35 kB 
Progress (4): 9.8 kB | 12 kB | 10/32 kB | 13/35 kB
Progress (4): 9.8 kB | 12 kB | 13/32 kB | 13/35 kB
Progress (4): 9.8 kB | 12 kB | 13/32 kB | 16/35 kB
Progress (4): 9.8 kB | 12 kB | 16/32 kB | 16/35 kB
Progress (4): 9.8 kB | 12 kB | 16/32 kB | 19/35 kB
Progress (4): 9.8 kB | 12 kB | 19/32 kB | 19/35 kB
Progress (4): 9.8 kB | 12 kB | 19/32 kB | 21/35 kB
Progress (4): 9.8 kB | 12 kB | 21/32 kB | 21/35 kB
Progress (4): 9.8 kB | 12 kB | 21/32 kB | 24/35 kB
Progress (4): 9.8 kB | 12 kB | 24/32 kB | 24/35 kB
Progress (4): 9.8 kB | 12 kB | 24/32 kB | 27/35 kB
Progress (4): 9.8 kB | 12 kB | 27/32 kB | 27/35 kB
Progress (4): 9.8 kB | 12 kB | 27/32 kB | 30/35 kB
Progress (4): 9.8 kB | 12 kB | 30/32 kB | 30/35 kB
Progress (4): 9.8 kB | 12 kB | 30/32 kB | 32/35 kB
Progress (4): 9.8 kB | 12 kB | 32 kB | 32/35 kB   
Progress (4): 9.8 kB | 12 kB | 32 kB | 35 kB   
Progress (5): 9.8 kB | 12 kB | 32 kB | 35 kB | 2.2/61 kB
Progress (5): 9.8 kB | 12 kB | 32 kB | 35 kB | 5.0/61 kB
Progress (5): 9.8 kB | 12 kB | 32 kB | 35 kB | 7.7/61 kB
Progress (5): 9.8 kB | 12 kB | 32 kB | 35 kB | 10/61 kB 
Progress (5): 9.8 kB | 12 kB | 32 kB | 35 kB | 13/61 kB
Progress (5): 9.8 kB | 12 kB | 32 kB | 35 kB | 16/61 kB
Progress (5): 9.8 kB | 12 kB | 32 kB | 35 kB | 19/61 kB
Progress (5): 9.8 kB | 12 kB | 32 kB | 35 kB | 21/61 kB
Progress (5): 9.8 kB | 12 kB | 32 kB | 35 kB | 24/61 kB
Progress (5): 9.8 kB | 12 kB | 32 kB | 35 kB | 27/61 kB
Progress (5): 9.8 kB | 12 kB | 32 kB | 35 kB | 30/61 kB
Progress (5): 9.8 kB | 12 kB | 32 kB | 35 kB | 32/61 kB
Progress (5): 9.8 kB | 12 kB | 32 kB | 35 kB | 36/61 kB
Progress (5): 9.8 kB | 12 kB | 32 kB | 35 kB | 40/61 kB
Progress (5): 9.8 kB | 12 kB | 32 kB | 35 kB | 45/61 kB
Progress (5): 9.8 kB | 12 kB | 32 kB | 35 kB | 49/61 kB
Progress (5): 9.8 kB | 12 kB | 32 kB | 35 kB | 53/61 kB
Progress (5): 9.8 kB | 12 kB | 32 kB | 35 kB | 57/61 kB
Progress (5): 9.8 kB | 12 kB | 32 kB | 35 kB | 61/61 kB
Progress (5): 9.8 kB | 12 kB | 32 kB | 35 kB | 61 kB   
                                                    
Downloaded from central: https://repo.maven.apache.org/maven2/org/apache/maven/enforcer/enforcer-api/1.0/enforcer-api-1.0.jar (9.8 kB at 27 kB/s)
Downloaded from central: https://repo.maven.apache.org/maven2/org/codehaus/plexus/plexus-i18n/1.0-beta-6/plexus-i18n-1.0-beta-6.jar (12 kB at 33 kB/s)
Downloaded from central: https://repo.maven.apache.org/maven2/org/apache/maven/shared/maven-dependency-tree/1.2/maven-dependency-tree-1.2.jar (35 kB at 92 kB/s)
Downloaded from central: https://repo.maven.apache.org/maven2/org/apache/maven/shared/maven-common-artifact-filters/1.2/maven-common-artifact-filters-1.2.jar (32 kB at 84 kB/s)
Downloaded from central: https://repo.maven.apache.org/maven2/org/apache/maven/enforcer/enforcer-rules/1.0/enforcer-rules-1.0.jar (61 kB at 149 kB/s)
[INFO] 
[INFO] --- maven-resources-plugin:2.6:resources (default-resources) @ javafaker ---
[INFO] Using 'UTF-8' encoding to copy filtered resources.
[INFO] Copying 47 resources
[INFO] 
[INFO] --- maven-compiler-plugin:3.7.0:compile (default-compile) @ javafaker ---
[INFO] Changes detected - recompiling the module!
[INFO] Compiling 64 source files to /home/cgzhu/projects/gitslice/resources/facts/upgrade_jars_exp/_downloads/java-faker/target/classes
[INFO] /home/cgzhu/projects/gitslice/resources/facts/upgrade_jars_exp/_downloads/java-faker/src/main/java/com/github/javafaker/service/FakeValuesService.java: /home/cgzhu/projects/gitslice/resources/facts/upgrade_jars_exp/_downloads/java-faker/src/main/java/com/github/javafaker/service/FakeValuesService.java uses unchecked or unsafe operations.
[INFO] /home/cgzhu/projects/gitslice/resources/facts/upgrade_jars_exp/_downloads/java-faker/src/main/java/com/github/javafaker/service/FakeValuesService.java: Recompile with -Xlint:unchecked for details.
[INFO] 
[INFO] --- maven-resources-plugin:2.6:testResources (default-testResources) @ javafaker ---
[INFO] Using 'UTF-8' encoding to copy filtered resources.
[INFO] Copying 1 resource
[INFO] 
[INFO] --- maven-compiler-plugin:3.7.0:testCompile (default-testCompile) @ javafaker ---
[INFO] Changes detected - recompiling the module!
[INFO] Compiling 71 source files to /home/cgzhu/projects/gitslice/resources/facts/upgrade_jars_exp/_downloads/java-faker/target/test-classes
[INFO] 
[INFO] --- maven-surefire-plugin:2.12.4:test (default-test) @ javafaker ---
[INFO] Surefire report directory: /home/cgzhu/projects/gitslice/resources/facts/upgrade_jars_exp/_downloads/java-faker/target/surefire-reports

-------------------------------------------------------
 T E S T S
-------------------------------------------------------
Running com.github.javafaker.LebowskiTest
Tests run: 3, Failures: 0, Errors: 0, Skipped: 0, Time elapsed: 1.011 sec
Running com.github.javafaker.CommerceTest
Tests run: 8, Failures: 0, Errors: 0, Skipped: 0, Time elapsed: 0.645 sec
Running com.github.javafaker.SpaceTest
Tests run: 13, Failures: 0, Errors: 0, Skipped: 0, Time elapsed: 0.519 sec
Running com.github.javafaker.matchers.IsANumberTest
Tests run: 4, Failures: 0, Errors: 0, Skipped: 0, Time elapsed: 0 sec
Running com.github.javafaker.FriendsTest
Tests run: 3, Failures: 0, Errors: 0, Skipped: 0, Time elapsed: 0.109 sec
Running com.github.javafaker.InternetTest
Tests run: 26, Failures: 0, Errors: 0, Skipped: 0, Time elapsed: 5.137 sec
Running com.github.javafaker.HackerTest
Tests run: 5, Failures: 0, Errors: 0, Skipped: 0, Time elapsed: 0.157 sec
Running com.github.javafaker.AppTest
Tests run: 3, Failures: 0, Errors: 0, Skipped: 0, Time elapsed: 0.105 sec
Running com.github.javafaker.AvatarTest
Tests run: 1, Failures: 0, Errors: 0, Skipped: 0, Time elapsed: 0.032 sec
Running com.github.javafaker.FinanceTest
Tests run: 5, Failures: 0, Errors: 0, Skipped: 0, Time elapsed: 0.19 sec
Running com.github.javafaker.SuperheroTest
Tests run: 5, Failures: 0, Errors: 0, Skipped: 0, Time elapsed: 0.158 sec
Running com.github.javafaker.ColorTest
Tests run: 1, Failures: 0, Errors: 0, Skipped: 0, Time elapsed: 0.031 sec
Running com.github.javafaker.RickAndMortyTest
Tests run: 3, Failures: 0, Errors: 0, Skipped: 0, Time elapsed: 0.094 sec
Running com.github.javafaker.HarryPotterTest
Tests run: 4, Failures: 0, Errors: 0, Skipped: 0, Time elapsed: 0.131 sec
Running com.github.javafaker.TwinPeaksTest
Tests run: 3, Failures: 0, Errors: 0, Skipped: 0, Time elapsed: 0.094 sec
Running com.github.javafaker.FileTest
Tests run: 7, Failures: 0, Errors: 0, Skipped: 0, Time elapsed: 0.227 sec
Running com.github.javafaker.MusicTest
Tests run: 3, Failures: 0, Errors: 0, Skipped: 0, Time elapsed: 0.095 sec
Running com.github.javafaker.RockBandTest
Tests run: 1, Failures: 0, Errors: 0, Skipped: 0, Time elapsed: 0.031 sec
Running com.github.javafaker.CurrencyTest
Tests run: 2, Failures: 0, Errors: 0, Skipped: 0, Time elapsed: 0.067 sec
Running com.github.javafaker.idnumbers.SwedishIdNumberTest
Tests run: 2, Failures: 0, Errors: 0, Skipped: 0, Time elapsed: 0.009 sec
Running com.github.javafaker.EsportsTest
Tests run: 5, Failures: 0, Errors: 0, Skipped: 0, Time elapsed: 0.158 sec
Running com.github.javafaker.TeamTest
Tests run: 4, Failures: 0, Errors: 0, Skipped: 0, Time elapsed: 0.126 sec
Running com.github.javafaker.WeatherTest
Tests run: 5, Failures: 0, Errors: 0, Skipped: 0, Time elapsed: 0.161 sec
Running com.github.javafaker.StockTest
Tests run: 2, Failures: 0, Errors: 0, Skipped: 0, Time elapsed: 0.066 sec
Running com.github.javafaker.YodaTest
Tests run: 1, Failures: 0, Errors: 0, Skipped: 0, Time elapsed: 0.031 sec
Running com.github.javafaker.LordOfTheRingsTest
Tests run: 2, Failures: 0, Errors: 0, Skipped: 0, Time elapsed: 0.062 sec
Running com.github.javafaker.IdNumberTest
Tests run: 5, Failures: 0, Errors: 0, Skipped: 0, Time elapsed: 0.55 sec
Running com.github.javafaker.WitcherTest
Tests run: 6, Failures: 0, Errors: 0, Skipped: 0, Time elapsed: 0.195 sec
Running com.github.javafaker.CompanyTest
Tests run: 9, Failures: 0, Errors: 0, Skipped: 0, Time elapsed: 0.281 sec
Running com.github.javafaker.JobTest
Tests run: 5, Failures: 0, Errors: 0, Skipped: 0, Time elapsed: 0.162 sec
Running com.github.javafaker.ChuckNorrisTest
Tests run: 1, Failures: 0, Errors: 0, Skipped: 0, Time elapsed: 0.031 sec
Running com.github.javafaker.CodeTest
Tests run: 11, Failures: 0, Errors: 0, Skipped: 0, Time elapsed: 4.883 sec
Running com.github.javafaker.OptionsTest
Tests run: 5, Failures: 0, Errors: 0, Skipped: 0, Time elapsed: 0.164 sec
Running com.github.javafaker.SlackEmojiTest
Tests run: 9, Failures: 0, Errors: 0, Skipped: 0, Time elapsed: 0.287 sec
Running com.github.javafaker.ShakespeareTest
Tests run: 4, Failures: 0, Errors: 0, Skipped: 0, Time elapsed: 0.126 sec
Running com.github.javafaker.integration.UkLocalDirectivesTest
Tests run: 1, Failures: 0, Errors: 0, Skipped: 0, Time elapsed: 0.057 sec
Running com.github.javafaker.MatzTest
Tests run: 1, Failures: 0, Errors: 0, Skipped: 0, Time elapsed: 0.046 sec
Running com.github.javafaker.BoolTest
Tests run: 1, Failures: 0, Errors: 0, Skipped: 0, Time elapsed: 0.056 sec
Running com.github.javafaker.DateAndTimeTest
Tests run: 6, Failures: 0, Errors: 0, Skipped: 0, Time elapsed: 0.284 sec
Running com.github.javafaker.NumberTest
[main] INFO com.github.javafaker.NumberTest - Range -25 to 25 is 0.8333333333333334 percent unique.
[main] INFO com.github.javafaker.NumberTest - Range -50 to 50 is 0.96 percent unique.
[main] INFO com.github.javafaker.NumberTest - Range -75 to 75 is 0.8378378378378378 percent unique.
[main] INFO com.github.javafaker.NumberTest - Range -100 to 100 is 0.84 percent unique.
[main] INFO com.github.javafaker.NumberTest - Range -125 to 125 is 0.8870967741935484 percent unique.
[main] INFO com.github.javafaker.NumberTest - Range -150 to 150 is 0.8666666666666667 percent unique.
[main] INFO com.github.javafaker.NumberTest - Range -175 to 175 is 0.8505747126436781 percent unique.
[main] INFO com.github.javafaker.NumberTest - Range -200 to 200 is 0.87 percent unique.
[main] INFO com.github.javafaker.NumberTest - Range -225 to 225 is 0.8839285714285714 percent unique.
[main] INFO com.github.javafaker.NumberTest - Range -250 to 250 is 0.888 percent unique.
[main] INFO com.github.javafaker.NumberTest - Range -275 to 275 is 0.8978102189781022 percent unique.
[main] INFO com.github.javafaker.NumberTest - Range -300 to 300 is 0.86 percent unique.
[main] INFO com.github.javafaker.NumberTest - Range -325 to 325 is 0.9012345679012346 percent unique.
[main] INFO com.github.javafaker.NumberTest - Range -350 to 350 is 0.8628571428571429 percent unique.
[main] INFO com.github.javafaker.NumberTest - Range -375 to 375 is 0.8877005347593583 percent unique.
[main] INFO com.github.javafaker.NumberTest - Range -400 to 400 is 0.86 percent unique.
[main] INFO com.github.javafaker.NumberTest - Range -425 to 425 is 0.9056603773584906 percent unique.
[main] INFO com.github.javafaker.NumberTest - Range -450 to 450 is 0.8666666666666667 percent unique.
[main] INFO com.github.javafaker.NumberTest - Range -475 to 475 is 0.869198312236287 percent unique.
[main] INFO com.github.javafaker.NumberTest - Range -500 to 500 is 0.868 percent unique.
[main] INFO com.github.javafaker.NumberTest - Range -525 to 525 is 0.8664122137404581 percent unique.
[main] INFO com.github.javafaker.NumberTest - Range -550 to 550 is 0.8545454545454545 percent unique.
[main] INFO com.github.javafaker.NumberTest - Range -575 to 575 is 0.8710801393728222 percent unique.
[main] INFO com.github.javafaker.NumberTest - Range -600 to 600 is 0.89 percent unique.
[main] INFO com.github.javafaker.NumberTest - Range -625 to 625 is 0.907051282051282 percent unique.
[main] INFO com.github.javafaker.NumberTest - Range -650 to 650 is 0.9076923076923077 percent unique.
[main] INFO com.github.javafaker.NumberTest - Range -675 to 675 is 0.8605341246290801 percent unique.
[main] INFO com.github.javafaker.NumberTest - Range -700 to 700 is 0.8742857142857143 percent unique.
[main] INFO com.github.javafaker.NumberTest - Range -725 to 725 is 0.8756906077348067 percent unique.
[main] INFO com.github.javafaker.NumberTest - Range -750 to 750 is 0.8933333333333333 percent unique.
[main] INFO com.github.javafaker.NumberTest - Range -775 to 775 is 0.875968992248062 percent unique.
[main] INFO com.github.javafaker.NumberTest - Range -800 to 800 is 0.885 percent unique.
[main] INFO com.github.javafaker.NumberTest - Range -825 to 825 is 0.8859223300970874 percent unique.
[main] INFO com.github.javafaker.NumberTest - Range -850 to 850 is 0.8870588235294118 percent unique.
[main] INFO com.github.javafaker.NumberTest - Range -875 to 875 is 0.8810068649885584 percent unique.
[main] INFO com.github.javafaker.NumberTest - Range -900 to 900 is 0.8866666666666667 percent unique.
[main] INFO com.github.javafaker.NumberTest - Range -925 to 925 is 0.8917748917748918 percent unique.
[main] INFO com.github.javafaker.NumberTest - Range -950 to 950 is 0.9094736842105263 percent unique.
[main] INFO com.github.javafaker.NumberTest - Range -975 to 975 is 0.8952772073921971 percent unique.
[main] INFO com.github.javafaker.NumberTest - Range -25 to 25 is 0.9166666666666666 percent unique.
[main] INFO com.github.javafaker.NumberTest - Range -50 to 50 is 0.84 percent unique.
[main] INFO com.github.javafaker.NumberTest - Range -75 to 75 is 0.8648648648648649 percent unique.
[main] INFO com.github.javafaker.NumberTest - Range -100 to 100 is 0.9 percent unique.
[main] INFO com.github.javafaker.NumberTest - Range -125 to 125 is 0.8387096774193549 percent unique.
[main] INFO com.github.javafaker.NumberTest - Range -150 to 150 is 0.9066666666666666 percent unique.
[main] INFO com.github.javafaker.NumberTest - Range -175 to 175 is 0.9080459770114943 percent unique.
[main] INFO com.github.javafaker.NumberTest - Range -200 to 200 is 0.9 percent unique.
[main] INFO com.github.javafaker.NumberTest - Range -225 to 225 is 0.8571428571428571 percent unique.
[main] INFO com.github.javafaker.NumberTest - Range -250 to 250 is 0.864 percent unique.
[main] INFO com.github.javafaker.NumberTest - Range -275 to 275 is 0.8978102189781022 percent unique.
[main] INFO com.github.javafaker.NumberTest - Range -300 to 300 is 0.8733333333333333 percent unique.
[main] INFO com.github.javafaker.NumberTest - Range -325 to 325 is 0.8765432098765432 percent unique.
[main] INFO com.github.javafaker.NumberTest - Range -350 to 350 is 0.8742857142857143 percent unique.
[main] INFO com.github.javafaker.NumberTest - Range -375 to 375 is 0.8770053475935828 percent unique.
[main] INFO com.github.javafaker.NumberTest - Range -400 to 400 is 0.89 percent unique.
[main] INFO com.github.javafaker.NumberTest - Range -425 to 425 is 0.8915094339622641 percent unique.
[main] INFO com.github.javafaker.NumberTest - Range -450 to 450 is 0.8444444444444444 percent unique.
[main] INFO com.github.javafaker.NumberTest - Range -475 to 475 is 0.9113924050632911 percent unique.
[main] INFO com.github.javafaker.NumberTest - Range -500 to 500 is 0.876 percent unique.
[main] INFO com.github.javafaker.NumberTest - Range -525 to 525 is 0.8816793893129771 percent unique.
[main] INFO com.github.javafaker.NumberTest - Range -550 to 550 is 0.8836363636363637 percent unique.
[main] INFO com.github.javafaker.NumberTest - Range -575 to 575 is 0.8710801393728222 percent unique.
[main] INFO com.github.javafaker.NumberTest - Range -600 to 600 is 0.89 percent unique.
[main] INFO com.github.javafaker.NumberTest - Range -625 to 625 is 0.8814102564102564 percent unique.
[main] INFO com.github.javafaker.NumberTest - Range -650 to 650 is 0.8676923076923077 percent unique.
[main] INFO com.github.javafaker.NumberTest - Range -675 to 675 is 0.887240356083086 percent unique.
[main] INFO com.github.javafaker.NumberTest - Range -700 to 700 is 0.88 percent unique.
[main] INFO com.github.javafaker.NumberTest - Range -725 to 725 is 0.8674033149171271 percent unique.
[main] INFO com.github.javafaker.NumberTest - Range -750 to 750 is 0.872 percent unique.
[main] INFO com.github.javafaker.NumberTest - Range -775 to 775 is 0.8785529715762274 percent unique.
[main] INFO com.github.javafaker.NumberTest - Range -800 to 800 is 0.915 percent unique.
[main] INFO com.github.javafaker.NumberTest - Range -825 to 825 is 0.8786407766990292 percent unique.
[main] INFO com.github.javafaker.NumberTest - Range -850 to 850 is 0.8752941176470588 percent unique.
[main] INFO com.github.javafaker.NumberTest - Range -875 to 875 is 0.88558352402746 percent unique.
[main] INFO com.github.javafaker.NumberTest - Range -900 to 900 is 0.8755555555555555 percent unique.
[main] INFO com.github.javafaker.NumberTest - Range -925 to 925 is 0.8787878787878788 percent unique.
[main] INFO com.github.javafaker.NumberTest - Range -950 to 950 is 0.8926315789473684 percent unique.
[main] INFO com.github.javafaker.NumberTest - Range -975 to 975 is 0.9240246406570842 percent unique.
[main] INFO com.github.javafaker.NumberTest - Range -25 to 25 is 0.8333333333333334 percent unique.
[main] INFO com.github.javafaker.NumberTest - Range -50 to 50 is 0.88 percent unique.
[main] INFO com.github.javafaker.NumberTest - Range -75 to 75 is 0.8918918918918919 percent unique.
[main] INFO com.github.javafaker.NumberTest - Range -100 to 100 is 0.92 percent unique.
[main] INFO com.github.javafaker.NumberTest - Range -125 to 125 is 0.9032258064516129 percent unique.
[main] INFO com.github.javafaker.NumberTest - Range -150 to 150 is 0.84 percent unique.
[main] INFO com.github.javafaker.NumberTest - Range -175 to 175 is 0.8850574712643678 percent unique.
[main] INFO com.github.javafaker.NumberTest - Range -200 to 200 is 0.89 percent unique.
[main] INFO com.github.javafaker.NumberTest - Range -225 to 225 is 0.9017857142857143 percent unique.
[main] INFO com.github.javafaker.NumberTest - Range -250 to 250 is 0.88 percent unique.
[main] INFO com.github.javafaker.NumberTest - Range -275 to 275 is 0.9343065693430657 percent unique.
[main] INFO com.github.javafaker.NumberTest - Range -300 to 300 is 0.8666666666666667 percent unique.
[main] INFO com.github.javafaker.NumberTest - Range -325 to 325 is 0.8888888888888888 percent unique.
[main] INFO com.github.javafaker.NumberTest - Range -350 to 350 is 0.88 percent unique.
[main] INFO com.github.javafaker.NumberTest - Range -375 to 375 is 0.8983957219251337 percent unique.
[main] INFO com.github.javafaker.NumberTest - Range -400 to 400 is 0.865 percent unique.
[main] INFO com.github.javafaker.NumberTest - Range -425 to 425 is 0.8773584905660378 percent unique.
[main] INFO com.github.javafaker.NumberTest - Range -450 to 450 is 0.8844444444444445 percent unique.
[main] INFO com.github.javafaker.NumberTest - Range -475 to 475 is 0.8481012658227848 percent unique.
[main] INFO com.github.javafaker.NumberTest - Range -500 to 500 is 0.872 percent unique.
[main] INFO com.github.javafaker.NumberTest - Range -525 to 525 is 0.8702290076335878 percent unique.
[main] INFO com.github.javafaker.NumberTest - Range -550 to 550 is 0.9018181818181819 percent unique.
[main] INFO com.github.javafaker.NumberTest - Range -575 to 575 is 0.8989547038327527 percent unique.
[main] INFO com.github.javafaker.NumberTest - Range -600 to 600 is 0.8933333333333333 percent unique.
[main] INFO com.github.javafaker.NumberTest - Range -625 to 625 is 0.8846153846153846 percent unique.
[main] INFO com.github.javafaker.NumberTest - Range -650 to 650 is 0.8861538461538462 percent unique.
[main] INFO com.github.javafaker.NumberTest - Range -675 to 675 is 0.8931750741839762 percent unique.
[main] INFO com.github.javafaker.NumberTest - Range -700 to 700 is 0.86 percent unique.
[main] INFO com.github.javafaker.NumberTest - Range -725 to 725 is 0.8839779005524862 percent unique.
[main] INFO com.github.javafaker.NumberTest - Range -750 to 750 is 0.8826666666666667 percent unique.
[main] INFO com.github.javafaker.NumberTest - Range -775 to 775 is 0.8837209302325582 percent unique.
[main] INFO com.github.javafaker.NumberTest - Range -800 to 800 is 0.87 percent unique.
[main] INFO com.github.javafaker.NumberTest - Range -825 to 825 is 0.9077669902912622 percent unique.
[main] INFO com.github.javafaker.NumberTest - Range -850 to 850 is 0.8658823529411764 percent unique.
[main] INFO com.github.javafaker.NumberTest - Range -875 to 875 is 0.8741418764302059 percent unique.
[main] INFO com.github.javafaker.NumberTest - Range -900 to 900 is 0.8711111111111111 percent unique.
[main] INFO com.github.javafaker.NumberTest - Range -925 to 925 is 0.8961038961038961 percent unique.
[main] INFO com.github.javafaker.NumberTest - Range -950 to 950 is 0.88 percent unique.
[main] INFO com.github.javafaker.NumberTest - Range -975 to 975 is 0.891170431211499 percent unique.
Tests run: 14, Failures: 0, Errors: 0, Skipped: 0, Time elapsed: 0.894 sec
Running com.github.javafaker.RandomFakerTest
Tests run: 4, Failures: 0, Errors: 0, Skipped: 0, Time elapsed: 0.251 sec
Running com.github.javafaker.ZeldaTest
Tests run: 2, Failures: 0, Errors: 0, Skipped: 0, Time elapsed: 0.063 sec
Running com.github.javafaker.CatTest
Tests run: 3, Failures: 0, Errors: 0, Skipped: 0, Time elapsed: 0.092 sec
Running com.github.javafaker.AddressTest
Tests run: 14, Failures: 0, Errors: 0, Skipped: 0, Time elapsed: 0.574 sec
Running com.github.javafaker.ArtistTest
Tests run: 1, Failures: 0, Errors: 0, Skipped: 0, Time elapsed: 0.031 sec
Running com.github.javafaker.LoremTest
Tests run: 14, Failures: 0, Errors: 0, Skipped: 0, Time elapsed: 0.441 sec
Running com.github.javafaker.CryptoTest
Tests run: 4, Failures: 0, Errors: 0, Skipped: 0, Time elapsed: 0.145 sec
Running com.github.javafaker.FakerTest
Tests run: 27, Failures: 0, Errors: 0, Skipped: 0, Time elapsed: 1.022 sec
Running com.github.javafaker.PokemonTest
Tests run: 2, Failures: 0, Errors: 0, Skipped: 0, Time elapsed: 0.061 sec
Running com.github.javafaker.service.FakeValuesServiceTest
Tests run: 22, Failures: 0, Errors: 0, Skipped: 0, Time elapsed: 1.523 sec
Running com.github.javafaker.service.RandomServiceTest
Tests run: 8, Failures: 0, Errors: 0, Skipped: 0, Time elapsed: 0.258 sec
Running com.github.javafaker.EducatorTest
Tests run: 4, Failures: 0, Errors: 0, Skipped: 0, Time elapsed: 0.135 sec
Running com.github.javafaker.BeerTest
Tests run: 5, Failures: 0, Errors: 0, Skipped: 0, Time elapsed: 0.159 sec
Running com.github.javafaker.DemographicTest
Tests run: 5, Failures: 0, Errors: 0, Skipped: 0, Time elapsed: 0.157 sec
Running com.github.javafaker.AncientTest
Tests run: 4, Failures: 0, Errors: 0, Skipped: 0, Time elapsed: 0.125 sec
Running com.github.javafaker.HipsterTest
Tests run: 1, Failures: 0, Errors: 0, Skipped: 0, Time elapsed: 0.031 sec
Running com.github.javafaker.FoodTest
Tests run: 3, Failures: 0, Errors: 0, Skipped: 0, Time elapsed: 0.096 sec
Running com.github.javafaker.NameTest
Tests run: 9, Failures: 0, Errors: 0, Skipped: 0, Time elapsed: 0.277 sec
Running com.github.javafaker.GameOfThronesTest
Tests run: 5, Failures: 0, Errors: 0, Skipped: 0, Time elapsed: 0.153 sec
Running com.github.javafaker.UniversityTest
Tests run: 3, Failures: 0, Errors: 0, Skipped: 0, Time elapsed: 0.097 sec
Running com.github.javafaker.BookTest
Tests run: 4, Failures: 0, Errors: 0, Skipped: 0, Time elapsed: 0.123 sec
Running com.github.javafaker.PhoneNumberTest
Tests run: 5, Failures: 0, Errors: 0, Skipped: 0, Time elapsed: 0.303 sec

Results :

Tests run: 348, Failures: 0, Errors: 0, Skipped: 0

[INFO] ------------------------------------------------------------------------
[INFO] BUILD SUCCESS
[INFO] ------------------------------------------------------------------------
[INFO] Total time: 45.805 s
[INFO] Finished at: 2019-08-20T16:13:49+08:00
[INFO] ------------------------------------------------------------------------
