[VERSION]: 3.0-alpha-1
[INFO] Scanning for projects...
[INFO] Inspecting build with total of 1 modules...
[INFO] Installing Nexus Staging features:
[INFO]   ... total of 1 executions of maven-deploy-plugin replaced with nexus-staging-maven-plugin
[WARNING] The project org.mitre.dsmiley.httpproxy:smiley-http-proxy-servlet:jar:1.10 uses prerequisites which is only intended for maven-plugin projects but not for non maven-plugin projects. For such purposes you should use the maven-enforcer-plugin. See https://maven.apache.org/enforcer/enforcer-rules/requireMavenVersion.html
[INFO] 
[INFO] -------< org.mitre.dsmiley.httpproxy:smiley-http-proxy-servlet >--------
[INFO] Building Smiley's HTTP Proxy Servlet 1.10
[INFO] --------------------------------[ jar ]---------------------------------
[INFO] 
[INFO] --- maven-clean-plugin:2.5:clean (default-clean) @ smiley-http-proxy-servlet ---
[INFO] Deleting /home/cgzhu/projects/gitslice/resources/facts/upgrade_jars_exp/_downloads/HTTP-Proxy-Servlet/target
[INFO] 
[INFO] --- maven-dependency-plugin:2.8:list (default-cli) @ smiley-http-proxy-servlet ---
[INFO] 
[INFO] The following files have been resolved:
[INFO]    commons-logging:commons-logging:jar:1.2:compile
[INFO]    httpunit:httpunit:jar:1.7:test
[INFO]    org.apache.httpcomponents:httpclient:jar:4.5.3:compile
[INFO]    org.apache.httpcomponents:httpclient:jar:tests:4.3.5:test
[INFO]    log4j:log4j:jar:1.2.17:test
[INFO]    org.apache.httpcomponents:httpcore:jar:4.4.6:compile
[INFO]    org.hamcrest:hamcrest-core:jar:1.3:test
[INFO]    javax.servlet:servlet-api:jar:3.0-alpha-1:provided
[INFO]    commons-codec:commons-codec:jar:1.9:compile
[INFO]    junit:junit:jar:4.12:test
[INFO]    jtidy:jtidy:jar:4aug2000r7-dev:test
[INFO] 
[INFO] 
[INFO] --- maven-resources-plugin:2.6:resources (default-resources) @ smiley-http-proxy-servlet ---
[INFO] Using 'UTF-8' encoding to copy filtered resources.
[INFO] skip non existing resourceDirectory /home/cgzhu/projects/gitslice/resources/facts/upgrade_jars_exp/_downloads/HTTP-Proxy-Servlet/src/main/resources
[INFO] 
[INFO] --- maven-compiler-plugin:3.5.1:compile (default-compile) @ smiley-http-proxy-servlet ---
[INFO] Changes detected - recompiling the module!
[INFO] Compiling 2 source files to /home/cgzhu/projects/gitslice/resources/facts/upgrade_jars_exp/_downloads/HTTP-Proxy-Servlet/target/classes
[INFO] /home/cgzhu/projects/gitslice/resources/facts/upgrade_jars_exp/_downloads/HTTP-Proxy-Servlet/src/main/java/org/mitre/dsmiley/httpproxy/ProxyServlet.java: Some input files use or override a deprecated API.
[INFO] /home/cgzhu/projects/gitslice/resources/facts/upgrade_jars_exp/_downloads/HTTP-Proxy-Servlet/src/main/java/org/mitre/dsmiley/httpproxy/ProxyServlet.java: Recompile with -Xlint:deprecation for details.
[INFO] 
[INFO] --- maven-resources-plugin:2.6:testResources (default-testResources) @ smiley-http-proxy-servlet ---
[INFO] Using 'UTF-8' encoding to copy filtered resources.
[INFO] Copying 1 resource
[INFO] 
[INFO] --- maven-compiler-plugin:3.5.1:testCompile (default-testCompile) @ smiley-http-proxy-servlet ---
[INFO] Changes detected - recompiling the module!
[INFO] Compiling 3 source files to /home/cgzhu/projects/gitslice/resources/facts/upgrade_jars_exp/_downloads/HTTP-Proxy-Servlet/target/test-classes
[INFO] 
[INFO] --- maven-surefire-plugin:2.12.4:test (default-test) @ smiley-http-proxy-servlet ---
[INFO] Surefire report directory: /home/cgzhu/projects/gitslice/resources/facts/upgrade_jars_exp/_downloads/HTTP-Proxy-Servlet/target/surefire-reports

-------------------------------------------------------
 T E S T S
-------------------------------------------------------
Running org.mitre.dsmiley.httpproxy.ProxyServletTest
Rhino classes (js.jar) not found - Javascript disabled
org.mitre.dsmiley.httpproxy.ProxyServlet: proxy GET uri: /proxyMe -- http://localhost:41111/targetPath
org.mitre.dsmiley.httpproxy.ProxyServlet: proxy GET uri: /proxyMe -- http://localhost:36017/targetPath
org.mitre.dsmiley.httpproxy.ProxyServlet: proxy GET uri: /proxyMe/pathInfo -- http://localhost:36017/targetPath/pathInfo
org.mitre.dsmiley.httpproxy.ProxyServlet: proxy GET uri: /proxyMe/pathInfo/%23%25abc -- http://localhost:36017/targetPath/pathInfo/%23%25abc
org.mitre.dsmiley.httpproxy.ProxyServlet: proxy GET uri: /proxyMe -- http://localhost:36017/targetPath?q=v
org.mitre.dsmiley.httpproxy.ProxyServlet: proxy GET uri: /proxyMe/p -- http://localhost:36017/targetPath/p?q=v
org.mitre.dsmiley.httpproxy.ProxyServlet: proxy GET uri: /proxyMe/p -- http://localhost:36017/targetPath/p?query=note:Leitbild
org.mitre.dsmiley.httpproxy.ProxyServlet: proxy GET uri: /proxyMe/p -- http://localhost:36017/targetPath/p?id=p%20i
org.mitre.dsmiley.httpproxy.ProxyServlet: proxy GET uri: /proxyMe/p%20i -- http://localhost:36017/targetPath/p%20i
org.mitre.dsmiley.httpproxy.ProxyServlet: proxy POST uri: /proxyMe -- http://localhost:38545/targetPath
org.mitre.dsmiley.httpproxy.ProxyServlet: proxy POST uri: /proxyMe/pathInfo -- http://localhost:38545/targetPath/pathInfo
org.mitre.dsmiley.httpproxy.ProxyServlet: proxy POST uri: /proxyMe/pathInfo/%23%25abc -- http://localhost:38545/targetPath/pathInfo/%23%25abc
org.mitre.dsmiley.httpproxy.ProxyServlet: proxy POST uri: /proxyMe -- http://localhost:38545/targetPath?q=v
org.mitre.dsmiley.httpproxy.ProxyServlet: proxy POST uri: /proxyMe/p -- http://localhost:38545/targetPath/p?q=v
org.mitre.dsmiley.httpproxy.ProxyServlet: proxy POST uri: /proxyMe/p -- http://localhost:38545/targetPath/p?query=note:Leitbild
org.mitre.dsmiley.httpproxy.ProxyServlet: proxy POST uri: /proxyMe/p -- http://localhost:38545/targetPath/p?id=p%20i
org.mitre.dsmiley.httpproxy.ProxyServlet: proxy POST uri: /proxyMe/p%20i -- http://localhost:38545/targetPath/p%20i
org.mitre.dsmiley.httpproxy.ProxyServlet: proxy GET uri: /proxyMe -- http://localhost:46747/targetPath
org.mitre.dsmiley.httpproxy.ProxyServlet: proxy GET uri: /proxyMe/%64%69%72%2F -- http://localhost:32851/targetPath/dir/
org.mitre.dsmiley.httpproxy.ProxyServlet: proxy GET uri: /proxyMe/%64%69%72%2F -- http://localhost:32851/targetPath/dir/
org.mitre.dsmiley.httpproxy.ProxyServlet: proxy GET uri: /proxyMe/%64%69%72%2F -- http://localhost:32851/targetPath/dir/
org.mitre.dsmiley.httpproxy.ProxyServlet: proxy GET uri: /proxyMe/%64%69%72%2F -- http://localhost:32851/targetPath/dir/
org.mitre.dsmiley.httpproxy.ProxyServlet: proxy GET uri: /proxyMe/%64%69%72%2F -- http://localhost:32851/targetPath/dir/
org.mitre.dsmiley.httpproxy.ProxyServlet: proxy GET uri: /proxyMe/%64%69%72%2F -- http://localhost:32851/targetPath/dir/
org.mitre.dsmiley.httpproxy.ProxyServlet: proxy GET uri: /proxyMe/%64%69%72%2F -- http://localhost:32851/targetPath/dir/
org.mitre.dsmiley.httpproxy.ProxyServlet: proxy GET uri: /proxyMe/%64%69%72%2F -- http://localhost:32851/targetPath/dir/
org.mitre.dsmiley.httpproxy.ProxyServlet: proxy GET uri: /proxyMe/%64%69%72%2F -- http://localhost:32851/targetPath/dir/
org.mitre.dsmiley.httpproxy.ProxyServlet: proxy GET uri: /proxyMe/%64%69%72%2F -- http://localhost:32851/targetPath/dir/
org.mitre.dsmiley.httpproxy.ProxyServlet: proxy GET uri: /proxyMe -- http://localhost:33067/targetPath
org.mitre.dsmiley.httpproxy.ProxyServlet: proxy GET uri: /proxyMe -- http://localhost:46851/targetPath
org.mitre.dsmiley.httpproxy.ProxyServlet: proxy GET uri: /proxyMe -- http://localhost:38657/targetPath
org.mitre.dsmiley.httpproxy.ProxyServlet: proxy GET uri: /proxyMe -- http://localhost:45261/targetPath
org.mitre.dsmiley.httpproxy.ProxyServlet: proxy GET uri: /proxyMe -- http://localhost:35749/targetPath
org.mitre.dsmiley.httpproxy.ProxyServlet: proxy GET uri: /proxyMe -- http://localhost:33307/targetPath
org.mitre.dsmiley.httpproxy.ProxyServlet: proxy GET uri: /proxyMe -- http://localhost:38939/targetPath?fq=%7B!f=field%7D
org.mitre.dsmiley.httpproxy.ProxyServlet: proxy GET uri: /proxyMe -- http://localhost:38939/targetPath?fq=%7B!f=field%7D
org.mitre.dsmiley.httpproxy.ProxyServlet: proxy GET uri: /proxyMe -- http://localhost:35881/targetPath
org.mitre.dsmiley.httpproxy.ProxyServlet: proxy GET uri: /proxyMe -- http://localhost:37703/targetPath
org.mitre.dsmiley.httpproxy.ProxyServlet: proxy GET uri: /proxyMe -- http://localhost:40437/targetPath
org.mitre.dsmiley.httpproxy.ProxyServlet: proxy GET uri: /proxyMe/test -- http://localhost:37687/targetPath/test
org.mitre.dsmiley.httpproxy.ProxyServlet: proxy GET uri: /proxyMe -- http://localhost:34453/targetPath
org.mitre.dsmiley.httpproxy.ProxyServlet: proxy GET uri: /proxyMe -- http://localhost:34453/targetPath
org.mitre.dsmiley.httpproxy.ProxyServlet: proxy POST uri: /proxyMe -- http://localhost:36199/targetPath
Tests run: 18, Failures: 0, Errors: 0, Skipped: 0, Time elapsed: 5.517 sec
Running org.mitre.dsmiley.httpproxy.ModifyHeadersProxyServletTest
org.mitre.dsmiley.httpproxy.ModifyHeadersProxyServletTest$ModifyHeadersProxyServlet: proxy GET uri: /proxyMe -- http://localhost:43363/targetPath
org.mitre.dsmiley.httpproxy.ModifyHeadersProxyServletTest$ModifyHeadersProxyServlet: proxy GET uri: /proxyMe -- http://localhost:33637/targetPath
org.mitre.dsmiley.httpproxy.ModifyHeadersProxyServletTest$ModifyHeadersProxyServlet: proxy GET uri: /proxyMe -- http://localhost:33183/targetPath
org.mitre.dsmiley.httpproxy.ModifyHeadersProxyServletTest$ModifyHeadersProxyServlet: proxy GET uri: /proxyMe -- http://localhost:36133/targetPath
org.mitre.dsmiley.httpproxy.ModifyHeadersProxyServletTest$ModifyHeadersProxyServlet: proxy GET uri: /proxyMe/pathInfo -- http://localhost:36133/targetPath/pathInfo
org.mitre.dsmiley.httpproxy.ModifyHeadersProxyServletTest$ModifyHeadersProxyServlet: proxy GET uri: /proxyMe/pathInfo/%23%25abc -- http://localhost:36133/targetPath/pathInfo/%23%25abc
org.mitre.dsmiley.httpproxy.ModifyHeadersProxyServletTest$ModifyHeadersProxyServlet: proxy GET uri: /proxyMe -- http://localhost:36133/targetPath?q=v
org.mitre.dsmiley.httpproxy.ModifyHeadersProxyServletTest$ModifyHeadersProxyServlet: proxy GET uri: /proxyMe/p -- http://localhost:36133/targetPath/p?q=v
org.mitre.dsmiley.httpproxy.ModifyHeadersProxyServletTest$ModifyHeadersProxyServlet: proxy GET uri: /proxyMe/p -- http://localhost:36133/targetPath/p?query=note:Leitbild
org.mitre.dsmiley.httpproxy.ModifyHeadersProxyServletTest$ModifyHeadersProxyServlet: proxy GET uri: /proxyMe/p -- http://localhost:36133/targetPath/p?id=p%20i
org.mitre.dsmiley.httpproxy.ModifyHeadersProxyServletTest$ModifyHeadersProxyServlet: proxy GET uri: /proxyMe/p%20i -- http://localhost:36133/targetPath/p%20i
org.mitre.dsmiley.httpproxy.ModifyHeadersProxyServletTest$ModifyHeadersProxyServlet: proxy POST uri: /proxyMe -- http://localhost:46129/targetPath
org.mitre.dsmiley.httpproxy.ModifyHeadersProxyServletTest$ModifyHeadersProxyServlet: proxy POST uri: /proxyMe/pathInfo -- http://localhost:46129/targetPath/pathInfo
org.mitre.dsmiley.httpproxy.ModifyHeadersProxyServletTest$ModifyHeadersProxyServlet: proxy POST uri: /proxyMe/pathInfo/%23%25abc -- http://localhost:46129/targetPath/pathInfo/%23%25abc
org.mitre.dsmiley.httpproxy.ModifyHeadersProxyServletTest$ModifyHeadersProxyServlet: proxy POST uri: /proxyMe -- http://localhost:46129/targetPath?q=v
org.mitre.dsmiley.httpproxy.ModifyHeadersProxyServletTest$ModifyHeadersProxyServlet: proxy POST uri: /proxyMe/p -- http://localhost:46129/targetPath/p?q=v
org.mitre.dsmiley.httpproxy.ModifyHeadersProxyServletTest$ModifyHeadersProxyServlet: proxy POST uri: /proxyMe/p -- http://localhost:46129/targetPath/p?query=note:Leitbild
org.mitre.dsmiley.httpproxy.ModifyHeadersProxyServletTest$ModifyHeadersProxyServlet: proxy POST uri: /proxyMe/p -- http://localhost:46129/targetPath/p?id=p%20i
org.mitre.dsmiley.httpproxy.ModifyHeadersProxyServletTest$ModifyHeadersProxyServlet: proxy POST uri: /proxyMe/p%20i -- http://localhost:46129/targetPath/p%20i
org.mitre.dsmiley.httpproxy.ModifyHeadersProxyServletTest$ModifyHeadersProxyServlet: proxy GET uri: /proxyMe -- http://localhost:39937/targetPath
org.mitre.dsmiley.httpproxy.ModifyHeadersProxyServletTest$ModifyHeadersProxyServlet: proxy GET uri: /proxyMe/%64%69%72%2F -- http://localhost:41841/targetPath/dir/
org.mitre.dsmiley.httpproxy.ModifyHeadersProxyServletTest$ModifyHeadersProxyServlet: proxy GET uri: /proxyMe/%64%69%72%2F -- http://localhost:41841/targetPath/dir/
org.mitre.dsmiley.httpproxy.ModifyHeadersProxyServletTest$ModifyHeadersProxyServlet: proxy GET uri: /proxyMe/%64%69%72%2F -- http://localhost:41841/targetPath/dir/
org.mitre.dsmiley.httpproxy.ModifyHeadersProxyServletTest$ModifyHeadersProxyServlet: proxy GET uri: /proxyMe/%64%69%72%2F -- http://localhost:41841/targetPath/dir/
org.mitre.dsmiley.httpproxy.ModifyHeadersProxyServletTest$ModifyHeadersProxyServlet: proxy GET uri: /proxyMe/%64%69%72%2F -- http://localhost:41841/targetPath/dir/
org.mitre.dsmiley.httpproxy.ModifyHeadersProxyServletTest$ModifyHeadersProxyServlet: proxy GET uri: /proxyMe/%64%69%72%2F -- http://localhost:41841/targetPath/dir/
org.mitre.dsmiley.httpproxy.ModifyHeadersProxyServletTest$ModifyHeadersProxyServlet: proxy GET uri: /proxyMe/%64%69%72%2F -- http://localhost:41841/targetPath/dir/
org.mitre.dsmiley.httpproxy.ModifyHeadersProxyServletTest$ModifyHeadersProxyServlet: proxy GET uri: /proxyMe/%64%69%72%2F -- http://localhost:41841/targetPath/dir/
org.mitre.dsmiley.httpproxy.ModifyHeadersProxyServletTest$ModifyHeadersProxyServlet: proxy GET uri: /proxyMe/%64%69%72%2F -- http://localhost:41841/targetPath/dir/
org.mitre.dsmiley.httpproxy.ModifyHeadersProxyServletTest$ModifyHeadersProxyServlet: proxy GET uri: /proxyMe/%64%69%72%2F -- http://localhost:41841/targetPath/dir/
org.mitre.dsmiley.httpproxy.ModifyHeadersProxyServletTest$ModifyHeadersProxyServlet: proxy GET uri: /proxyMe -- http://localhost:43367/targetPath
org.mitre.dsmiley.httpproxy.ModifyHeadersProxyServletTest$ModifyHeadersProxyServlet: proxy GET uri: /proxyMe -- http://localhost:34965/targetPath
org.mitre.dsmiley.httpproxy.ModifyHeadersProxyServletTest$ModifyHeadersProxyServlet: proxy GET uri: /proxyMe -- http://localhost:40241/targetPath
org.mitre.dsmiley.httpproxy.ModifyHeadersProxyServletTest$ModifyHeadersProxyServlet: proxy GET uri: /proxyMe -- http://localhost:37349/targetPath
org.mitre.dsmiley.httpproxy.ModifyHeadersProxyServletTest$ModifyHeadersProxyServlet: proxy GET uri: /proxyMe -- http://localhost:34623/targetPath
org.mitre.dsmiley.httpproxy.ModifyHeadersProxyServletTest$ModifyHeadersProxyServlet: proxy GET uri: /proxyMe -- http://localhost:41481/targetPath
org.mitre.dsmiley.httpproxy.ModifyHeadersProxyServletTest$ModifyHeadersProxyServlet: proxy GET uri: /proxyMe -- http://localhost:37631/targetPath?fq=%7B!f=field%7D
org.mitre.dsmiley.httpproxy.ModifyHeadersProxyServletTest$ModifyHeadersProxyServlet: proxy GET uri: /proxyMe -- http://localhost:37631/targetPath?fq=%7B!f=field%7D
org.mitre.dsmiley.httpproxy.ModifyHeadersProxyServletTest$ModifyHeadersProxyServlet: proxy GET uri: /proxyMe -- http://localhost:39671/targetPath
org.mitre.dsmiley.httpproxy.ModifyHeadersProxyServletTest$ModifyHeadersProxyServlet: proxy GET uri: /proxyMe -- http://localhost:35589/targetPath
org.mitre.dsmiley.httpproxy.ModifyHeadersProxyServletTest$ModifyHeadersProxyServlet: proxy GET uri: /proxyMe -- http://localhost:43557/targetPath
org.mitre.dsmiley.httpproxy.ModifyHeadersProxyServletTest$ModifyHeadersProxyServlet: proxy GET uri: /proxyMe/test -- http://localhost:42187/targetPath/test
org.mitre.dsmiley.httpproxy.ModifyHeadersProxyServletTest$ModifyHeadersProxyServlet: proxy GET uri: /proxyMe -- http://localhost:46509/targetPath
org.mitre.dsmiley.httpproxy.ModifyHeadersProxyServletTest$ModifyHeadersProxyServlet: proxy GET uri: /proxyMe -- http://localhost:46509/targetPath
org.mitre.dsmiley.httpproxy.ModifyHeadersProxyServletTest$ModifyHeadersProxyServlet: proxy POST uri: /proxyMe -- http://localhost:42349/targetPath
Tests run: 20, Failures: 0, Errors: 0, Skipped: 0, Time elapsed: 5.15 sec
Running org.mitre.dsmiley.httpproxy.URITemplateProxyServletTest
org.mitre.dsmiley.httpproxy.URITemplateProxyServlet: proxy GET uri: /proxyParameterized -- http://localhost:33355/targetPath
org.mitre.dsmiley.httpproxy.URITemplateProxyServlet: proxy GET uri: /proxyParameterized -- http://localhost:36497/targetPath
org.mitre.dsmiley.httpproxy.URITemplateProxyServlet: proxy GET uri: /proxyParameterized/pathInfo -- http://localhost:36497/targetPath/pathInfo
org.mitre.dsmiley.httpproxy.URITemplateProxyServlet: proxy GET uri: /proxyParameterized/pathInfo/%23%25abc -- http://localhost:36497/targetPath/pathInfo/%23%25abc
org.mitre.dsmiley.httpproxy.URITemplateProxyServlet: proxy GET uri: /proxyParameterized -- http://localhost:36497/targetPath?q=v
org.mitre.dsmiley.httpproxy.URITemplateProxyServlet: proxy GET uri: /proxyParameterized/p -- http://localhost:36497/targetPath/p?q=v
org.mitre.dsmiley.httpproxy.URITemplateProxyServlet: proxy GET uri: /proxyParameterized/p -- http://localhost:36497/targetPath/p?query=note:Leitbild
org.mitre.dsmiley.httpproxy.URITemplateProxyServlet: proxy GET uri: /proxyParameterized/p -- http://localhost:36497/targetPath/p?id=p%20i
org.mitre.dsmiley.httpproxy.URITemplateProxyServlet: proxy GET uri: /proxyParameterized/p%20i -- http://localhost:36497/targetPath/p%20i
org.mitre.dsmiley.httpproxy.URITemplateProxyServlet: proxy POST uri: /proxyParameterized -- http://localhost:33585/targetPath
org.mitre.dsmiley.httpproxy.URITemplateProxyServlet: proxy POST uri: /proxyParameterized/pathInfo -- http://localhost:33585/targetPath/pathInfo
org.mitre.dsmiley.httpproxy.URITemplateProxyServlet: proxy POST uri: /proxyParameterized/pathInfo/%23%25abc -- http://localhost:33585/targetPath/pathInfo/%23%25abc
org.mitre.dsmiley.httpproxy.URITemplateProxyServlet: proxy POST uri: /proxyParameterized -- http://localhost:33585/targetPath?q=v
org.mitre.dsmiley.httpproxy.URITemplateProxyServlet: proxy POST uri: /proxyParameterized/p -- http://localhost:33585/targetPath/p?q=v
org.mitre.dsmiley.httpproxy.URITemplateProxyServlet: proxy POST uri: /proxyParameterized/p -- http://localhost:33585/targetPath/p?query=note:Leitbild
org.mitre.dsmiley.httpproxy.URITemplateProxyServlet: proxy POST uri: /proxyParameterized/p -- http://localhost:33585/targetPath/p?id=p%20i
org.mitre.dsmiley.httpproxy.URITemplateProxyServlet: proxy POST uri: /proxyParameterized/p%20i -- http://localhost:33585/targetPath/p%20i
org.mitre.dsmiley.httpproxy.URITemplateProxyServlet: proxy GET uri: /proxyParameterized -- http://localhost:37417/targetPath
org.mitre.dsmiley.httpproxy.URITemplateProxyServlet: proxy GET uri: /proxyParameterized/%64%69%72%2F -- http://localhost:36963/targetPath/dir/
org.mitre.dsmiley.httpproxy.URITemplateProxyServlet: proxy GET uri: /proxyParameterized/%64%69%72%2F -- http://localhost:36963/targetPath/dir/
org.mitre.dsmiley.httpproxy.URITemplateProxyServlet: proxy GET uri: /proxyParameterized/%64%69%72%2F -- http://localhost:36963/targetPath/dir/
org.mitre.dsmiley.httpproxy.URITemplateProxyServlet: proxy GET uri: /proxyParameterized/%64%69%72%2F -- http://localhost:36963/targetPath/dir/
org.mitre.dsmiley.httpproxy.URITemplateProxyServlet: proxy GET uri: /proxyParameterized/%64%69%72%2F -- http://localhost:36963/targetPath/dir/
org.mitre.dsmiley.httpproxy.URITemplateProxyServlet: proxy GET uri: /proxyParameterized/%64%69%72%2F -- http://localhost:36963/targetPath/dir/
org.mitre.dsmiley.httpproxy.URITemplateProxyServlet: proxy GET uri: /proxyParameterized/%64%69%72%2F -- http://localhost:36963/targetPath/dir/
org.mitre.dsmiley.httpproxy.URITemplateProxyServlet: proxy GET uri: /proxyParameterized/%64%69%72%2F -- http://localhost:36963/targetPath/dir/
org.mitre.dsmiley.httpproxy.URITemplateProxyServlet: proxy GET uri: /proxyParameterized/%64%69%72%2F -- http://localhost:36963/targetPath/dir/
org.mitre.dsmiley.httpproxy.URITemplateProxyServlet: proxy GET uri: /proxyParameterized/%64%69%72%2F -- http://localhost:36963/targetPath/dir/
org.mitre.dsmiley.httpproxy.URITemplateProxyServlet: proxy GET uri: /proxyParameterized -- http://localhost:36649/targetPath
org.mitre.dsmiley.httpproxy.URITemplateProxyServlet: proxy GET uri: /proxyParameterized -- http://localhost:43573/targetPath
org.mitre.dsmiley.httpproxy.URITemplateProxyServlet: proxy GET uri: /proxyParameterized -- http://localhost:45599/targetPath
org.mitre.dsmiley.httpproxy.URITemplateProxyServlet: proxy GET uri: /proxyParameterized -- http://localhost:43849/targetPath
org.mitre.dsmiley.httpproxy.URITemplateProxyServlet: proxy GET uri: /proxyParameterized -- http://localhost:34851/targetPath
org.mitre.dsmiley.httpproxy.URITemplateProxyServlet: proxy GET uri: /proxyParameterized -- http://localhost:37481/targetPath
org.mitre.dsmiley.httpproxy.URITemplateProxyServlet: proxy GET uri: /proxyParameterized -- http://localhost:39919/targetPath
org.mitre.dsmiley.httpproxy.URITemplateProxyServlet: proxy GET uri: /proxyParameterized -- http://localhost:34099/targetPath
org.mitre.dsmiley.httpproxy.URITemplateProxyServlet: proxy GET uri: /proxyParameterized -- http://localhost:35935/targetPath
org.mitre.dsmiley.httpproxy.URITemplateProxyServlet: proxy GET uri: /proxyParameterized/test -- http://localhost:33443/targetPath/test
org.mitre.dsmiley.httpproxy.URITemplateProxyServlet: proxy GET uri: /proxyParameterized -- http://localhost:38219/targetPath
org.mitre.dsmiley.httpproxy.URITemplateProxyServlet: proxy GET uri: /proxyParameterized -- http://localhost:38219/targetPath
Tests run: 18, Failures: 0, Errors: 0, Skipped: 2, Time elapsed: 5.147 sec

Results :

Tests run: 56, Failures: 0, Errors: 0, Skipped: 2

[INFO] ------------------------------------------------------------------------
[INFO] BUILD SUCCESS
[INFO] ------------------------------------------------------------------------
[INFO] Total time: 17.593 s
[INFO] Finished at: 2019-08-16T01:08:08+08:00
[INFO] ------------------------------------------------------------------------
