[INFO] Scanning for projects...
Downloading from central: https://repo.maven.apache.org/maven2/com/fasterxml/jackson/jackson-parent/2.9.1/jackson-parent-2.9.1.pom
Progress (1): 2.2/8.0 kBProgress (1): 5.0/8.0 kBProgress (1): 7.8/8.0 kBProgress (1): 8.0 kB                        Downloaded from central: https://repo.maven.apache.org/maven2/com/fasterxml/jackson/jackson-parent/2.9.1/jackson-parent-2.9.1.pom (8.0 kB at 6.8 kB/s)
Downloading from central: https://repo.maven.apache.org/maven2/com/fasterxml/oss-parent/30/oss-parent-30.pom
Progress (1): 2.8/21 kBProgress (1): 5.5/21 kBProgress (1): 8.3/21 kBProgress (1): 11/21 kB Progress (1): 14/21 kBProgress (1): 16/21 kBProgress (1): 19/21 kBProgress (1): 21 kB                      Downloaded from central: https://repo.maven.apache.org/maven2/com/fasterxml/oss-parent/30/oss-parent-30.pom (21 kB at 35 kB/s)
Downloading from central: https://repo.maven.apache.org/maven2/org/apache/maven/scm/maven-scm-provider-gitexe/1.9.1/maven-scm-provider-gitexe-1.9.1.pom
Progress (1): 2.2/2.5 kBProgress (1): 2.5 kB                        Downloaded from central: https://repo.maven.apache.org/maven2/org/apache/maven/scm/maven-scm-provider-gitexe/1.9.1/maven-scm-provider-gitexe-1.9.1.pom (2.5 kB at 6.7 kB/s)
Downloading from central: https://repo.maven.apache.org/maven2/org/apache/maven/scm/maven-scm-providers-git/1.9.1/maven-scm-providers-git-1.9.1.pom
Progress (1): 2.2 kB                    Downloaded from central: https://repo.maven.apache.org/maven2/org/apache/maven/scm/maven-scm-providers-git/1.9.1/maven-scm-providers-git-1.9.1.pom (2.2 kB at 5.7 kB/s)
Downloading from central: https://repo.maven.apache.org/maven2/org/apache/maven/scm/maven-scm-providers/1.9.1/maven-scm-providers-1.9.1.pom
Progress (1): 2.2/3.5 kBProgress (1): 3.5 kB                        Downloaded from central: https://repo.maven.apache.org/maven2/org/apache/maven/scm/maven-scm-providers/1.9.1/maven-scm-providers-1.9.1.pom (3.5 kB at 8.9 kB/s)
Downloading from central: https://repo.maven.apache.org/maven2/org/apache/maven/scm/maven-scm/1.9.1/maven-scm-1.9.1.pom
Progress (1): 2.2/22 kBProgress (1): 3.1/22 kBProgress (1): 5.8/22 kBProgress (1): 8.6/22 kBProgress (1): 11/22 kB Progress (1): 14/22 kBProgress (1): 17/22 kBProgress (1): 19/22 kBProgress (1): 22/22 kBProgress (1): 22 kB                      Downloaded from central: https://repo.maven.apache.org/maven2/org/apache/maven/scm/maven-scm/1.9.1/maven-scm-1.9.1.pom (22 kB at 55 kB/s)
Downloading from central: https://repo.maven.apache.org/maven2/org/apache/maven/scm/maven-scm-provider-git-commons/1.9.1/maven-scm-provider-git-commons-1.9.1.pom
Progress (1): 2.1 kB                    Downloaded from central: https://repo.maven.apache.org/maven2/org/apache/maven/scm/maven-scm-provider-git-commons/1.9.1/maven-scm-provider-git-commons-1.9.1.pom (2.1 kB at 5.6 kB/s)
Downloading from central: https://repo.maven.apache.org/maven2/org/apache/maven/scm/maven-scm-api/1.9.1/maven-scm-api-1.9.1.pom
Progress (1): 1.6 kB                    Downloaded from central: https://repo.maven.apache.org/maven2/org/apache/maven/scm/maven-scm-api/1.9.1/maven-scm-api-1.9.1.pom (1.6 kB at 4.0 kB/s)
Downloading from central: https://repo.maven.apache.org/maven2/org/apache/maven/scm/maven-scm-provider-gitexe/1.9.1/maven-scm-provider-gitexe-1.9.1.jar
Downloading from central: https://repo.maven.apache.org/maven2/org/apache/maven/scm/maven-scm-api/1.9.1/maven-scm-api-1.9.1.jar
Downloading from central: https://repo.maven.apache.org/maven2/org/apache/maven/scm/maven-scm-provider-git-commons/1.9.1/maven-scm-provider-git-commons-1.9.1.jar
Progress (1): 2.8/64 kBProgress (1): 5.5/64 kBProgress (1): 8.3/64 kBProgress (1): 11/64 kB Progress (1): 14/64 kBProgress (1): 16/64 kBProgress (1): 19/64 kBProgress (1): 22/64 kBProgress (1): 25/64 kBProgress (1): 27/64 kBProgress (1): 30/64 kBProgress (1): 33/64 kBProgress (1): 37/64 kBProgress (1): 41/64 kBProgress (1): 45/64 kBProgress (1): 49/64 kBProgress (1): 53/64 kBProgress (1): 57/64 kBProgress (1): 61/64 kBProgress (1): 64 kB   Progress (2): 64 kB | 2.2/106 kBProgress (3): 64 kB | 2.2/106 kB | 2.2/38 kBProgress (3): 64 kB | 5.0/106 kB | 2.2/38 kBProgress (3): 64 kB | 5.0/106 kB | 5.0/38 kBProgress (3): 64 kB | 7.7/106 kB | 5.0/38 kBProgress (3): 64 kB | 7.7/106 kB | 7.7/38 kBProgress (3): 64 kB | 10/106 kB | 7.7/38 kB Progress (3): 64 kB | 10/106 kB | 10/38 kB Progress (3): 64 kB | 13/106 kB | 10/38 kBProgress (3): 64 kB | 13/106 kB | 13/38 kB                                          Downloaded from central: https://repo.maven.apache.org/maven2/org/apache/maven/scm/maven-scm-provider-gitexe/1.9.1/maven-scm-provider-gitexe-1.9.1.jar (64 kB at 108 kB/s)
Progress (2): 16/106 kB | 13/38 kBProgress (2): 16/106 kB | 16/38 kBProgress (2): 19/106 kB | 16/38 kBProgress (2): 19/106 kB | 19/38 kBProgress (2): 21/106 kB | 19/38 kBProgress (2): 21/106 kB | 21/38 kBProgress (2): 24/106 kB | 21/38 kBProgress (2): 24/106 kB | 24/38 kBProgress (2): 27/106 kB | 24/38 kBProgress (2): 27/106 kB | 27/38 kBProgress (2): 30/106 kB | 27/38 kBProgress (2): 30/106 kB | 30/38 kBProgress (2): 32/106 kB | 30/38 kBProgress (2): 32/106 kB | 32/38 kBProgress (2): 32/106 kB | 35/38 kBProgress (2): 32/106 kB | 38/38 kBProgress (2): 32/106 kB | 38 kB   Progress (2): 36/106 kB | 38 kBProgress (2): 40/106 kB | 38 kBProgress (2): 45/106 kB | 38 kBProgress (2): 49/106 kB | 38 kBProgress (2): 53/106 kB | 38 kBProgress (2): 57/106 kB | 38 kBProgress (2): 61/106 kB | 38 kBProgress (2): 65/106 kB | 38 kBProgress (2): 69/106 kB | 38 kBProgress (2): 73/106 kB | 38 kBProgress (2): 77/106 kB | 38 kBProgress (2): 81/106 kB | 38 kB                               Downloaded from central: https://repo.maven.apache.org/maven2/org/apache/maven/scm/maven-scm-provider-git-commons/1.9.1/maven-scm-provider-git-commons-1.9.1.jar (38 kB at 39 kB/s)
Progress (1): 85/106 kBProgress (1): 90/106 kBProgress (1): 94/106 kBProgress (1): 98/106 kBProgress (1): 102/106 kBProgress (1): 106 kB                        Downloaded from central: https://repo.maven.apache.org/maven2/org/apache/maven/scm/maven-scm-api/1.9.1/maven-scm-api-1.9.1.jar (106 kB at 79 kB/s)
Downloading from central: https://repo.maven.apache.org/maven2/org/apache/maven/scm/maven-scm-manager-plexus/1.9.1/maven-scm-manager-plexus-1.9.1.pom
Progress (1): 2.2 kB                    Downloaded from central: https://repo.maven.apache.org/maven2/org/apache/maven/scm/maven-scm-manager-plexus/1.9.1/maven-scm-manager-plexus-1.9.1.pom (2.2 kB at 5.7 kB/s)
Downloading from central: https://repo.maven.apache.org/maven2/org/apache/maven/scm/maven-scm-managers/1.9.1/maven-scm-managers-1.9.1.pom
Progress (1): 1.5 kB                    Downloaded from central: https://repo.maven.apache.org/maven2/org/apache/maven/scm/maven-scm-managers/1.9.1/maven-scm-managers-1.9.1.pom (1.5 kB at 3.9 kB/s)
Downloading from central: https://repo.maven.apache.org/maven2/org/apache/maven/scm/maven-scm-manager-plexus/1.9.1/maven-scm-manager-plexus-1.9.1.jar
Progress (1): 2.2/11 kBProgress (1): 5.0/11 kBProgress (1): 7.7/11 kBProgress (1): 10/11 kB Progress (1): 11 kB                      Downloaded from central: https://repo.maven.apache.org/maven2/org/apache/maven/scm/maven-scm-manager-plexus/1.9.1/maven-scm-manager-plexus-1.9.1.jar (11 kB at 27 kB/s)
Downloading from central: https://repo.maven.apache.org/maven2/org/kathrynhuxtable/maven/wagon/wagon-gitsite/0.3.1/wagon-gitsite-0.3.1.pom
Progress (1): 2.2/16 kBProgress (1): 5.0/16 kBProgress (1): 7.8/16 kBProgress (1): 11/16 kB Progress (1): 13/16 kBProgress (1): 16/16 kBProgress (1): 16 kB                      Downloaded from central: https://repo.maven.apache.org/maven2/org/kathrynhuxtable/maven/wagon/wagon-gitsite/0.3.1/wagon-gitsite-0.3.1.pom (16 kB at 42 kB/s)
Downloading from central: https://repo.maven.apache.org/maven2/org/apache/maven/scm/maven-scm-api/1.3/maven-scm-api-1.3.pom
Progress (1): 1.6 kB                    Downloaded from central: https://repo.maven.apache.org/maven2/org/apache/maven/scm/maven-scm-api/1.3/maven-scm-api-1.3.pom (1.6 kB at 4.0 kB/s)
Downloading from central: https://repo.maven.apache.org/maven2/org/apache/maven/scm/maven-scm/1.3/maven-scm-1.3.pom
Progress (1): 2.2/12 kBProgress (1): 5.0/12 kBProgress (1): 7.8/12 kBProgress (1): 11/12 kB Progress (1): 12 kB                      Downloaded from central: https://repo.maven.apache.org/maven2/org/apache/maven/scm/maven-scm/1.3/maven-scm-1.3.pom (12 kB at 30 kB/s)
Downloading from central: https://repo.maven.apache.org/maven2/org/apache/maven/scm/maven-scm-manager-plexus/1.3/maven-scm-manager-plexus-1.3.pom
Progress (1): 2.1 kB                    Downloaded from central: https://repo.maven.apache.org/maven2/org/apache/maven/scm/maven-scm-manager-plexus/1.3/maven-scm-manager-plexus-1.3.pom (2.1 kB at 5.2 kB/s)
Downloading from central: https://repo.maven.apache.org/maven2/org/apache/maven/scm/maven-scm-managers/1.3/maven-scm-managers-1.3.pom
Progress (1): 1.5 kB                    Downloaded from central: https://repo.maven.apache.org/maven2/org/apache/maven/scm/maven-scm-managers/1.3/maven-scm-managers-1.3.pom (1.5 kB at 4.0 kB/s)
Downloading from central: https://repo.maven.apache.org/maven2/org/codehaus/plexus/plexus-container-default/1.5.4/plexus-container-default-1.5.4.pom
Progress (1): 2.2/2.8 kBProgress (1): 2.8 kB                        Downloaded from central: https://repo.maven.apache.org/maven2/org/codehaus/plexus/plexus-container-default/1.5.4/plexus-container-default-1.5.4.pom (2.8 kB at 7.5 kB/s)
Downloading from central: https://repo.maven.apache.org/maven2/org/apache/maven/scm/maven-scm-provider-gitexe/1.3/maven-scm-provider-gitexe-1.3.pom
Progress (1): 2.2/2.3 kBProgress (1): 2.3 kB                        Downloaded from central: https://repo.maven.apache.org/maven2/org/apache/maven/scm/maven-scm-provider-gitexe/1.3/maven-scm-provider-gitexe-1.3.pom (2.3 kB at 6.0 kB/s)
Downloading from central: https://repo.maven.apache.org/maven2/org/apache/maven/scm/maven-scm-providers-git/1.3/maven-scm-providers-git-1.3.pom
Progress (1): 2.2 kB                    Downloaded from central: https://repo.maven.apache.org/maven2/org/apache/maven/scm/maven-scm-providers-git/1.3/maven-scm-providers-git-1.3.pom (2.2 kB at 5.7 kB/s)
Downloading from central: https://repo.maven.apache.org/maven2/org/apache/maven/scm/maven-scm-providers/1.3/maven-scm-providers-1.3.pom
Progress (1): 2.2/3.6 kBProgress (1): 3.6 kB                        Downloaded from central: https://repo.maven.apache.org/maven2/org/apache/maven/scm/maven-scm-providers/1.3/maven-scm-providers-1.3.pom (3.6 kB at 9.6 kB/s)
Downloading from central: https://repo.maven.apache.org/maven2/org/apache/maven/scm/maven-scm-provider-git-commons/1.3/maven-scm-provider-git-commons-1.3.pom
Progress (1): 2.2 kB                    Downloaded from central: https://repo.maven.apache.org/maven2/org/apache/maven/scm/maven-scm-provider-git-commons/1.3/maven-scm-provider-git-commons-1.3.pom (2.2 kB at 5.8 kB/s)
Downloading from central: https://repo.maven.apache.org/maven2/org/kathrynhuxtable/maven/wagon/wagon-gitsite/0.3.1/wagon-gitsite-0.3.1.jar
Downloading from central: https://repo.maven.apache.org/maven2/org/apache/maven/scm/maven-scm-manager-plexus/1.3/maven-scm-manager-plexus-1.3.jar
Downloading from central: https://repo.maven.apache.org/maven2/org/apache/maven/scm/maven-scm-provider-git-commons/1.3/maven-scm-provider-git-commons-1.3.jar
Downloading from central: https://repo.maven.apache.org/maven2/org/apache/maven/scm/maven-scm-provider-gitexe/1.3/maven-scm-provider-gitexe-1.3.jar
Downloading from central: https://repo.maven.apache.org/maven2/org/apache/maven/scm/maven-scm-api/1.3/maven-scm-api-1.3.jar
Progress (1): 2.2/20 kBProgress (1): 5.0/20 kBProgress (1): 7.7/20 kBProgress (1): 10/20 kB Progress (1): 13/20 kBProgress (2): 13/20 kB | 2.2/10 kBProgress (2): 16/20 kB | 2.2/10 kBProgress (2): 16/20 kB | 5.0/10 kBProgress (2): 19/20 kB | 5.0/10 kBProgress (2): 19/20 kB | 7.7/10 kBProgress (2): 20 kB | 7.7/10 kB   Progress (2): 20 kB | 10 kB    Progress (3): 20 kB | 10 kB | 2.2/37 kBProgress (3): 20 kB | 10 kB | 5.0/37 kBProgress (3): 20 kB | 10 kB | 7.7/37 kBProgress (3): 20 kB | 10 kB | 10/37 kB Progress (3): 20 kB | 10 kB | 13/37 kBProgress (3): 20 kB | 10 kB | 16/37 kBProgress (3): 20 kB | 10 kB | 19/37 kBProgress (3): 20 kB | 10 kB | 21/37 kBProgress (3): 20 kB | 10 kB | 24/37 kBProgress (3): 20 kB | 10 kB | 27/37 kBProgress (3): 20 kB | 10 kB | 30/37 kBProgress (3): 20 kB | 10 kB | 32/37 kBProgress (3): 20 kB | 10 kB | 35/37 kBProgress (3): 20 kB | 10 kB | 37 kB                                      Downloaded from central: https://repo.maven.apache.org/maven2/org/kathrynhuxtable/maven/wagon/wagon-gitsite/0.3.1/wagon-gitsite-0.3.1.jar (20 kB at 53 kB/s)
Downloaded from central: https://repo.maven.apache.org/maven2/org/apache/maven/scm/maven-scm-manager-plexus/1.3/maven-scm-manager-plexus-1.3.jar (10 kB at 28 kB/s)
Downloaded from central: https://repo.maven.apache.org/maven2/org/apache/maven/scm/maven-scm-provider-git-commons/1.3/maven-scm-provider-git-commons-1.3.jar (37 kB at 95 kB/s)
Progress (1): 2.2/49 kBProgress (1): 5.0/49 kBProgress (1): 7.7/49 kBProgress (1): 10/49 kB Progress (1): 13/49 kBProgress (2): 13/49 kB | 2.2/89 kBProgress (2): 13/49 kB | 5.0/89 kBProgress (2): 13/49 kB | 7.7/89 kBProgress (2): 13/49 kB | 10/89 kB Progress (2): 13/49 kB | 13/89 kBProgress (2): 16/49 kB | 13/89 kBProgress (2): 19/49 kB | 13/89 kBProgress (2): 21/49 kB | 13/89 kBProgress (2): 24/49 kB | 13/89 kBProgress (2): 27/49 kB | 13/89 kBProgress (2): 30/49 kB | 13/89 kBProgress (2): 32/49 kB | 13/89 kBProgress (2): 32/49 kB | 16/89 kBProgress (2): 32/49 kB | 19/89 kBProgress (2): 32/49 kB | 21/89 kBProgress (2): 32/49 kB | 24/89 kBProgress (2): 32/49 kB | 27/89 kBProgress (2): 32/49 kB | 30/89 kBProgress (2): 32/49 kB | 32/89 kBProgress (2): 36/49 kB | 32/89 kBProgress (2): 40/49 kB | 32/89 kBProgress (2): 45/49 kB | 32/89 kBProgress (2): 49/49 kB | 32/89 kBProgress (2): 49 kB | 32/89 kB   Progress (2): 49 kB | 36/89 kBProgress (2): 49 kB | 40/89 kBProgress (2): 49 kB | 45/89 kBProgress (2): 49 kB | 49/89 kBProgress (2): 49 kB | 53/89 kBProgress (2): 49 kB | 57/89 kBProgress (2): 49 kB | 61/89 kBProgress (2): 49 kB | 65/89 kBProgress (2): 49 kB | 69/89 kBProgress (2): 49 kB | 73/89 kBProgress (2): 49 kB | 77/89 kBProgress (2): 49 kB | 81/89 kB                              Downloaded from central: https://repo.maven.apache.org/maven2/org/apache/maven/scm/maven-scm-provider-gitexe/1.3/maven-scm-provider-gitexe-1.3.jar (49 kB at 46 kB/s)
Progress (1): 85/89 kBProgress (1): 89 kB                      Downloaded from central: https://repo.maven.apache.org/maven2/org/apache/maven/scm/maven-scm-api/1.3/maven-scm-api-1.3.jar (89 kB at 70 kB/s)
Downloading from central: https://repo.maven.apache.org/maven2/org/apache/felix/maven-bundle-plugin/2.5.3/maven-bundle-plugin-2.5.3.pom
Progress (1): 2.2/4.7 kBProgress (1): 4.7 kB                        Downloaded from central: https://repo.maven.apache.org/maven2/org/apache/felix/maven-bundle-plugin/2.5.3/maven-bundle-plugin-2.5.3.pom (4.7 kB at 13 kB/s)
Downloading from central: https://repo.maven.apache.org/maven2/org/apache/felix/felix-parent/2.1/felix-parent-2.1.pom
Progress (1): 2.2/9.7 kBProgress (1): 5.0/9.7 kBProgress (1): 7.8/9.7 kBProgress (1): 9.7 kB                        Downloaded from central: https://repo.maven.apache.org/maven2/org/apache/felix/felix-parent/2.1/felix-parent-2.1.pom (9.7 kB at 26 kB/s)
Downloading from central: https://repo.maven.apache.org/maven2/biz/aQute/bnd/bndlib/2.3.0/bndlib-2.3.0.pom
Progress (1): 1.4 kB                    Downloaded from central: https://repo.maven.apache.org/maven2/biz/aQute/bnd/bndlib/2.3.0/bndlib-2.3.0.pom (1.4 kB at 3.8 kB/s)
Downloading from central: https://repo.maven.apache.org/maven2/biz/aQute/bnd/parent/2.3.0/parent-2.3.0.pom
Progress (1): 2.2/4.1 kBProgress (1): 4.1 kB                        Downloaded from central: https://repo.maven.apache.org/maven2/biz/aQute/bnd/parent/2.3.0/parent-2.3.0.pom (4.1 kB at 11 kB/s)
Downloading from central: https://repo.maven.apache.org/maven2/org/osgi/org.osgi.core/4.3.1/org.osgi.core-4.3.1.pom
Progress (1): 1.4 kB                    Downloaded from central: https://repo.maven.apache.org/maven2/org/osgi/org.osgi.core/4.3.1/org.osgi.core-4.3.1.pom (1.4 kB at 3.9 kB/s)
Downloading from central: https://repo.maven.apache.org/maven2/org/apache/felix/org.apache.felix.bundlerepository/1.6.6/org.apache.felix.bundlerepository-1.6.6.pom
Progress (1): 2.2/5.9 kBProgress (1): 5.0/5.9 kBProgress (1): 5.9 kB                        Downloaded from central: https://repo.maven.apache.org/maven2/org/apache/felix/org.apache.felix.bundlerepository/1.6.6/org.apache.felix.bundlerepository-1.6.6.pom (5.9 kB at 16 kB/s)
Downloading from central: https://repo.maven.apache.org/maven2/org/osgi/org.osgi.core/4.1.0/org.osgi.core-4.1.0.pom
Progress (1): 193 B                   Downloaded from central: https://repo.maven.apache.org/maven2/org/osgi/org.osgi.core/4.1.0/org.osgi.core-4.1.0.pom (193 B at 530 B/s)
Downloading from central: https://repo.maven.apache.org/maven2/org/easymock/easymock/2.4/easymock-2.4.pom
Progress (1): 2.2/5.3 kBProgress (1): 5.0/5.3 kBProgress (1): 5.3 kB                        Downloaded from central: https://repo.maven.apache.org/maven2/org/easymock/easymock/2.4/easymock-2.4.pom (5.3 kB at 14 kB/s)
Downloading from central: https://repo.maven.apache.org/maven2/org/apache/felix/org.apache.felix.utils/1.6.0/org.apache.felix.utils-1.6.0.pom
Progress (1): 2.2/3.3 kBProgress (1): 3.3 kB                        Downloaded from central: https://repo.maven.apache.org/maven2/org/apache/felix/org.apache.felix.utils/1.6.0/org.apache.felix.utils-1.6.0.pom (3.3 kB at 8.4 kB/s)
Downloading from central: https://repo.maven.apache.org/maven2/org/osgi/org.osgi.compendium/4.2.0/org.osgi.compendium-4.2.0.pom
Progress (1): 463 B                   Downloaded from central: https://repo.maven.apache.org/maven2/org/osgi/org.osgi.compendium/4.2.0/org.osgi.compendium-4.2.0.pom (463 B at 1.2 kB/s)
Downloading from central: https://repo.maven.apache.org/maven2/org/apache/maven/maven-core/2.0.7/maven-core-2.0.7.pom
Progress (1): 2.2/6.7 kBProgress (1): 5.0/6.7 kBProgress (1): 6.7 kB                        Downloaded from central: https://repo.maven.apache.org/maven2/org/apache/maven/maven-core/2.0.7/maven-core-2.0.7.pom (6.7 kB at 18 kB/s)
Downloading from central: https://repo.maven.apache.org/maven2/org/apache/maven/maven/2.0.7/maven-2.0.7.pom
Progress (1): 2.2/11 kBProgress (1): 5.0/11 kBProgress (1): 7.8/11 kBProgress (1): 11/11 kB Progress (1): 11 kB                      Downloaded from central: https://repo.maven.apache.org/maven2/org/apache/maven/maven/2.0.7/maven-2.0.7.pom (11 kB at 28 kB/s)
Downloading from central: https://repo.maven.apache.org/maven2/org/apache/maven/maven-settings/2.0.7/maven-settings-2.0.7.pom
Progress (1): 2.0 kB                    Downloaded from central: https://repo.maven.apache.org/maven2/org/apache/maven/maven-settings/2.0.7/maven-settings-2.0.7.pom (2.0 kB at 5.4 kB/s)
Downloading from central: https://repo.maven.apache.org/maven2/org/apache/maven/maven-model/2.0.7/maven-model-2.0.7.pom
Progress (1): 2.2/3.0 kBProgress (1): 3.0 kB                        Downloaded from central: https://repo.maven.apache.org/maven2/org/apache/maven/maven-model/2.0.7/maven-model-2.0.7.pom (3.0 kB at 7.9 kB/s)
Downloading from central: https://repo.maven.apache.org/maven2/org/apache/maven/maven-plugin-parameter-documenter/2.0.7/maven-plugin-parameter-documenter-2.0.7.pom
Progress (1): 1.9 kB                    Downloaded from central: https://repo.maven.apache.org/maven2/org/apache/maven/maven-plugin-parameter-documenter/2.0.7/maven-plugin-parameter-documenter-2.0.7.pom (1.9 kB at 5.3 kB/s)
Downloading from central: https://repo.maven.apache.org/maven2/org/apache/maven/reporting/maven-reporting-api/2.0.7/maven-reporting-api-2.0.7.pom
Progress (1): 1.8 kB                    Downloaded from central: https://repo.maven.apache.org/maven2/org/apache/maven/reporting/maven-reporting-api/2.0.7/maven-reporting-api-2.0.7.pom (1.8 kB at 4.8 kB/s)
Downloading from central: https://repo.maven.apache.org/maven2/org/apache/maven/reporting/maven-reporting/2.0.7/maven-reporting-2.0.7.pom
Progress (1): 1.4 kB                    Downloaded from central: https://repo.maven.apache.org/maven2/org/apache/maven/reporting/maven-reporting/2.0.7/maven-reporting-2.0.7.pom (1.4 kB at 3.9 kB/s)
Downloading from central: https://repo.maven.apache.org/maven2/org/apache/maven/maven-profile/2.0.7/maven-profile-2.0.7.pom
Progress (1): 2.0 kB                    Downloaded from central: https://repo.maven.apache.org/maven2/org/apache/maven/maven-profile/2.0.7/maven-profile-2.0.7.pom (2.0 kB at 5.3 kB/s)
Downloading from central: https://repo.maven.apache.org/maven2/org/apache/maven/maven-artifact/2.0.7/maven-artifact-2.0.7.pom
Progress (1): 1.6 kB                    Downloaded from central: https://repo.maven.apache.org/maven2/org/apache/maven/maven-artifact/2.0.7/maven-artifact-2.0.7.pom (1.6 kB at 4.3 kB/s)
Downloading from central: https://repo.maven.apache.org/maven2/org/apache/maven/maven-repository-metadata/2.0.7/maven-repository-metadata-2.0.7.pom
Progress (1): 1.9 kB                    Downloaded from central: https://repo.maven.apache.org/maven2/org/apache/maven/maven-repository-metadata/2.0.7/maven-repository-metadata-2.0.7.pom (1.9 kB at 5.0 kB/s)
Downloading from central: https://repo.maven.apache.org/maven2/org/apache/maven/maven-error-diagnostics/2.0.7/maven-error-diagnostics-2.0.7.pom
Progress (1): 1.7 kB                    Downloaded from central: https://repo.maven.apache.org/maven2/org/apache/maven/maven-error-diagnostics/2.0.7/maven-error-diagnostics-2.0.7.pom (1.7 kB at 4.6 kB/s)
Downloading from central: https://repo.maven.apache.org/maven2/org/apache/maven/maven-project/2.0.7/maven-project-2.0.7.pom
Progress (1): 2.2/2.6 kBProgress (1): 2.6 kB                        Downloaded from central: https://repo.maven.apache.org/maven2/org/apache/maven/maven-project/2.0.7/maven-project-2.0.7.pom (2.6 kB at 7.1 kB/s)
Downloading from central: https://repo.maven.apache.org/maven2/org/apache/maven/maven-artifact-manager/2.0.7/maven-artifact-manager-2.0.7.pom
Progress (1): 2.2/2.6 kBProgress (1): 2.6 kB                        Downloaded from central: https://repo.maven.apache.org/maven2/org/apache/maven/maven-artifact-manager/2.0.7/maven-artifact-manager-2.0.7.pom (2.6 kB at 7.2 kB/s)
Downloading from central: https://repo.maven.apache.org/maven2/org/apache/maven/maven-plugin-registry/2.0.7/maven-plugin-registry-2.0.7.pom
Progress (1): 1.9 kB                    Downloaded from central: https://repo.maven.apache.org/maven2/org/apache/maven/maven-plugin-registry/2.0.7/maven-plugin-registry-2.0.7.pom (1.9 kB at 5.3 kB/s)
Downloading from central: https://repo.maven.apache.org/maven2/org/apache/maven/maven-plugin-api/2.0.7/maven-plugin-api-2.0.7.pom
Progress (1): 1.5 kB                    Downloaded from central: https://repo.maven.apache.org/maven2/org/apache/maven/maven-plugin-api/2.0.7/maven-plugin-api-2.0.7.pom (1.5 kB at 4.0 kB/s)
Downloading from central: https://repo.maven.apache.org/maven2/org/apache/maven/maven-plugin-descriptor/2.0.7/maven-plugin-descriptor-2.0.7.pom
Progress (1): 2.0 kB                    Downloaded from central: https://repo.maven.apache.org/maven2/org/apache/maven/maven-plugin-descriptor/2.0.7/maven-plugin-descriptor-2.0.7.pom (2.0 kB at 5.6 kB/s)
Downloading from central: https://repo.maven.apache.org/maven2/org/apache/maven/maven-monitor/2.0.7/maven-monitor-2.0.7.pom
Progress (1): 1.3 kB                    Downloaded from central: https://repo.maven.apache.org/maven2/org/apache/maven/maven-monitor/2.0.7/maven-monitor-2.0.7.pom (1.3 kB at 3.5 kB/s)
Downloading from central: https://repo.maven.apache.org/maven2/org/apache/felix/maven-bundle-plugin/2.5.3/maven-bundle-plugin-2.5.3.jar
Downloading from central: https://repo.maven.apache.org/maven2/org/apache/felix/org.apache.felix.bundlerepository/1.6.6/org.apache.felix.bundlerepository-1.6.6.jar
Downloading from central: https://repo.maven.apache.org/maven2/org/osgi/org.osgi.core/4.3.1/org.osgi.core-4.3.1.jar
Downloading from central: https://repo.maven.apache.org/maven2/biz/aQute/bnd/bndlib/2.3.0/bndlib-2.3.0.jar
Downloading from central: https://repo.maven.apache.org/maven2/org/easymock/easymock/2.4/easymock-2.4.jar
Progress (1): 2.2/168 kBProgress (1): 5.0/168 kBProgress (1): 7.7/168 kBProgress (1): 10/168 kB Progress (1): 13/168 kBProgress (1): 16/168 kBProgress (1): 19/168 kBProgress (1): 21/168 kBProgress (2): 21/168 kB | 2.8/176 kBProgress (2): 24/168 kB | 2.8/176 kBProgress (2): 24/168 kB | 3.5/176 kBProgress (2): 27/168 kB | 3.5/176 kBProgress (2): 27/168 kB | 6.3/176 kBProgress (2): 30/168 kB | 6.3/176 kBProgress (2): 30/168 kB | 7.6/176 kBProgress (2): 32/168 kB | 7.6/176 kBProgress (2): 32/168 kB | 10/176 kB Progress (2): 32/168 kB | 12/176 kBProgress (2): 36/168 kB | 12/176 kBProgress (2): 36/168 kB | 14/176 kBProgress (2): 40/168 kB | 14/176 kBProgress (2): 40/168 kB | 16/176 kBProgress (2): 45/168 kB | 16/176 kBProgress (2): 45/168 kB | 19/176 kBProgress (3): 45/168 kB | 19/176 kB | 2.2/81 kBProgress (4): 45/168 kB | 19/176 kB | 2.2/81 kB | 0/1.8 MBProgress (4): 45/168 kB | 20/176 kB | 2.2/81 kB | 0/1.8 MBProgress (4): 49/168 kB | 20/176 kB | 2.2/81 kB | 0/1.8 MBProgress (4): 49/168 kB | 23/176 kB | 2.2/81 kB | 0/1.8 MBProgress (4): 49/168 kB | 23/176 kB | 2.2/81 kB | 0/1.8 MBProgress (4): 49/168 kB | 23/176 kB | 5.0/81 kB | 0/1.8 MBProgress (4): 49/168 kB | 23/176 kB | 5.0/81 kB | 0/1.8 MBProgress (4): 49/168 kB | 24/176 kB | 5.0/81 kB | 0/1.8 MBProgress (4): 49/168 kB | 24/176 kB | 5.0/81 kB | 0/1.8 MBProgress (4): 49/168 kB | 24/176 kB | 7.7/81 kB | 0/1.8 MBProgress (4): 49/168 kB | 24/176 kB | 7.7/81 kB | 0/1.8 MBProgress (4): 49/168 kB | 27/176 kB | 7.7/81 kB | 0/1.8 MBProgress (4): 49/168 kB | 27/176 kB | 7.7/81 kB | 0/1.8 MBProgress (5): 49/168 kB | 27/176 kB | 7.7/81 kB | 0/1.8 MB | 2.2/350 kBProgress (5): 49/168 kB | 27/176 kB | 10/81 kB | 0/1.8 MB | 2.2/350 kB Progress (5): 49/168 kB | 27/176 kB | 10/81 kB | 0/1.8 MB | 5.0/350 kBProgress (5): 49/168 kB | 27/176 kB | 10/81 kB | 0/1.8 MB | 5.0/350 kBProgress (5): 49/168 kB | 28/176 kB | 10/81 kB | 0/1.8 MB | 5.0/350 kBProgress (5): 49/168 kB | 28/176 kB | 10/81 kB | 0/1.8 MB | 5.0/350 kBProgress (5): 49/168 kB | 28/176 kB | 10/81 kB | 0/1.8 MB | 7.7/350 kBProgress (5): 49/168 kB | 28/176 kB | 13/81 kB | 0/1.8 MB | 7.7/350 kBProgress (5): 49/168 kB | 28/176 kB | 13/81 kB | 0/1.8 MB | 10/350 kB Progress (5): 49/168 kB | 28/176 kB | 13/81 kB | 0/1.8 MB | 10/350 kBProgress (5): 49/168 kB | 31/176 kB | 13/81 kB | 0/1.8 MB | 10/350 kBProgress (5): 49/168 kB | 31/176 kB | 13/81 kB | 0/1.8 MB | 10/350 kBProgress (5): 49/168 kB | 31/176 kB | 13/81 kB | 0/1.8 MB | 13/350 kBProgress (5): 49/168 kB | 31/176 kB | 16/81 kB | 0/1.8 MB | 13/350 kBProgress (5): 49/168 kB | 31/176 kB | 16/81 kB | 0/1.8 MB | 16/350 kBProgress (5): 49/168 kB | 31/176 kB | 16/81 kB | 0/1.8 MB | 16/350 kBProgress (5): 49/168 kB | 32/176 kB | 16/81 kB | 0/1.8 MB | 16/350 kBProgress (5): 49/168 kB | 32/176 kB | 16/81 kB | 0/1.8 MB | 16/350 kBProgress (5): 49/168 kB | 32/176 kB | 16/81 kB | 0/1.8 MB | 19/350 kBProgress (5): 49/168 kB | 32/176 kB | 19/81 kB | 0/1.8 MB | 19/350 kBProgress (5): 49/168 kB | 32/176 kB | 19/81 kB | 0/1.8 MB | 21/350 kBProgress (5): 49/168 kB | 32/176 kB | 19/81 kB | 0/1.8 MB | 21/350 kBProgress (5): 49/168 kB | 35/176 kB | 19/81 kB | 0/1.8 MB | 21/350 kBProgress (5): 49/168 kB | 35/176 kB | 19/81 kB | 0/1.8 MB | 21/350 kBProgress (5): 49/168 kB | 35/176 kB | 19/81 kB | 0/1.8 MB | 24/350 kBProgress (5): 49/168 kB | 35/176 kB | 21/81 kB | 0/1.8 MB | 24/350 kBProgress (5): 49/168 kB | 35/176 kB | 21/81 kB | 0/1.8 MB | 27/350 kBProgress (5): 49/168 kB | 35/176 kB | 21/81 kB | 0/1.8 MB | 27/350 kBProgress (5): 49/168 kB | 36/176 kB | 21/81 kB | 0/1.8 MB | 27/350 kBProgress (5): 49/168 kB | 36/176 kB | 21/81 kB | 0/1.8 MB | 27/350 kBProgress (5): 49/168 kB | 36/176 kB | 21/81 kB | 0/1.8 MB | 30/350 kBProgress (5): 49/168 kB | 36/176 kB | 24/81 kB | 0/1.8 MB | 30/350 kBProgress (5): 49/168 kB | 36/176 kB | 24/81 kB | 0.1/1.8 MB | 30/350 kBProgress (5): 49/168 kB | 36/176 kB | 24/81 kB | 0.1/1.8 MB | 32/350 kBProgress (5): 49/168 kB | 39/176 kB | 24/81 kB | 0.1/1.8 MB | 32/350 kBProgress (5): 49/168 kB | 39/176 kB | 24/81 kB | 0.1/1.8 MB | 32/350 kBProgress (5): 49/168 kB | 39/176 kB | 27/81 kB | 0.1/1.8 MB | 32/350 kBProgress (5): 49/168 kB | 39/176 kB | 27/81 kB | 0.1/1.8 MB | 32/350 kBProgress (5): 49/168 kB | 40/176 kB | 27/81 kB | 0.1/1.8 MB | 32/350 kBProgress (5): 49/168 kB | 40/176 kB | 27/81 kB | 0.1/1.8 MB | 36/350 kBProgress (5): 49/168 kB | 43/176 kB | 27/81 kB | 0.1/1.8 MB | 36/350 kBProgress (5): 49/168 kB | 43/176 kB | 27/81 kB | 0.1/1.8 MB | 36/350 kBProgress (5): 49/168 kB | 43/176 kB | 30/81 kB | 0.1/1.8 MB | 36/350 kBProgress (5): 49/168 kB | 44/176 kB | 30/81 kB | 0.1/1.8 MB | 36/350 kBProgress (5): 49/168 kB | 44/176 kB | 30/81 kB | 0.1/1.8 MB | 40/350 kBProgress (5): 49/168 kB | 47/176 kB | 30/81 kB | 0.1/1.8 MB | 40/350 kBProgress (5): 49/168 kB | 47/176 kB | 30/81 kB | 0.1/1.8 MB | 40/350 kBProgress (5): 49/168 kB | 47/176 kB | 32/81 kB | 0.1/1.8 MB | 40/350 kBProgress (5): 49/168 kB | 47/176 kB | 32/81 kB | 0.1/1.8 MB | 40/350 kBProgress (5): 49/168 kB | 49/176 kB | 32/81 kB | 0.1/1.8 MB | 40/350 kBProgress (5): 49/168 kB | 49/176 kB | 32/81 kB | 0.1/1.8 MB | 45/350 kBProgress (5): 49/168 kB | 51/176 kB | 32/81 kB | 0.1/1.8 MB | 45/350 kBProgress (5): 49/168 kB | 51/176 kB | 36/81 kB | 0.1/1.8 MB | 45/350 kBProgress (5): 49/168 kB | 51/176 kB | 36/81 kB | 0.1/1.8 MB | 45/350 kBProgress (5): 49/168 kB | 51/176 kB | 40/81 kB | 0.1/1.8 MB | 45/350 kBProgress (5): 49/168 kB | 53/176 kB | 40/81 kB | 0.1/1.8 MB | 45/350 kBProgress (5): 49/168 kB | 53/176 kB | 40/81 kB | 0.1/1.8 MB | 49/350 kBProgress (5): 49/168 kB | 55/176 kB | 40/81 kB | 0.1/1.8 MB | 49/350 kBProgress (5): 49/168 kB | 55/176 kB | 45/81 kB | 0.1/1.8 MB | 49/350 kBProgress (5): 49/168 kB | 55/176 kB | 45/81 kB | 0.1/1.8 MB | 49/350 kBProgress (5): 49/168 kB | 55/176 kB | 49/81 kB | 0.1/1.8 MB | 49/350 kBProgress (5): 49/168 kB | 55/176 kB | 49/81 kB | 0.1/1.8 MB | 53/350 kBProgress (5): 49/168 kB | 57/176 kB | 49/81 kB | 0.1/1.8 MB | 53/350 kBProgress (5): 49/168 kB | 57/176 kB | 49/81 kB | 0.1/1.8 MB | 57/350 kBProgress (5): 49/168 kB | 60/176 kB | 49/81 kB | 0.1/1.8 MB | 57/350 kBProgress (5): 49/168 kB | 60/176 kB | 49/81 kB | 0.1/1.8 MB | 61/350 kBProgress (5): 49/168 kB | 60/176 kB | 49/81 kB | 0.1/1.8 MB | 65/350 kBProgress (5): 49/168 kB | 60/176 kB | 49/81 kB | 0.1/1.8 MB | 69/350 kBProgress (5): 49/168 kB | 60/176 kB | 49/81 kB | 0.1/1.8 MB | 73/350 kBProgress (5): 49/168 kB | 60/176 kB | 49/81 kB | 0.1/1.8 MB | 77/350 kBProgress (5): 49/168 kB | 60/176 kB | 49/81 kB | 0.1/1.8 MB | 81/350 kBProgress (5): 49/168 kB | 60/176 kB | 49/81 kB | 0.1/1.8 MB | 85/350 kBProgress (5): 49/168 kB | 60/176 kB | 49/81 kB | 0.1/1.8 MB | 90/350 kBProgress (5): 49/168 kB | 60/176 kB | 49/81 kB | 0.1/1.8 MB | 94/350 kBProgress (5): 49/168 kB | 60/176 kB | 49/81 kB | 0.1/1.8 MB | 98/350 kBProgress (5): 53/168 kB | 60/176 kB | 49/81 kB | 0.1/1.8 MB | 98/350 kBProgress (5): 57/168 kB | 60/176 kB | 49/81 kB | 0.1/1.8 MB | 98/350 kBProgress (5): 61/168 kB | 60/176 kB | 49/81 kB | 0.1/1.8 MB | 98/350 kBProgress (5): 65/168 kB | 60/176 kB | 49/81 kB | 0.1/1.8 MB | 98/350 kBProgress (5): 69/168 kB | 60/176 kB | 49/81 kB | 0.1/1.8 MB | 98/350 kBProgress (5): 73/168 kB | 60/176 kB | 49/81 kB | 0.1/1.8 MB | 98/350 kBProgress (5): 77/168 kB | 60/176 kB | 49/81 kB | 0.1/1.8 MB | 98/350 kBProgress (5): 81/168 kB | 60/176 kB | 49/81 kB | 0.1/1.8 MB | 98/350 kBProgress (5): 85/168 kB | 60/176 kB | 49/81 kB | 0.1/1.8 MB | 98/350 kBProgress (5): 90/168 kB | 60/176 kB | 49/81 kB | 0.1/1.8 MB | 98/350 kBProgress (5): 94/168 kB | 60/176 kB | 49/81 kB | 0.1/1.8 MB | 98/350 kBProgress (5): 98/168 kB | 60/176 kB | 49/81 kB | 0.1/1.8 MB | 98/350 kBProgress (5): 102/168 kB | 60/176 kB | 49/81 kB | 0.1/1.8 MB | 98/350 kBProgress (5): 106/168 kB | 60/176 kB | 49/81 kB | 0.1/1.8 MB | 98/350 kBProgress (5): 110/168 kB | 60/176 kB | 49/81 kB | 0.1/1.8 MB | 98/350 kBProgress (5): 114/168 kB | 60/176 kB | 49/81 kB | 0.1/1.8 MB | 98/350 kBProgress (5): 118/168 kB | 60/176 kB | 49/81 kB | 0.1/1.8 MB | 98/350 kBProgress (5): 122/168 kB | 60/176 kB | 49/81 kB | 0.1/1.8 MB | 98/350 kBProgress (5): 122/168 kB | 61/176 kB | 49/81 kB | 0.1/1.8 MB | 98/350 kBProgress (5): 126/168 kB | 61/176 kB | 49/81 kB | 0.1/1.8 MB | 98/350 kBProgress (5): 131/168 kB | 61/176 kB | 49/81 kB | 0.1/1.8 MB | 98/350 kBProgress (5): 131/168 kB | 65/176 kB | 49/81 kB | 0.1/1.8 MB | 98/350 kBProgress (5): 131/168 kB | 69/176 kB | 49/81 kB | 0.1/1.8 MB | 98/350 kBProgress (5): 135/168 kB | 69/176 kB | 49/81 kB | 0.1/1.8 MB | 98/350 kBProgress (5): 135/168 kB | 73/176 kB | 49/81 kB | 0.1/1.8 MB | 98/350 kBProgress (5): 139/168 kB | 73/176 kB | 49/81 kB | 0.1/1.8 MB | 98/350 kBProgress (5): 139/168 kB | 76/176 kB | 49/81 kB | 0.1/1.8 MB | 98/350 kBProgress (5): 143/168 kB | 76/176 kB | 49/81 kB | 0.1/1.8 MB | 98/350 kBProgress (5): 143/168 kB | 79/176 kB | 49/81 kB | 0.1/1.8 MB | 98/350 kBProgress (5): 147/168 kB | 79/176 kB | 49/81 kB | 0.1/1.8 MB | 98/350 kBProgress (5): 147/168 kB | 81/176 kB | 49/81 kB | 0.1/1.8 MB | 98/350 kBProgress (5): 147/168 kB | 84/176 kB | 49/81 kB | 0.1/1.8 MB | 98/350 kBProgress (5): 147/168 kB | 87/176 kB | 49/81 kB | 0.1/1.8 MB | 98/350 kBProgress (5): 147/168 kB | 90/176 kB | 49/81 kB | 0.1/1.8 MB | 98/350 kBProgress (5): 147/168 kB | 92/176 kB | 49/81 kB | 0.1/1.8 MB | 98/350 kBProgress (5): 147/168 kB | 95/176 kB | 49/81 kB | 0.1/1.8 MB | 98/350 kBProgress (5): 147/168 kB | 98/176 kB | 49/81 kB | 0.1/1.8 MB | 98/350 kBProgress (5): 147/168 kB | 98/176 kB | 49/81 kB | 0.1/1.8 MB | 98/350 kBProgress (5): 147/168 kB | 101/176 kB | 49/81 kB | 0.1/1.8 MB | 98/350 kBProgress (5): 147/168 kB | 101/176 kB | 49/81 kB | 0.1/1.8 MB | 98/350 kBProgress (5): 147/168 kB | 101/176 kB | 53/81 kB | 0.1/1.8 MB | 98/350 kBProgress (5): 147/168 kB | 103/176 kB | 53/81 kB | 0.1/1.8 MB | 98/350 kBProgress (5): 147/168 kB | 103/176 kB | 57/81 kB | 0.1/1.8 MB | 98/350 kBProgress (5): 147/168 kB | 103/176 kB | 57/81 kB | 0.1/1.8 MB | 98/350 kBProgress (5): 147/168 kB | 103/176 kB | 61/81 kB | 0.1/1.8 MB | 98/350 kBProgress (5): 147/168 kB | 106/176 kB | 61/81 kB | 0.1/1.8 MB | 98/350 kBProgress (5): 147/168 kB | 106/176 kB | 65/81 kB | 0.1/1.8 MB | 98/350 kBProgress (5): 147/168 kB | 106/176 kB | 65/81 kB | 0.1/1.8 MB | 98/350 kBProgress (5): 147/168 kB | 109/176 kB | 65/81 kB | 0.1/1.8 MB | 98/350 kBProgress (5): 147/168 kB | 109/176 kB | 69/81 kB | 0.1/1.8 MB | 98/350 kBProgress (5): 147/168 kB | 109/176 kB | 69/81 kB | 0.1/1.8 MB | 98/350 kBProgress (5): 147/168 kB | 113/176 kB | 69/81 kB | 0.1/1.8 MB | 98/350 kBProgress (5): 147/168 kB | 113/176 kB | 73/81 kB | 0.1/1.8 MB | 98/350 kBProgress (5): 147/168 kB | 117/176 kB | 73/81 kB | 0.1/1.8 MB | 98/350 kBProgress (5): 147/168 kB | 117/176 kB | 73/81 kB | 0.1/1.8 MB | 98/350 kBProgress (5): 147/168 kB | 121/176 kB | 73/81 kB | 0.1/1.8 MB | 98/350 kBProgress (5): 147/168 kB | 121/176 kB | 77/81 kB | 0.1/1.8 MB | 98/350 kBProgress (5): 147/168 kB | 125/176 kB | 77/81 kB | 0.1/1.8 MB | 98/350 kBProgress (5): 147/168 kB | 125/176 kB | 77/81 kB | 0.1/1.8 MB | 98/350 kBProgress (5): 147/168 kB | 125/176 kB | 81 kB | 0.1/1.8 MB | 98/350 kB   Progress (5): 147/168 kB | 129/176 kB | 81 kB | 0.1/1.8 MB | 98/350 kBProgress (5): 147/168 kB | 129/176 kB | 81 kB | 0.1/1.8 MB | 98/350 kBProgress (5): 147/168 kB | 133/176 kB | 81 kB | 0.1/1.8 MB | 98/350 kBProgress (5): 147/168 kB | 133/176 kB | 81 kB | 0.1/1.8 MB | 102/350 kBProgress (5): 147/168 kB | 133/176 kB | 81 kB | 0.1/1.8 MB | 102/350 kBProgress (5): 147/168 kB | 137/176 kB | 81 kB | 0.1/1.8 MB | 102/350 kBProgress (5): 147/168 kB | 137/176 kB | 81 kB | 0.1/1.8 MB | 102/350 kBProgress (5): 147/168 kB | 137/176 kB | 81 kB | 0.1/1.8 MB | 106/350 kBProgress (5): 147/168 kB | 137/176 kB | 81 kB | 0.1/1.8 MB | 106/350 kBProgress (5): 147/168 kB | 141/176 kB | 81 kB | 0.1/1.8 MB | 106/350 kBProgress (5): 147/168 kB | 141/176 kB | 81 kB | 0.1/1.8 MB | 106/350 kBProgress (5): 147/168 kB | 141/176 kB | 81 kB | 0.1/1.8 MB | 110/350 kBProgress (5): 147/168 kB | 146/176 kB | 81 kB | 0.1/1.8 MB | 110/350 kBProgress (5): 147/168 kB | 146/176 kB | 81 kB | 0.1/1.8 MB | 110/350 kBProgress (5): 147/168 kB | 146/176 kB | 81 kB | 0.1/1.8 MB | 114/350 kBProgress (5): 147/168 kB | 146/176 kB | 81 kB | 0.1/1.8 MB | 114/350 kBProgress (5): 147/168 kB | 150/176 kB | 81 kB | 0.1/1.8 MB | 114/350 kBProgress (5): 147/168 kB | 150/176 kB | 81 kB | 0.1/1.8 MB | 118/350 kBProgress (5): 147/168 kB | 150/176 kB | 81 kB | 0.1/1.8 MB | 118/350 kBProgress (5): 147/168 kB | 150/176 kB | 81 kB | 0.1/1.8 MB | 122/350 kBProgress (5): 147/168 kB | 154/176 kB | 81 kB | 0.1/1.8 MB | 122/350 kBProgress (5): 147/168 kB | 154/176 kB | 81 kB | 0.1/1.8 MB | 126/350 kBProgress (5): 147/168 kB | 154/176 kB | 81 kB | 0.1/1.8 MB | 126/350 kBProgress (5): 147/168 kB | 154/176 kB | 81 kB | 0.1/1.8 MB | 131/350 kBProgress (5): 147/168 kB | 158/176 kB | 81 kB | 0.1/1.8 MB | 131/350 kBProgress (5): 147/168 kB | 158/176 kB | 81 kB | 0.2/1.8 MB | 131/350 kBProgress (5): 147/168 kB | 158/176 kB | 81 kB | 0.2/1.8 MB | 135/350 kBProgress (5): 147/168 kB | 162/176 kB | 81 kB | 0.2/1.8 MB | 135/350 kBProgress (5): 147/168 kB | 162/176 kB | 81 kB | 0.2/1.8 MB | 135/350 kBProgress (5): 147/168 kB | 166/176 kB | 81 kB | 0.2/1.8 MB | 135/350 kBProgress (5): 147/168 kB | 166/176 kB | 81 kB | 0.2/1.8 MB | 139/350 kBProgress (5): 147/168 kB | 170/176 kB | 81 kB | 0.2/1.8 MB | 139/350 kBProgress (5): 147/168 kB | 170/176 kB | 81 kB | 0.2/1.8 MB | 139/350 kBProgress (5): 147/168 kB | 174/176 kB | 81 kB | 0.2/1.8 MB | 139/350 kBProgress (5): 147/168 kB | 174/176 kB | 81 kB | 0.2/1.8 MB | 143/350 kBProgress (5): 147/168 kB | 176 kB | 81 kB | 0.2/1.8 MB | 143/350 kB    Progress (5): 147/168 kB | 176 kB | 81 kB | 0.2/1.8 MB | 143/350 kBProgress (5): 147/168 kB | 176 kB | 81 kB | 0.2/1.8 MB | 147/350 kBProgress (5): 147/168 kB | 176 kB | 81 kB | 0.2/1.8 MB | 147/350 kBProgress (5): 147/168 kB | 176 kB | 81 kB | 0.2/1.8 MB | 151/350 kBProgress (5): 147/168 kB | 176 kB | 81 kB | 0.2/1.8 MB | 151/350 kBProgress (5): 147/168 kB | 176 kB | 81 kB | 0.2/1.8 MB | 155/350 kBProgress (5): 147/168 kB | 176 kB | 81 kB | 0.2/1.8 MB | 155/350 kBProgress (5): 147/168 kB | 176 kB | 81 kB | 0.2/1.8 MB | 159/350 kBProgress (5): 147/168 kB | 176 kB | 81 kB | 0.2/1.8 MB | 159/350 kBProgress (5): 147/168 kB | 176 kB | 81 kB | 0.2/1.8 MB | 163/350 kBProgress (5): 147/168 kB | 176 kB | 81 kB | 0.2/1.8 MB | 163/350 kBProgress (5): 147/168 kB | 176 kB | 81 kB | 0.2/1.8 MB | 163/350 kBProgress (5): 147/168 kB | 176 kB | 81 kB | 0.2/1.8 MB | 167/350 kBProgress (5): 147/168 kB | 176 kB | 81 kB | 0.2/1.8 MB | 167/350 kBProgress (5): 147/168 kB | 176 kB | 81 kB | 0.2/1.8 MB | 171/350 kBProgress (5): 147/168 kB | 176 kB | 81 kB | 0.2/1.8 MB | 171/350 kBProgress (5): 147/168 kB | 176 kB | 81 kB | 0.2/1.8 MB | 176/350 kBProgress (5): 147/168 kB | 176 kB | 81 kB | 0.2/1.8 MB | 180/350 kBProgress (5): 147/168 kB | 176 kB | 81 kB | 0.2/1.8 MB | 180/350 kBProgress (5): 147/168 kB | 176 kB | 81 kB | 0.2/1.8 MB | 180/350 kBProgress (5): 147/168 kB | 176 kB | 81 kB | 0.2/1.8 MB | 184/350 kBProgress (5): 147/168 kB | 176 kB | 81 kB | 0.2/1.8 MB | 184/350 kBProgress (5): 147/168 kB | 176 kB | 81 kB | 0.2/1.8 MB | 188/350 kBProgress (5): 147/168 kB | 176 kB | 81 kB | 0.2/1.8 MB | 188/350 kBProgress (5): 147/168 kB | 176 kB | 81 kB | 0.2/1.8 MB | 192/350 kBProgress (5): 147/168 kB | 176 kB | 81 kB | 0.2/1.8 MB | 196/350 kBProgress (5): 147/168 kB | 176 kB | 81 kB | 0.2/1.8 MB | 196/350 kBProgress (5): 147/168 kB | 176 kB | 81 kB | 0.2/1.8 MB | 200/350 kBProgress (5): 147/168 kB | 176 kB | 81 kB | 0.2/1.8 MB | 200/350 kBProgress (5): 147/168 kB | 176 kB | 81 kB | 0.2/1.8 MB | 204/350 kBProgress (5): 147/168 kB | 176 kB | 81 kB | 0.2/1.8 MB | 204/350 kBProgress (5): 147/168 kB | 176 kB | 81 kB | 0.2/1.8 MB | 208/350 kBProgress (5): 147/168 kB | 176 kB | 81 kB | 0.2/1.8 MB | 208/350 kBProgress (5): 147/168 kB | 176 kB | 81 kB | 0.2/1.8 MB | 212/350 kBProgress (5): 147/168 kB | 176 kB | 81 kB | 0.2/1.8 MB | 212/350 kBProgress (5): 147/168 kB | 176 kB | 81 kB | 0.2/1.8 MB | 217/350 kBProgress (5): 147/168 kB | 176 kB | 81 kB | 0.2/1.8 MB | 217/350 kBProgress (5): 147/168 kB | 176 kB | 81 kB | 0.2/1.8 MB | 221/350 kBProgress (5): 147/168 kB | 176 kB | 81 kB | 0.2/1.8 MB | 221/350 kBProgress (5): 147/168 kB | 176 kB | 81 kB | 0.2/1.8 MB | 225/350 kBProgress (5): 147/168 kB | 176 kB | 81 kB | 0.2/1.8 MB | 225/350 kBProgress (5): 147/168 kB | 176 kB | 81 kB | 0.2/1.8 MB | 229/350 kBProgress (5): 147/168 kB | 176 kB | 81 kB | 0.2/1.8 MB | 229/350 kBProgress (5): 147/168 kB | 176 kB | 81 kB | 0.2/1.8 MB | 233/350 kBProgress (5): 147/168 kB | 176 kB | 81 kB | 0.3/1.8 MB | 233/350 kBProgress (5): 147/168 kB | 176 kB | 81 kB | 0.3/1.8 MB | 237/350 kBProgress (5): 147/168 kB | 176 kB | 81 kB | 0.3/1.8 MB | 237/350 kBProgress (5): 147/168 kB | 176 kB | 81 kB | 0.3/1.8 MB | 241/350 kBProgress (5): 147/168 kB | 176 kB | 81 kB | 0.3/1.8 MB | 241/350 kBProgress (5): 147/168 kB | 176 kB | 81 kB | 0.3/1.8 MB | 245/350 kBProgress (5): 147/168 kB | 176 kB | 81 kB | 0.3/1.8 MB | 245/350 kBProgress (5): 147/168 kB | 176 kB | 81 kB | 0.3/1.8 MB | 249/350 kBProgress (5): 147/168 kB | 176 kB | 81 kB | 0.3/1.8 MB | 249/350 kBProgress (5): 147/168 kB | 176 kB | 81 kB | 0.3/1.8 MB | 253/350 kBProgress (5): 147/168 kB | 176 kB | 81 kB | 0.3/1.8 MB | 253/350 kBProgress (5): 147/168 kB | 176 kB | 81 kB | 0.3/1.8 MB | 258/350 kBProgress (5): 147/168 kB | 176 kB | 81 kB | 0.3/1.8 MB | 258/350 kBProgress (5): 147/168 kB | 176 kB | 81 kB | 0.3/1.8 MB | 262/350 kBProgress (5): 147/168 kB | 176 kB | 81 kB | 0.3/1.8 MB | 266/350 kBProgress (5): 147/168 kB | 176 kB | 81 kB | 0.3/1.8 MB | 270/350 kBProgress (5): 147/168 kB | 176 kB | 81 kB | 0.3/1.8 MB | 274/350 kBProgress (5): 147/168 kB | 176 kB | 81 kB | 0.3/1.8 MB | 278/350 kBProgress (5): 147/168 kB | 176 kB | 81 kB | 0.3/1.8 MB | 282/350 kBProgress (5): 147/168 kB | 176 kB | 81 kB | 0.3/1.8 MB | 286/350 kBProgress (5): 147/168 kB | 176 kB | 81 kB | 0.3/1.8 MB | 290/350 kBProgress (5): 147/168 kB | 176 kB | 81 kB | 0.3/1.8 MB | 294/350 kBProgress (5): 147/168 kB | 176 kB | 81 kB | 0.3/1.8 MB | 298/350 kBProgress (5): 147/168 kB | 176 kB | 81 kB | 0.3/1.8 MB | 303/350 kBProgress (5): 147/168 kB | 176 kB | 81 kB | 0.3/1.8 MB | 307/350 kBProgress (5): 147/168 kB | 176 kB | 81 kB | 0.3/1.8 MB | 311/350 kBProgress (5): 147/168 kB | 176 kB | 81 kB | 0.3/1.8 MB | 315/350 kBProgress (5): 147/168 kB | 176 kB | 81 kB | 0.3/1.8 MB | 319/350 kBProgress (5): 147/168 kB | 176 kB | 81 kB | 0.3/1.8 MB | 323/350 kBProgress (5): 147/168 kB | 176 kB | 81 kB | 0.3/1.8 MB | 327/350 kBProgress (5): 147/168 kB | 176 kB | 81 kB | 0.3/1.8 MB | 331/350 kBProgress (5): 147/168 kB | 176 kB | 81 kB | 0.3/1.8 MB | 335/350 kBProgress (5): 147/168 kB | 176 kB | 81 kB | 0.3/1.8 MB | 339/350 kBProgress (5): 147/168 kB | 176 kB | 81 kB | 0.3/1.8 MB | 344/350 kBProgress (5): 151/168 kB | 176 kB | 81 kB | 0.3/1.8 MB | 344/350 kBProgress (5): 155/168 kB | 176 kB | 81 kB | 0.3/1.8 MB | 344/350 kBProgress (5): 159/168 kB | 176 kB | 81 kB | 0.3/1.8 MB | 344/350 kBProgress (5): 163/168 kB | 176 kB | 81 kB | 0.3/1.8 MB | 344/350 kBProgress (5): 167/168 kB | 176 kB | 81 kB | 0.3/1.8 MB | 344/350 kBProgress (5): 168 kB | 176 kB | 81 kB | 0.3/1.8 MB | 344/350 kB    Progress (5): 168 kB | 176 kB | 81 kB | 0.3/1.8 MB | 344/350 kBProgress (5): 168 kB | 176 kB | 81 kB | 0.3/1.8 MB | 344/350 kBProgress (5): 168 kB | 176 kB | 81 kB | 0.3/1.8 MB | 344/350 kBProgress (5): 168 kB | 176 kB | 81 kB | 0.3/1.8 MB | 344/350 kBProgress (5): 168 kB | 176 kB | 81 kB | 0.3/1.8 MB | 344/350 kBProgress (5): 168 kB | 176 kB | 81 kB | 0.3/1.8 MB | 344/350 kBProgress (5): 168 kB | 176 kB | 81 kB | 0.3/1.8 MB | 344/350 kBProgress (5): 168 kB | 176 kB | 81 kB | 0.3/1.8 MB | 344/350 kBProgress (5): 168 kB | 176 kB | 81 kB | 0.3/1.8 MB | 344/350 kBProgress (5): 168 kB | 176 kB | 81 kB | 0.3/1.8 MB | 344/350 kBProgress (5): 168 kB | 176 kB | 81 kB | 0.3/1.8 MB | 344/350 kBProgress (5): 168 kB | 176 kB | 81 kB | 0.3/1.8 MB | 344/350 kB                                                               Downloaded from central: https://repo.maven.apache.org/maven2/org/easymock/easymock/2.4/easymock-2.4.jar (81 kB at 144 kB/s)
Progress (4): 168 kB | 176 kB | 0.3/1.8 MB | 344/350 kB                                                       Downloading from central: https://repo.maven.apache.org/maven2/org/apache/felix/org.apache.felix.utils/1.6.0/org.apache.felix.utils-1.6.0.jar
Progress (4): 168 kB | 176 kB | 0.3/1.8 MB | 344/350 kBProgress (4): 168 kB | 176 kB | 0.3/1.8 MB | 348/350 kBProgress (4): 168 kB | 176 kB | 0.3/1.8 MB | 348/350 kBProgress (4): 168 kB | 176 kB | 0.3/1.8 MB | 350 kB    Progress (4): 168 kB | 176 kB | 0.3/1.8 MB | 350 kBProgress (4): 168 kB | 176 kB | 0.3/1.8 MB | 350 kBProgress (4): 168 kB | 176 kB | 0.4/1.8 MB | 350 kBProgress (4): 168 kB | 176 kB | 0.4/1.8 MB | 350 kBProgress (4): 168 kB | 176 kB | 0.4/1.8 MB | 350 kBProgress (4): 168 kB | 176 kB | 0.4/1.8 MB | 350 kBProgress (4): 168 kB | 176 kB | 0.4/1.8 MB | 350 kBProgress (4): 168 kB | 176 kB | 0.4/1.8 MB | 350 kBProgress (4): 168 kB | 176 kB | 0.4/1.8 MB | 350 kBProgress (4): 168 kB | 176 kB | 0.4/1.8 MB | 350 kBProgress (4): 168 kB | 176 kB | 0.4/1.8 MB | 350 kBProgress (4): 168 kB | 176 kB | 0.4/1.8 MB | 350 kBProgress (4): 168 kB | 176 kB | 0.4/1.8 MB | 350 kBProgress (4): 168 kB | 176 kB | 0.4/1.8 MB | 350 kBProgress (4): 168 kB | 176 kB | 0.4/1.8 MB | 350 kBProgress (4): 168 kB | 176 kB | 0.4/1.8 MB | 350 kB                                                   Downloaded from central: https://repo.maven.apache.org/maven2/org/apache/felix/maven-bundle-plugin/2.5.3/maven-bundle-plugin-2.5.3.jar (176 kB at 304 kB/s)
Downloading from central: https://repo.maven.apache.org/maven2/org/osgi/org.osgi.compendium/4.2.0/org.osgi.compendium-4.2.0.jar
Progress (3): 168 kB | 0.4/1.8 MB | 350 kBProgress (3): 168 kB | 0.4/1.8 MB | 350 kBProgress (3): 168 kB | 0.4/1.8 MB | 350 kBProgress (3): 168 kB | 0.4/1.8 MB | 350 kBProgress (3): 168 kB | 0.4/1.8 MB | 350 kB                                          Downloaded from central: https://repo.maven.apache.org/maven2/org/apache/felix/org.apache.felix.bundlerepository/1.6.6/org.apache.felix.bundlerepository-1.6.6.jar (168 kB at 238 kB/s)
Downloading from central: https://repo.maven.apache.org/maven2/org/apache/maven/maven-core/2.0.7/maven-core-2.0.7.jar
Progress (2): 0.4/1.8 MB | 350 kBProgress (2): 0.4/1.8 MB | 350 kBProgress (2): 0.4/1.8 MB | 350 kBProgress (2): 0.4/1.8 MB | 350 kBProgress (2): 0.4/1.8 MB | 350 kBProgress (2): 0.5/1.8 MB | 350 kBProgress (2): 0.5/1.8 MB | 350 kBProgress (2): 0.5/1.8 MB | 350 kBProgress (2): 0.5/1.8 MB | 350 kBProgress (2): 0.5/1.8 MB | 350 kBProgress (2): 0.5/1.8 MB | 350 kBProgress (2): 0.5/1.8 MB | 350 kBProgress (2): 0.5/1.8 MB | 350 kBProgress (2): 0.5/1.8 MB | 350 kBProgress (2): 0.5/1.8 MB | 350 kBProgress (2): 0.5/1.8 MB | 350 kBProgress (2): 0.5/1.8 MB | 350 kBProgress (2): 0.5/1.8 MB | 350 kBProgress (2): 0.5/1.8 MB | 350 kBProgress (2): 0.5/1.8 MB | 350 kBProgress (2): 0.5/1.8 MB | 350 kBProgress (2): 0.5/1.8 MB | 350 kBProgress (2): 0.5/1.8 MB | 350 kBProgress (2): 0.5/1.8 MB | 350 kBProgress (2): 0.5/1.8 MB | 350 kBProgress (2): 0.5/1.8 MB | 350 kBProgress (2): 0.5/1.8 MB | 350 kBProgress (2): 0.5/1.8 MB | 350 kBProgress (2): 0.5/1.8 MB | 350 kBProgress (2): 0.5/1.8 MB | 350 kBProgress (2): 0.6/1.8 MB | 350 kBProgress (2): 0.6/1.8 MB | 350 kBProgress (2): 0.6/1.8 MB | 350 kBProgress (2): 0.6/1.8 MB | 350 kBProgress (2): 0.6/1.8 MB | 350 kBProgress (2): 0.6/1.8 MB | 350 kBProgress (2): 0.6/1.8 MB | 350 kBProgress (2): 0.6/1.8 MB | 350 kBProgress (2): 0.6/1.8 MB | 350 kBProgress (2): 0.6/1.8 MB | 350 kBProgress (3): 0.6/1.8 MB | 350 kB | 4.1/68 kBProgress (3): 0.6/1.8 MB | 350 kB | 4.1/68 kBProgress (3): 0.6/1.8 MB | 350 kB | 7.7/68 kBProgress (3): 0.6/1.8 MB | 350 kB | 7.7/68 kBProgress (3): 0.6/1.8 MB | 350 kB | 12/68 kB Progress (3): 0.6/1.8 MB | 350 kB | 12/68 kBProgress (3): 0.6/1.8 MB | 350 kB | 16/68 kBProgress (3): 0.6/1.8 MB | 350 kB | 16/68 kBProgress (3): 0.6/1.8 MB | 350 kB | 20/68 kBProgress (3): 0.6/1.8 MB | 350 kB | 20/68 kBProgress (3): 0.6/1.8 MB | 350 kB | 24/68 kBProgress (3): 0.6/1.8 MB | 350 kB | 24/68 kBProgress (3): 0.6/1.8 MB | 350 kB | 28/68 kBProgress (3): 0.6/1.8 MB | 350 kB | 28/68 kBProgress (3): 0.6/1.8 MB | 350 kB | 32/68 kBProgress (3): 0.6/1.8 MB | 350 kB | 32/68 kBProgress (3): 0.6/1.8 MB | 350 kB | 36/68 kBProgress (3): 0.6/1.8 MB | 350 kB | 36/68 kBProgress (3): 0.6/1.8 MB | 350 kB | 40/68 kBProgress (3): 0.6/1.8 MB | 350 kB | 40/68 kBProgress (3): 0.6/1.8 MB | 350 kB | 45/68 kBProgress (3): 0.6/1.8 MB | 350 kB | 45/68 kBProgress (3): 0.6/1.8 MB | 350 kB | 49/68 kBProgress (3): 0.6/1.8 MB | 350 kB | 49/68 kBProgress (3): 0.6/1.8 MB | 350 kB | 53/68 kBProgress (3): 0.6/1.8 MB | 350 kB | 53/68 kBProgress (3): 0.6/1.8 MB | 350 kB | 57/68 kBProgress (3): 0.6/1.8 MB | 350 kB | 57/68 kB                                            Downloaded from central: https://repo.maven.apache.org/maven2/org/osgi/org.osgi.core/4.3.1/org.osgi.core-4.3.1.jar (350 kB at 463 kB/s)
Downloading from central: https://repo.maven.apache.org/maven2/org/apache/maven/maven-settings/2.0.7/maven-settings-2.0.7.jar
Progress (2): 0.6/1.8 MB | 57/68 kBProgress (2): 0.6/1.8 MB | 61/68 kBProgress (2): 0.7/1.8 MB | 61/68 kBProgress (2): 0.7/1.8 MB | 65/68 kBProgress (2): 0.7/1.8 MB | 68 kB   Progress (2): 0.7/1.8 MB | 68 kBProgress (2): 0.7/1.8 MB | 68 kBProgress (2): 0.7/1.8 MB | 68 kBProgress (2): 0.7/1.8 MB | 68 kBProgress (2): 0.7/1.8 MB | 68 kBProgress (2): 0.7/1.8 MB | 68 kBProgress (2): 0.7/1.8 MB | 68 kBProgress (2): 0.7/1.8 MB | 68 kBProgress (2): 0.7/1.8 MB | 68 kBProgress (2): 0.7/1.8 MB | 68 kBProgress (2): 0.7/1.8 MB | 68 kBProgress (2): 0.7/1.8 MB | 68 kBProgress (2): 0.7/1.8 MB | 68 kBProgress (2): 0.7/1.8 MB | 68 kBProgress (2): 0.7/1.8 MB | 68 kBProgress (2): 0.7/1.8 MB | 68 kBProgress (3): 0.7/1.8 MB | 68 kB | 2.8/614 kBProgress (3): 0.7/1.8 MB | 68 kB | 2.8/614 kBProgress (3): 0.7/1.8 MB | 68 kB | 2.8/614 kBProgress (3): 0.7/1.8 MB | 68 kB | 5.5/614 kBProgress (3): 0.7/1.8 MB | 68 kB | 5.5/614 kBProgress (3): 0.7/1.8 MB | 68 kB | 8.3/614 kBProgress (3): 0.7/1.8 MB | 68 kB | 8.3/614 kBProgress (3): 0.7/1.8 MB | 68 kB | 11/614 kB Progress (3): 0.7/1.8 MB | 68 kB | 14/614 kBProgress (3): 0.7/1.8 MB | 68 kB | 14/614 kBProgress (3): 0.7/1.8 MB | 68 kB | 16/614 kBProgress (3): 0.7/1.8 MB | 68 kB | 16/614 kBProgress (3): 0.7/1.8 MB | 68 kB | 19/614 kBProgress (3): 0.7/1.8 MB | 68 kB | 19/614 kBProgress (3): 0.7/1.8 MB | 68 kB | 22/614 kBProgress (3): 0.8/1.8 MB | 68 kB | 22/614 kBProgress (3): 0.8/1.8 MB | 68 kB | 25/614 kBProgress (3): 0.8/1.8 MB | 68 kB | 27/614 kBProgress (3): 0.8/1.8 MB | 68 kB | 27/614 kBProgress (3): 0.8/1.8 MB | 68 kB | 30/614 kBProgress (3): 0.8/1.8 MB | 68 kB | 30/614 kBProgress (3): 0.8/1.8 MB | 68 kB | 33/614 kBProgress (3): 0.8/1.8 MB | 68 kB | 33/614 kBProgress (3): 0.8/1.8 MB | 68 kB | 33/614 kBProgress (3): 0.8/1.8 MB | 68 kB | 37/614 kBProgress (3): 0.8/1.8 MB | 68 kB | 41/614 kBProgress (3): 0.8/1.8 MB | 68 kB | 41/614 kBProgress (3): 0.8/1.8 MB | 68 kB | 45/614 kBProgress (3): 0.8/1.8 MB | 68 kB | 45/614 kBProgress (3): 0.8/1.8 MB | 68 kB | 49/614 kBProgress (3): 0.8/1.8 MB | 68 kB | 49/614 kBProgress (3): 0.8/1.8 MB | 68 kB | 49/614 kBProgress (3): 0.8/1.8 MB | 68 kB | 53/614 kBProgress (3): 0.8/1.8 MB | 68 kB | 57/614 kBProgress (3): 0.8/1.8 MB | 68 kB | 57/614 kBProgress (3): 0.8/1.8 MB | 68 kB | 61/614 kBProgress (3): 0.8/1.8 MB | 68 kB | 61/614 kBProgress (3): 0.8/1.8 MB | 68 kB | 66/614 kBProgress (3): 0.8/1.8 MB | 68 kB | 66/614 kBProgress (3): 0.8/1.8 MB | 68 kB | 66/614 kBProgress (3): 0.8/1.8 MB | 68 kB | 70/614 kBProgress (3): 0.8/1.8 MB | 68 kB | 74/614 kBProgress (3): 0.8/1.8 MB | 68 kB | 74/614 kBProgress (3): 0.8/1.8 MB | 68 kB | 78/614 kBProgress (3): 0.8/1.8 MB | 68 kB | 78/614 kBProgress (3): 0.8/1.8 MB | 68 kB | 82/614 kBProgress (3): 0.8/1.8 MB | 68 kB | 82/614 kBProgress (3): 0.8/1.8 MB | 68 kB | 82/614 kBProgress (3): 0.8/1.8 MB | 68 kB | 86/614 kBProgress (3): 0.8/1.8 MB | 68 kB | 90/614 kBProgress (3): 0.8/1.8 MB | 68 kB | 94/614 kBProgress (3): 0.8/1.8 MB | 68 kB | 98/614 kBProgress (3): 0.8/1.8 MB | 68 kB | 102/614 kBProgress (3): 0.8/1.8 MB | 68 kB | 106/614 kBProgress (3): 0.8/1.8 MB | 68 kB | 111/614 kBProgress (3): 0.8/1.8 MB | 68 kB | 115/614 kBProgress (3): 0.8/1.8 MB | 68 kB | 119/614 kBProgress (3): 0.8/1.8 MB | 68 kB | 123/614 kBProgress (3): 0.8/1.8 MB | 68 kB | 127/614 kBProgress (3): 0.8/1.8 MB | 68 kB | 131/614 kBProgress (3): 0.8/1.8 MB | 68 kB | 135/614 kBProgress (3): 0.8/1.8 MB | 68 kB | 139/614 kBProgress (3): 0.8/1.8 MB | 68 kB | 143/614 kBProgress (3): 0.8/1.8 MB | 68 kB | 147/614 kBProgress (3): 0.8/1.8 MB | 68 kB | 152/614 kBProgress (3): 0.8/1.8 MB | 68 kB | 156/614 kBProgress (3): 0.8/1.8 MB | 68 kB | 160/614 kBProgress (3): 0.8/1.8 MB | 68 kB | 164/614 kBProgress (3): 0.8/1.8 MB | 68 kB | 168/614 kBProgress (3): 0.8/1.8 MB | 68 kB | 172/614 kBProgress (3): 0.8/1.8 MB | 68 kB | 176/614 kBProgress (3): 0.8/1.8 MB | 68 kB | 180/614 kBProgress (3): 0.8/1.8 MB | 68 kB | 184/614 kBProgress (3): 0.8/1.8 MB | 68 kB | 188/614 kBProgress (3): 0.8/1.8 MB | 68 kB | 193/614 kBProgress (3): 0.8/1.8 MB | 68 kB | 197/614 kBProgress (3): 0.8/1.8 MB | 68 kB | 201/614 kBProgress (3): 0.8/1.8 MB | 68 kB | 205/614 kBProgress (3): 0.8/1.8 MB | 68 kB | 209/614 kBProgress (3): 0.8/1.8 MB | 68 kB | 213/614 kBProgress (4): 0.8/1.8 MB | 68 kB | 213/614 kB | 4.1/153 kBProgress (4): 0.8/1.8 MB | 68 kB | 213/614 kB | 7.7/153 kBProgress (4): 0.8/1.8 MB | 68 kB | 213/614 kB | 12/153 kB Progress (4): 0.8/1.8 MB | 68 kB | 213/614 kB | 16/153 kBProgress (4): 0.8/1.8 MB | 68 kB | 213/614 kB | 20/153 kBProgress (4): 0.8/1.8 MB | 68 kB | 213/614 kB | 24/153 kBProgress (4): 0.8/1.8 MB | 68 kB | 213/614 kB | 28/153 kBProgress (4): 0.8/1.8 MB | 68 kB | 213/614 kB | 32/153 kBProgress (4): 0.8/1.8 MB | 68 kB | 213/614 kB | 36/153 kBProgress (4): 0.8/1.8 MB | 68 kB | 213/614 kB | 40/153 kBProgress (4): 0.8/1.8 MB | 68 kB | 213/614 kB | 45/153 kBProgress (4): 0.8/1.8 MB | 68 kB | 213/614 kB | 49/153 kBProgress (4): 0.8/1.8 MB | 68 kB | 213/614 kB | 53/153 kBProgress (4): 0.8/1.8 MB | 68 kB | 213/614 kB | 57/153 kBProgress (4): 0.8/1.8 MB | 68 kB | 213/614 kB | 61/153 kBProgress (4): 0.8/1.8 MB | 68 kB | 213/614 kB | 65/153 kBProgress (4): 0.8/1.8 MB | 68 kB | 213/614 kB | 69/153 kBProgress (4): 0.8/1.8 MB | 68 kB | 213/614 kB | 73/153 kBProgress (4): 0.8/1.8 MB | 68 kB | 213/614 kB | 77/153 kBProgress (4): 0.8/1.8 MB | 68 kB | 213/614 kB | 81/153 kBProgress (4): 0.8/1.8 MB | 68 kB | 213/614 kB | 85/153 kBProgress (4): 0.8/1.8 MB | 68 kB | 213/614 kB | 90/153 kBProgress (4): 0.8/1.8 MB | 68 kB | 213/614 kB | 94/153 kBProgress (4): 0.8/1.8 MB | 68 kB | 213/614 kB | 98/153 kBProgress (4): 0.8/1.8 MB | 68 kB | 213/614 kB | 102/153 kBProgress (4): 0.8/1.8 MB | 68 kB | 213/614 kB | 106/153 kBProgress (4): 0.8/1.8 MB | 68 kB | 213/614 kB | 110/153 kBProgress (4): 0.8/1.8 MB | 68 kB | 213/614 kB | 114/153 kBProgress (4): 0.8/1.8 MB | 68 kB | 213/614 kB | 118/153 kBProgress (4): 0.8/1.8 MB | 68 kB | 213/614 kB | 122/153 kBProgress (4): 0.8/1.8 MB | 68 kB | 213/614 kB | 126/153 kBProgress (4): 0.8/1.8 MB | 68 kB | 213/614 kB | 131/153 kBProgress (4): 0.8/1.8 MB | 68 kB | 213/614 kB | 135/153 kBProgress (4): 0.8/1.8 MB | 68 kB | 213/614 kB | 139/153 kBProgress (4): 0.8/1.8 MB | 68 kB | 213/614 kB | 143/153 kBProgress (4): 0.8/1.8 MB | 68 kB | 213/614 kB | 147/153 kBProgress (4): 0.8/1.8 MB | 68 kB | 213/614 kB | 147/153 kBProgress (4): 0.8/1.8 MB | 68 kB | 213/614 kB | 147/153 kBProgress (4): 0.8/1.8 MB | 68 kB | 213/614 kB | 147/153 kBProgress (4): 0.8/1.8 MB | 68 kB | 213/614 kB | 147/153 kBProgress (4): 0.8/1.8 MB | 68 kB | 213/614 kB | 147/153 kBProgress (4): 0.8/1.8 MB | 68 kB | 213/614 kB | 147/153 kBProgress (4): 0.8/1.8 MB | 68 kB | 213/614 kB | 147/153 kBProgress (4): 0.9/1.8 MB | 68 kB | 213/614 kB | 147/153 kBProgress (4): 0.9/1.8 MB | 68 kB | 213/614 kB | 147/153 kBProgress (4): 0.9/1.8 MB | 68 kB | 213/614 kB | 147/153 kBProgress (4): 0.9/1.8 MB | 68 kB | 213/614 kB | 147/153 kBProgress (4): 0.9/1.8 MB | 68 kB | 213/614 kB | 147/153 kBProgress (4): 0.9/1.8 MB | 68 kB | 213/614 kB | 147/153 kBProgress (4): 0.9/1.8 MB | 68 kB | 213/614 kB | 147/153 kBProgress (4): 0.9/1.8 MB | 68 kB | 213/614 kB | 147/153 kBProgress (4): 0.9/1.8 MB | 68 kB | 213/614 kB | 147/153 kBProgress (4): 0.9/1.8 MB | 68 kB | 213/614 kB | 147/153 kBProgress (4): 0.9/1.8 MB | 68 kB | 213/614 kB | 147/153 kBProgress (4): 0.9/1.8 MB | 68 kB | 213/614 kB | 147/153 kBProgress (4): 0.9/1.8 MB | 68 kB | 213/614 kB | 147/153 kBProgress (4): 0.9/1.8 MB | 68 kB | 213/614 kB | 147/153 kBProgress (4): 0.9/1.8 MB | 68 kB | 213/614 kB | 147/153 kBProgress (4): 0.9/1.8 MB | 68 kB | 213/614 kB | 147/153 kBProgress (4): 0.9/1.8 MB | 68 kB | 213/614 kB | 147/153 kBProgress (4): 0.9/1.8 MB | 68 kB | 213/614 kB | 147/153 kBProgress (4): 0.9/1.8 MB | 68 kB | 213/614 kB | 147/153 kBProgress (4): 0.9/1.8 MB | 68 kB | 213/614 kB | 147/153 kBProgress (4): 0.9/1.8 MB | 68 kB | 213/614 kB | 147/153 kBProgress (4): 0.9/1.8 MB | 68 kB | 213/614 kB | 147/153 kBProgress (4): 0.9/1.8 MB | 68 kB | 213/614 kB | 147/153 kBProgress (4): 0.9/1.8 MB | 68 kB | 213/614 kB | 147/153 kBProgress (4): 0.9/1.8 MB | 68 kB | 213/614 kB | 147/153 kBProgress (4): 1.0/1.8 MB | 68 kB | 213/614 kB | 147/153 kBProgress (4): 1.0/1.8 MB | 68 kB | 213/614 kB | 147/153 kBProgress (4): 1.0/1.8 MB | 68 kB | 213/614 kB | 147/153 kBProgress (4): 1.0/1.8 MB | 68 kB | 213/614 kB | 147/153 kBProgress (4): 1.0/1.8 MB | 68 kB | 213/614 kB | 147/153 kBProgress (4): 1.0/1.8 MB | 68 kB | 213/614 kB | 147/153 kBProgress (4): 1.0/1.8 MB | 68 kB | 213/614 kB | 147/153 kBProgress (4): 1.0/1.8 MB | 68 kB | 213/614 kB | 147/153 kBProgress (4): 1.0/1.8 MB | 68 kB | 213/614 kB | 147/153 kBProgress (4): 1.0/1.8 MB | 68 kB | 213/614 kB | 147/153 kBProgress (4): 1.0/1.8 MB | 68 kB | 213/614 kB | 147/153 kBProgress (4): 1.0/1.8 MB | 68 kB | 213/614 kB | 147/153 kBProgress (4): 1.0/1.8 MB | 68 kB | 213/614 kB | 147/153 kBProgress (4): 1.0/1.8 MB | 68 kB | 213/614 kB | 147/153 kBProgress (4): 1.0/1.8 MB | 68 kB | 213/614 kB | 147/153 kBProgress (4): 1.0/1.8 MB | 68 kB | 213/614 kB | 147/153 kBProgress (4): 1.0/1.8 MB | 68 kB | 213/614 kB | 147/153 kBProgress (4): 1.0/1.8 MB | 68 kB | 213/614 kB | 147/153 kBProgress (4): 1.0/1.8 MB | 68 kB | 213/614 kB | 147/153 kBProgress (4): 1.0/1.8 MB | 68 kB | 213/614 kB | 147/153 kBProgress (4): 1.0/1.8 MB | 68 kB | 213/614 kB | 147/153 kBProgress (4): 1.0/1.8 MB | 68 kB | 213/614 kB | 147/153 kBProgress (4): 1.0/1.8 MB | 68 kB | 213/614 kB | 147/153 kBProgress (4): 1.0/1.8 MB | 68 kB | 213/614 kB | 147/153 kBProgress (4): 1.1/1.8 MB | 68 kB | 213/614 kB | 147/153 kBProgress (4): 1.1/1.8 MB | 68 kB | 213/614 kB | 147/153 kBProgress (4): 1.1/1.8 MB | 68 kB | 213/614 kB | 147/153 kBProgress (4): 1.1/1.8 MB | 68 kB | 213/614 kB | 147/153 kBProgress (4): 1.1/1.8 MB | 68 kB | 213/614 kB | 147/153 kBProgress (4): 1.1/1.8 MB | 68 kB | 213/614 kB | 147/153 kBProgress (4): 1.1/1.8 MB | 68 kB | 213/614 kB | 147/153 kBProgress (4): 1.1/1.8 MB | 68 kB | 213/614 kB | 147/153 kBProgress (4): 1.1/1.8 MB | 68 kB | 213/614 kB | 147/153 kBProgress (4): 1.1/1.8 MB | 68 kB | 213/614 kB | 147/153 kBProgress (4): 1.1/1.8 MB | 68 kB | 213/614 kB | 147/153 kBProgress (4): 1.1/1.8 MB | 68 kB | 213/614 kB | 147/153 kBProgress (4): 1.1/1.8 MB | 68 kB | 213/614 kB | 147/153 kBProgress (4): 1.1/1.8 MB | 68 kB | 213/614 kB | 147/153 kBProgress (4): 1.1/1.8 MB | 68 kB | 213/614 kB | 147/153 kBProgress (4): 1.1/1.8 MB | 68 kB | 213/614 kB | 147/153 kB                                                          Downloaded from central: https://repo.maven.apache.org/maven2/org/apache/felix/org.apache.felix.utils/1.6.0/org.apache.felix.utils-1.6.0.jar (68 kB at 72 kB/s)
Downloading from central: https://repo.maven.apache.org/maven2/org/apache/maven/maven-plugin-parameter-documenter/2.0.7/maven-plugin-parameter-documenter-2.0.7.jar
Progress (3): 1.1/1.8 MB | 213/614 kB | 147/153 kBProgress (3): 1.1/1.8 MB | 213/614 kB | 147/153 kBProgress (3): 1.1/1.8 MB | 213/614 kB | 147/153 kBProgress (3): 1.1/1.8 MB | 213/614 kB | 147/153 kBProgress (3): 1.1/1.8 MB | 213/614 kB | 147/153 kBProgress (3): 1.1/1.8 MB | 213/614 kB | 147/153 kBProgress (3): 1.1/1.8 MB | 213/614 kB | 147/153 kBProgress (3): 1.1/1.8 MB | 213/614 kB | 147/153 kBProgress (4): 1.1/1.8 MB | 213/614 kB | 147/153 kB | 4.1/49 kBProgress (4): 1.1/1.8 MB | 213/614 kB | 147/153 kB | 7.7/49 kBProgress (4): 1.1/1.8 MB | 213/614 kB | 147/153 kB | 7.7/49 kBProgress (4): 1.1/1.8 MB | 213/614 kB | 147/153 kB | 12/49 kB Progress (4): 1.2/1.8 MB | 213/614 kB | 147/153 kB | 12/49 kBProgress (4): 1.2/1.8 MB | 213/614 kB | 147/153 kB | 16/49 kBProgress (4): 1.2/1.8 MB | 213/614 kB | 147/153 kB | 16/49 kBProgress (4): 1.2/1.8 MB | 217/614 kB | 147/153 kB | 16/49 kBProgress (4): 1.2/1.8 MB | 217/614 kB | 147/153 kB | 20/49 kBProgress (4): 1.2/1.8 MB | 217/614 kB | 147/153 kB | 20/49 kBProgress (4): 1.2/1.8 MB | 217/614 kB | 147/153 kB | 24/49 kBProgress (4): 1.2/1.8 MB | 221/614 kB | 147/153 kB | 24/49 kBProgress (4): 1.2/1.8 MB | 221/614 kB | 147/153 kB | 24/49 kBProgress (4): 1.2/1.8 MB | 221/614 kB | 147/153 kB | 28/49 kBProgress (4): 1.2/1.8 MB | 221/614 kB | 147/153 kB | 28/49 kBProgress (4): 1.2/1.8 MB | 225/614 kB | 147/153 kB | 28/49 kBProgress (4): 1.2/1.8 MB | 225/614 kB | 147/153 kB | 28/49 kBProgress (4): 1.2/1.8 MB | 225/614 kB | 147/153 kB | 32/49 kBProgress (4): 1.2/1.8 MB | 225/614 kB | 147/153 kB | 32/49 kBProgress (4): 1.2/1.8 MB | 229/614 kB | 147/153 kB | 32/49 kBProgress (4): 1.2/1.8 MB | 229/614 kB | 147/153 kB | 36/49 kBProgress (4): 1.2/1.8 MB | 229/614 kB | 147/153 kB | 36/49 kBProgress (4): 1.2/1.8 MB | 229/614 kB | 147/153 kB | 40/49 kBProgress (4): 1.2/1.8 MB | 229/614 kB | 147/153 kB | 40/49 kBProgress (4): 1.2/1.8 MB | 233/614 kB | 147/153 kB | 40/49 kBProgress (4): 1.2/1.8 MB | 233/614 kB | 147/153 kB | 40/49 kBProgress (4): 1.2/1.8 MB | 233/614 kB | 147/153 kB | 45/49 kBProgress (4): 1.2/1.8 MB | 233/614 kB | 147/153 kB | 45/49 kBProgress (4): 1.2/1.8 MB | 238/614 kB | 147/153 kB | 45/49 kBProgress (4): 1.2/1.8 MB | 238/614 kB | 147/153 kB | 49/49 kBProgress (4): 1.2/1.8 MB | 242/614 kB | 147/153 kB | 49/49 kBProgress (4): 1.2/1.8 MB | 242/614 kB | 147/153 kB | 49 kB   Progress (4): 1.2/1.8 MB | 242/614 kB | 147/153 kB | 49 kBProgress (4): 1.2/1.8 MB | 246/614 kB | 147/153 kB | 49 kBProgress (4): 1.2/1.8 MB | 246/614 kB | 147/153 kB | 49 kBProgress (4): 1.2/1.8 MB | 246/614 kB | 147/153 kB | 49 kBProgress (4): 1.2/1.8 MB | 246/614 kB | 147/153 kB | 49 kBProgress (4): 1.2/1.8 MB | 250/614 kB | 147/153 kB | 49 kBProgress (4): 1.2/1.8 MB | 254/614 kB | 147/153 kB | 49 kBProgress (4): 1.2/1.8 MB | 254/614 kB | 147/153 kB | 49 kBProgress (4): 1.2/1.8 MB | 258/614 kB | 147/153 kB | 49 kBProgress (4): 1.2/1.8 MB | 258/614 kB | 147/153 kB | 49 kBProgress (4): 1.2/1.8 MB | 262/614 kB | 147/153 kB | 49 kBProgress (4): 1.2/1.8 MB | 262/614 kB | 147/153 kB | 49 kBProgress (4): 1.2/1.8 MB | 262/614 kB | 147/153 kB | 49 kBProgress (4): 1.2/1.8 MB | 266/614 kB | 147/153 kB | 49 kBProgress (4): 1.2/1.8 MB | 270/614 kB | 147/153 kB | 49 kBProgress (4): 1.2/1.8 MB | 274/614 kB | 147/153 kB | 49 kBProgress (4): 1.2/1.8 MB | 274/614 kB | 147/153 kB | 49 kBProgress (4): 1.2/1.8 MB | 277/614 kB | 147/153 kB | 49 kBProgress (4): 1.2/1.8 MB | 277/614 kB | 147/153 kB | 49 kBProgress (4): 1.2/1.8 MB | 277/614 kB | 147/153 kB | 49 kBProgress (4): 1.2/1.8 MB | 282/614 kB | 147/153 kB | 49 kBProgress (4): 1.2/1.8 MB | 282/614 kB | 147/153 kB | 49 kBProgress (4): 1.2/1.8 MB | 286/614 kB | 147/153 kB | 49 kBProgress (4): 1.2/1.8 MB | 290/614 kB | 147/153 kB | 49 kBProgress (4): 1.2/1.8 MB | 290/614 kB | 147/153 kB | 49 kBProgress (4): 1.2/1.8 MB | 294/614 kB | 147/153 kB | 49 kBProgress (4): 1.3/1.8 MB | 294/614 kB | 147/153 kB | 49 kBProgress (4): 1.3/1.8 MB | 294/614 kB | 147/153 kB | 49 kBProgress (4): 1.3/1.8 MB | 298/614 kB | 147/153 kB | 49 kBProgress (4): 1.3/1.8 MB | 298/614 kB | 147/153 kB | 49 kBProgress (4): 1.3/1.8 MB | 302/614 kB | 147/153 kB | 49 kBProgress (4): 1.3/1.8 MB | 306/614 kB | 147/153 kB | 49 kBProgress (4): 1.3/1.8 MB | 310/614 kB | 147/153 kB | 49 kBProgress (4): 1.3/1.8 MB | 310/614 kB | 147/153 kB | 49 kBProgress (4): 1.3/1.8 MB | 310/614 kB | 147/153 kB | 49 kBProgress (4): 1.3/1.8 MB | 314/614 kB | 147/153 kB | 49 kBProgress (4): 1.3/1.8 MB | 314/614 kB | 147/153 kB | 49 kBProgress (4): 1.3/1.8 MB | 318/614 kB | 147/153 kB | 49 kBProgress (4): 1.3/1.8 MB | 318/614 kB | 147/153 kB | 49 kBProgress (4): 1.3/1.8 MB | 323/614 kB | 147/153 kB | 49 kBProgress (4): 1.3/1.8 MB | 327/614 kB | 147/153 kB | 49 kBProgress (4): 1.3/1.8 MB | 327/614 kB | 147/153 kB | 49 kBProgress (4): 1.3/1.8 MB | 327/614 kB | 147/153 kB | 49 kBProgress (4): 1.3/1.8 MB | 327/614 kB | 147/153 kB | 49 kBProgress (4): 1.3/1.8 MB | 331/614 kB | 147/153 kB | 49 kBProgress (4): 1.3/1.8 MB | 331/614 kB | 147/153 kB | 49 kBProgress (4): 1.3/1.8 MB | 335/614 kB | 147/153 kB | 49 kBProgress (4): 1.3/1.8 MB | 339/614 kB | 147/153 kB | 49 kBProgress (4): 1.3/1.8 MB | 339/614 kB | 147/153 kB | 49 kBProgress (4): 1.3/1.8 MB | 343/614 kB | 147/153 kB | 49 kBProgress (4): 1.3/1.8 MB | 343/614 kB | 147/153 kB | 49 kBProgress (4): 1.3/1.8 MB | 343/614 kB | 147/153 kB | 49 kBProgress (4): 1.3/1.8 MB | 343/614 kB | 147/153 kB | 49 kBProgress (4): 1.3/1.8 MB | 347/614 kB | 147/153 kB | 49 kBProgress (4): 1.3/1.8 MB | 351/614 kB | 147/153 kB | 49 kBProgress (4): 1.3/1.8 MB | 351/614 kB | 147/153 kB | 49 kBProgress (4): 1.3/1.8 MB | 355/614 kB | 147/153 kB | 49 kBProgress (4): 1.3/1.8 MB | 355/614 kB | 147/153 kB | 49 kBProgress (4): 1.3/1.8 MB | 359/614 kB | 147/153 kB | 49 kBProgress (4): 1.3/1.8 MB | 359/614 kB | 147/153 kB | 49 kBProgress (4): 1.3/1.8 MB | 359/614 kB | 147/153 kB | 49 kBProgress (4): 1.3/1.8 MB | 363/614 kB | 147/153 kB | 49 kBProgress (4): 1.3/1.8 MB | 363/614 kB | 147/153 kB | 49 kBProgress (4): 1.3/1.8 MB | 368/614 kB | 147/153 kB | 49 kBProgress (4): 1.3/1.8 MB | 368/614 kB | 147/153 kB | 49 kBProgress (4): 1.3/1.8 MB | 372/614 kB | 147/153 kB | 49 kBProgress (4): 1.3/1.8 MB | 372/614 kB | 147/153 kB | 49 kBProgress (4): 1.3/1.8 MB | 376/614 kB | 147/153 kB | 49 kBProgress (4): 1.3/1.8 MB | 376/614 kB | 147/153 kB | 49 kBProgress (4): 1.3/1.8 MB | 376/614 kB | 147/153 kB | 49 kBProgress (4): 1.3/1.8 MB | 380/614 kB | 147/153 kB | 49 kBProgress (4): 1.3/1.8 MB | 380/614 kB | 147/153 kB | 49 kBProgress (4): 1.3/1.8 MB | 384/614 kB | 147/153 kB | 49 kBProgress (4): 1.4/1.8 MB | 384/614 kB | 147/153 kB | 49 kBProgress (4): 1.4/1.8 MB | 388/614 kB | 147/153 kB | 49 kBProgress (4): 1.4/1.8 MB | 388/614 kB | 147/153 kB | 49 kBProgress (4): 1.4/1.8 MB | 392/614 kB | 147/153 kB | 49 kBProgress (4): 1.4/1.8 MB | 392/614 kB | 147/153 kB | 49 kBProgress (4): 1.4/1.8 MB | 392/614 kB | 147/153 kB | 49 kBProgress (4): 1.4/1.8 MB | 392/614 kB | 147/153 kB | 49 kBProgress (4): 1.4/1.8 MB | 396/614 kB | 147/153 kB | 49 kBProgress (4): 1.4/1.8 MB | 396/614 kB | 147/153 kB | 49 kBProgress (4): 1.4/1.8 MB | 400/614 kB | 147/153 kB | 49 kBProgress (4): 1.4/1.8 MB | 404/614 kB | 147/153 kB | 49 kBProgress (4): 1.4/1.8 MB | 404/614 kB | 147/153 kB | 49 kBProgress (4): 1.4/1.8 MB | 409/614 kB | 147/153 kB | 49 kBProgress (4): 1.4/1.8 MB | 409/614 kB | 147/153 kB | 49 kBProgress (4): 1.4/1.8 MB | 409/614 kB | 147/153 kB | 49 kBProgress (4): 1.4/1.8 MB | 409/614 kB | 147/153 kB | 49 kBProgress (4): 1.4/1.8 MB | 413/614 kB | 147/153 kB | 49 kBProgress (4): 1.4/1.8 MB | 417/614 kB | 147/153 kB | 49 kBProgress (4): 1.4/1.8 MB | 417/614 kB | 147/153 kB | 49 kBProgress (4): 1.4/1.8 MB | 421/614 kB | 147/153 kB | 49 kBProgress (4): 1.4/1.8 MB | 421/614 kB | 147/153 kB | 49 kBProgress (4): 1.4/1.8 MB | 425/614 kB | 147/153 kB | 49 kBProgress (4): 1.4/1.8 MB | 425/614 kB | 147/153 kB | 49 kBProgress (4): 1.4/1.8 MB | 425/614 kB | 147/153 kB | 49 kBProgress (4): 1.4/1.8 MB | 429/614 kB | 147/153 kB | 49 kBProgress (4): 1.4/1.8 MB | 429/614 kB | 147/153 kB | 49 kBProgress (4): 1.4/1.8 MB | 433/614 kB | 147/153 kB | 49 kBProgress (4): 1.4/1.8 MB | 433/614 kB | 147/153 kB | 49 kBProgress (4): 1.4/1.8 MB | 437/614 kB | 147/153 kB | 49 kBProgress (4): 1.4/1.8 MB | 437/614 kB | 147/153 kB | 49 kBProgress (4): 1.4/1.8 MB | 441/614 kB | 147/153 kB | 49 kBProgress (4): 1.4/1.8 MB | 441/614 kB | 147/153 kB | 49 kBProgress (4): 1.4/1.8 MB | 441/614 kB | 147/153 kB | 49 kBProgress (4): 1.4/1.8 MB | 445/614 kB | 147/153 kB | 49 kBProgress (4): 1.4/1.8 MB | 445/614 kB | 147/153 kB | 49 kBProgress (4): 1.4/1.8 MB | 450/614 kB | 147/153 kB | 49 kBProgress (4): 1.4/1.8 MB | 450/614 kB | 147/153 kB | 49 kBProgress (4): 1.4/1.8 MB | 454/614 kB | 147/153 kB | 49 kBProgress (4): 1.4/1.8 MB | 454/614 kB | 147/153 kB | 49 kBProgress (4): 1.4/1.8 MB | 458/614 kB | 147/153 kB | 49 kBProgress (4): 1.4/1.8 MB | 458/614 kB | 147/153 kB | 49 kBProgress (4): 1.4/1.8 MB | 458/614 kB | 147/153 kB | 49 kBProgress (4): 1.5/1.8 MB | 458/614 kB | 147/153 kB | 49 kBProgress (4): 1.5/1.8 MB | 462/614 kB | 147/153 kB | 49 kBProgress (4): 1.5/1.8 MB | 462/614 kB | 147/153 kB | 49 kBProgress (4): 1.5/1.8 MB | 466/614 kB | 147/153 kB | 49 kBProgress (4): 1.5/1.8 MB | 470/614 kB | 147/153 kB | 49 kBProgress (4): 1.5/1.8 MB | 470/614 kB | 147/153 kB | 49 kBProgress (4): 1.5/1.8 MB | 474/614 kB | 147/153 kB | 49 kBProgress (4): 1.5/1.8 MB | 474/614 kB | 147/153 kB | 49 kBProgress (4): 1.5/1.8 MB | 474/614 kB | 147/153 kB | 49 kBProgress (4): 1.5/1.8 MB | 474/614 kB | 147/153 kB | 49 kBProgress (4): 1.5/1.8 MB | 478/614 kB | 147/153 kB | 49 kBProgress (4): 1.5/1.8 MB | 482/614 kB | 147/153 kB | 49 kBProgress (4): 1.5/1.8 MB | 482/614 kB | 147/153 kB | 49 kBProgress (4): 1.5/1.8 MB | 486/614 kB | 147/153 kB | 49 kBProgress (4): 1.5/1.8 MB | 486/614 kB | 147/153 kB | 49 kBProgress (4): 1.5/1.8 MB | 490/614 kB | 147/153 kB | 49 kBProgress (4): 1.5/1.8 MB | 490/614 kB | 147/153 kB | 49 kBProgress (4): 1.5/1.8 MB | 490/614 kB | 147/153 kB | 49 kBProgress (4): 1.5/1.8 MB | 495/614 kB | 147/153 kB | 49 kBProgress (4): 1.5/1.8 MB | 499/614 kB | 147/153 kB | 49 kBProgress (4): 1.5/1.8 MB | 503/614 kB | 147/153 kB | 49 kBProgress (4): 1.5/1.8 MB | 507/614 kB | 147/153 kB | 49 kBProgress (4): 1.5/1.8 MB | 511/614 kB | 147/153 kB | 49 kBProgress (4): 1.5/1.8 MB | 515/614 kB | 147/153 kB | 49 kBProgress (4): 1.5/1.8 MB | 519/614 kB | 147/153 kB | 49 kBProgress (4): 1.5/1.8 MB | 523/614 kB | 147/153 kB | 49 kBProgress (4): 1.5/1.8 MB | 527/614 kB | 147/153 kB | 49 kBProgress (4): 1.5/1.8 MB | 531/614 kB | 147/153 kB | 49 kBProgress (4): 1.5/1.8 MB | 536/614 kB | 147/153 kB | 49 kBProgress (4): 1.5/1.8 MB | 540/614 kB | 147/153 kB | 49 kBProgress (4): 1.5/1.8 MB | 544/614 kB | 147/153 kB | 49 kBProgress (4): 1.5/1.8 MB | 548/614 kB | 147/153 kB | 49 kBProgress (4): 1.5/1.8 MB | 552/614 kB | 147/153 kB | 49 kBProgress (4): 1.5/1.8 MB | 556/614 kB | 147/153 kB | 49 kBProgress (4): 1.5/1.8 MB | 560/614 kB | 147/153 kB | 49 kBProgress (4): 1.5/1.8 MB | 564/614 kB | 147/153 kB | 49 kBProgress (4): 1.5/1.8 MB | 568/614 kB | 147/153 kB | 49 kBProgress (4): 1.5/1.8 MB | 572/614 kB | 147/153 kB | 49 kBProgress (4): 1.5/1.8 MB | 572/614 kB | 151/153 kB | 49 kBProgress (4): 1.5/1.8 MB | 572/614 kB | 153 kB | 49 kB    Progress (4): 1.5/1.8 MB | 572/614 kB | 153 kB | 49 kBProgress (4): 1.5/1.8 MB | 572/614 kB | 153 kB | 49 kBProgress (4): 1.5/1.8 MB | 572/614 kB | 153 kB | 49 kBProgress (4): 1.5/1.8 MB | 572/614 kB | 153 kB | 49 kBProgress (4): 1.5/1.8 MB | 572/614 kB | 153 kB | 49 kBProgress (4): 1.5/1.8 MB | 572/614 kB | 153 kB | 49 kBProgress (4): 1.5/1.8 MB | 572/614 kB | 153 kB | 49 kBProgress (4): 1.5/1.8 MB | 572/614 kB | 153 kB | 49 kBProgress (4): 1.5/1.8 MB | 572/614 kB | 153 kB | 49 kBProgress (4): 1.5/1.8 MB | 572/614 kB | 153 kB | 49 kBProgress (4): 1.5/1.8 MB | 572/614 kB | 153 kB | 49 kBProgress (4): 1.5/1.8 MB | 572/614 kB | 153 kB | 49 kBProgress (4): 1.5/1.8 MB | 572/614 kB | 153 kB | 49 kBProgress (4): 1.5/1.8 MB | 572/614 kB | 153 kB | 49 kBProgress (4): 1.6/1.8 MB | 572/614 kB | 153 kB | 49 kBProgress (4): 1.6/1.8 MB | 572/614 kB | 153 kB | 49 kBProgress (4): 1.6/1.8 MB | 572/614 kB | 153 kB | 49 kBProgress (4): 1.6/1.8 MB | 572/614 kB | 153 kB | 49 kBProgress (4): 1.6/1.8 MB | 572/614 kB | 153 kB | 49 kBProgress (4): 1.6/1.8 MB | 572/614 kB | 153 kB | 49 kBProgress (4): 1.6/1.8 MB | 572/614 kB | 153 kB | 49 kBProgress (4): 1.6/1.8 MB | 572/614 kB | 153 kB | 49 kBProgress (4): 1.6/1.8 MB | 572/614 kB | 153 kB | 49 kBProgress (4): 1.6/1.8 MB | 572/614 kB | 153 kB | 49 kBProgress (4): 1.6/1.8 MB | 572/614 kB | 153 kB | 49 kBProgress (4): 1.6/1.8 MB | 572/614 kB | 153 kB | 49 kBProgress (4): 1.6/1.8 MB | 572/614 kB | 153 kB | 49 kBProgress (4): 1.6/1.8 MB | 572/614 kB | 153 kB | 49 kBProgress (4): 1.6/1.8 MB | 572/614 kB | 153 kB | 49 kBProgress (4): 1.6/1.8 MB | 572/614 kB | 153 kB | 49 kBProgress (4): 1.6/1.8 MB | 572/614 kB | 153 kB | 49 kBProgress (4): 1.6/1.8 MB | 572/614 kB | 153 kB | 49 kBProgress (4): 1.6/1.8 MB | 572/614 kB | 153 kB | 49 kBProgress (4): 1.6/1.8 MB | 572/614 kB | 153 kB | 49 kBProgress (4): 1.6/1.8 MB | 572/614 kB | 153 kB | 49 kBProgress (4): 1.6/1.8 MB | 572/614 kB | 153 kB | 49 kBProgress (4): 1.6/1.8 MB | 572/614 kB | 153 kB | 49 kBProgress (4): 1.6/1.8 MB | 572/614 kB | 153 kB | 49 kBProgress (4): 1.6/1.8 MB | 572/614 kB | 153 kB | 49 kBProgress (4): 1.7/1.8 MB | 572/614 kB | 153 kB | 49 kBProgress (4): 1.7/1.8 MB | 572/614 kB | 153 kB | 49 kBProgress (4): 1.7/1.8 MB | 572/614 kB | 153 kB | 49 kBProgress (4): 1.7/1.8 MB | 572/614 kB | 153 kB | 49 kBProgress (4): 1.7/1.8 MB | 572/614 kB | 153 kB | 49 kBProgress (4): 1.7/1.8 MB | 572/614 kB | 153 kB | 49 kBProgress (4): 1.7/1.8 MB | 572/614 kB | 153 kB | 49 kBProgress (4): 1.7/1.8 MB | 572/614 kB | 153 kB | 49 kBProgress (4): 1.7/1.8 MB | 572/614 kB | 153 kB | 49 kBProgress (4): 1.7/1.8 MB | 572/614 kB | 153 kB | 49 kBProgress (4): 1.7/1.8 MB | 572/614 kB | 153 kB | 49 kBProgress (4): 1.7/1.8 MB | 572/614 kB | 153 kB | 49 kBProgress (4): 1.7/1.8 MB | 572/614 kB | 153 kB | 49 kBProgress (4): 1.7/1.8 MB | 572/614 kB | 153 kB | 49 kBProgress (4): 1.7/1.8 MB | 572/614 kB | 153 kB | 49 kBProgress (4): 1.7/1.8 MB | 572/614 kB | 153 kB | 49 kBProgress (4): 1.7/1.8 MB | 572/614 kB | 153 kB | 49 kBProgress (4): 1.7/1.8 MB | 572/614 kB | 153 kB | 49 kBProgress (4): 1.7/1.8 MB | 572/614 kB | 153 kB | 49 kBProgress (4): 1.7/1.8 MB | 572/614 kB | 153 kB | 49 kBProgress (4): 1.7/1.8 MB | 572/614 kB | 153 kB | 49 kBProgress (4): 1.7/1.8 MB | 572/614 kB | 153 kB | 49 kBProgress (4): 1.7/1.8 MB | 572/614 kB | 153 kB | 49 kBProgress (4): 1.7/1.8 MB | 572/614 kB | 153 kB | 49 kBProgress (4): 1.8/1.8 MB | 572/614 kB | 153 kB | 49 kBProgress (5): 1.8/1.8 MB | 572/614 kB | 153 kB | 49 kB | 4.1/21 kBProgress (5): 1.8/1.8 MB | 572/614 kB | 153 kB | 49 kB | 7.7/21 kBProgress (5): 1.8/1.8 MB | 572/614 kB | 153 kB | 49 kB | 7.7/21 kBProgress (5): 1.8/1.8 MB | 572/614 kB | 153 kB | 49 kB | 12/21 kB Progress (5): 1.8/1.8 MB | 572/614 kB | 153 kB | 49 kB | 12/21 kBProgress (5): 1.8/1.8 MB | 572/614 kB | 153 kB | 49 kB | 16/21 kBProgress (5): 1.8/1.8 MB | 576/614 kB | 153 kB | 49 kB | 16/21 kBProgress (5): 1.8/1.8 MB | 576/614 kB | 153 kB | 49 kB | 20/21 kBProgress (5): 1.8/1.8 MB | 576/614 kB | 153 kB | 49 kB | 20/21 kBProgress (5): 1.8/1.8 MB | 576/614 kB | 153 kB | 49 kB | 21 kB   Progress (5): 1.8/1.8 MB | 581/614 kB | 153 kB | 49 kB | 21 kBProgress (5): 1.8/1.8 MB | 581/614 kB | 153 kB | 49 kB | 21 kBProgress (5): 1.8/1.8 MB | 585/614 kB | 153 kB | 49 kB | 21 kBProgress (5): 1.8/1.8 MB | 589/614 kB | 153 kB | 49 kB | 21 kBProgress (5): 1.8/1.8 MB | 589/614 kB | 153 kB | 49 kB | 21 kBProgress (5): 1.8/1.8 MB | 589/614 kB | 153 kB | 49 kB | 21 kBProgress (5): 1.8/1.8 MB | 589/614 kB | 153 kB | 49 kB | 21 kBProgress (5): 1.8/1.8 MB | 593/614 kB | 153 kB | 49 kB | 21 kBProgress (5): 1.8/1.8 MB | 593/614 kB | 153 kB | 49 kB | 21 kBProgress (5): 1.8/1.8 MB | 597/614 kB | 153 kB | 49 kB | 21 kBProgress (5): 1.8 MB | 597/614 kB | 153 kB | 49 kB | 21 kB    Progress (5): 1.8 MB | 601/614 kB | 153 kB | 49 kB | 21 kBProgress (5): 1.8 MB | 605/614 kB | 153 kB | 49 kB | 21 kBProgress (5): 1.8 MB | 609/614 kB | 153 kB | 49 kB | 21 kBProgress (5): 1.8 MB | 613/614 kB | 153 kB | 49 kB | 21 kBProgress (5): 1.8 MB | 614 kB | 153 kB | 49 kB | 21 kB                                                          Downloaded from central: https://repo.maven.apache.org/maven2/org/apache/maven/maven-settings/2.0.7/maven-settings-2.0.7.jar (49 kB at 43 kB/s)
Downloading from central: https://repo.maven.apache.org/maven2/org/apache/maven/reporting/maven-reporting-api/2.0.7/maven-reporting-api-2.0.7.jar
Downloaded from central: https://repo.maven.apache.org/maven2/org/apache/maven/maven-core/2.0.7/maven-core-2.0.7.jar (153 kB at 124 kB/s)
Downloading from central: https://repo.maven.apache.org/maven2/org/apache/maven/maven-profile/2.0.7/maven-profile-2.0.7.jar
Downloaded from central: https://repo.maven.apache.org/maven2/org/apache/maven/maven-plugin-parameter-documenter/2.0.7/maven-plugin-parameter-documenter-2.0.7.jar (21 kB at 16 kB/s)
Downloaded from central: https://repo.maven.apache.org/maven2/org/osgi/org.osgi.compendium/4.2.0/org.osgi.compendium-4.2.0.jar (614 kB at 468 kB/s)
Downloading from central: https://repo.maven.apache.org/maven2/org/apache/maven/maven-artifact/2.0.7/maven-artifact-2.0.7.jar
Downloading from central: https://repo.maven.apache.org/maven2/org/apache/maven/maven-model/2.0.7/maven-model-2.0.7.jar
Downloaded from central: https://repo.maven.apache.org/maven2/biz/aQute/bnd/bndlib/2.3.0/bndlib-2.3.0.jar (1.8 MB at 1.4 MB/s)
Downloading from central: https://repo.maven.apache.org/maven2/org/apache/maven/maven-repository-metadata/2.0.7/maven-repository-metadata-2.0.7.jar
Progress (1): 2.2/9.9 kBProgress (1): 5.0/9.9 kBProgress (1): 7.7/9.9 kBProgress (1): 9.9 kB    Progress (2): 9.9 kB | 4.1/35 kBProgress (2): 9.9 kB | 7.7/35 kBProgress (2): 9.9 kB | 12/35 kB Progress (2): 9.9 kB | 16/35 kBProgress (2): 9.9 kB | 20/35 kBProgress (2): 9.9 kB | 24/35 kBProgress (2): 9.9 kB | 28/35 kBProgress (2): 9.9 kB | 32/35 kBProgress (2): 9.9 kB | 35 kB   Progress (3): 9.9 kB | 35 kB | 4.1/88 kBProgress (4): 9.9 kB | 35 kB | 4.1/88 kB | 4.1/86 kBProgress (5): 9.9 kB | 35 kB | 4.1/88 kB | 4.1/86 kB | 4.1/24 kBProgress (5): 9.9 kB | 35 kB | 4.1/88 kB | 7.7/86 kB | 4.1/24 kBProgress (5): 9.9 kB | 35 kB | 7.7/88 kB | 7.7/86 kB | 4.1/24 kBProgress (5): 9.9 kB | 35 kB | 7.7/88 kB | 12/86 kB | 4.1/24 kB Progress (5): 9.9 kB | 35 kB | 7.7/88 kB | 12/86 kB | 7.7/24 kBProgress (5): 9.9 kB | 35 kB | 7.7/88 kB | 16/86 kB | 7.7/24 kBProgress (5): 9.9 kB | 35 kB | 12/88 kB | 16/86 kB | 7.7/24 kB Progress (5): 9.9 kB | 35 kB | 12/88 kB | 16/86 kB | 12/24 kB Progress (5): 9.9 kB | 35 kB | 16/88 kB | 16/86 kB | 12/24 kBProgress (5): 9.9 kB | 35 kB | 16/88 kB | 16/86 kB | 16/24 kBProgress (5): 9.9 kB | 35 kB | 16/88 kB | 20/86 kB | 16/24 kBProgress (5): 9.9 kB | 35 kB | 20/88 kB | 20/86 kB | 16/24 kBProgress (5): 9.9 kB | 35 kB | 20/88 kB | 20/86 kB | 20/24 kBProgress (5): 9.9 kB | 35 kB | 20/88 kB | 24/86 kB | 20/24 kBProgress (5): 9.9 kB | 35 kB | 20/88 kB | 24/86 kB | 24/24 kBProgress (5): 9.9 kB | 35 kB | 24/88 kB | 24/86 kB | 24/24 kBProgress (5): 9.9 kB | 35 kB | 24/88 kB | 24/86 kB | 24 kB   Progress (5): 9.9 kB | 35 kB | 24/88 kB | 28/86 kB | 24 kBProgress (5): 9.9 kB | 35 kB | 28/88 kB | 28/86 kB | 24 kBProgress (5): 9.9 kB | 35 kB | 28/88 kB | 32/86 kB | 24 kBProgress (5): 9.9 kB | 35 kB | 32/88 kB | 32/86 kB | 24 kBProgress (5): 9.9 kB | 35 kB | 32/88 kB | 36/86 kB | 24 kBProgress (5): 9.9 kB | 35 kB | 36/88 kB | 36/86 kB | 24 kBProgress (5): 9.9 kB | 35 kB | 40/88 kB | 36/86 kB | 24 kBProgress (5): 9.9 kB | 35 kB | 40/88 kB | 40/86 kB | 24 kBProgress (5): 9.9 kB | 35 kB | 45/88 kB | 40/86 kB | 24 kBProgress (5): 9.9 kB | 35 kB | 45/88 kB | 45/86 kB | 24 kBProgress (5): 9.9 kB | 35 kB | 49/88 kB | 45/86 kB | 24 kBProgress (5): 9.9 kB | 35 kB | 49/88 kB | 49/86 kB | 24 kBProgress (5): 9.9 kB | 35 kB | 53/88 kB | 49/86 kB | 24 kBProgress (5): 9.9 kB | 35 kB | 53/88 kB | 53/86 kB | 24 kBProgress (5): 9.9 kB | 35 kB | 57/88 kB | 53/86 kB | 24 kBProgress (5): 9.9 kB | 35 kB | 57/88 kB | 57/86 kB | 24 kBProgress (5): 9.9 kB | 35 kB | 61/88 kB | 57/86 kB | 24 kBProgress (5): 9.9 kB | 35 kB | 61/88 kB | 61/86 kB | 24 kBProgress (5): 9.9 kB | 35 kB | 65/88 kB | 61/86 kB | 24 kBProgress (5): 9.9 kB | 35 kB | 65/88 kB | 65/86 kB | 24 kBProgress (5): 9.9 kB | 35 kB | 69/88 kB | 65/86 kB | 24 kBProgress (5): 9.9 kB | 35 kB | 69/88 kB | 69/86 kB | 24 kBProgress (5): 9.9 kB | 35 kB | 73/88 kB | 69/86 kB | 24 kBProgress (5): 9.9 kB | 35 kB | 73/88 kB | 73/86 kB | 24 kBProgress (5): 9.9 kB | 35 kB | 77/88 kB | 73/86 kB | 24 kBProgress (5): 9.9 kB | 35 kB | 77/88 kB | 77/86 kB | 24 kBProgress (5): 9.9 kB | 35 kB | 81/88 kB | 77/86 kB | 24 kBProgress (5): 9.9 kB | 35 kB | 81/88 kB | 81/86 kB | 24 kBProgress (5): 9.9 kB | 35 kB | 85/88 kB | 81/86 kB | 24 kBProgress (5): 9.9 kB | 35 kB | 85/88 kB | 85/86 kB | 24 kBProgress (5): 9.9 kB | 35 kB | 88 kB | 85/86 kB | 24 kB   Progress (5): 9.9 kB | 35 kB | 88 kB | 86 kB | 24 kB                                                       Downloaded from central: https://repo.maven.apache.org/maven2/org/apache/maven/reporting/maven-reporting-api/2.0.7/maven-reporting-api-2.0.7.jar (9.9 kB at 6.5 kB/s)
Downloading from central: https://repo.maven.apache.org/maven2/org/apache/maven/maven-error-diagnostics/2.0.7/maven-error-diagnostics-2.0.7.jar
Downloaded from central: https://repo.maven.apache.org/maven2/org/apache/maven/maven-profile/2.0.7/maven-profile-2.0.7.jar (35 kB at 22 kB/s)
Downloading from central: https://repo.maven.apache.org/maven2/org/apache/maven/maven-project/2.0.7/maven-project-2.0.7.jar
Downloaded from central: https://repo.maven.apache.org/maven2/org/apache/maven/maven-repository-metadata/2.0.7/maven-repository-metadata-2.0.7.jar (24 kB at 14 kB/s)
Downloading from central: https://repo.maven.apache.org/maven2/org/apache/maven/maven-plugin-registry/2.0.7/maven-plugin-registry-2.0.7.jar
Downloaded from central: https://repo.maven.apache.org/maven2/org/apache/maven/maven-model/2.0.7/maven-model-2.0.7.jar (86 kB at 51 kB/s)
Downloading from central: https://repo.maven.apache.org/maven2/org/apache/maven/maven-plugin-api/2.0.7/maven-plugin-api-2.0.7.jar
Downloaded from central: https://repo.maven.apache.org/maven2/org/apache/maven/maven-artifact/2.0.7/maven-artifact-2.0.7.jar (88 kB at 51 kB/s)
Downloading from central: https://repo.maven.apache.org/maven2/org/apache/maven/maven-plugin-descriptor/2.0.7/maven-plugin-descriptor-2.0.7.jar
Progress (1): 2.2/14 kBProgress (1): 5.0/14 kBProgress (1): 7.7/14 kBProgress (1): 10/14 kB Progress (1): 13/14 kBProgress (1): 14 kB   Progress (2): 14 kB | 4.1/117 kBProgress (2): 14 kB | 7.7/117 kBProgress (2): 14 kB | 12/117 kB Progress (2): 14 kB | 16/117 kBProgress (2): 14 kB | 20/117 kBProgress (2): 14 kB | 24/117 kBProgress (2): 14 kB | 28/117 kBProgress (2): 14 kB | 32/117 kBProgress (2): 14 kB | 36/117 kBProgress (2): 14 kB | 40/117 kBProgress (2): 14 kB | 45/117 kBProgress (2): 14 kB | 49/117 kBProgress (2): 14 kB | 53/117 kBProgress (2): 14 kB | 57/117 kBProgress (2): 14 kB | 61/117 kBProgress (2): 14 kB | 65/117 kBProgress (2): 14 kB | 69/117 kBProgress (2): 14 kB | 73/117 kBProgress (2): 14 kB | 77/117 kBProgress (2): 14 kB | 81/117 kBProgress (2): 14 kB | 85/117 kBProgress (2): 14 kB | 90/117 kBProgress (2): 14 kB | 94/117 kBProgress (2): 14 kB | 98/117 kBProgress (2): 14 kB | 102/117 kBProgress (2): 14 kB | 106/117 kBProgress (2): 14 kB | 110/117 kBProgress (2): 14 kB | 114/117 kBProgress (2): 14 kB | 117 kB    Progress (3): 14 kB | 117 kB | 0.1/29 kBProgress (3): 14 kB | 117 kB | 2.9/29 kBProgress (3): 14 kB | 117 kB | 4.2/29 kBProgress (3): 14 kB | 117 kB | 7.0/29 kBProgress (3): 14 kB | 117 kB | 8.3/29 kBProgress (3): 14 kB | 117 kB | 11/29 kB Progress (3): 14 kB | 117 kB | 12/29 kBProgress (3): 14 kB | 117 kB | 15/29 kBProgress (3): 14 kB | 117 kB | 17/29 kBProgress (3): 14 kB | 117 kB | 19/29 kBProgress (3): 14 kB | 117 kB | 21/29 kBProgress (3): 14 kB | 117 kB | 23/29 kBProgress (3): 14 kB | 117 kB | 25/29 kBProgress (3): 14 kB | 117 kB | 27/29 kBProgress (3): 14 kB | 117 kB | 29 kB   Progress (4): 14 kB | 117 kB | 29 kB | 4.1/13 kBProgress (4): 14 kB | 117 kB | 29 kB | 7.7/13 kBProgress (4): 14 kB | 117 kB | 29 kB | 12/13 kB Progress (4): 14 kB | 117 kB | 29 kB | 13 kB   Progress (5): 14 kB | 117 kB | 29 kB | 13 kB | 4.1/37 kBProgress (5): 14 kB | 117 kB | 29 kB | 13 kB | 7.7/37 kBProgress (5): 14 kB | 117 kB | 29 kB | 13 kB | 12/37 kB Progress (5): 14 kB | 117 kB | 29 kB | 13 kB | 16/37 kBProgress (5): 14 kB | 117 kB | 29 kB | 13 kB | 20/37 kBProgress (5): 14 kB | 117 kB | 29 kB | 13 kB | 24/37 kBProgress (5): 14 kB | 117 kB | 29 kB | 13 kB | 28/37 kBProgress (5): 14 kB | 117 kB | 29 kB | 13 kB | 32/37 kBProgress (5): 14 kB | 117 kB | 29 kB | 13 kB | 36/37 kBProgress (5): 14 kB | 117 kB | 29 kB | 13 kB | 37 kB                                                       Downloaded from central: https://repo.maven.apache.org/maven2/org/apache/maven/maven-error-diagnostics/2.0.7/maven-error-diagnostics-2.0.7.jar (14 kB at 7.1 kB/s)
Downloading from central: https://repo.maven.apache.org/maven2/org/apache/maven/maven-artifact-manager/2.0.7/maven-artifact-manager-2.0.7.jar
Downloaded from central: https://repo.maven.apache.org/maven2/org/apache/maven/maven-project/2.0.7/maven-project-2.0.7.jar (117 kB at 59 kB/s)
Downloading from central: https://repo.maven.apache.org/maven2/org/apache/maven/maven-monitor/2.0.7/maven-monitor-2.0.7.jar
Downloaded from central: https://repo.maven.apache.org/maven2/org/apache/maven/maven-plugin-api/2.0.7/maven-plugin-api-2.0.7.jar (13 kB at 6.2 kB/s)
Downloading from central: https://repo.maven.apache.org/maven2/org/codehaus/plexus/plexus-archiver/2.1/plexus-archiver-2.1.jar
Downloaded from central: https://repo.maven.apache.org/maven2/org/apache/maven/maven-plugin-registry/2.0.7/maven-plugin-registry-2.0.7.jar (29 kB at 14 kB/s)
Downloading from central: https://repo.maven.apache.org/maven2/org/codehaus/plexus/plexus-io/2.0.2/plexus-io-2.0.2.jar
Downloaded from central: https://repo.maven.apache.org/maven2/org/apache/maven/maven-plugin-descriptor/2.0.7/maven-plugin-descriptor-2.0.7.jar (37 kB at 18 kB/s)
Downloading from central: https://repo.maven.apache.org/maven2/org/codehaus/plexus/plexus-utils/3.0.10/plexus-utils-3.0.10.jar
Progress (1): 2.2/57 kBProgress (1): 5.0/57 kBProgress (1): 7.7/57 kBProgress (1): 10/57 kB Progress (1): 13/57 kBProgress (1): 16/57 kBProgress (1): 19/57 kBProgress (1): 21/57 kBProgress (1): 24/57 kBProgress (1): 27/57 kBProgress (1): 30/57 kBProgress (1): 32/57 kBProgress (1): 36/57 kBProgress (1): 40/57 kBProgress (1): 45/57 kBProgress (1): 49/57 kBProgress (1): 53/57 kBProgress (1): 57 kB   Progress (2): 57 kB | 4.1/10 kBProgress (2): 57 kB | 7.7/10 kBProgress (2): 57 kB | 10 kB    Progress (3): 57 kB | 10 kB | 4.1/58 kBProgress (3): 57 kB | 10 kB | 7.7/58 kBProgress (3): 57 kB | 10 kB | 12/58 kB Progress (3): 57 kB | 10 kB | 16/58 kBProgress (3): 57 kB | 10 kB | 20/58 kBProgress (3): 57 kB | 10 kB | 24/58 kBProgress (3): 57 kB | 10 kB | 28/58 kBProgress (3): 57 kB | 10 kB | 32/58 kBProgress (3): 57 kB | 10 kB | 36/58 kBProgress (3): 57 kB | 10 kB | 40/58 kBProgress (3): 57 kB | 10 kB | 45/58 kBProgress (4): 57 kB | 10 kB | 45/58 kB | 2.2/184 kBProgress (4): 57 kB | 10 kB | 49/58 kB | 2.2/184 kBProgress (4): 57 kB | 10 kB | 49/58 kB | 5.0/184 kBProgress (4): 57 kB | 10 kB | 53/58 kB | 5.0/184 kBProgress (4): 57 kB | 10 kB | 53/58 kB | 7.7/184 kBProgress (4): 57 kB | 10 kB | 57/58 kB | 7.7/184 kBProgress (4): 57 kB | 10 kB | 57/58 kB | 10/184 kB Progress (4): 57 kB | 10 kB | 58 kB | 10/184 kB   Progress (4): 57 kB | 10 kB | 58 kB | 13/184 kBProgress (4): 57 kB | 10 kB | 58 kB | 16/184 kBProgress (4): 57 kB | 10 kB | 58 kB | 19/184 kBProgress (4): 57 kB | 10 kB | 58 kB | 21/184 kBProgress (4): 57 kB | 10 kB | 58 kB | 24/184 kBProgress (4): 57 kB | 10 kB | 58 kB | 27/184 kBProgress (4): 57 kB | 10 kB | 58 kB | 30/184 kBProgress (4): 57 kB | 10 kB | 58 kB | 32/184 kBProgress (4): 57 kB | 10 kB | 58 kB | 36/184 kBProgress (4): 57 kB | 10 kB | 58 kB | 40/184 kBProgress (4): 57 kB | 10 kB | 58 kB | 45/184 kBProgress (4): 57 kB | 10 kB | 58 kB | 49/184 kBProgress (4): 57 kB | 10 kB | 58 kB | 53/184 kBProgress (4): 57 kB | 10 kB | 58 kB | 57/184 kBProgress (4): 57 kB | 10 kB | 58 kB | 61/184 kBProgress (4): 57 kB | 10 kB | 58 kB | 65/184 kBProgress (4): 57 kB | 10 kB | 58 kB | 69/184 kBProgress (4): 57 kB | 10 kB | 58 kB | 73/184 kBProgress (4): 57 kB | 10 kB | 58 kB | 77/184 kBProgress (4): 57 kB | 10 kB | 58 kB | 81/184 kBProgress (5): 57 kB | 10 kB | 58 kB | 81/184 kB | 4.1/231 kBProgress (5): 57 kB | 10 kB | 58 kB | 81/184 kB | 7.7/231 kBProgress (5): 57 kB | 10 kB | 58 kB | 85/184 kB | 7.7/231 kBProgress (5): 57 kB | 10 kB | 58 kB | 85/184 kB | 12/231 kB Progress (5): 57 kB | 10 kB | 58 kB | 90/184 kB | 12/231 kBProgress (5): 57 kB | 10 kB | 58 kB | 90/184 kB | 16/231 kBProgress (5): 57 kB | 10 kB | 58 kB | 94/184 kB | 16/231 kBProgress (5): 57 kB | 10 kB | 58 kB | 98/184 kB | 16/231 kBProgress (5): 57 kB | 10 kB | 58 kB | 98/184 kB | 20/231 kBProgress (5): 57 kB | 10 kB | 58 kB | 98/184 kB | 24/231 kBProgress (5): 57 kB | 10 kB | 58 kB | 102/184 kB | 24/231 kBProgress (5): 57 kB | 10 kB | 58 kB | 102/184 kB | 28/231 kBProgress (5): 57 kB | 10 kB | 58 kB | 106/184 kB | 28/231 kBProgress (5): 57 kB | 10 kB | 58 kB | 106/184 kB | 32/231 kBProgress (5): 57 kB | 10 kB | 58 kB | 110/184 kB | 32/231 kBProgress (5): 57 kB | 10 kB | 58 kB | 114/184 kB | 32/231 kBProgress (5): 57 kB | 10 kB | 58 kB | 114/184 kB | 36/231 kBProgress (5): 57 kB | 10 kB | 58 kB | 114/184 kB | 40/231 kBProgress (5): 57 kB | 10 kB | 58 kB | 118/184 kB | 40/231 kBProgress (5): 57 kB | 10 kB | 58 kB | 118/184 kB | 45/231 kBProgress (5): 57 kB | 10 kB | 58 kB | 122/184 kB | 45/231 kBProgress (5): 57 kB | 10 kB | 58 kB | 122/184 kB | 49/231 kBProgress (5): 57 kB | 10 kB | 58 kB | 126/184 kB | 49/231 kBProgress (5): 57 kB | 10 kB | 58 kB | 131/184 kB | 49/231 kBProgress (5): 57 kB | 10 kB | 58 kB | 131/184 kB | 53/231 kBProgress (5): 57 kB | 10 kB | 58 kB | 131/184 kB | 57/231 kBProgress (5): 57 kB | 10 kB | 58 kB | 131/184 kB | 61/231 kBProgress (5): 57 kB | 10 kB | 58 kB | 131/184 kB | 65/231 kBProgress (5): 57 kB | 10 kB | 58 kB | 131/184 kB | 69/231 kBProgress (5): 57 kB | 10 kB | 58 kB | 131/184 kB | 73/231 kBProgress (5): 57 kB | 10 kB | 58 kB | 131/184 kB | 77/231 kBProgress (5): 57 kB | 10 kB | 58 kB | 131/184 kB | 81/231 kBProgress (5): 57 kB | 10 kB | 58 kB | 131/184 kB | 85/231 kBProgress (5): 57 kB | 10 kB | 58 kB | 131/184 kB | 90/231 kBProgress (5): 57 kB | 10 kB | 58 kB | 131/184 kB | 94/231 kBProgress (5): 57 kB | 10 kB | 58 kB | 131/184 kB | 98/231 kBProgress (5): 57 kB | 10 kB | 58 kB | 131/184 kB | 102/231 kBProgress (5): 57 kB | 10 kB | 58 kB | 131/184 kB | 106/231 kBProgress (5): 57 kB | 10 kB | 58 kB | 131/184 kB | 110/231 kBProgress (5): 57 kB | 10 kB | 58 kB | 131/184 kB | 114/231 kBProgress (5): 57 kB | 10 kB | 58 kB | 131/184 kB | 118/231 kBProgress (5): 57 kB | 10 kB | 58 kB | 131/184 kB | 122/231 kBProgress (5): 57 kB | 10 kB | 58 kB | 131/184 kB | 126/231 kBProgress (5): 57 kB | 10 kB | 58 kB | 131/184 kB | 131/231 kBProgress (5): 57 kB | 10 kB | 58 kB | 131/184 kB | 135/231 kBProgress (5): 57 kB | 10 kB | 58 kB | 131/184 kB | 139/231 kBProgress (5): 57 kB | 10 kB | 58 kB | 131/184 kB | 143/231 kBProgress (5): 57 kB | 10 kB | 58 kB | 131/184 kB | 147/231 kB                                                             Downloaded from central: https://repo.maven.apache.org/maven2/org/apache/maven/maven-artifact-manager/2.0.7/maven-artifact-manager-2.0.7.jar (57 kB at 25 kB/s)
Progress (4): 10 kB | 58 kB | 131/184 kB | 151/231 kBProgress (4): 10 kB | 58 kB | 131/184 kB | 155/231 kBProgress (4): 10 kB | 58 kB | 131/184 kB | 159/231 kBProgress (4): 10 kB | 58 kB | 131/184 kB | 163/231 kBProgress (4): 10 kB | 58 kB | 131/184 kB | 167/231 kBProgress (4): 10 kB | 58 kB | 131/184 kB | 171/231 kBProgress (4): 10 kB | 58 kB | 131/184 kB | 176/231 kBProgress (4): 10 kB | 58 kB | 131/184 kB | 180/231 kBProgress (4): 10 kB | 58 kB | 131/184 kB | 184/231 kBProgress (4): 10 kB | 58 kB | 131/184 kB | 188/231 kBProgress (4): 10 kB | 58 kB | 131/184 kB | 192/231 kBProgress (4): 10 kB | 58 kB | 131/184 kB | 196/231 kBProgress (4): 10 kB | 58 kB | 131/184 kB | 200/231 kBProgress (4): 10 kB | 58 kB | 131/184 kB | 204/231 kBProgress (4): 10 kB | 58 kB | 131/184 kB | 208/231 kBProgress (4): 10 kB | 58 kB | 131/184 kB | 212/231 kBProgress (4): 10 kB | 58 kB | 131/184 kB | 217/231 kBProgress (4): 10 kB | 58 kB | 131/184 kB | 221/231 kBProgress (4): 10 kB | 58 kB | 131/184 kB | 225/231 kBProgress (4): 10 kB | 58 kB | 131/184 kB | 229/231 kBProgress (4): 10 kB | 58 kB | 131/184 kB | 231 kB                                                     Downloaded from central: https://repo.maven.apache.org/maven2/org/apache/maven/maven-monitor/2.0.7/maven-monitor-2.0.7.jar (10 kB at 4.4 kB/s)
Downloaded from central: https://repo.maven.apache.org/maven2/org/codehaus/plexus/plexus-io/2.0.2/plexus-io-2.0.2.jar (58 kB at 24 kB/s)
Progress (2): 135/184 kB | 231 kBProgress (2): 139/184 kB | 231 kBProgress (2): 143/184 kB | 231 kBProgress (2): 147/184 kB | 231 kBProgress (2): 151/184 kB | 231 kBProgress (2): 155/184 kB | 231 kBProgress (2): 159/184 kB | 231 kBProgress (2): 163/184 kB | 231 kBProgress (2): 167/184 kB | 231 kBProgress (2): 171/184 kB | 231 kBProgress (2): 176/184 kB | 231 kBProgress (2): 180/184 kB | 231 kBProgress (2): 184/184 kB | 231 kBProgress (2): 184 kB | 231 kB                                 Downloaded from central: https://repo.maven.apache.org/maven2/org/codehaus/plexus/plexus-utils/3.0.10/plexus-utils-3.0.10.jar (231 kB at 92 kB/s)
Downloaded from central: https://repo.maven.apache.org/maven2/org/codehaus/plexus/plexus-archiver/2.1/plexus-archiver-2.1.jar (184 kB at 69 kB/s)
Downloading from central: https://repo.maven.apache.org/maven2/org/apache/felix/maven-bundle-plugin/3.2.0/maven-bundle-plugin-3.2.0.pom
Progress (1): 2.8/8.4 kBProgress (1): 5.5/8.4 kBProgress (1): 8.3/8.4 kBProgress (1): 8.4 kB                        Downloaded from central: https://repo.maven.apache.org/maven2/org/apache/felix/maven-bundle-plugin/3.2.0/maven-bundle-plugin-3.2.0.pom (8.4 kB at 22 kB/s)
Downloading from central: https://repo.maven.apache.org/maven2/org/apache/felix/felix-parent/4/felix-parent-4.pom
Progress (1): 0.8/24 kBProgress (1): 3.5/24 kBProgress (1): 4.9/24 kBProgress (1): 7.6/24 kBProgress (1): 8.9/24 kBProgress (1): 12/24 kB Progress (1): 13/24 kBProgress (1): 16/24 kBProgress (1): 17/24 kBProgress (1): 20/24 kBProgress (1): 23/24 kBProgress (1): 24 kB                      Downloaded from central: https://repo.maven.apache.org/maven2/org/apache/felix/felix-parent/4/felix-parent-4.pom (24 kB at 65 kB/s)
Downloading from central: https://repo.maven.apache.org/maven2/biz/aQute/bnd/biz.aQute.bndlib/3.2.0/biz.aQute.bndlib-3.2.0.pom
Progress (1): 1.3 kB                    Downloaded from central: https://repo.maven.apache.org/maven2/biz/aQute/bnd/biz.aQute.bndlib/3.2.0/biz.aQute.bndlib-3.2.0.pom (1.3 kB at 3.7 kB/s)
Downloading from central: https://repo.maven.apache.org/maven2/org/easymock/easymock/3.4/easymock-3.4.pom
Progress (1): 2.2/7.3 kBProgress (1): 5.0/7.3 kBProgress (1): 7.3 kB                        Downloaded from central: https://repo.maven.apache.org/maven2/org/easymock/easymock/3.4/easymock-3.4.pom (7.3 kB at 20 kB/s)
Downloading from central: https://repo.maven.apache.org/maven2/org/easymock/easymock-parent/3.4/easymock-parent-3.4.pom
Progress (1): 2.8/17 kBProgress (1): 5.5/17 kBProgress (1): 8.3/17 kBProgress (1): 11/17 kB Progress (1): 14/17 kBProgress (1): 16/17 kBProgress (1): 17 kB                      Downloaded from central: https://repo.maven.apache.org/maven2/org/easymock/easymock-parent/3.4/easymock-parent-3.4.pom (17 kB at 47 kB/s)
Downloading from central: https://repo.maven.apache.org/maven2/org/objenesis/objenesis/2.2/objenesis-2.2.pom
Progress (1): 2.5 kB                    Downloaded from central: https://repo.maven.apache.org/maven2/org/objenesis/objenesis/2.2/objenesis-2.2.pom (2.5 kB at 6.8 kB/s)
Downloading from central: https://repo.maven.apache.org/maven2/org/objenesis/objenesis-parent/2.2/objenesis-parent-2.2.pom
Progress (1): 2.2/17 kBProgress (1): 5.0/17 kBProgress (1): 7.8/17 kBProgress (1): 11/17 kB Progress (1): 13/17 kBProgress (1): 16/17 kBProgress (1): 17 kB                      Downloaded from central: https://repo.maven.apache.org/maven2/org/objenesis/objenesis-parent/2.2/objenesis-parent-2.2.pom (17 kB at 45 kB/s)
Downloading from central: https://repo.maven.apache.org/maven2/org/apache/maven/maven-core/2.2.0/maven-core-2.2.0.pom
Progress (1): 2.2/11 kBProgress (1): 5.0/11 kBProgress (1): 7.8/11 kBProgress (1): 11/11 kB Progress (1): 11 kB                      Downloaded from central: https://repo.maven.apache.org/maven2/org/apache/maven/maven-core/2.2.0/maven-core-2.2.0.pom (11 kB at 30 kB/s)
Downloading from central: https://repo.maven.apache.org/maven2/org/apache/maven/maven-plugin-parameter-documenter/2.2.0/maven-plugin-parameter-documenter-2.2.0.pom
Progress (1): 2.0 kB                    Downloaded from central: https://repo.maven.apache.org/maven2/org/apache/maven/maven-plugin-parameter-documenter/2.2.0/maven-plugin-parameter-documenter-2.2.0.pom (2.0 kB at 5.3 kB/s)
Downloading from central: https://repo.maven.apache.org/maven2/org/apache/maven/reporting/maven-reporting-api/2.2.0/maven-reporting-api-2.2.0.pom
Progress (1): 1.9 kB                    Downloaded from central: https://repo.maven.apache.org/maven2/org/apache/maven/reporting/maven-reporting-api/2.2.0/maven-reporting-api-2.2.0.pom (1.9 kB at 5.1 kB/s)
Downloading from central: https://repo.maven.apache.org/maven2/org/apache/maven/reporting/maven-reporting/2.2.0/maven-reporting-2.2.0.pom
Progress (1): 1.4 kB                    Downloaded from central: https://repo.maven.apache.org/maven2/org/apache/maven/reporting/maven-reporting/2.2.0/maven-reporting-2.2.0.pom (1.4 kB at 3.9 kB/s)
Downloading from central: https://repo.maven.apache.org/maven2/org/apache/maven/maven-error-diagnostics/2.2.0/maven-error-diagnostics-2.2.0.pom
Progress (1): 1.7 kB                    Downloaded from central: https://repo.maven.apache.org/maven2/org/apache/maven/maven-error-diagnostics/2.2.0/maven-error-diagnostics-2.2.0.pom (1.7 kB at 4.7 kB/s)
Downloading from central: https://repo.maven.apache.org/maven2/org/apache/maven/maven-plugin-api/2.2.0/maven-plugin-api-2.2.0.pom
Progress (1): 1.5 kB                    Downloaded from central: https://repo.maven.apache.org/maven2/org/apache/maven/maven-plugin-api/2.2.0/maven-plugin-api-2.2.0.pom (1.5 kB at 4.0 kB/s)
Downloading from central: https://repo.maven.apache.org/maven2/org/apache/maven/maven-plugin-descriptor/2.2.0/maven-plugin-descriptor-2.2.0.pom
Progress (1): 2.1 kB                    Downloaded from central: https://repo.maven.apache.org/maven2/org/apache/maven/maven-plugin-descriptor/2.2.0/maven-plugin-descriptor-2.2.0.pom (2.1 kB at 5.6 kB/s)
Downloading from central: https://repo.maven.apache.org/maven2/org/apache/maven/maven-monitor/2.2.0/maven-monitor-2.2.0.pom
Progress (1): 1.3 kB                    Downloaded from central: https://repo.maven.apache.org/maven2/org/apache/maven/maven-monitor/2.2.0/maven-monitor-2.2.0.pom (1.3 kB at 3.4 kB/s)
Downloading from central: https://repo.maven.apache.org/maven2/org/sonatype/plexus/plexus-build-api/0.0.7/plexus-build-api-0.0.7.pom
Progress (1): 2.2/3.2 kBProgress (1): 3.2 kB                        Downloaded from central: https://repo.maven.apache.org/maven2/org/sonatype/plexus/plexus-build-api/0.0.7/plexus-build-api-0.0.7.pom (3.2 kB at 8.7 kB/s)
Downloading from central: https://repo.maven.apache.org/maven2/org/sonatype/spice/spice-parent/15/spice-parent-15.pom
Progress (1): 2.2/8.4 kBProgress (1): 5.0/8.4 kBProgress (1): 7.8/8.4 kBProgress (1): 8.4 kB                        Downloaded from central: https://repo.maven.apache.org/maven2/org/sonatype/spice/spice-parent/15/spice-parent-15.pom (8.4 kB at 22 kB/s)
Downloading from central: https://repo.maven.apache.org/maven2/org/apache/felix/maven-bundle-plugin/3.2.0/maven-bundle-plugin-3.2.0.jar
Downloading from central: https://repo.maven.apache.org/maven2/org/easymock/easymock/3.4/easymock-3.4.jar
Downloading from central: https://repo.maven.apache.org/maven2/org/apache/maven/maven-core/2.2.0/maven-core-2.2.0.jar
Downloading from central: https://repo.maven.apache.org/maven2/org/objenesis/objenesis/2.2/objenesis-2.2.jar
Downloading from central: https://repo.maven.apache.org/maven2/biz/aQute/bnd/biz.aQute.bndlib/3.2.0/biz.aQute.bndlib-3.2.0.jar
Progress (1): 2.2/53 kBProgress (1): 5.0/53 kBProgress (1): 7.7/53 kBProgress (1): 10/53 kB Progress (1): 13/53 kBProgress (1): 16/53 kBProgress (1): 19/53 kBProgress (1): 21/53 kBProgress (2): 21/53 kB | 2.2/223 kBProgress (2): 24/53 kB | 2.2/223 kBProgress (2): 24/53 kB | 5.0/223 kBProgress (2): 27/53 kB | 5.0/223 kBProgress (2): 27/53 kB | 7.7/223 kBProgress (2): 30/53 kB | 7.7/223 kBProgress (2): 30/53 kB | 10/223 kB Progress (3): 30/53 kB | 10/223 kB | 2.2/175 kBProgress (3): 30/53 kB | 13/223 kB | 2.2/175 kBProgress (3): 32/53 kB | 13/223 kB | 2.2/175 kBProgress (3): 32/53 kB | 16/223 kB | 2.2/175 kBProgress (3): 32/53 kB | 16/223 kB | 5.0/175 kBProgress (3): 32/53 kB | 19/223 kB | 5.0/175 kBProgress (3): 36/53 kB | 19/223 kB | 5.0/175 kBProgress (3): 36/53 kB | 19/223 kB | 7.7/175 kBProgress (4): 36/53 kB | 19/223 kB | 7.7/175 kB | 2.2/474 kBProgress (4): 36/53 kB | 19/223 kB | 10/175 kB | 2.2/474 kB Progress (4): 40/53 kB | 19/223 kB | 10/175 kB | 2.2/474 kBProgress (4): 40/53 kB | 21/223 kB | 10/175 kB | 2.2/474 kBProgress (4): 45/53 kB | 21/223 kB | 10/175 kB | 2.2/474 kBProgress (4): 45/53 kB | 21/223 kB | 13/175 kB | 2.2/474 kBProgress (4): 45/53 kB | 21/223 kB | 13/175 kB | 5.0/474 kBProgress (4): 45/53 kB | 21/223 kB | 16/175 kB | 5.0/474 kBProgress (4): 49/53 kB | 21/223 kB | 16/175 kB | 5.0/474 kBProgress (4): 49/53 kB | 24/223 kB | 16/175 kB | 5.0/474 kBProgress (4): 53 kB | 24/223 kB | 16/175 kB | 5.0/474 kB   Progress (4): 53 kB | 24/223 kB | 19/175 kB | 5.0/474 kBProgress (4): 53 kB | 24/223 kB | 19/175 kB | 7.7/474 kBProgress (4): 53 kB | 24/223 kB | 21/175 kB | 7.7/474 kBProgress (4): 53 kB | 27/223 kB | 21/175 kB | 7.7/474 kBProgress (4): 53 kB | 27/223 kB | 24/175 kB | 7.7/474 kBProgress (4): 53 kB | 27/223 kB | 24/175 kB | 10/474 kB Progress (4): 53 kB | 27/223 kB | 27/175 kB | 10/474 kBProgress (4): 53 kB | 30/223 kB | 27/175 kB | 10/474 kBProgress (4): 53 kB | 30/223 kB | 30/175 kB | 10/474 kBProgress (4): 53 kB | 30/223 kB | 30/175 kB | 13/474 kBProgress (4): 53 kB | 30/223 kB | 32/175 kB | 13/474 kBProgress (4): 53 kB | 32/223 kB | 32/175 kB | 13/474 kBProgress (4): 53 kB | 32/223 kB | 32/175 kB | 16/474 kBProgress (4): 53 kB | 32/223 kB | 36/175 kB | 16/474 kBProgress (4): 53 kB | 32/223 kB | 36/175 kB | 19/474 kBProgress (4): 53 kB | 32/223 kB | 40/175 kB | 19/474 kBProgress (4): 53 kB | 36/223 kB | 40/175 kB | 19/474 kBProgress (4): 53 kB | 36/223 kB | 45/175 kB | 19/474 kBProgress (4): 53 kB | 36/223 kB | 45/175 kB | 21/474 kBProgress (5): 53 kB | 36/223 kB | 45/175 kB | 21/474 kB | 0/2.4 MBProgress (5): 53 kB | 36/223 kB | 49/175 kB | 21/474 kB | 0/2.4 MBProgress (5): 53 kB | 40/223 kB | 49/175 kB | 21/474 kB | 0/2.4 MBProgress (5): 53 kB | 40/223 kB | 49/175 kB | 21/474 kB | 0/2.4 MBProgress (5): 53 kB | 40/223 kB | 49/175 kB | 24/474 kB | 0/2.4 MBProgress (5): 53 kB | 40/223 kB | 49/175 kB | 24/474 kB | 0/2.4 MBProgress (5): 53 kB | 40/223 kB | 53/175 kB | 24/474 kB | 0/2.4 MBProgress (5): 53 kB | 45/223 kB | 53/175 kB | 24/474 kB | 0/2.4 MBProgress (5): 53 kB | 45/223 kB | 57/175 kB | 24/474 kB | 0/2.4 MBProgress (5): 53 kB | 45/223 kB | 57/175 kB | 24/474 kB | 0/2.4 MBProgress (5): 53 kB | 45/223 kB | 57/175 kB | 27/474 kB | 0/2.4 MBProgress (5): 53 kB | 45/223 kB | 57/175 kB | 27/474 kB | 0/2.4 MBProgress (5): 53 kB | 45/223 kB | 61/175 kB | 27/474 kB | 0/2.4 MBProgress (5): 53 kB | 49/223 kB | 61/175 kB | 27/474 kB | 0/2.4 MBProgress (5): 53 kB | 49/223 kB | 65/175 kB | 27/474 kB | 0/2.4 MBProgress (5): 53 kB | 49/223 kB | 65/175 kB | 27/474 kB | 0/2.4 MBProgress (5): 53 kB | 53/223 kB | 65/175 kB | 27/474 kB | 0/2.4 MBProgress (5): 53 kB | 53/223 kB | 65/175 kB | 30/474 kB | 0/2.4 MBProgress (5): 53 kB | 53/223 kB | 69/175 kB | 30/474 kB | 0/2.4 MBProgress (5): 53 kB | 57/223 kB | 69/175 kB | 30/474 kB | 0/2.4 MBProgress (5): 53 kB | 57/223 kB | 69/175 kB | 30/474 kB | 0/2.4 MBProgress (5): 53 kB | 61/223 kB | 69/175 kB | 30/474 kB | 0/2.4 MBProgress (5): 53 kB | 61/223 kB | 73/175 kB | 30/474 kB | 0/2.4 MBProgress (5): 53 kB | 61/223 kB | 73/175 kB | 32/474 kB | 0/2.4 MBProgress (5): 53 kB | 61/223 kB | 77/175 kB | 32/474 kB | 0/2.4 MBProgress (5): 53 kB | 65/223 kB | 77/175 kB | 32/474 kB | 0/2.4 MBProgress (5): 53 kB | 65/223 kB | 77/175 kB | 36/474 kB | 0/2.4 MBProgress (5): 53 kB | 65/223 kB | 77/175 kB | 36/474 kB | 0/2.4 MBProgress (5): 53 kB | 65/223 kB | 77/175 kB | 40/474 kB | 0/2.4 MBProgress (5): 53 kB | 65/223 kB | 81/175 kB | 40/474 kB | 0/2.4 MBProgress (5): 53 kB | 65/223 kB | 81/175 kB | 45/474 kB | 0/2.4 MBProgress (5): 53 kB | 65/223 kB | 81/175 kB | 45/474 kB | 0/2.4 MBProgress (5): 53 kB | 65/223 kB | 85/175 kB | 45/474 kB | 0/2.4 MBProgress (5): 53 kB | 69/223 kB | 85/175 kB | 45/474 kB | 0/2.4 MBProgress (5): 53 kB | 69/223 kB | 90/175 kB | 45/474 kB | 0/2.4 MBProgress (5): 53 kB | 69/223 kB | 90/175 kB | 45/474 kB | 0/2.4 MBProgress (5): 53 kB | 69/223 kB | 90/175 kB | 49/474 kB | 0/2.4 MBProgress (5): 53 kB | 69/223 kB | 90/175 kB | 49/474 kB | 0/2.4 MBProgress (5): 53 kB | 69/223 kB | 94/175 kB | 49/474 kB | 0/2.4 MBProgress (5): 53 kB | 69/223 kB | 94/175 kB | 53/474 kB | 0/2.4 MBProgress (5): 53 kB | 73/223 kB | 94/175 kB | 53/474 kB | 0/2.4 MBProgress (5): 53 kB | 73/223 kB | 94/175 kB | 57/474 kB | 0/2.4 MBProgress (5): 53 kB | 73/223 kB | 98/175 kB | 57/474 kB | 0/2.4 MBProgress (5): 53 kB | 73/223 kB | 98/175 kB | 57/474 kB | 0/2.4 MBProgress (5): 53 kB | 73/223 kB | 98/175 kB | 61/474 kB | 0/2.4 MBProgress (5): 53 kB | 73/223 kB | 102/175 kB | 61/474 kB | 0/2.4 MBProgress (5): 53 kB | 77/223 kB | 102/175 kB | 61/474 kB | 0/2.4 MBProgress (5): 53 kB | 77/223 kB | 106/175 kB | 61/474 kB | 0/2.4 MBProgress (5): 53 kB | 77/223 kB | 106/175 kB | 61/474 kB | 0/2.4 MBProgress (5): 53 kB | 77/223 kB | 106/175 kB | 65/474 kB | 0/2.4 MBProgress (5): 53 kB | 77/223 kB | 106/175 kB | 65/474 kB | 0/2.4 MBProgress (5): 53 kB | 77/223 kB | 110/175 kB | 65/474 kB | 0/2.4 MBProgress (5): 53 kB | 77/223 kB | 110/175 kB | 69/474 kB | 0/2.4 MBProgress (5): 53 kB | 81/223 kB | 110/175 kB | 69/474 kB | 0/2.4 MBProgress (5): 53 kB | 81/223 kB | 110/175 kB | 73/474 kB | 0/2.4 MBProgress (5): 53 kB | 81/223 kB | 114/175 kB | 73/474 kB | 0/2.4 MBProgress (5): 53 kB | 85/223 kB | 114/175 kB | 73/474 kB | 0/2.4 MBProgress (5): 53 kB | 85/223 kB | 114/175 kB | 73/474 kB | 0/2.4 MBProgress (5): 53 kB | 90/223 kB | 114/175 kB | 73/474 kB | 0/2.4 MBProgress (5): 53 kB | 90/223 kB | 114/175 kB | 77/474 kB | 0/2.4 MBProgress (5): 53 kB | 94/223 kB | 114/175 kB | 77/474 kB | 0/2.4 MBProgress (5): 53 kB | 94/223 kB | 114/175 kB | 77/474 kB | 0/2.4 MBProgress (5): 53 kB | 94/223 kB | 118/175 kB | 77/474 kB | 0/2.4 MBProgress (5): 53 kB | 98/223 kB | 118/175 kB | 77/474 kB | 0/2.4 MBProgress (5): 53 kB | 98/223 kB | 118/175 kB | 81/474 kB | 0/2.4 MBProgress (5): 53 kB | 98/223 kB | 118/175 kB | 81/474 kB | 0.1/2.4 MBProgress (5): 53 kB | 98/223 kB | 122/175 kB | 81/474 kB | 0.1/2.4 MBProgress (5): 53 kB | 98/223 kB | 122/175 kB | 81/474 kB | 0.1/2.4 MBProgress (5): 53 kB | 102/223 kB | 122/175 kB | 81/474 kB | 0.1/2.4 MBProgress (5): 53 kB | 102/223 kB | 122/175 kB | 81/474 kB | 0.1/2.4 MBProgress (5): 53 kB | 102/223 kB | 122/175 kB | 85/474 kB | 0.1/2.4 MBProgress (5): 53 kB | 102/223 kB | 126/175 kB | 85/474 kB | 0.1/2.4 MBProgress (5): 53 kB | 102/223 kB | 126/175 kB | 90/474 kB | 0.1/2.4 MBProgress (5): 53 kB | 102/223 kB | 126/175 kB | 90/474 kB | 0.1/2.4 MBProgress (5): 53 kB | 106/223 kB | 126/175 kB | 90/474 kB | 0.1/2.4 MBProgress (5): 53 kB | 106/223 kB | 126/175 kB | 94/474 kB | 0.1/2.4 MBProgress (5): 53 kB | 106/223 kB | 131/175 kB | 94/474 kB | 0.1/2.4 MBProgress (5): 53 kB | 106/223 kB | 131/175 kB | 98/474 kB | 0.1/2.4 MBProgress (5): 53 kB | 106/223 kB | 131/175 kB | 98/474 kB | 0.1/2.4 MBProgress (5): 53 kB | 110/223 kB | 131/175 kB | 98/474 kB | 0.1/2.4 MBProgress (5): 53 kB | 110/223 kB | 131/175 kB | 102/474 kB | 0.1/2.4 MBProgress (5): 53 kB | 110/223 kB | 131/175 kB | 102/474 kB | 0.1/2.4 MBProgress (5): 53 kB | 110/223 kB | 135/175 kB | 102/474 kB | 0.1/2.4 MBProgress (5): 53 kB | 110/223 kB | 135/175 kB | 102/474 kB | 0.1/2.4 MBProgress (5): 53 kB | 110/223 kB | 135/175 kB | 106/474 kB | 0.1/2.4 MBProgress (5): 53 kB | 114/223 kB | 135/175 kB | 106/474 kB | 0.1/2.4 MBProgress (5): 53 kB | 114/223 kB | 135/175 kB | 110/474 kB | 0.1/2.4 MBProgress (5): 53 kB | 114/223 kB | 135/175 kB | 110/474 kB | 0.1/2.4 MBProgress (5): 53 kB | 114/223 kB | 139/175 kB | 110/474 kB | 0.1/2.4 MBProgress (5): 53 kB | 118/223 kB | 139/175 kB | 110/474 kB | 0.1/2.4 MBProgress (5): 53 kB | 118/223 kB | 139/175 kB | 114/474 kB | 0.1/2.4 MBProgress (5): 53 kB | 118/223 kB | 139/175 kB | 114/474 kB | 0.1/2.4 MBProgress (5): 53 kB | 122/223 kB | 139/175 kB | 114/474 kB | 0.1/2.4 MBProgress (5): 53 kB | 122/223 kB | 143/175 kB | 114/474 kB | 0.1/2.4 MBProgress (5): 53 kB | 126/223 kB | 143/175 kB | 114/474 kB | 0.1/2.4 MBProgress (5): 53 kB | 126/223 kB | 143/175 kB | 118/474 kB | 0.1/2.4 MBProgress (5): 53 kB | 126/223 kB | 143/175 kB | 118/474 kB | 0.1/2.4 MBProgress (5): 53 kB | 126/223 kB | 143/175 kB | 122/474 kB | 0.1/2.4 MBProgress (5): 53 kB | 131/223 kB | 143/175 kB | 122/474 kB | 0.1/2.4 MBProgress (5): 53 kB | 131/223 kB | 147/175 kB | 122/474 kB | 0.1/2.4 MBProgress (5): 53 kB | 131/223 kB | 147/175 kB | 126/474 kB | 0.1/2.4 MBProgress (5): 53 kB | 131/223 kB | 147/175 kB | 126/474 kB | 0.1/2.4 MBProgress (5): 53 kB | 131/223 kB | 151/175 kB | 126/474 kB | 0.1/2.4 MBProgress (5): 53 kB | 131/223 kB | 151/175 kB | 131/474 kB | 0.1/2.4 MBProgress (5): 53 kB | 135/223 kB | 151/175 kB | 131/474 kB | 0.1/2.4 MBProgress (5): 53 kB | 135/223 kB | 155/175 kB | 131/474 kB | 0.1/2.4 MBProgress (5): 53 kB | 135/223 kB | 155/175 kB | 131/474 kB | 0.1/2.4 MBProgress (5): 53 kB | 135/223 kB | 159/175 kB | 131/474 kB | 0.1/2.4 MBProgress (5): 53 kB | 135/223 kB | 159/175 kB | 135/474 kB | 0.1/2.4 MBProgress (5): 53 kB | 139/223 kB | 159/175 kB | 135/474 kB | 0.1/2.4 MBProgress (5): 53 kB | 139/223 kB | 159/175 kB | 135/474 kB | 0.1/2.4 MBProgress (5): 53 kB | 139/223 kB | 159/175 kB | 139/474 kB | 0.1/2.4 MBProgress (5): 53 kB | 139/223 kB | 163/175 kB | 139/474 kB | 0.1/2.4 MBProgress (5): 53 kB | 139/223 kB | 163/175 kB | 143/474 kB | 0.1/2.4 MBProgress (5): 53 kB | 139/223 kB | 163/175 kB | 143/474 kB | 0.1/2.4 MBProgress (5): 53 kB | 143/223 kB | 163/175 kB | 143/474 kB | 0.1/2.4 MBProgress (5): 53 kB | 143/223 kB | 163/175 kB | 143/474 kB | 0.1/2.4 MBProgress (5): 53 kB | 143/223 kB | 163/175 kB | 147/474 kB | 0.1/2.4 MBProgress (5): 53 kB | 143/223 kB | 163/175 kB | 147/474 kB | 0.1/2.4 MBProgress (5): 53 kB | 147/223 kB | 163/175 kB | 147/474 kB | 0.1/2.4 MBProgress (5): 53 kB | 147/223 kB | 163/175 kB | 147/474 kB | 0.1/2.4 MBProgress (5): 53 kB | 151/223 kB | 163/175 kB | 147/474 kB | 0.1/2.4 MBProgress (5): 53 kB | 151/223 kB | 163/175 kB | 147/474 kB | 0.1/2.4 MBProgress (5): 53 kB | 155/223 kB | 163/175 kB | 147/474 kB | 0.1/2.4 MBProgress (5): 53 kB | 155/223 kB | 163/175 kB | 147/474 kB | 0.1/2.4 MBProgress (5): 53 kB | 159/223 kB | 163/175 kB | 147/474 kB | 0.1/2.4 MBProgress (5): 53 kB | 159/223 kB | 163/175 kB | 147/474 kB | 0.1/2.4 MBProgress (5): 53 kB | 163/223 kB | 163/175 kB | 147/474 kB | 0.1/2.4 MBProgress (5): 53 kB | 163/223 kB | 163/175 kB | 147/474 kB | 0.1/2.4 MBProgress (5): 53 kB | 167/223 kB | 163/175 kB | 147/474 kB | 0.1/2.4 MBProgress (5): 53 kB | 167/223 kB | 163/175 kB | 147/474 kB | 0.1/2.4 MBProgress (5): 53 kB | 171/223 kB | 163/175 kB | 147/474 kB | 0.1/2.4 MBProgress (5): 53 kB | 171/223 kB | 163/175 kB | 147/474 kB | 0.1/2.4 MBProgress (5): 53 kB | 176/223 kB | 163/175 kB | 147/474 kB | 0.1/2.4 MBProgress (5): 53 kB | 176/223 kB | 163/175 kB | 147/474 kB | 0.1/2.4 MBProgress (5): 53 kB | 180/223 kB | 163/175 kB | 147/474 kB | 0.1/2.4 MBProgress (5): 53 kB | 180/223 kB | 163/175 kB | 147/474 kB | 0.2/2.4 MBProgress (5): 53 kB | 184/223 kB | 163/175 kB | 147/474 kB | 0.2/2.4 MBProgress (5): 53 kB | 184/223 kB | 163/175 kB | 147/474 kB | 0.2/2.4 MBProgress (5): 53 kB | 188/223 kB | 163/175 kB | 147/474 kB | 0.2/2.4 MBProgress (5): 53 kB | 188/223 kB | 163/175 kB | 147/474 kB | 0.2/2.4 MBProgress (5): 53 kB | 192/223 kB | 163/175 kB | 147/474 kB | 0.2/2.4 MBProgress (5): 53 kB | 192/223 kB | 163/175 kB | 147/474 kB | 0.2/2.4 MBProgress (5): 53 kB | 196/223 kB | 163/175 kB | 147/474 kB | 0.2/2.4 MBProgress (5): 53 kB | 196/223 kB | 163/175 kB | 147/474 kB | 0.2/2.4 MBProgress (5): 53 kB | 200/223 kB | 163/175 kB | 147/474 kB | 0.2/2.4 MBProgress (5): 53 kB | 200/223 kB | 163/175 kB | 147/474 kB | 0.2/2.4 MBProgress (5): 53 kB | 204/223 kB | 163/175 kB | 147/474 kB | 0.2/2.4 MBProgress (5): 53 kB | 204/223 kB | 163/175 kB | 147/474 kB | 0.2/2.4 MBProgress (5): 53 kB | 208/223 kB | 163/175 kB | 147/474 kB | 0.2/2.4 MBProgress (5): 53 kB | 208/223 kB | 163/175 kB | 147/474 kB | 0.2/2.4 MBProgress (5): 53 kB | 212/223 kB | 163/175 kB | 147/474 kB | 0.2/2.4 MBProgress (5): 53 kB | 217/223 kB | 163/175 kB | 147/474 kB | 0.2/2.4 MBProgress (5): 53 kB | 217/223 kB | 163/175 kB | 147/474 kB | 0.2/2.4 MBProgress (5): 53 kB | 221/223 kB | 163/175 kB | 147/474 kB | 0.2/2.4 MBProgress (5): 53 kB | 221/223 kB | 163/175 kB | 147/474 kB | 0.2/2.4 MBProgress (5): 53 kB | 223 kB | 163/175 kB | 147/474 kB | 0.2/2.4 MB    Progress (5): 53 kB | 223 kB | 163/175 kB | 147/474 kB | 0.2/2.4 MBProgress (5): 53 kB | 223 kB | 163/175 kB | 147/474 kB | 0.2/2.4 MBProgress (5): 53 kB | 223 kB | 163/175 kB | 147/474 kB | 0.2/2.4 MBProgress (5): 53 kB | 223 kB | 163/175 kB | 147/474 kB | 0.2/2.4 MBProgress (5): 53 kB | 223 kB | 163/175 kB | 147/474 kB | 0.2/2.4 MBProgress (5): 53 kB | 223 kB | 163/175 kB | 147/474 kB | 0.2/2.4 MBProgress (5): 53 kB | 223 kB | 163/175 kB | 147/474 kB | 0.2/2.4 MBProgress (5): 53 kB | 223 kB | 163/175 kB | 147/474 kB | 0.2/2.4 MBProgress (5): 53 kB | 223 kB | 163/175 kB | 147/474 kB | 0.2/2.4 MBProgress (5): 53 kB | 223 kB | 163/175 kB | 147/474 kB | 0.2/2.4 MBProgress (5): 53 kB | 223 kB | 163/175 kB | 147/474 kB | 0.2/2.4 MBProgress (5): 53 kB | 223 kB | 163/175 kB | 147/474 kB | 0.2/2.4 MBProgress (5): 53 kB | 223 kB | 163/175 kB | 147/474 kB | 0.2/2.4 MBProgress (5): 53 kB | 223 kB | 163/175 kB | 147/474 kB | 0.2/2.4 MBProgress (5): 53 kB | 223 kB | 163/175 kB | 147/474 kB | 0.2/2.4 MBProgress (5): 53 kB | 223 kB | 163/175 kB | 147/474 kB | 0.3/2.4 MBProgress (5): 53 kB | 223 kB | 163/175 kB | 147/474 kB | 0.3/2.4 MBProgress (5): 53 kB | 223 kB | 163/175 kB | 147/474 kB | 0.3/2.4 MBProgress (5): 53 kB | 223 kB | 163/175 kB | 147/474 kB | 0.3/2.4 MBProgress (5): 53 kB | 223 kB | 163/175 kB | 147/474 kB | 0.3/2.4 MBProgress (5): 53 kB | 223 kB | 163/175 kB | 147/474 kB | 0.3/2.4 MBProgress (5): 53 kB | 223 kB | 163/175 kB | 147/474 kB | 0.3/2.4 MBProgress (5): 53 kB | 223 kB | 163/175 kB | 147/474 kB | 0.3/2.4 MBProgress (5): 53 kB | 223 kB | 163/175 kB | 147/474 kB | 0.3/2.4 MBProgress (5): 53 kB | 223 kB | 163/175 kB | 147/474 kB | 0.3/2.4 MBProgress (5): 53 kB | 223 kB | 163/175 kB | 147/474 kB | 0.3/2.4 MBProgress (5): 53 kB | 223 kB | 163/175 kB | 147/474 kB | 0.3/2.4 MBProgress (5): 53 kB | 223 kB | 163/175 kB | 147/474 kB | 0.3/2.4 MBProgress (5): 53 kB | 223 kB | 163/175 kB | 147/474 kB | 0.3/2.4 MBProgress (5): 53 kB | 223 kB | 163/175 kB | 147/474 kB | 0.3/2.4 MBProgress (5): 53 kB | 223 kB | 163/175 kB | 147/474 kB | 0.3/2.4 MBProgress (5): 53 kB | 223 kB | 163/175 kB | 147/474 kB | 0.3/2.4 MBProgress (5): 53 kB | 223 kB | 163/175 kB | 147/474 kB | 0.3/2.4 MBProgress (5): 53 kB | 223 kB | 163/175 kB | 147/474 kB | 0.3/2.4 MBProgress (5): 53 kB | 223 kB | 163/175 kB | 147/474 kB | 0.3/2.4 MBProgress (5): 53 kB | 223 kB | 163/175 kB | 147/474 kB | 0.3/2.4 MBProgress (5): 53 kB | 223 kB | 163/175 kB | 147/474 kB | 0.3/2.4 MBProgress (5): 53 kB | 223 kB | 163/175 kB | 147/474 kB | 0.3/2.4 MBProgress (5): 53 kB | 223 kB | 163/175 kB | 147/474 kB | 0.3/2.4 MBProgress (5): 53 kB | 223 kB | 163/175 kB | 147/474 kB | 0.4/2.4 MBProgress (5): 53 kB | 223 kB | 163/175 kB | 147/474 kB | 0.4/2.4 MBProgress (5): 53 kB | 223 kB | 163/175 kB | 147/474 kB | 0.4/2.4 MBProgress (5): 53 kB | 223 kB | 163/175 kB | 147/474 kB | 0.4/2.4 MBProgress (5): 53 kB | 223 kB | 163/175 kB | 147/474 kB | 0.4/2.4 MBProgress (5): 53 kB | 223 kB | 163/175 kB | 147/474 kB | 0.4/2.4 MBProgress (5): 53 kB | 223 kB | 163/175 kB | 147/474 kB | 0.4/2.4 MBProgress (5): 53 kB | 223 kB | 167/175 kB | 147/474 kB | 0.4/2.4 MBProgress (5): 53 kB | 223 kB | 171/175 kB | 147/474 kB | 0.4/2.4 MBProgress (5): 53 kB | 223 kB | 175 kB | 147/474 kB | 0.4/2.4 MB                                                                   Downloaded from central: https://repo.maven.apache.org/maven2/org/objenesis/objenesis/2.2/objenesis-2.2.jar (53 kB at 144 kB/s)
Downloading from central: https://repo.maven.apache.org/maven2/org/apache/maven/maven-settings/2.2.0/maven-settings-2.2.0.jar
Progress (4): 223 kB | 175 kB | 151/474 kB | 0.4/2.4 MBProgress (4): 223 kB | 175 kB | 155/474 kB | 0.4/2.4 MBProgress (4): 223 kB | 175 kB | 159/474 kB | 0.4/2.4 MBProgress (4): 223 kB | 175 kB | 163/474 kB | 0.4/2.4 MBProgress (4): 223 kB | 175 kB | 167/474 kB | 0.4/2.4 MBProgress (4): 223 kB | 175 kB | 171/474 kB | 0.4/2.4 MBProgress (4): 223 kB | 175 kB | 176/474 kB | 0.4/2.4 MBProgress (4): 223 kB | 175 kB | 180/474 kB | 0.4/2.4 MBProgress (4): 223 kB | 175 kB | 184/474 kB | 0.4/2.4 MBProgress (4): 223 kB | 175 kB | 188/474 kB | 0.4/2.4 MBProgress (4): 223 kB | 175 kB | 192/474 kB | 0.4/2.4 MBProgress (4): 223 kB | 175 kB | 196/474 kB | 0.4/2.4 MBProgress (4): 223 kB | 175 kB | 200/474 kB | 0.4/2.4 MBProgress (4): 223 kB | 175 kB | 204/474 kB | 0.4/2.4 MBProgress (4): 223 kB | 175 kB | 208/474 kB | 0.4/2.4 MBProgress (4): 223 kB | 175 kB | 212/474 kB | 0.4/2.4 MBProgress (4): 223 kB | 175 kB | 217/474 kB | 0.4/2.4 MBProgress (4): 223 kB | 175 kB | 221/474 kB | 0.4/2.4 MBProgress (4): 223 kB | 175 kB | 225/474 kB | 0.4/2.4 MBProgress (4): 223 kB | 175 kB | 229/474 kB | 0.4/2.4 MBProgress (4): 223 kB | 175 kB | 233/474 kB | 0.4/2.4 MBProgress (4): 223 kB | 175 kB | 237/474 kB | 0.4/2.4 MBProgress (4): 223 kB | 175 kB | 241/474 kB | 0.4/2.4 MBProgress (4): 223 kB | 175 kB | 245/474 kB | 0.4/2.4 MBProgress (4): 223 kB | 175 kB | 249/474 kB | 0.4/2.4 MBProgress (4): 223 kB | 175 kB | 253/474 kB | 0.4/2.4 MBProgress (4): 223 kB | 175 kB | 258/474 kB | 0.4/2.4 MBProgress (4): 223 kB | 175 kB | 262/474 kB | 0.4/2.4 MBProgress (4): 223 kB | 175 kB | 266/474 kB | 0.4/2.4 MBProgress (4): 223 kB | 175 kB | 270/474 kB | 0.4/2.4 MBProgress (4): 223 kB | 175 kB | 274/474 kB | 0.4/2.4 MBProgress (4): 223 kB | 175 kB | 278/474 kB | 0.4/2.4 MBProgress (4): 223 kB | 175 kB | 278/474 kB | 0.4/2.4 MBProgress (4): 223 kB | 175 kB | 282/474 kB | 0.4/2.4 MBProgress (4): 223 kB | 175 kB | 282/474 kB | 0.4/2.4 MBProgress (4): 223 kB | 175 kB | 286/474 kB | 0.4/2.4 MBProgress (4): 223 kB | 175 kB | 286/474 kB | 0.4/2.4 MBProgress (4): 223 kB | 175 kB | 290/474 kB | 0.4/2.4 MBProgress (4): 223 kB | 175 kB | 290/474 kB | 0.4/2.4 MBProgress (4): 223 kB | 175 kB | 294/474 kB | 0.4/2.4 MBProgress (4): 223 kB | 175 kB | 294/474 kB | 0.4/2.4 MBProgress (4): 223 kB | 175 kB | 298/474 kB | 0.4/2.4 MBProgress (4): 223 kB | 175 kB | 298/474 kB | 0.4/2.4 MBProgress (4): 223 kB | 175 kB | 303/474 kB | 0.4/2.4 MBProgress (4): 223 kB | 175 kB | 303/474 kB | 0.4/2.4 MBProgress (4): 223 kB | 175 kB | 307/474 kB | 0.4/2.4 MBProgress (4): 223 kB | 175 kB | 307/474 kB | 0.4/2.4 MBProgress (4): 223 kB | 175 kB | 311/474 kB | 0.4/2.4 MBProgress (4): 223 kB | 175 kB | 311/474 kB | 0.4/2.4 MBProgress (4): 223 kB | 175 kB | 315/474 kB | 0.4/2.4 MBProgress (4): 223 kB | 175 kB | 315/474 kB | 0.4/2.4 MBProgress (4): 223 kB | 175 kB | 319/474 kB | 0.4/2.4 MBProgress (4): 223 kB | 175 kB | 319/474 kB | 0.4/2.4 MBProgress (4): 223 kB | 175 kB | 323/474 kB | 0.4/2.4 MBProgress (4): 223 kB | 175 kB | 323/474 kB | 0.4/2.4 MBProgress (4): 223 kB | 175 kB | 327/474 kB | 0.4/2.4 MBProgress (4): 223 kB | 175 kB | 327/474 kB | 0.4/2.4 MBProgress (4): 223 kB | 175 kB | 331/474 kB | 0.4/2.4 MBProgress (4): 223 kB | 175 kB | 331/474 kB | 0.4/2.4 MBProgress (4): 223 kB | 175 kB | 335/474 kB | 0.4/2.4 MBProgress (4): 223 kB | 175 kB | 335/474 kB | 0.4/2.4 MBProgress (4): 223 kB | 175 kB | 339/474 kB | 0.4/2.4 MBProgress (4): 223 kB | 175 kB | 339/474 kB | 0.4/2.4 MBProgress (4): 223 kB | 175 kB | 344/474 kB | 0.4/2.4 MBProgress (4): 223 kB | 175 kB | 344/474 kB | 0.4/2.4 MBProgress (4): 223 kB | 175 kB | 348/474 kB | 0.4/2.4 MBProgress (4): 223 kB | 175 kB | 348/474 kB | 0.5/2.4 MBProgress (4): 223 kB | 175 kB | 352/474 kB | 0.5/2.4 MBProgress (4): 223 kB | 175 kB | 352/474 kB | 0.5/2.4 MBProgress (4): 223 kB | 175 kB | 356/474 kB | 0.5/2.4 MBProgress (4): 223 kB | 175 kB | 356/474 kB | 0.5/2.4 MBProgress (4): 223 kB | 175 kB | 360/474 kB | 0.5/2.4 MBProgress (4): 223 kB | 175 kB | 360/474 kB | 0.5/2.4 MBProgress (4): 223 kB | 175 kB | 364/474 kB | 0.5/2.4 MBProgress (4): 223 kB | 175 kB | 364/474 kB | 0.5/2.4 MBProgress (4): 223 kB | 175 kB | 368/474 kB | 0.5/2.4 MBProgress (4): 223 kB | 175 kB | 368/474 kB | 0.5/2.4 MBProgress (4): 223 kB | 175 kB | 372/474 kB | 0.5/2.4 MBProgress (4): 223 kB | 175 kB | 372/474 kB | 0.5/2.4 MBProgress (4): 223 kB | 175 kB | 376/474 kB | 0.5/2.4 MBProgress (4): 223 kB | 175 kB | 376/474 kB | 0.5/2.4 MBProgress (4): 223 kB | 175 kB | 380/474 kB | 0.5/2.4 MBProgress (4): 223 kB | 175 kB | 380/474 kB | 0.5/2.4 MBProgress (4): 223 kB | 175 kB | 384/474 kB | 0.5/2.4 MBProgress (4): 223 kB | 175 kB | 384/474 kB | 0.5/2.4 MBProgress (4): 223 kB | 175 kB | 389/474 kB | 0.5/2.4 MBProgress (4): 223 kB | 175 kB | 389/474 kB | 0.5/2.4 MBProgress (4): 223 kB | 175 kB | 393/474 kB | 0.5/2.4 MBProgress (4): 223 kB | 175 kB | 393/474 kB | 0.5/2.4 MBProgress (4): 223 kB | 175 kB | 397/474 kB | 0.5/2.4 MBProgress (4): 223 kB | 175 kB | 397/474 kB | 0.5/2.4 MBProgress (4): 223 kB | 175 kB | 401/474 kB | 0.5/2.4 MBProgress (4): 223 kB | 175 kB | 401/474 kB | 0.5/2.4 MBProgress (4): 223 kB | 175 kB | 405/474 kB | 0.5/2.4 MBProgress (4): 223 kB | 175 kB | 405/474 kB | 0.5/2.4 MBProgress (4): 223 kB | 175 kB | 409/474 kB | 0.5/2.4 MBProgress (4): 223 kB | 175 kB | 409/474 kB | 0.5/2.4 MBProgress (4): 223 kB | 175 kB | 413/474 kB | 0.5/2.4 MBProgress (4): 223 kB | 175 kB | 413/474 kB | 0.5/2.4 MBProgress (4): 223 kB | 175 kB | 417/474 kB | 0.5/2.4 MBProgress (4): 223 kB | 175 kB | 417/474 kB | 0.5/2.4 MBProgress (4): 223 kB | 175 kB | 421/474 kB | 0.5/2.4 MBProgress (4): 223 kB | 175 kB | 421/474 kB | 0.5/2.4 MBProgress (4): 223 kB | 175 kB | 425/474 kB | 0.5/2.4 MBProgress (4): 223 kB | 175 kB | 425/474 kB | 0.5/2.4 MBProgress (4): 223 kB | 175 kB | 425/474 kB | 0.5/2.4 MBProgress (4): 223 kB | 175 kB | 425/474 kB | 0.5/2.4 MBProgress (4): 223 kB | 175 kB | 425/474 kB | 0.5/2.4 MBProgress (4): 223 kB | 175 kB | 425/474 kB | 0.5/2.4 MBProgress (4): 223 kB | 175 kB | 425/474 kB | 0.5/2.4 MBProgress (4): 223 kB | 175 kB | 425/474 kB | 0.6/2.4 MBProgress (4): 223 kB | 175 kB | 425/474 kB | 0.6/2.4 MBProgress (4): 223 kB | 175 kB | 425/474 kB | 0.6/2.4 MBProgress (4): 223 kB | 175 kB | 425/474 kB | 0.6/2.4 MBProgress (4): 223 kB | 175 kB | 425/474 kB | 0.6/2.4 MBProgress (4): 223 kB | 175 kB | 425/474 kB | 0.6/2.4 MBProgress (4): 223 kB | 175 kB | 425/474 kB | 0.6/2.4 MBProgress (4): 223 kB | 175 kB | 425/474 kB | 0.6/2.4 MBProgress (4): 223 kB | 175 kB | 425/474 kB | 0.6/2.4 MBProgress (4): 223 kB | 175 kB | 425/474 kB | 0.6/2.4 MBProgress (4): 223 kB | 175 kB | 425/474 kB | 0.6/2.4 MBProgress (4): 223 kB | 175 kB | 425/474 kB | 0.6/2.4 MBProgress (4): 223 kB | 175 kB | 425/474 kB | 0.6/2.4 MBProgress (4): 223 kB | 175 kB | 425/474 kB | 0.6/2.4 MBProgress (4): 223 kB | 175 kB | 425/474 kB | 0.6/2.4 MBProgress (4): 223 kB | 175 kB | 425/474 kB | 0.6/2.4 MBProgress (4): 223 kB | 175 kB | 425/474 kB | 0.6/2.4 MBProgress (4): 223 kB | 175 kB | 425/474 kB | 0.6/2.4 MBProgress (4): 223 kB | 175 kB | 425/474 kB | 0.6/2.4 MBProgress (4): 223 kB | 175 kB | 425/474 kB | 0.6/2.4 MBProgress (4): 223 kB | 175 kB | 425/474 kB | 0.6/2.4 MBProgress (4): 223 kB | 175 kB | 425/474 kB | 0.6/2.4 MBProgress (4): 223 kB | 175 kB | 425/474 kB | 0.6/2.4 MBProgress (4): 223 kB | 175 kB | 425/474 kB | 0.6/2.4 MBProgress (4): 223 kB | 175 kB | 425/474 kB | 0.7/2.4 MBProgress (4): 223 kB | 175 kB | 425/474 kB | 0.7/2.4 MBProgress (4): 223 kB | 175 kB | 425/474 kB | 0.7/2.4 MBProgress (4): 223 kB | 175 kB | 425/474 kB | 0.7/2.4 MBProgress (4): 223 kB | 175 kB | 425/474 kB | 0.7/2.4 MBProgress (4): 223 kB | 175 kB | 425/474 kB | 0.7/2.4 MBProgress (4): 223 kB | 175 kB | 425/474 kB | 0.7/2.4 MBProgress (4): 223 kB | 175 kB | 425/474 kB | 0.7/2.4 MBProgress (4): 223 kB | 175 kB | 425/474 kB | 0.7/2.4 MBProgress (4): 223 kB | 175 kB | 425/474 kB | 0.7/2.4 MBProgress (4): 223 kB | 175 kB | 425/474 kB | 0.7/2.4 MBProgress (4): 223 kB | 175 kB | 425/474 kB | 0.7/2.4 MBProgress (4): 223 kB | 175 kB | 425/474 kB | 0.7/2.4 MBProgress (4): 223 kB | 175 kB | 425/474 kB | 0.7/2.4 MBProgress (4): 223 kB | 175 kB | 425/474 kB | 0.7/2.4 MBProgress (4): 223 kB | 175 kB | 425/474 kB | 0.7/2.4 MBProgress (4): 223 kB | 175 kB | 425/474 kB | 0.7/2.4 MBProgress (4): 223 kB | 175 kB | 425/474 kB | 0.7/2.4 MBProgress (4): 223 kB | 175 kB | 425/474 kB | 0.7/2.4 MBProgress (4): 223 kB | 175 kB | 425/474 kB | 0.7/2.4 MBProgress (4): 223 kB | 175 kB | 425/474 kB | 0.7/2.4 MBProgress (4): 223 kB | 175 kB | 425/474 kB | 0.7/2.4 MBProgress (4): 223 kB | 175 kB | 425/474 kB | 0.7/2.4 MBProgress (4): 223 kB | 175 kB | 425/474 kB | 0.7/2.4 MBProgress (4): 223 kB | 175 kB | 425/474 kB | 0.7/2.4 MBProgress (4): 223 kB | 175 kB | 425/474 kB | 0.8/2.4 MBProgress (4): 223 kB | 175 kB | 425/474 kB | 0.8/2.4 MBProgress (4): 223 kB | 175 kB | 425/474 kB | 0.8/2.4 MBProgress (4): 223 kB | 175 kB | 425/474 kB | 0.8/2.4 MBProgress (4): 223 kB | 175 kB | 425/474 kB | 0.8/2.4 MBProgress (4): 223 kB | 175 kB | 425/474 kB | 0.8/2.4 MBProgress (4): 223 kB | 175 kB | 425/474 kB | 0.8/2.4 MBProgress (4): 223 kB | 175 kB | 425/474 kB | 0.8/2.4 MBProgress (4): 223 kB | 175 kB | 425/474 kB | 0.8/2.4 MBProgress (4): 223 kB | 175 kB | 425/474 kB | 0.8/2.4 MBProgress (4): 223 kB | 175 kB | 425/474 kB | 0.8/2.4 MBProgress (4): 223 kB | 175 kB | 425/474 kB | 0.8/2.4 MBProgress (4): 223 kB | 175 kB | 425/474 kB | 0.8/2.4 MBProgress (4): 223 kB | 175 kB | 425/474 kB | 0.8/2.4 MBProgress (4): 223 kB | 175 kB | 425/474 kB | 0.8/2.4 MBProgress (4): 223 kB | 175 kB | 425/474 kB | 0.8/2.4 MBProgress (4): 223 kB | 175 kB | 425/474 kB | 0.8/2.4 MBProgress (4): 223 kB | 175 kB | 425/474 kB | 0.8/2.4 MBProgress (4): 223 kB | 175 kB | 425/474 kB | 0.8/2.4 MBProgress (4): 223 kB | 175 kB | 425/474 kB | 0.8/2.4 MBProgress (4): 223 kB | 175 kB | 425/474 kB | 0.8/2.4 MBProgress (4): 223 kB | 175 kB | 425/474 kB | 0.8/2.4 MBProgress (4): 223 kB | 175 kB | 425/474 kB | 0.8/2.4 MBProgress (4): 223 kB | 175 kB | 425/474 kB | 0.8/2.4 MBProgress (4): 223 kB | 175 kB | 425/474 kB | 0.9/2.4 MB                                                       Downloaded from central: https://repo.maven.apache.org/maven2/org/apache/felix/maven-bundle-plugin/3.2.0/maven-bundle-plugin-3.2.0.jar (223 kB at 514 kB/s)
Downloading from central: https://repo.maven.apache.org/maven2/org/apache/maven/maven-plugin-parameter-documenter/2.2.0/maven-plugin-parameter-documenter-2.2.0.jar
Progress (4): 175 kB | 425/474 kB | 0.9/2.4 MB | 4.1/49 kBProgress (4): 175 kB | 425/474 kB | 0.9/2.4 MB | 7.7/49 kBProgress (4): 175 kB | 425/474 kB | 0.9/2.4 MB | 12/49 kB Progress (4): 175 kB | 425/474 kB | 0.9/2.4 MB | 16/49 kBProgress (4): 175 kB | 430/474 kB | 0.9/2.4 MB | 16/49 kBProgress (4): 175 kB | 434/474 kB | 0.9/2.4 MB | 16/49 kBProgress (4): 175 kB | 434/474 kB | 0.9/2.4 MB | 20/49 kBProgress (4): 175 kB | 438/474 kB | 0.9/2.4 MB | 20/49 kBProgress (4): 175 kB | 438/474 kB | 0.9/2.4 MB | 24/49 kBProgress (4): 175 kB | 442/474 kB | 0.9/2.4 MB | 24/49 kBProgress (4): 175 kB | 442/474 kB | 0.9/2.4 MB | 28/49 kBProgress (4): 175 kB | 442/474 kB | 0.9/2.4 MB | 32/49 kBProgress (4): 175 kB | 446/474 kB | 0.9/2.4 MB | 32/49 kBProgress (4): 175 kB | 450/474 kB | 0.9/2.4 MB | 32/49 kBProgress (4): 175 kB | 454/474 kB | 0.9/2.4 MB | 32/49 kBProgress (4): 175 kB | 454/474 kB | 0.9/2.4 MB | 36/49 kBProgress (4): 175 kB | 458/474 kB | 0.9/2.4 MB | 36/49 kBProgress (4): 175 kB | 458/474 kB | 0.9/2.4 MB | 40/49 kBProgress (4): 175 kB | 458/474 kB | 0.9/2.4 MB | 45/49 kBProgress (4): 175 kB | 462/474 kB | 0.9/2.4 MB | 45/49 kBProgress (4): 175 kB | 462/474 kB | 0.9/2.4 MB | 49/49 kBProgress (4): 175 kB | 466/474 kB | 0.9/2.4 MB | 49/49 kBProgress (4): 175 kB | 466/474 kB | 0.9/2.4 MB | 49 kB   Progress (4): 175 kB | 470/474 kB | 0.9/2.4 MB | 49 kB                                                      Downloaded from central: https://repo.maven.apache.org/maven2/org/apache/maven/maven-core/2.2.0/maven-core-2.2.0.jar (175 kB at 318 kB/s)
Progress (3): 474 kB | 0.9/2.4 MB | 49 kB                                         Downloading from central: https://repo.maven.apache.org/maven2/org/apache/maven/reporting/maven-reporting-api/2.2.0/maven-reporting-api-2.2.0.jar
Progress (4): 474 kB | 0.9/2.4 MB | 49 kB | 4.1/22 kBProgress (4): 474 kB | 0.9/2.4 MB | 49 kB | 7.7/22 kBProgress (4): 474 kB | 0.9/2.4 MB | 49 kB | 12/22 kB Progress (4): 474 kB | 0.9/2.4 MB | 49 kB | 16/22 kBProgress (4): 474 kB | 0.9/2.4 MB | 49 kB | 20/22 kBProgress (4): 474 kB | 0.9/2.4 MB | 49 kB | 22 kB                                                    Downloaded from central: https://repo.maven.apache.org/maven2/org/apache/maven/maven-settings/2.2.0/maven-settings-2.2.0.jar (49 kB at 67 kB/s)
Downloaded from central: https://repo.maven.apache.org/maven2/org/easymock/easymock/3.4/easymock-3.4.jar (474 kB at 645 kB/s)
Downloading from central: https://repo.maven.apache.org/maven2/org/apache/maven/maven-model/2.2.0/maven-model-2.2.0.jar
Downloading from central: https://repo.maven.apache.org/maven2/org/apache/maven/maven-profile/2.2.0/maven-profile-2.2.0.jar
Progress (3): 0.9/2.4 MB | 22 kB | 4.1/9.8 kBProgress (3): 0.9/2.4 MB | 22 kB | 7.7/9.8 kBProgress (3): 0.9/2.4 MB | 22 kB | 9.8 kB                                             Downloaded from central: https://repo.maven.apache.org/maven2/org/apache/maven/maven-plugin-parameter-documenter/2.2.0/maven-plugin-parameter-documenter-2.2.0.jar (22 kB at 27 kB/s)
Downloading from central: https://repo.maven.apache.org/maven2/org/apache/maven/maven-artifact/2.2.0/maven-artifact-2.2.0.jar
Progress (3): 0.9/2.4 MB | 9.8 kB | 4.1/35 kBProgress (3): 0.9/2.4 MB | 9.8 kB | 7.7/35 kBProgress (4): 0.9/2.4 MB | 9.8 kB | 7.7/35 kB | 4.1/87 kBProgress (4): 0.9/2.4 MB | 9.8 kB | 12/35 kB | 4.1/87 kB Progress (4): 0.9/2.4 MB | 9.8 kB | 12/35 kB | 7.5/87 kBProgress (4): 0.9/2.4 MB | 9.8 kB | 16/35 kB | 7.5/87 kBProgress (4): 0.9/2.4 MB | 9.8 kB | 16/35 kB | 12/87 kB Progress (4): 0.9/2.4 MB | 9.8 kB | 20/35 kB | 12/87 kBProgress (4): 0.9/2.4 MB | 9.8 kB | 20/35 kB | 16/87 kBProgress (4): 0.9/2.4 MB | 9.8 kB | 24/35 kB | 16/87 kBProgress (4): 0.9/2.4 MB | 9.8 kB | 24/35 kB | 20/87 kBProgress (4): 0.9/2.4 MB | 9.8 kB | 28/35 kB | 20/87 kBProgress (4): 0.9/2.4 MB | 9.8 kB | 28/35 kB | 24/87 kBProgress (4): 0.9/2.4 MB | 9.8 kB | 32/35 kB | 24/87 kB                                                       Downloaded from central: https://repo.maven.apache.org/maven2/org/apache/maven/reporting/maven-reporting-api/2.2.0/maven-reporting-api-2.2.0.jar (9.8 kB at 11 kB/s)
Downloading from central: https://repo.maven.apache.org/maven2/org/apache/maven/maven-repository-metadata/2.2.0/maven-repository-metadata-2.2.0.jar
Progress (3): 0.9/2.4 MB | 32/35 kB | 28/87 kBProgress (3): 0.9/2.4 MB | 35 kB | 28/87 kB   Progress (3): 0.9/2.4 MB | 35 kB | 32/87 kBProgress (3): 0.9/2.4 MB | 35 kB | 36/87 kBProgress (3): 0.9/2.4 MB | 35 kB | 40/87 kBProgress (3): 0.9/2.4 MB | 35 kB | 44/87 kBProgress (3): 0.9/2.4 MB | 35 kB | 49/87 kBProgress (3): 0.9/2.4 MB | 35 kB | 53/87 kBProgress (3): 0.9/2.4 MB | 35 kB | 57/87 kBProgress (3): 0.9/2.4 MB | 35 kB | 61/87 kBProgress (3): 0.9/2.4 MB | 35 kB | 65/87 kBProgress (3): 0.9/2.4 MB | 35 kB | 69/87 kBProgress (3): 0.9/2.4 MB | 35 kB | 73/87 kBProgress (3): 0.9/2.4 MB | 35 kB | 77/87 kBProgress (3): 0.9/2.4 MB | 35 kB | 81/87 kBProgress (3): 0.9/2.4 MB | 35 kB | 85/87 kBProgress (3): 0.9/2.4 MB | 35 kB | 87 kB   Progress (3): 0.9/2.4 MB | 35 kB | 87 kBProgress (3): 0.9/2.4 MB | 35 kB | 87 kBProgress (3): 0.9/2.4 MB | 35 kB | 87 kBProgress (3): 0.9/2.4 MB | 35 kB | 87 kBProgress (3): 0.9/2.4 MB | 35 kB | 87 kBProgress (3): 0.9/2.4 MB | 35 kB | 87 kBProgress (3): 0.9/2.4 MB | 35 kB | 87 kBProgress (3): 0.9/2.4 MB | 35 kB | 87 kBProgress (3): 0.9/2.4 MB | 35 kB | 87 kBProgress (3): 0.9/2.4 MB | 35 kB | 87 kBProgress (3): 0.9/2.4 MB | 35 kB | 87 kBProgress (3): 0.9/2.4 MB | 35 kB | 87 kBProgress (3): 0.9/2.4 MB | 35 kB | 87 kBProgress (3): 0.9/2.4 MB | 35 kB | 87 kBProgress (3): 0.9/2.4 MB | 35 kB | 87 kBProgress (3): 0.9/2.4 MB | 35 kB | 87 kBProgress (3): 0.9/2.4 MB | 35 kB | 87 kBProgress (3): 0.9/2.4 MB | 35 kB | 87 kBProgress (3): 0.9/2.4 MB | 35 kB | 87 kBProgress (3): 0.9/2.4 MB | 35 kB | 87 kBProgress (3): 0.9/2.4 MB | 35 kB | 87 kBProgress (3): 0.9/2.4 MB | 35 kB | 87 kBProgress (3): 0.9/2.4 MB | 35 kB | 87 kBProgress (3): 0.9/2.4 MB | 35 kB | 87 kBProgress (3): 1.0/2.4 MB | 35 kB | 87 kBProgress (3): 1.0/2.4 MB | 35 kB | 87 kBProgress (3): 1.0/2.4 MB | 35 kB | 87 kBProgress (3): 1.0/2.4 MB | 35 kB | 87 kBProgress (3): 1.0/2.4 MB | 35 kB | 87 kBProgress (3): 1.0/2.4 MB | 35 kB | 87 kBProgress (3): 1.0/2.4 MB | 35 kB | 87 kBProgress (3): 1.0/2.4 MB | 35 kB | 87 kBProgress (3): 1.0/2.4 MB | 35 kB | 87 kBProgress (3): 1.0/2.4 MB | 35 kB | 87 kBProgress (3): 1.0/2.4 MB | 35 kB | 87 kBProgress (3): 1.0/2.4 MB | 35 kB | 87 kBProgress (3): 1.0/2.4 MB | 35 kB | 87 kBProgress (3): 1.0/2.4 MB | 35 kB | 87 kBProgress (3): 1.0/2.4 MB | 35 kB | 87 kBProgress (3): 1.0/2.4 MB | 35 kB | 87 kBProgress (3): 1.0/2.4 MB | 35 kB | 87 kBProgress (3): 1.0/2.4 MB | 35 kB | 87 kBProgress (3): 1.0/2.4 MB | 35 kB | 87 kBProgress (3): 1.0/2.4 MB | 35 kB | 87 kBProgress (3): 1.0/2.4 MB | 35 kB | 87 kBProgress (3): 1.0/2.4 MB | 35 kB | 87 kBProgress (3): 1.0/2.4 MB | 35 kB | 87 kBProgress (3): 1.0/2.4 MB | 35 kB | 87 kBProgress (3): 1.1/2.4 MB | 35 kB | 87 kBProgress (3): 1.1/2.4 MB | 35 kB | 87 kBProgress (3): 1.1/2.4 MB | 35 kB | 87 kBProgress (3): 1.1/2.4 MB | 35 kB | 87 kBProgress (3): 1.1/2.4 MB | 35 kB | 87 kBProgress (3): 1.1/2.4 MB | 35 kB | 87 kBProgress (3): 1.1/2.4 MB | 35 kB | 87 kBProgress (3): 1.1/2.4 MB | 35 kB | 87 kBProgress (3): 1.1/2.4 MB | 35 kB | 87 kBProgress (3): 1.1/2.4 MB | 35 kB | 87 kBProgress (3): 1.1/2.4 MB | 35 kB | 87 kBProgress (3): 1.1/2.4 MB | 35 kB | 87 kBProgress (3): 1.1/2.4 MB | 35 kB | 87 kBProgress (3): 1.1/2.4 MB | 35 kB | 87 kBProgress (3): 1.1/2.4 MB | 35 kB | 87 kBProgress (3): 1.1/2.4 MB | 35 kB | 87 kBProgress (3): 1.1/2.4 MB | 35 kB | 87 kBProgress (3): 1.1/2.4 MB | 35 kB | 87 kBProgress (3): 1.1/2.4 MB | 35 kB | 87 kBProgress (3): 1.1/2.4 MB | 35 kB | 87 kBProgress (3): 1.1/2.4 MB | 35 kB | 87 kBProgress (3): 1.1/2.4 MB | 35 kB | 87 kBProgress (3): 1.1/2.4 MB | 35 kB | 87 kBProgress (3): 1.1/2.4 MB | 35 kB | 87 kBProgress (3): 1.2/2.4 MB | 35 kB | 87 kBProgress (3): 1.2/2.4 MB | 35 kB | 87 kBProgress (3): 1.2/2.4 MB | 35 kB | 87 kBProgress (3): 1.2/2.4 MB | 35 kB | 87 kBProgress (3): 1.2/2.4 MB | 35 kB | 87 kBProgress (3): 1.2/2.4 MB | 35 kB | 87 kBProgress (3): 1.2/2.4 MB | 35 kB | 87 kBProgress (3): 1.2/2.4 MB | 35 kB | 87 kBProgress (3): 1.2/2.4 MB | 35 kB | 87 kBProgress (3): 1.2/2.4 MB | 35 kB | 87 kBProgress (3): 1.2/2.4 MB | 35 kB | 87 kBProgress (3): 1.2/2.4 MB | 35 kB | 87 kBProgress (3): 1.2/2.4 MB | 35 kB | 87 kBProgress (3): 1.2/2.4 MB | 35 kB | 87 kBProgress (3): 1.2/2.4 MB | 35 kB | 87 kBProgress (3): 1.2/2.4 MB | 35 kB | 87 kBProgress (3): 1.2/2.4 MB | 35 kB | 87 kBProgress (3): 1.2/2.4 MB | 35 kB | 87 kBProgress (3): 1.2/2.4 MB | 35 kB | 87 kBProgress (3): 1.2/2.4 MB | 35 kB | 87 kBProgress (3): 1.2/2.4 MB | 35 kB | 87 kBProgress (3): 1.2/2.4 MB | 35 kB | 87 kBProgress (3): 1.2/2.4 MB | 35 kB | 87 kBProgress (3): 1.2/2.4 MB | 35 kB | 87 kBProgress (3): 1.2/2.4 MB | 35 kB | 87 kBProgress (3): 1.3/2.4 MB | 35 kB | 87 kBProgress (3): 1.3/2.4 MB | 35 kB | 87 kBProgress (3): 1.3/2.4 MB | 35 kB | 87 kBProgress (3): 1.3/2.4 MB | 35 kB | 87 kBProgress (3): 1.3/2.4 MB | 35 kB | 87 kBProgress (3): 1.3/2.4 MB | 35 kB | 87 kBProgress (3): 1.3/2.4 MB | 35 kB | 87 kBProgress (3): 1.3/2.4 MB | 35 kB | 87 kBProgress (3): 1.3/2.4 MB | 35 kB | 87 kBProgress (3): 1.3/2.4 MB | 35 kB | 87 kBProgress (3): 1.3/2.4 MB | 35 kB | 87 kBProgress (3): 1.3/2.4 MB | 35 kB | 87 kBProgress (3): 1.3/2.4 MB | 35 kB | 87 kBProgress (3): 1.3/2.4 MB | 35 kB | 87 kBProgress (3): 1.3/2.4 MB | 35 kB | 87 kBProgress (3): 1.3/2.4 MB | 35 kB | 87 kBProgress (3): 1.3/2.4 MB | 35 kB | 87 kBProgress (3): 1.3/2.4 MB | 35 kB | 87 kBProgress (3): 1.3/2.4 MB | 35 kB | 87 kBProgress (3): 1.3/2.4 MB | 35 kB | 87 kBProgress (3): 1.3/2.4 MB | 35 kB | 87 kBProgress (3): 1.3/2.4 MB | 35 kB | 87 kBProgress (3): 1.3/2.4 MB | 35 kB | 87 kBProgress (3): 1.3/2.4 MB | 35 kB | 87 kBProgress (3): 1.4/2.4 MB | 35 kB | 87 kBProgress (3): 1.4/2.4 MB | 35 kB | 87 kBProgress (3): 1.4/2.4 MB | 35 kB | 87 kBProgress (3): 1.4/2.4 MB | 35 kB | 87 kBProgress (3): 1.4/2.4 MB | 35 kB | 87 kBProgress (3): 1.4/2.4 MB | 35 kB | 87 kBProgress (3): 1.4/2.4 MB | 35 kB | 87 kBProgress (3): 1.4/2.4 MB | 35 kB | 87 kBProgress (3): 1.4/2.4 MB | 35 kB | 87 kBProgress (3): 1.4/2.4 MB | 35 kB | 87 kBProgress (3): 1.4/2.4 MB | 35 kB | 87 kBProgress (3): 1.4/2.4 MB | 35 kB | 87 kBProgress (3): 1.4/2.4 MB | 35 kB | 87 kBProgress (3): 1.4/2.4 MB | 35 kB | 87 kBProgress (3): 1.4/2.4 MB | 35 kB | 87 kBProgress (3): 1.4/2.4 MB | 35 kB | 87 kBProgress (3): 1.4/2.4 MB | 35 kB | 87 kBProgress (3): 1.4/2.4 MB | 35 kB | 87 kBProgress (3): 1.4/2.4 MB | 35 kB | 87 kBProgress (3): 1.4/2.4 MB | 35 kB | 87 kBProgress (3): 1.4/2.4 MB | 35 kB | 87 kBProgress (3): 1.4/2.4 MB | 35 kB | 87 kBProgress (3): 1.4/2.4 MB | 35 kB | 87 kBProgress (3): 1.4/2.4 MB | 35 kB | 87 kBProgress (3): 1.4/2.4 MB | 35 kB | 87 kBProgress (3): 1.5/2.4 MB | 35 kB | 87 kBProgress (3): 1.5/2.4 MB | 35 kB | 87 kBProgress (3): 1.5/2.4 MB | 35 kB | 87 kBProgress (3): 1.5/2.4 MB | 35 kB | 87 kBProgress (3): 1.5/2.4 MB | 35 kB | 87 kBProgress (3): 1.5/2.4 MB | 35 kB | 87 kBProgress (3): 1.5/2.4 MB | 35 kB | 87 kBProgress (3): 1.5/2.4 MB | 35 kB | 87 kBProgress (3): 1.5/2.4 MB | 35 kB | 87 kBProgress (3): 1.5/2.4 MB | 35 kB | 87 kBProgress (3): 1.5/2.4 MB | 35 kB | 87 kBProgress (3): 1.5/2.4 MB | 35 kB | 87 kBProgress (3): 1.5/2.4 MB | 35 kB | 87 kBProgress (3): 1.5/2.4 MB | 35 kB | 87 kBProgress (3): 1.5/2.4 MB | 35 kB | 87 kBProgress (3): 1.5/2.4 MB | 35 kB | 87 kBProgress (3): 1.5/2.4 MB | 35 kB | 87 kBProgress (3): 1.5/2.4 MB | 35 kB | 87 kBProgress (3): 1.5/2.4 MB | 35 kB | 87 kBProgress (3): 1.5/2.4 MB | 35 kB | 87 kBProgress (3): 1.5/2.4 MB | 35 kB | 87 kBProgress (3): 1.5/2.4 MB | 35 kB | 87 kBProgress (3): 1.5/2.4 MB | 35 kB | 87 kBProgress (3): 1.5/2.4 MB | 35 kB | 87 kBProgress (3): 1.6/2.4 MB | 35 kB | 87 kBProgress (3): 1.6/2.4 MB | 35 kB | 87 kBProgress (3): 1.6/2.4 MB | 35 kB | 87 kBProgress (3): 1.6/2.4 MB | 35 kB | 87 kBProgress (3): 1.6/2.4 MB | 35 kB | 87 kBProgress (3): 1.6/2.4 MB | 35 kB | 87 kBProgress (3): 1.6/2.4 MB | 35 kB | 87 kBProgress (3): 1.6/2.4 MB | 35 kB | 87 kBProgress (3): 1.6/2.4 MB | 35 kB | 87 kBProgress (3): 1.6/2.4 MB | 35 kB | 87 kBProgress (3): 1.6/2.4 MB | 35 kB | 87 kBProgress (3): 1.6/2.4 MB | 35 kB | 87 kBProgress (3): 1.6/2.4 MB | 35 kB | 87 kBProgress (3): 1.6/2.4 MB | 35 kB | 87 kBProgress (3): 1.6/2.4 MB | 35 kB | 87 kBProgress (3): 1.6/2.4 MB | 35 kB | 87 kBProgress (3): 1.6/2.4 MB | 35 kB | 87 kBProgress (3): 1.6/2.4 MB | 35 kB | 87 kBProgress (3): 1.6/2.4 MB | 35 kB | 87 kBProgress (3): 1.6/2.4 MB | 35 kB | 87 kBProgress (3): 1.6/2.4 MB | 35 kB | 87 kBProgress (3): 1.6/2.4 MB | 35 kB | 87 kBProgress (3): 1.6/2.4 MB | 35 kB | 87 kBProgress (3): 1.6/2.4 MB | 35 kB | 87 kBProgress (3): 1.7/2.4 MB | 35 kB | 87 kBProgress (3): 1.7/2.4 MB | 35 kB | 87 kBProgress (3): 1.7/2.4 MB | 35 kB | 87 kBProgress (3): 1.7/2.4 MB | 35 kB | 87 kBProgress (3): 1.7/2.4 MB | 35 kB | 87 kBProgress (3): 1.7/2.4 MB | 35 kB | 87 kBProgress (3): 1.7/2.4 MB | 35 kB | 87 kBProgress (3): 1.7/2.4 MB | 35 kB | 87 kBProgress (3): 1.7/2.4 MB | 35 kB | 87 kBProgress (3): 1.7/2.4 MB | 35 kB | 87 kBProgress (3): 1.7/2.4 MB | 35 kB | 87 kBProgress (3): 1.7/2.4 MB | 35 kB | 87 kBProgress (3): 1.7/2.4 MB | 35 kB | 87 kBProgress (3): 1.7/2.4 MB | 35 kB | 87 kBProgress (3): 1.7/2.4 MB | 35 kB | 87 kBProgress (3): 1.7/2.4 MB | 35 kB | 87 kBProgress (3): 1.7/2.4 MB | 35 kB | 87 kBProgress (3): 1.7/2.4 MB | 35 kB | 87 kBProgress (4): 1.7/2.4 MB | 35 kB | 87 kB | 4.1/80 kBProgress (4): 1.7/2.4 MB | 35 kB | 87 kB | 4.1/80 kBProgress (4): 1.7/2.4 MB | 35 kB | 87 kB | 7.7/80 kBProgress (4): 1.7/2.4 MB | 35 kB | 87 kB | 7.7/80 kBProgress (4): 1.7/2.4 MB | 35 kB | 87 kB | 12/80 kB Progress (4): 1.7/2.4 MB | 35 kB | 87 kB | 12/80 kBProgress (4): 1.7/2.4 MB | 35 kB | 87 kB | 16/80 kBProgress (4): 1.7/2.4 MB | 35 kB | 87 kB | 16/80 kBProgress (4): 1.7/2.4 MB | 35 kB | 87 kB | 20/80 kBProgress (4): 1.7/2.4 MB | 35 kB | 87 kB | 20/80 kBProgress (4): 1.7/2.4 MB | 35 kB | 87 kB | 24/80 kBProgress (4): 1.7/2.4 MB | 35 kB | 87 kB | 24/80 kBProgress (4): 1.7/2.4 MB | 35 kB | 87 kB | 28/80 kBProgress (4): 1.7/2.4 MB | 35 kB | 87 kB | 28/80 kBProgress (4): 1.7/2.4 MB | 35 kB | 87 kB | 32/80 kBProgress (4): 1.8/2.4 MB | 35 kB | 87 kB | 32/80 kBProgress (4): 1.8/2.4 MB | 35 kB | 87 kB | 36/80 kBProgress (4): 1.8/2.4 MB | 35 kB | 87 kB | 36/80 kBProgress (4): 1.8/2.4 MB | 35 kB | 87 kB | 40/80 kBProgress (4): 1.8/2.4 MB | 35 kB | 87 kB | 40/80 kBProgress (4): 1.8/2.4 MB | 35 kB | 87 kB | 45/80 kBProgress (4): 1.8/2.4 MB | 35 kB | 87 kB | 45/80 kBProgress (4): 1.8/2.4 MB | 35 kB | 87 kB | 49/80 kBProgress (4): 1.8/2.4 MB | 35 kB | 87 kB | 49/80 kBProgress (4): 1.8/2.4 MB | 35 kB | 87 kB | 53/80 kBProgress (4): 1.8/2.4 MB | 35 kB | 87 kB | 53/80 kBProgress (4): 1.8/2.4 MB | 35 kB | 87 kB | 57/80 kBProgress (4): 1.8/2.4 MB | 35 kB | 87 kB | 57/80 kBProgress (4): 1.8/2.4 MB | 35 kB | 87 kB | 61/80 kBProgress (4): 1.8/2.4 MB | 35 kB | 87 kB | 61/80 kBProgress (4): 1.8/2.4 MB | 35 kB | 87 kB | 65/80 kBProgress (4): 1.8/2.4 MB | 35 kB | 87 kB | 65/80 kBProgress (4): 1.8/2.4 MB | 35 kB | 87 kB | 69/80 kBProgress (4): 1.8/2.4 MB | 35 kB | 87 kB | 69/80 kBProgress (4): 1.8/2.4 MB | 35 kB | 87 kB | 73/80 kBProgress (4): 1.8/2.4 MB | 35 kB | 87 kB | 73/80 kBProgress (4): 1.8/2.4 MB | 35 kB | 87 kB | 77/80 kBProgress (4): 1.8/2.4 MB | 35 kB | 87 kB | 77/80 kBProgress (4): 1.8/2.4 MB | 35 kB | 87 kB | 80 kB   Progress (4): 1.8/2.4 MB | 35 kB | 87 kB | 80 kBProgress (4): 1.8/2.4 MB | 35 kB | 87 kB | 80 kBProgress (4): 1.8/2.4 MB | 35 kB | 87 kB | 80 kBProgress (4): 1.8/2.4 MB | 35 kB | 87 kB | 80 kBProgress (4): 1.8/2.4 MB | 35 kB | 87 kB | 80 kBProgress (4): 1.8/2.4 MB | 35 kB | 87 kB | 80 kBProgress (4): 1.8/2.4 MB | 35 kB | 87 kB | 80 kBProgress (4): 1.8/2.4 MB | 35 kB | 87 kB | 80 kBProgress (4): 1.8/2.4 MB | 35 kB | 87 kB | 80 kBProgress (4): 1.8/2.4 MB | 35 kB | 87 kB | 80 kBProgress (4): 1.8/2.4 MB | 35 kB | 87 kB | 80 kBProgress (4): 1.8/2.4 MB | 35 kB | 87 kB | 80 kBProgress (4): 1.9/2.4 MB | 35 kB | 87 kB | 80 kBProgress (4): 1.9/2.4 MB | 35 kB | 87 kB | 80 kBProgress (4): 1.9/2.4 MB | 35 kB | 87 kB | 80 kBProgress (4): 1.9/2.4 MB | 35 kB | 87 kB | 80 kBProgress (4): 1.9/2.4 MB | 35 kB | 87 kB | 80 kBProgress (4): 1.9/2.4 MB | 35 kB | 87 kB | 80 kBProgress (4): 1.9/2.4 MB | 35 kB | 87 kB | 80 kBProgress (4): 1.9/2.4 MB | 35 kB | 87 kB | 80 kBProgress (4): 1.9/2.4 MB | 35 kB | 87 kB | 80 kBProgress (4): 1.9/2.4 MB | 35 kB | 87 kB | 80 kBProgress (4): 1.9/2.4 MB | 35 kB | 87 kB | 80 kBProgress (4): 1.9/2.4 MB | 35 kB | 87 kB | 80 kBProgress (4): 1.9/2.4 MB | 35 kB | 87 kB | 80 kBProgress (4): 1.9/2.4 MB | 35 kB | 87 kB | 80 kBProgress (4): 1.9/2.4 MB | 35 kB | 87 kB | 80 kBProgress (4): 1.9/2.4 MB | 35 kB | 87 kB | 80 kBProgress (4): 1.9/2.4 MB | 35 kB | 87 kB | 80 kBProgress (4): 1.9/2.4 MB | 35 kB | 87 kB | 80 kBProgress (4): 1.9/2.4 MB | 35 kB | 87 kB | 80 kBProgress (4): 1.9/2.4 MB | 35 kB | 87 kB | 80 kBProgress (4): 1.9/2.4 MB | 35 kB | 87 kB | 80 kB                                                Downloaded from central: https://repo.maven.apache.org/maven2/org/apache/maven/maven-profile/2.2.0/maven-profile-2.2.0.jar (35 kB at 32 kB/s)
Downloading from central: https://repo.maven.apache.org/maven2/org/apache/maven/maven-error-diagnostics/2.2.0/maven-error-diagnostics-2.2.0.jar
Progress (4): 1.9/2.4 MB | 87 kB | 80 kB | 4.1/26 kBProgress (4): 1.9/2.4 MB | 87 kB | 80 kB | 8.2/26 kBProgress (4): 1.9/2.4 MB | 87 kB | 80 kB | 12/26 kB                                                    Downloaded from central: https://repo.maven.apache.org/maven2/org/apache/maven/maven-model/2.2.0/maven-model-2.2.0.jar (87 kB at 78 kB/s)
Progress (3): 1.9/2.4 MB | 80 kB | 16/26 kB                                           Downloading from central: https://repo.maven.apache.org/maven2/org/apache/maven/maven-project/2.2.0/maven-project-2.2.0.jar
Progress (3): 1.9/2.4 MB | 80 kB | 20/26 kBProgress (3): 1.9/2.4 MB | 80 kB | 25/26 kBProgress (3): 1.9/2.4 MB | 80 kB | 26 kB   Progress (3): 1.9/2.4 MB | 80 kB | 26 kBProgress (3): 1.9/2.4 MB | 80 kB | 26 kBProgress (3): 1.9/2.4 MB | 80 kB | 26 kBProgress (3): 1.9/2.4 MB | 80 kB | 26 kBProgress (3): 2.0/2.4 MB | 80 kB | 26 kBProgress (3): 2.0/2.4 MB | 80 kB | 26 kBProgress (3): 2.0/2.4 MB | 80 kB | 26 kBProgress (3): 2.0/2.4 MB | 80 kB | 26 kBProgress (3): 2.0/2.4 MB | 80 kB | 26 kBProgress (3): 2.0/2.4 MB | 80 kB | 26 kBProgress (3): 2.0/2.4 MB | 80 kB | 26 kBProgress (3): 2.0/2.4 MB | 80 kB | 26 kBProgress (3): 2.0/2.4 MB | 80 kB | 26 kBProgress (3): 2.0/2.4 MB | 80 kB | 26 kBProgress (3): 2.0/2.4 MB | 80 kB | 26 kBProgress (3): 2.0/2.4 MB | 80 kB | 26 kBProgress (3): 2.0/2.4 MB | 80 kB | 26 kBProgress (3): 2.0/2.4 MB | 80 kB | 26 kBProgress (3): 2.0/2.4 MB | 80 kB | 26 kBProgress (3): 2.0/2.4 MB | 80 kB | 26 kBProgress (3): 2.0/2.4 MB | 80 kB | 26 kBProgress (3): 2.0/2.4 MB | 80 kB | 26 kBProgress (3): 2.0/2.4 MB | 80 kB | 26 kBProgress (3): 2.0/2.4 MB | 80 kB | 26 kBProgress (3): 2.0/2.4 MB | 80 kB | 26 kBProgress (3): 2.0/2.4 MB | 80 kB | 26 kBProgress (3): 2.0/2.4 MB | 80 kB | 26 kBProgress (3): 2.0/2.4 MB | 80 kB | 26 kBProgress (3): 2.1/2.4 MB | 80 kB | 26 kBProgress (3): 2.1/2.4 MB | 80 kB | 26 kBProgress (3): 2.1/2.4 MB | 80 kB | 26 kBProgress (3): 2.1/2.4 MB | 80 kB | 26 kBProgress (3): 2.1/2.4 MB | 80 kB | 26 kBProgress (3): 2.1/2.4 MB | 80 kB | 26 kBProgress (3): 2.1/2.4 MB | 80 kB | 26 kBProgress (3): 2.1/2.4 MB | 80 kB | 26 kBProgress (3): 2.1/2.4 MB | 80 kB | 26 kBProgress (3): 2.1/2.4 MB | 80 kB | 26 kBProgress (3): 2.1/2.4 MB | 80 kB | 26 kBProgress (3): 2.1/2.4 MB | 80 kB | 26 kBProgress (3): 2.1/2.4 MB | 80 kB | 26 kBProgress (3): 2.1/2.4 MB | 80 kB | 26 kBProgress (3): 2.1/2.4 MB | 80 kB | 26 kBProgress (3): 2.1/2.4 MB | 80 kB | 26 kBProgress (3): 2.1/2.4 MB | 80 kB | 26 kBProgress (3): 2.1/2.4 MB | 80 kB | 26 kBProgress (3): 2.1/2.4 MB | 80 kB | 26 kBProgress (3): 2.1/2.4 MB | 80 kB | 26 kBProgress (3): 2.1/2.4 MB | 80 kB | 26 kBProgress (3): 2.1/2.4 MB | 80 kB | 26 kBProgress (3): 2.1/2.4 MB | 80 kB | 26 kBProgress (3): 2.1/2.4 MB | 80 kB | 26 kBProgress (3): 2.1/2.4 MB | 80 kB | 26 kBProgress (3): 2.2/2.4 MB | 80 kB | 26 kBProgress (3): 2.2/2.4 MB | 80 kB | 26 kBProgress (3): 2.2/2.4 MB | 80 kB | 26 kBProgress (3): 2.2/2.4 MB | 80 kB | 26 kBProgress (3): 2.2/2.4 MB | 80 kB | 26 kBProgress (3): 2.2/2.4 MB | 80 kB | 26 kBProgress (3): 2.2/2.4 MB | 80 kB | 26 kBProgress (3): 2.2/2.4 MB | 80 kB | 26 kBProgress (3): 2.2/2.4 MB | 80 kB | 26 kBProgress (3): 2.2/2.4 MB | 80 kB | 26 kBProgress (3): 2.2/2.4 MB | 80 kB | 26 kBProgress (3): 2.2/2.4 MB | 80 kB | 26 kBProgress (3): 2.2/2.4 MB | 80 kB | 26 kBProgress (3): 2.2/2.4 MB | 80 kB | 26 kBProgress (3): 2.2/2.4 MB | 80 kB | 26 kBProgress (3): 2.2/2.4 MB | 80 kB | 26 kBProgress (3): 2.2/2.4 MB | 80 kB | 26 kBProgress (3): 2.2/2.4 MB | 80 kB | 26 kBProgress (3): 2.2/2.4 MB | 80 kB | 26 kBProgress (3): 2.2/2.4 MB | 80 kB | 26 kBProgress (3): 2.2/2.4 MB | 80 kB | 26 kBProgress (3): 2.2/2.4 MB | 80 kB | 26 kBProgress (3): 2.2/2.4 MB | 80 kB | 26 kBProgress (3): 2.2/2.4 MB | 80 kB | 26 kBProgress (3): 2.3/2.4 MB | 80 kB | 26 kBProgress (3): 2.3/2.4 MB | 80 kB | 26 kBProgress (3): 2.3/2.4 MB | 80 kB | 26 kBProgress (3): 2.3/2.4 MB | 80 kB | 26 kBProgress (3): 2.3/2.4 MB | 80 kB | 26 kBProgress (3): 2.3/2.4 MB | 80 kB | 26 kBProgress (3): 2.3/2.4 MB | 80 kB | 26 kBProgress (3): 2.3/2.4 MB | 80 kB | 26 kBProgress (3): 2.3/2.4 MB | 80 kB | 26 kBProgress (3): 2.3/2.4 MB | 80 kB | 26 kBProgress (3): 2.3/2.4 MB | 80 kB | 26 kBProgress (3): 2.3/2.4 MB | 80 kB | 26 kBProgress (3): 2.3/2.4 MB | 80 kB | 26 kBProgress (3): 2.3/2.4 MB | 80 kB | 26 kBProgress (3): 2.3/2.4 MB | 80 kB | 26 kBProgress (3): 2.3/2.4 MB | 80 kB | 26 kBProgress (3): 2.3/2.4 MB | 80 kB | 26 kBProgress (3): 2.3/2.4 MB | 80 kB | 26 kBProgress (3): 2.3/2.4 MB | 80 kB | 26 kBProgress (3): 2.3/2.4 MB | 80 kB | 26 kBProgress (3): 2.3/2.4 MB | 80 kB | 26 kBProgress (3): 2.3/2.4 MB | 80 kB | 26 kBProgress (3): 2.3/2.4 MB | 80 kB | 26 kBProgress (3): 2.3/2.4 MB | 80 kB | 26 kBProgress (3): 2.4/2.4 MB | 80 kB | 26 kBProgress (3): 2.4/2.4 MB | 80 kB | 26 kBProgress (3): 2.4/2.4 MB | 80 kB | 26 kBProgress (3): 2.4/2.4 MB | 80 kB | 26 kBProgress (3): 2.4/2.4 MB | 80 kB | 26 kBProgress (3): 2.4/2.4 MB | 80 kB | 26 kBProgress (3): 2.4 MB | 80 kB | 26 kB                                        Downloaded from central: https://repo.maven.apache.org/maven2/org/apache/maven/maven-artifact/2.2.0/maven-artifact-2.2.0.jar (80 kB at 67 kB/s)
Downloading from central: https://repo.maven.apache.org/maven2/org/apache/maven/maven-plugin-registry/2.2.0/maven-plugin-registry-2.2.0.jar
Progress (3): 2.4 MB | 26 kB | 4.1/13 kBProgress (3): 2.4 MB | 26 kB | 7.7/13 kBProgress (3): 2.4 MB | 26 kB | 12/13 kB Progress (3): 2.4 MB | 26 kB | 13 kB   Progress (4): 2.4 MB | 26 kB | 13 kB | 4.1/156 kBProgress (4): 2.4 MB | 26 kB | 13 kB | 7.7/156 kBProgress (4): 2.4 MB | 26 kB | 13 kB | 12/156 kB Progress (4): 2.4 MB | 26 kB | 13 kB | 16/156 kBProgress (4): 2.4 MB | 26 kB | 13 kB | 20/156 kBProgress (4): 2.4 MB | 26 kB | 13 kB | 24/156 kBProgress (4): 2.4 MB | 26 kB | 13 kB | 28/156 kBProgress (4): 2.4 MB | 26 kB | 13 kB | 32/156 kBProgress (4): 2.4 MB | 26 kB | 13 kB | 36/156 kBProgress (4): 2.4 MB | 26 kB | 13 kB | 40/156 kBProgress (4): 2.4 MB | 26 kB | 13 kB | 45/156 kBProgress (4): 2.4 MB | 26 kB | 13 kB | 49/156 kBProgress (4): 2.4 MB | 26 kB | 13 kB | 53/156 kBProgress (4): 2.4 MB | 26 kB | 13 kB | 57/156 kBProgress (4): 2.4 MB | 26 kB | 13 kB | 61/156 kBProgress (4): 2.4 MB | 26 kB | 13 kB | 65/156 kB                                                Downloaded from central: https://repo.maven.apache.org/maven2/org/apache/maven/maven-repository-metadata/2.2.0/maven-repository-metadata-2.2.0.jar (26 kB at 20 kB/s)
Downloading from central: https://repo.maven.apache.org/maven2/org/apache/maven/maven-plugin-api/2.2.0/maven-plugin-api-2.2.0.jar
Progress (3): 2.4 MB | 13 kB | 69/156 kBProgress (3): 2.4 MB | 13 kB | 73/156 kBProgress (3): 2.4 MB | 13 kB | 77/156 kBProgress (3): 2.4 MB | 13 kB | 81/156 kBProgress (3): 2.4 MB | 13 kB | 85/156 kBProgress (3): 2.4 MB | 13 kB | 90/156 kBProgress (3): 2.4 MB | 13 kB | 94/156 kBProgress (3): 2.4 MB | 13 kB | 98/156 kBProgress (3): 2.4 MB | 13 kB | 102/156 kBProgress (3): 2.4 MB | 13 kB | 106/156 kBProgress (3): 2.4 MB | 13 kB | 110/156 kBProgress (3): 2.4 MB | 13 kB | 114/156 kBProgress (3): 2.4 MB | 13 kB | 118/156 kBProgress (3): 2.4 MB | 13 kB | 122/156 kBProgress (3): 2.4 MB | 13 kB | 126/156 kBProgress (3): 2.4 MB | 13 kB | 131/156 kBProgress (3): 2.4 MB | 13 kB | 135/156 kBProgress (3): 2.4 MB | 13 kB | 139/156 kBProgress (3): 2.4 MB | 13 kB | 143/156 kBProgress (3): 2.4 MB | 13 kB | 147/156 kBProgress (3): 2.4 MB | 13 kB | 151/156 kBProgress (3): 2.4 MB | 13 kB | 155/156 kBProgress (3): 2.4 MB | 13 kB | 156 kB                                         Downloaded from central: https://repo.maven.apache.org/maven2/biz/aQute/bnd/biz.aQute.bndlib/3.2.0/biz.aQute.bndlib-3.2.0.jar (2.4 MB at 1.8 MB/s)
Downloading from central: https://repo.maven.apache.org/maven2/org/apache/maven/maven-plugin-descriptor/2.2.0/maven-plugin-descriptor-2.2.0.jar
Progress (3): 13 kB | 156 kB | 4.1/30 kBProgress (3): 13 kB | 156 kB | 7.7/30 kBProgress (3): 13 kB | 156 kB | 12/30 kB Progress (3): 13 kB | 156 kB | 16/30 kBProgress (3): 13 kB | 156 kB | 20/30 kBProgress (3): 13 kB | 156 kB | 24/30 kBProgress (3): 13 kB | 156 kB | 28/30 kBProgress (3): 13 kB | 156 kB | 30 kB                                       Downloaded from central: https://repo.maven.apache.org/maven2/org/apache/maven/maven-error-diagnostics/2.2.0/maven-error-diagnostics-2.2.0.jar (13 kB at 8.8 kB/s)
Downloading from central: https://repo.maven.apache.org/maven2/org/apache/maven/maven-artifact-manager/2.2.0/maven-artifact-manager-2.2.0.jar
Progress (3): 156 kB | 30 kB | 4.1/12 kB                                        Downloaded from central: https://repo.maven.apache.org/maven2/org/apache/maven/maven-project/2.2.0/maven-project-2.2.0.jar (156 kB at 104 kB/s)
Downloading from central: https://repo.maven.apache.org/maven2/org/apache/maven/maven-monitor/2.2.0/maven-monitor-2.2.0.jar
Progress (2): 30 kB | 7.7/12 kBProgress (2): 30 kB | 12/12 kB Progress (2): 30 kB | 12 kB   Progress (3): 30 kB | 12 kB | 4.1/39 kBProgress (3): 30 kB | 12 kB | 7.7/39 kBProgress (3): 30 kB | 12 kB | 12/39 kB Progress (3): 30 kB | 12 kB | 16/39 kBProgress (3): 30 kB | 12 kB | 20/39 kBProgress (3): 30 kB | 12 kB | 24/39 kBProgress (3): 30 kB | 12 kB | 28/39 kBProgress (3): 30 kB | 12 kB | 32/39 kBProgress (3): 30 kB | 12 kB | 36/39 kBProgress (3): 30 kB | 12 kB | 39 kB                                      Downloaded from central: https://repo.maven.apache.org/maven2/org/apache/maven/maven-plugin-registry/2.2.0/maven-plugin-registry-2.2.0.jar (30 kB at 19 kB/s)
Downloading from central: https://repo.maven.apache.org/maven2/org/sonatype/plexus/plexus-build-api/0.0.7/plexus-build-api-0.0.7.jar
Progress (3): 12 kB | 39 kB | 4.1/65 kBProgress (3): 12 kB | 39 kB | 7.7/65 kBProgress (3): 12 kB | 39 kB | 12/65 kB Progress (3): 12 kB | 39 kB | 16/65 kBProgress (3): 12 kB | 39 kB | 20/65 kBProgress (3): 12 kB | 39 kB | 24/65 kBProgress (3): 12 kB | 39 kB | 28/65 kBProgress (3): 12 kB | 39 kB | 32/65 kBProgress (3): 12 kB | 39 kB | 36/65 kBProgress (3): 12 kB | 39 kB | 40/65 kBProgress (3): 12 kB | 39 kB | 45/65 kBProgress (3): 12 kB | 39 kB | 49/65 kBProgress (3): 12 kB | 39 kB | 53/65 kBProgress (3): 12 kB | 39 kB | 57/65 kBProgress (3): 12 kB | 39 kB | 61/65 kBProgress (3): 12 kB | 39 kB | 65/65 kBProgress (3): 12 kB | 39 kB | 65 kB                                      Downloaded from central: https://repo.maven.apache.org/maven2/org/apache/maven/maven-plugin-api/2.2.0/maven-plugin-api-2.2.0.jar (12 kB at 7.3 kB/s)
Progress (3): 39 kB | 65 kB | 4.1/10 kBProgress (3): 39 kB | 65 kB | 7.7/10 kBProgress (3): 39 kB | 65 kB | 10 kB                                       Downloaded from central: https://repo.maven.apache.org/maven2/org/apache/maven/maven-plugin-descriptor/2.2.0/maven-plugin-descriptor-2.2.0.jar (39 kB at 23 kB/s)
Progress (3): 65 kB | 10 kB | 3.6/8.5 kBProgress (3): 65 kB | 10 kB | 6.4/8.5 kBProgress (3): 65 kB | 10 kB | 8.5 kB                                        Downloaded from central: https://repo.maven.apache.org/maven2/org/apache/maven/maven-artifact-manager/2.2.0/maven-artifact-manager-2.2.0.jar (65 kB at 35 kB/s)
Downloaded from central: https://repo.maven.apache.org/maven2/org/apache/maven/maven-monitor/2.2.0/maven-monitor-2.2.0.jar (10 kB at 5.6 kB/s)
Downloaded from central: https://repo.maven.apache.org/maven2/org/sonatype/plexus/plexus-build-api/0.0.7/plexus-build-api-0.0.7.jar (8.5 kB at 4.3 kB/s)
Downloading from central: https://repo.maven.apache.org/maven2/org/apache/maven/plugins/maven-enforcer-plugin/3.0.0-M1/maven-enforcer-plugin-3.0.0-M1.pom
Progress (1): 1.2/7.2 kBProgress (1): 4.0/7.2 kBProgress (1): 6.7/7.2 kBProgress (1): 7.2 kB                        Downloaded from central: https://repo.maven.apache.org/maven2/org/apache/maven/plugins/maven-enforcer-plugin/3.0.0-M1/maven-enforcer-plugin-3.0.0-M1.pom (7.2 kB at 19 kB/s)
Downloading from central: https://repo.maven.apache.org/maven2/org/apache/maven/enforcer/enforcer/3.0.0-M1/enforcer-3.0.0-M1.pom
Progress (1): 1.4/8.3 kBProgress (1): 4.2/8.3 kBProgress (1): 6.9/8.3 kBProgress (1): 8.3 kB                        Downloaded from central: https://repo.maven.apache.org/maven2/org/apache/maven/enforcer/enforcer/3.0.0-M1/enforcer-3.0.0-M1.pom (8.3 kB at 23 kB/s)
Downloading from central: https://repo.maven.apache.org/maven2/org/apache/maven/plugins/maven-enforcer-plugin/3.0.0-M1/maven-enforcer-plugin-3.0.0-M1.jar
Progress (1): 2.2/26 kBProgress (1): 5.0/26 kBProgress (1): 7.7/26 kBProgress (1): 10/26 kB Progress (1): 13/26 kBProgress (1): 16/26 kBProgress (1): 19/26 kBProgress (1): 21/26 kBProgress (1): 24/26 kBProgress (1): 26 kB                      Downloaded from central: https://repo.maven.apache.org/maven2/org/apache/maven/plugins/maven-enforcer-plugin/3.0.0-M1/maven-enforcer-plugin-3.0.0-M1.jar (26 kB at 72 kB/s)
Downloading from central: https://repo.maven.apache.org/maven2/org/codehaus/mojo/build-helper-maven-plugin/1.7/build-helper-maven-plugin-1.7.pom
Progress (1): 2.2/5.4 kBProgress (1): 5.0/5.4 kBProgress (1): 5.4 kB                        Downloaded from central: https://repo.maven.apache.org/maven2/org/codehaus/mojo/build-helper-maven-plugin/1.7/build-helper-maven-plugin-1.7.pom (5.4 kB at 15 kB/s)
Downloading from central: https://repo.maven.apache.org/maven2/org/codehaus/mojo/build-helper-maven-plugin/1.7/build-helper-maven-plugin-1.7.jar
Progress (1): 2.2/33 kBProgress (1): 5.0/33 kBProgress (1): 7.7/33 kBProgress (1): 10/33 kB Progress (1): 13/33 kBProgress (1): 16/33 kBProgress (1): 19/33 kBProgress (1): 21/33 kBProgress (1): 24/33 kBProgress (1): 27/33 kBProgress (1): 30/33 kBProgress (1): 32/33 kBProgress (1): 33 kB                      Downloaded from central: https://repo.maven.apache.org/maven2/org/codehaus/mojo/build-helper-maven-plugin/1.7/build-helper-maven-plugin-1.7.jar (33 kB at 87 kB/s)
Downloading from central: https://repo.maven.apache.org/maven2/org/apache/maven/plugins/maven-surefire-plugin/2.17/maven-surefire-plugin-2.17.pom
Progress (1): 2.2/5.0 kBProgress (1): 5.0/5.0 kBProgress (1): 5.0 kB                        Downloaded from central: https://repo.maven.apache.org/maven2/org/apache/maven/plugins/maven-surefire-plugin/2.17/maven-surefire-plugin-2.17.pom (5.0 kB at 13 kB/s)
Downloading from central: https://repo.maven.apache.org/maven2/org/apache/maven/surefire/surefire/2.17/surefire-2.17.pom
Progress (1): 2.2/17 kBProgress (1): 5.0/17 kBProgress (1): 7.8/17 kBProgress (1): 11/17 kB Progress (1): 13/17 kBProgress (1): 16/17 kBProgress (1): 17 kB                      Downloaded from central: https://repo.maven.apache.org/maven2/org/apache/maven/surefire/surefire/2.17/surefire-2.17.pom (17 kB at 46 kB/s)
Downloading from central: https://repo.maven.apache.org/maven2/org/apache/maven/plugins/maven-surefire-plugin/2.17/maven-surefire-plugin-2.17.jar
Progress (1): 2.2/34 kBProgress (1): 5.0/34 kBProgress (1): 7.7/34 kBProgress (1): 10/34 kB Progress (1): 13/34 kBProgress (1): 16/34 kBProgress (1): 19/34 kBProgress (1): 21/34 kBProgress (1): 24/34 kBProgress (1): 27/34 kBProgress (1): 30/34 kBProgress (1): 32/34 kBProgress (1): 34 kB                      Downloaded from central: https://repo.maven.apache.org/maven2/org/apache/maven/plugins/maven-surefire-plugin/2.17/maven-surefire-plugin-2.17.jar (34 kB at 90 kB/s)
Downloading from central: https://repo.maven.apache.org/maven2/org/apache/maven/plugins/maven-site-plugin/3.1/maven-site-plugin-3.1.pom
Progress (1): 2.2/18 kBProgress (1): 5.0/18 kBProgress (1): 7.8/18 kBProgress (1): 11/18 kB Progress (1): 13/18 kBProgress (1): 16/18 kBProgress (1): 18 kB                      Downloaded from central: https://repo.maven.apache.org/maven2/org/apache/maven/plugins/maven-site-plugin/3.1/maven-site-plugin-3.1.pom (18 kB at 48 kB/s)
Downloading from central: https://repo.maven.apache.org/maven2/org/apache/maven/plugins/maven-site-plugin/3.1/maven-site-plugin-3.1.jar
Progress (1): 2.2/120 kBProgress (1): 5.0/120 kBProgress (1): 7.7/120 kBProgress (1): 10/120 kB Progress (1): 13/120 kBProgress (1): 16/120 kBProgress (1): 19/120 kBProgress (1): 21/120 kBProgress (1): 24/120 kBProgress (1): 27/120 kBProgress (1): 30/120 kBProgress (1): 32/120 kBProgress (1): 36/120 kBProgress (1): 40/120 kBProgress (1): 45/120 kBProgress (1): 49/120 kBProgress (1): 53/120 kBProgress (1): 57/120 kBProgress (1): 61/120 kBProgress (1): 65/120 kBProgress (1): 69/120 kBProgress (1): 73/120 kBProgress (1): 77/120 kBProgress (1): 81/120 kBProgress (1): 85/120 kBProgress (1): 90/120 kBProgress (1): 94/120 kBProgress (1): 98/120 kBProgress (1): 102/120 kBProgress (1): 106/120 kBProgress (1): 110/120 kBProgress (1): 114/120 kBProgress (1): 118/120 kBProgress (1): 120 kB                        Downloaded from central: https://repo.maven.apache.org/maven2/org/apache/maven/plugins/maven-site-plugin/3.1/maven-site-plugin-3.1.jar (120 kB at 312 kB/s)
Downloading from central: https://repo.maven.apache.org/maven2/org/apache/maven/plugins/maven-scm-plugin/1.9.1/maven-scm-plugin-1.9.1.pom
Progress (1): 2.2/6.9 kBProgress (1): 5.0/6.9 kBProgress (1): 6.9 kB                        Downloaded from central: https://repo.maven.apache.org/maven2/org/apache/maven/plugins/maven-scm-plugin/1.9.1/maven-scm-plugin-1.9.1.pom (6.9 kB at 18 kB/s)
Downloading from central: https://repo.maven.apache.org/maven2/org/apache/maven/plugins/maven-scm-plugin/1.9.1/maven-scm-plugin-1.9.1.jar
Progress (1): 2.2/62 kBProgress (1): 5.0/62 kBProgress (1): 7.7/62 kBProgress (1): 10/62 kB Progress (1): 13/62 kBProgress (1): 16/62 kBProgress (1): 19/62 kBProgress (1): 21/62 kBProgress (1): 24/62 kBProgress (1): 27/62 kBProgress (1): 30/62 kBProgress (1): 32/62 kBProgress (1): 36/62 kBProgress (1): 40/62 kBProgress (1): 45/62 kBProgress (1): 49/62 kBProgress (1): 53/62 kBProgress (1): 57/62 kBProgress (1): 61/62 kBProgress (1): 62 kB                      Downloaded from central: https://repo.maven.apache.org/maven2/org/apache/maven/plugins/maven-scm-plugin/1.9.1/maven-scm-plugin-1.9.1.jar (62 kB at 163 kB/s)
[INFO] 
[INFO] -----------< com.fasterxml.jackson.core:jackson-annotations >-----------
[INFO] Building Jackson-annotations 2.9.5
[INFO] -------------------------------[ bundle ]-------------------------------
[INFO] 
[INFO] --- maven-clean-plugin:2.5:clean (default-clean) @ jackson-annotations ---
[INFO] 
[INFO] --- maven-dependency-plugin:2.8:list (default-cli) @ jackson-annotations ---
[INFO] 
[INFO] The following files have been resolved:
[INFO]    org.hamcrest:hamcrest-core:jar:1.3:test
[INFO]    junit:junit:jar:4.12:test
[INFO] 
[INFO] 
[INFO] --- maven-enforcer-plugin:3.0.0-M1:enforce (enforce-java) @ jackson-annotations ---
Downloading from central: https://repo.maven.apache.org/maven2/org/apache/maven/enforcer/enforcer-api/3.0.0-M1/enforcer-api-3.0.0-M1.pom
Progress (1): 2.8/2.9 kBProgress (1): 2.9 kB                        Downloaded from central: https://repo.maven.apache.org/maven2/org/apache/maven/enforcer/enforcer-api/3.0.0-M1/enforcer-api-3.0.0-M1.pom (2.9 kB at 7.8 kB/s)
Downloading from central: https://repo.maven.apache.org/maven2/org/apache/maven/enforcer/enforcer-rules/3.0.0-M1/enforcer-rules-3.0.0-M1.pom
Progress (1): 2.2/3.9 kBProgress (1): 3.9 kB                        Downloaded from central: https://repo.maven.apache.org/maven2/org/apache/maven/enforcer/enforcer-rules/3.0.0-M1/enforcer-rules-3.0.0-M1.pom (3.9 kB at 11 kB/s)
Downloading from central: https://repo.maven.apache.org/maven2/org/apache/maven/maven-compat/3.0/maven-compat-3.0.pom
Progress (1): 2.2/4.0 kBProgress (1): 4.0 kB                        Downloaded from central: https://repo.maven.apache.org/maven2/org/apache/maven/maven-compat/3.0/maven-compat-3.0.pom (4.0 kB at 11 kB/s)
Downloading from central: https://repo.maven.apache.org/maven2/org/apache/maven/enforcer/enforcer-api/3.0.0-M1/enforcer-api-3.0.0-M1.jar
Downloading from central: https://repo.maven.apache.org/maven2/org/apache/maven/maven-compat/3.0/maven-compat-3.0.jar
Downloading from central: https://repo.maven.apache.org/maven2/org/apache/maven/enforcer/enforcer-rules/3.0.0-M1/enforcer-rules-3.0.0-M1.jar
Progress (1): 2.2/105 kBProgress (1): 5.0/105 kBProgress (2): 5.0/105 kB | 2.2/12 kBProgress (2): 7.7/105 kB | 2.2/12 kBProgress (2): 7.7/105 kB | 5.0/12 kBProgress (2): 10/105 kB | 5.0/12 kB Progress (2): 10/105 kB | 7.7/12 kBProgress (2): 13/105 kB | 7.7/12 kBProgress (2): 13/105 kB | 10/12 kB Progress (2): 16/105 kB | 10/12 kBProgress (2): 16/105 kB | 12 kB   Progress (2): 19/105 kB | 12 kBProgress (2): 21/105 kB | 12 kBProgress (2): 24/105 kB | 12 kBProgress (3): 24/105 kB | 12 kB | 2.2/285 kBProgress (3): 27/105 kB | 12 kB | 2.2/285 kBProgress (3): 27/105 kB | 12 kB | 5.0/285 kBProgress (3): 30/105 kB | 12 kB | 5.0/285 kBProgress (3): 30/105 kB | 12 kB | 7.7/285 kBProgress (3): 32/105 kB | 12 kB | 7.7/285 kBProgress (3): 32/105 kB | 12 kB | 10/285 kB Progress (3): 32/105 kB | 12 kB | 13/285 kBProgress (3): 36/105 kB | 12 kB | 13/285 kBProgress (3): 36/105 kB | 12 kB | 16/285 kBProgress (3): 40/105 kB | 12 kB | 16/285 kBProgress (3): 40/105 kB | 12 kB | 19/285 kBProgress (3): 45/105 kB | 12 kB | 19/285 kBProgress (3): 45/105 kB | 12 kB | 21/285 kBProgress (3): 49/105 kB | 12 kB | 21/285 kBProgress (3): 49/105 kB | 12 kB | 24/285 kBProgress (3): 49/105 kB | 12 kB | 27/285 kBProgress (3): 53/105 kB | 12 kB | 27/285 kBProgress (3): 53/105 kB | 12 kB | 30/285 kBProgress (3): 57/105 kB | 12 kB | 30/285 kBProgress (3): 57/105 kB | 12 kB | 32/285 kBProgress (3): 61/105 kB | 12 kB | 32/285 kBProgress (3): 65/105 kB | 12 kB | 32/285 kBProgress (3): 65/105 kB | 12 kB | 36/285 kBProgress (3): 65/105 kB | 12 kB | 40/285 kBProgress (3): 69/105 kB | 12 kB | 40/285 kBProgress (3): 69/105 kB | 12 kB | 45/285 kBProgress (3): 73/105 kB | 12 kB | 45/285 kBProgress (3): 73/105 kB | 12 kB | 49/285 kBProgress (3): 77/105 kB | 12 kB | 49/285 kBProgress (3): 81/105 kB | 12 kB | 49/285 kBProgress (3): 81/105 kB | 12 kB | 53/285 kBProgress (3): 85/105 kB | 12 kB | 53/285 kBProgress (3): 85/105 kB | 12 kB | 57/285 kBProgress (3): 90/105 kB | 12 kB | 57/285 kBProgress (3): 90/105 kB | 12 kB | 61/285 kBProgress (3): 94/105 kB | 12 kB | 61/285 kBProgress (3): 94/105 kB | 12 kB | 65/285 kBProgress (3): 98/105 kB | 12 kB | 65/285 kBProgress (3): 102/105 kB | 12 kB | 65/285 kBProgress (3): 105 kB | 12 kB | 65/285 kB    Progress (3): 105 kB | 12 kB | 69/285 kBProgress (3): 105 kB | 12 kB | 73/285 kBProgress (3): 105 kB | 12 kB | 77/285 kBProgress (3): 105 kB | 12 kB | 81/285 kBProgress (3): 105 kB | 12 kB | 85/285 kBProgress (3): 105 kB | 12 kB | 90/285 kBProgress (3): 105 kB | 12 kB | 94/285 kBProgress (3): 105 kB | 12 kB | 98/285 kBProgress (3): 105 kB | 12 kB | 102/285 kBProgress (3): 105 kB | 12 kB | 106/285 kBProgress (3): 105 kB | 12 kB | 110/285 kBProgress (3): 105 kB | 12 kB | 114/285 kBProgress (3): 105 kB | 12 kB | 118/285 kBProgress (3): 105 kB | 12 kB | 122/285 kBProgress (3): 105 kB | 12 kB | 126/285 kBProgress (3): 105 kB | 12 kB | 131/285 kBProgress (3): 105 kB | 12 kB | 135/285 kBProgress (3): 105 kB | 12 kB | 139/285 kBProgress (3): 105 kB | 12 kB | 143/285 kBProgress (3): 105 kB | 12 kB | 147/285 kBProgress (3): 105 kB | 12 kB | 151/285 kBProgress (3): 105 kB | 12 kB | 155/285 kBProgress (3): 105 kB | 12 kB | 159/285 kBProgress (3): 105 kB | 12 kB | 163/285 kBProgress (3): 105 kB | 12 kB | 167/285 kBProgress (3): 105 kB | 12 kB | 171/285 kBProgress (3): 105 kB | 12 kB | 176/285 kBProgress (3): 105 kB | 12 kB | 180/285 kBProgress (3): 105 kB | 12 kB | 184/285 kBProgress (3): 105 kB | 12 kB | 188/285 kBProgress (3): 105 kB | 12 kB | 192/285 kBProgress (3): 105 kB | 12 kB | 196/285 kBProgress (3): 105 kB | 12 kB | 200/285 kBProgress (3): 105 kB | 12 kB | 204/285 kBProgress (3): 105 kB | 12 kB | 208/285 kBProgress (3): 105 kB | 12 kB | 212/285 kB                                         Downloaded from central: https://repo.maven.apache.org/maven2/org/apache/maven/enforcer/enforcer-api/3.0.0-M1/enforcer-api-3.0.0-M1.jar (12 kB at 32 kB/s)
Downloaded from central: https://repo.maven.apache.org/maven2/org/apache/maven/enforcer/enforcer-rules/3.0.0-M1/enforcer-rules-3.0.0-M1.jar (105 kB at 284 kB/s)
Progress (1): 217/285 kBProgress (1): 221/285 kBProgress (1): 225/285 kBProgress (1): 229/285 kBProgress (1): 233/285 kBProgress (1): 237/285 kBProgress (1): 241/285 kBProgress (1): 245/285 kBProgress (1): 249/285 kBProgress (1): 253/285 kBProgress (1): 258/285 kBProgress (1): 262/285 kBProgress (1): 266/285 kBProgress (1): 270/285 kBProgress (1): 274/285 kBProgress (1): 278/285 kBProgress (1): 282/285 kBProgress (1): 285 kB                        Downloaded from central: https://repo.maven.apache.org/maven2/org/apache/maven/maven-compat/3.0/maven-compat-3.0.jar (285 kB at 118 kB/s)
[INFO] 
[INFO] --- build-helper-maven-plugin:1.7:add-source (add-generated-sources) @ jackson-annotations ---
[INFO] Source directory: /home/cgzhu/projects/gitslice/resources/facts/upgrade_jars_exp/_downloads/jackson-annotations/target/generated-sources added.
[INFO] 
[INFO] --- maven-resources-plugin:2.6:resources (default-resources) @ jackson-annotations ---
[INFO] Using 'UTF-8' encoding to copy filtered resources.
[INFO] Copying 1 resource
[INFO] 
[INFO] --- maven-compiler-plugin:3.2:compile (default-compile) @ jackson-annotations ---
[INFO] Changes detected - recompiling the module!
[INFO] Compiling 44 source files to /home/cgzhu/projects/gitslice/resources/facts/upgrade_jars_exp/_downloads/jackson-annotations/target/classes
[WARNING] bootstrap class path not set in conjunction with -source 1.6
[INFO] 
[INFO] --- maven-resources-plugin:2.6:testResources (default-testResources) @ jackson-annotations ---
[INFO] Using 'UTF-8' encoding to copy filtered resources.
[INFO] skip non existing resourceDirectory /home/cgzhu/projects/gitslice/resources/facts/upgrade_jars_exp/_downloads/jackson-annotations/src/test/resources
[INFO] 
[INFO] --- maven-compiler-plugin:3.2:testCompile (default-testCompile) @ jackson-annotations ---
[INFO] Changes detected - recompiling the module!
[INFO] Compiling 10 source files to /home/cgzhu/projects/gitslice/resources/facts/upgrade_jars_exp/_downloads/jackson-annotations/target/test-classes
[WARNING] bootstrap class path not set in conjunction with -source 1.6
[INFO] 
[INFO] --- maven-surefire-plugin:2.17:test (default-test) @ jackson-annotations ---
Downloading from central: https://repo.maven.apache.org/maven2/org/apache/maven/surefire/maven-surefire-common/2.17/maven-surefire-common-2.17.pom
Progress (1): 2.2/6.1 kBProgress (1): 5.0/6.1 kBProgress (1): 6.1 kB                        Downloaded from central: https://repo.maven.apache.org/maven2/org/apache/maven/surefire/maven-surefire-common/2.17/maven-surefire-common-2.17.pom (6.1 kB at 16 kB/s)
Downloading from central: https://repo.maven.apache.org/maven2/org/apache/maven/surefire/surefire-api/2.17/surefire-api-2.17.pom
Progress (1): 2.2/2.3 kBProgress (1): 2.3 kB                        Downloaded from central: https://repo.maven.apache.org/maven2/org/apache/maven/surefire/surefire-api/2.17/surefire-api-2.17.pom (2.3 kB at 6.2 kB/s)
Downloading from central: https://repo.maven.apache.org/maven2/org/apache/maven/surefire/surefire-booter/2.17/surefire-booter-2.17.pom
Progress (1): 2.2/2.8 kBProgress (1): 2.8 kB                        Downloaded from central: https://repo.maven.apache.org/maven2/org/apache/maven/surefire/surefire-booter/2.17/surefire-booter-2.17.pom (2.8 kB at 7.4 kB/s)
Downloading from central: https://repo.maven.apache.org/maven2/org/apache/maven/surefire/maven-surefire-common/2.17/maven-surefire-common-2.17.jar
Downloading from central: https://repo.maven.apache.org/maven2/org/apache/maven/surefire/surefire-api/2.17/surefire-api-2.17.jar
Downloading from central: https://repo.maven.apache.org/maven2/org/apache/maven/surefire/surefire-booter/2.17/surefire-booter-2.17.jar
Progress (1): 2.2/265 kBProgress (1): 5.0/265 kBProgress (1): 7.7/265 kBProgress (1): 10/265 kB Progress (1): 13/265 kBProgress (1): 16/265 kBProgress (2): 16/265 kB | 2.2/147 kBProgress (2): 19/265 kB | 2.2/147 kBProgress (3): 19/265 kB | 2.2/147 kB | 2.8/40 kBProgress (3): 21/265 kB | 2.2/147 kB | 2.8/40 kBProgress (3): 21/265 kB | 5.0/147 kB | 2.8/40 kBProgress (3): 24/265 kB | 5.0/147 kB | 2.8/40 kBProgress (3): 24/265 kB | 5.0/147 kB | 3.1/40 kBProgress (3): 27/265 kB | 5.0/147 kB | 3.1/40 kBProgress (3): 27/265 kB | 7.7/147 kB | 3.1/40 kBProgress (3): 30/265 kB | 7.7/147 kB | 3.1/40 kBProgress (3): 30/265 kB | 7.7/147 kB | 5.8/40 kBProgress (3): 32/265 kB | 7.7/147 kB | 5.8/40 kBProgress (3): 32/265 kB | 10/147 kB | 5.8/40 kB Progress (3): 32/265 kB | 10/147 kB | 7.2/40 kBProgress (3): 32/265 kB | 13/147 kB | 7.2/40 kBProgress (3): 32/265 kB | 13/147 kB | 9.9/40 kBProgress (3): 36/265 kB | 13/147 kB | 9.9/40 kBProgress (3): 36/265 kB | 13/147 kB | 11/40 kB Progress (3): 36/265 kB | 16/147 kB | 11/40 kBProgress (3): 36/265 kB | 16/147 kB | 14/40 kBProgress (3): 40/265 kB | 16/147 kB | 14/40 kBProgress (3): 40/265 kB | 16/147 kB | 15/40 kBProgress (3): 40/265 kB | 19/147 kB | 15/40 kBProgress (3): 40/265 kB | 19/147 kB | 18/40 kBProgress (3): 45/265 kB | 19/147 kB | 18/40 kBProgress (3): 45/265 kB | 19/147 kB | 19/40 kBProgress (3): 45/265 kB | 21/147 kB | 19/40 kBProgress (3): 45/265 kB | 21/147 kB | 22/40 kBProgress (3): 49/265 kB | 21/147 kB | 22/40 kBProgress (3): 49/265 kB | 21/147 kB | 24/40 kBProgress (3): 49/265 kB | 24/147 kB | 24/40 kBProgress (3): 49/265 kB | 24/147 kB | 26/40 kBProgress (3): 49/265 kB | 27/147 kB | 26/40 kBProgress (3): 49/265 kB | 27/147 kB | 28/40 kBProgress (3): 49/265 kB | 30/147 kB | 28/40 kBProgress (3): 49/265 kB | 30/147 kB | 30/40 kBProgress (3): 49/265 kB | 32/147 kB | 30/40 kBProgress (3): 49/265 kB | 32/147 kB | 32/40 kBProgress (3): 49/265 kB | 32/147 kB | 35/40 kBProgress (3): 49/265 kB | 36/147 kB | 35/40 kBProgress (3): 49/265 kB | 36/147 kB | 37/40 kBProgress (3): 49/265 kB | 40/147 kB | 37/40 kBProgress (3): 49/265 kB | 40/147 kB | 40 kB   Progress (3): 49/265 kB | 45/147 kB | 40 kBProgress (3): 49/265 kB | 49/147 kB | 40 kBProgress (3): 49/265 kB | 53/147 kB | 40 kBProgress (3): 49/265 kB | 57/147 kB | 40 kBProgress (3): 49/265 kB | 61/147 kB | 40 kBProgress (3): 49/265 kB | 65/147 kB | 40 kBProgress (3): 49/265 kB | 69/147 kB | 40 kBProgress (3): 49/265 kB | 73/147 kB | 40 kBProgress (3): 49/265 kB | 77/147 kB | 40 kBProgress (3): 49/265 kB | 81/147 kB | 40 kBProgress (3): 49/265 kB | 85/147 kB | 40 kBProgress (3): 49/265 kB | 90/147 kB | 40 kBProgress (3): 49/265 kB | 94/147 kB | 40 kBProgress (3): 49/265 kB | 98/147 kB | 40 kBProgress (3): 49/265 kB | 102/147 kB | 40 kBProgress (3): 49/265 kB | 106/147 kB | 40 kBProgress (3): 49/265 kB | 110/147 kB | 40 kBProgress (3): 49/265 kB | 114/147 kB | 40 kBProgress (3): 49/265 kB | 118/147 kB | 40 kBProgress (3): 49/265 kB | 122/147 kB | 40 kBProgress (3): 49/265 kB | 126/147 kB | 40 kBProgress (3): 49/265 kB | 131/147 kB | 40 kBProgress (3): 49/265 kB | 135/147 kB | 40 kBProgress (3): 49/265 kB | 139/147 kB | 40 kBProgress (3): 49/265 kB | 143/147 kB | 40 kBProgress (3): 49/265 kB | 147/147 kB | 40 kBProgress (3): 49/265 kB | 147 kB | 40 kB    Progress (3): 53/265 kB | 147 kB | 40 kBProgress (3): 57/265 kB | 147 kB | 40 kBProgress (3): 61/265 kB | 147 kB | 40 kBProgress (3): 65/265 kB | 147 kB | 40 kBProgress (3): 69/265 kB | 147 kB | 40 kBProgress (3): 73/265 kB | 147 kB | 40 kBProgress (3): 77/265 kB | 147 kB | 40 kBProgress (3): 81/265 kB | 147 kB | 40 kBProgress (3): 85/265 kB | 147 kB | 40 kBProgress (3): 90/265 kB | 147 kB | 40 kBProgress (3): 94/265 kB | 147 kB | 40 kBProgress (3): 98/265 kB | 147 kB | 40 kBProgress (3): 102/265 kB | 147 kB | 40 kBProgress (3): 106/265 kB | 147 kB | 40 kBProgress (3): 110/265 kB | 147 kB | 40 kBProgress (3): 114/265 kB | 147 kB | 40 kBProgress (3): 118/265 kB | 147 kB | 40 kBProgress (3): 122/265 kB | 147 kB | 40 kBProgress (3): 126/265 kB | 147 kB | 40 kBProgress (3): 131/265 kB | 147 kB | 40 kBProgress (3): 135/265 kB | 147 kB | 40 kBProgress (3): 139/265 kB | 147 kB | 40 kBProgress (3): 143/265 kB | 147 kB | 40 kBProgress (3): 147/265 kB | 147 kB | 40 kBProgress (3): 151/265 kB | 147 kB | 40 kBProgress (3): 155/265 kB | 147 kB | 40 kBProgress (3): 159/265 kB | 147 kB | 40 kBProgress (3): 163/265 kB | 147 kB | 40 kBProgress (3): 167/265 kB | 147 kB | 40 kBProgress (3): 171/265 kB | 147 kB | 40 kBProgress (3): 176/265 kB | 147 kB | 40 kBProgress (3): 180/265 kB | 147 kB | 40 kB                                         Downloaded from central: https://repo.maven.apache.org/maven2/org/apache/maven/surefire/surefire-booter/2.17/surefire-booter-2.17.jar (40 kB at 100 kB/s)
Downloaded from central: https://repo.maven.apache.org/maven2/org/apache/maven/surefire/surefire-api/2.17/surefire-api-2.17.jar (147 kB at 371 kB/s)
Progress (1): 184/265 kBProgress (1): 188/265 kBProgress (1): 192/265 kBProgress (1): 196/265 kBProgress (1): 200/265 kBProgress (1): 204/265 kBProgress (1): 208/265 kBProgress (1): 212/265 kBProgress (1): 217/265 kBProgress (1): 221/265 kBProgress (1): 225/265 kBProgress (1): 229/265 kBProgress (1): 233/265 kBProgress (1): 237/265 kBProgress (1): 241/265 kBProgress (1): 245/265 kBProgress (1): 249/265 kBProgress (1): 253/265 kBProgress (1): 258/265 kBProgress (1): 262/265 kBProgress (1): 265 kB                        Downloaded from central: https://repo.maven.apache.org/maven2/org/apache/maven/surefire/maven-surefire-common/2.17/maven-surefire-common-2.17.jar (265 kB at 350 kB/s)
[INFO] Surefire report directory: /home/cgzhu/projects/gitslice/resources/facts/upgrade_jars_exp/_downloads/jackson-annotations/target/surefire-reports
Downloading from central: https://repo.maven.apache.org/maven2/org/apache/maven/surefire/surefire-junit4/2.17/surefire-junit4-2.17.pom
Progress (1): 2.2/2.5 kBProgress (1): 2.5 kB                        Downloaded from central: https://repo.maven.apache.org/maven2/org/apache/maven/surefire/surefire-junit4/2.17/surefire-junit4-2.17.pom (2.5 kB at 6.8 kB/s)
Downloading from central: https://repo.maven.apache.org/maven2/org/apache/maven/surefire/surefire-providers/2.17/surefire-providers-2.17.pom
Progress (1): 2.2/2.4 kBProgress (1): 2.4 kB                        Downloaded from central: https://repo.maven.apache.org/maven2/org/apache/maven/surefire/surefire-providers/2.17/surefire-providers-2.17.pom (2.4 kB at 6.5 kB/s)
Downloading from central: https://repo.maven.apache.org/maven2/org/apache/maven/surefire/surefire-junit4/2.17/surefire-junit4-2.17.jar
Progress (1): 2.2/64 kBProgress (1): 5.0/64 kBProgress (1): 7.7/64 kBProgress (1): 10/64 kB Progress (1): 13/64 kBProgress (1): 16/64 kBProgress (1): 19/64 kBProgress (1): 21/64 kBProgress (1): 24/64 kBProgress (1): 27/64 kBProgress (1): 30/64 kBProgress (1): 32/64 kBProgress (1): 36/64 kBProgress (1): 40/64 kBProgress (1): 45/64 kBProgress (1): 49/64 kBProgress (1): 53/64 kBProgress (1): 57/64 kBProgress (1): 61/64 kBProgress (1): 64 kB                      Downloaded from central: https://repo.maven.apache.org/maven2/org/apache/maven/surefire/surefire-junit4/2.17/surefire-junit4-2.17.jar (64 kB at 172 kB/s)

-------------------------------------------------------
 T E S T S
-------------------------------------------------------
Running com.fasterxml.jackson.annotation.ObjectIdStuffTest
Tests run: 4, Failures: 0, Errors: 0, Skipped: 0, Time elapsed: 0.031 sec - in com.fasterxml.jackson.annotation.ObjectIdStuffTest
Running com.fasterxml.jackson.annotation.FormatTest
Tests run: 9, Failures: 0, Errors: 0, Skipped: 0, Time elapsed: 0.006 sec - in com.fasterxml.jackson.annotation.FormatTest
Running com.fasterxml.jackson.annotation.JacksonInjectTest
Tests run: 4, Failures: 0, Errors: 0, Skipped: 0, Time elapsed: 0.004 sec - in com.fasterxml.jackson.annotation.JacksonInjectTest
Running com.fasterxml.jackson.annotation.JsonIgnorePropertiesTest
Tests run: 8, Failures: 0, Errors: 0, Skipped: 0, Time elapsed: 0.008 sec - in com.fasterxml.jackson.annotation.JsonIgnorePropertiesTest
Running com.fasterxml.jackson.annotation.OptBooleanTest
Tests run: 1, Failures: 0, Errors: 0, Skipped: 0, Time elapsed: 0 sec - in com.fasterxml.jackson.annotation.OptBooleanTest
Running com.fasterxml.jackson.annotation.PropertyAccessorTest
Tests run: 1, Failures: 0, Errors: 0, Skipped: 0, Time elapsed: 0 sec - in com.fasterxml.jackson.annotation.PropertyAccessorTest
Running com.fasterxml.jackson.annotation.VisibilityTest
Tests run: 8, Failures: 0, Errors: 0, Skipped: 0, Time elapsed: 0.005 sec - in com.fasterxml.jackson.annotation.VisibilityTest
Running com.fasterxml.jackson.annotation.JsonSetterTest
Tests run: 7, Failures: 0, Errors: 0, Skipped: 0, Time elapsed: 0.004 sec - in com.fasterxml.jackson.annotation.JsonSetterTest
Running com.fasterxml.jackson.annotation.IncludeTest
Tests run: 7, Failures: 0, Errors: 0, Skipped: 0, Time elapsed: 0.008 sec - in com.fasterxml.jackson.annotation.IncludeTest

Results :

Tests run: 49, Failures: 0, Errors: 0, Skipped: 0

[INFO] ------------------------------------------------------------------------
[INFO] BUILD SUCCESS
[INFO] ------------------------------------------------------------------------
[INFO] Total time: 47.469 s
[INFO] Finished at: 2019-08-20T16:25:24+08:00
[INFO] ------------------------------------------------------------------------
