[INFO] Scanning for projects...
Downloading from central: https://repo.maven.apache.org/maven2/org/apache/felix/maven-bundle-plugin/2.4.0/maven-bundle-plugin-2.4.0.pom
Progress (1): 2.2/4.0 kBProgress (1): 4.0 kB                        Downloaded from central: https://repo.maven.apache.org/maven2/org/apache/felix/maven-bundle-plugin/2.4.0/maven-bundle-plugin-2.4.0.pom (4.0 kB at 3.8 kB/s)
Downloading from central: https://repo.maven.apache.org/maven2/biz/aQute/bnd/bndlib/2.1.0/bndlib-2.1.0.pom
Progress (1): 1.2 kB                    Downloaded from central: https://repo.maven.apache.org/maven2/biz/aQute/bnd/bndlib/2.1.0/bndlib-2.1.0.pom (1.2 kB at 3.0 kB/s)
Downloading from central: https://repo.maven.apache.org/maven2/biz/aQute/bnd/parent/2.1.0/parent-2.1.0.pom
Progress (1): 2.7 kB                    Downloaded from central: https://repo.maven.apache.org/maven2/biz/aQute/bnd/parent/2.1.0/parent-2.1.0.pom (2.7 kB at 7.7 kB/s)
Downloading from central: https://repo.maven.apache.org/maven2/org/osgi/org.osgi.core/4.2.0/org.osgi.core-4.2.0.pom
Progress (1): 457 B                   Downloaded from central: https://repo.maven.apache.org/maven2/org/osgi/org.osgi.core/4.2.0/org.osgi.core-4.2.0.pom (457 B at 1.3 kB/s)
Downloading from central: https://repo.maven.apache.org/maven2/org/apache/felix/maven-bundle-plugin/2.4.0/maven-bundle-plugin-2.4.0.jar
Downloading from central: https://repo.maven.apache.org/maven2/org/osgi/org.osgi.core/4.2.0/org.osgi.core-4.2.0.jar
Downloading from central: https://repo.maven.apache.org/maven2/biz/aQute/bnd/bndlib/2.1.0/bndlib-2.1.0.jar
Progress (1): 2.2/126 kBProgress (1): 5.0/126 kBProgress (1): 7.7/126 kBProgress (1): 10/126 kB Progress (1): 13/126 kBProgress (1): 16/126 kBProgress (1): 19/126 kBProgress (1): 21/126 kBProgress (1): 24/126 kBProgress (1): 27/126 kBProgress (1): 30/126 kBProgress (1): 32/126 kBProgress (1): 36/126 kBProgress (1): 40/126 kBProgress (1): 45/126 kBProgress (1): 49/126 kBProgress (1): 53/126 kBProgress (1): 57/126 kBProgress (1): 61/126 kBProgress (1): 65/126 kBProgress (2): 65/126 kB | 2.2/247 kBProgress (2): 69/126 kB | 2.2/247 kBProgress (2): 69/126 kB | 5.0/247 kBProgress (2): 73/126 kB | 5.0/247 kBProgress (2): 73/126 kB | 7.7/247 kBProgress (2): 77/126 kB | 7.7/247 kBProgress (2): 77/126 kB | 10/247 kB Progress (2): 81/126 kB | 10/247 kBProgress (2): 81/126 kB | 13/247 kBProgress (2): 85/126 kB | 13/247 kBProgress (2): 90/126 kB | 13/247 kBProgress (2): 94/126 kB | 13/247 kBProgress (2): 98/126 kB | 13/247 kBProgress (3): 98/126 kB | 13/247 kB | 0/1.4 MBProgress (3): 98/126 kB | 13/247 kB | 0/1.4 MBProgress (3): 98/126 kB | 13/247 kB | 0/1.4 MBProgress (3): 98/126 kB | 13/247 kB | 0/1.4 MBProgress (3): 98/126 kB | 13/247 kB | 0/1.4 MBProgress (3): 98/126 kB | 16/247 kB | 0/1.4 MBProgress (3): 98/126 kB | 19/247 kB | 0/1.4 MBProgress (3): 98/126 kB | 21/247 kB | 0/1.4 MBProgress (3): 102/126 kB | 21/247 kB | 0/1.4 MBProgress (3): 102/126 kB | 24/247 kB | 0/1.4 MBProgress (3): 106/126 kB | 24/247 kB | 0/1.4 MBProgress (3): 106/126 kB | 27/247 kB | 0/1.4 MBProgress (3): 110/126 kB | 27/247 kB | 0/1.4 MBProgress (3): 110/126 kB | 30/247 kB | 0/1.4 MBProgress (3): 114/126 kB | 30/247 kB | 0/1.4 MBProgress (3): 114/126 kB | 32/247 kB | 0/1.4 MBProgress (3): 118/126 kB | 32/247 kB | 0/1.4 MBProgress (3): 122/126 kB | 32/247 kB | 0/1.4 MBProgress (3): 126 kB | 32/247 kB | 0/1.4 MB    Progress (3): 126 kB | 32/247 kB | 0/1.4 MBProgress (3): 126 kB | 32/247 kB | 0/1.4 MBProgress (3): 126 kB | 32/247 kB | 0/1.4 MBProgress (3): 126 kB | 32/247 kB | 0/1.4 MBProgress (3): 126 kB | 32/247 kB | 0/1.4 MBProgress (3): 126 kB | 32/247 kB | 0/1.4 MBProgress (3): 126 kB | 32/247 kB | 0/1.4 MBProgress (3): 126 kB | 36/247 kB | 0/1.4 MBProgress (3): 126 kB | 40/247 kB | 0/1.4 MBProgress (3): 126 kB | 45/247 kB | 0/1.4 MBProgress (3): 126 kB | 49/247 kB | 0/1.4 MBProgress (3): 126 kB | 53/247 kB | 0/1.4 MBProgress (3): 126 kB | 57/247 kB | 0/1.4 MBProgress (3): 126 kB | 61/247 kB | 0/1.4 MBProgress (3): 126 kB | 65/247 kB | 0/1.4 MBProgress (3): 126 kB | 69/247 kB | 0/1.4 MBProgress (3): 126 kB | 73/247 kB | 0/1.4 MBProgress (3): 126 kB | 77/247 kB | 0/1.4 MBProgress (3): 126 kB | 81/247 kB | 0/1.4 MB                                           Downloaded from central: https://repo.maven.apache.org/maven2/org/apache/felix/maven-bundle-plugin/2.4.0/maven-bundle-plugin-2.4.0.jar (126 kB at 143 kB/s)
Progress (2): 81/247 kB | 0/1.4 MBProgress (2): 81/247 kB | 0/1.4 MBProgress (2): 81/247 kB | 0/1.4 MBProgress (2): 81/247 kB | 0/1.4 MBProgress (2): 81/247 kB | 0.1/1.4 MBProgress (2): 81/247 kB | 0.1/1.4 MBProgress (2): 81/247 kB | 0.1/1.4 MBProgress (2): 81/247 kB | 0.1/1.4 MBProgress (2): 81/247 kB | 0.1/1.4 MBProgress (2): 81/247 kB | 0.1/1.4 MBProgress (2): 81/247 kB | 0.1/1.4 MBProgress (2): 81/247 kB | 0.1/1.4 MBProgress (2): 85/247 kB | 0.1/1.4 MBProgress (2): 90/247 kB | 0.1/1.4 MBProgress (2): 94/247 kB | 0.1/1.4 MBProgress (2): 98/247 kB | 0.1/1.4 MBProgress (2): 102/247 kB | 0.1/1.4 MBProgress (2): 106/247 kB | 0.1/1.4 MBProgress (2): 110/247 kB | 0.1/1.4 MBProgress (2): 114/247 kB | 0.1/1.4 MBProgress (2): 118/247 kB | 0.1/1.4 MBProgress (2): 122/247 kB | 0.1/1.4 MBProgress (2): 126/247 kB | 0.1/1.4 MBProgress (2): 131/247 kB | 0.1/1.4 MBProgress (2): 135/247 kB | 0.1/1.4 MBProgress (2): 139/247 kB | 0.1/1.4 MBProgress (2): 143/247 kB | 0.1/1.4 MBProgress (2): 147/247 kB | 0.1/1.4 MBProgress (2): 151/247 kB | 0.1/1.4 MBProgress (2): 155/247 kB | 0.1/1.4 MBProgress (2): 159/247 kB | 0.1/1.4 MBProgress (2): 163/247 kB | 0.1/1.4 MBProgress (2): 167/247 kB | 0.1/1.4 MBProgress (2): 171/247 kB | 0.1/1.4 MBProgress (2): 176/247 kB | 0.1/1.4 MBProgress (2): 180/247 kB | 0.1/1.4 MBProgress (2): 180/247 kB | 0.1/1.4 MBProgress (2): 180/247 kB | 0.1/1.4 MBProgress (2): 180/247 kB | 0.1/1.4 MBProgress (2): 180/247 kB | 0.1/1.4 MBProgress (2): 180/247 kB | 0.1/1.4 MBProgress (2): 180/247 kB | 0.1/1.4 MBProgress (2): 180/247 kB | 0.1/1.4 MBProgress (2): 180/247 kB | 0.1/1.4 MBProgress (2): 180/247 kB | 0.1/1.4 MBProgress (2): 180/247 kB | 0.1/1.4 MBProgress (2): 180/247 kB | 0.1/1.4 MBProgress (2): 180/247 kB | 0.1/1.4 MBProgress (2): 180/247 kB | 0.1/1.4 MBProgress (2): 180/247 kB | 0.1/1.4 MBProgress (2): 180/247 kB | 0.1/1.4 MBProgress (2): 180/247 kB | 0.1/1.4 MBProgress (2): 180/247 kB | 0.2/1.4 MBProgress (2): 180/247 kB | 0.2/1.4 MBProgress (2): 180/247 kB | 0.2/1.4 MBProgress (2): 180/247 kB | 0.2/1.4 MBProgress (2): 180/247 kB | 0.2/1.4 MBProgress (2): 180/247 kB | 0.2/1.4 MBProgress (2): 180/247 kB | 0.2/1.4 MBProgress (2): 180/247 kB | 0.2/1.4 MBProgress (2): 184/247 kB | 0.2/1.4 MBProgress (2): 188/247 kB | 0.2/1.4 MBProgress (2): 192/247 kB | 0.2/1.4 MBProgress (2): 196/247 kB | 0.2/1.4 MBProgress (2): 200/247 kB | 0.2/1.4 MBProgress (2): 204/247 kB | 0.2/1.4 MBProgress (2): 208/247 kB | 0.2/1.4 MBProgress (2): 212/247 kB | 0.2/1.4 MBProgress (2): 217/247 kB | 0.2/1.4 MBProgress (2): 221/247 kB | 0.2/1.4 MBProgress (2): 225/247 kB | 0.2/1.4 MBProgress (2): 229/247 kB | 0.2/1.4 MBProgress (2): 233/247 kB | 0.2/1.4 MBProgress (2): 237/247 kB | 0.2/1.4 MBProgress (2): 241/247 kB | 0.2/1.4 MBProgress (2): 245/247 kB | 0.2/1.4 MBProgress (2): 247 kB | 0.2/1.4 MB    Progress (2): 247 kB | 0.2/1.4 MBProgress (2): 247 kB | 0.2/1.4 MBProgress (2): 247 kB | 0.2/1.4 MBProgress (2): 247 kB | 0.2/1.4 MBProgress (2): 247 kB | 0.2/1.4 MBProgress (2): 247 kB | 0.2/1.4 MBProgress (2): 247 kB | 0.2/1.4 MBProgress (2): 247 kB | 0.2/1.4 MBProgress (2): 247 kB | 0.2/1.4 MBProgress (2): 247 kB | 0.2/1.4 MBProgress (2): 247 kB | 0.2/1.4 MBProgress (2): 247 kB | 0.2/1.4 MBProgress (2): 247 kB | 0.2/1.4 MBProgress (2): 247 kB | 0.2/1.4 MBProgress (2): 247 kB | 0.2/1.4 MBProgress (2): 247 kB | 0.2/1.4 MBProgress (2): 247 kB | 0.2/1.4 MBProgress (2): 247 kB | 0.3/1.4 MBProgress (2): 247 kB | 0.3/1.4 MBProgress (2): 247 kB | 0.3/1.4 MBProgress (2): 247 kB | 0.3/1.4 MBProgress (2): 247 kB | 0.3/1.4 MBProgress (2): 247 kB | 0.3/1.4 MBProgress (2): 247 kB | 0.3/1.4 MBProgress (2): 247 kB | 0.3/1.4 MBProgress (2): 247 kB | 0.3/1.4 MBProgress (2): 247 kB | 0.3/1.4 MBProgress (2): 247 kB | 0.3/1.4 MB                                 Downloaded from central: https://repo.maven.apache.org/maven2/org/osgi/org.osgi.core/4.2.0/org.osgi.core-4.2.0.jar (247 kB at 183 kB/s)
Progress (1): 0.3/1.4 MBProgress (1): 0.3/1.4 MBProgress (1): 0.3/1.4 MBProgress (1): 0.3/1.4 MBProgress (1): 0.3/1.4 MBProgress (1): 0.3/1.4 MBProgress (1): 0.3/1.4 MBProgress (1): 0.3/1.4 MBProgress (1): 0.3/1.4 MBProgress (1): 0.3/1.4 MBProgress (1): 0.3/1.4 MBProgress (1): 0.3/1.4 MBProgress (1): 0.3/1.4 MBProgress (1): 0.4/1.4 MBProgress (1): 0.4/1.4 MBProgress (1): 0.4/1.4 MBProgress (1): 0.4/1.4 MBProgress (1): 0.4/1.4 MBProgress (1): 0.4/1.4 MBProgress (1): 0.4/1.4 MBProgress (1): 0.4/1.4 MBProgress (1): 0.4/1.4 MBProgress (1): 0.4/1.4 MBProgress (1): 0.4/1.4 MBProgress (1): 0.4/1.4 MBProgress (1): 0.4/1.4 MBProgress (1): 0.4/1.4 MBProgress (1): 0.4/1.4 MBProgress (1): 0.4/1.4 MBProgress (1): 0.4/1.4 MBProgress (1): 0.4/1.4 MBProgress (1): 0.4/1.4 MBProgress (1): 0.4/1.4 MBProgress (1): 0.4/1.4 MBProgress (1): 0.4/1.4 MBProgress (1): 0.4/1.4 MBProgress (1): 0.4/1.4 MBProgress (1): 0.5/1.4 MBProgress (1): 0.5/1.4 MBProgress (1): 0.5/1.4 MBProgress (1): 0.5/1.4 MBProgress (1): 0.5/1.4 MBProgress (1): 0.5/1.4 MBProgress (1): 0.5/1.4 MBProgress (1): 0.5/1.4 MBProgress (1): 0.5/1.4 MBProgress (1): 0.5/1.4 MBProgress (1): 0.5/1.4 MBProgress (1): 0.5/1.4 MBProgress (1): 0.5/1.4 MBProgress (1): 0.5/1.4 MBProgress (1): 0.5/1.4 MBProgress (1): 0.5/1.4 MBProgress (1): 0.5/1.4 MBProgress (1): 0.5/1.4 MBProgress (1): 0.5/1.4 MBProgress (1): 0.5/1.4 MBProgress (1): 0.5/1.4 MBProgress (1): 0.5/1.4 MBProgress (1): 0.5/1.4 MBProgress (1): 0.5/1.4 MBProgress (1): 0.5/1.4 MBProgress (1): 0.6/1.4 MBProgress (1): 0.6/1.4 MBProgress (1): 0.6/1.4 MBProgress (1): 0.6/1.4 MBProgress (1): 0.6/1.4 MBProgress (1): 0.6/1.4 MBProgress (1): 0.6/1.4 MBProgress (1): 0.6/1.4 MBProgress (1): 0.6/1.4 MBProgress (1): 0.6/1.4 MBProgress (1): 0.6/1.4 MBProgress (1): 0.6/1.4 MBProgress (1): 0.6/1.4 MBProgress (1): 0.6/1.4 MBProgress (1): 0.6/1.4 MBProgress (1): 0.6/1.4 MBProgress (1): 0.6/1.4 MBProgress (1): 0.6/1.4 MBProgress (1): 0.6/1.4 MBProgress (1): 0.6/1.4 MBProgress (1): 0.6/1.4 MBProgress (1): 0.6/1.4 MBProgress (1): 0.6/1.4 MBProgress (1): 0.6/1.4 MBProgress (1): 0.7/1.4 MBProgress (1): 0.7/1.4 MBProgress (1): 0.7/1.4 MBProgress (1): 0.7/1.4 MBProgress (1): 0.7/1.4 MBProgress (1): 0.7/1.4 MBProgress (1): 0.7/1.4 MBProgress (1): 0.7/1.4 MBProgress (1): 0.7/1.4 MBProgress (1): 0.7/1.4 MBProgress (1): 0.7/1.4 MBProgress (1): 0.7/1.4 MBProgress (1): 0.7/1.4 MBProgress (1): 0.7/1.4 MBProgress (1): 0.7/1.4 MBProgress (1): 0.7/1.4 MBProgress (1): 0.7/1.4 MBProgress (1): 0.7/1.4 MBProgress (1): 0.7/1.4 MBProgress (1): 0.7/1.4 MBProgress (1): 0.7/1.4 MBProgress (1): 0.7/1.4 MBProgress (1): 0.7/1.4 MBProgress (1): 0.7/1.4 MBProgress (1): 0.7/1.4 MBProgress (1): 0.8/1.4 MBProgress (1): 0.8/1.4 MBProgress (1): 0.8/1.4 MBProgress (1): 0.8/1.4 MBProgress (1): 0.8/1.4 MBProgress (1): 0.8/1.4 MBProgress (1): 0.8/1.4 MBProgress (1): 0.8/1.4 MBProgress (1): 0.8/1.4 MBProgress (1): 0.8/1.4 MBProgress (1): 0.8/1.4 MBProgress (1): 0.8/1.4 MBProgress (1): 0.8/1.4 MBProgress (1): 0.8/1.4 MBProgress (1): 0.8/1.4 MBProgress (1): 0.8/1.4 MBProgress (1): 0.8/1.4 MBProgress (1): 0.8/1.4 MBProgress (1): 0.8/1.4 MBProgress (1): 0.8/1.4 MBProgress (1): 0.8/1.4 MBProgress (1): 0.8/1.4 MBProgress (1): 0.8/1.4 MBProgress (1): 0.8/1.4 MBProgress (1): 0.9/1.4 MBProgress (1): 0.9/1.4 MBProgress (1): 0.9/1.4 MBProgress (1): 0.9/1.4 MBProgress (1): 0.9/1.4 MBProgress (1): 0.9/1.4 MBProgress (1): 0.9/1.4 MBProgress (1): 0.9/1.4 MBProgress (1): 0.9/1.4 MBProgress (1): 0.9/1.4 MBProgress (1): 0.9/1.4 MBProgress (1): 0.9/1.4 MBProgress (1): 0.9/1.4 MBProgress (1): 0.9/1.4 MBProgress (1): 0.9/1.4 MBProgress (1): 0.9/1.4 MBProgress (1): 0.9/1.4 MBProgress (1): 0.9/1.4 MBProgress (1): 0.9/1.4 MBProgress (1): 0.9/1.4 MBProgress (1): 0.9/1.4 MBProgress (1): 0.9/1.4 MBProgress (1): 0.9/1.4 MBProgress (1): 0.9/1.4 MBProgress (1): 0.9/1.4 MBProgress (1): 1.0/1.4 MBProgress (1): 1.0/1.4 MBProgress (1): 1.0/1.4 MBProgress (1): 1.0/1.4 MBProgress (1): 1.0/1.4 MBProgress (1): 1.0/1.4 MBProgress (1): 1.0/1.4 MBProgress (1): 1.0/1.4 MBProgress (1): 1.0/1.4 MBProgress (1): 1.0/1.4 MBProgress (1): 1.0/1.4 MBProgress (1): 1.0/1.4 MBProgress (1): 1.0/1.4 MBProgress (1): 1.0/1.4 MBProgress (1): 1.0/1.4 MBProgress (1): 1.0/1.4 MBProgress (1): 1.0/1.4 MBProgress (1): 1.0/1.4 MBProgress (1): 1.0/1.4 MBProgress (1): 1.0/1.4 MBProgress (1): 1.0/1.4 MBProgress (1): 1.0/1.4 MBProgress (1): 1.0/1.4 MBProgress (1): 1.0/1.4 MBProgress (1): 1.1/1.4 MBProgress (1): 1.1/1.4 MBProgress (1): 1.1/1.4 MBProgress (1): 1.1/1.4 MBProgress (1): 1.1/1.4 MBProgress (1): 1.1/1.4 MBProgress (1): 1.1/1.4 MBProgress (1): 1.1/1.4 MBProgress (1): 1.1/1.4 MBProgress (1): 1.1/1.4 MBProgress (1): 1.1/1.4 MBProgress (1): 1.1/1.4 MBProgress (1): 1.1/1.4 MBProgress (1): 1.1/1.4 MBProgress (1): 1.1/1.4 MBProgress (1): 1.1/1.4 MBProgress (1): 1.1/1.4 MBProgress (1): 1.1/1.4 MBProgress (1): 1.1/1.4 MBProgress (1): 1.1/1.4 MBProgress (1): 1.1/1.4 MBProgress (1): 1.1/1.4 MBProgress (1): 1.1/1.4 MBProgress (1): 1.1/1.4 MBProgress (1): 1.2/1.4 MBProgress (1): 1.2/1.4 MBProgress (1): 1.2/1.4 MBProgress (1): 1.2/1.4 MBProgress (1): 1.2/1.4 MBProgress (1): 1.2/1.4 MBProgress (1): 1.2/1.4 MBProgress (1): 1.2/1.4 MBProgress (1): 1.2/1.4 MBProgress (1): 1.2/1.4 MBProgress (1): 1.2/1.4 MBProgress (1): 1.2/1.4 MBProgress (1): 1.2/1.4 MBProgress (1): 1.2/1.4 MBProgress (1): 1.2/1.4 MBProgress (1): 1.2/1.4 MBProgress (1): 1.2/1.4 MBProgress (1): 1.2/1.4 MBProgress (1): 1.2/1.4 MBProgress (1): 1.2/1.4 MBProgress (1): 1.2/1.4 MBProgress (1): 1.2/1.4 MBProgress (1): 1.2/1.4 MBProgress (1): 1.2/1.4 MBProgress (1): 1.2/1.4 MBProgress (1): 1.3/1.4 MBProgress (1): 1.3/1.4 MBProgress (1): 1.3/1.4 MBProgress (1): 1.3/1.4 MBProgress (1): 1.3/1.4 MBProgress (1): 1.3/1.4 MBProgress (1): 1.3/1.4 MBProgress (1): 1.3/1.4 MBProgress (1): 1.3/1.4 MBProgress (1): 1.3/1.4 MBProgress (1): 1.3/1.4 MBProgress (1): 1.3/1.4 MBProgress (1): 1.3/1.4 MBProgress (1): 1.3/1.4 MBProgress (1): 1.3/1.4 MBProgress (1): 1.3/1.4 MBProgress (1): 1.3/1.4 MBProgress (1): 1.3/1.4 MBProgress (1): 1.3/1.4 MBProgress (1): 1.3/1.4 MBProgress (1): 1.3/1.4 MBProgress (1): 1.3/1.4 MBProgress (1): 1.3/1.4 MBProgress (1): 1.3/1.4 MBProgress (1): 1.3/1.4 MBProgress (1): 1.4/1.4 MBProgress (1): 1.4/1.4 MBProgress (1): 1.4/1.4 MBProgress (1): 1.4/1.4 MBProgress (1): 1.4/1.4 MBProgress (1): 1.4/1.4 MBProgress (1): 1.4/1.4 MBProgress (1): 1.4/1.4 MBProgress (1): 1.4/1.4 MBProgress (1): 1.4 MB                        Downloaded from central: https://repo.maven.apache.org/maven2/biz/aQute/bnd/bndlib/2.1.0/bndlib-2.1.0.jar (1.4 MB at 627 kB/s)
Downloading from central: https://repo.maven.apache.org/maven2/org/sonatype/plugins/nexus-staging-maven-plugin/1.6.6/nexus-staging-maven-plugin-1.6.6.pom
Progress (1): 4.1/12 kBProgress (1): 7.7/12 kBProgress (1): 12/12 kB Progress (1): 12 kB                      Downloaded from central: https://repo.maven.apache.org/maven2/org/sonatype/plugins/nexus-staging-maven-plugin/1.6.6/nexus-staging-maven-plugin-1.6.6.pom (12 kB at 33 kB/s)
Downloading from central: https://repo.maven.apache.org/maven2/org/sonatype/nexus/maven/nexus-staging/1.6.6/nexus-staging-1.6.6.pom
Progress (1): 2.8 kB                    Downloaded from central: https://repo.maven.apache.org/maven2/org/sonatype/nexus/maven/nexus-staging/1.6.6/nexus-staging-1.6.6.pom (2.8 kB at 7.6 kB/s)
Downloading from central: https://repo.maven.apache.org/maven2/org/sonatype/nexus/maven/nexus-maven-plugins/1.6.6/nexus-maven-plugins-1.6.6.pom
Progress (1): 2.2/18 kBProgress (1): 5.0/18 kBProgress (1): 7.8/18 kBProgress (1): 11/18 kB Progress (1): 13/18 kBProgress (1): 16/18 kBProgress (1): 18 kB                      Downloaded from central: https://repo.maven.apache.org/maven2/org/sonatype/nexus/maven/nexus-maven-plugins/1.6.6/nexus-maven-plugins-1.6.6.pom (18 kB at 48 kB/s)
Downloading from central: https://repo.maven.apache.org/maven2/org/sonatype/nexus/maven/nexus-common/1.6.6/nexus-common-1.6.6.pom
Progress (1): 2.2 kB                    Downloaded from central: https://repo.maven.apache.org/maven2/org/sonatype/nexus/maven/nexus-common/1.6.6/nexus-common-1.6.6.pom (2.2 kB at 6.1 kB/s)
Downloading from central: https://repo.maven.apache.org/maven2/org/sonatype/plugins/nexus-staging-maven-plugin/1.6.6/nexus-staging-maven-plugin-1.6.6.jar
Downloading from central: https://repo.maven.apache.org/maven2/org/sonatype/nexus/maven/nexus-common/1.6.6/nexus-common-1.6.6.jar
Progress (1): 2.2/16 kBProgress (1): 5.0/16 kBProgress (1): 7.7/16 kBProgress (1): 10/16 kB Progress (1): 13/16 kBProgress (1): 16/16 kBProgress (1): 16 kB   Progress (2): 16 kB | 2.2/249 kBProgress (2): 16 kB | 5.0/249 kBProgress (2): 16 kB | 7.7/249 kBProgress (2): 16 kB | 10/249 kB Progress (2): 16 kB | 13/249 kBProgress (2): 16 kB | 16/249 kBProgress (2): 16 kB | 19/249 kBProgress (2): 16 kB | 21/249 kBProgress (2): 16 kB | 24/249 kBProgress (2): 16 kB | 27/249 kBProgress (2): 16 kB | 30/249 kBProgress (2): 16 kB | 32/249 kBProgress (2): 16 kB | 36/249 kBProgress (2): 16 kB | 40/249 kBProgress (2): 16 kB | 45/249 kBProgress (2): 16 kB | 49/249 kBProgress (2): 16 kB | 53/249 kBProgress (2): 16 kB | 57/249 kBProgress (2): 16 kB | 61/249 kBProgress (2): 16 kB | 65/249 kBProgress (2): 16 kB | 69/249 kBProgress (2): 16 kB | 73/249 kBProgress (2): 16 kB | 77/249 kBProgress (2): 16 kB | 81/249 kBProgress (2): 16 kB | 85/249 kBProgress (2): 16 kB | 90/249 kBProgress (2): 16 kB | 94/249 kBProgress (2): 16 kB | 98/249 kBProgress (2): 16 kB | 102/249 kBProgress (2): 16 kB | 106/249 kBProgress (2): 16 kB | 110/249 kBProgress (2): 16 kB | 114/249 kBProgress (2): 16 kB | 118/249 kBProgress (2): 16 kB | 122/249 kBProgress (2): 16 kB | 126/249 kBProgress (2): 16 kB | 131/249 kBProgress (2): 16 kB | 135/249 kBProgress (2): 16 kB | 139/249 kBProgress (2): 16 kB | 143/249 kBProgress (2): 16 kB | 147/249 kBProgress (2): 16 kB | 151/249 kBProgress (2): 16 kB | 155/249 kBProgress (2): 16 kB | 159/249 kBProgress (2): 16 kB | 163/249 kBProgress (2): 16 kB | 167/249 kBProgress (2): 16 kB | 171/249 kBProgress (2): 16 kB | 176/249 kBProgress (2): 16 kB | 180/249 kBProgress (2): 16 kB | 184/249 kBProgress (2): 16 kB | 188/249 kBProgress (2): 16 kB | 192/249 kBProgress (2): 16 kB | 196/249 kBProgress (2): 16 kB | 200/249 kBProgress (2): 16 kB | 204/249 kBProgress (2): 16 kB | 208/249 kBProgress (2): 16 kB | 212/249 kBProgress (2): 16 kB | 217/249 kBProgress (2): 16 kB | 221/249 kBProgress (2): 16 kB | 225/249 kBProgress (2): 16 kB | 229/249 kBProgress (2): 16 kB | 233/249 kBProgress (2): 16 kB | 237/249 kBProgress (2): 16 kB | 241/249 kBProgress (2): 16 kB | 245/249 kBProgress (2): 16 kB | 249 kB                                Downloaded from central: https://repo.maven.apache.org/maven2/org/sonatype/nexus/maven/nexus-common/1.6.6/nexus-common-1.6.6.jar (16 kB at 47 kB/s)
Downloaded from central: https://repo.maven.apache.org/maven2/org/sonatype/plugins/nexus-staging-maven-plugin/1.6.6/nexus-staging-maven-plugin-1.6.6.jar (249 kB at 639 kB/s)
[INFO] Inspecting build with total of 1 modules...
[INFO] Installing Nexus Staging features:
[INFO]   ... total of 1 executions of maven-deploy-plugin replaced with nexus-staging-maven-plugin
Downloading from central: https://repo.maven.apache.org/maven2/org/jacoco/jacoco-maven-plugin/0.8.1/jacoco-maven-plugin-0.8.1.pom
Progress (1): 2.2/4.9 kBProgress (1): 4.9 kB                        Downloaded from central: https://repo.maven.apache.org/maven2/org/jacoco/jacoco-maven-plugin/0.8.1/jacoco-maven-plugin-0.8.1.pom (4.9 kB at 13 kB/s)
Downloading from central: https://repo.maven.apache.org/maven2/org/jacoco/org.jacoco.build/0.8.1/org.jacoco.build-0.8.1.pom
Progress (1): 2.2/38 kBProgress (1): 5.0/38 kBProgress (1): 7.8/38 kBProgress (1): 11/38 kB Progress (1): 13/38 kBProgress (1): 16/38 kBProgress (1): 19/38 kBProgress (1): 21/38 kBProgress (1): 24/38 kBProgress (1): 27/38 kBProgress (1): 30/38 kBProgress (1): 32/38 kBProgress (1): 35/38 kBProgress (1): 38/38 kBProgress (1): 38 kB                      Downloaded from central: https://repo.maven.apache.org/maven2/org/jacoco/org.jacoco.build/0.8.1/org.jacoco.build-0.8.1.pom (38 kB at 103 kB/s)
Downloading from central: https://repo.maven.apache.org/maven2/org/jacoco/jacoco-maven-plugin/0.8.1/jacoco-maven-plugin-0.8.1.jar
Progress (1): 2.2/54 kBProgress (1): 5.0/54 kBProgress (1): 7.7/54 kBProgress (1): 10/54 kB Progress (1): 13/54 kBProgress (1): 16/54 kBProgress (1): 19/54 kBProgress (1): 21/54 kBProgress (1): 24/54 kBProgress (1): 27/54 kBProgress (1): 30/54 kBProgress (1): 32/54 kBProgress (1): 36/54 kBProgress (1): 40/54 kBProgress (1): 45/54 kBProgress (1): 49/54 kBProgress (1): 53/54 kBProgress (1): 54 kB                      Downloaded from central: https://repo.maven.apache.org/maven2/org/jacoco/jacoco-maven-plugin/0.8.1/jacoco-maven-plugin-0.8.1.jar (54 kB at 144 kB/s)
Downloading from central: https://repo.maven.apache.org/maven2/org/eluder/coveralls/coveralls-maven-plugin/4.0.0/coveralls-maven-plugin-4.0.0.pom
Progress (1): 4.1/10 kBProgress (1): 7.7/10 kBProgress (1): 10 kB                       Downloaded from central: https://repo.maven.apache.org/maven2/org/eluder/coveralls/coveralls-maven-plugin/4.0.0/coveralls-maven-plugin-4.0.0.pom (10 kB at 28 kB/s)
Downloading from central: https://repo.maven.apache.org/maven2/org/eluder/eluder-parent/7/eluder-parent-7.pom
Progress (1): 4.1/14 kBProgress (1): 7.7/14 kBProgress (1): 12/14 kB Progress (1): 14 kB                      Downloaded from central: https://repo.maven.apache.org/maven2/org/eluder/eluder-parent/7/eluder-parent-7.pom (14 kB at 40 kB/s)
Downloading from central: https://repo.maven.apache.org/maven2/org/eluder/coveralls/coveralls-maven-plugin/4.0.0/coveralls-maven-plugin-4.0.0.jar
Progress (1): 4.1/82 kBProgress (1): 7.7/82 kBProgress (1): 12/82 kB Progress (1): 16/82 kBProgress (1): 20/82 kBProgress (1): 24/82 kBProgress (1): 28/82 kBProgress (1): 32/82 kBProgress (1): 36/82 kBProgress (1): 40/82 kBProgress (1): 45/82 kBProgress (1): 49/82 kBProgress (1): 53/82 kBProgress (1): 57/82 kBProgress (1): 61/82 kBProgress (1): 65/82 kBProgress (1): 69/82 kBProgress (1): 73/82 kBProgress (1): 77/82 kBProgress (1): 81/82 kBProgress (1): 82 kB                      Downloaded from central: https://repo.maven.apache.org/maven2/org/eluder/coveralls/coveralls-maven-plugin/4.0.0/coveralls-maven-plugin-4.0.0.jar (82 kB at 217 kB/s)
[INFO] 
[INFO] -------------------------< one.util:streamex >--------------------------
[INFO] Building StreamEx 0.6.7
[INFO] --------------------------------[ jar ]---------------------------------
[INFO] 
[INFO] --- maven-clean-plugin:2.5:clean (default-clean) @ streamex ---
[INFO] 
[INFO] --- maven-dependency-plugin:2.8:list (default-cli) @ streamex ---
[INFO] 
[INFO] The following files have been resolved:
[INFO]    org.hamcrest:hamcrest-core:jar:1.3:test
[INFO]    junit:junit:jar:4.12:test
[INFO] 
[INFO] 
[INFO] --- jacoco-maven-plugin:0.8.1:prepare-agent (default-prepare-agent) @ streamex ---
Downloading from central: https://repo.maven.apache.org/maven2/org/jacoco/org.jacoco.agent/0.8.1/org.jacoco.agent-0.8.1.pom
Progress (1): 2.8/3.5 kBProgress (1): 3.5 kB                        Downloaded from central: https://repo.maven.apache.org/maven2/org/jacoco/org.jacoco.agent/0.8.1/org.jacoco.agent-0.8.1.pom (3.5 kB at 9.8 kB/s)
Downloading from central: https://repo.maven.apache.org/maven2/org/jacoco/org.jacoco.core/0.8.1/org.jacoco.core-0.8.1.pom
Progress (1): 2.2/2.3 kBProgress (1): 2.3 kB                        Downloaded from central: https://repo.maven.apache.org/maven2/org/jacoco/org.jacoco.core/0.8.1/org.jacoco.core-0.8.1.pom (2.3 kB at 6.4 kB/s)
Downloading from central: https://repo.maven.apache.org/maven2/org/ow2/asm/asm/6.0/asm-6.0.pom
Progress (1): 1.9 kB                    Downloaded from central: https://repo.maven.apache.org/maven2/org/ow2/asm/asm/6.0/asm-6.0.pom (1.9 kB at 5.3 kB/s)
Downloading from central: https://repo.maven.apache.org/maven2/org/ow2/asm/asm-parent/6.0/asm-parent-6.0.pom
Progress (1): 0.8/5.5 kBProgress (1): 3.5/5.5 kBProgress (1): 5.5 kB                        Downloaded from central: https://repo.maven.apache.org/maven2/org/ow2/asm/asm-parent/6.0/asm-parent-6.0.pom (5.5 kB at 15 kB/s)
Downloading from central: https://repo.maven.apache.org/maven2/org/ow2/asm/asm-commons/6.0/asm-commons-6.0.pom
Progress (1): 2.1 kB                    Downloaded from central: https://repo.maven.apache.org/maven2/org/ow2/asm/asm-commons/6.0/asm-commons-6.0.pom (2.1 kB at 5.7 kB/s)
Downloading from central: https://repo.maven.apache.org/maven2/org/ow2/asm/asm-tree/6.0/asm-tree-6.0.pom
Progress (1): 2.1 kB                    Downloaded from central: https://repo.maven.apache.org/maven2/org/ow2/asm/asm-tree/6.0/asm-tree-6.0.pom (2.1 kB at 5.7 kB/s)
Downloading from central: https://repo.maven.apache.org/maven2/org/ow2/asm/asm-analysis/6.0/asm-analysis-6.0.pom
Progress (1): 2.1 kB                    Downloaded from central: https://repo.maven.apache.org/maven2/org/ow2/asm/asm-analysis/6.0/asm-analysis-6.0.pom (2.1 kB at 5.8 kB/s)
Downloading from central: https://repo.maven.apache.org/maven2/org/ow2/asm/asm-util/6.0/asm-util-6.0.pom
Progress (1): 2.1 kB                    Downloaded from central: https://repo.maven.apache.org/maven2/org/ow2/asm/asm-util/6.0/asm-util-6.0.pom (2.1 kB at 5.7 kB/s)
Downloading from central: https://repo.maven.apache.org/maven2/org/jacoco/org.jacoco.report/0.8.1/org.jacoco.report-0.8.1.pom
Progress (1): 1.9 kB                    Downloaded from central: https://repo.maven.apache.org/maven2/org/jacoco/org.jacoco.report/0.8.1/org.jacoco.report-0.8.1.pom (1.9 kB at 5.2 kB/s)
Downloading from central: https://repo.maven.apache.org/maven2/org/jacoco/org.jacoco.agent/0.8.1/org.jacoco.agent-0.8.1-runtime.jar
Downloading from central: https://repo.maven.apache.org/maven2/org/ow2/asm/asm/6.0/asm-6.0.jar
Downloading from central: https://repo.maven.apache.org/maven2/org/jacoco/org.jacoco.core/0.8.1/org.jacoco.core-0.8.1.jar
Downloading from central: https://repo.maven.apache.org/maven2/org/ow2/asm/asm-tree/6.0/asm-tree-6.0.jar
Downloading from central: https://repo.maven.apache.org/maven2/org/ow2/asm/asm-commons/6.0/asm-commons-6.0.jar
Progress (1): 2.2/95 kBProgress (1): 5.0/95 kBProgress (1): 7.7/95 kBProgress (1): 10/95 kB Progress (1): 13/95 kBProgress (1): 16/95 kBProgress (1): 19/95 kBProgress (1): 21/95 kBProgress (1): 24/95 kBProgress (1): 27/95 kBProgress (1): 30/95 kBProgress (1): 32/95 kBProgress (1): 36/95 kBProgress (1): 40/95 kBProgress (1): 45/95 kBProgress (1): 49/95 kBProgress (1): 53/95 kBProgress (1): 57/95 kBProgress (1): 61/95 kBProgress (1): 65/95 kBProgress (1): 69/95 kBProgress (1): 73/95 kBProgress (1): 77/95 kBProgress (1): 81/95 kBProgress (2): 81/95 kB | 2.2/159 kBProgress (2): 81/95 kB | 5.0/159 kBProgress (2): 85/95 kB | 5.0/159 kBProgress (2): 85/95 kB | 7.7/159 kBProgress (2): 90/95 kB | 7.7/159 kBProgress (2): 90/95 kB | 10/159 kB Progress (2): 94/95 kB | 10/159 kBProgress (2): 95 kB | 10/159 kB   Progress (2): 95 kB | 13/159 kBProgress (2): 95 kB | 16/159 kBProgress (2): 95 kB | 19/159 kBProgress (2): 95 kB | 21/159 kBProgress (3): 95 kB | 21/159 kB | 2.2/249 kBProgress (3): 95 kB | 24/159 kB | 2.2/249 kBProgress (3): 95 kB | 24/159 kB | 5.0/249 kBProgress (3): 95 kB | 27/159 kB | 5.0/249 kBProgress (3): 95 kB | 27/159 kB | 7.7/249 kBProgress (3): 95 kB | 30/159 kB | 7.7/249 kBProgress (3): 95 kB | 30/159 kB | 10/249 kB Progress (3): 95 kB | 32/159 kB | 10/249 kBProgress (3): 95 kB | 32/159 kB | 13/249 kBProgress (3): 95 kB | 32/159 kB | 16/249 kBProgress (3): 95 kB | 36/159 kB | 16/249 kBProgress (3): 95 kB | 36/159 kB | 19/249 kBProgress (3): 95 kB | 40/159 kB | 19/249 kBProgress (3): 95 kB | 40/159 kB | 21/249 kBProgress (3): 95 kB | 45/159 kB | 21/249 kBProgress (3): 95 kB | 45/159 kB | 24/249 kBProgress (3): 95 kB | 49/159 kB | 24/249 kBProgress (3): 95 kB | 49/159 kB | 27/249 kBProgress (3): 95 kB | 49/159 kB | 30/249 kBProgress (3): 95 kB | 53/159 kB | 30/249 kBProgress (3): 95 kB | 53/159 kB | 32/249 kBProgress (3): 95 kB | 57/159 kB | 32/249 kBProgress (3): 95 kB | 61/159 kB | 32/249 kBProgress (3): 95 kB | 65/159 kB | 32/249 kBProgress (3): 95 kB | 65/159 kB | 36/249 kBProgress (3): 95 kB | 65/159 kB | 40/249 kBProgress (3): 95 kB | 65/159 kB | 45/249 kBProgress (3): 95 kB | 69/159 kB | 45/249 kBProgress (3): 95 kB | 69/159 kB | 49/249 kBProgress (3): 95 kB | 73/159 kB | 49/249 kBProgress (3): 95 kB | 77/159 kB | 49/249 kBProgress (3): 95 kB | 81/159 kB | 49/249 kBProgress (3): 95 kB | 81/159 kB | 53/249 kBProgress (3): 95 kB | 81/159 kB | 57/249 kBProgress (3): 95 kB | 81/159 kB | 61/249 kBProgress (3): 95 kB | 85/159 kB | 61/249 kBProgress (3): 95 kB | 85/159 kB | 65/249 kBProgress (3): 95 kB | 90/159 kB | 65/249 kBProgress (3): 95 kB | 94/159 kB | 65/249 kBProgress (3): 95 kB | 98/159 kB | 65/249 kBProgress (3): 95 kB | 98/159 kB | 69/249 kBProgress (3): 95 kB | 98/159 kB | 73/249 kBProgress (3): 95 kB | 98/159 kB | 77/249 kBProgress (3): 95 kB | 102/159 kB | 77/249 kBProgress (3): 95 kB | 102/159 kB | 81/249 kBProgress (3): 95 kB | 106/159 kB | 81/249 kBProgress (3): 95 kB | 110/159 kB | 81/249 kBProgress (3): 95 kB | 114/159 kB | 81/249 kBProgress (3): 95 kB | 114/159 kB | 85/249 kBProgress (3): 95 kB | 114/159 kB | 90/249 kBProgress (3): 95 kB | 114/159 kB | 94/249 kBProgress (3): 95 kB | 114/159 kB | 98/249 kBProgress (3): 95 kB | 114/159 kB | 102/249 kBProgress (3): 95 kB | 114/159 kB | 106/249 kBProgress (3): 95 kB | 114/159 kB | 110/249 kBProgress (3): 95 kB | 114/159 kB | 114/249 kBProgress (3): 95 kB | 114/159 kB | 118/249 kBProgress (3): 95 kB | 114/159 kB | 122/249 kBProgress (3): 95 kB | 114/159 kB | 126/249 kBProgress (3): 95 kB | 114/159 kB | 131/249 kBProgress (3): 95 kB | 114/159 kB | 135/249 kBProgress (3): 95 kB | 114/159 kB | 139/249 kBProgress (3): 95 kB | 114/159 kB | 143/249 kBProgress (3): 95 kB | 114/159 kB | 147/249 kBProgress (3): 95 kB | 114/159 kB | 151/249 kBProgress (3): 95 kB | 114/159 kB | 155/249 kBProgress (3): 95 kB | 114/159 kB | 159/249 kBProgress (3): 95 kB | 114/159 kB | 163/249 kBProgress (3): 95 kB | 114/159 kB | 167/249 kBProgress (3): 95 kB | 114/159 kB | 171/249 kBProgress (3): 95 kB | 114/159 kB | 176/249 kBProgress (3): 95 kB | 114/159 kB | 180/249 kBProgress (3): 95 kB | 114/159 kB | 184/249 kBProgress (3): 95 kB | 114/159 kB | 188/249 kBProgress (3): 95 kB | 114/159 kB | 192/249 kBProgress (3): 95 kB | 114/159 kB | 196/249 kBProgress (3): 95 kB | 114/159 kB | 200/249 kBProgress (3): 95 kB | 114/159 kB | 204/249 kBProgress (3): 95 kB | 114/159 kB | 208/249 kBProgress (3): 95 kB | 114/159 kB | 212/249 kBProgress (3): 95 kB | 114/159 kB | 217/249 kBProgress (3): 95 kB | 114/159 kB | 221/249 kBProgress (3): 95 kB | 114/159 kB | 225/249 kBProgress (3): 95 kB | 114/159 kB | 229/249 kBProgress (3): 95 kB | 114/159 kB | 233/249 kBProgress (3): 95 kB | 114/159 kB | 237/249 kBProgress (3): 95 kB | 114/159 kB | 241/249 kBProgress (3): 95 kB | 114/159 kB | 245/249 kBProgress (3): 95 kB | 114/159 kB | 249 kB                                             Downloaded from central: https://repo.maven.apache.org/maven2/org/ow2/asm/asm/6.0/asm-6.0.jar (95 kB at 275 kB/s)
Downloading from central: https://repo.maven.apache.org/maven2/org/ow2/asm/asm-analysis/6.0/asm-analysis-6.0.jar
Progress (2): 118/159 kB | 249 kBProgress (2): 122/159 kB | 249 kBProgress (2): 126/159 kB | 249 kBProgress (2): 131/159 kB | 249 kBProgress (2): 135/159 kB | 249 kBProgress (2): 139/159 kB | 249 kBProgress (2): 143/159 kB | 249 kBProgress (2): 147/159 kB | 249 kBProgress (2): 151/159 kB | 249 kBProgress (2): 155/159 kB | 249 kBProgress (2): 159 kB | 249 kB                                 Downloaded from central: https://repo.maven.apache.org/maven2/org/jacoco/org.jacoco.agent/0.8.1/org.jacoco.agent-0.8.1-runtime.jar (249 kB at 643 kB/s)
Downloading from central: https://repo.maven.apache.org/maven2/org/ow2/asm/asm-util/6.0/asm-util-6.0.jar
Progress (2): 159 kB | 4.1/31 kBProgress (2): 159 kB | 7.7/31 kBProgress (2): 159 kB | 12/31 kB Progress (2): 159 kB | 16/31 kBProgress (2): 159 kB | 20/31 kBProgress (2): 159 kB | 24/31 kBProgress (2): 159 kB | 28/31 kBProgress (2): 159 kB | 31 kB                               Downloaded from central: https://repo.maven.apache.org/maven2/org/jacoco/org.jacoco.core/0.8.1/org.jacoco.core-0.8.1.jar (159 kB at 298 kB/s)
Downloading from central: https://repo.maven.apache.org/maven2/org/jacoco/org.jacoco.report/0.8.1/org.jacoco.report-0.8.1.jar
Progress (2): 31 kB | 4.1/71 kBProgress (2): 31 kB | 7.7/71 kBProgress (2): 31 kB | 12/71 kB Progress (2): 31 kB | 16/71 kBProgress (2): 31 kB | 20/71 kBProgress (2): 31 kB | 24/71 kBProgress (2): 31 kB | 28/71 kBProgress (2): 31 kB | 32/71 kBProgress (2): 31 kB | 36/71 kBProgress (2): 31 kB | 40/71 kBProgress (2): 31 kB | 45/71 kBProgress (2): 31 kB | 49/71 kBProgress (2): 31 kB | 53/71 kBProgress (2): 31 kB | 57/71 kBProgress (2): 31 kB | 61/71 kBProgress (2): 31 kB | 65/71 kBProgress (2): 31 kB | 69/71 kBProgress (2): 31 kB | 71 kB   Progress (3): 31 kB | 71 kB | 2.2/77 kBProgress (3): 31 kB | 71 kB | 5.0/77 kBProgress (3): 31 kB | 71 kB | 7.7/77 kBProgress (3): 31 kB | 71 kB | 10/77 kB Progress (3): 31 kB | 71 kB | 13/77 kB                                      Downloaded from central: https://repo.maven.apache.org/maven2/org/ow2/asm/asm-analysis/6.0/asm-analysis-6.0.jar (31 kB at 45 kB/s)
Progress (3): 71 kB | 13/77 kB | 4.1/128 kBProgress (3): 71 kB | 13/77 kB | 7.7/128 kBProgress (3): 71 kB | 13/77 kB | 12/128 kB Progress (3): 71 kB | 13/77 kB | 16/128 kBProgress (3): 71 kB | 13/77 kB | 20/128 kBProgress (3): 71 kB | 13/77 kB | 24/128 kBProgress (3): 71 kB | 13/77 kB | 28/128 kBProgress (3): 71 kB | 13/77 kB | 32/128 kBProgress (3): 71 kB | 13/77 kB | 36/128 kBProgress (3): 71 kB | 13/77 kB | 40/128 kBProgress (3): 71 kB | 13/77 kB | 45/128 kBProgress (3): 71 kB | 13/77 kB | 49/128 kBProgress (3): 71 kB | 13/77 kB | 53/128 kBProgress (3): 71 kB | 13/77 kB | 57/128 kBProgress (3): 71 kB | 13/77 kB | 61/128 kBProgress (3): 71 kB | 13/77 kB | 65/128 kBProgress (3): 71 kB | 13/77 kB | 69/128 kBProgress (3): 71 kB | 13/77 kB | 73/128 kBProgress (3): 71 kB | 13/77 kB | 77/128 kBProgress (3): 71 kB | 13/77 kB | 81/128 kBProgress (3): 71 kB | 13/77 kB | 85/128 kBProgress (3): 71 kB | 13/77 kB | 90/128 kBProgress (3): 71 kB | 13/77 kB | 94/128 kBProgress (3): 71 kB | 13/77 kB | 98/128 kBProgress (3): 71 kB | 13/77 kB | 102/128 kBProgress (3): 71 kB | 13/77 kB | 106/128 kBProgress (3): 71 kB | 13/77 kB | 110/128 kBProgress (3): 71 kB | 13/77 kB | 114/128 kBProgress (3): 71 kB | 13/77 kB | 118/128 kBProgress (3): 71 kB | 13/77 kB | 122/128 kBProgress (3): 71 kB | 13/77 kB | 126/128 kBProgress (3): 71 kB | 13/77 kB | 128 kB                                           Downloaded from central: https://repo.maven.apache.org/maven2/org/ow2/asm/asm-util/6.0/asm-util-6.0.jar (71 kB at 94 kB/s)
Progress (2): 16/77 kB | 128 kBProgress (2): 19/77 kB | 128 kBProgress (2): 21/77 kB | 128 kBProgress (2): 24/77 kB | 128 kBProgress (2): 27/77 kB | 128 kBProgress (2): 30/77 kB | 128 kBProgress (2): 32/77 kB | 128 kB                               Downloaded from central: https://repo.maven.apache.org/maven2/org/jacoco/org.jacoco.report/0.8.1/org.jacoco.report-0.8.1.jar (128 kB at 142 kB/s)
Progress (1): 36/77 kBProgress (1): 40/77 kBProgress (1): 45/77 kBProgress (1): 49/77 kBProgress (1): 53/77 kBProgress (1): 57/77 kBProgress (1): 61/77 kBProgress (1): 65/77 kBProgress (1): 69/77 kBProgress (1): 73/77 kBProgress (1): 77/77 kBProgress (1): 77 kB   Progress (2): 77 kB | 2.2/48 kBProgress (2): 77 kB | 5.0/48 kBProgress (2): 77 kB | 7.7/48 kBProgress (2): 77 kB | 10/48 kB Progress (2): 77 kB | 13/48 kB                              Downloaded from central: https://repo.maven.apache.org/maven2/org/ow2/asm/asm-commons/6.0/asm-commons-6.0.jar (77 kB at 65 kB/s)
Progress (1): 16/48 kBProgress (1): 19/48 kBProgress (1): 21/48 kBProgress (1): 24/48 kBProgress (1): 27/48 kBProgress (1): 30/48 kBProgress (1): 32/48 kBProgress (1): 36/48 kBProgress (1): 40/48 kBProgress (1): 45/48 kBProgress (1): 48 kB                      Downloaded from central: https://repo.maven.apache.org/maven2/org/ow2/asm/asm-tree/6.0/asm-tree-6.0.jar (48 kB at 31 kB/s)
[INFO] argLine set to -javaagent:/home/cgzhu/.m2/repository/org/jacoco/org.jacoco.agent/0.8.1/org.jacoco.agent-0.8.1-runtime.jar=destfile=/home/cgzhu/projects/gitslice/resources/facts/upgrade_jars_exp/_downloads/streamex/target/jacoco.exec
[INFO] 
[INFO] --- maven-resources-plugin:2.6:resources (default-resources) @ streamex ---
[INFO] Using 'UTF-8' encoding to copy filtered resources.
[INFO] skip non existing resourceDirectory /home/cgzhu/projects/gitslice/resources/facts/upgrade_jars_exp/_downloads/streamex/src/main/resources
[INFO] 
[INFO] --- maven-compiler-plugin:3.3:compile (default-compile) @ streamex ---
[INFO] Changes detected - recompiling the module!
[INFO] Compiling 42 source files to /home/cgzhu/projects/gitslice/resources/facts/upgrade_jars_exp/_downloads/streamex/target/classes
[WARNING] /home/cgzhu/projects/gitslice/resources/facts/upgrade_jars_exp/_downloads/streamex/src/main/java/one/util/streamex/StreamExInternals.java:[69,49] sun.misc.Unsafe is internal proprietary API and may be removed in a future release
[WARNING] /home/cgzhu/projects/gitslice/resources/facts/upgrade_jars_exp/_downloads/streamex/src/main/java/one/util/streamex/StreamExInternals.java:[71,29] sun.misc.Unsafe is internal proprietary API and may be removed in a future release
[WARNING] /home/cgzhu/projects/gitslice/resources/facts/upgrade_jars_exp/_downloads/streamex/src/main/java/one/util/streamex/StreamExInternals.java:[71,50] sun.misc.Unsafe is internal proprietary API and may be removed in a future release
[INFO] 
[INFO] --- maven-bundle-plugin:2.4.0:manifest (bundle-manifest) @ streamex ---
[INFO] 
[INFO] --- maven-resources-plugin:2.6:testResources (default-testResources) @ streamex ---
[INFO] Using 'UTF-8' encoding to copy filtered resources.
[INFO] skip non existing resourceDirectory /home/cgzhu/projects/gitslice/resources/facts/upgrade_jars_exp/_downloads/streamex/src/test/resources
[INFO] 
[INFO] --- maven-compiler-plugin:3.3:testCompile (default-testCompile) @ streamex ---
[INFO] Changes detected - recompiling the module!
[INFO] Compiling 38 source files to /home/cgzhu/projects/gitslice/resources/facts/upgrade_jars_exp/_downloads/streamex/target/test-classes
[INFO] 
[INFO] --- maven-surefire-plugin:2.12.4:test (default-test) @ streamex ---
[INFO] Surefire report directory: /home/cgzhu/projects/gitslice/resources/facts/upgrade_jars_exp/_downloads/streamex/target/surefire-reports

-------------------------------------------------------
 T E S T S
-------------------------------------------------------
Running one.util.streamex.StreamExTest
Tests run: 106, Failures: 0, Errors: 0, Skipped: 0, Time elapsed: 1.835 sec
Running one.util.streamex.EmitterTest
Tests run: 1, Failures: 0, Errors: 0, Skipped: 0, Time elapsed: 0.182 sec
Running one.util.streamex.ZipSpliteratorTest
Tests run: 3, Failures: 0, Errors: 0, Skipped: 0, Time elapsed: 0.597 sec
Running one.util.streamex.UnknownSizeSpliteratorTest
Tests run: 7, Failures: 0, Errors: 0, Skipped: 0, Time elapsed: 2.077 sec
Running one.util.streamex.api.StreamExApiTest
Tests run: 3, Failures: 0, Errors: 0, Skipped: 0, Time elapsed: 0.002 sec
Running one.util.streamex.CollapseSpliteratorTest
Tests run: 3, Failures: 0, Errors: 0, Skipped: 0, Time elapsed: 0.034 sec
Running one.util.streamex.PairSpliteratorTest
Tests run: 2, Failures: 0, Errors: 0, Skipped: 0, Time elapsed: 0.247 sec
Running one.util.streamex.MoreCollectorsTest
Tests run: 35, Failures: 0, Errors: 0, Skipped: 0, Time elapsed: 0.617 sec
Running one.util.streamex.UnorderedCancellableSpliteratorTest
Tests run: 1, Failures: 0, Errors: 0, Skipped: 0, Time elapsed: 0.019 sec
Running one.util.streamex.OrderedCancellableSpliteratorTest
Tests run: 1, Failures: 0, Errors: 0, Skipped: 0, Time elapsed: 0.027 sec
Running one.util.streamex.TailConcatSpliteratorTest
Tests run: 1, Failures: 0, Errors: 0, Skipped: 0, Time elapsed: 0.001 sec
Running one.util.streamex.CharSpliteratorTest
Tests run: 2, Failures: 0, Errors: 0, Skipped: 0, Time elapsed: 0.09 sec
Running one.util.streamex.CombinationSpliteratorTest
Tests run: 1, Failures: 0, Errors: 0, Skipped: 0, Time elapsed: 0.092 sec
Running one.util.streamex.LimiterTest
Tests run: 1, Failures: 0, Errors: 0, Skipped: 0, Time elapsed: 1.792 sec
Running one.util.streamex.BaseStreamExTest
Tests run: 6, Failures: 0, Errors: 0, Skipped: 0, Time elapsed: 0.007 sec
Running one.util.streamex.WithFirstSpliteratorTest
Tests run: 2, Failures: 0, Errors: 0, Skipped: 0, Time elapsed: 0.03 sec
Running one.util.streamex.PermutationSpliteratorTest
Tests run: 8, Failures: 0, Errors: 0, Skipped: 0, Time elapsed: 0.02 sec
Running one.util.streamex.RangeBasedSpliteratorTest
Tests run: 10, Failures: 0, Errors: 0, Skipped: 0, Time elapsed: 0.077 sec
Running one.util.streamex.CustomPoolTest
Tests run: 9, Failures: 0, Errors: 0, Skipped: 0, Time elapsed: 0.21 sec
Running one.util.streamex.IntStreamExTest
Tests run: 48, Failures: 0, Errors: 0, Skipped: 0, Time elapsed: 0.152 sec
Running one.util.streamex.TreeSpliteratorTest
Tests run: 2, Failures: 0, Errors: 0, Skipped: 0, Time elapsed: 0.081 sec
Running one.util.streamex.InternalsTest
Tests run: 3, Failures: 0, Errors: 0, Skipped: 0, Time elapsed: 0.003 sec
Running one.util.streamex.AverageLongTest
Tests run: 3, Failures: 0, Errors: 0, Skipped: 0, Time elapsed: 0.03 sec
Running one.util.streamex.LongStreamExTest
Tests run: 35, Failures: 0, Errors: 0, Skipped: 0, Time elapsed: 0.097 sec
Running one.util.streamex.PairPermutationSpliteratorTest
Tests run: 3, Failures: 0, Errors: 0, Skipped: 0, Time elapsed: 0.091 sec
Running one.util.streamex.ConstSpliteratorTest
Tests run: 3, Failures: 0, Errors: 0, Skipped: 0, Time elapsed: 0.06 sec
Running one.util.streamex.IfEmptySpliteratorTest
Tests run: 2, Failures: 0, Errors: 0, Skipped: 0, Time elapsed: 0.68 sec
Running one.util.streamex.JoiningTest
Tests run: 11, Failures: 0, Errors: 0, Skipped: 0, Time elapsed: 0.095 sec
Running one.util.streamex.CrossSpliteratorTest
Tests run: 3, Failures: 0, Errors: 0, Skipped: 0, Time elapsed: 0.413 sec
Running one.util.streamex.EntryStreamTest
Tests run: 47, Failures: 0, Errors: 0, Skipped: 0, Time elapsed: 0.098 sec
Running one.util.streamex.DistinctSpliteratorTest
Tests run: 2, Failures: 0, Errors: 0, Skipped: 0, Time elapsed: 0.025 sec
Running one.util.streamex.IntCollectorTest
Tests run: 18, Failures: 0, Errors: 0, Skipped: 0, Time elapsed: 0.046 sec
Running one.util.streamex.PrependSpliteratorTest
Tests run: 1, Failures: 0, Errors: 0, Skipped: 0, Time elapsed: 0.015 sec
Running one.util.streamex.DoubleCollectorTest
Tests run: 14, Failures: 0, Errors: 0, Skipped: 0, Time elapsed: 0.047 sec
Running one.util.streamex.DoubleStreamExTest
Tests run: 29, Failures: 0, Errors: 0, Skipped: 0, Time elapsed: 0.083 sec
Running one.util.streamex.LongCollectorTest
Tests run: 15, Failures: 0, Errors: 0, Skipped: 0, Time elapsed: 0.033 sec
Running one.util.streamex.StreamExHeadTailTest
Tests run: 5, Failures: 0, Errors: 0, Skipped: 0, Time elapsed: 1.051 sec

Results :

Tests run: 446, Failures: 0, Errors: 0, Skipped: 0

[INFO] ------------------------------------------------------------------------
[INFO] BUILD SUCCESS
[INFO] ------------------------------------------------------------------------
[INFO] Total time: 34.336 s
[INFO] Finished at: 2019-08-20T20:06:06+08:00
[INFO] ------------------------------------------------------------------------
