[VERSION]: 1.3.0-alpha4
[INFO] Scanning for projects...
[INFO] 
[INFO] --------------------------< org.wkh:bateman >---------------------------
[INFO] Building bateman 1.0-SNAPSHOT
[INFO] --------------------------------[ jar ]---------------------------------
[INFO] 
[INFO] --- maven-clean-plugin:2.5:clean (default-clean) @ bateman ---
[INFO] Deleting /home/cgzhu/projects/gitslice/resources/facts/upgrade_jars_exp/_downloads/bateman/target
[INFO] 
[INFO] --- maven-dependency-plugin:2.8:list (default-cli) @ bateman ---
[INFO] 
[INFO] The following files have been resolved:
[INFO]    junit:junit:jar:3.8.1:test
[INFO]    joda-time:joda-time:jar:2.2:compile
[INFO]    commons-logging:commons-logging:jar:1.1.1:compile
[INFO]    org.slf4j:slf4j-api:jar:1.6.4:compile
[INFO]    ch.qos.logback:logback-core:jar:1.3.0-alpha4:compile
[INFO]    ch.qos.logback:logback-classic:jar:1.0.6:compile
[INFO]    org.apache.commons:commons-math3:jar:3.0:compile
[INFO]    org.apache.httpcomponents:httpclient:jar:4.2.3:compile
[INFO]    org.apache.httpcomponents:httpcore:jar:4.2.2:compile
[INFO]    commons-codec:commons-codec:jar:1.6:compile
[INFO]    com.google.guava:guava:jar:14.0.1:compile
[INFO] 
[INFO] 
[INFO] --- maven-resources-plugin:2.6:resources (default-resources) @ bateman ---
[INFO] Using 'UTF-8' encoding to copy filtered resources.
[INFO] Copying 4 resources
[INFO] 
[INFO] --- maven-compiler-plugin:3.1:compile (default-compile) @ bateman ---
[INFO] Changes detected - recompiling the module!
[INFO] Compiling 23 source files to /home/cgzhu/projects/gitslice/resources/facts/upgrade_jars_exp/_downloads/bateman/target/classes
[INFO] 
[INFO] --- maven-resources-plugin:2.6:testResources (default-testResources) @ bateman ---
[INFO] Using 'UTF-8' encoding to copy filtered resources.
[INFO] skip non existing resourceDirectory /home/cgzhu/projects/gitslice/resources/facts/upgrade_jars_exp/_downloads/bateman/src/test/resources
[INFO] 
[INFO] --- maven-compiler-plugin:3.1:testCompile (default-testCompile) @ bateman ---
[INFO] Changes detected - recompiling the module!
[INFO] Compiling 12 source files to /home/cgzhu/projects/gitslice/resources/facts/upgrade_jars_exp/_downloads/bateman/target/test-classes
[INFO] 
[INFO] --- maven-surefire-plugin:2.12.4:test (default-test) @ bateman ---
[INFO] Surefire report directory: /home/cgzhu/projects/gitslice/resources/facts/upgrade_jars_exp/_downloads/bateman/target/surefire-reports

-------------------------------------------------------
 T E S T S
-------------------------------------------------------
Running org.wkh.bateman.model.BuyZoneModelTest
Tests run: 4, Failures: 0, Errors: 0, Skipped: 0, Time elapsed: 0.063 sec
Running org.wkh.bateman.pso.SimpleParticleSwarmOptimizerTest
Failed to instantiate [ch.qos.logback.classic.LoggerContext]
Reported exception:
java.lang.AbstractMethodError: ch.qos.logback.classic.pattern.EnsureExceptionHandling.process(Lch/qos/logback/core/Context;Lch/qos/logback/core/pattern/Converter;)V
	at ch.qos.logback.core.pattern.PatternLayoutBase.start(PatternLayoutBase.java:86)
	at ch.qos.logback.classic.encoder.PatternLayoutEncoder.start(PatternLayoutEncoder.java:28)
	at ch.qos.logback.classic.BasicConfigurator.configure(BasicConfigurator.java:50)
	at ch.qos.logback.classic.util.ContextInitializer.autoConfig(ContextInitializer.java:150)
	at org.slf4j.impl.StaticLoggerBinder.init(StaticLoggerBinder.java:84)
	at org.slf4j.impl.StaticLoggerBinder.<clinit>(StaticLoggerBinder.java:54)
	at org.slf4j.LoggerFactory.bind(LoggerFactory.java:128)
	at org.slf4j.LoggerFactory.performInitialization(LoggerFactory.java:108)
	at org.slf4j.LoggerFactory.getILoggerFactory(LoggerFactory.java:279)
	at org.slf4j.LoggerFactory.getLogger(LoggerFactory.java:252)
	at org.wkh.bateman.pso.SimpleParticleSwarmOptimizer.<clinit>(SimpleParticleSwarmOptimizer.java:11)
	at org.wkh.bateman.pso.SimpleParticleSwarmOptimizerTest.testLearn(SimpleParticleSwarmOptimizerTest.java:18)
	at sun.reflect.NativeMethodAccessorImpl.invoke0(Native Method)
	at sun.reflect.NativeMethodAccessorImpl.invoke(NativeMethodAccessorImpl.java:62)
	at sun.reflect.DelegatingMethodAccessorImpl.invoke(DelegatingMethodAccessorImpl.java:43)
	at java.lang.reflect.Method.invoke(Method.java:498)
	at junit.framework.TestCase.runTest(TestCase.java:154)
	at junit.framework.TestCase.runBare(TestCase.java:127)
	at junit.framework.TestResult$1.protect(TestResult.java:106)
	at junit.framework.TestResult.runProtected(TestResult.java:124)
	at junit.framework.TestResult.run(TestResult.java:109)
	at junit.framework.TestCase.run(TestCase.java:118)
	at junit.framework.TestSuite.runTest(TestSuite.java:208)
	at junit.framework.TestSuite.run(TestSuite.java:203)
	at sun.reflect.NativeMethodAccessorImpl.invoke0(Native Method)
	at sun.reflect.NativeMethodAccessorImpl.invoke(NativeMethodAccessorImpl.java:62)
	at sun.reflect.DelegatingMethodAccessorImpl.invoke(DelegatingMethodAccessorImpl.java:43)
	at java.lang.reflect.Method.invoke(Method.java:498)
	at org.apache.maven.surefire.junit.JUnitTestSet.execute(JUnitTestSet.java:95)
	at org.apache.maven.surefire.junit.JUnit3Provider.executeTestSet(JUnit3Provider.java:121)
	at org.apache.maven.surefire.junit.JUnit3Provider.invoke(JUnit3Provider.java:98)
	at sun.reflect.NativeMethodAccessorImpl.invoke0(Native Method)
	at sun.reflect.NativeMethodAccessorImpl.invoke(NativeMethodAccessorImpl.java:62)
	at sun.reflect.DelegatingMethodAccessorImpl.invoke(DelegatingMethodAccessorImpl.java:43)
	at java.lang.reflect.Method.invoke(Method.java:498)
	at org.apache.maven.surefire.util.ReflectionUtils.invokeMethodWithArray(ReflectionUtils.java:189)
	at org.apache.maven.surefire.booter.ProviderFactory$ProviderProxy.invoke(ProviderFactory.java:165)
	at org.apache.maven.surefire.booter.ProviderFactory.invokeProvider(ProviderFactory.java:85)
	at org.apache.maven.surefire.booter.ForkedBooter.runSuitesInProcess(ForkedBooter.java:115)
	at org.apache.maven.surefire.booter.ForkedBooter.main(ForkedBooter.java:75)
Tests run: 1, Failures: 0, Errors: 0, Skipped: 0, Time elapsed: 0.041 sec
Running org.wkh.bateman.trade.SessionTest
Tests run: 25, Failures: 0, Errors: 0, Skipped: 0, Time elapsed: 0.016 sec
Running org.wkh.bateman.trade.AssetTest
Tests run: 6, Failures: 0, Errors: 0, Skipped: 0, Time elapsed: 0.001 sec
Running org.wkh.bateman.trade.AccountTest
Tests run: 5, Failures: 0, Errors: 0, Skipped: 0, Time elapsed: 0.001 sec
Running org.wkh.bateman.trade.RuleTest
Tests run: 5, Failures: 0, Errors: 0, Skipped: 0, Time elapsed: 0.004 sec
Running org.wkh.bateman.trade.TradeTest
Tests run: 16, Failures: 0, Errors: 0, Skipped: 0, Time elapsed: 0.002 sec
Running org.wkh.bateman.trade.TimeSeriesTest
Tests run: 5, Failures: 0, Errors: 0, Skipped: 0, Time elapsed: 0 sec
Running org.wkh.bateman.trade.MoneyManagementStrategyTest
Tests run: 6, Failures: 0, Errors: 0, Skipped: 0, Time elapsed: 0.002 sec
Running org.wkh.bateman.fetch.GoogleQuoteFetcherTest
Tests run: 1, Failures: 0, Errors: 0, Skipped: 0, Time elapsed: 0.051 sec
Running org.wkh.bateman.fetch.YahooQuoteFetcherTest
Tests run: 1, Failures: 0, Errors: 0, Skipped: 0, Time elapsed: 0.007 sec
Running org.wkh.bateman.fetch.QuoteCollectionTest
Tests run: 1, Failures: 0, Errors: 0, Skipped: 0, Time elapsed: 0.001 sec

Results :

Tests run: 76, Failures: 0, Errors: 0, Skipped: 0

[INFO] ------------------------------------------------------------------------
[INFO] BUILD SUCCESS
[INFO] ------------------------------------------------------------------------
[INFO] Total time: 1.823 s
[INFO] Finished at: 2019-08-15T09:19:12+08:00
[INFO] ------------------------------------------------------------------------
