[VERSION]: 2.4.0
[INFO] Scanning for projects...
[INFO] Inspecting build with total of 1 modules...
[INFO] Installing Nexus Staging features:
[INFO]   ... total of 1 executions of maven-deploy-plugin replaced with nexus-staging-maven-plugin
[INFO] 
[INFO] ------------------------< net.nodebox:nodebox >-------------------------
[INFO] Building NodeBox 3.0.44
[INFO] --------------------------------[ jar ]---------------------------------
[INFO] 
[INFO] --- maven-clean-plugin:2.5:clean (default-clean) @ nodebox ---
[INFO] Deleting /home/cgzhu/projects/gitslice/resources/facts/upgrade_jars_exp/_downloads/nodebox/target
[INFO] 
[INFO] --- maven-dependency-plugin:2.8:list (default-cli) @ nodebox ---
[INFO] 
[INFO] The following files have been resolved:
[INFO]    org.ow2.asm:asm:jar:5.0.4:compile
[INFO]    ddf.minim:ddf.minim:jar:2.2.0:compile
[INFO]    net.minidev:json-smart:jar:2.3:compile
[INFO]    com.jayway.jsonpath:json-path:jar:2.4.0:compile
[INFO]    commons-logging:commons-logging:jar:1.1.1:compile
[INFO]    org.python:jython-standalone:jar:2.7.0:compile
[INFO]    org.hamcrest:hamcrest-core:jar:1.3:test
[INFO]    org.apache.httpcomponents:httpclient:jar:4.2.3:compile
[INFO]    org.apache.httpcomponents:httpcore:jar:4.2.2:compile
[INFO]    org.clojars.processing-core:org.processing.core:jar:1.5.1:compile
[INFO]    net.sf.opencsv:opencsv:jar:2.3:compile
[INFO]    org.clojars.automata:mp3spi:jar:1.9.4:compile
[INFO]    com.google.guava:guava:jar:18.0:compile
[INFO]    org.slf4j:slf4j-api:jar:1.7.25:compile
[INFO]    junit:junit:jar:4.11:test
[INFO]    com.itextpdf:itextpdf:jar:5.5.0:compile
[INFO]    org.clojars.automata:tritonus-share:jar:1.0.0:compile
[INFO]    org.clojars.automata:jl:jar:1.0.0:compile
[INFO]    net.minidev:accessors-smart:jar:1.2:compile
[INFO]    org.clojars.automata:tritonus-aos:jar:1.0.0:compile
[INFO]    net.java.dev.jna:jna:jar:4.1.0:compile
[INFO]    commons-codec:commons-codec:jar:1.6:compile
[INFO]    de.sojamo:oscp5:jar:0.9.8:compile
[INFO]    org.clojure:clojure:jar:1.8.0:compile
[INFO] 
[INFO] 
[INFO] --- maven-resources-plugin:2.6:resources (default-resources) @ nodebox ---
[INFO] Using 'UTF-8' encoding to copy filtered resources.
[INFO] Copying 40 resources
[INFO] 
[INFO] --- maven-compiler-plugin:3.5.1:compile (default-compile) @ nodebox ---
[INFO] Changes detected - recompiling the module!
[INFO] Compiling 231 source files to /home/cgzhu/projects/gitslice/resources/facts/upgrade_jars_exp/_downloads/nodebox/target/classes
[INFO] 
[INFO] --- maven-resources-plugin:2.6:testResources (default-testResources) @ nodebox ---
[INFO] Using 'UTF-8' encoding to copy filtered resources.
[INFO] skip non existing resourceDirectory /home/cgzhu/projects/gitslice/resources/facts/upgrade_jars_exp/_downloads/nodebox/src/test/resources
[INFO] 
[INFO] --- maven-compiler-plugin:3.5.1:testCompile (default-testCompile) @ nodebox ---
[INFO] Changes detected - recompiling the module!
[INFO] Compiling 54 source files to /home/cgzhu/projects/gitslice/resources/facts/upgrade_jars_exp/_downloads/nodebox/target/test-classes
[INFO] 
[INFO] --- maven-surefire-plugin:2.12.4:test (default-test) @ nodebox ---
[INFO] Surefire report directory: /home/cgzhu/projects/gitslice/resources/facts/upgrade_jars_exp/_downloads/nodebox/target/surefire-reports

-------------------------------------------------------
 T E S T S
-------------------------------------------------------
Running nodebox.node.TypeConversionsTest
Tests run: 1, Failures: 0, Errors: 0, Skipped: 0, Time elapsed: 0.048 sec
Running nodebox.node.NodeTest
Tests run: 15, Failures: 0, Errors: 0, Skipped: 0, Time elapsed: 0.001 sec
Running nodebox.node.ConnectionTest
Tests run: 3, Failures: 0, Errors: 0, Skipped: 0, Time elapsed: 0.032 sec
Running nodebox.node.VersionTest
Tests run: 2, Failures: 0, Errors: 0, Skipped: 0, Time elapsed: 0.004 sec
Running nodebox.node.PortTest
Tests run: 12, Failures: 0, Errors: 0, Skipped: 0, Time elapsed: 0.003 sec
Running nodebox.node.NodeLibraryControllerTest
Tests run: 31, Failures: 0, Errors: 0, Skipped: 0, Time elapsed: 0.017 sec
Running nodebox.node.PublishedPortTest
Tests run: 7, Failures: 0, Errors: 0, Skipped: 0, Time elapsed: 0.001 sec
Running nodebox.node.NodeLibraryTest
Tests run: 48, Failures: 0, Errors: 0, Skipped: 0, Time elapsed: 1.773 sec
Running nodebox.node.polygraph.PolygonTest
Tests run: 2, Failures: 0, Errors: 0, Skipped: 0, Time elapsed: 0 sec
Running nodebox.node.NodeContextTest
Tests run: 33, Failures: 0, Errors: 0, Skipped: 0, Time elapsed: 0.017 sec
Running nodebox.graphics.CSVRenderTest
Tests run: 5, Failures: 0, Errors: 0, Skipped: 0, Time elapsed: 0.003 sec
Running nodebox.graphics.CanvasTest
Tests run: 1, Failures: 0, Errors: 0, Skipped: 0, Time elapsed: 0 sec
Running nodebox.graphics.GraphicsTestCase
Tests run: 1, Failures: 0, Errors: 0, Skipped: 0, Time elapsed: 0 sec
Running nodebox.graphics.GraphicsContextTest
Tests run: 3, Failures: 0, Errors: 0, Skipped: 0, Time elapsed: 0.127 sec
Running nodebox.graphics.GrobTest
Tests run: 1, Failures: 0, Errors: 0, Skipped: 0, Time elapsed: 0 sec
Running nodebox.graphics.PathTest
Tests run: 6, Failures: 0, Errors: 0, Skipped: 0, Time elapsed: 0.002 sec
Running nodebox.graphics.SVGRendererTest
Tests run: 3, Failures: 0, Errors: 0, Skipped: 0, Time elapsed: 0.007 sec
Running nodebox.graphics.GeometryTest
Tests run: 11, Failures: 0, Errors: 0, Skipped: 0, Time elapsed: 0.002 sec
Running nodebox.graphics.TransformTest
Tests run: 2, Failures: 0, Errors: 0, Skipped: 0, Time elapsed: 0 sec
Running nodebox.graphics.PointTest
Tests run: 1, Failures: 0, Errors: 0, Skipped: 0, Time elapsed: 0 sec
Running nodebox.graphics.ContourTest
Tests run: 11, Failures: 0, Errors: 0, Skipped: 0, Time elapsed: 0.002 sec
Running nodebox.graphics.RectTest
Tests run: 4, Failures: 0, Errors: 0, Skipped: 0, Time elapsed: 0 sec
Running nodebox.graphics.ColorTest
Tests run: 2, Failures: 0, Errors: 0, Skipped: 0, Time elapsed: 0 sec
Running nodebox.localhistory.RepositoryTest
Tests run: 3, Failures: 0, Errors: 0, Skipped: 0, Time elapsed: 0.017 sec
Running nodebox.ui.ExportFormatTest
Tests run: 1, Failures: 0, Errors: 0, Skipped: 0, Time elapsed: 0 sec
Running nodebox.function.FunctionsTest
Tests run: 1, Failures: 0, Errors: 0, Skipped: 0, Time elapsed: 0.001 sec
Running nodebox.function.FunctionLibraryTest
Tests run: 4, Failures: 0, Errors: 0, Skipped: 0, Time elapsed: 0.577 sec
Running nodebox.function.FunctionRepositoryTest
Tests run: 1, Failures: 0, Errors: 0, Skipped: 0, Time elapsed: 0.002 sec
Running nodebox.function.NetworkFunctionsTest
Tests run: 1, Failures: 0, Errors: 0, Skipped: 0, Time elapsed: 0.001 sec
Running nodebox.function.PythonLibraryTest
Tests run: 6, Failures: 0, Errors: 0, Skipped: 0, Time elapsed: 0.01 sec
Running nodebox.function.StringFunctionsTest
Tests run: 5, Failures: 0, Errors: 0, Skipped: 0, Time elapsed: 0.001 sec
Running nodebox.function.DataFunctionsTest
Tests run: 19, Failures: 0, Errors: 0, Skipped: 0, Time elapsed: 0.011 sec
Running nodebox.function.MathFunctionsTest
Tests run: 14, Failures: 0, Errors: 0, Skipped: 0, Time elapsed: 0.004 sec
Running nodebox.function.ListFunctionsTest
Tests run: 21, Failures: 0, Errors: 0, Skipped: 0, Time elapsed: 0.011 sec
Running nodebox.function.ClojureLibraryTest
Tests run: 3, Failures: 0, Errors: 0, Skipped: 0, Time elapsed: 0.037 sec
Running nodebox.function.DeviceFunctionsTest
Tests run: 8, Failures: 0, Errors: 0, Skipped: 0, Time elapsed: 0.005 sec
Running nodebox.versioncheck.UpdaterTest
Tests run: 4, Failures: 0, Errors: 0, Skipped: 0, Time elapsed: 0.037 sec
Running nodebox.versioncheck.VersionTest
Tests run: 1, Failures: 0, Errors: 0, Skipped: 0, Time elapsed: 0 sec
Running nodebox.util.FileUtilTest
Tests run: 4, Failures: 0, Errors: 0, Skipped: 0, Time elapsed: 0.002 sec
Running nodebox.util.WavesTest
Tests run: 2, Failures: 0, Errors: 0, Skipped: 0, Time elapsed: 0.001 sec
Running nodebox.util.ListUtilsTest
Tests run: 1, Failures: 0, Errors: 0, Skipped: 0, Time elapsed: 0 sec

Results :

Tests run: 304, Failures: 0, Errors: 0, Skipped: 0

[INFO] ------------------------------------------------------------------------
[INFO] BUILD SUCCESS
[INFO] ------------------------------------------------------------------------
[INFO] Total time: 6.360 s
[INFO] Finished at: 2019-08-16T03:08:52+08:00
[INFO] ------------------------------------------------------------------------
